n 20 k 2
11
14
7
13
9
7
6
12
12
9
10
13
6
9
9
13
11
8
10
8
9
11
11
7
3
11
5
11
9
7
10
9
7
9
9
7
11
11
11
7
7
14
12
11
10
10
9
11
11
11
13
11
10
10
11
14
12
7
9
9
9
17
8
12
11
10
9
13
12
7
9
11
8
13
13
9
14
5
9
12
10
13
10
10
10
14
9
9
11
8
8
9
9
9
12
11
6
12
9
8
n 30 k 2
17
12
8
10
16
23
11
13
16
15
13
13
16
11
20
15
15
14
12
19
15
15
16
16
10
17
15
19
13
16
11
13
16
16
18
15
14
13
13
15
10
20
16
15
13
13
16
14
16
15
16
12
14
10
13
11
15
13
15
14
16
15
18
16
10
10
15
14
16
14
17
15
17
14
18
12
18
15
25
18
19
17
19
18
13
12
15
11
19
12
17
15
15
16
14
15
16
12
20
10
n 40 k 2
26
25
17
18
16
22
18
25
18
17
20
16
16
18
18
16
21
20
19
26
15
15
18
14
19
19
18
17
15
26
19
20
18
21
23
17
22
16
19
19
18
18
22
21
22
20
18
26
20
16
19
28
16
19
19
22
22
16
23
19
20
24
19
22
22
22
21
21
23
15
20
17
20
24
13
22
20
18
15
16
19
19
18
18
22
21
18
22
15
14
18
18
17
18
19
19
18
19
20
20
n 50 k 2
23
25
22
22
24
26
27
23
25
26
22
24
22
17
24
24
21
26
22
28
25
25
26
22
23
30
33
20
26
29
27
26
23
20
21
20
20
23
20
24
27
26
26
21
24
21
20
27
21
24
27
18
23
22
28
22
22
22
18
27
28
26
27
26
30
26
20
23
25
24
27
24
18
31
27
26
22
19
24
26
26
24
24
24
30
29
25
25
27
25
29
22
29
18
28
30
25
26
24
25
n 60 k 2
29
27
33
25
27
29
33
35
27
29
28
31
29
27
30
27
28
37
27
33
23
31
34
26
26
26
29
28
31
27
28
27
29
30
33
27
32
30
29
20
34
31
33
22
31
32
30
33
32
29
31
31
30
31
26
32
22
30
29
27
32
33
31
27
29
24
31
30
34
28
32
25
20
36
28
28
28
26
31
28
31
26
35
26
29
28
29
30
22
29
28
35
25
31
28
26
28
30
30
32
n 70 k 2
28
37
30
29
30
33
35
34
35
25
33
32
34
34
34
38
35
34
33
35
28
34
36
34
31
37
25
32
30
35
35
34
36
38
32
38
34
38
36
31
33
35
39
33
32
33
34
31
33
39
34
36
35
35
35
34
38
40
36
31
31
30
36
35
36
38
37
33
35
33
42
30
29
35
25
39
29
39
33
35
32
41
31
31
31
34
34
37
38
36
36
25
27
35
37
30
38
37
40
35
n 80 k 2
37
34
43
35
39
33
44
46
33
40
41
32
40
38
48
38
41
44
40
38
37
38
38
37
41
41
35
35
39
47
35
36
42
39
47
45
49
37
36
38
38
41
41
38
35
39
39
39
47
36
45
44
36
36
44
36
38
43
39
34
41
36
37
33
39
31
41
37
36
37
36
36
38
35
34
42
41
29
36
46
37
39
39
37
38
40
33
39
41
40
43
41
36
39
42
41
42
37
47
37
n 90 k 2
51
41
53
39
51
45
39
49
39
42
47
47
42
40
50
45
37
41
46
43
47
43
43
42
45
49
46
43
43
46
43
45
44
43
52
41
52
47
45
48
45
51
38
48
49
39
47
34
40
44
42
43
42
43
52
48
39
44
46
38
48
47
42
44
47
44
46
42
45
38
46
43
44
44
51
42
42
42
43
46
39
49
52
48
41
43
46
41
51
39
50
45
45
48
43
45
35
44
42
45
n 100 k 2
50
42
48
52
53
42
43
51
51
49
47
48
52
49
52
48
48
46
45
42
54
51
53
53
55
49
49
44
44
49
46
47
51
56
47
52
53
47
43
52
48
56
48
48
51
56
51
58
50
52
43
58
56
47
48
51
41
51
53
48
41
45
50
45
45
42
50
43
49
48
50
46
49
48
52
51
43
47
59
59
60
48
46
44
45
49
46
37
48
53
45
50
46
43
48
47
53
49
46
42
n 20 k 3
11
8
22
13
39
10
25
19
26
6
10
13
23
19
13
12
12
20
12
14
50
20
10
15
16
12
17
15
13
15
46
10
13
9
7
14
30
8
10
17
15
11
14
28
7
7
20
14
15
24
13
58
13
14
34
7
12
12
15
22
13
12
19
12
21
18
10
53
10
13
24
12
20
20
10
11
12
19
12
6
26
16
25
39
12
8
8
17
15
13
20
29
10
13
15
13
21
12
8
15
n 30 k 3
17
21
30
12
18
24
67
25
23
26
34
45
17
14
12
50
25
23
60
21
31
27
24
44
27
19
16
29
13
82
25
20
17
33
14
24
31
14
13
40
11
24
29
24
14
18
15
20
28
16
15
19
25
19
24
34
23
14
35
15
32
24
16
40
37
15
24
16
17
25
73
33
20
23
52
55
31
16
23
14
14
15
14
32
15
31
23
37
58
22
23
33
50
17
16
37
20
28
36
22
n 40 k 3
26
26
85
15
83
16
82
50
23
27
28
27
38
38
22
25
111
27
23
25
33
38
25
35
22
33
52
27
35
32
22
19
41
21
24
27
39
143
25
26
74
21
15
21
29
31
37
28
39
26
42
39
71
38
24
27
24
27
59
18
28
30
22
30
32
32
28
40
35
41
78
139
28
22
18
25
48
17
21
74
43
22
35
33
76
51
39
37
23
34
109
27
34
26
31
28
28
27
48
19
n 50 k 3
52
58
42
47
41
38
57
43
33
96
33
31
28
46
35
48
26
25
79
32
41
71
23
70
230
89
30
41
61
36
45
134
56
40
43
63
138
47
50
50
36
56
22
31
55
104
45
27
46
26
121
43
37
34
48
26
32
24
80
54
45
25
134
35
34
30
60
32
15
34
40
60
25
29
58
43
62
122
29
32
102
34
32
45
32
35
42
39
35
42
34
29
34
35
34
47
65
40
28
42
n 60 k 3
35
38
47
30
77
42
30
64
42
69
83
65
73
37
91
71
60
72
70
51
49
33
41
66
89
81
56
56
48
57
55
169
37
43
53
29
32
39
73
48
145
114
48
33
56
55
48
28
160
44
50
31
52
72
72
46
240
28
147
82
73
79
41
42
33
36
61
65
33
35
97
68
152
41
40
35
36
49
80
61
187
149
51
34
37
96
63
52
39
92
43
45
40
34
45
66
43
37
206
82
n 70 k 3
50
44
86
151
54
49
50
46
46
75
52
314
102
50
150
76
60
44
64
43
81
45
91
61
72
54
49
65
46
125
48
49
81
47
45
70
60
88
96
65
53
61
67
53
55
94
73
92
45
90
51
47
65
84
50
44
63
77
81
80
58
162
204
49
58
76
60
47
41
43
87
53
116
71
46
32
60
87
66
44
49
52
103
51
56
75
71
46
95
43
55
134
110
73
71
39
53
62
46
46
n 80 k 3
66
74
67
47
57
74
62
66
56
88
69
76
265
97
85
101
77
55
74
96
55
67
74
91
44
69
41
101
53
147
51
51
59
65
69
84
50
89
70
101
87
65
63
74
53
118
64
111
152
74
83
45
45
54
68
55
94
178
64
84
211
51
204
50
59
62
64
60
153
93
58
77
61
166
83
66
109
61
90
62
73
39
72
58
159
127
75
86
65
77
49
101
205
209
75
74
167
52
75
46
n 90 k 3
123
94
73
72
52
73
89
52
82
63
101
89
53
66
44
64
179
59
192
98
48
75
95
103
158
68
107
67
246
142
117
95
97
521
125
55
127
138
57
52
91
56
74
52
80
138
185
108
212
66
77
44
74
104
96
136
179
52
333
235
52
82
56
105
167
70
58
54
79
80
60
72
56
70
95
95
98
77
85
153
150
77
60
68
110
75
59
133
52
54
43
93
79
87
74
63
118
191
50
75
n 100 k 3
131
85
123
82
106
238
118
70
96
53
76
96
112
88
94
56
130
62
150
137
129
126
60
93
74
79
73
97
195
141
99
351
52
102
95
136
213
60
63
121
132
72
107
83
80
67
72
74
87
69
220
143
66
87
120
102
82
68
80
109
82
166
56
78
78
156
62
75
252
227
101
58
90
111
76
86
82
53
119
245
82
79
113
144
169
99
71
154
158
149
79
106
237
89
83
98
51
96
135
93
n 20 k 4
32
19
189
27
30
19
26
13
373
129
18
87
8
18
110
31
36
77
28
96
13
10
50
9
18
38
19
11
68
178
10
10
33
18
13
123
22
37
11
15
9
140
8
130
13
21
15
57
38
61
16
281
19
6
110
198
15
8
54
17
72
311
285
9
23
19
9
14
7
108
29
24
15
12
43
12
10
23
234
19
7
148
17
85
52
28
13
15
11
10
18
6
70
19
28
3
132
11
34
19
n 30 k 4
29
27
291
54
13
45
24
23
129
486
47
23
22
34
26
201
360
22
148
24
330
25
36
15
194
114
52
74
510
22
168
57
20
14
44
47
19
13
56
281
32
472
27
30
31
193
16
137
26
107
21
16
259
264
20
29
26
44
67
32
27
139
48
57
32
42
20
35
66
53
94
147
490
131
472
85
18
62
48
208
59
380
14
13
455
26
31
37
25
10
38
19
29
32
22
111
17
68
50
31
n 40 k 4
210
25
40
54
402
35
52
63
26
497
47
475
446
59
544
59
253
48
481
19
494
32
101
124
419
25
84
83
20
33
32
81
490
21
135
48
17
52
100
276
256
47
80
87
45
23
35
50
42
24
83
63
40
40
29
15
431
57
26
69
181
39
34
76
23
73
72
208
26
40
28
59
23
261
51
477
34
43
93
24
140
41
20
32
233
72
36
242
39
31
41
34
39
122
59
55
444
55
30
25
n 50 k 4
107
411
83
564
103
429
173
81
62
137
42
367
67
103
434
42
71
580
110
127
59
39
478
98
145
56
75
39
559
30
52
48
515
127
51
87
50
35
74
120
52
482
402
112
214
30
55
500
71
45
328
173
41
35
398
94
42
82
42
89
51
79
172
40
78
81
78
57
462
45
68
28
361
93
92
60
351
487
58
79
383
236
29
69
56
67
147
186
180
36
22
80
423
74
38
44
47
35
27
239
n 60 k 4
249
134
168
114
94
34
505
373
247
81
63
506
489
266
104
393
64
63
259
492
329
49
47
73
81
270
41
43
522
43
195
132
85
167
532
98
545
64
73
115
513
100
82
452
59
80
43
550
529
159
155
258
246
173
106
149
525
43
111
41
544
509
548
295
65
64
115
133
513
31
51
467
256
482
35
56
49
548
45
59
98
160
40
490
46
77
44
527
217
64
68
76
393
49
91
540
550
514
481
519
n 70 k 4
316
63
121
143
412
637
131
63
201
173
194
52
518
37
62
601
158
49
680
435
180
41
530
71
85
51
123
165
192
70
76
299
171
106
81
439
43
79
423
121
85
706
67
185
545
522
119
169
182
426
409
394
169
157
255
113
333
381
107
65
546
82
248
70
62
68
51
194
44
557
45
51
592
166
487
570
175
96
63
68
274
53
71
290
58
558
553
75
670
80
58
81
524
97
32
52
39
517
66
188
n 80 k 4
537
109
106
65
371
113
158
157
121
560
139
583
106
333
536
141
114
737
92
105
582
538
493
114
83
527
437
227
586
89
169
362
65
581
538
300
317
80
442
557
688
657
52
100
90
194
90
518
57
151
540
519
71
254
556
277
82
529
263
414
186
532
57
131
356
523
110
538
119
524
507
74
209
408
151
64
518
58
554
71
179
68
193
81
494
73
170
90
118
94
98
84
112
109
586
158
767
444
72
89
n 90 k 4
333
77
222
585
228
529
608
76
180
550
144
58
643
704
637
537
227
92
547
159
168
57
133
84
136
107
706
557
710
49
736
679
659
584
75
85
642
107
240
87
108
617
148
775
651
119
82
131
305
115
122
245
91
245
558
93
95
93
482
471
130
103
169
86
132
921
517
57
119
94
115
84
194
602
559
137
104
547
78
537
54
317
647
556
532
736
567
448
59
528
254
524
453
541
142
139
313
798
563
212
n 100 k 4
178
520
543
711
75
446
309
551
546
172
118
98
850
193
78
273
387
79
519
650
604
542
76
226
63
253
128
145
639
500
129
423
77
87
122
471
111
78
338
173
76
234
598
163
128
383
842
97
119
388
463
157
220
166
987
118
80
700
86
97
711
86
305
272
511
121
643
598
519
73
562
112
588
191
395
535
626
84
751
525
76
73
207
585
100
90
540
83
95
163
116
1178
206
470
224
555
656
121
571
113
n 20 k 5
465
5
65
21
469
51
16
8
13
11
924
302
159
14
16
13
31
71
14
18
21
411
73
16
467
24
67
14
491
35
224
10
13
11
21
18
283
222
293
12
41
491
40
453
11
10
10
23
13
173
9
14
21
35
314
91
44
14
9
92
18
226
14
27
10
9
32
266
13
8
11
77
353
267
15
218
10
157
376
23
237
9
468
11
247
38
476
11
196
152
184
18
468
7
382
9
248
164
11
465
n 30 k 5
185
323
28
24
468
492
184
470
469
403
45
16
483
17
518
33
19
20
495
15
21
38
350
407
470
71
521
335
22
465
21
500
59
97
132
48
129
46
23
25
17
18
25
49
486
270
63
61
19
183
508
505
27
431
477
327
501
62
60
21
483
89
63
20
487
19
25
298
480
36
21
17
132
506
473
97
336
39
517
176
29
15
469
486
538
15
527
498
282
379
159
479
500
485
318
483
17
20
328
515
n 40 k 5
73
580
24
476
104
27
59
51
308
70
22
478
177
499
550
469
34
273
36
44
201
28
347
56
30
39
66
127
204
472
520
490
54
520
672
29
110
78
619
488
50
500
153
471
24
28
14
486
526
39
168
23
32
322
23
260
17
22
548
479
111
522
110
481
226
31
53
531
19
122
508
526
479
505
21
80
531
532
96
930
70
34
30
48
265
532
551
507
91
552
45
469
642
42
512
724
490
47
25
75
n 50 k 5
487
616
519
108
80
60
333
489
388
89
503
506
741
798
75
185
681
33
518
435
484
34
502
494
514
179
83
537
540
397
31
70
882
506
48
69
43
286
535
495
28
45
105
498
107
501
111
482
46
184
960
112
186
60
375
504
33
210
32
32
55
64
84
131
604
513
706
481
735
162
537
766
525
527
37
112
21
37
59
75
250
32
35
28
957
26
475
214
702
487
48
551
484
503
274
59
545
719
494
158
n 60 k 5
596
559
613
568
42
546
74
43
445
131
146
223
552
528
341
518
613
149
495
653
76
83
249
585
74
569
53
698
786
742
67
47
654
515
99
251
548
587
883
511
636
665
234
176
287
54
118
126
1026
973
492
44
498
93
64
584
239
79
806
30
395
705
513
501
527
996
535
868
197
108
490
503
183
500
33
102
1398
554
126
583
553
67
57
199
452
613
41
169
61
596
45
46
496
505
127
1027
85
553
533
161
n 70 k 5
606
58
1034
726
672
546
579
979
1016
672
113
570
534
509
469
86
59
499
518
495
618
390
110
36
56
108
630
520
212
233
100
195
514
161
456
120
946
617
709
517
496
529
85
154
186
142
233
984
727
1067
969
135
903
89
245
689
96
545
52
87
496
70
610
971
867
534
583
59
696
328
397
183
543
515
761
572
207
539
816
164
47
53
842
531
299
61
726
124
571
1022
75
561
148
974
37
645
594
551
67
588
n 80 k 5
687
91
1086
669
495
93
715
693
129
591
755
74
191
91
542
155
587
524
145
120
119
690
214
87
517
1049
529
721
527
351
969
66
1019
36
1099
92
618
1020
71
738
61
564
74
1038
81
277
767
600
45
560
50
86
140
911
117
514
362
1486
143
459
448
554
699
942
725
709
615
1400
369
992
1072
724
527
431
584
606
975
90
555
642
551
359
1057
504
1255
237
161
779
1256
75
618
87
343
948
726
48
516
72
840
557
n 90 k 5
147
570
579
118
510
95
661
116
1196
726
981
562
1019
1668
639
1398
1245
559
126
417
680
154
499
576
828
1108
1445
1162
669
151
494
159
73
515
543
185
65
605
83
901
599
558
495
548
1290
1036
319
717
917
66
519
597
1209
250
496
693
80
562
593
1408
1035
553
520
231
1469
763
684
68
115
120
632
540
94
644
672
71
816
88
1012
606
1454
1405
986
123
732
204
435
360
582
549
987
982
513
574
119
407
1311
1035
206
843
n 100 k 5
87
807
875
817
280
668
646
572
649
526
222
485
510
876
889
84
1192
906
306
207
668
149
958
95
993
1133
196
1114
196
806
862
841
63
302
663
388
124
246
565
347
130
44
403
305
250
1008
98
892
771
971
1050
1433
749
616
600
772
602
1226
82
133
1147
159
308
1169
1403
559
824
1584
1045
562
333
1011
819
321
602
1059
509
603
451
930
496
210
632
703
1015
1368
575
1113
906
732
722
776
107
1151
800
539
571
632
639
530
n 20 k 6
927
468
472
28
6
15
29
7
40
12
455
231
62
14
294
265
467
473
18
38
499
13
21
38
474
9
11
456
10
20
21
418
481
25
46
28
931
462
35
9
488
12
8
88
255
25
9
20
13
464
465
520
24
14
10
222
12
11
11
349
479
7
7
11
425
10
465
18
9
9
112
466
6
396
23
9
481
467
458
383
507
18
16
10
28
465
12
951
10
16
8
469
23
459
14
15
6
504
18
26
n 30 k 6
11
21
20
480
543
14
16
472
60
472
505
485
19
506
171
36
548
484
477
116
36
57
167
477
317
46
499
488
18
578
18
498
526
534
16
37
470
466
25
279
679
476
16
57
90
512
71
66
472
19
315
495
498
13
101
492
53
28
14
487
505
16
17
27
503
490
578
509
465
92
22
150
67
14
466
528
25
493
27
38
80
494
279
35
15
501
506
32
545
25
15
463
14
482
641
111
24
502
25
477
n 40 k 6
35
91
509
682
628
78
507
946
41
28
528
21
221
495
468
473
472
535
99
516
502
549
310
516
662
42
546
496
30
398
500
939
797
548
722
309
58
28
372
490
259
30
30
498
26
72
570
83
479
567
34
575
50
955
768
420
129
832
514
575
541
27
51
23
495
491
155
520
888
40
145
576
27
541
216
484
881
474
496
502
40
486
30
501
943
538
564
149
22
22
119
492
862
47
127
977
490
85
952
26
n 50 k 6
54
935
249
38
545
772
35
71
591
525
501
686
481
958
91
706
759
30
635
506
598
616
988
202
486
41
503
544
529
32
508
889
63
34
89
90
560
30
251
856
44
502
493
1102
39
607
973
476
948
573
542
541
159
137
553
522
594
51
935
468
948
501
24
478
948
468
524
550
601
45
504
231
521
697
512
55
542
513
489
554
336
62
135
909
69
606
134
412
547
493
498
633
494
32
729
121
576
40
661
71
n 60 k 6
500
511
502
1110
1017
79
958
1051
302
580
900
1321
565
687
554
1006
108
519
1052
488
925
539
943
771
60
206
523
518
111
716
40
425
259
58
48
727
998
267
39
528
503
615
395
624
489
512
346
487
496
59
84
232
54
1069
504
36
653
33
994
1101
111
511
724
716
488
1135
599
1056
360
514
49
169
157
486
964
809
996
698
1376
43
499
92
540
97
919
999
798
550
1002
640
576
542
516
1080
59
627
537
1018
204
501
n 70 k 6
520
433
983
828
649
1048
656
675
538
72
53
252
944
544
199
644
941
47
144
57
118
1094
692
544
251
1107
500
53
551
966
82
575
498
528
1212
550
916
1052
529
530
502
394
572
521
588
1229
51
891
98
218
521
801
775
125
1017
94
1144
1115
127
1026
1087
851
344
209
63
258
558
530
654
526
619
628
634
498
852
591
985
982
147
79
449
549
706
253
537
1721
580
576
63
488
172
126
628
61
957
51
679
380
272
540
n 80 k 6
297
84
577
525
985
724
538
263
1061
1049
589
1532
1025
1081
131
636
164
1430
773
565
528
1045
593
355
78
852
121
962
1271
350
1083
1282
1422
103
68
615
636
585
523
569
159
541
1095
535
637
1008
58
188
1078
506
580
97
338
1073
572
516
83
515
692
73
543
210
584
1171
1030
548
962
773
1143
653
1038
82
772
756
629
639
619
679
801
93
519
637
268
409
485
512
1547
1506
517
1439
257
555
127
1255
594
549
564
782
70
523
n 90 k 6
388
833
992
1055
1960
1134
1028
1002
519
1507
330
111
747
910
1204
961
646
1196
1123
796
535
109
814
62
1194
238
990
1076
968
1034
733
1031
230
548
717
1022
517
922
843
804
214
45
655
1583
66
1215
647
75
728
994
83
188
290
1020
1233
1113
706
1242
1089
1454
538
405
650
1170
795
1181
1053
602
801
976
725
657
747
542
540
530
650
52
975
1114
526
267
1510
1661
894
1082
734
1604
77
1053
1017
1642
644
56
641
1023
1005
207
1179
1663
n 100 k 6
1333
760
707
333
1047
698
1105
347
1141
703
66
583
535
1269
980
582
116
1330
797
738
529
1076
586
756
870
1178
1061
753
529
1560
532
745
240
1285
161
1093
676
705
1074
600
435
147
500
1278
1230
1280
100
66
828
1219
948
266
831
676
1013
1126
376
424
1492
299
1315
620
914
977
1014
1615
795
541
273
1486
974
79
1196
1066
1140
846
1393
689
1317
577
556
485
706
1337
1627
530
764
1472
406
1206
973
744
597
1362
505
80
1009
638
1180
215
