n 20 k 2
13
12
12
8
9
8
9
10
11
10
8
10
13
7
3
12
8
10
15
11
7
9
12
9
11
12
7
7
10
9
8
11
10
13
12
8
11
11
10
9
13
7
9
9
8
11
8
11
12
8
11
12
14
6
8
12
12
13
18
12
11
8
7
13
5
13
8
8
9
7
7
11
17
11
9
9
10
9
7
11
11
7
13
9
7
8
11
10
11
8
7
11
7
13
14
7
8
11
19
11
n 30 k 2
14
16
17
14
19
17
15
20
14
15
18
19
15
12
11
13
13
15
16
12
19
14
14
14
12
14
17
19
18
15
15
18
18
12
15
15
17
14
14
16
12
15
16
15
12
15
17
17
18
14
12
16
17
13
18
12
14
18
17
12
14
14
12
17
16
14
17
12
19
16
12
15
14
11
16
18
15
13
18
16
15
15
14
12
15
13
16
19
15
13
17
15
13
11
12
16
16
20
10
13
n 40 k 2
23
18
21
26
29
19
16
16
22
13
16
21
20
20
16
22
23
26
16
28
16
24
18
19
17
21
17
24
21
18
18
18
23
19
20
19
26
20
26
20
17
19
21
23
15
22
17
17
22
17
23
21
25
17
17
15
22
20
20
19
18
20
20
19
12
20
15
19
16
15
13
22
17
18
21
22
23
16
16
25
18
16
26
22
21
21
21
17
17
17
15
17
22
21
21
15
18
17
29
19
n 50 k 2
29
21
17
26
22
21
28
22
29
23
21
22
23
29
26
27
26
23
19
20
25
20
30
24
25
26
19
26
26
22
29
24
26
20
22
22
23
25
22
25
22
21
26
20
24
24
23
22
30
20
22
26
21
26
25
24
27
34
20
28
25
26
25
23
29
14
25
24
25
26
19
26
23
20
30
31
27
23
24
24
24
25
26
25
19
24
31
24
23
25
28
25
28
23
22
26
20
28
28
23
n 60 k 2
31
30
33
27
31
31
31
29
28
22
34
33
30
26
31
31
29
27
29
33
29
34
30
31
33
31
34
31
30
29
33
35
28
36
31
32
32
25
27
34
33
30
29
28
34
28
28
32
28
34
28
24
30
29
29
27
32
23
30
32
30
28
26
26
25
28
29
27
23
30
25
32
30
28
28
29
24
31
30
26
28
23
34
30
35
30
29
28
22
26
30
33
30
30
32
31
26
33
27
28
n 70 k 2
44
40
40
31
32
31
32
34
30
30
34
31
35
34
30
36
39
37
38
28
41
39
35
41
36
36
35
39
33
28
31
35
31
34
33
31
32
30
35
41
30
33
28
34
36
32
32
29
32
27
28
32
32
31
31
33
29
34
34
29
37
38
29
27
30
35
28
36
40
33
31
32
33
31
31
35
40
26
37
31
31
34
35
30
31
34
32
34
30
39
31
34
32
30
37
33
36
43
39
39
n 80 k 2
39
31
40
43
35
35
33
37
36
44
38
36
37
37
42
35
44
38
43
43
35
44
33
48
30
33
40
44
31
42
37
42
36
36
44
41
37
36
40
32
40
43
39
30
35
43
34
37
42
38
37
42
36
36
32
39
32
35
38
43
34
41
30
41
38
43
40
40
41
37
43
43
39
38
44
38
42
43
30
38
34
46
37
31
36
41
38
37
44
40
46
41
40
45
41
51
41
37
35
35
n 90 k 2
41
35
45
42
45
40
40
57
43
45
38
43
36
46
46
53
47
42
46
39
49
48
50
44
47
43
41
45
46
46
42
45
43
34
48
43
45
44
36
42
38
42
39
41
48
48
40
49
42
41
50
49
44
41
44
42
45
42
53
31
47
41
50
42
38
45
41
45
47
44
49
48
39
48
34
49
43
44
45
47
45
39
49
50
45
41
50
51
44
42
44
52
43
45
43
45
52
41
49
47
n 100 k 2
52
44
54
44
45
50
47
51
48
47
44
44
45
45
47
47
58
49
50
44
53
41
52
50
55
47
43
50
52
52
49
40
49
49
55
43
53
47
50
48
48
41
48
47
45
51
46
45
47
54
45
51
52
45
46
54
51
46
48
48
44
47
52
46
52
52
58
54
50
51
42
50
46
49
51
54
50
47
49
45
42
53
52
48
48
48
42
51
53
45
48
41
50
52
50
47
39
49
51
49
n 20 k 3
27
34
30
14
10
10
10
8
12
8
35
11
14
12
18
15
7
11
17
13
18
25
8
9
18
7
11
7
12
16
12
13
16
24
10
17
15
11
10
4
7
52
14
20
9
13
14
17
9
11
23
31
17
7
18
15
8
13
15
12
37
51
32
15
10
18
13
8
13
7
7
11
10
21
29
18
13
11
15
8
10
24
20
7
21
23
15
10
20
12
20
35
17
42
12
6
6
13
19
12
n 30 k 3
28
9
35
19
10
19
53
17
105
12
22
22
16
19
25
18
16
29
43
15
24
65
56
18
74
23
22
31
27
25
83
20
25
29
14
20
37
21
24
19
24
16
18
63
19
15
18
19
37
28
46
52
17
19
34
21
21
18
100
22
83
18
16
32
23
26
26
19
23
54
17
13
16
17
19
21
21
17
17
16
23
63
11
31
56
24
50
18
29
33
88
50
11
19
24
15
23
25
22
14
n 40 k 3
24
30
50
22
30
31
30
62
28
26
31
82
25
42
22
66
33
25
20
28
24
19
36
39
31
23
203
38
29
22
25
45
27
71
37
18
31
36
33
20
34
27
35
23
58
30
42
31
42
61
27
78
24
24
26
16
46
48
31
31
36
67
33
51
34
55
31
57
16
72
24
25
49
37
32
22
27
22
21
100
23
75
30
62
26
31
30
33
68
49
32
28
27
23
57
62
30
25
28
30
n 50 k 3
182
49
91
44
90
36
33
29
42
49
22
102
32
46
34
82
25
89
43
37
59
40
78
66
30
36
80
30
46
30
43
29
51
41
32
36
30
56
115
37
51
47
75
28
54
51
43
25
30
31
40
27
27
97
28
46
34
50
45
73
103
22
30
59
84
35
147
41
112
31
40
32
66
54
56
23
46
74
28
41
42
29
51
40
35
151
119
34
38
93
44
38
32
41
59
38
37
38
33
99
n 60 k 3
55
38
38
58
127
27
34
93
64
42
59
31
38
44
35
46
48
47
38
321
69
40
53
26
39
50
33
97
54
183
53
42
84
59
62
64
27
88
36
43
55
34
30
374
54
44
45
49
31
77
48
58
66
78
31
44
97
75
43
100
63
38
50
45
46
51
62
35
51
31
32
44
189
39
39
145
84
129
51
44
45
107
43
43
46
184
32
49
38
79
44
41
43
35
52
53
65
71
53
53
n 70 k 3
54
42
44
75
155
73
53
61
62
54
39
47
42
58
45
46
161
74
72
71
83
53
60
47
45
90
276
38
146
65
62
44
125
43
80
48
58
71
41
85
51
55
69
59
67
60
41
64
126
47
47
63
45
80
44
58
53
47
124
77
39
117
104
48
53
50
44
40
96
145
48
58
42
273
47
96
197
87
71
44
92
37
39
39
73
44
62
49
48
70
125
31
52
47
48
44
35
82
39
59
n 80 k 3
59
57
91
87
48
43
76
139
92
38
202
218
53
54
60
53
52
232
68
52
70
56
58
123
47
43
72
49
134
63
61
57
71
106
76
134
195
84
57
57
40
238
67
185
47
51
51
95
43
47
47
105
57
74
136
53
67
50
179
75
83
89
59
82
56
97
72
60
61
88
54
45
54
49
128
135
78
193
122
73
105
64
82
316
53
73
57
83
58
163
62
50
58
79
75
55
69
72
53
64
n 90 k 3
81
227
143
68
89
81
77
97
140
84
96
62
80
166
139
72
174
169
79
202
73
44
65
61
68
86
178
392
49
89
117
85
145
63
59
65
171
92
75
237
69
65
68
64
56
91
68
56
75
52
57
146
76
125
94
70
60
297
60
79
73
60
95
82
55
70
70
89
57
66
80
56
54
53
80
81
85
58
69
61
142
122
55
65
79
57
129
67
155
49
143
146
75
53
101
79
82
97
83
82
n 100 k 3
66
102
65
103
66
93
80
88
146
86
60
85
58
66
87
59
138
68
69
75
281
210
73
75
67
62
61
88
203
80
89
51
54
58
91
312
97
62
130
113
126
110
269
79
157
97
110
83
94
66
114
154
164
75
97
90
92
183
61
157
65
103
91
71
70
71
105
88
80
55
141
173
88
52
92
68
100
120
123
64
204
120
86
76
70
89
94
75
102
76
61
152
128
207
105
98
68
79
55
101
n 20 k 4
14
24
21
64
11
21
26
23
15
19
19
11
76
12
14
20
115
18
21
17
66
7
48
9
4
115
66
14
15
17
53
6
18
72
30
11
47
10
50
8
17
42
45
80
9
40
126
6
178
80
11
8
9
15
9
31
26
51
15
19
44
9
51
9
9
88
7
10
45
18
16
8
168
22
90
14
17
14
13
11
8
14
8
19
28
14
91
11
23
120
176
8
13
175
114
10
11
56
9
34
n 30 k 4
139
23
21
148
23
264
142
28
99
57
16
14
46
156
374
175
46
313
37
238
216
22
128
18
32
14
21
18
126
411
29
196
23
136
25
31
16
29
28
113
181
15
45
176
99
21
190
26
18
45
192
38
29
115
155
400
192
41
29
21
31
21
36
34
31
121
20
19
242
15
152
17
289
81
15
18
198
16
21
86
118
45
14
27
240
126
96
17
186
85
13
216
33
188
25
30
37
22
144
14
n 40 k 4
79
257
35
35
152
46
112
48
58
21
22
229
480
39
99
28
43
69
174
38
30
28
157
60
62
57
483
955
56
42
118
33
52
123
138
34
59
35
32
47
142
402
40
37
60
186
202
126
31
414
493
161
35
19
30
17
25
100
44
150
448
464
59
54
90
488
33
184
36
493
132
499
57
143
39
495
27
158
36
109
196
102
36
253
65
41
63
27
24
403
104
39
98
409
32
34
29
32
62
468
n 50 k 4
310
230
266
196
484
39
93
498
31
206
85
289
248
34
87
177
48
780
501
289
40
181
36
76
257
480
484
155
276
81
53
45
201
366
550
198
60
101
489
89
43
165
32
286
33
28
70
352
46
71
565
144
38
58
76
25
528
56
44
430
36
237
378
46
139
486
333
47
136
105
137
31
39
229
194
58
491
23
38
51
483
506
535
25
376
134
250
83
45
33
221
522
27
488
60
538
159
681
42
345
n 60 k 4
45
91
80
91
44
56
616
62
160
262
105
306
65
60
75
566
61
51
528
289
105
499
301
42
67
39
533
136
310
60
39
569
39
307
72
598
695
424
571
52
78
245
124
33
65
83
212
51
60
509
51
41
553
32
71
512
72
105
121
89
124
69
46
516
490
493
346
64
400
46
536
51
94
118
538
387
498
36
53
56
224
526
82
41
91
91
75
573
256
695
499
54
127
102
149
147
208
34
108
505
n 70 k 4
149
60
568
36
64
198
104
70
132
972
534
323
56
94
585
526
44
135
66
48
197
143
52
62
77
47
550
582
61
460
556
62
94
457
363
179
74
460
90
499
66
61
75
69
533
48
552
46
156
269
45
517
88
543
515
237
35
510
59
120
109
196
84
553
288
77
68
543
59
128
418
504
104
48
51
354
77
600
93
122
602
45
126
82
82
519
126
91
135
391
512
342
96
53
629
593
80
65
160
567
n 80 k 4
550
140
550
73
587
585
80
135
148
97
739
174
89
439
458
266
84
501
235
526
307
132
139
55
83
527
549
111
594
94
628
223
326
288
116
90
91
521
92
540
544
573
916
125
453
525
435
783
532
209
207
61
554
115
116
123
587
507
120
504
356
113
72
52
440
119
116
540
207
547
217
226
104
80
549
328
47
535
80
58
140
842
537
49
50
75
148
136
687
295
107
116
659
111
281
80
66
89
79
123
n 90 k 4
353
243
113
570
90
336
394
97
108
74
66
590
182
264
122
148
232
227
692
90
162
977
515
136
642
97
146
204
622
58
194
80
151
556
80
314
573
386
60
357
279
189
685
512
59
760
575
495
158
66
69
367
113
421
545
104
552
102
544
165
527
707
506
116
212
81
337
572
95
523
73
136
57
234
84
107
199
105
76
81
168
711
103
71
58
294
401
106
540
645
418
64
52
471
59
409
88
565
341
130
n 100 k 4
83
538
897
535
170
77
648
91
675
530
99
640
718
144
135
527
525
96
510
493
112
638
136
121
636
1034
563
397
513
165
578
950
593
104
670
623
790
280
827
100
359
285
225
580
653
571
603
662
534
74
74
161
555
115
232
117
86
180
557
148
554
213
112
264
514
456
465
352
548
525
89
247
335
84
546
562
523
145
80
252
541
170
203
312
63
125
64
213
198
74
113
293
301
67
234
210
583
262
623
83
n 20 k 5
10
60
12
32
276
27
13
52
12
7
76
36
11
10
13
477
8
12
175
115
326
68
11
384
6
30
175
16
61
11
9
14
12
53
12
321
474
30
7
55
5
16
475
20
13
12
94
8
435
22
39
16
201
20
65
638
22
10
37
9
24
87
6
17
25
476
14
7
308
11
18
460
31
60
100
10
36
148
57
15
48
156
290
6
12
428
499
191
21
10
294
8
133
24
491
17
78
18
13
465
n 30 k 5
90
440
68
137
15
172
502
17
532
21
30
500
20
53
10
28
503
446
465
13
492
493
562
301
31
37
95
389
490
498
57
38
38
233
19
29
46
17
478
115
17
480
16
25
265
88
508
14
545
22
44
482
70
431
17
243
17
24
39
183
15
193
17
22
83
279
20
21
62
29
40
504
478
503
13
137
123
475
16
23
30
186
98
202
28
17
18
473
27
483
28
22
569
43
73
42
17
475
478
524
n 40 k 5
487
38
494
495
40
34
150
505
48
481
131
586
41
62
495
20
36
56
75
252
150
41
63
594
68
526
93
83
29
68
494
23
171
483
540
74
59
614
17
36
58
74
31
40
501
510
124
500
380
756
479
21
15
115
34
600
60
73
423
152
23
503
65
490
179
607
503
465
44
472
51
54
489
101
33
475
48
74
493
582
222
508
77
487
494
23
52
19
611
79
35
512
46
503
520
74
150
84
106
50
n 50 k 5
74
370
800
28
504
529
608
497
523
636
22
654
253
57
520
216
111
653
488
519
547
472
562
94
40
361
95
126
552
517
482
548
53
274
35
44
198
560
526
208
51
582
538
536
245
506
154
55
562
73
135
503
137
130
548
703
496
31
509
178
621
135
560
704
514
507
256
391
613
501
356
30
519
693
175
60
35
39
623
86
491
485
126
142
44
29
116
690
57
30
490
402
560
104
722
616
173
90
38
688
n 60 k 5
251
553
32
42
89
79
38
1032
935
166
898
893
522
122
1011
565
538
63
45
574
189
546
77
505
33
628
53
423
401
493
108
399
67
505
44
65
69
506
107
611
601
529
573
758
817
423
276
491
514
507
533
45
629
975
679
69
242
766
151
554
853
319
686
43
523
82
257
498
949
504
624
84
142
36
954
989
328
777
494
824
167
119
77
582
771
336
99
41
38
613
705
604
583
46
43
566
178
370
584
720
n 70 k 5
538
335
100
525
75
75
545
665
101
533
904
505
90
131
707
586
535
67
52
252
948
761
491
782
536
660
84
408
156
175
871
165
496
187
272
343
254
594
183
511
79
565
426
685
183
70
405
524
52
347
506
122
622
81
640
505
596
550
79
99
127
45
503
165
577
205
66
895
481
1027
216
240
289
358
456
603
67
537
518
964
530
547
127
130
602
92
614
137
625
1029
528
633
163
181
556
633
972
541
55
602
n 80 k 5
68
660
926
775
699
51
833
550
449
197
141
124
94
72
605
545
298
48
93
152
543
83
519
881
72
606
585
92
1404
73
65
70
666
677
491
144
517
860
575
501
326
603
523
748
1051
1010
538
972
922
883
1177
41
52
648
67
579
751
656
856
521
976
387
520
800
721
161
914
626
753
615
99
846
1009
519
749
515
294
541
86
280
1065
695
655
1293
78
123
915
125
164
840
196
1314
85
96
107
414
534
70
867
265
n 90 k 5
298
808
1263
128
540
529
66
1136
566
640
322
558
1058
752
686
999
820
142
1182
625
1052
1114
132
681
1169
624
824
1239
810
1024
593
774
587
305
648
994
515
800
355
583
663
103
1126
976
429
919
212
727
350
976
1056
571
651
135
705
1174
85
279
1045
750
1088
985
1347
236
919
76
65
1091
550
1006
143
1028
275
730
1481
1106
517
990
533
134
343
648
765
600
183
1021
188
836
314
334
1040
1015
553
142
851
170
195
486
521
99
n 100 k 5
1054
1126
707
204
1060
907
639
624
660
1169
1179
880
1057
1041
127
842
575
648
1368
1022
655
984
1148
577
646
520
54
1068
107
241
867
542
159
684
1027
275
784
619
950
237
453
85
75
332
154
686
255
101
644
1163
619
538
473
1147
576
984
766
931
317
1073
1468
1082
103
1053
841
650
929
325
845
299
353
1028
979
676
999
1107
292
575
387
365
178
683
996
962
146
161
856
1101
207
641
74
735
678
663
1435
64
705
989
136
539
n 20 k 6
6
15
451
471
10
474
15
18
16
464
503
114
464
496
468
552
7
18
133
474
6
18
24
39
434
7
25
11
191
472
9
275
39
724
26
12
300
18
47
502
14
457
9
18
20
459
456
893
14
23
399
18
486
915
472
12
66
32
481
11
18
7
499
125
35
9
18
476
15
477
18
465
78
479
35
477
17
286
423
109
87
7
22
21
517
20
336
485
474
11
7
38
497
23
99
4
336
14
483
19
n 30 k 6
17
495
18
462
485
28
27
463
265
50
478
86
483
500
478
500
10
12
472
498
275
231
488
27
28
23
8
492
495
21
477
17
499
11
21
15
98
59
30
488
498
24
476
168
16
467
32
30
552
509
507
492
513
282
44
27
13
482
553
30
481
15
908
520
492
474
25
17
35
578
497
469
657
58
463
496
475
579
499
482
474
545
18
41
38
88
484
30
36
20
496
27
577
20
483
12
476
583
470
42
n 40 k 6
29
59
330
664
499
94
124
507
828
498
46
34
192
38
563
533
267
1036
542
69
365
976
15
157
45
596
663
80
300
469
38
414
425
494
578
617
653
308
71
493
482
366
177
218
123
15
922
511
39
982
538
63
37
492
101
386
26
22
88
46
49
524
516
42
94
504
473
701
753
189
483
476
547
522
93
509
525
513
173
32
939
223
493
20
571
126
325
33
323
918
504
490
169
16
514
66
21
249
537
35
n 50 k 6
858
494
58
560
245
488
525
510
638
500
525
80
268
527
880
169
507
507
84
212
665
1143
566
504
87
133
285
87
501
510
68
489
603
374
26
589
519
519
586
590
526
87
49
121
586
693
70
173
687
239
61
940
135
102
144
493
581
814
511
487
507
108
66
63
351
58
596
549
37
310
485
23
355
449
146
514
507
693
84
53
970
123
273
541
31
28
638
486
200
27
168
98
26
959
1036
62
609
38
247
521
n 60 k 6
383
289
624
69
1001
170
986
1144
636
596
575
93
745
677
61
569
971
31
269
496
511
593
548
557
790
516
993
493
482
135
59
536
509
1336
1183
35
512
133
1103
506
105
623
554
507
558
527
766
493
603
538
930
765
629
646
38
30
185
49
527
632
57
1040
64
631
797
777
1204
514
484
33
946
316
681
715
568
492
175
53
1372
904
84
486
68
66
550
481
49
1025
162
1184
211
509
65
546
1004
1167
228
239
844
54
n 70 k 6
649
782
667
609
940
510
49
713
533
562
48
1338
46
564
651
549
402
1017
852
1035
1658
800
86
604
633
967
567
987
642
85
550
853
230
32
649
314
76
1005
567
1126
111
144
77
811
612
61
633
858
972
81
1004
778
782
512
53
622
747
306
534
248
401
1029
690
581
528
1089
46
1043
1010
827
616
664
572
784
149
540
49
92
587
61
1010
547
672
299
531
525
946
110
558
46
625
47
1090
520
1262
225
541
485
994
524
n 80 k 6
588
50
523
529
1374
976
538
583
503
993
154
626
215
1047
984
1004
156
740
612
734
572
245
1011
620
1229
764
1038
562
560
565
518
52
76
1029
84
79
1001
66
584
1044
256
545
957
678
662
1024
284
1024
82
552
1108
87
546
222
237
1034
501
1573
540
829
988
518
1081
1455
530
970
231
557
798
944
666
585
1044
635
531
855
409
380
593
1455
540
820
975
594
318
1446
743
622
1128
581
754
557
102
671
581
1129
86
612
1442
992
n 90 k 6
780
1311
1089
532
1064
253
1142
939
1012
503
686
1091
1025
1458
927
1255
987
1208
600
225
1042
86
501
1041
776
846
312
1490
542
993
1252
1025
1149
819
467
834
191
977
542
1029
705
853
921
1078
71
1122
930
661
1072
1053
212
609
1171
878
521
1502
1053
328
534
697
1025
153
129
817
1202
942
1234
1278
825
551
573
1254
799
85
546
272
955
556
160
1102
986
859
1011
681
377
523
686
816
758
147
753
1455
1110
599
693
1026
765
75
522
1094
n 100 k 6
1043
531
401
562
738
1162
1585
590
726
593
634
1561
535
1631
166
725
1354
550
836
997
186
665
1235
146
1009
1562
1602
795
622
543
561
602
684
1057
718
644
595
510
1041
947
1568
1192
1670
1035
1055
746
580
1529
1287
176
622
741
697
592
1458
96
857
682
982
624
1161
108
1422
105
875
145
415
174
647
1092
567
829
223
1058
859
665
1300
717
1210
657
57
631
1580
598
1190
589
635
1000
1156
724
548
545
1025
339
1054
1188
115
1572
965
553
