n 20 k 2
11
8
10
8
10
11
11
9
11
15
7
14
12
13
10
11
11
5
12
11
10
8
9
13
9
13
7
10
4
12
10
11
10
8
13
13
12
8
11
13
7
11
11
8
10
8
9
10
9
11
13
7
7
7
11
12
8
8
8
10
11
12
8
7
11
12
15
9
22
5
10
10
9
11
13
11
7
9
14
12
9
10
6
11
8
12
7
13
8
11
9
13
9
8
6
14
9
16
9
10
n 30 k 2
16
16
16
14
14
12
12
17
5
18
13
14
16
21
15
18
14
13
13
16
12
15
13
10
12
18
15
13
13
14
15
10
10
13
13
13
18
20
14
16
11
12
13
13
12
13
14
10
16
19
15
15
16
11
14
14
10
9
13
11
17
15
15
16
15
12
18
13
17
18
15
16
12
17
20
15
16
11
11
22
17
15
18
13
12
15
16
16
9
13
14
14
16
18
16
11
13
10
18
16
n 40 k 2
16
20
19
15
21
24
20
23
23
21
23
18
24
23
19
20
14
22
19
22
18
17
20
24
22
18
20
14
28
17
14
19
21
20
17
26
17
21
18
18
17
20
20
18
19
20
22
18
24
19
22
15
19
21
16
25
16
14
21
16
16
21
19
24
17
23
21
20
25
24
15
25
18
19
19
15
19
20
21
31
21
20
21
14
25
19
20
20
19
22
18
19
22
20
17
17
26
37
20
18
n 50 k 2
30
19
15
30
25
29
22
23
21
22
22
24
27
23
17
22
28
26
24
31
19
28
25
24
28
26
25
26
22
25
21
25
26
26
25
21
23
25
30
24
24
26
19
22
29
23
20
25
19
23
20
21
26
22
23
23
27
25
24
27
21
22
22
28
28
28
27
25
28
25
21
18
26
23
26
23
27
24
21
22
21
24
19
22
28
29
28
25
24
25
18
27
23
25
26
30
23
24
23
26
n 60 k 2
29
26
29
29
27
29
26
34
30
29
27
32
32
21
29
28
27
25
28
26
33
28
30
32
33
29
33
27
31
21
37
38
31
24
17
31
22
31
26
27
30
25
28
28
35
28
32
34
33
27
27
34
30
33
29
28
28
29
31
30
30
25
31
37
22
28
32
37
30
29
28
29
31
33
30
24
26
26
35
32
22
25
32
26
32
30
31
34
29
27
44
35
26
25
36
35
28
38
28
26
n 70 k 2
31
27
34
34
35
28
32
33
24
35
30
30
35
30
33
40
34
36
36
28
37
38
30
35
32
37
25
33
35
31
32
27
35
35
35
40
36
34
38
33
44
38
41
40
34
43
32
42
37
34
36
38
37
39
36
41
34
34
36
39
35
32
26
29
38
36
36
37
36
29
33
33
33
32
40
32
35
37
32
38
31
35
35
30
38
29
32
36
32
39
31
31
34
43
36
27
30
33
28
27
n 80 k 2
38
33
45
36
37
32
35
39
41
35
42
34
32
37
37
44
42
30
36
40
35
35
36
45
44
41
36
39
38
39
40
36
44
32
36
40
37
39
52
37
42
38
42
37
43
40
46
43
39
35
47
39
45
46
40
44
34
46
42
40
41
36
36
35
38
33
42
42
44
38
33
37
42
40
40
39
42
33
40
37
38
40
43
33
41
32
32
41
39
45
35
44
44
40
35
31
30
40
42
44
n 90 k 2
48
39
48
41
53
48
43
42
46
41
47
45
48
46
49
47
44
46
42
46
35
46
46
45
49
43
50
40
42
50
43
46
44
47
50
40
40
40
49
49
36
39
47
48
38
45
42
39
35
48
35
49
38
43
45
37
42
46
40
41
51
47
40
42
45
44
38
52
50
46
46
49
42
44
44
43
40
47
40
47
41
38
43
45
43
44
50
41
42
46
42
45
38
42
47
45
39
39
43
42
n 100 k 2
50
47
49
44
49
42
53
54
49
44
49
57
48
52
45
38
42
46
48
46
49
47
47
60
52
48
48
47
45
44
51
42
50
46
49
46
53
51
49
44
49
55
46
44
45
49
44
46
45
54
52
51
52
52
57
50
47
58
50
43
53
54
49
43
48
57
53
49
56
43
51
48
47
56
42
49
44
46
53
46
46
54
52
46
44
49
49
50
51
53
52
48
45
44
41
43
46
52
47
42
n 20 k 3
9
14
8
9
13
31
21
17
17
11
9
11
16
14
9
16
8
15
8
11
14
61
56
81
7
16
14
14
17
12
11
17
10
11
18
30
16
7
10
13
16
14
16
12
23
29
16
10
9
10
13
8
7
13
12
42
19
30
17
20
8
71
14
10
10
8
13
26
12
9
16
20
9
20
9
9
23
26
5
11
10
32
21
10
15
13
9
19
10
22
10
14
23
39
13
23
41
19
22
13
n 30 k 3
15
7
13
13
14
31
15
15
21
33
47
13
20
44
17
26
31
54
31
19
25
31
37
25
46
17
53
16
21
24
16
17
20
27
25
22
23
20
13
29
53
52
16
21
22
22
16
27
43
44
93
21
26
23
28
29
12
28
22
16
20
31
53
53
18
17
15
31
20
18
81
39
12
64
25
25
28
17
43
26
25
20
76
19
21
44
37
65
22
29
21
26
19
15
73
16
109
15
10
73
n 40 k 3
35
29
33
60
29
34
42
65
20
68
17
20
39
31
39
21
36
35
34
25
21
40
91
60
46
33
49
30
77
39
65
41
24
21
21
25
43
24
33
30
33
25
55
23
34
28
82
17
22
68
20
31
35
150
32
23
51
62
50
33
97
25
31
45
28
79
20
25
27
28
27
22
29
24
14
35
42
20
47
17
34
59
30
41
29
58
38
28
36
22
30
61
40
44
27
50
35
28
66
72
n 50 k 3
36
96
47
112
24
35
19
80
107
41
38
27
48
28
39
38
86
38
31
32
33
59
40
46
38
30
33
25
27
63
25
39
37
122
38
70
45
104
106
25
59
37
187
55
113
78
32
59
41
36
26
37
38
74
26
45
36
40
37
39
27
56
19
56
53
16
60
31
26
33
38
57
73
164
50
52
88
38
160
40
54
33
50
49
40
51
77
36
27
71
94
26
102
30
112
67
28
29
55
88
n 60 k 3
34
64
76
37
28
40
38
202
35
42
43
74
49
96
38
54
47
34
42
44
146
45
44
40
123
71
109
75
76
39
27
46
54
37
50
121
49
45
33
49
101
33
40
40
310
129
71
43
37
64
44
85
36
167
31
40
59
90
69
237
75
50
35
69
47
62
128
71
44
52
48
51
40
46
34
64
71
36
40
148
96
48
37
110
56
38
416
35
83
22
66
71
44
51
47
58
50
49
33
94
n 70 k 3
71
84
76
60
58
56
147
52
43
48
163
83
49
106
51
81
69
47
50
34
79
39
46
98
56
80
52
116
123
90
58
41
49
43
42
58
64
50
81
68
55
83
47
65
65
82
63
131
62
50
47
41
97
55
62
49
61
49
48
38
54
96
123
210
53
40
47
50
53
60
75
53
71
56
55
67
67
87
176
37
46
58
66
66
162
127
45
33
51
81
43
56
35
47
257
81
115
84
47
143
n 80 k 3
63
87
62
81
60
55
50
82
66
52
106
67
52
61
280
85
142
56
127
61
60
60
117
40
56
99
39
100
96
95
136
67
228
64
48
55
49
65
84
57
73
68
51
48
47
75
156
85
61
65
57
73
50
132
119
156
99
80
48
49
65
103
133
230
59
79
56
87
72
132
93
45
134
78
46
64
42
69
55
248
66
50
95
51
94
345
50
123
130
36
173
59
104
124
75
59
72
222
76
69
n 90 k 3
71
92
54
157
77
110
131
180
70
140
78
51
54
86
86
64
47
51
292
68
67
57
58
155
216
60
231
87
68
174
88
67
67
111
66
70
52
103
206
56
57
71
85
137
144
84
80
99
205
242
112
137
154
73
70
75
94
85
69
80
108
86
110
275
74
77
146
415
96
66
117
83
54
69
89
92
73
68
160
116
71
66
200
61
144
78
83
118
90
52
111
74
87
165
124
70
104
56
73
66
n 100 k 3
70
100
220
65
143
522
92
98
78
71
87
93
87
52
213
85
114
102
234
140
173
251
105
77
240
119
246
60
157
178
137
77
88
84
71
512
80
82
79
79
129
81
162
76
91
186
104
114
236
111
66
191
200
84
258
81
134
147
75
131
175
99
164
63
57
201
126
93
82
79
102
83
106
110
99
283
95
77
81
66
78
117
96
335
96
136
111
62
102
63
94
193
141
89
109
93
129
57
72
96
n 20 k 4
25
13
55
7
216
11
123
8
13
13
45
13
9
20
10
8
14
30
229
11
31
106
12
9
16
32
11
12
8
14
92
40
24
16
54
31
83
11
10
7
20
10
15
9
13
14
15
22
21
141
19
7
55
85
16
174
11
83
11
15
19
36
11
101
28
37
15
63
13
18
134
39
33
9
16
58
89
12
33
14
20
8
22
151
141
10
15
54
8
19
10
11
13
6
10
19
12
118
13
30
n 30 k 4
31
142
419
286
113
74
24
34
24
184
49
434
29
21
451
64
408
90
93
119
206
114
16
19
232
25
185
54
22
16
25
21
23
42
16
17
17
15
140
367
38
308
42
251
42
23
32
22
378
17
42
23
20
14
35
61
17
51
23
304
26
153
29
93
59
19
23
406
21
410
46
27
21
302
29
146
33
21
12
61
37
295
17
243
15
25
105
125
21
55
20
91
40
183
59
355
490
21
16
44
n 40 k 4
21
24
42
91
162
27
15
35
34
34
107
32
180
27
66
323
22
68
387
22
33
119
39
202
493
34
70
79
51
14
487
105
483
68
57
363
141
388
22
60
29
17
50
92
103
94
149
47
207
245
48
160
38
370
390
34
175
42
33
69
496
44
255
167
33
23
95
53
501
26
381
30
45
102
284
206
23
32
44
329
27
22
212
85
197
506
507
365
33
21
435
36
49
27
272
535
25
64
94
358
n 50 k 4
34
38
501
43
66
33
512
48
33
480
28
353
31
489
75
45
106
516
83
64
81
306
42
266
51
86
60
234
96
59
45
602
117
60
50
87
41
29
29
50
70
515
119
41
485
51
552
51
517
168
74
47
107
93
515
53
37
31
50
57
43
487
76
104
91
92
320
492
505
256
88
51
325
38
41
517
37
21
64
267
214
498
502
184
43
263
51
240
31
532
53
32
614
167
47
45
36
50
100
51
n 60 k 4
577
66
170
80
192
355
524
568
60
52
82
438
447
52
75
42
67
62
410
50
429
72
103
38
48
30
442
301
131
50
59
221
39
510
93
36
517
62
73
49
141
51
417
221
202
94
57
369
495
40
50
241
50
31
34
28
242
41
79
543
127
509
101
499
536
518
237
265
381
75
441
59
533
45
64
430
45
240
81
65
526
86
226
185
489
320
45
40
47
400
515
51
124
46
35
76
112
227
55
401
n 70 k 4
93
105
128
44
191
89
55
87
138
242
383
95
42
151
121
55
552
57
41
93
64
44
144
408
108
88
77
38
139
578
762
38
46
58
108
66
114
571
61
518
556
48
577
44
64
398
110
117
223
135
359
43
494
86
54
67
341
149
67
92
110
45
196
56
130
57
72
607
84
520
709
115
83
557
69
517
158
132
67
158
52
58
48
510
44
535
507
564
104
532
522
355
116
603
94
562
90
81
523
144
n 80 k 4
93
400
235
104
558
59
547
87
88
159
134
396
89
459
104
635
117
54
542
82
183
47
99
43
54
544
486
546
73
406
561
289
191
508
211
142
96
535
65
172
83
163
553
127
51
132
87
143
85
397
78
117
528
99
429
529
646
192
729
92
650
515
70
65
664
79
103
85
654
390
534
36
535
243
540
63
74
214
207
45
102
84
84
126
549
244
484
627
114
194
70
741
61
113
709
243
145
553
532
65
n 90 k 4
291
357
59
537
541
982
80
63
509
133
107
461
605
206
68
565
586
326
229
376
95
518
176
499
67
145
540
154
212
522
510
268
529
82
623
547
545
118
555
420
990
617
192
576
240
186
606
116
117
74
85
440
113
87
556
519
465
217
757
330
67
105
1034
70
127
96
432
347
565
65
380
83
295
101
151
536
636
602
138
61
591
664
613
98
412
164
180
564
446
72
399
552
385
63
242
555
880
103
69
515
n 100 k 4
110
123
190
481
113
125
231
515
329
582
635
99
116
494
603
155
135
677
89
204
218
617
550
129
232
176
439
907
142
545
107
564
337
133
118
879
58
382
576
379
91
162
539
594
543
553
276
95
53
567
590
665
578
161
603
685
183
105
136
101
92
75
97
487
275
532
69
764
311
171
522
113
715
175
118
98
979
790
112
276
572
192
163
754
89
566
671
211
311
631
302
600
535
62
290
67
619
234
677
585
n 20 k 5
9
43
11
8
28
105
368
98
12
17
478
12
12
455
457
14
12
11
12
18
14
14
10
315
43
375
14
58
421
237
17
10
69
11
18
97
289
17
135
20
227
121
31
388
17
461
18
25
31
45
467
60
342
15
85
13
10
483
245
32
8
112
10
460
32
10
59
215
16
503
186
9
14
95
10
467
83
126
5
146
45
26
158
11
501
125
487
216
17
9
22
13
19
10
47
153
8
219
41
27
n 30 k 5
81
63
476
504
521
13
476
16
143
555
505
23
471
48
37
490
32
45
505
22
23
27
220
40
491
87
7
29
538
252
495
46
472
12
173
468
28
16
411
491
509
38
42
29
476
84
47
489
469
434
40
477
523
191
62
469
14
514
497
39
84
560
22
627
473
558
114
37
42
88
535
42
505
200
567
181
14
18
16
25
24
13
108
22
468
28
43
23
97
25
38
640
467
84
524
493
30
452
13
471
n 40 k 5
22
95
47
534
43
99
722
74
953
24
24
31
231
38
24
486
38
560
630
22
47
29
343
33
498
38
475
99
154
22
61
532
494
519
30
489
500
94
84
518
28
490
132
36
506
32
499
210
474
623
601
122
500
462
643
199
491
51
485
24
967
23
193
167
59
483
177
40
517
495
25
39
499
483
618
668
124
512
54
548
112
172
945
24
25
59
493
24
23
58
545
445
483
483
570
37
438
43
487
41
n 50 k 5
173
645
525
890
107
265
136
87
61
1126
109
169
539
610
178
951
534
471
143
95
73
546
68
631
576
376
513
960
85
483
508
29
507
589
30
531
137
486
509
41
71
515
179
107
170
125
25
515
30
422
37
103
40
497
52
486
126
293
939
576
25
517
588
51
541
280
568
652
62
637
647
102
36
491
206
32
502
565
680
38
44
518
79
381
284
516
281
78
110
27
27
500
941
491
28
565
949
35
27
46
n 60 k 5
90
439
135
510
198
507
580
1092
526
59
89
876
523
75
40
64
51
675
60
605
959
384
543
704
76
325
492
522
35
58
998
288
114
57
722
84
499
358
42
493
75
1056
495
968
545
53
42
231
966
148
297
488
50
528
451
990
47
506
282
546
122
502
114
27
636
543
1024
525
515
161
750
47
604
59
43
122
41
83
523
126
577
575
87
755
366
66
577
488
488
534
568
52
54
34
508
667
546
547
316
658
n 70 k 5
57
401
715
624
59
508
626
106
993
567
68
320
1103
864
92
303
549
505
637
103
930
1034
578
473
589
582
305
569
294
557
55
503
43
956
219
1226
172
513
848
518
66
561
834
43
46
598
515
109
541
636
582
64
169
109
46
612
120
561
164
534
208
692
677
867
945
51
73
573
485
53
710
543
798
658
73
1086
518
521
541
39
585
51
551
1044
598
546
145
147
562
560
202
120
56
525
549
645
1463
302
101
69
n 80 k 5
617
823
121
754
674
384
1005
686
562
802
96
958
744
1001
466
612
71
261
51
1035
457
608
863
616
224
538
585
537
565
665
97
338
584
545
1520
750
1030
728
86
1091
526
174
1091
574
329
827
544
61
537
621
595
81
897
528
576
58
633
985
492
571
39
634
315
531
169
240
617
65
156
132
999
593
702
51
165
706
878
1094
933
627
593
535
121
561
562
649
431
473
590
786
904
494
179
1120
538
183
1050
574
1177
804
n 90 k 5
679
103
592
1033
1089
438
542
821
82
538
569
933
170
356
118
971
68
618
392
425
891
1334
641
716
372
577
595
980
574
908
121
300
469
257
540
1192
128
116
86
871
132
463
902
118
959
748
393
715
461
369
118
62
716
984
693
584
764
244
1258
170
569
242
1099
477
605
91
183
105
1063
864
134
1104
552
88
42
250
1097
1086
752
641
608
837
872
176
903
130
1150
1048
993
504
655
441
525
608
909
66
188
560
253
472
n 100 k 5
1311
837
185
461
620
598
1092
1028
102
553
446
69
572
1302
778
802
767
994
218
624
858
1134
1131
572
555
732
629
527
83
757
78
651
385
743
556
90
72
346
593
718
899
1076
865
650
527
616
604
1465
570
1009
1204
1016
617
836
709
691
584
530
752
86
214
89
1347
1160
312
1037
117
109
88
563
1064
535
586
204
802
696
601
115
661
618
79
471
983
244
198
564
1594
165
1182
400
72
371
112
1234
1003
556
1083
555
1135
1031
n 20 k 6
22
49
467
410
15
512
483
17
8
916
14
471
469
15
7
11
22
280
469
7
17
13
466
467
16
172
146
14
7
469
10
466
16
409
37
10
481
13
906
153
499
11
305
258
46
166
476
480
482
27
11
25
29
11
361
497
476
11
88
8
13
181
483
348
17
15
6
470
155
12
505
26
506
8
11
126
188
460
9
485
479
284
10
16
61
23
479
366
28
464
15
472
12
231
10
8
16
14
5
39
n 30 k 6
488
17
32
172
475
686
20
475
18
26
626
499
470
466
490
19
474
47
508
481
111
473
20
14
15
14
484
547
73
503
60
43
12
521
17
21
493
10
18
516
599
76
493
24
561
118
571
19
30
540
30
489
19
38
36
87
19
27
74
463
535
512
528
147
21
50
170
478
152
48
507
55
28
118
29
14
58
469
367
468
16
99
22
560
589
471
40
198
478
47
548
21
97
85
23
14
512
141
31
17
n 40 k 6
25
14
113
20
141
499
126
312
59
527
223
118
66
845
29
564
479
487
244
186
932
501
512
47
816
41
106
34
42
468
494
700
45
688
532
44
523
492
192
100
24
572
545
490
504
478
483
22
89
72
532
929
30
27
273
474
728
21
39
334
554
483
475
480
643
274
476
515
45
14
489
502
553
497
187
541
46
469
507
31
475
498
495
40
601
838
113
499
620
30
34
43
802
55
951
549
491
709
17
752
n 50 k 6
82
836
540
39
119
565
39
35
580
1004
599
507
493
573
57
264
535
506
1053
490
500
650
482
28
1016
536
67
39
161
55
596
972
62
131
42
27
524
646
512
47
489
288
308
391
930
481
79
500
125
237
119
306
53
54
496
286
31
28
502
44
500
673
583
563
526
27
1105
43
891
936
87
993
873
572
344
115
540
506
196
522
520
39
301
527
526
509
123
532
322
729
294
484
35
1005
486
35
101
77
524
389
n 60 k 6
677
513
583
672
232
91
45
767
609
542
715
681
54
910
972
815
77
671
54
1138
534
262
135
233
485
991
144
512
1185
533
738
526
556
493
892
504
98
639
570
393
565
551
154
534
42
129
69
492
106
838
289
673
37
770
514
227
536
206
26
200
507
496
222
996
529
349
732
555
369
551
150
81
727
634
485
610
1120
36
776
66
960
975
52
61
954
771
582
196
520
594
524
681
311
1021
987
501
143
600
263
299
n 70 k 6
538
503
266
1045
1083
772
665
593
505
76
1170
1471
333
61
740
954
422
816
1384
1383
525
636
120
273
648
561
959
1264
714
445
548
1052
761
528
237
288
711
471
137
454
1077
46
533
763
1003
562
258
565
596
598
791
535
646
210
72
68
1033
503
76
1006
719
263
650
908
996
1041
534
986
467
556
506
993
98
1045
510
65
100
999
516
997
679
524
1063
634
611
602
1043
279
542
523
69
36
1197
692
857
1056
56
88
841
535
n 80 k 6
1378
932
53
623
263
134
532
661
151
981
743
1503
867
990
541
853
1625
966
568
975
192
596
196
989
824
1427
178
308
1392
373
570
75
724
979
863
508
544
52
169
1348
1487
777
143
494
129
86
780
51
952
76
175
98
1193
571
538
669
971
760
1129
765
650
640
605
1295
140
530
525
513
604
568
799
194
1101
555
280
781
103
1096
532
965
1098
183
1124
1176
1014
310
548
1438
541
1041
562
599
708
959
745
642
600
980
1437
983
n 90 k 6
656
1455
234
1542
631
950
1228
690
60
1890
872
1014
1033
739
1351
599
1529
662
557
541
840
699
539
566
248
79
690
704
673
626
50
678
700
590
935
567
1125
143
805
1482
735
625
296
734
691
80
426
620
787
834
983
119
54
1460
765
1146
573
705
1129
600
627
58
774
1434
734
646
65
1066
700
156
372
49
1332
1051
808
96
743
1259
1450
1018
260
1888
696
1172
715
907
92
764
1073
1246
1045
167
908
973
536
1028
865
163
46
1053
n 100 k 6
1194
676
303
976
943
1278
901
749
1025
534
939
329
160
579
966
651
981
216
576
1045
106
239
392
770
1404
612
560
716
640
1040
609
208
139
991
739
1071
1195
1015
1121
1584
1437
1116
581
224
1044
730
772
565
1531
1111
944
684
1100
859
118
114
611
549
725
475
1022
737
543
1300
1156
336
1491
342
772
1449
616
1449
958
1056
552
97
318
322
1092
689
315
1310
559
612
281
1650
1030
630
203
1167
1069
607
205
661
1153
575
524
1044
957
1094
