n 20 k 2
6
10
9
9
13
11
16
10
9
7
13
8
9
5
14
10
15
12
9
12
10
9
10
12
11
9
9
10
8
10
12
12
12
8
11
17
7
10
11
11
11
6
12
8
10
10
9
12
10
10
7
5
12
14
8
10
12
10
8
8
9
13
8
12
7
9
9
12
8
9
8
9
15
14
7
10
9
9
13
9
9
11
9
9
12
13
8
10
13
10
10
14
10
12
7
12
9
9
11
8
n 30 k 2
9
19
9
14
15
17
13
12
15
18
12
13
14
15
19
14
16
10
22
16
12
15
18
15
20
17
21
13
13
12
17
15
13
19
8
14
15
14
14
16
12
11
13
10
16
14
21
15
10
20
15
19
17
17
18
13
14
18
17
15
16
12
14
12
19
13
22
21
12
12
19
18
18
16
13
15
16
15
15
15
15
16
17
17
17
14
11
12
19
17
13
18
15
11
14
14
15
18
13
21
n 40 k 2
15
22
19
21
17
17
18
25
20
19
17
20
17
23
20
24
22
19
20
19
26
18
16
17
21
22
20
19
18
22
25
18
20
26
17
19
17
19
14
22
13
17
26
19
21
21
21
18
17
18
17
21
18
22
20
21
23
24
18
20
19
17
21
25
19
19
22
20
19
20
15
17
21
19
20
18
24
16
16
23
22
24
18
19
17
18
21
23
20
23
14
21
17
18
16
14
18
23
22
22
n 50 k 2
25
24
20
29
21
26
30
31
30
28
28
22
22
28
20
22
25
28
27
22
25
23
21
29
20
27
23
20
24
28
23
28
25
25
24
21
19
23
26
26
27
22
31
23
27
25
18
28
22
17
20
20
25
28
22
25
22
31
27
25
23
27
26
26
29
31
24
29
26
21
20
22
25
26
27
27
29
23
26
26
20
20
26
29
24
22
25
22
27
23
21
27
18
25
24
29
25
29
22
21
n 60 k 2
28
32
32
27
29
28
31
20
33
29
31
29
26
29
29
25
27
26
31
31
33
22
30
27
30
26
30
32
31
30
30
31
25
23
30
32
33
28
23
24
27
32
32
33
22
32
28
34
27
36
26
25
30
35
31
33
33
27
27
25
29
26
25
33
28
30
29
25
27
29
27
26
29
27
36
28
32
39
30
28
25
34
25
29
35
24
25
39
22
27
26
25
30
34
33
30
33
27
33
29
n 70 k 2
29
38
38
36
36
39
26
37
33
38
32
39
30
29
32
34
36
32
38
31
38
34
34
35
32
28
37
41
30
31
35
31
36
33
28
37
36
41
36
28
32
38
35
33
32
26
32
31
28
35
26
29
39
29
38
35
34
39
34
36
31
29
30
36
32
29
31
32
32
37
29
32
25
39
30
31
37
32
33
32
35
37
30
38
33
36
37
40
37
35
35
40
40
32
36
36
32
36
35
47
n 80 k 2
41
36
36
42
39
35
37
37
31
38
42
37
41
37
34
38
45
44
40
34
41
38
33
46
35
36
41
40
42
39
42
39
35
36
43
41
38
37
35
32
37
35
40
31
34
38
35
37
36
36
25
30
43
44
41
36
45
41
41
36
34
49
36
41
34
42
34
45
45
41
45
32
32
37
33
41
34
38
35
34
39
42
44
43
32
43
38
41
38
37
44
40
40
45
42
42
40
34
39
36
n 90 k 2
43
47
39
43
43
50
39
38
45
39
47
36
42
45
42
40
41
40
39
47
46
45
41
42
47
43
42
50
38
41
47
45
47
42
51
42
42
43
43
47
38
51
39
48
42
43
35
42
44
41
43
42
40
51
42
43
46
43
42
44
44
45
47
48
47
45
46
49
41
36
49
44
45
45
53
49
34
43
48
43
41
47
51
46
45
41
37
42
48
44
43
49
38
42
42
36
40
50
44
37
n 100 k 2
46
58
53
53
46
47
45
55
55
54
53
50
50
42
53
33
46
48
45
46
47
46
56
48
43
46
46
49
46
40
46
45
47
50
45
56
48
43
45
41
48
51
53
48
55
42
52
53
54
49
51
49
55
48
55
47
47
52
51
51
49
50
60
54
44
42
49
59
53
45
51
50
49
48
54
53
50
44
41
55
45
46
45
47
51
43
54
49
49
44
47
50
48
49
45
46
52
44
47
54
n 20 k 3
10
10
60
22
42
10
34
6
13
33
9
17
16
12
23
31
22
20
10
12
31
15
9
26
21
98
35
24
15
15
13
9
7
33
16
10
9
17
8
12
28
23
10
10
15
60
22
19
21
21
27
9
30
11
13
34
14
19
11
13
6
15
11
13
19
10
79
7
34
14
16
20
13
25
19
17
13
15
18
22
56
7
15
23
9
11
19
16
21
13
13
11
12
17
14
12
9
14
12
21
n 30 k 3
13
18
26
23
68
21
23
54
14
15
122
23
20
59
29
21
29
14
32
21
27
20
24
33
37
15
22
50
25
43
16
22
19
16
20
6
16
23
24
19
35
29
36
13
20
28
19
87
25
14
19
56
18
17
15
24
20
21
34
24
40
23
12
20
27
21
20
22
24
30
33
17
16
18
22
12
24
22
34
17
21
31
18
51
16
18
55
17
25
21
47
62
17
22
52
16
20
27
22
14
n 40 k 3
23
39
150
32
21
40
29
25
40
24
29
32
21
21
31
22
19
33
139
28
21
16
37
86
64
18
32
41
29
30
57
27
37
20
28
29
26
31
16
31
30
29
18
62
42
24
28
23
33
52
79
29
18
41
32
36
35
26
25
36
38
51
26
24
27
57
54
26
43
31
39
16
26
28
36
24
35
36
20
61
37
42
23
16
62
23
34
33
33
72
35
63
26
30
23
21
25
39
21
52
n 50 k 3
48
62
41
22
26
60
56
61
66
60
38
44
42
112
26
85
82
92
122
24
46
59
56
62
19
33
58
54
21
75
46
59
87
67
50
34
72
53
43
29
30
44
40
61
53
35
27
32
48
108
87
48
38
101
116
48
28
29
33
60
22
35
39
41
37
376
22
59
37
32
47
23
74
39
37
34
35
76
57
33
28
28
37
28
73
104
45
41
23
39
34
43
35
97
40
36
37
28
29
31
n 60 k 3
54
56
38
70
42
31
44
43
50
53
38
75
43
65
55
49
41
39
43
32
51
36
39
45
44
42
96
58
32
29
46
42
50
67
113
39
31
72
44
52
39
66
44
67
47
31
82
31
157
38
50
49
51
62
42
27
30
125
55
41
68
38
137
108
57
50
150
45
62
72
162
44
37
42
127
49
73
43
130
45
34
176
37
82
36
31
46
45
30
48
44
56
67
73
188
76
40
51
44
118
n 70 k 3
91
85
35
29
36
40
43
60
62
85
45
46
179
62
57
75
64
75
96
120
40
56
72
112
47
72
166
77
67
50
50
134
47
61
42
43
54
60
202
44
90
75
44
68
178
83
42
76
106
63
43
56
75
62
56
76
77
81
113
59
134
58
42
62
86
61
46
110
44
60
154
63
46
77
54
40
62
63
108
133
44
37
73
51
74
45
36
54
78
175
86
295
38
44
77
80
62
53
55
38
n 80 k 3
52
51
55
128
66
32
78
47
69
63
60
72
65
79
235
80
65
62
71
81
57
125
63
47
69
48
62
66
175
58
59
35
135
43
67
68
59
52
65
61
57
48
131
94
96
342
51
52
59
58
112
91
171
211
50
80
38
54
138
54
64
59
99
216
155
54
76
61
41
77
225
59
58
345
150
229
67
79
66
50
46
105
64
191
60
69
82
176
66
55
56
55
51
53
42
69
88
56
44
50
n 90 k 3
61
89
88
166
50
102
89
68
84
70
110
92
90
74
80
62
74
88
116
128
89
78
76
231
55
86
128
103
70
61
66
63
124
129
160
75
59
90
133
56
110
169
84
70
52
83
199
95
95
56
92
318
239
82
163
87
54
242
57
64
291
74
68
64
75
66
44
108
183
68
102
95
62
108
72
60
58
110
70
88
67
89
83
243
66
74
71
60
55
71
73
59
69
95
57
83
66
75
88
88
n 100 k 3
164
107
233
60
106
190
127
86
121
96
160
67
104
90
114
272
221
74
92
56
62
63
84
75
123
70
87
58
54
106
69
137
136
121
162
79
107
67
126
102
73
67
66
172
103
188
198
91
79
83
115
88
123
85
62
110
62
50
158
91
165
292
108
62
127
68
66
94
147
90
102
152
108
123
87
76
113
86
229
68
60
117
80
80
104
80
176
113
67
137
92
69
87
67
90
74
94
158
73
90
n 20 k 4
28
15
9
8
438
12
180
78
25
13
28
15
18
18
21
10
5
32
16
15
13
10
45
14
13
15
350
34
12
11
12
12
19
37
400
162
43
184
8
17
27
160
13
207
50
50
20
17
117
126
141
11
28
26
174
14
52
25
13
18
14
14
19
85
14
57
44
13
65
9
20
8
14
8
32
140
9
10
15
11
172
68
148
11
226
26
132
18
9
29
5
7
23
14
32
20
232
99
32
10
n 30 k 4
64
124
16
74
14
113
304
100
19
196
25
440
43
151
19
24
28
30
22
214
26
114
21
130
26
27
24
28
24
46
28
17
13
474
25
18
140
25
19
25
81
23
16
225
65
15
19
177
34
89
22
26
480
15
270
114
57
27
58
14
482
32
46
13
37
19
118
43
15
146
203
148
40
174
104
17
45
347
198
24
40
20
27
21
469
321
47
18
12
15
280
20
23
41
45
30
68
480
32
13
n 40 k 4
503
66
42
111
37
316
219
26
27
40
125
41
12
496
123
191
57
515
44
33
95
48
37
35
490
60
400
73
28
498
140
116
25
26
485
179
103
135
157
175
22
28
147
72
486
22
84
504
459
469
451
28
192
114
70
23
12
484
26
23
42
89
214
31
28
334
62
160
185
30
110
23
25
47
33
34
35
139
28
43
21
31
50
98
50
98
26
252
30
29
29
70
34
424
34
57
29
101
70
72
n 50 k 4
119
60
40
77
66
118
259
132
184
360
35
58
48
314
496
49
57
30
32
51
44
484
31
36
39
493
198
378
84
141
33
31
67
298
74
313
39
46
248
35
415
76
69
200
136
59
71
490
67
187
693
73
497
484
60
33
77
259
29
35
121
31
133
111
214
165
60
121
104
491
53
123
558
43
502
61
111
43
125
51
518
515
263
278
504
58
94
38
342
151
28
73
492
327
215
82
45
558
93
412
n 60 k 4
47
36
45
55
101
376
36
500
65
29
102
81
214
50
581
36
83
85
197
103
72
64
411
439
98
551
62
65
52
177
560
56
75
252
36
35
56
41
130
49
57
51
93
55
21
74
237
80
38
31
39
42
46
339
135
85
111
493
135
62
32
217
105
64
494
50
53
42
58
73
337
512
71
42
46
317
491
103
66
34
57
549
379
81
83
62
45
48
511
81
537
47
48
103
57
62
128
127
87
58
n 70 k 4
636
135
97
261
683
148
101
73
79
527
53
475
108
662
308
54
633
76
58
120
110
408
409
536
59
52
151
564
335
508
512
64
65
60
68
97
166
138
501
111
134
77
47
531
559
95
212
108
94
70
56
44
97
42
57
55
152
570
497
277
101
153
558
522
72
527
325
437
372
208
217
82
584
55
67
78
546
231
69
71
68
63
49
171
508
140
160
49
618
129
96
58
565
73
651
28
121
528
172
337
n 80 k 4
129
223
155
172
548
733
123
204
141
116
536
529
530
329
621
61
145
56
52
534
40
170
562
154
63
45
332
88
76
109
503
74
587
90
75
58
42
376
47
80
69
492
76
391
68
85
282
54
237
146
75
57
672
95
215
78
122
135
265
131
126
543
533
102
92
96
119
519
395
593
526
174
267
533
594
638
334
167
144
145
514
534
567
752
648
50
60
103
651
611
290
576
209
572
384
561
304
497
80
82
n 90 k 4
709
66
388
565
701
90
529
526
89
61
119
124
278
76
261
80
49
503
444
274
79
570
80
242
166
359
198
979
352
442
92
119
88
1000
243
73
538
467
93
88
84
197
111
76
99
59
968
543
553
61
305
284
757
293
502
199
545
473
156
529
56
55
128
580
101
117
242
358
569
975
237
214
507
61
107
571
66
85
91
161
54
90
654
128
125
151
193
313
66
521
995
128
66
164
66
285
44
141
516
89
n 100 k 4
152
85
73
96
609
631
272
298
529
550
368
134
98
564
191
107
324
165
513
136
138
97
123
126
105
214
95
243
70
514
89
270
140
175
196
185
547
594
532
146
86
138
175
94
797
564
102
81
699
218
110
516
526
100
574
129
706
151
129
720
59
603
845
143
414
522
440
74
1047
119
537
113
551
213
240
711
661
403
259
804
564
594
92
64
532
372
583
298
184
106
120
721
81
619
1370
150
246
661
106
387
n 20 k 5
97
132
95
93
95
17
18
15
21
30
469
25
286
16
22
9
5
430
13
297
27
384
22
471
57
465
61
25
12
32
29
13
249
22
207
12
387
6
449
291
9
188
12
14
457
464
15
463
12
216
9
25
52
40
16
487
86
38
10
37
248
19
10
77
10
8
11
23
24
16
124
65
60
12
10
80
70
29
113
14
481
14
390
302
10
462
25
63
27
14
18
20
474
22
470
481
41
11
12
28
n 30 k 5
121
74
516
500
485
57
37
32
525
99
16
24
319
48
180
33
29
44
21
11
491
280
23
478
21
26
22
103
22
176
14
481
163
482
464
32
503
14
444
104
553
32
148
486
482
152
266
507
159
144
286
193
324
240
11
18
469
425
476
510
53
161
329
469
469
488
26
17
200
491
60
46
66
475
501
85
229
30
15
19
27
471
492
122
140
468
209
541
45
18
25
34
516
665
15
27
20
30
473
16
n 40 k 5
685
39
42
121
48
27
541
32
535
173
558
369
512
481
65
670
34
34
525
497
32
46
246
232
23
474
26
42
547
35
16
43
496
506
42
125
36
61
23
58
506
28
24
484
489
244
507
20
62
127
151
427
25
28
51
545
60
131
21
497
25
509
522
75
497
520
478
542
621
467
505
302
466
28
63
478
108
29
45
270
21
42
474
23
478
565
73
494
26
536
17
310
564
524
84
71
62
31
495
492
n 50 k 5
75
79
55
243
47
80
203
79
45
23
162
587
80
1105
626
550
417
336
496
635
683
543
96
539
55
32
537
507
127
24
43
48
530
502
609
541
134
21
217
638
36
86
150
142
528
539
519
523
76
50
653
142
80
29
182
23
167
148
135
599
508
47
551
478
682
94
156
377
172
580
679
37
125
172
130
361
1103
634
1010
22
495
117
127
701
40
97
72
111
508
401
655
169
1070
64
500
324
28
169
46
517
n 60 k 5
1282
881
782
363
63
36
658
225
518
490
97
967
189
35
564
31
975
280
42
60
670
529
519
29
687
363
494
82
43
199
106
142
514
863
704
265
216
532
53
60
111
477
521
610
631
520
105
61
509
625
480
641
58
44
101
478
588
131
550
843
776
385
794
608
239
646
735
969
530
505
222
1000
598
556
542
151
536
184
49
511
206
49
203
757
37
545
507
395
112
79
76
958
503
55
504
86
523
943
148
427
n 70 k 5
141
131
54
132
1028
619
86
566
44
686
637
507
301
558
639
76
118
73
219
55
660
100
1025
609
964
684
528
202
58
522
547
1036
551
509
210
877
597
127
1149
758
530
556
530
655
601
62
756
1062
148
521
115
425
661
554
695
1047
860
215
564
142
838
518
679
842
650
482
54
751
972
84
69
653
66
980
559
615
634
536
613
405
574
507
521
649
544
505
512
642
659
962
527
58
67
806
204
796
923
633
529
745
n 80 k 5
409
343
537
677
1003
569
984
569
82
712
175
128
175
655
758
879
500
75
143
720
263
422
57
1110
405
1020
186
321
632
1044
1281
100
91
854
613
605
567
124
717
582
386
70
388
197
1231
160
532
860
243
588
985
508
46
540
608
474
946
701
1088
529
513
537
559
235
576
130
103
45
491
696
47
665
1439
86
56
578
538
652
988
596
912
918
50
1040
984
97
149
870
722
781
1003
1089
864
88
396
811
570
449
553
170
n 90 k 5
346
1052
154
579
344
804
300
465
556
967
518
718
716
908
1122
202
656
625
1223
178
153
589
523
354
188
1023
139
341
778
731
560
145
554
677
611
792
138
593
522
86
697
666
260
724
983
544
560
347
908
975
1118
106
134
1147
1108
101
699
499
514
562
566
561
1197
634
565
50
75
747
218
516
110
876
158
78
458
912
94
139
767
661
618
1097
493
936
582
1071
698
698
192
72
228
69
326
1190
244
531
678
1107
559
1044
n 100 k 5
648
1207
1048
101
85
823
553
473
1465
1182
683
142
752
578
1007
411
739
617
1038
74
663
1015
636
1250
573
992
1074
924
1079
328
619
1428
584
101
597
201
1078
224
1142
787
365
868
769
1015
861
587
59
878
694
1085
421
618
592
351
694
793
550
527
731
1260
169
711
79
632
1176
249
183
1093
1013
573
1564
578
476
596
1179
619
1525
607
529
626
1189
615
552
756
340
753
549
1184
688
1069
146
1025
1182
216
635
59
985
1034
1290
728
n 20 k 6
479
72
491
9
14
17
34
458
37
291
470
466
470
473
12
20
464
240
135
466
4
189
21
6
6
444
30
12
18
524
610
466
413
20
518
17
14
504
497
496
483
10
488
10
107
465
16
39
25
6
463
8
25
481
58
463
459
19
480
58
9
13
477
491
22
39
472
6
11
463
16
316
305
15
12
518
463
470
5
7
337
23
60
12
67
12
445
31
456
469
17
119
15
8
10
7
475
16
467
459
n 30 k 6
34
611
27
475
46
509
41
538
14
13
199
36
499
261
18
65
498
18
14
666
79
601
15
13
22
13
15
471
467
60
21
86
22
507
30
531
652
49
31
15
525
532
484
58
10
548
464
18
501
473
19
18
175
469
921
48
496
495
469
492
495
455
17
58
8
10
97
488
484
476
476
511
14
527
17
22
639
75
33
9
157
473
131
506
17
518
17
482
506
18
523
19
44
364
22
14
92
509
43
648
n 40 k 6
683
489
39
504
556
98
36
24
23
678
24
24
21
383
20
483
26
66
15
23
785
31
487
709
155
20
501
60
26
592
503
52
526
509
29
484
604
499
666
504
489
670
739
588
503
115
32
808
96
38
651
146
21
86
759
172
485
483
33
407
19
20
34
570
835
477
955
533
477
379
1009
826
62
38
612
501
38
23
534
71
31
605
484
513
110
18
550
25
684
490
22
97
45
41
35
682
942
381
74
492
n 50 k 6
112
683
486
482
548
477
1044
152
232
32
558
41
54
524
552
223
43
36
494
513
1015
109
81
131
117
643
68
148
670
1230
318
346
558
894
499
101
574
153
34
54
477
510
198
638
23
929
95
541
63
963
343
43
500
43
645
329
119
972
199
523
870
77
37
479
231
36
500
89
33
70
920
573
122
562
125
598
50
624
608
1018
644
494
1165
511
107
523
495
341
308
540
31
524
106
603
526
776
147
128
514
498
n 60 k 6
544
84
112
92
576
607
39
614
494
703
1216
599
755
864
169
680
679
505
365
612
628
130
226
906
490
831
1240
506
32
632
761
518
576
732
300
509
112
1006
509
1033
405
1039
507
1021
532
90
47
667
31
570
74
760
937
1159
973
533
72
586
1001
1049
663
79
72
616
570
51
563
140
102
534
692
242
511
557
508
534
29
527
894
1065
1070
50
543
168
56
65
830
516
203
1452
68
247
64
585
102
731
543
936
572
91
n 70 k 6
703
143
680
1291
708
595
503
498
668
521
68
544
1326
954
74
992
1024
70
591
453
1037
327
170
1117
757
520
236
597
1007
418
1403
965
500
105
611
142
67
821
562
527
967
658
675
556
108
598
218
783
1036
649
160
225
501
492
299
505
136
1064
185
577
678
489
941
841
373
1048
643
1051
665
290
973
511
191
88
379
123
109
500
548
180
78
776
704
480
74
194
91
937
978
558
598
654
617
667
622
946
109
457
567
688
n 80 k 6
864
57
926
769
797
57
640
811
513
508
894
619
213
1027
126
995
1077
97
140
580
83
963
896
1005
522
1300
990
1044
719
412
536
249
970
529
400
994
744
126
1203
591
521
731
571
935
1368
779
516
532
362
57
574
134
69
724
1050
593
184
574
555
174
105
114
625
793
617
1119
954
132
575
862
170
583
659
113
49
494
59
446
606
971
536
1034
1120
551
343
518
509
1050
917
1397
988
548
1490
599
782
90
681
364
774
619
n 90 k 6
628
805
859
309
719
1509
1508
661
566
974
78
1085
1398
1101
994
112
1069
851
539
796
748
639
103
76
550
766
135
534
225
851
1431
982
988
1481
776
831
59
527
984
655
583
507
567
527
713
438
1154
1328
994
555
480
549
991
1132
741
778
1146
561
70
667
713
1489
214
664
1148
1027
1570
559
708
62
521
609
594
1441
507
564
660
909
720
269
443
79
987
1076
77
181
727
169
1218
139
710
1444
72
556
948
527
65
1159
614
571
n 100 k 6
571
1153
575
688
564
552
1368
679
1098
728
130
723
1452
1201
282
574
1565
1273
1331
943
1048
1281
1004
538
619
1934
1005
431
1130
543
344
999
986
1871
938
577
122
1121
1003
612
1147
998
525
1077
234
64
641
1106
781
1160
506
1073
809
143
996
1353
955
180
932
1060
922
93
1452
1092
1282
1270
607
587
1194
1029
1884
504
695
849
510
1274
1173
894
315
829
678
1121
280
532
672
81
167
629
615
1024
1472
1553
1429
747
76
695
1259
977
1012
1390
