n 20 k 2
11
13
8
8
11
10
10
11
10
7
12
7
8
8
7
12
7
13
12
12
11
10
10
8
12
11
11
9
8
8
11
13
9
14
15
9
8
11
8
11
9
11
7
9
8
8
8
8
6
11
11
9
10
10
7
12
7
9
10
7
11
11
9
10
10
9
11
10
9
8
10
9
7
13
6
11
7
8
10
9
9
10
11
10
10
9
7
10
8
5
9
8
11
13
5
11
10
11
6
9
n 30 k 2
15
15
16
14
19
14
14
14
16
13
14
17
15
16
14
16
16
7
19
13
15
13
15
12
20
14
11
15
16
14
16
14
17
15
15
17
13
15
20
12
19
12
17
12
13
17
16
22
13
19
14
17
12
11
21
16
21
18
14
17
15
13
15
13
18
15
15
17
16
21
12
18
10
16
15
14
10
12
16
21
17
14
12
12
18
13
14
13
17
12
14
12
14
19
11
17
17
22
21
13
n 40 k 2
21
22
22
20
18
23
20
15
24
13
21
26
16
18
16
14
23
18
15
22
16
17
17
19
15
16
16
18
22
17
18
19
18
16
20
24
23
13
20
22
19
17
20
16
28
20
18
21
20
20
23
18
19
24
18
17
17
15
17
20
18
17
19
16
20
21
22
15
12
20
21
19
23
20
22
24
16
25
19
18
21
15
13
22
24
18
19
17
22
12
23
25
23
15
16
26
16
22
22
20
n 50 k 2
23
29
19
23
18
21
23
25
24
22
26
31
25
28
27
22
22
20
25
26
26
31
25
23
26
21
22
25
30
22
30
24
28
19
30
30
24
24
27
26
24
21
22
27
21
28
27
21
24
26
30
22
27
25
27
21
22
28
28
27
21
21
27
24
25
27
21
23
21
22
25
24
30
24
21
21
24
25
26
21
22
19
21
22
21
31
19
29
25
25
26
25
36
24
23
17
21
30
23
23
n 60 k 2
29
29
31
27
31
34
35
33
33
26
27
34
31
35
25
36
26
38
33
33
27
30
30
32
27
28
29
27
23
27
22
28
30
28
32
24
30
34
28
24
28
22
25
29
35
29
37
33
30
33
28
29
30
32
29
32
29
27
27
31
29
34
27
32
29
28
28
30
31
28
29
26
33
23
26
24
32
26
28
28
28
34
34
27
23
19
31
32
28
26
24
26
34
32
29
31
34
27
25
26
n 70 k 2
36
32
31
39
37
27
32
33
35
34
33
39
38
37
33
37
30
35
29
22
35
35
35
31
35
33
33
37
31
30
42
25
30
33
33
37
38
40
30
35
37
33
35
29
32
34
27
34
32
30
35
44
39
39
31
38
35
32
35
35
32
29
34
30
39
24
31
36
35
42
36
33
37
34
38
37
37
32
37
29
30
33
31
28
39
30
30
35
30
35
32
35
30
39
35
37
36
39
34
30
n 80 k 2
43
40
45
39
35
46
42
35
39
39
38
40
39
37
41
46
39
42
39
37
41
39
36
31
43
43
40
34
39
38
37
38
40
41
36
41
41
35
38
42
41
37
41
37
42
38
46
33
34
30
42
41
46
37
36
47
42
39
31
41
41
35
41
35
40
38
39
41
42
35
37
36
25
32
39
29
41
38
32
38
38
39
41
38
33
37
38
37
40
42
42
31
41
33
41
34
39
42
37
41
n 90 k 2
36
48
37
46
43
45
43
44
43
43
41
46
39
45
37
47
41
44
38
40
44
44
37
46
52
42
47
38
48
45
43
43
54
50
47
47
53
43
46
33
43
51
43
37
43
47
42
37
51
39
46
44
40
52
46
38
48
48
45
53
41
51
43
39
44
46
42
37
42
47
39
45
51
40
34
41
45
34
44
41
49
51
45
42
42
46
42
37
47
38
43
43
34
41
41
41
47
48
42
42
n 100 k 2
48
49
47
50
55
52
39
50
51
46
53
45
43
35
49
49
53
54
39
39
44
45
41
53
53
53
50
47
46
47
63
48
51
49
53
44
48
46
39
53
50
42
44
46
52
56
49
45
49
50
50
44
36
45
53
40
43
46
48
45
45
45
49
50
54
50
39
48
44
49
52
58
36
58
52
49
51
48
43
44
45
50
49
46
48
51
48
50
43
50
45
48
50
44
53
51
53
45
50
48
n 20 k 3
9
13
10
13
26
12
21
7
17
26
27
12
38
28
27
16
18
6
25
41
21
17
9
9
25
23
10
24
39
18
35
10
23
7
17
14
8
12
21
11
6
8
29
9
28
21
10
9
18
23
13
19
16
8
16
8
24
19
12
15
14
38
10
32
10
13
21
13
16
10
17
13
13
10
10
22
18
29
10
23
21
14
12
34
21
7
9
11
27
9
21
20
24
7
13
23
67
10
16
53
n 30 k 3
24
22
20
19
18
20
73
18
16
13
32
26
21
15
21
5
24
39
36
21
22
16
24
56
31
70
22
28
28
22
20
19
17
45
87
53
10
35
17
19
20
19
19
13
34
20
17
49
18
57
54
32
14
25
13
17
19
13
29
23
29
51
9
22
15
40
12
12
15
26
13
14
28
31
21
25
24
29
47
32
17
59
17
51
12
33
15
31
16
22
54
18
18
21
34
235
20
19
19
16
n 40 k 3
37
28
21
30
32
23
21
37
32
141
33
62
29
40
22
23
41
26
20
25
39
35
22
36
35
46
240
30
26
27
28
31
36
52
55
29
44
35
71
27
49
90
77
49
15
131
28
29
29
44
24
48
26
32
41
34
27
23
37
24
117
42
30
21
34
47
39
52
31
116
27
81
19
33
94
47
22
249
38
32
34
33
50
36
23
53
21
35
42
15
37
24
61
29
17
31
169
44
28
35
n 50 k 3
99
33
35
45
120
34
39
38
39
27
64
87
28
55
64
52
48
34
37
31
26
31
45
28
36
63
25
27
44
44
123
31
35
61
34
39
93
52
55
37
37
146
39
52
23
55
34
53
142
27
25
26
52
26
36
27
35
29
64
104
41
51
39
182
34
33
41
287
32
30
38
46
62
37
54
42
24
43
48
43
78
25
50
33
39
42
87
62
164
60
66
36
36
87
43
28
44
55
44
32
n 60 k 3
179
49
58
33
160
36
50
79
50
51
59
54
49
32
46
41
36
72
74
59
67
50
57
34
77
237
79
45
35
30
34
52
30
41
332
42
49
37
37
46
43
72
90
43
60
69
40
47
46
191
50
170
162
50
37
43
41
47
71
40
24
118
50
47
41
51
157
78
56
57
26
132
65
58
38
87
68
39
43
35
80
101
60
37
41
43
144
49
34
31
49
138
38
56
41
53
53
31
48
78
n 70 k 3
51
34
128
53
44
46
43
55
60
114
45
58
121
60
55
53
31
47
65
39
54
92
48
67
51
242
59
87
96
57
41
62
61
30
65
57
59
69
51
122
41
68
40
88
46
45
51
170
118
61
76
52
42
42
82
54
49
111
128
52
50
135
69
135
78
75
78
70
36
191
238
41
70
46
47
67
80
85
65
34
39
50
63
31
96
63
39
63
107
62
78
127
31
81
90
36
29
49
61
45
n 80 k 3
78
52
68
161
93
96
78
62
52
85
97
48
103
141
54
161
88
60
57
43
85
62
121
48
78
116
112
313
47
59
59
135
64
66
66
48
68
73
91
131
43
52
53
73
119
135
45
115
83
76
56
116
69
39
204
58
65
110
44
126
52
114
69
44
215
58
48
80
54
56
63
58
63
54
73
177
50
72
51
75
71
173
43
52
38
98
116
127
197
66
248
51
49
253
48
190
88
70
49
51
n 90 k 3
47
56
130
102
94
98
108
51
301
98
70
86
73
48
113
84
66
77
68
65
51
243
59
85
201
84
53
69
72
71
59
338
109
60
58
160
126
112
108
76
101
59
258
67
104
47
77
77
51
66
142
95
76
74
64
111
74
125
64
293
67
94
114
76
75
216
56
66
161
144
74
155
94
65
181
177
57
137
263
68
182
162
181
65
82
83
143
133
181
73
258
66
187
64
68
58
74
144
52
69
n 100 k 3
250
423
104
142
94
110
53
89
84
67
147
74
199
66
211
61
69
154
69
190
369
75
114
137
91
89
252
81
86
243
109
169
86
352
75
72
98
52
54
105
108
60
204
77
92
103
66
60
96
90
203
91
72
79
126
166
117
83
162
134
76
60
136
210
81
108
126
106
99
91
81
367
58
125
98
77
110
71
66
180
155
101
109
62
78
80
92
92
73
84
222
79
90
116
152
290
80
83
151
61
n 20 k 4
23
52
11
19
29
12
9
23
14
34
118
7
9
10
62
15
22
12
18
64
52
84
9
125
299
126
27
20
10
270
83
88
9
14
45
4
12
80
12
13
6
10
27
15
14
8
15
23
24
79
21
19
364
25
32
30
12
14
15
15
13
89
19
25
13
78
7
46
65
16
153
106
92
99
14
65
43
10
20
83
70
88
13
10
8
20
10
8
13
11
27
31
8
14
27
22
8
456
19
183
n 30 k 4
16
40
205
38
27
24
186
48
62
31
29
102
133
40
19
30
71
44
20
121
17
60
67
56
17
252
14
25
248
423
27
117
125
25
21
12
90
372
18
481
29
106
116
14
185
42
227
161
485
19
23
19
62
238
17
31
100
17
55
40
21
470
33
53
29
314
25
16
21
134
32
31
18
99
17
196
22
24
37
27
181
70
25
103
22
14
28
67
68
407
234
105
26
221
11
31
41
17
29
22
n 40 k 4
312
380
56
491
37
66
35
39
46
50
50
99
28
115
49
25
30
32
531
22
31
388
50
335
83
45
46
28
35
18
64
31
533
57
254
498
34
41
24
55
301
494
50
53
41
31
33
468
243
57
42
52
37
42
366
33
62
36
25
21
265
239
83
48
281
521
45
27
63
33
125
27
33
173
328
95
73
232
37
29
60
242
170
149
32
52
198
48
42
94
38
78
42
216
87
203
83
172
52
292
n 50 k 4
478
172
40
294
38
325
430
17
52
38
504
161
139
113
36
39
97
64
136
47
30
113
46
69
82
133
21
119
30
508
444
69
73
33
226
86
255
44
33
35
138
59
101
35
42
382
33
30
75
52
265
227
32
28
29
36
58
212
33
41
93
151
47
30
151
68
486
98
59
91
202
53
30
542
40
32
296
51
520
62
69
55
68
322
37
189
48
43
41
35
537
52
66
85
134
108
237
45
260
247
n 60 k 4
152
623
82
399
286
29
76
85
75
76
48
506
40
34
620
24
229
510
68
50
113
50
57
109
59
55
84
112
38
140
111
536
170
64
479
37
65
498
56
39
59
44
504
258
268
48
115
225
52
41
105
69
71
40
42
45
524
126
458
106
153
531
138
156
536
224
39
141
47
43
70
344
257
172
486
207
54
139
286
73
263
173
61
134
69
503
532
46
49
373
66
68
566
66
45
143
53
97
364
32
n 70 k 4
133
106
222
137
50
497
44
216
67
50
80
46
56
233
574
62
121
50
72
290
104
78
504
132
606
526
45
76
74
647
73
53
65
59
643
63
92
55
519
775
559
109
233
100
807
74
133
265
124
295
115
53
54
55
130
231
553
269
594
549
443
125
645
175
80
554
144
458
621
148
85
101
39
602
107
69
501
65
234
90
125
91
221
113
52
160
181
98
513
108
58
100
55
836
68
71
38
95
112
130
n 80 k 4
526
117
656
184
276
543
76
131
96
73
319
543
56
517
136
126
590
532
77
206
722
108
253
87
114
304
174
261
138
629
564
70
94
662
603
968
615
91
86
161
379
138
362
143
515
518
530
59
86
153
244
96
537
51
520
74
113
94
490
553
293
88
518
67
596
152
215
94
79
146
115
49
105
324
533
442
94
236
525
78
507
87
555
197
467
559
96
62
169
154
60
517
237
132
55
936
206
94
126
580
n 90 k 4
258
146
552
91
94
128
51
58
573
218
658
262
572
61
85
171
136
305
604
169
672
82
548
223
406
108
250
82
542
581
623
102
269
185
99
709
129
77
169
189
599
231
566
82
1017
359
526
559
281
566
979
148
590
76
526
85
566
765
95
83
527
553
80
693
728
217
354
293
759
543
257
797
160
95
200
625
355
133
986
615
679
78
507
68
670
378
108
92
79
268
825
149
511
572
562
201
89
84
154
89
n 100 k 4
538
84
81
72
526
526
79
191
634
126
121
751
123
177
164
671
150
589
618
260
115
127
733
228
82
854
203
555
98
167
160
155
633
548
386
1003
129
104
95
1027
440
728
548
326
146
202
295
156
120
551
598
153
55
168
438
107
87
86
601
473
75
225
93
1028
133
635
65
155
588
129
80
246
267
828
88
84
97
637
130
59
109
116
190
653
102
95
192
604
542
133
286
686
211
427
209
589
517
178
131
75
n 20 k 5
58
61
343
33
153
30
24
12
350
21
317
167
383
411
7
497
31
163
53
68
11
457
472
503
469
355
12
472
486
571
8
268
15
11
398
12
23
457
49
29
14
15
466
10
279
134
88
16
10
132
20
447
30
8
5
364
15
123
58
18
7
285
411
102
62
26
109
12
159
19
21
9
470
24
9
6
15
12
14
9
34
478
391
196
17
11
62
18
64
6
463
16
22
65
5
30
468
11
486
475
n 30 k 5
457
52
93
521
45
100
498
216
478
475
37
512
498
23
539
16
19
480
116
15
185
13
473
18
521
93
495
16
499
26
476
20
70
21
463
74
59
69
14
36
25
307
10
341
485
243
265
17
31
98
15
19
27
22
33
26
28
467
30
519
36
460
144
20
17
72
484
441
479
530
474
52
70
308
385
81
468
20
22
29
492
64
493
57
205
504
465
23
182
506
195
19
82
499
17
510
442
126
471
492
n 40 k 5
489
542
37
551
331
143
133
498
498
50
921
17
528
494
92
492
518
493
484
133
489
133
166
42
484
556
65
492
370
197
24
188
70
33
61
58
479
156
27
474
28
23
204
298
28
17
19
36
550
489
277
582
535
501
96
24
95
560
134
523
48
62
226
502
45
512
35
566
21
30
484
181
585
54
482
157
24
40
21
474
498
68
45
485
179
54
35
524
89
520
502
505
37
615
110
391
525
70
165
505
n 50 k 5
498
73
44
98
942
62
642
65
26
821
495
186
529
53
182
56
537
42
716
609
207
51
559
26
73
204
116
36
89
679
167
170
191
108
487
505
45
642
532
24
524
521
59
46
279
141
256
133
508
30
475
29
561
25
835
63
43
607
74
66
181
53
518
755
503
485
570
558
89
17
31
494
98
89
29
545
85
79
579
509
512
447
451
104
80
542
490
57
578
484
310
682
686
43
562
511
935
600
67
514
n 60 k 5
1036
57
137
575
67
384
500
997
910
515
712
556
31
147
489
631
140
523
506
206
902
165
546
495
577
467
229
70
720
56
666
286
109
496
997
707
53
513
751
505
64
56
599
190
633
37
530
688
596
544
176
514
79
40
241
334
160
390
112
518
155
551
494
596
533
45
251
586
479
249
90
340
557
628
265
579
66
74
31
59
159
333
313
172
517
611
155
68
666
75
145
502
1503
32
63
33
224
791
556
35
n 70 k 5
125
37
40
760
649
602
343
1155
61
1408
532
988
701
765
218
505
60
575
59
77
560
520
118
1010
96
722
667
543
578
67
302
596
1013
596
557
995
132
1353
199
531
82
577
144
67
139
572
683
1017
521
102
222
569
66
558
502
65
1094
536
49
591
490
830
610
982
512
555
210
552
519
45
468
519
596
555
213
560
991
56
566
142
49
733
519
555
887
564
348
159
588
816
549
670
94
650
736
293
603
335
134
185
n 80 k 5
86
766
311
261
83
602
1333
1081
779
218
585
356
137
742
633
783
551
446
671
198
547
850
1002
872
661
54
519
981
73
194
736
1430
166
289
265
999
558
101
602
1047
630
138
433
271
668
476
123
212
259
647
287
503
555
710
512
544
539
564
522
1096
1062
607
522
99
59
283
1046
1460
542
66
912
51
967
118
568
64
655
966
56
502
191
606
605
534
357
72
107
603
81
307
1272
116
497
225
355
968
90
956
764
294
n 90 k 5
326
174
538
304
163
782
71
216
75
769
1001
90
573
432
416
156
734
563
526
549
1366
829
1108
794
62
100
615
550
128
96
1215
96
116
884
556
117
1048
190
392
983
469
108
162
991
988
151
758
112
665
613
571
176
656
703
711
523
1214
636
95
95
996
1136
787
425
605
530
541
343
1119
1655
1169
669
695
735
1063
351
91
1077
207
708
109
540
284
132
423
156
71
70
1117
546
626
768
851
661
614
589
963
680
823
73
n 100 k 5
739
550
87
581
605
1008
1344
824
278
1014
1522
623
1280
1232
130
98
557
652
228
1176
1240
1023
389
232
578
720
1086
1096
154
986
634
977
173
109
1185
92
1010
1009
155
631
461
196
868
583
109
527
603
692
567
1024
1245
625
195
645
281
1474
488
1544
862
1091
513
1138
674
592
102
200
798
232
574
1065
77
1051
1233
557
573
526
638
765
82
1117
1238
421
776
371
1036
83
611
838
663
147
428
1093
257
388
1316
1380
587
724
1053
1625
n 20 k 6
39
459
20
81
484
475
477
8
391
920
456
459
9
22
31
34
491
14
463
6
470
193
465
11
43
33
458
447
458
14
8
491
12
471
481
35
11
453
9
8
678
8
456
8
14
472
329
32
143
45
27
221
22
470
43
460
9
10
478
8
467
148
459
8
128
52
288
552
468
16
11
16
930
132
488
463
21
466
470
11
30
8
461
23
365
460
55
7
920
10
14
486
470
500
25
459
14
10
10
439
n 30 k 6
595
481
11
492
32
608
48
94
468
469
939
573
271
46
17
495
17
33
28
579
38
495
478
33
268
58
64
18
7
494
182
28
486
470
467
34
16
21
50
540
89
549
144
23
503
479
30
142
519
462
503
766
19
536
20
33
123
548
81
495
195
574
477
34
544
464
549
505
483
470
18
15
465
495
21
511
15
82
15
483
564
500
23
481
497
22
71
464
542
565
22
51
471
482
473
45
40
508
485
469
n 40 k 6
19
145
160
482
29
463
645
500
546
19
24
634
36
537
680
509
41
27
75
569
437
656
49
37
33
535
64
454
656
544
66
492
58
544
221
35
475
530
38
20
493
424
47
492
280
521
61
29
546
395
500
520
590
19
504
324
35
508
27
103
505
64
511
586
36
220
503
22
114
149
597
1445
513
49
48
711
29
46
21
27
37
938
507
247
472
77
503
352
27
116
108
19
143
305
573
35
469
511
26
18
n 50 k 6
500
1065
59
450
630
41
496
50
577
79
485
661
562
385
81
81
404
70
586
980
24
217
958
134
515
46
66
490
509
497
504
545
572
288
473
106
505
291
476
572
23
562
555
92
621
553
42
551
1113
186
38
476
30
33
324
784
525
747
863
25
79
506
948
948
45
560
216
44
493
401
794
948
511
500
493
74
90
51
597
600
482
547
43
519
69
783
231
940
30
992
507
35
38
607
229
484
57
541
157
23
n 60 k 6
1088
255
107
53
946
591
302
58
43
420
725
504
531
1068
31
627
608
1378
701
596
607
181
46
490
532
103
290
531
477
36
95
41
55
423
490
60
519
200
533
498
67
340
892
633
564
970
55
503
70
797
1215
964
1187
33
514
557
1025
864
515
101
1065
104
480
844
539
504
528
493
495
129
319
560
497
199
96
456
1015
524
528
515
57
53
45
1039
941
531
882
762
510
1024
596
788
559
378
738
500
37
664
895
205
n 70 k 6
116
783
555
898
43
193
1043
57
1090
39
499
921
561
78
593
262
1486
105
658
991
51
1078
848
1085
584
85
509
1181
1198
599
724
995
608
568
331
573
968
613
84
1089
791
522
981
532
1005
133
48
881
488
1007
559
777
626
556
217
496
508
418
594
398
68
411
311
616
1177
107
71
59
1082
973
980
497
560
614
1001
51
804
604
561
1052
62
1140
1029
645
1192
107
248
563
93
619
565
573
503
528
162
575
502
68
1419
1436
n 80 k 6
812
514
1617
524
1539
509
1029
665
631
137
590
509
47
446
1541
526
1229
407
915
581
553
1065
1168
775
864
158
720
182
566
560
1008
1013
77
494
696
52
1091
999
422
1055
502
744
1005
1114
596
327
103
91
658
1451
1456
1173
42
586
311
102
861
377
538
595
646
602
101
543
1141
62
514
620
421
508
1336
601
582
609
1000
539
594
320
54
972
1051
717
513
534
679
535
51
1292
588
618
425
1100
520
629
610
1014
655
820
508
104
n 90 k 6
1057
581
1449
210
1070
767
1017
611
665
1246
536
798
554
722
507
970
81
1510
1024
60
1526
655
523
980
567
525
144
1075
634
1048
685
119
704
670
771
1126
1043
818
356
674
554
93
205
884
152
1089
801
646
1460
180
995
646
1052
1057
661
940
599
550
699
449
1195
742
203
1575
1331
957
1062
1307
650
520
535
959
605
1343
996
310
770
523
1132
1036
964
1307
558
583
824
489
1193
574
115
756
543
1511
773
476
1134
173
1021
525
750
608
n 100 k 6
973
1558
569
540
434
597
1282
722
1305
681
70
110
1039
1105
1038
539
819
1328
1139
599
457
1253
349
538
1156
1661
1024
1047
597
200
1001
1069
699
85
1002
1191
1035
1267
676
86
1470
653
1003
1095
112
547
778
993
398
685
123
948
609
1286
1059
167
879
88
672
1038
731
1518
822
1037
451
1532
1361
898
523
140
71
650
516
1053
982
1041
592
1233
1284
578
1694
620
1641
892
196
562
1450
874
911
1105
571
1366
93
1078
590
869
814
590
541
756
