n 20 k 2
11
10
7
11
13
7
8
10
7
12
15
8
6
8
9
7
12
10
6
9
8
8
13
8
7
8
8
10
11
7
10
10
10
11
5
12
10
10
8
11
11
16
8
9
5
11
10
10
14
9
10
9
11
6
9
11
11
14
8
6
10
15
12
7
6
5
10
11
9
10
13
9
12
15
8
11
10
10
11
12
10
9
13
10
10
9
9
11
7
14
10
12
11
18
7
9
11
11
11
6
n 30 k 2
16
15
19
9
16
9
10
17
16
9
12
11
26
14
13
11
14
14
12
13
8
16
12
18
17
19
11
10
11
16
20
12
15
12
12
12
14
15
17
15
14
19
14
20
12
14
13
14
15
9
13
18
16
11
15
16
13
16
12
11
16
16
17
12
18
15
14
14
16
13
10
13
17
18
18
11
15
11
12
17
13
17
16
17
14
14
12
15
14
12
14
14
14
14
18
18
14
16
16
13
n 40 k 2
18
20
16
25
21
22
19
21
19
19
25
16
23
26
25
24
13
18
19
22
21
19
22
22
17
22
25
18
18
14
19
22
22
23
16
20
25
21
22
20
18
16
26
20
16
16
14
20
19
29
19
18
18
17
19
24
16
21
22
25
13
20
17
16
16
16
21
27
20
21
16
18
19
17
21
19
17
16
21
20
23
14
16
20
22
16
26
16
23
17
20
17
21
21
21
18
20
20
18
26
n 50 k 2
23
18
24
27
22
24
27
19
25
31
25
23
20
26
26
26
21
24
17
25
28
27
23
24
25
25
24
23
23
21
28
33
21
25
19
22
27
27
25
29
22
34
24
24
24
28
22
25
17
22
22
27
22
23
28
20
14
28
20
27
24
26
23
19
27
27
23
23
25
26
22
21
23
23
28
22
17
19
26
30
29
19
24
24
27
17
25
25
23
25
27
26
25
22
34
27
31
25
21
27
n 60 k 2
33
31
26
31
33
36
29
27
26
22
33
32
25
23
25
33
27
31
29
26
29
28
32
36
25
27
31
28
34
31
33
25
24
35
31
28
26
30
25
30
36
31
22
31
26
32
31
33
27
26
31
34
33
29
29
28
32
28
32
35
31
27
33
28
31
23
24
25
37
27
30
28
31
30
35
30
23
26
25
30
26
27
28
28
34
26
25
28
25
34
29
26
27
27
32
29
30
36
32
34
n 70 k 2
32
35
29
35
33
43
37
35
34
34
32
38
34
36
42
29
30
39
36
27
30
37
34
42
36
31
36
35
33
41
32
36
45
35
32
34
32
35
38
31
29
38
39
33
39
41
35
36
35
24
40
35
40
30
30
33
31
38
34
28
36
36
30
38
41
31
39
25
33
34
32
31
35
36
35
31
30
28
30
37
38
36
31
34
33
40
35
30
32
40
30
36
34
37
28
37
42
36
40
35
n 80 k 2
38
29
37
37
38
37
40
37
40
40
31
34
31
37
37
32
37
35
40
39
40
29
38
41
39
47
40
36
41
39
48
42
45
38
41
33
37
41
31
42
39
36
45
34
38
35
42
41
37
45
40
36
37
46
40
38
37
37
41
39
27
38
41
40
38
50
39
33
42
42
39
37
42
37
39
38
36
37
41
39
31
42
47
38
47
35
35
49
44
44
39
41
38
39
42
44
40
41
38
37
n 90 k 2
39
45
43
44
42
44
40
43
36
41
43
48
39
45
38
45
39
45
44
47
44
43
50
46
46
46
36
43
45
46
49
46
45
49
46
43
30
52
46
41
43
35
43
45
43
48
39
44
45
49
41
47
42
43
40
42
45
38
50
41
41
48
41
44
46
38
49
48
44
56
47
49
44
42
42
44
53
44
45
39
46
48
48
45
46
49
41
39
37
46
51
49
39
41
47
41
52
43
47
42
n 100 k 2
49
55
52
55
45
56
49
58
44
46
51
53
52
46
43
51
47
45
44
48
47
48
45
55
43
55
50
58
52
42
55
46
54
50
44
53
47
48
53
52
47
42
50
46
50
44
45
50
40
57
49
56
50
48
51
43
44
55
49
54
49
56
54
41
48
48
52
50
50
53
45
48
46
46
54
49
49
47
50
54
52
56
51
56
54
54
50
50
49
48
51
49
53
48
53
48
45
47
52
48
n 20 k 3
14
26
18
21
16
11
16
11
11
23
14
11
10
10
20
11
31
16
19
10
9
11
18
17
15
9
13
11
6
19
16
9
34
26
9
15
13
14
12
15
51
11
24
17
6
10
9
12
14
9
14
25
30
29
16
23
13
22
13
27
19
14
20
11
32
12
9
8
9
16
11
18
19
10
23
17
12
14
23
17
18
13
21
10
39
34
34
13
10
65
64
11
16
62
30
11
13
18
44
16
n 30 k 3
24
21
20
15
13
18
24
23
10
26
46
62
17
22
55
22
24
44
20
14
61
30
51
79
19
20
21
14
43
23
34
11
23
17
39
28
14
37
18
18
24
36
26
45
19
17
30
29
63
35
24
22
19
30
23
20
24
54
15
31
18
30
13
25
77
20
52
36
12
10
17
32
61
13
79
24
37
30
20
33
30
124
19
16
13
16
18
35
18
35
16
19
16
62
12
23
20
17
10
20
n 40 k 3
24
24
149
21
72
70
78
18
26
27
37
60
44
28
27
25
46
30
46
45
27
32
42
34
24
38
22
110
34
27
29
49
41
26
97
90
98
41
21
27
64
35
27
34
23
40
36
31
35
74
64
50
23
32
112
49
30
21
64
25
28
21
37
20
145
44
41
20
78
51
28
27
39
53
22
21
93
31
30
46
26
37
65
23
19
37
28
36
31
33
34
39
24
88
19
39
30
24
59
27
n 50 k 3
35
33
38
34
27
26
25
21
33
156
32
33
29
63
36
44
119
84
36
57
25
68
34
26
44
31
37
30
50
28
50
80
23
39
102
44
39
44
93
54
31
55
32
33
39
43
36
44
31
36
45
26
42
35
39
39
26
188
78
33
58
23
44
30
33
34
51
62
29
54
47
63
79
78
40
26
474
38
43
48
43
22
41
69
164
41
41
69
69
32
65
49
86
95
69
34
44
34
62
36
n 60 k 3
34
45
45
106
102
36
48
34
31
181
39
148
60
59
97
47
56
43
32
41
49
31
37
62
67
123
175
35
38
51
52
37
41
72
118
53
80
33
47
37
101
38
34
50
45
49
60
69
30
30
34
73
39
114
84
31
95
49
49
30
43
63
40
74
150
31
92
51
35
38
43
61
43
38
39
32
97
34
36
37
240
36
93
38
50
31
56
43
62
42
45
78
60
55
38
69
65
51
48
55
n 70 k 3
93
60
27
41
69
109
134
71
106
55
50
44
49
60
44
183
77
84
58
69
45
40
41
43
65
111
171
40
99
43
50
58
89
56
189
115
95
80
77
83
43
59
42
74
184
128
119
41
47
50
49
40
104
193
88
39
280
68
72
62
54
133
49
50
201
63
65
50
35
52
73
65
45
60
46
49
56
47
39
89
56
68
80
44
55
73
41
52
39
44
142
51
40
61
50
65
42
61
45
50
n 80 k 3
130
68
43
188
123
92
57
50
81
61
52
84
97
75
64
68
64
132
51
215
72
84
108
62
68
106
102
44
66
101
59
74
106
63
51
48
57
112
77
232
306
66
83
40
64
79
122
41
61
44
192
44
116
75
83
181
63
79
67
100
121
86
78
65
61
59
52
81
136
82
73
59
61
75
124
68
86
52
78
55
223
43
52
64
58
42
54
83
65
52
65
77
58
48
87
61
68
82
64
47
n 90 k 3
70
72
114
141
59
81
153
70
64
97
140
111
91
148
114
104
77
299
172
58
130
53
61
58
75
68
50
91
61
87
81
67
98
64
67
89
69
171
81
64
57
180
55
58
86
46
94
138
150
205
70
115
54
93
73
66
50
96
183
79
64
64
61
62
63
86
60
99
66
55
140
132
156
236
69
69
109
226
122
82
38
80
199
67
49
54
77
70
142
51
50
256
89
60
51
95
59
75
72
101
n 100 k 3
229
71
87
161
77
88
83
199
94
73
72
87
64
57
85
102
84
75
385
74
259
181
110
62
202
78
78
179
45
120
134
111
211
364
58
164
70
116
121
145
61
153
88
63
69
90
88
67
112
56
113
68
179
131
79
127
67
57
85
88
119
122
65
65
173
86
58
177
64
286
113
79
197
104
63
150
127
403
134
199
175
49
101
108
73
83
72
112
89
72
170
112
393
98
56
39
77
82
96
194
n 20 k 4
69
70
62
13
9
4
11
71
29
10
35
36
16
34
154
20
20
45
5
68
10
22
17
189
9
69
60
8
24
16
8
68
8
108
11
13
21
12
30
49
8
14
13
22
10
90
13
10
14
12
15
13
14
63
7
13
54
24
32
7
7
32
67
12
116
13
17
66
18
21
19
14
113
40
35
23
19
11
29
13
9
47
12
11
36
107
22
42
12
45
28
145
22
5
14
102
11
41
15
20
n 30 k 4
15
40
23
142
481
102
116
128
37
20
298
28
28
332
29
166
23
59
473
300
67
45
220
20
23
10
17
19
19
74
29
13
29
35
474
17
30
48
25
149
58
33
211
28
238
473
31
18
74
10
18
33
84
18
23
17
109
32
19
27
18
317
18
20
55
177
25
35
16
24
35
186
40
17
22
69
38
44
134
52
19
28
16
28
149
13
205
25
29
234
114
14
87
21
18
111
31
44
21
18
n 40 k 4
36
299
157
38
30
48
19
50
76
288
33
98
61
38
24
148
31
21
320
310
40
25
39
24
477
22
372
32
61
32
24
102
38
18
272
476
107
491
62
83
23
19
141
28
23
37
24
70
51
479
48
29
158
382
122
544
35
107
250
36
38
123
61
194
39
141
27
491
185
138
134
41
166
33
40
20
175
328
29
501
149
29
89
28
239
193
57
40
54
27
242
19
130
72
21
27
377
324
73
47
n 50 k 4
43
226
131
41
53
34
214
320
256
608
466
47
588
119
95
445
115
354
33
89
64
99
242
95
144
38
200
131
41
42
486
384
40
470
549
28
382
34
232
51
500
513
123
105
333
79
111
395
348
38
39
40
40
320
552
250
75
63
41
38
539
133
138
426
712
91
49
583
497
35
376
305
140
120
41
59
433
30
27
41
41
46
345
136
388
45
46
42
545
28
139
44
52
239
176
499
245
111
511
24
n 60 k 4
47
79
614
57
91
186
240
583
61
504
32
64
156
426
33
38
292
34
83
510
286
248
498
30
73
44
37
46
42
63
83
77
542
99
43
50
352
198
97
516
123
60
379
500
54
102
325
95
52
71
79
125
85
112
45
267
65
94
36
166
490
502
496
146
568
82
392
55
507
83
60
58
93
34
137
57
87
46
44
33
272
97
638
49
104
127
66
493
46
59
203
68
41
48
35
102
553
534
429
503
n 70 k 4
506
134
90
576
589
808
49
394
99
505
82
116
55
75
51
525
83
624
80
227
58
113
576
67
64
325
54
533
519
130
52
67
103
118
102
362
67
591
726
48
612
170
82
138
139
274
275
46
54
537
64
219
55
557
91
64
38
58
92
63
82
61
75
76
64
533
136
64
545
236
45
56
72
234
427
95
531
67
589
46
512
505
675
506
115
63
76
96
509
76
561
253
139
54
169
503
35
550
419
65
n 80 k 4
101
539
198
379
190
99
529
215
252
736
58
115
125
90
533
135
644
68
82
88
110
540
532
628
165
511
194
555
526
82
152
580
87
58
98
79
84
65
627
84
144
49
538
69
468
58
188
115
210
559
502
79
95
417
341
100
63
159
107
69
491
56
360
58
221
54
177
88
69
109
337
637
178
560
53
106
236
280
532
137
510
124
95
54
743
622
68
67
89
630
47
100
534
102
52
505
126
81
194
226
n 90 k 4
606
188
66
537
167
96
90
341
401
113
611
157
279
211
676
92
544
557
498
362
545
107
520
86
166
621
206
67
575
99
237
76
528
176
662
308
70
480
180
286
263
102
250
183
71
240
173
54
142
539
870
599
549
383
577
198
581
168
582
292
538
332
706
621
75
89
194
283
577
152
594
115
377
163
148
58
68
695
185
153
231
72
585
195
623
241
329
71
102
79
560
860
526
580
534
688
83
612
661
129
n 100 k 4
828
205
107
150
641
93
597
120
578
259
981
313
647
614
151
87
838
70
169
304
93
190
110
826
253
335
381
251
85
153
175
706
98
78
169
105
106
110
362
532
112
585
559
722
104
216
608
571
167
570
694
191
210
641
140
111
67
85
52
846
1011
516
89
419
109
573
453
742
87
228
236
580
70
818
573
84
620
96
670
1020
613
179
106
543
97
512
65
619
329
500
180
379
286
585
269
593
338
249
91
89
n 20 k 5
464
95
475
14
466
17
10
17
11
389
25
8
13
51
471
6
179
10
68
126
468
203
10
38
10
60
75
23
16
11
8
474
141
64
13
79
6
266
461
13
24
188
492
16
240
308
71
8
469
11
17
21
313
508
13
34
263
53
57
484
10
19
12
298
11
13
18
462
18
475
10
12
465
462
6
11
33
9
10
10
9
25
465
11
284
161
89
17
13
20
16
139
370
37
4
24
425
410
19
10
n 30 k 5
539
140
478
507
463
16
15
11
30
35
475
58
490
478
74
347
67
575
925
471
15
558
474
368
450
98
54
22
23
142
478
19
24
350
478
227
17
480
481
482
42
353
19
342
22
305
13
921
466
76
330
48
195
28
213
41
18
131
544
27
83
62
561
689
470
39
16
479
28
18
475
19
18
33
472
470
517
489
18
177
330
20
391
14
11
14
39
37
16
71
69
32
32
33
481
522
77
16
35
488
n 40 k 5
95
516
110
32
136
65
526
211
37
508
333
30
496
474
70
26
532
49
178
506
31
229
42
79
179
151
101
22
474
478
38
51
500
43
498
212
28
490
319
107
491
44
198
523
31
221
493
486
484
42
804
496
108
936
557
23
506
28
57
650
494
21
88
73
509
83
492
221
111
25
61
160
247
131
55
127
59
39
485
50
518
570
539
22
91
28
26
66
60
42
492
38
480
532
22
569
526
521
557
25
n 50 k 5
330
121
43
565
489
63
57
575
32
37
147
126
528
309
677
247
663
42
255
535
235
518
514
633
73
485
566
583
479
213
74
517
36
86
97
681
62
39
534
509
518
491
415
59
642
211
627
584
507
37
35
96
498
32
533
513
543
703
51
498
363
56
102
141
954
66
506
24
210
416
633
571
44
155
170
486
495
344
84
544
44
649
750
538
509
777
512
46
543
101
28
47
162
521
38
765
31
86
76
1021
n 60 k 5
611
571
58
85
89
736
519
506
77
528
552
554
1122
263
1048
491
517
544
744
556
802
589
197
247
46
511
680
511
510
124
68
560
71
69
218
33
169
163
78
38
215
158
666
544
46
508
162
960
544
510
99
396
527
732
528
541
603
693
139
957
519
548
546
509
106
174
33
722
536
38
225
67
937
101
42
166
526
55
493
109
976
522
595
542
75
514
1002
578
47
543
868
953
562
844
508
303
101
518
44
705
n 70 k 5
229
78
83
726
71
57
536
726
49
520
507
566
59
148
652
159
69
85
120
186
55
611
643
521
539
249
509
98
179
72
468
520
173
540
78
115
304
517
114
187
652
880
508
552
105
662
1154
78
693
534
595
393
650
512
677
62
55
64
565
49
38
1234
513
57
537
76
688
856
576
520
176
964
560
1132
91
368
58
1023
53
187
592
664
751
1105
313
515
136
210
590
167
965
519
1119
557
133
45
253
179
87
513
n 80 k 5
675
579
525
512
765
554
596
110
542
702
556
116
91
170
254
680
561
532
122
561
683
60
243
396
67
334
802
556
682
939
989
387
715
565
342
969
565
676
165
539
956
110
405
111
85
616
827
532
160
443
286
571
129
54
125
299
1019
148
843
1084
508
572
587
587
1094
506
699
162
515
990
515
850
450
1141
507
603
729
644
1122
655
105
87
501
531
144
250
714
868
418
169
624
974
508
195
547
1253
361
178
100
547
n 90 k 5
81
525
822
981
1163
904
329
521
577
500
169
257
536
118
728
411
523
251
684
615
84
64
589
724
367
1033
653
1109
136
445
164
1032
376
348
679
944
626
900
428
164
487
791
94
860
102
185
587
1200
390
1169
321
369
609
627
68
81
1008
1230
88
508
569
59
100
248
657
725
1290
438
1051
567
1092
172
691
934
755
579
57
686
499
531
61
1253
561
322
1025
527
749
1050
243
717
1160
1467
839
610
88
577
67
778
563
530
n 100 k 5
239
567
572
166
119
1017
176
637
98
617
264
1024
523
973
853
532
625
83
539
553
548
596
1236
71
214
670
794
293
132
512
1073
230
996
250
1017
536
139
535
656
871
1058
717
1108
148
83
96
832
461
675
676
281
1614
151
598
804
249
258
145
1100
146
1140
542
546
881
1002
675
1563
734
615
655
530
763
465
781
209
579
1417
755
558
1124
717
1206
1084
584
132
203
1048
606
599
121
539
82
976
1415
774
1107
130
83
704
836
n 20 k 6
85
16
38
70
42
12
25
404
21
50
46
356
11
22
194
941
481
225
19
12
5
462
20
917
459
27
489
459
403
6
20
25
539
19
473
509
46
471
6
460
57
175
337
13
30
34
13
468
132
7
10
468
46
30
17
26
11
478
18
21
23
478
58
11
28
474
28
11
12
473
17
12
353
498
9
483
464
482
181
914
83
9
18
464
463
9
62
39
24
11
15
181
56
29
488
472
12
8
6
478
n 30 k 6
30
519
479
78
44
91
479
15
79
44
39
35
465
507
516
195
89
497
99
75
270
481
25
523
18
485
58
14
405
16
50
24
100
12
473
25
57
540
495
38
470
543
25
532
469
114
601
495
17
27
7
501
16
481
160
82
109
542
20
529
588
483
470
21
34
678
941
527
500
101
423
496
39
484
483
9
19
9
33
525
154
61
20
568
482
186
497
476
50
20
476
467
79
13
462
640
511
477
23
16
n 40 k 6
527
45
528
119
37
22
509
50
614
26
478
86
482
474
573
533
550
532
21
26
25
478
535
62
485
549
168
111
43
480
988
505
522
21
55
28
541
176
19
490
491
627
480
18
487
545
677
508
595
789
23
783
30
519
782
29
38
674
510
509
92
483
22
49
26
955
155
37
184
526
52
520
486
178
95
399
22
566
349
148
487
70
476
19
40
35
94
23
535
79
679
30
500
63
504
546
521
587
40
509
n 50 k 6
100
698
568
416
572
38
206
128
768
837
156
512
52
416
531
494
490
491
766
47
41
514
1161
522
796
483
271
96
987
550
287
556
926
975
743
535
502
456
867
518
153
724
291
483
484
955
1010
1043
499
242
494
99
161
34
49
511
38
516
526
175
101
636
92
48
953
53
508
90
38
535
38
492
476
492
372
29
122
273
27
973
517
485
782
638
805
48
587
576
974
288
48
64
514
41
600
561
90
617
310
162
n 60 k 6
581
496
1096
685
983
762
649
515
611
509
493
962
58
110
555
45
1011
557
440
552
563
67
561
952
404
940
135
570
755
76
521
585
862
964
484
651
519
978
1215
991
547
597
201
536
1078
38
40
527
748
518
62
587
75
37
533
114
420
464
1027
101
82
800
31
588
174
509
519
30
1044
867
704
986
47
375
1157
553
31
893
256
92
861
374
57
74
1071
523
65
234
1085
543
100
1059
494
893
486
185
499
498
666
1117
n 70 k 6
384
503
838
992
551
84
44
533
1090
557
781
768
738
527
186
990
516
535
1103
422
560
796
540
524
622
603
244
107
521
78
975
86
925
375
672
528
1212
519
766
523
923
194
87
603
896
537
49
510
571
1006
1364
716
99
34
422
304
141
189
519
741
1034
677
725
482
517
46
57
946
362
674
837
63
187
360
534
526
782
320
45
1021
1014
610
195
84
652
1011
809
879
176
968
553
547
1124
221
252
582
52
51
622
57
n 80 k 6
1127
55
1437
213
1393
1439
417
505
101
382
533
845
1014
1155
741
994
345
801
951
1562
806
521
310
749
578
1121
175
687
188
1084
232
1149
191
76
544
512
572
123
600
603
560
61
1053
558
982
979
674
1276
618
137
960
713
449
1053
859
912
970
574
600
1060
1216
609
44
969
1092
806
756
549
1068
67
124
70
577
1281
1017
506
1298
183
1057
299
735
821
248
60
132
1271
129
553
520
1549
37
1038
51
589
992
253
1051
897
223
635
n 90 k 6
648
831
861
82
570
1053
1058
1300
697
999
655
827
700
1003
594
1192
514
627
1416
50
98
730
1078
332
730
1596
598
108
911
1170
1103
393
1633
813
652
74
600
884
934
1166
1111
530
60
1093
1433
226
982
543
1093
622
1013
1725
559
78
316
688
922
1039
172
522
113
1262
607
190
958
167
846
811
185
708
800
1428
232
583
536
613
534
302
541
1015
88
383
1013
830
571
979
186
213
245
74
1918
1120
982
1120
897
1216
836
562
529
114
n 100 k 6
202
1231
1281
1969
555
1516
669
770
775
970
1984
592
150
716
1077
1027
278
375
1268
1148
1126
424
869
1123
1010
1005
603
1038
600
792
644
534
399
674
1154
979
207
985
61
585
1108
776
894
762
554
1063
560
997
1184
1006
1219
693
1594
999
252
1108
1066
442
975
1218
900
569
142
1014
1344
93
1048
795
1525
1220
464
772
182
600
1111
881
1044
273
1394
1621
655
1837
960
833
1142
1191
711
1134
137
247
677
348
1334
314
825
1005
225
620
1027
678
