n 20 k 2
10
9
11
10
16
9
7
11
10
6
13
5
9
7
12
11
10
10
9
14
7
8
11
6
9
13
9
11
6
8
13
12
9
5
9
9
11
9
7
8
12
9
9
10
7
9
7
14
11
13
12
16
7
10
8
12
10
8
10
11
13
3
8
9
7
11
11
8
9
17
10
12
14
17
8
11
6
9
8
12
11
5
11
8
7
7
10
9
8
10
11
9
8
9
7
13
11
7
6
8
n 30 k 2
16
9
17
17
11
18
10
13
16
15
17
18
11
14
18
18
15
24
12
18
13
16
15
11
12
13
15
16
13
13
14
15
10
17
13
15
15
14
18
11
20
11
12
12
11
15
14
14
12
14
14
13
19
12
15
13
12
14
14
18
16
15
15
12
12
16
12
12
18
13
18
14
11
19
12
12
13
18
17
14
16
15
15
16
13
20
13
12
14
16
19
11
18
15
15
12
17
13
11
13
n 40 k 2
18
16
23
17
19
16
20
17
22
20
22
17
21
14
20
22
25
21
22
19
16
26
19
17
18
22
22
19
22
18
22
21
18
18
18
19
24
16
17
18
24
24
24
18
21
25
14
23
21
19
18
24
21
16
23
22
19
21
20
17
25
16
23
16
19
22
18
20
21
19
19
21
20
15
20
19
19
21
18
22
19
17
14
21
18
23
22
19
17
25
20
21
21
22
19
13
23
21
20
21
n 50 k 2
20
24
24
28
17
20
25
23
23
24
21
29
23
27
24
19
23
26
22
25
22
22
26
17
22
27
22
25
25
26
28
25
26
20
22
21
22
23
21
20
24
21
26
32
34
21
28
26
23
23
28
25
21
22
18
23
22
23
20
24
25
25
26
18
28
29
26
26
25
26
18
21
23
22
23
26
23
26
31
23
25
26
28
18
22
25
25
20
27
25
29
21
27
25
20
26
25
26
27
30
n 60 k 2
30
35
29
30
26
31
31
23
33
33
25
23
31
35
29
34
28
32
22
26
29
32
32
32
29
30
29
30
30
29
31
28
31
26
30
21
29
30
42
31
28
24
26
29
26
29
32
30
29
31
31
29
34
29
34
22
33
25
28
32
27
30
35
24
20
31
27
28
32
31
26
27
25
33
31
33
32
25
28
25
26
34
29
31
26
33
29
26
34
33
28
26
31
28
22
31
28
31
28
33
n 70 k 2
42
31
34
34
25
41
35
34
39
30
38
35
36
33
34
25
34
37
29
38
38
29
31
29
38
32
37
33
35
30
30
32
38
28
35
32
32
30
36
35
34
33
35
39
38
33
34
32
37
41
37
38
33
37
36
35
38
30
33
34
35
36
34
29
29
36
33
33
38
28
33
36
32
37
33
26
38
37
29
31
30
31
29
32
36
36
29
40
31
38
40
26
30
33
35
45
34
23
33
33
n 80 k 2
43
41
38
37
35
44
41
40
37
37
41
39
37
33
35
36
39
43
41
42
43
32
43
41
40
38
43
44
44
34
37
33
37
46
38
45
43
37
39
41
42
40
46
36
37
37
41
43
34
40
37
38
42
44
47
37
42
34
38
41
39
40
41
41
41
38
36
35
40
35
42
33
38
38
36
39
37
41
41
39
34
39
36
36
40
32
30
44
35
32
39
34
43
39
46
36
36
37
37
37
n 90 k 2
44
43
45
48
41
37
45
40
45
41
46
42
48
52
43
40
44
38
42
40
53
39
46
39
48
50
42
46
42
38
44
47
44
43
46
47
45
41
41
44
42
45
46
40
49
48
43
45
46
45
53
37
44
44
45
34
45
49
42
38
38
40
44
40
40
47
47
41
39
40
45
43
59
46
43
47
44
42
51
43
56
39
49
45
42
41
44
47
40
52
35
43
45
48
39
45
49
44
51
49
n 100 k 2
49
47
42
52
48
48
44
49
48
52
52
51
41
52
56
47
49
48
49
54
48
57
50
48
50
53
48
48
46
45
50
53
50
48
47
44
53
50
50
48
55
59
50
46
47
47
55
46
46
46
60
55
57
51
48
51
44
43
49
40
54
53
50
48
47
39
40
50
52
56
48
53
54
48
53
44
45
52
45
54
49
48
47
46
47
40
56
47
49
46
46
51
42
53
50
58
49
47
50
43
n 20 k 3
17
11
19
9
11
9
14
18
8
21
20
13
10
20
9
9
11
8
13
10
10
29
37
15
16
14
31
35
8
23
111
5
15
24
8
9
13
10
17
18
33
10
20
13
32
15
24
28
9
16
21
11
15
8
16
12
15
13
15
13
12
16
9
24
18
35
12
16
18
8
11
15
15
15
18
23
10
7
9
15
11
12
9
10
12
22
9
15
11
20
13
11
11
12
16
18
72
28
24
8
n 30 k 3
14
17
16
21
19
15
33
15
37
24
14
29
21
18
34
28
18
87
50
25
16
15
31
13
16
26
16
20
88
28
15
12
43
40
22
23
28
32
21
19
16
20
55
34
44
39
75
20
18
17
20
20
14
22
14
18
54
38
19
31
24
20
78
14
15
16
20
24
18
17
19
45
44
126
20
35
21
121
13
20
22
21
56
27
17
33
24
26
14
37
40
13
73
20
13
54
22
23
57
29
n 40 k 3
25
25
30
24
31
24
31
87
16
28
26
39
35
35
33
44
30
20
23
21
36
31
42
65
21
24
26
25
55
27
69
28
13
23
40
49
23
26
20
53
39
33
37
38
54
30
24
17
69
28
33
29
57
22
26
50
24
46
46
29
60
48
38
40
19
24
23
21
28
110
54
47
20
27
40
17
28
19
28
34
36
26
31
67
42
61
24
46
18
26
49
17
125
39
119
60
43
28
40
19
n 50 k 3
68
52
83
44
28
81
93
27
29
55
43
26
30
136
23
39
43
34
41
53
26
23
61
98
95
43
40
35
30
39
56
42
29
46
28
23
109
86
129
19
40
62
54
56
110
146
49
132
30
32
58
40
44
47
47
58
36
36
72
70
71
40
39
118
29
42
42
47
33
38
100
69
30
22
34
33
30
33
39
48
34
78
62
24
67
49
56
37
41
41
27
43
74
49
25
32
29
118
49
23
n 60 k 3
51
37
34
105
103
63
117
50
28
57
36
90
57
33
44
25
32
94
98
79
68
42
90
87
115
28
47
31
71
72
64
30
41
52
90
54
50
90
77
86
55
43
76
45
36
58
134
64
38
59
35
43
47
44
49
53
47
51
36
50
80
55
49
49
29
118
44
39
75
43
59
61
39
54
62
45
56
48
46
80
38
41
63
86
115
43
47
68
40
46
59
38
59
76
35
68
37
31
45
31
n 70 k 3
41
53
66
81
107
49
36
71
44
79
69
64
140
96
55
44
109
84
70
53
80
47
81
62
53
39
112
51
120
82
45
82
57
106
80
61
56
128
131
70
45
56
48
64
57
54
90
42
97
55
176
57
41
39
56
142
42
65
65
116
38
96
79
49
66
61
44
48
47
57
48
55
70
132
52
301
43
196
66
128
188
55
73
55
34
64
82
32
47
43
61
81
46
142
47
45
55
36
48
115
n 80 k 3
120
117
82
86
257
49
48
52
86
56
65
68
202
101
68
55
60
73
93
79
50
57
81
176
153
63
73
131
93
84
72
56
79
135
38
58
99
90
41
151
59
63
65
139
129
172
61
65
54
54
148
65
73
104
56
89
80
99
74
51
123
137
98
252
44
59
62
70
43
56
66
75
61
68
312
68
209
58
117
64
82
51
57
81
142
65
53
66
100
84
57
196
45
148
47
67
59
46
178
67
n 90 k 3
57
69
70
94
59
63
165
60
171
71
86
75
157
64
117
137
70
54
397
187
95
93
64
80
103
104
66
62
65
126
52
64
220
110
292
75
47
100
145
80
113
69
71
63
68
67
75
85
48
70
70
70
55
98
63
54
177
77
135
72
82
94
50
252
65
75
54
68
51
68
89
133
46
60
89
64
76
64
100
65
97
276
66
106
102
52
131
70
83
75
133
96
68
105
78
125
84
67
71
78
n 100 k 3
97
212
80
166
65
79
75
280
123
55
122
145
289
88
72
101
84
321
69
73
92
60
65
83
68
69
88
98
82
245
213
76
85
60
70
120
85
111
110
260
75
209
165
65
83
480
88
79
88
111
76
83
103
46
55
148
83
452
84
90
105
66
70
95
96
70
64
74
82
99
195
75
71
145
87
320
88
98
73
64
187
76
71
62
53
78
99
72
333
59
173
90
65
68
69
72
72
66
71
93
n 20 k 4
175
105
259
8
9
52
17
352
10
10
13
13
11
8
10
39
81
100
30
23
45
13
86
11
14
18
10
24
18
186
50
48
197
17
12
15
134
13
8
56
12
72
30
15
16
49
20
37
191
13
70
11
139
65
9
58
36
6
69
107
13
40
13
19
16
20
140
10
8
63
9
14
141
14
9
15
19
72
11
25
13
9
11
185
9
11
419
96
20
12
14
9
15
13
314
14
11
22
22
39
n 30 k 4
45
55
73
44
21
14
89
14
183
471
41
30
26
30
18
25
38
41
21
25
49
41
25
465
40
459
65
59
16
298
46
24
14
16
47
14
80
34
28
17
25
29
14
41
21
165
12
17
17
47
184
20
35
48
19
276
18
51
197
24
15
65
16
49
177
24
30
97
19
368
111
12
25
184
16
17
32
290
10
259
22
29
56
24
27
28
47
24
17
134
33
54
49
35
102
37
17
322
18
17
n 40 k 4
545
60
185
28
255
39
111
42
110
255
215
203
159
49
36
42
20
20
50
93
441
458
482
63
22
28
28
17
23
36
29
112
22
108
30
33
77
32
23
195
16
30
353
48
63
555
115
180
30
25
35
29
241
130
103
44
483
34
29
27
166
22
80
37
58
349
54
175
22
314
76
25
29
24
51
45
524
208
312
30
26
89
415
18
29
40
40
238
24
390
17
46
19
28
76
33
42
178
254
243
n 50 k 4
29
37
170
48
411
38
55
71
488
71
32
39
43
160
128
44
431
215
86
137
36
43
319
492
32
48
38
70
526
25
488
487
116
489
45
483
122
73
524
354
40
107
40
59
32
29
478
37
65
49
167
32
41
41
58
59
125
103
66
488
34
255
32
61
587
43
493
483
276
510
37
115
152
407
104
495
44
30
23
299
130
88
50
74
43
36
490
193
201
82
352
174
78
39
43
51
84
30
41
40
n 60 k 4
531
68
501
37
154
447
109
508
303
61
336
148
49
62
764
741
96
305
459
168
551
79
505
281
64
249
198
39
84
506
92
224
423
51
498
540
567
313
333
245
55
513
194
81
499
514
506
75
56
62
88
589
253
188
84
46
171
539
275
98
68
297
65
36
66
116
503
53
156
41
483
148
190
55
115
171
569
277
33
44
272
211
449
312
502
608
81
467
68
272
75
51
558
59
34
70
84
25
559
39
n 70 k 4
80
205
55
551
76
690
56
102
180
380
39
184
47
545
89
207
59
528
513
597
368
43
590
61
43
510
567
275
48
125
42
517
480
97
71
577
64
134
62
245
402
505
72
76
73
69
277
512
500
91
75
115
107
536
62
63
91
89
555
59
106
89
122
83
590
549
557
241
606
675
95
85
114
539
304
81
540
999
140
517
83
142
447
82
83
97
352
78
52
249
67
504
632
145
100
673
222
265
523
81
n 80 k 4
556
93
89
517
701
644
183
95
174
291
125
147
53
97
116
156
147
560
502
342
639
179
548
577
469
69
193
226
56
47
124
498
164
105
63
781
780
337
146
193
72
70
624
525
57
197
118
174
377
213
171
188
569
503
163
188
578
675
171
85
228
224
640
516
50
632
295
186
92
552
137
1039
91
440
505
78
170
216
98
78
50
71
527
750
111
75
407
115
66
76
180
64
613
93
98
71
562
142
247
228
n 90 k 4
507
1000
67
149
65
73
542
170
972
109
150
101
153
594
615
257
645
229
91
402
104
115
140
188
167
549
196
113
89
89
562
75
43
482
518
75
63
42
589
74
108
333
222
217
122
616
82
111
634
99
270
744
584
84
73
93
344
225
159
225
87
180
224
383
573
63
64
185
44
125
525
119
202
563
65
603
599
191
90
117
519
59
82
171
600
67
64
91
269
246
113
222
69
170
59
521
738
558
86
744
n 100 k 4
386
191
184
191
608
584
583
551
235
645
75
133
321
71
591
617
116
560
94
229
639
158
56
544
97
505
708
692
577
248
75
71
485
100
763
421
161
539
117
281
491
625
755
457
214
162
144
158
207
574
595
158
559
555
558
570
185
73
588
698
209
536
107
319
527
78
102
387
614
643
726
823
552
98
94
559
701
57
547
168
685
429
818
293
99
300
375
459
519
86
378
599
562
135
162
253
212
730
126
74
n 20 k 5
28
37
12
48
40
39
27
185
11
467
92
171
35
468
17
78
11
13
19
490
79
16
85
32
25
35
355
468
18
14
9
170
74
599
34
12
51
4
16
10
10
53
19
102
74
7
43
29
89
33
361
28
398
245
13
102
11
36
479
41
30
12
39
464
9
25
21
81
26
547
14
105
4
10
132
269
20
480
13
470
8
13
8
12
37
28
241
258
167
11
208
5
98
31
491
479
18
40
15
17
n 30 k 5
137
503
325
477
26
12
510
227
38
19
48
477
18
30
472
13
23
119
16
445
508
270
19
464
13
18
28
21
29
237
375
956
512
510
534
14
288
15
19
6
19
487
499
477
22
25
54
40
461
476
20
45
524
484
18
49
137
128
481
16
54
323
363
12
66
52
22
14
52
16
494
18
22
474
521
26
469
23
512
141
58
17
49
224
33
21
111
21
25
135
21
105
239
58
38
401
470
26
75
472
n 40 k 5
21
493
517
538
91
17
39
475
474
577
21
40
49
469
435
480
183
476
253
602
37
553
484
86
737
490
29
653
506
43
565
500
275
478
502
466
58
588
41
44
160
558
42
27
34
557
615
497
633
79
645
36
516
24
17
666
23
535
33
20
156
34
19
303
88
543
496
61
479
115
54
62
24
491
68
49
483
633
94
489
47
22
500
27
98
24
61
137
525
513
31
48
95
43
540
96
512
81
66
23
n 50 k 5
61
92
487
54
500
729
553
121
207
667
41
492
490
155
552
45
125
303
489
562
745
638
577
443
499
559
110
154
514
121
265
40
212
509
540
350
494
104
65
556
230
35
486
492
632
156
502
165
703
53
72
529
64
33
167
515
557
44
964
585
506
125
338
524
486
1176
668
26
48
57
650
582
487
106
531
31
290
35
599
36
535
36
48
57
82
104
958
37
38
499
314
33
28
130
37
38
61
21
92
845
n 60 k 5
1026
515
186
247
504
523
58
43
956
488
659
502
273
511
831
944
179
628
494
1014
221
559
536
553
61
517
91
913
583
39
378
560
47
302
620
524
538
368
58
606
532
342
302
491
436
555
142
79
898
507
118
566
117
62
54
37
111
614
667
504
531
520
567
314
205
126
584
538
112
517
731
342
434
546
91
533
72
175
105
55
583
50
728
56
216
54
508
54
638
107
73
605
138
502
645
531
70
964
782
516
n 70 k 5
80
612
551
164
116
568
197
597
99
278
528
56
145
524
52
243
714
556
238
63
894
245
894
533
89
454
179
511
55
570
95
148
315
281
320
109
75
303
78
85
125
607
69
57
47
960
581
1010
70
582
386
635
554
570
616
569
259
1016
129
1011
45
1062
43
523
140
379
173
439
892
464
70
118
174
289
230
225
800
93
131
634
132
505
279
61
603
162
981
319
543
131
148
520
525
804
539
1028
150
736
570
547
n 80 k 5
131
92
723
1001
535
77
575
219
390
119
443
49
604
1097
344
525
510
476
1029
215
579
624
1072
527
684
674
102
420
219
63
1021
540
737
735
555
923
605
118
275
106
67
1017
556
538
768
510
175
784
546
85
692
512
1025
1204
108
49
560
383
1228
895
139
329
549
133
524
42
1021
85
446
1163
525
659
834
117
531
518
497
1015
607
61
880
556
563
181
182
595
177
552
1074
523
131
123
163
86
563
576
600
516
1164
934
n 90 k 5
481
1118
1003
1124
349
61
195
119
1129
516
1022
1052
520
69
557
563
1066
113
66
471
51
611
1121
682
721
626
543
577
211
586
562
504
630
555
1002
362
778
367
177
578
541
754
1100
987
834
1000
603
575
550
163
685
227
1016
198
100
969
556
808
661
598
252
1399
146
1477
977
584
192
395
1230
142
558
554
1049
1002
567
1027
967
145
850
599
742
534
572
1008
896
221
690
1220
519
535
316
751
633
157
611
240
750
1375
565
608
n 100 k 5
356
308
595
1522
254
698
576
252
1068
668
67
682
181
639
173
764
1121
963
344
1422
914
675
696
649
619
546
638
650
751
365
568
600
939
540
255
561
628
666
1081
523
79
276
515
74
803
1030
600
564
1267
692
254
765
1105
919
1036
850
235
979
370
626
580
649
442
482
1365
943
1000
1039
611
136
1501
1024
717
1087
1050
989
565
538
597
829
944
990
981
400
204
196
88
271
1348
115
534
166
1047
1371
1019
694
220
1073
515
1101
n 20 k 6
473
497
11
91
126
681
909
6
911
37
37
12
16
26
20
326
18
256
512
28
472
403
124
25
13
7
300
20
114
466
54
20
18
12
484
24
12
10
908
14
22
209
564
22
10
181
15
473
425
139
490
307
27
485
13
469
325
14
922
510
10
33
467
498
916
344
145
459
26
15
38
523
21
7
76
203
109
20
413
8
7
465
475
5
479
12
495
8
483
490
239
15
463
7
341
22
8
924
35
7
n 30 k 6
469
517
55
22
14
517
502
16
31
15
22
512
91
504
139
49
480
598
469
20
59
349
497
16
22
928
513
470
521
520
211
15
199
525
24
22
534
47
136
504
498
24
21
23
23
30
26
486
604
507
468
553
14
14
47
154
547
282
472
62
67
485
16
512
483
44
481
494
122
65
33
541
270
20
634
101
480
16
14
519
28
16
14
559
484
16
499
572
245
466
411
43
44
14
542
497
564
480
473
15
n 40 k 6
24
49
539
790
512
492
512
68
53
183
476
64
26
100
509
497
548
149
498
505
510
100
25
567
862
592
310
108
61
542
784
891
501
30
19
24
26
487
318
55
31
523
52
169
493
501
504
163
58
43
796
19
229
471
217
489
444
42
33
539
511
35
475
123
940
474
557
44
542
25
507
39
561
488
643
22
541
93
21
22
715
129
96
25
205
541
80
17
193
499
483
40
565
54
105
493
473
474
109
507
n 50 k 6
168
492
520
496
69
490
508
562
480
533
1170
85
124
29
984
23
31
1142
512
750
554
519
335
355
524
497
964
741
89
1278
488
530
120
44
597
22
489
42
135
673
49
58
489
30
483
660
530
1442
51
113
733
691
526
123
51
52
938
503
544
811
501
617
35
1016
574
59
881
491
578
63
976
503
516
487
1005
50
219
612
490
516
634
137
487
225
25
500
117
165
129
490
33
526
997
35
509
357
580
211
38
773
n 60 k 6
973
150
1313
595
540
682
687
886
191
1054
664
663
1029
877
80
520
902
52
990
324
546
52
1016
583
607
431
635
521
706
554
1073
549
729
539
561
50
30
642
597
239
632
694
483
566
497
54
937
841
80
56
109
514
37
68
656
68
523
548
959
442
513
270
139
154
988
504
48
120
501
509
503
131
855
390
807
64
61
545
498
497
507
49
193
646
1058
38
194
509
525
641
558
526
482
438
539
80
95
1236
516
452
n 70 k 6
503
523
143
822
995
588
105
1075
610
389
431
488
509
57
986
220
823
1083
552
907
269
42
264
78
80
110
1013
493
573
533
331
38
521
532
525
529
1003
495
282
528
960
995
407
118
653
535
532
268
45
576
628
57
673
500
998
307
540
1102
150
77
175
555
282
526
873
949
588
637
506
918
636
734
1055
278
622
69
980
72
511
514
131
75
788
497
997
79
1046
316
1154
998
213
64
333
973
1006
737
997
37
1024
918
n 80 k 6
542
1342
632
702
103
549
846
524
628
564
695
783
725
985
519
984
1311
772
835
731
1189
902
530
308
685
565
512
548
49
94
529
1040
578
645
1369
246
521
290
320
1154
964
152
721
174
600
861
554
624
543
545
1135
511
533
986
345
820
925
563
583
986
1156
980
582
492
635
517
1464
658
1065
1518
989
1034
673
519
258
657
587
1396
369
1135
219
502
1023
191
401
426
858
643
800
596
1606
291
1069
862
996
1068
66
528
127
542
n 90 k 6
638
308
1236
812
177
977
632
578
1080
783
242
638
966
794
530
1094
874
1482
1208
1075
116
162
559
145
237
535
470
1292
523
665
851
1175
527
1064
713
1169
587
554
50
780
553
538
545
537
1058
599
1190
1058
556
773
749
542
219
1543
742
992
971
1484
1226
92
574
740
131
578
80
1222
595
573
1060
553
762
610
1507
1382
544
667
958
1149
207
52
641
102
1073
698
245
1560
531
245
517
1391
688
857
684
93
116
900
527
430
884
732
n 100 k 6
1108
891
571
1905
712
776
800
94
705
588
1056
1436
1587
730
607
123
716
773
100
636
590
995
723
560
2035
630
937
1063
122
601
1400
511
1498
1151
671
814
995
988
164
687
950
669
677
640
1573
263
559
170
595
1537
795
1580
1601
135
973
624
1483
807
801
805
551
540
552
513
348
203
719
1546
272
940
926
156
1452
803
1062
1070
534
997
1572
1391
797
1411
394
592
726
595
626
1996
836
1003
831
475
965
1384
1077
921
1088
89
1449
1377
