n 20 k 2
9
16
7
12
8
12
10
11
9
8
9
11
12
5
12
6
12
9
8
9
13
13
13
15
9
6
9
12
13
9
8
8
8
9
10
7
11
11
6
11
6
7
9
8
16
7
8
7
9
7
12
14
14
6
12
10
10
15
7
13
11
6
14
10
10
11
11
6
8
11
11
14
11
10
7
8
9
8
10
14
12
10
9
13
9
17
12
8
8
12
10
11
9
13
8
7
16
7
9
7
n 30 k 2
14
14
14
17
15
12
16
12
14
14
18
15
14
12
17
19
13
11
15
15
16
14
15
11
18
17
13
14
14
13
17
19
16
17
20
14
15
12
12
10
15
15
17
17
14
16
17
16
16
13
16
15
13
14
13
17
16
18
12
15
14
12
11
14
18
17
13
19
12
13
13
17
17
12
19
18
16
15
13
12
9
17
14
15
12
20
16
14
11
10
16
17
15
13
17
10
15
17
13
15
n 40 k 2
29
19
22
18
25
26
19
21
22
18
18
25
23
19
20
20
19
23
22
17
14
15
19
18
21
15
19
22
21
21
21
20
20
18
26
18
18
23
22
17
23
19
18
18
20
14
18
17
20
23
17
19
18
23
16
20
22
18
18
20
18
16
22
13
18
19
22
25
21
20
23
17
24
23
16
20
25
20
18
23
21
23
21
19
22
19
22
25
19
21
17
20
15
18
15
18
22
21
22
25
n 50 k 2
22
24
21
24
22
24
28
25
26
24
28
22
25
28
24
23
23
24
25
24
31
33
26
24
21
25
27
22
27
22
23
25
25
21
25
16
28
31
27
21
23
22
23
21
25
27
25
24
23
26
23
27
21
22
26
25
26
23
24
27
26
21
26
29
22
22
25
19
27
25
29
24
25
26
30
21
24
21
21
23
29
25
31
30
26
22
26
25
27
22
23
20
28
19
25
25
23
29
24
27
n 60 k 2
28
34
39
21
26
39
22
34
37
21
31
24
24
29
28
32
27
35
32
30
30
26
35
31
19
33
25
31
24
30
26
29
27
30
31
34
28
28
27
30
32
34
28
30
30
22
32
26
28
34
29
32
27
28
30
30
27
34
28
28
29
28
23
29
28
28
28
35
24
29
26
35
28
30
26
36
25
26
27
34
26
24
31
38
28
27
28
24
29
35
28
26
27
28
32
27
33
24
31
28
n 70 k 2
38
31
37
35
30
38
31
30
33
37
31
41
29
37
41
37
33
32
36
31
44
35
27
38
35
31
38
34
28
31
37
30
37
34
40
29
35
34
32
26
34
41
31
36
36
39
28
35
38
36
36
35
29
35
33
34
35
39
35
35
34
28
37
41
32
38
30
34
37
29
36
33
38
37
40
31
28
31
30
38
36
29
38
43
30
40
27
31
31
34
32
38
33
35
26
33
33
35
39
35
n 80 k 2
38
38
35
35
44
34
38
41
43
41
41
40
46
39
37
45
36
38
34
39
31
42
44
36
36
38
32
37
40
41
41
40
41
33
37
44
42
34
38
34
34
40
39
35
40
40
43
36
42
35
42
46
35
43
44
41
42
45
39
35
44
46
44
40
36
37
42
43
31
45
37
46
34
45
36
40
38
44
43
49
34
42
45
38
42
38
40
41
38
31
39
34
37
33
41
37
41
40
39
34
n 90 k 2
43
37
48
42
39
46
48
58
45
36
48
36
49
40
51
58
42
51
47
45
44
55
43
44
39
42
42
43
43
44
41
47
43
45
48
49
40
41
36
49
38
41
40
41
41
39
45
45
43
42
44
45
44
50
40
46
41
41
40
46
48
29
51
40
45
43
39
44
40
46
48
46
42
35
41
38
39
44
38
47
41
48
51
42
43
43
49
45
45
40
47
47
42
46
38
40
52
49
52
39
n 100 k 2
47
43
47
51
52
46
43
49
51
47
51
48
53
39
51
54
38
43
54
48
51
43
51
45
43
52
46
54
53
47
47
43
51
47
44
45
51
48
51
42
48
52
46
49
43
50
55
52
52
49
48
47
48
53
44
48
48
49
48
41
46
53
47
50
51
38
46
48
47
50
59
50
50
53
50
49
51
50
40
38
42
49
60
47
49
52
50
42
46
46
51
47
49
40
43
59
47
44
52
55
n 20 k 3
28
15
7
13
10
12
15
16
13
25
9
18
10
9
25
44
9
7
8
26
18
12
26
5
11
15
20
12
22
20
15
10
9
24
22
17
15
16
74
10
14
13
10
17
23
14
15
30
21
63
12
14
10
7
16
18
24
16
10
16
12
14
24
8
17
9
12
23
8
10
11
18
11
47
20
12
10
22
17
13
42
12
9
13
9
18
13
18
11
10
34
16
13
9
9
20
18
24
17
15
n 30 k 3
29
28
34
24
20
18
56
34
15
18
26
65
71
21
11
48
17
20
11
17
18
16
18
29
21
33
28
30
47
21
30
20
20
34
27
15
23
27
19
55
21
14
16
38
14
24
56
33
44
17
25
32
22
22
25
25
17
10
24
14
103
17
77
14
14
19
20
18
10
57
22
21
19
23
24
16
28
29
36
33
37
23
13
10
32
26
15
21
21
20
20
19
36
16
70
9
23
14
22
18
n 40 k 3
52
24
36
39
35
45
47
86
27
37
29
52
40
47
142
20
23
30
37
16
26
25
16
28
37
57
27
43
32
25
47
36
21
24
24
39
40
25
35
33
48
28
41
77
25
90
26
21
21
35
79
37
24
30
45
85
26
33
28
51
89
34
30
24
24
22
58
67
24
20
41
88
30
37
34
37
28
19
57
38
36
25
29
35
53
23
173
14
20
19
32
25
46
24
35
26
34
39
22
25
n 50 k 3
35
43
34
49
45
29
29
40
26
29
58
66
23
55
31
32
24
30
43
55
31
41
33
40
49
108
44
94
69
32
31
36
82
142
27
37
102
59
69
34
82
24
66
27
32
28
142
134
39
27
36
53
39
46
38
35
32
25
60
36
38
48
29
30
53
32
52
37
27
35
49
23
44
31
47
174
44
45
24
44
24
44
36
27
69
31
61
42
41
51
72
215
39
23
31
41
38
35
28
35
n 60 k 3
40
39
67
118
42
59
39
99
45
52
46
71
45
69
91
34
39
44
34
32
62
46
168
50
82
63
60
47
36
25
43
37
70
40
42
52
26
42
49
74
42
59
49
150
39
51
33
35
170
51
52
54
53
117
66
33
35
52
43
65
31
88
116
53
85
36
159
54
33
124
101
36
40
49
56
51
34
46
34
32
38
35
76
45
49
44
123
110
62
30
41
46
88
101
79
137
54
56
42
55
n 70 k 3
75
45
40
57
99
46
38
62
50
57
77
58
84
55
34
66
75
76
75
86
81
53
45
66
62
46
58
76
63
84
78
65
56
71
62
56
125
83
78
83
52
43
77
39
82
64
147
39
57
40
43
75
77
47
81
185
46
37
47
63
45
91
55
39
46
51
110
90
150
50
218
56
61
135
69
41
45
42
46
66
69
46
182
48
60
80
55
49
58
39
51
66
154
65
105
283
45
53
43
208
n 80 k 3
78
82
99
61
73
71
42
85
67
59
98
63
52
52
51
117
109
62
56
97
194
62
115
92
58
48
75
66
53
72
64
58
82
68
143
62
74
64
129
58
75
61
59
137
68
68
92
42
61
51
68
77
123
64
218
78
70
198
200
55
104
45
91
44
60
259
90
81
141
272
135
56
141
50
54
190
95
49
50
67
155
87
62
120
51
96
143
62
71
55
75
74
49
49
99
75
61
131
89
44
n 90 k 3
101
55
90
93
80
49
64
50
56
120
177
60
178
103
88
85
65
65
100
57
79
329
65
59
71
160
60
64
64
91
58
89
67
164
170
92
76
54
158
136
142
87
161
80
102
66
48
55
56
230
71
71
143
148
60
56
113
77
89
157
62
148
56
44
58
72
67
71
62
161
65
82
131
61
87
98
252
128
116
210
85
270
164
343
106
93
71
64
217
89
74
71
56
148
51
54
100
53
189
82
n 100 k 3
112
104
194
80
191
68
81
57
58
134
71
79
121
65
78
135
183
80
102
61
289
69
117
326
91
79
125
202
118
91
120
92
58
74
126
135
229
131
112
111
90
71
74
193
62
78
84
138
64
287
102
142
69
91
86
87
159
100
70
84
135
66
57
208
266
103
63
105
76
144
127
56
107
90
74
71
125
144
192
89
332
127
61
215
95
71
159
369
78
57
96
111
121
227
101
97
70
186
92
75
n 20 k 4
10
10
42
9
40
9
30
50
14
13
7
9
18
69
13
17
11
14
11
9
180
97
19
16
21
21
12
22
10
7
25
69
15
17
10
33
12
117
374
18
16
4
9
24
27
16
144
30
25
25
28
11
17
23
29
32
121
10
16
10
182
18
36
48
19
9
97
14
81
23
50
11
16
9
9
51
10
25
11
10
13
217
15
16
304
56
7
31
10
5
76
10
32
277
26
13
6
125
33
29
n 30 k 4
28
19
99
39
21
14
80
14
97
140
12
49
25
184
18
21
16
167
133
467
72
507
32
21
52
179
53
48
22
17
26
23
20
34
485
47
129
72
182
169
13
100
22
20
88
171
19
309
60
256
24
51
30
372
18
38
80
55
19
80
49
33
88
61
33
229
114
36
29
23
107
320
48
30
105
17
76
33
16
51
54
27
200
20
173
28
19
323
31
25
242
91
239
39
215
28
46
135
32
20
n 40 k 4
267
223
478
487
31
87
488
32
38
495
43
23
44
127
57
211
28
21
135
22
435
43
62
59
195
479
64
29
31
226
137
49
27
492
516
22
23
40
59
34
434
198
33
309
52
268
34
42
47
75
30
406
413
82
56
100
31
43
139
477
30
57
49
193
452
38
48
293
25
340
44
28
62
32
162
22
218
218
65
209
25
33
219
36
186
23
33
58
131
31
33
49
229
476
116
50
41
42
33
84
n 50 k 4
34
495
187
351
24
34
34
274
20
35
568
53
34
285
84
32
40
126
25
194
379
119
99
466
444
20
40
502
311
532
79
44
530
108
81
82
38
249
39
478
211
312
31
51
53
59
32
152
210
45
45
376
58
35
240
495
516
386
36
67
48
38
529
448
23
33
92
62
280
133
123
35
513
315
87
507
43
34
187
82
56
524
160
505
49
503
542
145
34
67
50
507
506
28
35
504
125
38
56
47
n 60 k 4
496
47
545
207
49
29
488
209
537
69
121
50
45
48
189
77
73
520
37
727
436
60
73
97
161
70
42
244
277
66
62
510
30
93
43
104
77
225
50
174
69
30
596
73
807
558
570
72
158
48
34
141
51
75
209
332
224
43
79
343
138
590
43
155
532
393
297
43
595
211
183
506
68
521
328
41
295
549
491
538
121
436
542
33
74
90
37
54
25
185
42
54
41
446
495
66
56
156
30
44
n 70 k 4
537
240
50
50
62
86
142
458
429
129
92
216
53
119
70
252
109
74
578
79
52
57
281
568
548
552
120
531
427
98
63
81
42
548
545
619
42
554
62
544
112
86
164
504
505
107
150
326
86
86
508
99
172
99
56
67
209
85
70
433
205
64
45
545
43
160
62
82
529
113
331
59
76
66
275
43
300
61
165
125
175
532
506
89
59
384
172
99
374
57
512
578
545
526
500
62
128
328
165
586
n 80 k 4
583
71
62
485
358
164
94
74
579
291
692
92
54
86
52
59
50
107
538
211
412
532
206
87
554
63
602
73
510
502
523
64
58
77
96
124
79
94
590
541
424
116
65
156
60
535
83
520
58
565
265
53
55
303
143
146
54
540
84
528
554
114
85
975
297
240
239
242
515
73
540
250
321
46
559
645
62
66
111
93
144
54
570
507
111
284
73
57
321
194
120
554
47
41
173
201
246
197
986
624
n 90 k 4
252
576
228
157
139
105
227
90
113
51
98
60
68
507
419
166
66
99
152
249
545
82
147
639
106
114
519
212
191
516
372
151
201
893
124
985
311
63
336
532
529
87
54
86
230
545
127
908
377
273
110
603
209
590
173
504
260
708
170
67
128
213
385
160
107
96
647
543
80
104
224
154
148
547
580
42
130
477
115
74
305
204
102
90
216
263
628
581
301
148
166
76
191
569
106
369
101
516
134
68
n 100 k 4
126
587
247
102
76
591
734
361
286
640
239
382
363
87
614
141
523
731
566
584
387
298
624
112
606
193
566
124
117
102
465
635
147
789
560
574
195
153
556
158
95
99
162
400
134
116
514
733
83
70
874
440
80
558
527
166
134
530
168
204
63
244
83
81
123
64
155
733
748
66
536
110
565
93
550
109
579
1034
75
567
609
605
520
113
701
103
542
201
740
877
659
728
133
565
283
629
354
252
1129
537
n 20 k 5
311
16
226
56
58
11
456
43
24
30
11
53
19
422
14
8
24
346
16
159
16
25
10
9
8
479
502
575
254
489
40
12
61
7
292
90
468
474
478
20
11
11
202
8
498
242
10
489
149
259
475
417
10
368
14
27
468
16
16
239
472
14
21
9
10
12
12
73
35
5
13
9
71
8
16
13
179
15
129
17
15
20
19
11
9
10
176
88
521
471
269
19
14
18
28
484
11
492
22
349
n 30 k 5
500
144
282
16
481
136
297
474
499
31
54
130
16
37
473
505
493
28
56
150
24
463
394
36
566
73
95
59
385
33
34
34
175
18
292
35
32
24
20
218
120
17
485
43
27
17
462
55
575
23
25
234
9
41
20
16
477
463
74
478
559
31
932
500
13
471
37
14
554
465
14
68
14
494
365
468
339
477
14
479
25
81
463
24
24
75
21
475
495
33
529
498
471
22
485
565
32
484
518
37
n 40 k 5
133
484
107
40
54
143
42
24
65
44
53
108
26
23
608
42
1055
30
27
672
33
31
149
534
92
72
23
125
438
27
477
22
59
701
22
737
488
42
78
24
536
479
539
24
530
489
403
13
32
529
482
49
608
533
58
535
480
83
73
567
42
46
476
528
61
83
25
64
164
53
36
193
547
482
551
544
512
494
670
659
32
86
433
26
600
515
601
490
114
496
491
34
510
41
33
23
108
520
499
28
n 50 k 5
169
124
56
637
509
131
504
142
500
28
954
33
57
579
712
37
29
413
476
56
32
142
568
611
566
482
46
545
26
520
487
42
479
589
43
589
48
677
498
59
780
463
42
44
126
505
118
123
579
473
30
504
68
561
24
833
501
637
503
717
119
605
112
490
109
71
72
17
34
36
719
519
263
72
82
233
535
504
105
31
112
502
34
43
43
538
72
527
222
21
70
438
61
485
163
300
536
103
515
708
n 60 k 5
538
158
507
79
520
155
504
225
58
773
561
36
644
603
48
961
552
792
203
187
1152
496
1019
493
580
66
99
49
535
492
590
47
74
532
341
650
823
508
481
81
1363
577
49
40
68
372
529
520
487
612
962
150
579
129
49
491
656
241
263
77
517
68
129
145
999
257
59
926
70
494
532
415
833
93
499
945
45
36
598
501
667
91
85
557
54
944
54
84
538
82
560
94
548
505
712
730
81
553
570
54
n 70 k 5
664
698
598
594
104
410
179
493
29
522
534
465
54
56
727
46
192
161
703
615
506
136
51
673
580
1182
656
109
45
61
122
537
265
76
625
105
258
174
706
492
968
619
815
318
131
74
114
513
546
121
112
528
807
492
69
942
291
132
682
46
102
1014
631
987
477
37
90
828
943
643
85
1001
82
243
523
129
581
569
105
151
551
42
747
599
540
97
504
630
548
52
788
780
572
532
576
70
534
562
161
406
n 80 k 5
515
535
931
71
307
567
742
324
970
607
695
294
531
43
60
1528
284
459
97
620
224
1031
58
391
100
582
920
1247
1103
781
1445
556
618
1059
64
966
582
555
207
150
519
811
302
560
752
1431
585
371
705
444
970
1015
521
423
594
978
321
699
225
123
119
576
549
78
67
538
218
533
569
60
55
1068
320
519
1156
586
710
152
969
201
556
511
682
186
526
444
1196
1027
198
1123
644
454
442
343
633
191
525
518
164
75
n 90 k 5
230
1016
654
106
561
906
899
248
225
557
616
97
440
138
251
846
995
1020
1021
1195
538
623
616
1156
570
57
167
763
512
115
62
995
556
406
240
84
1012
211
736
1206
593
418
553
530
74
306
318
122
109
815
392
251
577
531
569
573
111
546
185
532
82
1017
44
725
69
731
1203
627
252
540
305
1065
199
1026
132
983
60
552
651
516
814
122
410
54
952
1154
1013
177
679
335
574
862
410
85
727
544
143
691
540
613
n 100 k 5
1333
109
1006
780
202
100
282
997
577
998
646
558
912
636
743
363
199
1497
684
544
176
592
1086
1387
1638
634
1007
229
1137
542
1044
1075
73
551
679
925
579
169
626
943
513
108
877
656
569
1176
90
1487
1241
835
833
246
673
1443
1505
250
706
516
672
344
193
299
563
782
513
749
157
558
1094
546
623
488
115
630
265
634
427
358
155
483
473
251
96
395
1013
573
1079
188
655
564
616
485
589
820
1037
551
130
750
1011
599
n 20 k 6
9
7
469
10
403
478
366
924
464
463
479
41
14
8
12
24
476
23
488
10
862
17
6
12
8
56
8
10
27
87
12
23
399
14
23
486
916
463
12
23
477
470
141
23
14
401
9
460
472
485
21
344
478
11
10
462
14
369
474
459
17
466
9
37
30
486
496
474
21
23
13
11
458
34
479
20
461
471
77
14
471
28
33
405
250
27
12
13
11
506
12
460
7
13
82
29
19
194
12
43
n 30 k 6
491
17
472
521
520
530
28
470
492
61
15
528
246
490
35
490
479
463
483
465
647
476
530
25
473
79
538
493
35
501
398
498
488
50
39
468
17
546
34
69
483
23
17
43
191
16
493
39
228
22
504
44
28
76
42
523
511
14
684
472
34
516
25
480
50
574
21
464
13
467
506
527
577
38
103
485
194
462
32
22
19
100
612
32
479
495
468
121
30
32
117
41
475
34
521
388
533
14
22
738
n 40 k 6
483
508
662
29
18
15
488
503
1033
494
962
153
480
472
46
568
525
562
984
703
22
53
262
24
159
485
57
113
116
495
509
53
489
51
15
57
508
483
667
402
19
141
520
109
509
64
43
845
242
132
255
46
498
505
51
23
112
518
509
46
86
668
471
508
558
489
489
59
66
489
57
111
27
748
23
132
471
727
479
820
485
21
348
527
991
112
68
71
485
434
347
92
139
511
86
473
23
486
481
132
n 50 k 6
574
37
496
105
580
142
545
107
632
506
498
547
281
49
48
492
312
61
51
592
405
628
794
330
1012
490
154
57
497
36
1118
54
998
99
97
228
633
543
803
1015
158
60
91
397
544
36
37
514
64
544
511
199
302
44
47
536
23
119
270
67
962
955
571
1111
695
541
574
111
81
36
561
574
528
81
149
975
125
51
528
25
491
595
610
621
998
556
53
246
502
105
682
560
484
633
110
1050
534
982
560
91
n 60 k 6
107
611
530
254
616
39
494
68
1160
598
500
192
731
495
631
524
963
153
497
171
501
1096
645
499
93
964
587
623
235
42
248
53
533
577
500
29
51
581
644
89
505
524
142
529
973
595
592
55
302
487
126
439
167
328
1002
523
89
82
560
800
33
797
542
203
701
89
658
603
574
45
61
106
512
172
991
703
537
570
28
81
76
530
313
526
70
149
706
77
437
68
812
640
630
80
394
75
559
623
506
41
n 70 k 6
490
450
212
985
524
789
709
637
350
557
351
157
1017
123
901
64
148
861
542
508
489
1434
513
495
849
144
521
232
51
957
122
53
542
595
1449
503
943
520
552
499
552
548
787
992
539
65
442
114
36
561
728
1082
584
268
234
989
981
1142
174
427
588
953
98
517
580
610
981
75
527
923
284
431
721
334
662
516
714
630
139
141
60
1141
707
135
1064
307
598
226
162
818
514
545
530
969
223
121
665
96
566
928
n 80 k 6
495
86
1242
578
1444
1508
477
651
1828
738
537
1008
669
590
618
491
567
863
537
961
82
606
845
637
540
628
950
217
1227
874
709
416
1081
1114
952
513
974
731
687
80
978
1445
832
717
1171
530
376
522
589
582
154
506
178
677
818
569
719
795
74
537
507
627
682
1124
908
560
1003
780
811
510
1237
1021
53
846
419
1005
566
673
600
1037
1105
1135
760
539
78
991
990
526
121
311
573
322
528
1071
219
537
1739
562
909
1587
n 90 k 6
1050
60
1283
614
681
576
988
695
509
1494
1057
1101
1726
901
1087
540
1043
782
936
525
1173
537
407
990
377
1192
536
655
531
1105
1449
291
578
565
750
972
1001
1017
868
222
784
1170
449
877
114
444
158
646
628
643
390
658
751
117
989
523
775
589
642
610
621
623
519
443
1044
1463
584
878
522
992
1710
728
610
1280
834
42
311
1312
174
846
528
315
770
876
546
547
524
607
1404
46
585
239
1007
1087
753
607
53
707
221
1400
n 100 k 6
669
977
1156
400
1336
611
74
555
1496
96
563
1007
1071
429
613
849
1035
1001
1001
1426
282
679
669
1075
1054
645
1181
550
1000
1447
655
874
573
1323
637
74
614
571
632
1867
1498
585
1633
1165
787
852
344
1214
1023
1557
754
1369
626
856
258
86
787
1591
1130
1243
1071
551
1013
1781
710
144
550
1442
221
810
535
898
811
1570
1023
978
671
688
966
741
1281
1277
896
264
1257
71
86
726
1489
627
1459
189
1534
153
632
1492
252
142
1109
1708
