n 20 k 2
55
29
41
55
112
104
23
79
36
90
42
85
69
157
240
69
72
147
47
65
54
43
38
53
66
80
348
40
57
37
23
105
119
62
126
49
138
34
27
49
41
72
108
44
37
61
178
51
132
64
74
102
54
74
146
220
26
50
68
37
63
49
77
185
306
55
75
72
238
50
60
69
33
66
62
38
102
69
37
196
60
35
29
57
232
28
58
119
31
48
30
192
120
51
91
93
49
149
37
60
n 30 k 2
105
102
72
89
118
157
181
94
67
92
121
170
114
86
190
249
52
409
124
61
105
71
113
198
152
112
85
61
92
107
321
198
58
68
103
128
87
138
85
350
83
76
104
72
117
270
64
204
241
151
191
87
111
70
56
55
123
75
323
125
164
102
80
132
117
112
105
58
605
79
172
243
117
109
130
111
160
392
193
137
115
32
99
277
185
98
63
191
192
121
72
395
109
427
473
255
309
185
152
231
n 40 k 2
103
716
152
124
273
149
194
80
186
672
723
298
121
218
340
117
139
360
137
318
177
525
86
88
206
152
84
151
192
101
639
138
117
338
404
156
231
134
213
192
142
168
293
228
352
479
194
221
179
232
132
143
616
98
57
223
101
736
575
234
178
216
133
228
105
226
602
153
172
123
231
118
693
228
429
391
636
58
212
483
921
151
398
181
666
480
288
174
252
627
147
261
296
107
573
199
342
181
172
206
n 50 k 2
565
189
143
170
353
733
796
518
316
802
139
279
257
127
372
177
641
205
431
1102
142
516
150
136
310
837
208
240
212
338
469
169
132
259
288
306
677
232
138
392
834
248
522
111
125
636
173
879
251
218
121
129
379
130
262
140
556
233
410
458
232
300
170
180
476
1289
380
207
118
214
781
372
156
182
385
344
267
315
262
457
239
148
106
471
345
222
640
133
217
575
242
232
521
195
741
391
445
270
167
750
n 60 k 2
293
310
334
426
270
256
218
227
533
471
200
1019
658
471
365
771
234
233
754
433
489
270
571
540
310
470
629
339
377
485
167
541
595
525
529
232
280
374
345
348
440
229
215
441
591
415
343
757
505
255
235
1279
176
750
289
497
284
170
161
368
1198
504
466
191
659
351
269
355
141
425
173
574
237
515
186
241
321
707
339
501
234
834
347
343
181
225
430
775
919
205
677
341
238
970
762
453
2008
424
442
355
n 70 k 2
299
822
805
315
208
978
524
177
2068
672
288
365
557
349
370
727
257
371
301
715
334
724
267
255
761
1199
337
754
374
526
1168
1398
797
220
519
687
232
279
340
666
694
607
779
793
291
289
506
1773
1076
282
197
639
371
193
461
279
395
448
380
853
689
294
212
1143
298
264
234
668
805
1231
383
414
972
285
592
832
633
437
1061
262
800
922
265
495
435
358
216
445
343
517
333
1366
726
178
255
772
270
239
745
243
n 80 k 2
348
474
1713
511
293
1063
427
925
557
779
338
525
385
885
1864
1013
323
843
504
873
793
1366
887
409
634
266
672
275
570
828
460
785
804
1224
494
1070
426
307
832
1133
675
339
389
867
547
871
2516
456
718
538
586
323
384
1356
487
402
521
346
644
261
389
380
281
350
375
378
1242
846
520
327
741
1783
989
1376
269
1199
250
399
492
634
2206
1018
1912
391
334
512
377
434
1060
319
490
528
917
710
398
250
426
366
644
351
n 90 k 2
796
951
604
818
306
566
991
732
657
725
1230
499
498
824
375
2125
1234
262
946
604
539
1274
1496
2488
379
736
615
1105
2047
555
1373
475
1056
1221
782
752
2125
228
1251
524
598
1181
1634
1432
1409
1217
311
351
1042
1827
1225
322
647
1083
723
718
268
293
1816
515
1154
2744
1348
506
2724
767
1381
703
973
704
653
299
514
1257
872
748
669
874
360
619
1000
534
389
975
478
472
651
512
372
401
2048
733
465
640
577
387
623
391
304
1235
n 100 k 2
485
802
691
727
1267
712
1955
1424
1674
424
974
439
344
428
1148
2015
848
452
444
1377
600
627
735
2472
522
1192
409
1725
1271
572
648
1614
375
460
1247
1807
1070
399
975
4527
388
446
756
1407
549
985
471
1966
1074
557
1003
1072
2330
629
417
412
1670
689
462
1296
405
1017
1134
369
479
2973
299
719
736
384
1079
717
1396
517
1469
557
399
844
610
737
556
1793
346
657
1937
539
1353
1471
801
2018
3139
333
940
590
497
818
1017
1286
565
970
n 20 k 3
292
62
47
97
64
50
71
71
300
72
63
462
78
218
44
536
349
73
456
122
293
39
190
59
547
563
465
45
118
134
82
48
391
63
126
91
933
43
717
95
66
659
55
458
193
80
1267
48
60
953
51
498
531
576
545
76
55
114
35
51
73
205
46
23
99
63
498
205
115
164
287
184
42
36
30
54
68
60
184
34
912
338
160
73
416
48
505
79
277
98
52
85
64
92
56
595
65
611
393
56
n 30 k 3
135
281
985
584
672
132
276
83
211
104
672
48
131
273
120
118
953
662
98
132
131
91
54
262
1312
530
736
155
890
106
669
840
272
196
504
73
255
622
199
50
1160
569
89
109
93
112
2426
541
95
139
77
194
126
159
73
1102
255
601
687
770
501
565
118
163
225
593
161
73
56
151
162
1203
251
198
63
643
271
220
301
610
287
106
150
521
73
274
602
130
1074
79
138
364
42
109
271
88
117
65
174
213
n 40 k 3
179
94
123
1011
595
1243
605
395
646
978
137
303
566
425
152
467
175
209
562
634
438
762
834
581
108
188
661
130
588
868
91
193
397
119
2573
392
791
509
112
149
665
1076
761
185
562
942
301
202
189
189
236
576
169
170
113
153
194
250
220
186
774
593
211
1138
169
165
1679
345
1257
715
202
165
713
937
234
452
179
110
675
151
239
935
290
273
159
465
978
703
624
127
488
725
390
185
178
255
130
175
412
1096
n 50 k 3
747
855
1793
242
880
2878
803
304
1499
1503
175
415
815
816
156
747
1466
1442
977
2205
158
554
296
186
560
274
1896
294
1594
191
909
222
1551
187
1244
401
165
312
568
557
949
1355
314
331
371
908
637
259
259
597
154
891
512
1339
338
280
3050
1095
882
1841
1062
337
1524
2557
1174
2017
468
412
285
2694
153
649
472
188
610
1001
2772
1194
753
351
837
3386
137
2101
492
459
179
562
137
304
1281
640
319
502
140
156
613
139
1861
371
n 60 k 3
3071
683
569
1728
474
826
972
1209
885
881
1284
1179
503
420
2084
1174
630
485
385
184
4500
3439
768
2953
3419
246
2881
2109
627
158
587
5487
4268
1245
547
1804
250
170
351
2345
496
628
569
325
488
1021
422
684
1594
1489
344
227
2222
603
449
382
1290
203
268
318
2706
185
681
948
1145
904
238
2551
2441
517
171
1674
713
255
3468
933
858
5323
384
642
749
2647
7714
440
884
275
1346
1570
2615
463
1278
3481
2756
599
364
970
350
1462
2668
721
n 70 k 3
2128
669
350
1034
1430
1618
481
356
1996
672
752
445
6188
1417
3257
3956
1044
603
705
426
1024
478
921
397
410
8022
4269
416
1528
1362
2096
441
1706
706
740
635
476
3982
2031
612
3631
1780
152
459
1395
896
271
387
676
683
3193
557
731
719
400
352
312
375
516
800
1927
4797
1520
709
2231
380
787
1603
472
1303
2958
633
790
951
509
1414
10584
4199
1652
2919
3384
651
7130
252
2557
346
183
1309
502
2600
704
327
445
1515
1373
999
3261
428
1901
353
n 80 k 3
499
410
774
385
2696
1184
4269
755
15316
3610
1275
3021
3167
1177
1301
4829
2550
607
1997
1808
1535
686
997
268
3551
998
8454
4356
4053
671
283
975
7822
5938
1260
1153
536
2662
1746
11223
883
3190
8206
2700
2716
411
1216
1694
389
1697
678
1532
359
243
283
4627
1218
776
447
2674
341
6807
1155
1357
397
1560
6431
448
4044
5106
531
586
339
3658
625
536
281
1850
1291
1716
5915
7754
3828
770
1346
1461
6406
1492
408
317
763
835
3006
415
508
928
947
725
6681
486
n 90 k 3
886
4722
1021
1810
6151
287
1459
2718
1254
3033
566
4153
514
1317
360
8276
1154
12208
5761
818
1437
4094
1451
1083
671
2006
3392
4824
1908
515
626
682
1410
1711
984
2124
2018
883
1256
484
563
701
1771
1283
1285
4991
1395
5740
4668
1192
6651
6347
2088
3440
8295
635
3877
5096
3350
2783
6393
835
592
996
1845
3526
7140
2079
1611
922
3498
1488
1071
4955
3800
2919
14553
12033
4526
977
10474
1511
490
1002
770
458
1453
508
438
708
8105
1242
549
4485
1084
874
1255
5988
533
6073
n 100 k 3
408
1731
3059
3064
1259
924
1922
1425
5566
954
3029
1580
2014
4938
1233
7545
4500
771
8591
1460
511
1064
1919
11936
425
973
1059
1277
2830
6797
3432
8475
3039
4985
780
717
2452
824
7042
9475
1188
1092
3627
1323
4476
2325
997
864
913
1010
2987
3565
12950
856
17845
2018
7039
6306
1696
4724
2209
2402
1466
679
5003
4543
4423
1589
1820
2117
6176
798
615
1994
708
1205
1190
3656
1076
20682
3305
1206
7560
2029
5746
6330
1138
756
2544
2159
877
6903
2043
3439
5589
1139
15216
6075
9820
1711
n 20 k 4
70
512
525
39
42
129
98
86
1061
59
49
35
508
488
492
561
89
68
79
55
1571
514
544
47
494
1101
48
65
1047
43
522
44
583
109
65
74
55
68
520
136
516
143
110
70
573
31
490
365
77
482
538
44
30
492
59
47
513
66
520
370
492
848
34
1293
936
61
56
518
47
31
66
863
360
116
1750
64
516
541
136
542
488
25
312
306
46
66
200
478
529
56
247
117
52
526
127
571
1420
647
1488
337
n 30 k 4
176
157
133
1198
180
335
375
599
493
1782
81
1034
152
97
135
314
75
62
320
81
266
616
61
2308
130
1269
213
1214
729
148
109
148
131
2546
550
142
698
595
1061
186
599
878
524
552
148
102
1208
1809
101
492
476
30
573
877
1253
270
109
100
69
2035
120
238
631
561
107
92
81
540
118
251
361
612
1159
1022
1925
865
1122
560
84
136
623
996
220
103
1322
65
1948
1173
665
169
202
1440
472
55
978
370
1375
88
1444
112
n 40 k 4
283
177
106
1137
727
762
727
640
691
808
88
1083
1877
148
172
4143
2124
526
635
232
218
2344
1205
261
1900
232
1077
603
192
1873
170
3897
788
5715
283
165
4012
4607
120
1667
961
190
4068
140
57
1062
1175
660
137
12739
554
1312
290
942
1242
571
650
1375
894
155
6312
169
283
2874
748
2581
141
807
628
1224
284
702
110
234
1077
3069
677
112
109
178
340
615
493
571
179
1252
649
240
116
474
3407
837
1918
548
353
1895
1472
322
4825
1025
n 50 k 4
785
2839
709
631
636
355
531
3550
148
725
2450
1952
2218
285
220
171
751
190
281
143
175
2660
548
1232
1660
12448
4921
833
1595
7596
6486
6621
5943
828
691
972
201
5565
2237
1861
805
648
832
2814
160
4257
938
485
372
4161
8023
183
865
179
1049
810
996
245
550
580
219
992
4985
1092
11750
349
692
979
225
242
770
103
580
803
688
670
558
12460
911
3220
562
901
528
386
2364
326
358
146
4125
4290
1413
489
2052
1014
1084
6995
1176
2157
659
925
n 60 k 4
286
3892
9573
456
990
753
24528
4190
232
291
884
329
413
2243
12728
931
6418
1331
800
8087
48821
14789
287
1391
323
217
1489
653
310
7219
3981
8920
472
495
2677
4858
15270
730
15858
724
4883
464
407
18359
36015
9726
519
1239
1214
463
1311
217
407
7157
181
1340
833
1166
2034
1594
774
11860
544
724
2543
301
565
1207
207
3334
781
289
1445
652
663
688
6482
3104
879
282
1149
505
842
12413
3323
1340
976
3396
813
6695
362
2035
2890
5114
7457
565
784
1056
215
4308
n 70 k 4
596
676
1101
40419
3615
1378
555
741
1260
551
914
14835
214
523
185
1399
2697
1020
2559
9271
1422
286
69159
774
945
1497
3892
536
447
1149
754
1249
35459
773
1504
1175
24804
4007
22647
6614
342
841
3249
1399
2029
438
631
18735
4612
20268
795
238
16873
691
1257
12772
483
478
3283
1600
10715
17942
534
690
986
10759
4334
22701
397
1182
957
327
1297
4311
10544
1481
377
217
1793
2276
685
5296
841
839
1223
16856
431
910
1847
286
2957
755
706
813
4250
5695
542
1056
9794
38239
n 80 k 4
2619
38975
674
79654
1034
7180
360
15245
4738
804
870
4170
10388
1152
4578
7567
1467
1557
3168
1517
446
25431
26114
415
964
1520
8968
39885
9527
1462
512
1429
1678
1439
346
14168
897
2850
919
564
610
43677
1826
581
2454
576
32641
1721
373
304
25282
59424
15323
40990
1596
1411
1700
59906
236
3406
26007
3214
2167
9017
775
1265
6786
834
2578
1439
1721
1782
630
44300
1177
374
697
1720
733
4624
25042
47781
37722
1192
7699
465
1441
380
982
2663
850
49035
10835
1646
19300
1093
3961
1613
1537
9757
n 90 k 4
1559
642
578
505
14812
6467
11549
1232
59182
1244
4489
3298
706
13771
3876
621
22068
1265
2293
833
46288
8465
10804
2542
2011
116830
1423
2577
81364
1947
455
1905
25799
1612
28259
2857
16560
1973
9519
2097
1018
587
552
5084
784
4492
5415
1916
893
7229
1058
2104
650
44615
5048
1037
9584
2038
2076
25256
2641
1988
4007
1498
26164
686
11891
1548
2061
1524
1041
42652
10426
1105
1989
50110
501
9882
2506
2111
1976
1037
1833
37178
13416
843
1222
1373
1420
2657
41812
16681
992
1182
69363
774
3290
1388
14463
2786
n 100 k 4
5213
376
36150
2445
84183
2451
70301
1622
3100
23032
41485
2987
364
831
2250
17730
34295
2499
3673
861
71657
12900
1135
1359
636
21170
93409
43950
1150
1907
807
3555
15918
1005
777
717
3682
490
1495
25052
1416
1921
35390
34899
402
512
586
1407
3641
1171
125245
1516
2248
55382
1475
896
102504
518
536
1592
82487
23582
1870
1090
1787
931
1012
1647
23585
1828
917
1966
1195
645
755
740
12068
8660
1005
1922
1089
3313
2233
47877
78328
1476
8505
4017
4694
1199
53864
108562
39307
1792
1420
87756
675
37305
1732
102601
n 20 k 5
50
173
65
530
523
2219
44
501
1257
574
47
528
513
114
57
91
1119
23
917
1310
1083
101
158
72
506
102
511
1492
54
610
499
47
72
72
49
127
44
537
500
96
491
125
86
54
65
61
61
57
18
630
1268
1138
1403
86
89
1310
28
252
37
62
504
58
30
66
505
86
29
1407
840
446
949
1161
514
506
688
150
1665
43
34
89
1711
426
120
62
80
496
483
598
323
532
504
230
536
134
1069
509
74
147
76
534
n 30 k 5
345
2700
84
915
942
1663
557
7065
6616
121
3827
1241
530
3582
215
197
123
591
486
104
96
649
3029
228
396
223
83
211
127
547
161
515
3212
2714
1780
4576
626
82
1483
738
494
977
2318
630
2990
860
162
2216
493
111
1040
398
89
541
480
75
367
454
194
229
216
109
999
667
1526
6908
485
427
138
93
121
2046
69
518
1801
691
230
1750
97
92
512
55
180
107
3277
232
83
566
1862
133
1345
1524
71
1009
179
74
2680
85
661
542
n 40 k 5
822
170
343
2857
132
4743
484
952
454
238
13754
3077
9744
766
975
1143
3228
4826
570
582
1119
950
1162
5355
1540
365
282
1715
3342
249
786
198
700
4616
1026
611
5131
724
1045
678
1166
465
112
1153
1240
674
705
150
628
4940
896
17603
164
149
1921
610
121
3152
136
12227
11828
513
713
1082
398
206
2928
118
892
1129
1480
12925
13830
6732
481
967
1325
705
651
99
2140
5757
100
94
10579
1978
605
141
506
144
3103
3457
586
181
578
651
1537
198
5075
1136
n 50 k 5
358
161
16565
900
155
162
516
570
255
613
4995
167
96
1074
279
5578
473
1189
307
333
125
34561
1196
652
1190
1511
1400
191
207
17031
2120
694
677
20478
184
1107
149
54844
582
721
809
1634
249
145
9435
850
377
2120
103
1449
867
39900
1299
276
1165
1242
595
224
605
1191
257
194
1647
1088
331
214
950
154
897
182
1069
1351
531
212
1493
845
272
11150
205
196
685
163
789
6634
17304
1150
861
639
951
608
1205
7725
21056
437
260
1420
605
723
18671
1045
n 60 k 5
6753
43934
4840
350
4328
938
40347
19405
5131
1067
4317
1910
2355
40137
44047
1390
888
1691
239
9026
1377
7101
391
27666
125
362
1704
41416
1328
788
1295
1861
165
615
1148
488
2508
665
723
35203
1022
12142
1134
91898
29226
628
16868
850
374
139696
1237
10967
2634
753
262
704
33277
29386
12331
1612
49588
943
1124
38543
1715
249
687
1013
2181
247
1313
70484
1487
186
1468
928
1173
1836
756
512
1042
68519
131
73592
12811
709
55203
285
170839
12813
17690
87937
351
321
360
1345
1366
771
681
72845
n 70 k 5
3212
1231
144710
1854
62860
543
737
85967
158852
1367
485
326
767
2275
1406
7960
1918
16585
286
1600
679
1469
1038
1134
927
1327
1765
96557
691
1364
801
33888
21905
445
1071
17009
2525
2360
426
120450
28167
362
552
46372
677
485
1740
29850
1217
1928
2352
1215
341
826
1491
136833
1754
1771
1029
2161
715
54968
122283
1814
96725
1092
1759
54101
30769
1834
5356
1111
35850
1563
1447
18425
634
3106
2454
765
875
161363
25677
198558
802
38829
879
736
8464
2781
14978
1354
2731
296
754
1060
1126
14751
1550
412
n 80 k 5
2327
1253
32559
290594
35565
3338
83737
150762
432
1323
49173
1040
1453
621
946
1931
236803
1162
323
108417
1264
707
2061
2317
752
2323
483122
10947
1274
1730
17737
784
881
2993
944
6163
1441
904
359037
1490
1476
8772
237988
2438
700
688
3559
76376
1315
129847
97368
1254
824
917
18865
2885
774
1979
2020
838
52878
3375
2374
1173
2328
61877
588
718
803
5021
224100
1558
1095
59263
50965
1232
1749
390
100598
1469
18741
29598
11951
646
388876
502
2598
1485
8272
650
2398
774
470511
255
668
930
2242
2022
35584
20282
n 90 k 5
1185
846
873
5965
312612
3665
1404
211825
461042
1764
2122
470
1551
2048
80161
200908
1381
170824
689
1370
1510
4209
2866
350125
1014166
1003
1645
3710
8174
1835
2047
313
1974
754
787
3991
1992
2636
578
177367
1935
709
1654
77327
979
1333
404696
1623
54915
260187
295412
306
2037
737536
1916
429
2228
5130
1130
2552
1519
204427
2993
1501
259862
19511
854
35380
2432
1140
2054
3630
1854
1011
87360
2425
1244
2461
2931
1791
1705
45430
265385
2328
1599
883
5329
873
2508
1516
23435
2147
1214
2439
166338
385830
1327
3166
297
675
n 100 k 5
829
966
3241
3873
530064
809844
129346
243740
10371
1274
85452
1738
40469
59783
109994
870
113393
1939
1223
70551
1864
7769
285795
2365
78681
587418
2229
1323
605
672
510964
710
1774
1944
2053
1745
879363
390958
1852
2618
5281
167017
960
604390
3945
2138
3937
446382
7969
1270
24392
224944
2176
1069
11063
2899
905
4380
3283
215820
1464
1985
1595
885
6553
1210809
126500
73464
1039
15979
3640
1296
469
21418
4443
500
2093
1753
1815
2066
5997
5221
378137
2072
238857
2064
2285
4976
2427
1056
1816
927
2050
1818
1915
76962
402331
3110
2320
1359
n 20 k 6
83
68
482
24
40
417
1105
72
525
503
537
307
1504
1402
1419
1123
3888
1053
604
71
981
538
29
61
543
529
491
97
494
51
1034
529
560
62
32
133
73
1156
483
626
513
534
612
506
47
601
1375
118
93
33
484
1762
534
1065
1193
1660
1881
536
504
982
112
490
28
499
2410
47
2874
59
72
134
56
83
41
28
90
53
80
79
47
57
58
1196
1287
500
998
102
1084
1652
511
64
501
1564
1050
524
1546
91
37
46
26
1233
n 30 k 6
241
719
372
4202
34
636
188
604
80
56
2151
791
91
244
1013
2598
171
44
1456
785
78
219
3788
5224
305
3251
87
2374
290
534
106
95
113
73
139
4691
342
605
157
283
136
6939
2407
537
77
78
576
640
149
168
517
122
893
1585
12066
4244
550
106
2566
122
263
266
13281
4859
601
7032
452
3758
68
2567
103
285
318
132
741
539
665
620
9058
132
507
289
1744
1377
168
628
148
586
404
2255
147
690
114
71
549
68
1779
558
69
602
n 40 k 6
153
688
267
12573
596
1339
1092
600
575
495
51512
992
351
158
11957
671
913
361
145
1117
211
4603
5940
13839
574
4908
15008
5329
565
140
10956
576
574
126
535
90
132
2340
354
691
318
213
9588
548
326
996
12742
766
147
10688
1144
620
7290
665
18612
943
21242
8931
1353
8118
197
715
99
2749
19520
59062
255
1646
745
23368
341
531
426
344
230
154
9818
1067
130
64636
114
654
249
568
545
9652
596
532
21577
591
86
17653
12990
1102
10414
19323
6401
1777
614
542
n 50 k 6
1568
144
484
14114
364
1474
20032
1008
20358
1789
19081
47026
15619
124
1130
671
47221
16495
1973
527
1143
605
27438
337
1374
775
170
1552
511
117
1578
9813
55213
1110
1451
536
266
476
26555
911
179
1376
1434
20942
88927
765
1022
40195
1498
163
21089
778
131191
33244
8135
907
570
626
13356
969
733
6225
801
1171
1450
198
583
1050
156769
139
1495
248
675
409
2253
57530
213
27689
16564
1279
1577
21608
1620
147
161
1159
141
20039
20907
3881
708
1104
590
238
99447
625
1455
243
826
53312
n 60 k 6
660
2560
718
63102
11413
1227
1328
671
1078
2549
195788
2431
833
1141
1636
81105
1678
1005
231
23074
553
135773
355
828
747
2050
1524
57605
784
919
684
1478
581
748
231782
91092
127839
31699
52776
267
1073
1180
1175
1798
13094
717
455
162377
1834
1118
34752
644
1265
885
1251
677
1080
910
678
2411
850
19426
290104
140207
504325
7455
1289
120209
100229
124549
28132
2013
668
613
1358
94432
672
1196
242
237802
186592
727
165
756
701
776
152473
483
229254
587
12300
832
1224
35420
306
1139
582
20089
494
4344
n 70 k 6
81564
2452
83475
1122
1416
185666
1783
1156
1187
18258
1219
1047
739
1830
376075
328
423232
71990
123368
2317
1444
74420
1075
872
408422
881
36836
1536
779700
166117
1237
1179
1099
537
293217
690
1787
35143
512566
1262
681
560954
766
86804
706
275134
3275
2674
666
1160
732
81055
830
918
317
1030
281425
2269
85686
1378
1842
2142
1929
310
1244
47884
418458
1251
844
1239
1794
122394
1203
272631
883
450
966
1068
242286
31166
412
4335
2527
52895
1273
1132
151401
1129
285502
374455
746
1647
211370
1227
289040
818
592
1318
2605
3924
n 80 k 6
167876
431
4138
296453
725169
1157
3610
423
1540
5370
3152
6087
347798
1149
955
1881
555
332265
4110
274407
1013
1111683
499
2726
1507
2300
3763
1428
1498
3937
2137
1609
1704
2011
441
1694
1223
80780
1222
2750
879
218383
2067
703727
2979
134241
1309805
316
54207
1334
2000
2535
428246
566717
2852
598
1238755
121654
929558
739
3564
1329
1391
1642
130591
749
218769
446000
245107
5370
743
2669
1338
371052
1178
1515
113444
1687150
747
393628
2307
627
2514
99547
1590
396
466590
2150
1457
1333
1059
3963
2453
2320
852
504
365
2634
177154
1538846
n 90 k 6
848
178799
902
64174
1220
4286
131857
2648
300728
3513
3285886
1957
876
2148
688
844
3356
1055
1976
2223
1302
1374
1195
854
3641
3097
896
307983
14984
3624
322889
1006
898600
952
1067707
304422
1170
886241
1708
1034
4871376
942
1012
1166
809
717
3457
2719
630300
1066
2363956
1151032
515
1589
1899368
1328
3554436
2262
665
791
639
1972
361
1708
188662
304364
771
2608
157716
1089
478026
1459
2110
792
1205
778
220367
2370
5448
2826
1306
161469
15368
1780
3085
822
2221
2499
2519
122848
805
1522
1342
1604
2617
2735803
119552
1084
2936
1943046
n 100 k 6
2447891
2278
955
2190
974
3444
507
1913
5466
1500
1816101
1931941
4495865
2306
1031
2547498
170990
554
556192
2051
6319972
2340413
2183027
3265
5894
1547
217650
2408
1874201
2499
1893
1888
202490
280091
4667
1816
3081
687340
1470
1355
783
1358
1398822
3503
998412
2381
627
1677
462
2737
1629
928
871
775916
5002452
958714
1246
963
1154
1035
1355
3351033
1280
7359
2158643
1105312
748605
643
1446022
965
1120
3767375
1527
1446
1237
5236
6704
881
997
3501
132493
2253142
287615
843
1522
637487
5973
4413249
2780
1781
2290
1782
1147961
2347
1648442
149661
1126
10255
4134710
2566
