n 20 k 2
38
126
63
71
86
183
43
143
71
148
143
46
52
136
55
120
75
40
138
48
164
24
31
47
91
50
47
29
88
37
49
36
33
85
20
52
91
52
165
65
72
156
34
83
133
79
45
86
48
192
40
99
227
71
68
74
146
120
43
77
73
53
61
43
56
29
117
62
46
76
109
45
53
101
11
35
70
108
34
48
53
66
56
102
95
53
69
78
57
88
56
72
54
46
80
29
51
28
50
33
n 30 k 2
185
102
96
143
144
140
267
310
196
130
149
164
109
59
173
498
687
103
82
117
55
100
110
78
95
83
196
138
140
59
300
344
146
111
130
194
92
90
255
117
245
195
135
68
197
236
418
99
146
267
248
124
79
82
115
76
282
108
218
232
115
237
50
83
117
108
197
100
183
124
407
126
105
67
363
239
125
107
97
538
122
326
95
99
114
105
86
166
151
62
91
156
114
214
286
489
151
153
135
234
n 40 k 2
167
127
399
236
177
278
254
110
188
136
253
175
710
98
204
186
123
308
118
74
223
282
674
363
165
159
120
179
164
383
196
107
265
227
1626
123
167
93
244
112
154
192
530
257
177
128
145
266
601
824
95
107
291
1049
838
296
141
335
177
299
174
414
347
346
142
244
193
222
206
159
311
149
590
100
185
94
113
236
320
148
330
142
228
131
113
646
124
209
649
202
269
571
391
91
185
292
216
91
379
178
n 50 k 2
490
264
687
301
969
199
286
680
289
348
752
220
235
337
320
199
352
378
566
649
111
224
436
211
366
215
577
576
227
327
200
641
153
266
740
237
201
622
288
291
276
203
873
628
267
286
171
166
603
194
183
459
149
331
122
679
431
486
622
554
298
259
334
143
343
187
218
375
148
202
494
565
178
1025
921
192
186
261
290
596
319
396
463
156
355
535
307
127
219
253
215
167
187
260
392
1335
122
161
498
579
n 60 k 2
447
309
279
685
241
254
172
323
1388
470
241
565
235
327
282
452
941
265
338
303
261
999
130
202
233
215
258
548
632
231
196
400
899
897
255
354
315
210
177
152
562
224
365
745
200
214
187
423
185
653
264
466
245
216
170
307
573
620
625
687
221
267
484
173
191
370
933
870
358
314
159
234
205
363
254
676
206
148
385
219
946
269
284
268
297
471
221
556
320
318
389
871
282
584
589
767
378
795
521
670
n 70 k 2
274
307
647
370
404
952
363
447
395
200
407
361
678
716
339
1819
284
389
926
262
347
424
1053
445
558
611
335
616
755
1566
358
237
823
445
853
761
364
373
677
1157
339
565
785
1578
901
677
999
879
283
660
736
385
326
433
960
307
338
709
397
319
865
277
318
396
643
676
309
271
1297
1698
462
370
263
759
216
362
319
553
769
296
460
524
244
1641
634
745
713
477
683
479
265
1335
688
192
783
289
376
375
799
390
n 80 k 2
432
1208
309
445
524
1005
2499
317
457
322
394
383
304
667
398
398
381
921
516
529
420
879
1164
1070
306
429
577
811
508
290
383
691
551
1218
428
619
1022
746
451
1161
606
263
1290
588
376
750
308
517
496
390
1596
800
406
260
1222
1030
1353
500
557
572
329
1604
352
319
516
583
535
494
536
378
472
510
539
1269
292
468
816
843
915
872
514
686
990
396
531
327
1602
2264
1498
475
385
619
1564
866
1338
334
527
384
424
229
n 90 k 2
941
686
245
777
372
500
657
1611
3375
339
1231
1287
433
610
467
749
373
4134
1321
558
435
797
224
541
811
1034
291
414
380
548
1091
1059
440
647
291
330
441
685
762
389
763
357
408
957
1428
505
283
847
1440
665
492
1517
419
995
1240
552
514
503
624
469
583
713
715
568
1089
389
616
1341
513
389
1077
1418
434
880
512
3036
533
516
306
563
325
1118
274
1557
1349
510
3693
473
580
664
1164
966
381
1462
706
891
734
498
306
764
n 100 k 2
911
1052
1772
498
822
1262
1967
424
1215
1667
531
359
576
701
688
2926
408
748
377
555
477
821
753
985
1391
364
1167
989
756
3759
426
632
419
2028
3210
1055
2165
564
477
564
516
420
1214
430
1156
5624
1578
592
599
568
709
1934
367
557
1426
540
925
3371
669
927
329
821
297
1517
1400
428
1318
580
512
1917
1156
1062
327
571
966
931
804
521
501
520
870
682
601
309
827
520
937
599
577
1317
622
1009
1336
354
838
470
375
481
358
520
n 20 k 3
910
28
47
64
38
372
84
187
47
25
82
314
40
375
132
118
168
990
234
83
49
62
545
151
125
33
74
46
171
49
370
179
125
140
671
533
26
195
285
96
457
222
50
232
89
37
79
31
97
135
66
180
69
46
499
512
61
84
213
135
246
327
507
124
1222
514
105
249
427
568
327
377
385
340
346
57
115
40
45
59
51
59
97
104
508
149
686
65
354
178
49
135
72
803
243
410
43
93
53
338
n 30 k 3
652
520
239
814
83
152
77
63
183
113
208
114
568
212
574
860
143
74
476
135
117
51
205
115
92
61
274
1091
223
2247
1594
110
122
223
1205
81
158
208
126
593
88
1243
165
1344
519
133
610
1096
956
636
95
487
193
1042
184
190
45
66
150
89
597
491
546
119
88
302
128
600
78
195
81
177
757
553
709
206
146
99
1150
386
129
559
148
120
618
533
225
67
472
557
76
155
139
1130
129
180
621
677
103
97
n 40 k 3
1115
267
699
117
209
76
609
190
625
97
109
697
144
188
388
225
256
1433
179
164
198
1221
141
188
185
845
678
345
281
353
865
1535
153
1307
1107
102
247
1171
626
220
124
63
761
237
188
173
365
144
1852
315
880
718
193
240
605
143
1253
399
538
105
2374
318
297
149
642
157
1145
296
212
1864
161
158
900
139
1001
462
87
1389
354
291
1520
130
678
184
132
650
233
1079
190
166
601
114
1076
266
476
442
1757
584
580
299
n 50 k 3
146
261
826
287
183
163
394
227
269
3761
2029
474
159
843
564
673
161
139
233
203
218
1179
1316
1669
458
253
369
873
1622
387
1495
318
373
254
220
339
351
952
1491
1366
285
267
420
353
828
2317
705
799
2255
3654
235
484
280
200
186
1565
1320
239
1370
297
229
147
739
550
1943
483
3268
585
506
874
807
164
231
290
174
473
1274
365
447
1086
279
1094
158
738
287
2917
166
230
745
955
855
195
372
199
195
248
918
2305
1055
232
n 60 k 3
252
655
567
1835
247
1169
2568
2359
1132
3917
1064
2066
308
492
2883
336
3082
594
1730
381
1859
193
426
1730
526
198
1384
676
1541
230
289
3160
264
746
1026
3407
638
818
512
897
1745
2109
1542
271
1114
1195
416
209
1677
595
691
1477
1773
1496
6719
300
365
1270
584
1649
473
3093
321
994
314
692
533
1776
1136
440
415
1711
274
3364
421
167
247
161
8339
916
2541
819
701
797
3104
1589
305
323
2109
3640
540
2949
1259
354
1118
1700
2886
837
4297
470
n 70 k 3
1728
1453
612
1822
6358
872
3619
359
203
8147
4339
499
313
1154
1559
579
814
443
282
626
384
951
379
309
3485
4094
2722
603
303
557
1529
2776
937
1457
553
307
275
1060
1285
298
1792
833
941
1587
1130
615
324
750
237
505
551
2518
240
369
2047
693
2698
536
337
1300
4312
6870
4200
1268
4114
1064
733
911
1058
3144
674
312
888
474
685
292
247
4092
663
1342
354
923
3592
1752
6146
778
193
8466
7570
1148
1676
380
3280
817
726
496
331
429
8863
547
n 80 k 3
2342
1371
1057
1464
1677
764
4277
870
479
6266
1288
526
527
828
1403
911
4068
2905
355
548
8451
636
764
5629
1034
954
970
482
3101
1129
1308
2170
1141
358
1228
1820
170
8654
353
240
1906
613
580
283
562
2531
687
6923
1808
750
3792
1276
518
3985
743
3793
1359
3226
1435
954
3371
5147
2284
4805
4239
715
327
1045
3556
998
21425
438
2148
3087
3343
430
4049
811
8332
1072
426
973
986
1355
12940
436
514
4633
602
628
374
440
1107
778
1327
935
2601
921
907
1569
n 90 k 3
3395
1264
490
11539
789
1633
1437
1107
1148
500
2962
2345
1195
1244
16345
2168
505
3603
703
3657
1476
709
667
7852
1061
10838
2416
947
630
408
1477
3420
7013
1006
280
5130
660
3164
1617
3998
1043
5077
972
1124
363
1231
7455
515
3210
7473
3260
1464
11755
4993
1517
996
1104
1818
1692
1757
7233
1287
1039
3886
3722
5751
5796
5915
3317
4100
3380
973
8796
1120
3389
11425
784
1139
1417
1015
4666
912
9422
1941
2246
4973
879
1191
4653
7837
614
563
432
15248
574
741
1812
569
374
2590
n 100 k 3
1038
412
474
7050
9196
3680
13143
1148
1384
687
2489
654
2132
14502
1478
784
1319
442
9542
9955
884
27154
1898
716
7973
1498
1064
645
7220
428
2156
940
1445
1857
5016
4348
1941
932
3231
13299
2514
709
6374
14646
1435
1356
558
5992
7263
6728
2844
866
24051
2591
1445
16968
1224
10868
918
7041
5472
2093
844
1321
620
2824
3221
1815
842
1270
1047
914
2047
5898
19847
1688
1261
1432
1018
875
1389
1541
1081
2309
1117
1758
3423
1176
1423
2695
8836
10842
6770
16799
7441
1788
2739
1077
9012
4346
n 20 k 4
652
486
478
108
653
92
506
88
38
58
68
107
39
104
33
421
868
109
39
71
62
55
475
46
51
70
50
488
39
72
370
1067
527
504
41
1096
53
53
46
158
47
102
51
584
69
446
507
993
69
1256
66
74
76
47
40
57
527
35
674
74
629
375
277
59
1133
73
307
243
45
51
51
540
42
87
527
495
85
81
111
55
48
46
1486
396
1202
508
517
47
105
76
525
1538
371
187
62
36
22
18
99
1107
n 30 k 4
527
238
1091
90
228
1405
201
1395
74
420
147
216
124
597
187
78
496
1413
81
1198
551
867
941
122
108
667
604
2167
78
1382
78
108
80
1312
717
634
100
145
481
1456
2110
2163
1351
910
521
683
44
110
375
1351
999
139
309
333
376
51
197
327
569
71
556
775
294
177
63
161
119
109
659
84
70
2413
657
587
164
129
91
247
567
122
120
2262
2289
836
739
223
2045
114
1286
203
116
2090
1021
1519
235
665
68
60
92
615
n 40 k 4
3012
135
1249
703
2311
257
1846
644
1489
586
1843
881
167
215
182
132
627
108
1018
713
522
1058
2701
556
130
1078
306
107
589
371
1013
126
370
1360
605
652
1856
727
306
267
245
123
658
273
52
381
8945
1118
621
6655
417
679
547
1943
209
1013
2124
1994
118
381
5839
617
199
2724
1157
595
1199
2052
156
2939
612
425
159
203
643
2997
324
3471
707
545
2955
1381
654
144
154
678
6163
4889
192
638
978
245
770
277
803
389
1030
652
3017
536
n 50 k 4
216
1114
306
2999
804
417
823
356
757
135
664
1434
796
107
735
1794
6711
1733
3506
1071
5848
255
347
1677
937
260
8316
170
3420
1933
7113
320
2489
469
9211
300
210
782
742
7931
784
395
835
601
317
3174
255
626
280
411
266
2825
1426
1125
171
2573
130
4260
1072
697
551
938
753
139
614
3779
1317
210
2592
637
13081
570
223
190
1335
366
366
959
237
358
381
240
11568
262
1229
1073
10369
692
209
330
1072
280
655
546
8459
956
986
1148
746
611
n 60 k 4
1236
2234
448
10733
699
2238
1694
8173
2005
455
8465
1195
1361
2026
676
3316
10784
1225
4742
1663
749
16849
434
5125
888
1308
411
13831
8689
10269
5339
279
201
254
804
1038
6739
11201
2924
1213
1515
555
4847
405
422
942
314
8914
12954
267
2182
11993
4329
334
423
776
1270
723
6025
627
280
2264
688
753
979
668
5123
1402
24026
6883
2891
423
687
871
318
631
6318
1407
260
1799
715
9260
3457
693
228
217
827
514
254
896
860
902
14146
184
1016
770
367
1600
1016
1379
n 70 k 4
585
6212
1103
2099
313
15522
6098
9416
2565
787
1814
1059
347
3036
1302
2378
645
972
1077
14407
25837
2320
1761
1412
17448
841
2932
2173
8080
3051
964
7593
14156
956
1027
552
432
6820
302
763
823
1219
2371
22143
281
32222
707
2081
422
49504
1262
2002
2709
31826
413
643
727
926
1898
29058
886
1584
43614
352
1811
41181
8902
19690
327
1429
349
2943
1049
15757
779
803
7800
3020
922
734
781
10502
180
25244
2042
1126
2017
2408
4759
3340
1345
399
9268
868
500
860
926
2068
3522
16571
n 80 k 4
41185
2021
3001
1325
27803
11099
1024
21045
3757
1169
1221
20383
19804
1660
978
11652
846
815
1141
433
4917
1718
1229
53135
1330
849
349
942
245
1950
18370
388
1390
1179
980
1721
805
26000
2522
942
36856
741
1698
13777
30166
1585
39353
1001
22031
13710
52447
1953
1680
1496
1672
469
1793
812
906
5986
1887
1020
381
774
741
799
21628
1569
17996
507
2405
2530
3135
2632
350
1505
1489
572
918
1111
1170
2339
57665
824
1373
1377
308
2026
1760
729
572
5512
772
926
12649
1702
15132
4695
1283
561
n 90 k 4
1896
1442
18167
63587
2015
26048
2510
43872
35049
3089
25190
3984
1518
1683
374
39812
59388
511
49332
84063
324
5361
118720
10004
1590
37903
425
23957
17826
996
10226
3676
3617
1136
13707
823
749
29966
378
646
1830
2163
2103
1085
1281
64364
10156
61262
1025
2213
24933
600
947
20693
2660
13169
3300
3947
1406
31767
66637
4561
384
1281
2088
15079
61456
924
2623
853
571
1702
1063
839
22425
18306
35663
2395
1132
447
26236
562
20889
27938
2064
584
2823
5536
36314
33456
22036
17951
62803
82401
10377
1938
3232
8156
31161
34742
n 100 k 4
72275
12888
32415
1731
150702
1449
21690
4627
54417
714
1010
886
3152
762
91239
67524
41854
16917
163540
82262
4978
1643
5171
3702
2058
1223
652
908
2434
3152
431
1211
125095
1223
19256
919
2303
1853
890
1181
1357
28519
1378
1513
21121
950
1752
1415
10991
3067
1485
1714
83598
78132
995
1281
1210
25301
94897
1405
1331
17456
1753
62083
2182
2353
1660
1428
4225
8184
962
11913
1019
2310
73457
11083
140868
831
1966
124812
1500
565
1569
58722
755
1821
1236
1046
569
3060
835
41059
1226
88805
2782
96624
954
1434
3002
2705
n 20 k 5
897
43
38
423
1183
854
1410
195
49
509
54
183
48
25
95
56
1143
507
549
112
42
505
116
912
481
1297
250
55
46
52
25
29
565
39
152
482
32
536
481
508
529
59
506
558
497
1012
1068
66
1305
1092
50
566
2150
92
108
530
1934
719
78
1078
44
33
817
141
57
74
50
259
496
63
26
338
113
612
50
131
543
1091
484
1660
164
45
68
64
156
48
192
40
219
1280
84
52
48
77
54
506
66
180
701
162
n 30 k 5
92
2220
113
1217
399
2611
130
967
80
2535
112
75
272
504
1681
530
85
559
7373
68
6683
232
3185
557
3563
153
502
2806
234
4151
662
273
553
676
1358
2524
150
424
6519
1346
305
793
996
545
619
593
640
545
1872
83
4385
1480
111
1230
60
246
400
94
4102
558
219
333
3939
599
171
91
498
4163
199
227
12508
216
48
1166
4211
532
571
467
1829
719
535
608
390
1432
1346
564
90
311
2507
2279
174
517
83
163
565
2533
210
50
906
156
n 40 k 5
669
979
357
556
153
2205
355
4756
2786
1314
102
556
180
6271
751
270
477
638
89
824
222
1388
4648
306
1197
4215
588
984
1012
119
695
1762
132
274
585
1917
68
5885
4335
1074
10967
900
2056
5554
1601
919
612
82
1076
689
669
150
314
1094
607
11211
13156
301
962
4654
254
181
600
670
4599
586
865
3269
2408
364
9945
596
645
5067
692
1011
698
253
196
3189
4555
579
834
258
144
762
222
301
162
343
29014
319
1077
3089
3450
699
148
612
124
708
n 50 k 5
333
917
386
501
608
27215
8155
616
217
993
830
309
1144
1013
620
13920
653
844
1624
39277
16555
1184
340
989
254
14107
1242
720
608
1665
1295
1263
147
1181
457
949
1141
638
708
894
520
9840
14356
8036
866
1781
9591
1015
1446
13179
993
823
169
877
21973
13023
621
900
658
744
1153
119
32012
921
412
561
7114
898
1082
176
4663
896
14766
117
1138
580
10202
1414
1123
361
1015
3821
490
10471
1065
760
1208
212
1125
1838
957
2838
193
46974
54083
1292
294
18750
883
655
n 60 k 5
3437
373
487
623
1098
38743
1637
1284
678
1176
1224
618
658
21124
1201
1333
310
1162
25468
2873
15373
1848
26859
1329
4775
1734
265
2562
872
499
936
747
1074
1142
1160
644
12919
221
1019
5015
1216
17596
1026
1078
679
24480
470
7730
912
1195
496
477
199
579
899
253
2145
909
1593
235
341
1693
460
28112
319
10501
22700
740
1232
1252
1089
677
28735
336
762
1321
678
568
85489
1777
1114
1792
624
22245
147098
76004
25458
751
12062
18661
88929
2846
1085
714
421
14414
653
329
870
43721
n 70 k 5
1271
525
1276
810
6943
46378
3825
59997
2036
8272
726
900
11758
1291
2351
755
2111
928
1713
1444
1862
2004
194
20486
21010
92236
1492
3046
621
28407
1496
633
769
2013
44303
1765
1850
1425
232
1469
48313
2027
2615
809
1365
56574
899
5360
352
1199
1444
1461
853
46535
4441
1830
966
1512
44205
2580
1021
11758
264402
1129
857
41951
881
882
925
764
280
289
2994
187
388
74603
199
17713
865
190322
1312
2756
134593
2160
1650
1896
1570
77571
758
55689
2290
2086
1406
1247
1727
959
1178
754
1653
12827
n 80 k 5
1366
600
1167
134252
129698
2642
786
443
2401
187413
175923
83193
919
896
1143
2212
857
1395
8915
9948
41171
1639
374
1051
978
40252
126871
907
955
470
1912
17901
739
220
434
909
395
333
1230
320583
56638
900
1642
1273
4254
3880
1291
959
262916
1360
1337
189594
1430
50876
912
140210
1979
2910
192483
1094
1221
1160
2303
2654
720
1392
2091
1103
11468
1049
90386
2300
482520
229876
709
783
1110
1236
1060
54628
119411
1199
840
1065
21073
33740
762
2832
123831
94434
2624
992
4641
782
1184
1271
1297
2556
800
66445
n 90 k 5
1806
2771
904
2961
233839
777
849
323748
456543
604
2504
113191
82625
909
2093
88809
91849
1454
1404
45164
1700
1020
3876
3373
3006
3511
1402
2407
544
1198
2306
230665
1003
48118
86003
1469
1499
113863
1004
1991
1101
1426
2496
11992
127889
1641
4194
32693
255519
507
42624
2335
45665
1481
4734
64605
1902
2791
2645
2818
475
158482
118724
4905
3899
101755
1287
1622
1927
495
761
49528
1205
2089
2473
387761
1000
1043
1419
2029
1511
45866
373847
1370
149523
38084
744222
86034
1894
718
1864
4698
1713
265016
1889
90119
418
578
791142
103584
n 100 k 5
1926
3688
811204
236193
280126
418506
1471
16617
257737
143887
102728
2442
3483
6330
783
176846
62319
188540
54641
913
2024
2202
81516
1017
1649
1209
201258
582
3193
278382
1703
933
3337
2354
901
1805
982032
128006
1629
2326
1401
1518
29638
1223
821
1990
1599
313147
397409
219877
1274
1284
1119
2535
2336
363920
98100
1252
2040
2664
599
1035
487
1529
6316
271574
1679
3425
3313
1744
3232
1154
1067
2206
2576
183465
283439
128415
85101
62361
2747
1052
58396
1957
190980
623
5019
15648
2762
155639
197921
680463
341129
1241
1592
448
21250
1858
4048
1323
n 20 k 6
82
469
537
183
45
2771
500
76
106
1438
54
28
504
147
68
995
475
55
43
1154
52
54
49
106
1166
151
590
542
38
515
4486
521
35
115
596
532
503
83
863
545
944
499
29
487
502
40
40
63
109
109
52
977
47
107
1617
38
138
499
43
54
91
32
532
56
56
1334
78
83
127
521
2137
725
47
34
94
1017
980
37
113
91
31
62
1217
704
60
94
1198
92
276
504
1046
926
1844
95
474
482
53
480
1538
65
n 30 k 6
535
543
1531
584
522
3199
422
1555
115
699
497
3207
119
136
555
75
126
94
2083
132
114
573
50
534
647
4159
178
128
78
4484
5604
756
90
56
197
2681
528
64
11309
1137
288
99
66
527
158
162
691
128
727
2062
335
163
587
176
266
65
68
1525
101
1095
170
534
1465
200
538
318
7358
125
1454
143
6076
510
333
109
41
886
582
901
1497
226
66
72
108
565
501
5449
98
110
3024
517
584
534
1045
9796
4974
388
3808
2246
110
557
n 40 k 6
578
107
182
3870
127
584
2259
207
554
216
1929
3281
1171
721
8897
18085
256
1110
424
2699
94
580
451
157
1097
282
244
2929
2866
360
1051
718
578
6307
1020
1078
288
670
20184
375
2786
801
26896
32765
26745
302
5678
556
263
1241
612
297
1334
12326
2353
807
598
504
31462
1218
607
639
545
96
144
15455
35664
38395
8364
602
161
66
630
720
173
42271
372
14045
1575
1508
1046
8856
754
620
1074
1547
167
29961
778
9113
913
535
10186
579
5296
651
615
1622
887
11169
n 50 k 6
584
853
1302
150
217
1649
39831
1391
6402
267
148
780
308
95264
1190
731
1568
94002
185
267
524
644
141
25234
48295
262
787
1731
1719
1636
118640
1312
200
955
40037
97
697
191
111991
154
63196
148
817
635
684
1208
764
15809
662
3854
660
89692
16469
15340
677
191
989
1865
37291
1116
125187
1145
4105
297
734
827
496
798
122160
261
128903
1417
25320
29458
248
1071
3155
849
848
1010
11239
596
1171
2807
53396
40458
48052
627
637
728
160
78126
391
5507
1048
1315
215
1117
19079
1165
n 60 k 6
889
693
147132
10529
64932
1791
1315
1223
322
860
811
83598
148
262780
273
199
14826
622
303600
411
1616
1351
1268
490
75407
1168
201296
1999
1146
320
225757
653
1267
1694
72778
125509
64300
69360
342
922
884
107910
1609
302
9373
1763
1734
2084
680
64976
2248
263158
185411
1405
22844
1231
1234
1243
1825
995
25656
1315
2078
2306
972
521
38142
322
495
290
87501
58446
1036
1330
3084
696
3039
277
1072
647
370
834
40228
33548
81982
787
1401
529
132626
1239
1500
86303
23896
957
1332
1114
205853
735
626
1383
n 70 k 6
325
2597
1910
1613
10929
1574
2506
109614
2615
1801
906
294
1453
1085
395
1435
376
2300
2563
221505
44803
117870
219
1666
1224
1783
323081
3461
39827
622
865
1718
2951
1331
913
73723
2212
2750
498837
289
2427
690
636871
249
881
1612
738
309
684
33575
1952
1280
915
1674
1325
40574
746
674
1086
1688
299
256874
454
420
849
5044
503459
368
2313
2238
1931
239700
3160
1250
1930
2002
813
930
158321
747
313
26053
937
4330
232
196
300
2947
239
264
890
789
359424
336136
90908
269620
559
534
68706
31648
n 80 k 6
807794
90337
336262
65450
460893
1306
4066
369
708128
148495
1388
136267
1355
1129
480435
28777
2156
396
20552
2687
193776
592
3580
114573
437265
233893
2538
2678
332271
169185
836
665
375980
945
1886
98949
1446
137280
2412
504943
678832
2061
433808
502259
21345
3491
4069
1199
630
5272
2258
1244
896
887610
3570
312532
1293
1675
725
857
2436
1262
1594
1261
294928
1178
1002
473610
2245
685
2288048
639313
1235
1403
835391
769
861
8593
567698
3778
797
412217
1804
836
897
1821
191771
2002
2308
2073
282151
1232
2795
2537
101580
101521
1340
644
184413
586
n 90 k 6
1281
2237
22440
38710
1113076
2274
935106
503369
2545
573230
798460
4149
925
1000
1499
598507
950
2435
1418
834
3366
604931
6366
1318
3057
320
21179
3865
2603
2904
2274307
1662
3932
713498
7982
789
2523
2032
1803
445
1445
4412202
2157
2274
3415
40705
939986
1704
2520
1621
56505
1265
1477222
3381
1553
1832
608035
968238
504561
1864788
1143
1143
1880
2689
912315
1095
145864
193796
290362
273691
2604
549
345
1094
6036
1146
1479
498
1840112
3222
1293
2986
440738
2190
3355
1667
3565
1053066
1063755
1229429
2329
1455
2058
2910
2203
884
623
1594
574
3577
n 100 k 6
6197
1560
714296
5171
145678
1170
2723839
133493
522796
2965
1762
4204
1957
1076
3639
1438
20829
2138
522
1328
974558
1484
3032437
49060
3833981
2181763
1142
544978
1365
1229
154154
2003
1994
1510
1810
1372947
803368
8186
960878
1534950
1947
2387
1755
5039
2537
272685
1627
2642
1992
929936
868
1628
5245
1014
1598141
508639
1279
2741
950907
552
295511
2448
3996
1991182
3925
3884501
1192395
3277
630
6989
3385
3133
2854023
5172
1584
306
332569
713294
725
2043
97564
1597000
2665
1681
1688
966241
2715
2448312
3135949
1970
907
475710
4217
2370206
454
1372
9037
2191
1744
1667076
