n 20 k 2
64
19
201
88
193
40
42
38
79
153
60
167
75
39
84
41
40
106
106
257
81
68
71
67
149
55
190
32
55
90
80
77
61
36
50
37
42
79
215
112
140
58
47
55
23
31
121
30
84
111
36
49
86
43
36
73
62
112
193
28
165
70
209
230
24
142
27
57
194
115
47
94
160
54
55
27
32
53
71
135
46
43
21
43
129
146
60
39
144
84
52
90
117
46
329
30
110
75
166
80
n 30 k 2
221
74
86
122
149
112
82
91
117
74
88
211
248
65
50
59
80
73
140
204
521
42
104
95
72
47
59
89
100
83
58
217
126
78
74
57
193
80
78
118
190
78
64
42
84
76
221
100
127
113
136
139
265
164
44
183
60
108
61
79
116
108
284
70
83
62
87
568
448
393
147
51
80
67
97
69
180
55
91
263
134
65
161
96
157
279
151
376
112
320
272
107
137
47
173
83
99
90
157
103
n 40 k 2
159
121
182
1160
453
157
159
135
159
289
163
286
222
159
339
151
120
93
266
159
172
197
602
97
191
239
148
503
275
156
162
164
287
123
278
549
324
527
139
166
721
89
104
547
260
136
394
265
262
197
225
147
136
545
224
181
689
173
213
986
171
274
395
111
226
919
70
226
238
571
135
183
150
475
247
700
147
140
135
107
357
235
191
227
826
123
505
98
149
137
494
126
258
132
70
152
289
198
123
103
n 50 k 2
217
366
627
106
205
175
211
132
543
343
139
190
216
579
172
165
556
311
242
281
292
246
398
75
301
444
278
516
431
227
652
343
195
599
188
228
236
141
348
219
149
236
598
456
240
551
88
652
179
398
219
901
224
427
235
301
175
330
402
319
224
197
738
131
274
230
120
205
358
279
472
449
343
148
216
341
160
162
399
1102
239
218
121
453
223
270
174
154
217
233
353
187
598
230
210
314
615
169
624
207
n 60 k 2
528
290
1549
139
1030
690
546
194
176
898
1078
829
557
362
1144
1297
655
313
199
211
248
770
582
321
661
557
903
301
278
256
371
770
1048
570
190
817
1269
295
616
450
318
259
226
319
363
696
274
326
235
287
1141
353
272
205
205
185
186
814
489
318
181
821
395
383
413
356
179
352
1111
225
566
272
561
268
211
699
246
207
300
488
135
301
740
459
643
322
321
467
303
229
171
380
2344
739
456
821
277
238
156
377
n 70 k 2
1554
378
312
314
645
222
280
871
227
294
348
646
285
757
350
305
364
2198
308
566
1336
455
282
1262
1435
508
683
1702
249
304
630
366
1200
267
1129
502
1261
309
459
881
1009
381
409
222
506
228
244
315
294
272
201
637
520
277
365
325
1039
396
1497
504
1687
377
517
1096
400
706
963
201
253
315
366
599
1349
395
342
381
258
666
711
828
827
1083
249
186
325
362
934
449
1004
724
689
1113
266
237
1569
331
943
630
458
1091
n 80 k 2
1809
474
295
363
418
605
448
364
906
480
840
971
293
329
766
760
199
2194
858
444
983
1279
546
637
729
836
554
2016
1163
263
875
722
1452
790
278
303
625
452
961
1113
437
544
1170
303
636
1597
908
519
541
901
2013
522
803
437
375
457
549
509
357
992
254
824
954
281
671
527
619
763
230
653
790
367
776
632
537
539
844
1024
429
301
365
201
525
376
502
576
762
312
1153
302
331
785
996
908
477
274
462
883
2150
758
n 90 k 2
605
333
732
2273
644
320
370
943
335
1839
444
942
1179
1248
1039
735
886
843
356
1556
1348
2097
615
979
1795
571
751
623
348
473
526
937
1010
760
842
691
747
646
320
1965
873
444
572
449
1329
387
391
1069
647
1376
431
1157
265
1047
450
1373
475
468
1571
1330
848
271
308
404
608
641
424
1088
413
285
1156
535
1758
442
424
376
2463
325
578
402
819
808
634
685
426
556
644
537
347
526
402
464
929
677
462
440
554
1239
747
370
n 100 k 2
881
916
965
513
1751
473
989
2472
1140
556
1906
608
688
469
1406
861
609
314
494
581
769
810
1064
474
665
1149
454
508
888
2018
837
934
642
445
1848
400
400
818
822
647
958
705
1006
820
586
694
1054
1886
870
285
944
902
2312
1053
845
1417
830
714
399
1005
515
324
588
1900
359
758
699
720
575
858
352
430
1153
659
320
768
1355
813
409
903
381
1838
729
450
449
1674
548
547
630
434
649
1787
1927
631
998
1184
1842
1657
479
1289
n 20 k 3
455
116
716
76
77
19
227
48
89
91
30
173
543
88
51
136
119
252
34
128
505
191
76
45
264
306
511
131
139
64
722
100
71
55
209
682
106
587
55
73
39
968
234
163
68
147
437
134
499
121
290
146
202
252
121
86
102
155
501
236
324
157
558
82
50
48
28
68
201
220
42
362
318
64
52
42
262
472
91
200
219
168
87
529
50
257
756
48
152
548
30
205
276
45
248
105
188
92
120
52
n 30 k 3
629
184
309
114
89
144
336
459
301
582
539
1048
304
89
574
407
70
96
94
92
51
112
314
81
750
106
113
272
321
80
469
656
97
98
229
118
123
282
142
123
818
569
95
281
333
259
208
200
189
138
77
105
205
94
304
71
162
57
1238
87
392
147
1804
87
589
342
673
178
135
104
186
597
360
95
551
569
382
92
482
322
967
1584
196
139
78
390
1034
286
202
144
856
570
154
69
112
91
627
76
343
144
n 40 k 3
276
607
276
203
571
63
1068
165
145
691
177
749
870
152
1660
1913
1592
476
547
1412
626
231
185
1833
647
258
885
246
173
157
82
433
121
1245
677
1566
1589
728
215
132
840
92
54
674
230
799
473
1790
199
1560
644
670
748
229
194
1122
648
163
313
88
214
633
1443
188
167
708
97
413
139
918
757
348
153
164
203
1423
323
580
136
93
231
213
434
608
139
881
311
748
90
609
616
286
302
177
230
2609
378
148
335
781
n 50 k 3
326
583
1475
176
343
881
130
2188
188
614
216
104
194
422
339
230
416
215
244
1051
270
1077
2978
536
424
376
3891
694
1606
613
625
579
660
990
734
228
2599
816
98
548
1946
174
748
813
364
271
762
436
1140
1061
145
846
319
147
446
2716
536
501
1157
166
1139
196
1244
276
1168
348
739
263
2220
277
557
1381
447
1039
400
352
240
233
222
422
1551
402
584
1647
268
988
1196
625
330
712
627
160
173
184
1909
216
1992
315
531
287
n 60 k 3
256
2799
1122
259
5593
1522
177
1047
173
663
953
1104
435
1118
2920
375
591
781
2547
8603
1394
1545
651
612
323
2547
2495
496
439
803
1029
418
859
805
289
436
280
461
1846
1834
1488
543
285
732
2414
657
246
1480
1027
665
1737
1510
731
1967
494
484
987
1076
531
2395
1804
354
1018
3328
451
309
1026
1807
1965
1140
1869
2649
1514
913
5019
1249
1275
145
1883
3109
3276
1948
195
815
5891
2012
517
5070
835
849
2865
1132
151
1209
406
1056
339
334
681
1740
n 70 k 3
3215
7191
1711
1050
2454
6088
1348
809
2069
772
1156
459
3535
2636
6868
1294
611
871
2103
6184
3899
1025
480
830
1348
687
1699
797
508
524
1563
3809
1904
1164
760
355
572
702
2412
906
381
1270
1274
623
1162
1091
406
6494
1227
298
853
852
1184
772
1804
3911
2589
7032
2016
741
768
1073
590
6452
2371
1228
1291
2726
2332
412
1392
379
364
3536
2965
908
824
325
388
865
6043
776
881
548
1170
2128
877
1686
210
3441
658
1388
362
470
729
3792
2797
880
647
703
n 80 k 3
9510
936
1774
3774
1239
555
2244
346
1819
314
1648
544
4209
872
1045
785
788
2053
600
1328
1065
1313
3918
532
1377
481
3315
236
3971
949
600
2355
427
328
788
1916
2055
1114
9760
902
4340
2930
1042
3675
777
4611
775
385
612
429
4074
2571
2278
9200
782
1561
413
531
3840
279
864
962
3064
572
397
5916
9992
462
1635
4438
575
1109
458
1498
1476
458
2228
689
911
4236
318
525
12310
1172
887
886
1045
2816
3586
1747
853
235
1407
1254
1067
255
1023
618
502
946
n 90 k 3
265
11566
6498
488
1529
880
1123
520
2251
823
461
11427
416
10776
736
1250
1529
5454
739
541
21045
2563
856
4279
8095
2713
2004
4136
819
647
2095
1271
4117
1609
8649
830
1253
780
5551
481
16512
3970
933
944
27366
4250
517
6821
8493
1081
2761
673
920
2057
5554
701
1636
21708
620
1301
5203
683
5436
871
3579
1356
1162
1257
3277
758
2188
1670
11978
1917
2478
2018
13511
2171
1850
9569
1481
14714
1304
1534
708
1053
2195
796
1222
2347
702
723
1325
6965
1135
434
325
367
787
703
n 100 k 3
817
321
2368
1285
1767
1814
2840
2763
1049
1253
5622
949
4381
3802
1745
10880
1254
2141
1044
4805
1017
8083
3386
1474
956
443
335
18897
711
4269
459
3239
3125
4166
1823
2278
1063
567
607
9823
2610
3454
8551
8441
622
30494
1333
3795
1689
1340
6704
10689
1304
1312
747
2175
2234
20207
1797
5143
637
1814
5035
3434
3910
480
18508
3485
887
3484
5207
1013
9711
3211
651
650
1858
3434
5057
5804
12489
9605
459
1884
5369
1557
5906
956
2531
1755
2776
3818
1439
1406
1946
5647
2814
719
5427
1099
n 20 k 4
1206
520
283
103
491
141
109
1056
88
153
66
79
38
56
65
35
161
70
197
110
130
536
55
1052
515
375
66
999
80
144
965
32
569
31
557
510
72
1247
909
494
106
640
25
56
554
123
80
47
952
717
117
529
524
56
87
1266
921
1053
344
77
399
604
47
61
525
956
33
64
143
48
1180
110
945
376
145
1232
1064
52
13
87
110
84
35
830
752
41
1032
43
342
72
561
1024
523
532
618
311
50
502
408
378
n 30 k 4
797
118
493
988
581
114
106
2430
543
1538
143
1393
1856
160
140
2095
793
543
153
606
282
2016
1267
541
104
163
579
80
164
154
1570
637
1563
166
73
834
368
542
209
105
657
334
601
85
840
117
82
2636
92
641
125
273
862
376
600
90
144
1526
124
149
662
693
121
129
738
139
1490
571
162
590
2766
882
277
1540
201
68
559
202
2456
585
101
123
64
179
2030
116
156
189
1083
47
355
491
218
1422
179
883
1459
1816
94
564
n 40 k 4
1924
1204
1576
1111
246
254
413
3485
1324
2488
3291
1357
768
5498
91
845
1037
1087
211
2549
226
3883
1687
893
8036
237
4385
114
945
500
197
2554
275
175
249
804
1172
3896
4210
1056
577
1084
644
851
1114
627
7354
4119
576
1358
516
715
1083
159
276
581
529
702
3717
332
751
99
1828
505
623
274
1228
1062
777
704
105
794
988
188
865
163
1019
834
2644
1023
1752
91
208
1200
2018
583
581
2367
1030
580
3492
365
2061
230
594
436
156
65
2092
8110
n 50 k 4
430
676
5419
625
301
194
297
1632
603
138
2224
209
646
1029
658
316
613
3988
1142
792
249
997
134
420
659
244
460
731
820
3511
2512
743
1222
1164
2536
249
314
322
963
6452
951
18967
329
1808
678
4451
1012
859
3727
3595
1331
700
5155
465
11203
3386
1801
650
544
336
3493
3757
1191
665
8411
749
112
776
637
26230
698
1218
137
4640
682
139
391
289
657
847
3106
780
1350
502
384
2417
2092
2202
642
385
3604
177
10103
797
1224
1718
188
6458
192
216
n 60 k 4
824
319
434
11328
2025
1164
164
687
1626
6023
5512
295
359
1287
1789
360
1157
2937
2163
729
337
366
882
642
13189
833
723
315
64621
324
1006
418
248
1025
20995
691
265
691
630
420
1042
1468
881
362
420
17696
363
755
985
8482
26888
809
902
242
1279
2150
803
1525
3695
277
2223
1462
292
959
747
26964
843
143
784
7439
1133
10992
1046
237
4224
15732
703
2452
7638
9915
664
26497
672
969
285
946
8180
32669
1120
6946
766
6953
620
1386
1140
6009
214
780
27729
4435
n 70 k 4
771
767
2080
689
1258
15327
23902
6044
4736
1166
1852
1839
457
1107
423
10563
494
2174
12602
281
19746
23545
4087
1833
3393
573
3568
414
2583
817
2107
1477
8100
1083
13820
1157
4674
472
826
6376
22543
1459
431
19016
2657
46546
995
6847
666
562
1310
1866
10205
2328
4988
3270
731
3597
1576
445
20532
260
366
3338
647
1798
27995
1660
508
1102
1661
630
561
772
1642
865
1581
1295
6686
41598
588
6407
818
1001
308
776
7600
323
988
422
264
283
1011
316
765
416
1508
881
245
6554
n 80 k 4
5255
2424
1246
1162
445
2897
2499
1840
1615
410
2377
2330
3102
45899
2377
28730
6115
1010
1948
1319
2320
1679
1184
3579
13244
1380
957
24494
849
1311
15098
716
737
1044
1379
12307
14945
1576
964
2195
5993
373
1304
13688
18409
955
23163
1054
13965
54081
1537
25738
786
705
783
779
749
1172
2564
555
421
3909
1288
795
55960
676
4301
8245
758
10426
8265
13611
1913
53118
61044
15914
505
293
2884
877
420
31393
1949
47488
1258
737
774
4644
641
8615
1427
834
1713
9414
6392
20363
488
2757
985
2989
n 90 k 4
29143
5689
1621
20998
2753
480
1112
1832
995
1300
457
2141
6030
3422
1459
25178
1529
1483
2029
1809
483
2232
65642
663
839
103410
798
31833
29222
9979
1828
1076
1496
20071
770
1334
72522
1833
41324
1602
1756
2130
633
1143
1721
1681
1440
97071
4453
148416
39501
1178
27818
643
1254
2434
32419
854
921
1395
31860
766
13379
995
765
1253
2317
598
1965
2178
11910
52479
1225
647
4267
40477
1149
585
3699
2627
61312
1214
18330
1546
4579
744
35441
1167
450
21258
3978
1083
2617
2220
1291
555
3143
17539
1259
17308
n 100 k 4
2894
2619
3207
36976
394
1034
1093
3027
680
3021
2724
5570
7633
55111
1283
1181
11920
1350
626
3274
31567
1757
1253
514
41165
13386
7687
102360
66011
465
57339
1245
38837
45024
15614
7748
1957
962
58026
1125
1149
1030
8123
491
24163
1088
64887
1371
191550
113089
1365
2538
36081
69404
65764
2055
48291
1127
2083
79128
883
1007
39882
169626
1097
4262
18166
10429
1581
97579
21660
1848
97585
3515
12201
1994
1273
56535
1560
3828
47185
2897
2922
21029
621
1941
1009
2795
16788
98475
83764
1142
1013
1314
2094
68016
1453
1820
173217
3083
n 20 k 5
49
1267
536
61
100
34
501
528
63
124
65
544
114
508
63
23
70
79
531
1224
524
1802
1006
1247
90
70
99
576
29
39
534
1082
97
46
1432
108
55
645
1112
1563
61
89
1196
1001
533
570
1247
62
72
66
95
49
63
499
1382
499
1731
35
526
35
1815
63
1369
531
1691
547
76
25
70
986
67
1026
47
499
1571
1296
34
154
492
25
483
525
48
65
76
496
465
25
1099
71
44
599
1109
567
496
526
47
1569
949
559
n 30 k 5
618
531
881
136
4992
635
2532
123
1660
123
353
617
590
82
143
1705
153
519
560
57
118
118
350
1315
5487
126
141
91
74
199
2940
531
4344
732
568
50
726
188
561
77
174
63
1208
2285
4225
93
104
1991
606
317
562
77
551
113
2505
2736
200
102
687
130
80
310
124
210
138
313
2719
631
615
123
981
3462
131
1103
98
1914
379
189
526
2831
2553
754
577
170
1230
595
54
807
1719
803
1676
7090
4137
790
508
2107
761
63
3810
1270
n 40 k 5
1523
151
765
1119
620
878
8173
130
1073
776
277
209
373
10805
595
18274
699
153
480
123
1039
201
200
4261
264
85
545
1229
1302
659
121
218
679
77
15492
1254
220
7181
7543
117
334
8280
83
12377
577
113
11508
1982
1117
19424
149
428
544
2030
833
622
651
758
904
4224
113
630
320
214
675
3783
12260
189
105
119
666
605
143
94
4088
74
4313
2693
228
3804
300
645
4324
2973
147
638
1512
5753
603
306
2674
186
650
1059
109
146
757
610
5982
978
n 50 k 5
1847
22769
506
305
5867
315
198
2903
564
2035
241
1489
563
1010
11160
1625
1996
2033
587
800
1150
590
1099
3254
14900
160
52678
3529
13839
127
1179
187
798
6734
610
1293
324
16337
1802
753
232
222
1138
4776
231
197
130
1559
1375
584
592
882
408
4617
164
3907
9375
278
741
1151
630
33936
9752
12735
776
897
769
1163
1058
1055
722
660
261
710
16506
20036
614
1074
3217
319
2095
255
18344
260
1172
563
314
1175
25534
1340
1116
222
1652
1509
1187
1195
169
508
1448
311
n 60 k 5
35442
1038
110284
735
1396
1160
20246
839
25898
16857
2026
84002
31764
1688
38170
30298
25204
50568
347
23014
13681
1525
1342
1065
14093
378
29992
1753
13023
21641
18382
1217
272
3873
970
606
19876
1152
220
1259
854
4377
7664
360
857
839
11175
3917
1366
1019
1309
548
65553
408
339
1534
655
1475
44152
1542
1483
44525
300
1557
1086
1633
798
328
678
688
9749
1634
244
758
274
420
2669
5325
22448
381
836
7396
49259
36549
1943
1759
198
1876
1074
13064
25612
1058
3153
17002
12350
238
1875
347
2048
52724
n 70 k 5
1569
3356
701
2335
966
765
1359
815
2116
44900
9386
20771
1702
99770
862
1992
326
270601
1376
904
32610
455
946
783
49358
3898
6693
27825
101789
1774
1571
9845
1888
292
1532
977
225437
87949
850
230
38646
157926
882
109322
475
685
2070
10075
718
372
72423
2131
1059
122717
1375
1999
52510
46504
836
709
249
1055
918
76703
10700
108536
753
140845
14617
600
56980
1307
333
119415
1239
92999
846
60230
7122
218957
19302
2100
2964
2881
1858
1428
66705
44158
750
587
52106
1130
73923
1169
304
547
1449
279
713
2841
n 80 k 5
2693
77961
602386
1371
887
1210
107321
1326
30296
1422
453
2404
284
1752
2627
1675
1714
2101
948
110392
2475
723
700
191492
2305
141575
2691
207083
872
902
7696
1590
471
38069
960
208870
492
1104
121038
2154
47053
24425
221409
2764
2354
1022
1628
202381
248674
1422
1257
201308
243249
853
2328
143929
680
1129
1785
51196
404
826
538
1517
2466
1095
151533
1408
15464
13911
43269
294
91002
909
1260
2743
3511
3375
757
2168
2704
1255
1596
89995
26591
302600
319
63534
235583
337
1098
107959
1190
1995
1026
18388
1023
1594
652
1003
n 90 k 5
1405
564
662
362
1036
7858
3261
913
289
2287
803
1707
1649
2782
1598
997
1155
1312
1958
3344
6068
54611
207173
2708
505
148096
825
1410
1527
2554
1454
1827
914077
282201
1637
2330
1500
2298
2041
267699
342626
68173
2504
667
219567
324850
1116
6325
2069
281910
47649
2013
59439
100785
13423
52942
456
31194
596633
2280
1205
173799
188449
1963
931
419724
67784
2929
1616
1540
7980
760
20712
613
818
1982
125811
1920
2318
2368
1269
1199
2292
9024
13521
1757
2529
1698
204639
6205
159473
525217
4122
261
65949
428478
187654
416932
8172
1707
n 100 k 5
1008817
1681
1430
103646
2473
29421
273281
631778
5523
3971
165890
2301
23619
4220
1618
2458
2518
503140
208145
3331
15955
235169
947
1015107
1603
2018
1597
2525
2507
30507
797
1818
2110
2352
3279
2686
2680
756
477258
1587
511212
1345
938
1791
382391
1017
2866
549231
78966
358569
1796
992
2987
1145
792
1247
2648
1838
2529
276323
663
220772
3707
34483
19165
666532
113295
2280
1619
266780
339256
2462
3218
1234455
2411
162334
1140
136026
659
799724
1935
743
1754
1167
2723
1481
477008
1455
2145
1938
6834
2528
1911
2267
1517
1605
1363946
1894
313677
397116
n 20 k 6
105
85
1046
708
510
1033
71
1456
56
83
932
1906
482
20
54
106
58
31
100
66
1005
75
44
49
945
515
551
68
976
496
45
2039
1231
25
131
91
137
65
1063
511
1073
544
22
510
1708
96
538
494
43
1008
585
88
302
506
1416
1166
1157
55
524
45
27
1134
506
77
49
107
26
1670
1367
69
2059
76
86
1347
75
91
85
494
1235
495
583
482
36
1213
84
80
34
759
44
38
94
498
103
68
1413
1889
100
517
128
78
n 30 k 6
613
1783
194
2858
95
95
221
70
58
15584
553
139
1038
80
82
201
562
52
100
112
89
558
191
69
578
436
454
418
1771
49
1807
4961
186
3204
572
265
92
548
163
152
594
907
596
98
128
2230
4092
6512
126
69
8360
74
263
465
119
4526
648
80
1095
608
189
521
551
565
236
218
295
208
684
74
306
81
101
100
1816
205
137
515
311
955
571
1545
3205
99
6497
4095
3855
308
6738
125
123
81
326
1026
159
247
571
134
167
624
n 40 k 6
161
11135
222
1186
1121
590
259
204
554
138
7122
577
765
1050
662
15587
1111
176
8977
257
599
1573
24836
572
12279
598
14045
1145
236
599
607
99
11077
8152
194
2878
806
8196
1023
1107
115
360
573
4094
678
18853
1041
733
38545
3355
195
136
4174
532
45623
176
32147
712
33502
22541
258
2905
528
82
972
198
1055
605
459
1029
128
1169
162
133
569
533
1066
975
6296
21868
638
903
959
307
679
3883
506
609
10291
327
1330
599
31161
2549
14362
94
618
323
96
227
n 50 k 6
77182
216
115786
396
881
1252
772
1906
1367
334
48037
272
768
1361
19629
471
7552
1698
1575
725
1059
39930
26935
607
652
251
639
39397
2738
585
1232
659
775
18291
2977
1715
733
1157
51647
16208
305
634
141889
632
911
167
33348
659
1781
96
636
843
1462
185
28784
1018
154
1174
278
633
401
242
655
817
271
546
41294
862
140025
185
895
31102
632
204929
28087
1116
1548
823
165
9402
13186
1730
3575
1610
1067
1350
789
1939
5535
125
129
697
1194
1097
25253
19185
426
1416
594
963
n 60 k 6
639
220
1626
644
384
310772
164
1336
777
203961
653
307605
224
178
1056
620
668
635
653
224
1657
283
1560
100528
3112
851
135
187
430
97259
384
504
390635
634
2273
136131
1185
754
1758
61034
38660
844
986
1503
206
459
124662
134939
3058
681
437
2179
1259
42615
1400
280
7279
757
840
7335
255
783
638
495
407
696
1683
1753
949
2028
1345
960
1957
760
1350
1485
385
41119
256
941
1958
29103
2629
267692
669
704
5406
153942
1212
711
22332
616
328
405
4637
119737
1727
1115
228
2947
n 70 k 6
34590
2382
1140
1285
114851
851
305
871
409809
820
337094
1208
1202
3166
1391
4007
582
1226
118887
245
144641
342
1002
617
22892
371
29404
55970
325668
169790
1993
1333
574
1491
260493
791
1816
1006
956
270
701
516
91300
1220
1479
356212
3007
1341
273
2334
1692
1245
735
838
2174
26225
1789
879
3264
117716
492612
1589
171417
33282
1739
421
314
1002
2246
498109
2765
468395
125905
1384
482708
927
847
248988
2009
37498
940
362
69795
2760
767
38757
46413
4001
1254
439
1319
552
3189
1046
347749
2338
1838
793
1206
1594
n 80 k 6
1674
260384
1138
737
395493
2030
7509
1912
1495434
2081
1236
956450
1494
1242
1830
916171
641
1382
1411
1708
44595
1672
989
2843
278
236928
2127
4100
2336
1210
3740
913
1158
4422
324049
406710
269
570885
2386
228629
171895
1273
78628
1059520
326082
211259
312
990
48152
719724
139758
204031
163399
805
695
963
902305
323051
1833943
1848
879
1014860
169255
118156
1195
1362
27130
380
129555
1290
185627
585503
806
72347
1853
1492123
2334
1239
1289456
1240
490497
2026
2507
149990
4345
747
1892
235497
1240
3556
885
481947
813
2768
458974
1473
192166
1215
471850
90666
n 90 k 6
428617
3256
1809
643466
789
446
18292
2467
6290
1066964
1824
4669
2526
1505
1501
2415
8581
304612
652224
5501187
2984
548180
139230
2145446
946
3373
99016
593
479
2708
1236026
750
1838
3203
2647916
1005686
1178
603
6950
3450
2640
1285
673949
2598
957
28643
339134
5930
1032
860
3969
36206
1959
2567
1059
1384
1118
2647
1178
4909
324874
435
2319
601
3435359
57406
1738
273829
2812
3476
361221
2760
465797
2371349
478865
1182032
1348
2510
1023
2894
1305802
3820430
1803
1189
810
250776
415
945
1237
612
2990
1636
417
623597
2100
904
3093
669173
1506
1004
n 100 k 6
5585
1216
7442
987
4220806
866
788
2313854
1137
1717357
1157
4056
703
1575604
1231
3368
1406
727823
605176
2646
4678
1314
1729
2186
1821669
1991
1411
262887
34159
1460
405395
2300157
950834
1845972
293897
1838113
1169287
5726
435
2457
4952262
3943409
1119
5888540
1139
1108
1401
639900
2422535
1460
7149
3267
1652
4644
351762
2254
1088593
2630
845
2480
970
1854
1720538
976
1281
2021808
1221
2309
1156
3409
743715
1276267
2088
3392
1371
1332
1371
566
1465
2390
1047046
1729
1182
146101
1456
1897
1414
1303
786
1973394
2567
2275
2434
8142
1640
1013
22841
1415463
13661
1509
