n 20 k 2
94
234
107
214
235
72
115
52
28
45
110
70
112
51
43
62
61
43
25
45
46
16
127
41
46
90
62
117
45
230
159
137
136
57
59
123
73
52
80
82
180
88
27
90
323
80
140
69
37
50
54
57
39
60
218
84
78
55
67
49
35
32
116
57
22
82
35
49
47
32
268
26
56
32
68
62
72
191
23
36
188
41
357
80
53
47
108
148
35
80
189
53
57
45
163
74
170
123
127
36
n 30 k 2
231
184
67
94
630
107
82
156
113
88
50
105
107
65
113
213
76
82
62
92
612
601
153
84
313
38
375
161
95
94
185
136
140
313
222
331
74
85
73
141
172
135
74
244
101
77
197
71
90
53
123
259
396
226
83
76
180
343
53
98
67
143
154
226
238
114
114
161
74
88
74
82
258
132
46
153
46
87
39
509
99
129
118
319
79
78
166
160
734
74
75
87
85
189
120
356
80
96
136
63
n 40 k 2
125
237
177
128
77
406
422
510
172
280
296
98
110
100
100
148
303
194
115
252
116
491
196
371
126
197
207
101
175
133
135
140
147
637
302
285
125
118
201
131
458
89
203
145
422
172
89
193
102
144
173
107
224
705
184
132
174
190
267
772
136
200
75
241
225
139
210
119
195
85
266
336
156
90
200
176
133
207
451
228
177
345
170
121
177
171
94
83
276
162
173
84
645
1088
143
83
91
113
489
321
n 50 k 2
171
432
216
622
271
978
180
257
825
151
365
195
1671
112
179
346
177
224
652
318
500
683
147
222
221
398
274
238
158
701
587
187
161
401
108
242
279
153
208
232
254
197
390
165
601
295
421
493
278
167
106
462
216
147
191
226
473
251
254
414
167
185
121
600
150
158
336
445
217
259
590
238
266
193
331
228
430
150
139
117
155
575
302
687
139
409
288
170
265
732
220
232
1087
216
224
555
183
306
289
780
n 60 k 2
174
517
579
366
192
723
254
395
721
332
285
244
433
1127
600
779
295
393
180
890
382
633
136
424
427
329
166
137
130
287
183
424
294
390
659
291
445
238
361
299
845
207
296
316
853
404
340
377
675
370
685
363
251
483
330
1205
339
168
484
327
446
217
237
444
240
223
383
989
202
185
257
204
265
229
792
682
634
241
291
1103
326
209
204
809
486
305
238
529
253
306
164
1254
187
188
1671
868
214
188
509
270
n 70 k 2
327
280
336
402
2222
974
169
281
184
357
321
897
424
313
226
757
288
811
445
771
254
486
352
306
302
625
855
371
581
327
1089
745
1080
631
465
434
579
610
491
350
222
187
1731
1710
264
847
294
386
853
388
294
369
599
368
453
365
585
422
905
719
441
251
190
1115
1196
595
890
264
856
751
1360
887
249
256
261
1152
443
235
478
1219
383
326
504
465
769
816
1471
1087
297
1567
778
256
367
1241
227
540
1347
389
516
779
n 80 k 2
376
413
466
426
237
482
390
795
1015
444
1149
297
1100
304
438
267
304
1519
896
539
692
266
631
1916
455
1158
1711
477
535
377
657
769
521
584
960
1022
1300
699
841
472
805
818
1153
794
329
831
1935
803
1775
679
801
729
459
396
2437
349
517
415
1022
500
580
424
399
473
1082
871
557
421
802
232
361
370
1638
255
470
703
373
291
542
299
832
617
456
1312
370
404
294
776
404
595
420
492
1053
329
444
577
2487
248
297
525
n 90 k 2
1435
1005
553
795
449
842
444
667
477
1295
3412
772
1064
1213
717
545
268
1422
574
375
201
294
3136
381
376
332
2016
619
449
1798
766
404
385
322
509
1515
400
976
393
318
689
1293
1322
323
1469
917
443
1089
1506
502
1073
991
1665
350
833
1374
569
1673
450
685
421
605
406
1198
295
804
608
619
451
615
752
445
516
1175
1485
2181
497
746
894
871
655
1045
333
875
3359
793
701
362
608
980
801
824
1642
455
1126
1502
973
538
799
1028
n 100 k 2
438
1415
456
2223
458
1703
534
1486
2248
1057
1022
2763
1109
548
565
640
896
572
982
581
569
2800
1168
874
684
541
719
513
1494
3014
519
951
1224
2475
2152
371
455
626
484
2506
689
354
577
559
2482
1699
966
431
290
525
944
480
1972
345
617
882
643
963
759
579
385
1725
2043
443
1380
835
441
774
672
2925
695
3042
1043
440
1319
2198
699
596
1270
791
735
935
350
1548
3438
400
868
1469
1467
1530
1042
850
682
2151
2010
510
1518
912
327
779
n 20 k 3
29
50
86
302
497
300
71
45
339
182
25
137
117
27
312
425
51
132
170
178
93
487
477
119
68
123
137
1148
46
522
43
554
289
35
46
873
63
308
140
119
579
55
51
36
300
524
32
61
68
49
318
65
82
198
518
81
681
238
203
501
54
490
101
532
52
52
32
51
100
180
52
143
162
42
110
389
66
37
98
30
78
74
499
64
69
565
74
86
479
65
202
86
95
89
82
71
289
164
123
67
n 30 k 3
1297
166
721
173
207
660
26
111
119
180
859
185
307
138
84
65
133
115
901
111
694
619
627
645
888
534
122
286
151
131
537
501
297
85
74
84
1391
730
152
366
67
139
1112
263
386
119
89
128
175
313
429
1087
79
697
88
114
127
384
106
55
73
273
297
1239
436
110
1650
97
551
882
329
507
117
103
265
90
114
92
115
43
158
52
503
49
152
92
445
563
530
140
562
91
1094
111
166
606
99
132
85
416
n 40 k 3
110
296
137
214
815
211
743
216
290
2255
428
1382
130
73
1044
361
437
542
1422
528
330
140
269
113
536
1352
163
233
153
695
123
693
930
117
1189
998
643
488
137
755
425
165
341
449
1064
174
703
544
261
167
769
205
119
209
185
121
2622
232
262
212
1167
975
655
985
174
300
1370
674
124
663
1579
86
216
551
315
124
2967
108
444
240
133
688
313
318
179
216
403
285
128
197
593
292
330
598
1287
423
192
1190
101
169
n 50 k 3
207
226
732
2486
240
189
190
352
2219
248
143
1390
154
97
1064
181
1825
1447
324
855
1439
627
4908
1978
660
184
203
1864
2659
190
945
2751
1967
791
342
1093
1197
3998
239
947
445
134
216
339
570
684
988
668
1083
1904
155
239
1735
683
398
671
1656
800
114
237
101
533
350
322
789
1497
287
153
1940
165
707
750
1297
212
149
668
1916
2301
484
237
1104
609
377
3727
370
246
177
2220
317
824
1235
172
1608
1552
626
663
756
548
195
228
n 60 k 3
784
2919
2780
1545
1889
2782
431
3269
791
403
606
662
170
3039
6751
1257
449
287
228
686
596
279
3461
860
504
3560
3492
488
2094
1361
738
688
703
1930
913
307
441
1001
1558
1234
219
965
169
3773
285
883
2915
2344
545
397
1469
2847
1604
254
1429
273
697
1406
492
463
878
1016
299
1588
211
261
602
229
2509
737
2953
2379
825
591
645
1784
258
448
652
991
610
1592
1322
249
7271
1635
870
3558
281
187
387
695
1332
287
3935
2163
722
290
3131
934
n 70 k 3
258
2847
2822
1601
527
984
3941
1100
1216
2259
1103
782
476
4313
1282
382
704
956
2892
468
858
1157
498
2860
1622
311
10010
1043
5257
486
2168
328
6212
816
2205
616
1125
872
533
237
9392
1837
497
1938
416
2728
496
12190
6637
1724
4002
233
1769
994
8650
1401
3429
1005
357
2077
850
324
4184
1012
633
3412
1134
280
4072
412
726
287
599
360
386
2480
297
996
309
2499
729
742
880
545
2882
3525
2083
2749
878
1801
484
881
530
6343
1865
3661
838
2105
337
823
n 80 k 3
1727
5145
993
1975
831
327
534
4446
1949
646
404
791
963
420
1782
985
1518
1184
306
2506
2069
3863
3616
2038
1375
1548
1712
2469
1203
5563
1168
386
4139
1932
1325
1361
1034
1851
439
802
2012
3212
1203
2017
5071
3945
1009
1278
311
756
8855
544
6628
679
1991
6413
1036
507
744
1747
875
4086
1157
1415
681
2358
2228
6347
2451
4054
1264
4848
2993
5821
982
1490
882
585
1274
713
1066
425
992
316
1027
1579
367
936
1772
6547
1037
604
2135
2256
5218
1785
405
811
1318
729
n 90 k 3
6765
8532
1699
324
1355
3294
1133
13065
1657
8463
9380
2702
345
2022
3826
25202
1169
898
742
2990
640
11480
696
6415
5972
7838
1657
6671
531
1793
1024
1531
3540
2114
926
969
10230
1106
1530
2031
1381
8133
16205
3582
1191
651
2320
3741
924
630
961
484
6644
1036
3644
4258
11552
2941
370
8136
11531
1457
1365
12159
372
2185
1269
448
2265
2795
1297
17092
1272
5325
751
5963
1159
910
915
17708
553
943
693
6965
14288
1656
1586
9330
823
3331
616
492
1312
1413
938
2986
1088
1331
1308
399
n 100 k 3
666
1308
11505
2059
1110
2894
10948
8256
2654
1703
14786
8845
6719
2524
4132
3473
1272
2703
14881
2800
994
10556
1818
1067
2137
1952
693
7423
722
580
704
1689
2791
2122
687
3882
1276
626
760
941
5230
821
15129
4599
1585
3006
877
1685
1403
2140
848
17569
6584
838
3316
792
20328
11453
1312
2015
6563
17045
2674
1033
21546
5590
1670
4103
434
9492
1464
6464
4305
9069
883
428
1133
14198
11601
1978
6168
1341
4481
1863
1448
1484
6257
3174
1138
13788
15715
475
12374
4385
1606
5526
10468
22754
363
11764
n 20 k 4
38
621
77
82
987
1076
488
145
101
133
49
82
777
282
73
543
81
134
528
140
552
75
34
208
54
554
36
975
45
30
108
494
82
44
1070
515
163
79
255
993
244
1276
1411
178
135
44
83
78
701
1232
46
83
108
34
81
70
107
68
564
73
784
559
537
53
62
1261
1048
1696
528
48
565
43
93
19
32
159
14
174
487
42
39
361
143
27
1507
59
292
638
522
98
130
584
71
37
113
349
263
280
1216
32
n 30 k 4
1063
1128
79
331
447
122
84
535
50
37
181
1354
229
1011
127
72
162
565
144
2821
87
1015
613
126
463
2471
1414
72
190
593
174
510
465
579
126
68
220
2119
765
1032
655
529
186
309
194
532
1106
613
725
129
114
1100
191
91
683
90
558
1904
517
414
74
888
99
76
60
146
584
555
1198
636
263
37
587
143
2047
41
415
1454
91
603
705
572
99
652
545
249
237
539
75
136
213
517
1592
1509
194
75
1194
747
1230
1294
n 40 k 4
121
218
196
2259
1204
801
112
491
1664
540
658
1084
84
782
594
166
236
4023
138
3904
748
734
601
793
751
4609
1725
1813
103
477
149
1345
539
507
499
212
1156
697
294
213
148
1462
4512
7626
398
95
298
214
456
579
183
611
1215
426
1039
4610
530
635
98
274
6374
1499
505
2208
469
2750
123
1481
2530
153
1685
2420
217
1308
781
586
1523
1070
1606
159
644
584
4990
4954
1338
846
155
611
497
587
919
245
934
4040
645
594
115
164
616
672
n 50 k 4
7261
753
369
341
16715
198
2439
402
1644
857
6020
335
393
190
666
8197
232
1261
309
1718
2257
305
276
3011
484
688
161
6060
280
1756
2824
1080
1296
386
5260
753
5567
152
802
674
1504
681
1716
228
1355
328
4223
9524
1945
1323
3303
4221
622
226
146
4118
520
1536
1015
5179
609
655
666
328
6645
1152
465
179
2278
1071
127
1838
1192
430
2071
1187
516
781
1066
1057
159
259
362
297
523
654
470
711
667
921
201
2782
4540
1127
7183
599
712
1026
1010
7017
n 60 k 4
169
7754
1536
314
1860
1496
1243
1467
1044
566
929
350
3040
340
192
11069
249
6744
1106
659
279
528
9943
21444
598
359
11161
605
623
19055
2530
777
13348
677
889
655
8856
263
15521
4900
1789
180
396
235
525
1438
232
339
734
4602
4577
345
1338
666
297
293
780
1896
6031
3596
706
913
196
238
8969
860
4533
1153
495
738
628
2999
864
1343
7425
590
2003
2847
228
4446
1154
152
340
483
1233
16024
211
323
258
792
874
681
364
389
603
531
7286
867
1700
1845
n 70 k 4
11198
321
7295
1323
38464
315
284
17360
819
1335
1329
913
33971
1736
1659
879
20866
879
5657
1649
472
2220
1431
5714
975
37267
2006
1437
638
3169
486
5024
4346
7102
2459
6481
1826
306
31345
1573
6407
1369
878
222
1431
993
755
877
1453
901
1002
3704
4908
412
18189
3746
1326
353
9334
3662
33254
1712
792
257
21080
2971
785
16893
11719
9369
1173
887
1589
835
1700
399
1891
1449
8538
8686
20183
16505
19241
2636
23237
287
9302
1176
1022
393
1106
11074
25407
1983
348
20164
9486
2132
1545
1279
n 80 k 4
734
981
7424
563
1570
3186
1555
4581
767
2749
2312
1246
29082
1718
38438
740
254
854
1150
8771
2083
651
406
24096
953
1500
1046
7608
31692
1660
3469
883
21416
1252
3109
11106
3125
6316
1460
62481
1154
1219
2164
740
1024
1251
2750
390
16611
950
5476
19006
1588
1216
1744
980
3645
17144
4935
1989
651
605
1561
937
2144
1028
6844
29392
1211
2071
2017
370
1325
33738
823
835
1978
20945
3735
610
767
1067
853
3238
996
652
618
1147
9875
847
789
3810
496
1501
984
1736
286
1996
2463
7048
n 90 k 4
935
2051
125539
1621
37167
1832
2301
43794
3057
3000
8853
2348
1352
7592
19738
2759
38971
2524
1165
809
1025
11745
598
3749
2104
45424
823
35931
1477
832
16573
1493
3244
20192
5791
15867
2006
1382
739
1325
2575
951
1104
2467
1415
239
736
1979
2377
1909
4232
1001
1610
2216
1563
13621
10204
19557
937
27441
25372
38299
1193
31630
1722
587
1440
1792
1715
583
2085
8154
335
10352
4443
911
1178
8465
1089
20561
2257
3031
49638
310
1250
38295
1571
6599
39492
13630
55377
887
50446
1595
514
1391
18149
11222
1812
361
n 100 k 4
3798
141010
876
989
78564
13382
2017
50673
33740
4006
1245
2402
1738
2118
963
3051
7172
1274
12324
2047
36224
34857
45882
1243
947
1825
5448
1030
796
163941
623
26837
3561
38318
112710
757
2501
1650
903
12811
1085
997
18747
109114
614
19196
1838
755
5098
30977
1853
577
16819
40150
360
32294
837
636
37906
47769
1885
23669
1022
16341
8347
827
1811
2089
7664
1171
541
818
1157
1379
33340
37409
659
1177
75888
2180
40327
61596
4383
1663
2222
6514
6788
1922
1011
7533
1181
59946
3741
2429
1443
6138
310158
1774
85248
1840
n 20 k 5
49
65
62
119
36
78
71
40
501
677
155
60
69
70
80
1733
576
86
38
55
57
88
41
79
1067
70
80
147
954
549
126
561
22
58
502
57
1185
1091
152
92
39
759
72
1064
31
60
53
1088
501
514
1108
497
55
96
31
77
55
538
84
364
45
61
50
46
32
530
77
136
1139
54
1229
34
106
489
134
63
74
86
50
419
585
32
1443
44
49
495
93
561
38
62
90
79
42
297
168
25
515
1251
65
493
n 30 k 5
607
491
245
728
139
115
860
529
296
1093
265
3522
56
570
1740
757
2641
189
989
148
2262
724
1859
4237
259
5346
87
551
660
149
4175
168
1539
91
612
950
1469
410
1527
658
572
548
1897
373
1008
6012
2044
7819
552
2176
348
740
1691
542
336
269
729
3196
582
100
1170
150
82
339
3160
2167
730
1491
3936
114
3277
200
204
1045
1951
201
430
108
94
2233
3150
964
94
276
579
421
356
517
546
534
4759
48
174
115
537
128
134
238
57
617
n 40 k 5
656
161
6269
2195
690
992
915
588
593
2048
191
1554
861
706
1599
5522
99
171
6833
619
166
1572
17176
3111
7967
3349
145
90
2172
171
1086
105
746
556
1061
290
160
352
580
654
748
9626
7354
5036
1489
1062
695
2796
588
3558
245
1706
859
825
1465
4315
679
5760
1329
1066
169
1854
232
2188
8142
2952
274
2220
5939
1505
775
760
303
3119
655
117
14703
27661
238
881
106
5801
15131
524
655
807
650
826
1418
271
725
10330
166
9916
392
781
10298
3470
4202
990
n 50 k 5
17401
753
140
7678
1372
1389
329
1194
1159
162
292
660
4234
6928
1158
5276
426
158
1098
1152
661
737
747
1256
645
623
664
14211
698
220
676
22418
306
1502
9983
141
4578
1975
8266
293
934
752
718
687
320
6108
640
690
718
1361
504
785
691
7335
18762
694
305
2056
28461
532
350
281
149
110
1107
2601
1319
27732
30424
791
1238
257
616
473
848
12353
1678
42442
908
673
728
1115
906
143
225
372
1303
188
35852
2891
7942
1007
147
12313
907
14236
317
585
1311
602
n 60 k 5
688
591
51529
882
12977
1129
682
177
750
14066
2458
1548
720
439
1153
25267
1403
7751
53625
2242
16249
1381
4000
904
26771
330
778
1577
200
926
458
840
25301
559
13994
31276
644
1310
1614
1150
117362
6750
3236
667
557
32699
2271
33664
57045
530
55614
1412
655
70061
18175
781
333
18366
210
3546
21572
5091
757
2012
1345
3576
1424
373
1971
1182
1242
227
9473
15917
322
1837
1945
951
1060
951
1815
20400
3490
689
8086
18144
900
1075
1243
823
1091
572
1446
749
421
313
855
1863
26301
11538
n 70 k 5
986
13860
1715
342
1841
96387
12892
1049
842
447
1032
259
894
1318
30273
35993
665
1509
651
26534
21931
1462
7706
578
7631
908
11393
11160
1764
1012
26368
1320
1248
1171
528
45314
2788
8349
2041
23809
1645
500
1812
25280
2236
2091
16069
120703
2667
20915
1214
2469
5260
783
132808
732
42441
282
2523
702
1168
4275
16529
244
2488
1262
64058
8970
646
1895
1786
11671
63487
753
29013
14089
1529
1338
2427
1959
62571
60176
936
1746
176
811
728
1040
1485
2319
1898
324
10617
1141
804
35692
51845
47397
1983
235
n 80 k 5
1535
599
1491
17269
25856
661
1355
37883
1238
1245
254
1171
832
150230
1503
100101
955
57062
1237
133519
116889
11322
901
999
456
1066
135510
1558
173947
1783
1451
443
91061
1048
116871
2238
1782
127715
94941
904
1717
1135
46659
799
92784
16896
754
516
1314
2389
1771
870
1340
400
1829
160656
2527
1005
3268
938
1789
219739
16581
1521
90980
1443
2672
58802
637
72473
91212
5056
1657
52336
3533
79079
1227
725
30880
433
32990
2224
15090
69838
1126
2196
898
128191
133540
2090
95634
846
2009
1264
399
7321
240
2169
1117
34668
n 90 k 5
2350
509
80967
78240
1598
109521
3996
254
411
778
454
85672
358125
2830
535
2441
988
141588
4134
141597
1129
5311
2243
1042
3101
3729
2142
1642
976
4989
5068
49932
4580
1143
854
889
2963
6585
2175
1765
751
595
1396
2350
1465
765
6221
61129
1092
395
1341
3896
550
1264
41020
129021
281
4435
2864
204204
483
1217
1888
1276
813
2887
2151
530
3769
473
245158
57991
1576
645
104699
770
8024
30172
1849
1386
1334
1422
2331
549
2005
15237
101433
45151
98715
86871
1419
222808
1538
36007
398
421
614
1776
194702
3284
n 100 k 5
203245
2393
31016
1295
1926
210346
229853
113287
2278
782
1893
3342
2120
352991
4339
712
271054
1099
2907
111759
4091
864
57702
251129
6483
673656
1110
1088
2196
3102
1042143
420172
4004
488
1996
1503
858
3707
465510
48658
8622
159990
35653
1379
27963
1860
761555
1188
389979
1585
1317
114376
3116
693080
550
3332
10273
4689
932
535
1111
990
429219
837
74376
2236
2760
314563
65652
100939
1852
2160
79134
366
698
6647
276072
1044
101541
98113
2290
50885
1661
1611
3891
178671
1934
367
1641
5356
1449
19587
1494
901
53713
360
3290
1084
90264
80360
n 20 k 6
480
518
42
42
930
59
491
2549
40
40
47
40
41
72
1840
1002
55
38
509
74
530
589
82
39
45
48
59
91
51
77
1444
1283
528
1293
2639
516
537
117
90
28
61
81
72
67
1380
1073
61
128
61
1341
490
1287
2451
88
45
51
109
1741
175
45
1416
62
41
107
46
140
1262
1402
1260
505
40
528
71
65
1038
526
55
823
1072
1193
490
69
115
58
37
1265
117
48
559
739
71
149
1741
532
1055
519
92
514
76
502
n 30 k 6
513
6368
531
619
91
536
103
528
564
502
232
197
533
510
1552
87
1222
844
539
348
336
145
2170
656
198
565
228
3951
1476
585
586
1030
3954
988
5072
2300
7669
565
50
126
305
187
368
973
133
603
509
2340
383
535
84
92
125
517
208
954
1360
476
148
83
508
63
59
134
1754
3987
76
66
528
1094
111
709
807
2396
162
7740
543
271
87
3015
775
608
33
292
159
2141
566
260
5650
1060
97
4822
11270
436
5234
100
237
2309
70
457
n 40 k 6
538
1184
12233
10903
748
8690
6771
292
197
13732
17438
568
760
1089
634
976
556
671
437
41206
703
11868
24487
561
138
4984
142
620
630
1410
27924
33191
19291
1063
498
235
157
752
651
1102
1144
157
423
7864
732
587
303
104
610
636
31393
1056
140
1398
555
510
179
1996
1155
124
575
38619
537
642
632
33011
152
574
347
1922
927
107
137
133
589
874
1103
329
5191
590
429
610
263
7085
1473
17567
144
1164
50355
175
713
13691
18337
10560
415
1179
597
3907
169
1069
n 50 k 6
273
295
1340
1783
686
649
572
1446
1393
127
1194
280
50712
268
660
383
1682
191
121901
30907
607
121
577
15817
1616
21558
1398
11119
275
348
670
699
9784
287
1529
439
1320
1507
79141
1001
607
1386
1692
1189
315
623
182
436
3955
738
1516
1099
665
78035
12178
11893
891
33092
1504
10810
14007
959
1756
719
22633
98079
1574
31495
813
140
6910
914
338
660
1153
118715
826
8314
1241
1961
669
926
1588
181
4247
696
788
1266
1175
1257
674
47642
263
673
327
18561
645
56817
217
901
n 60 k 6
826
51720
1137
2264
934
448459
1837
9525
675
2014
9501
53008
61689
78652
349854
214
1742
1072
232685
665
512
748
757
286
1938
14558
2235
2570
81406
1813
1230
1281
1869
2422
2510
639
1206
1386
1551
165225
1814
265421
1096
1404
1254
401
342
959
405
705
1292
59753
1188
846
770
48088
1865
32578
106033
220
595
35021
964
11619
716
1847
1008
1317
259132
767
116489
1037
1521
206516
20088
1074
1299
243
496
1948
270
258930
1933
114044
1062
734
490
967
812
738
746
1267
1202
729
1825
1178
2337
360
32901
866
n 70 k 6
522
2149
131585
803
2578
1257
141468
1002
699
1716
667
2857
326
1380
717
1606
1965
965
2171
373
2844
1117
2820
1767
506950
451
324
111022
2491
1055
40436
725
666
1274
1526
6791
1889
1874
94339
2056
751
1693
1314
2278
930
1577
1067
19105
1688
1113
1714
2018
3065
1112
26347
1209
40778
3241
2493
3315
1161
889
1162
335666
1294
1824
2999
2641
1921
796
1428190
692
2361
2450
1126
1212
553
249029
735
990
701
313
115487
1093
932
207346
302727
279662
600
264208
61410
1154
724
213925
1656
665
91969
198618
342622
1347
n 80 k 6
2741
1240
408654
1875
22570
1378
1179
515
195
13153
104721
221916
855
276967
1657
349662
1884
1702
433
102626
359916
2189
2627760
2736
4325
783
3806
1196971
1054073
1909834
1544
1559
1057
970
1366
915
186853
130378
2303
166900
982945
22788
187301
269086
1342
1855
769866
553
895583
2105
912
1307
1779409
626734
1553
1043
6018
1632
1158
1300
121315
2137
1155
1362
2057
568
77704
1279
1831
220108
866436
797
1775
1266
401180
784
28744
437403
336
796
2010
12971
296
263
4489
396305
28654
636
2045
893
1727
1438
407203
1956
116895
213017
1995
2034
111046
656
n 90 k 6
1817
3020
3392
2600
3108328
2367
1248
1758
1743
363
1329
209493
1130712
579
32821
2515236
5406
1678
767255
1718
1126
810
4102632
1858
159045
3190
1174
98144
1663
1744421
1676
11500
2853
1577
209947
2800883
879596
2492
542194
1555
1806
1831
311140
1343
1606
8038
2842
2737
1755
270001
2019
6167
915
4027
2286
1904
3074
1413768
1099
699
416
1319
1137
2115
426
2530
3287
2498
104937
974
1539
2127
1072
811
43663
764
623
567
763709
865975
1936
9011
193073
359
206204
1692
409
3310
2205
95844
3065
165766
1912
514121
2430
1715
961
1911
1582
2206
n 100 k 6
1264
4760
2478073
1626
1546
2307
3986901
1940
278
1960
1127016
2089
3163
2096
766404
1756
5472223
2753
1155
2444
545
1150792
1909
1740
2282
4234
1698
483484
899
2277
2524
2589
939
2214
5207
3487
2883851
1424233
1327
3169
1833
12674
1923
634
1124
797
2097
744642
2880
975312
2621
1630
1266
3863
7422
1388
1437462
2342
1593
415
460532
1775
1348016
1109
1551574
282933
1101698
2199
3932389
7365
1838
4453
2617
4233931
16027
3995
849
1160
929
1810
573
408967
2035134
1470
1058
21011
824
1877
1377149
1086
2737
1279
1220
584275
9409
1662502
1551
877
2322575
1311
