n 20 k 2
81
47
70
32
122
74
106
48
107
81
80
25
36
46
44
425
68
28
44
68
28
65
32
41
32
43
87
74
32
35
84
61
37
59
210
31
114
137
50
88
25
34
68
89
49
58
254
140
34
75
111
78
543
81
96
91
41
200
150
95
75
39
61
36
42
132
108
29
49
33
47
53
136
63
136
96
165
65
65
125
47
86
220
67
42
139
88
64
128
74
43
39
51
87
97
93
30
227
86
75
n 30 k 2
147
602
107
124
118
64
51
224
242
107
127
188
67
341
98
393
91
114
108
67
54
71
129
135
76
87
55
145
104
158
64
178
198
47
360
393
127
112
157
123
133
343
176
57
106
389
66
96
509
213
65
116
92
70
114
104
136
130
99
620
76
184
316
127
67
331
202
101
92
135
63
63
81
153
110
56
144
105
174
177
105
529
287
506
175
182
559
92
109
68
81
307
596
91
56
47
84
297
117
148
n 40 k 2
166
84
128
115
123
113
216
133
351
169
208
208
235
99
633
192
191
629
135
125
294
175
223
565
119
170
120
254
171
139
156
131
174
741
111
81
444
121
188
426
122
157
147
157
127
554
88
159
153
558
144
197
134
105
102
245
105
147
107
130
918
908
175
628
130
182
102
234
146
165
144
133
133
270
509
140
258
164
328
194
156
146
164
197
126
308
274
95
132
394
282
191
670
1232
141
206
165
920
472
872
n 50 k 2
181
732
696
225
646
358
106
178
207
128
643
302
173
211
498
317
216
238
169
210
255
183
454
1091
335
251
885
127
246
277
196
175
122
1206
260
378
331
199
253
292
246
192
254
374
369
276
291
699
302
123
468
1314
437
199
197
224
473
140
1887
228
82
219
248
579
501
129
392
320
204
175
348
308
168
211
346
255
571
361
265
114
160
210
152
414
175
456
256
195
161
216
260
150
274
181
179
196
149
513
326
421
n 60 k 2
160
295
374
306
1390
1393
340
346
249
516
480
400
346
885
672
423
360
392
211
222
696
317
265
762
224
1050
446
474
466
382
257
999
125
201
277
344
209
444
694
393
754
227
979
396
886
420
779
376
357
823
394
252
728
292
868
309
257
218
265
880
880
821
727
365
230
1886
635
675
348
606
199
187
492
258
238
699
250
205
323
217
154
550
360
314
223
856
363
566
237
290
459
431
204
214
478
368
227
460
427
587
n 70 k 2
314
407
419
528
221
245
606
462
590
346
765
828
605
755
482
866
219
279
332
312
1439
359
831
685
457
394
1160
309
1378
1094
664
1115
304
652
800
255
899
1219
943
372
1147
226
635
604
803
717
263
268
492
294
298
690
888
738
239
548
238
710
595
337
829
563
930
321
643
484
502
877
1440
284
1107
515
255
326
217
232
376
286
495
642
1324
381
1164
736
666
241
1110
290
195
392
297
201
299
338
381
503
389
550
397
255
n 80 k 2
528
360
201
291
426
888
477
1052
611
539
343
495
1061
439
1484
506
427
695
518
1598
245
488
1877
617
350
478
305
281
483
417
481
289
1047
684
447
1005
939
313
436
573
355
449
309
1428
659
1178
625
725
429
731
909
993
1295
743
329
1506
682
1102
870
371
1750
1322
329
340
290
1045
353
287
412
335
551
401
338
413
871
341
304
554
570
252
235
518
356
764
390
422
374
760
610
435
1140
498
342
1062
1157
718
947
561
508
222
n 90 k 2
409
731
1080
333
367
385
1106
1302
1556
674
421
387
445
335
1247
865
548
519
252
251
827
556
650
1031
356
1328
736
924
337
561
518
679
1079
506
695
502
1423
665
480
838
1974
455
357
815
697
1289
498
973
462
473
691
436
411
523
801
514
349
348
291
593
478
750
579
687
569
363
1314
1671
1127
897
780
438
505
344
2389
1065
1387
1240
1345
725
449
568
716
1091
349
530
328
550
365
702
621
675
2355
1591
367
539
363
805
789
2406
n 100 k 2
1555
595
2972
1693
626
437
576
520
1285
359
697
951
894
868
2110
714
518
620
1818
1587
1336
345
1209
591
285
989
555
504
681
1057
1016
1604
514
474
509
1090
660
670
2137
1663
519
893
662
1988
1317
376
1305
819
932
325
411
647
2155
414
823
1360
1857
401
662
890
945
2061
699
515
635
568
784
377
2078
390
428
705
412
514
1643
609
358
544
1037
471
390
1097
1702
945
439
692
907
550
491
478
1531
1034
581
1991
400
1059
868
1153
1160
1469
n 20 k 3
354
469
52
32
73
50
40
42
256
82
197
130
43
211
62
713
72
985
414
174
419
358
214
86
62
85
64
519
51
68
459
255
118
1067
31
44
30
70
136
45
62
125
98
905
78
58
118
100
36
49
39
215
590
90
31
100
248
427
69
803
68
63
222
70
48
316
639
240
85
54
316
74
75
50
55
171
134
27
47
128
569
76
60
83
25
50
614
189
38
59
81
73
41
84
35
197
261
241
139
102
n 30 k 3
137
320
511
120
147
67
298
109
170
672
96
1057
104
556
322
68
893
148
580
81
100
84
147
90
58
579
676
94
261
272
274
696
662
1022
83
115
162
1383
90
282
217
514
442
508
587
193
161
57
98
531
104
979
133
250
436
551
61
607
1472
691
835
62
511
367
185
57
194
108
77
135
95
142
331
176
91
144
102
353
232
549
181
163
996
84
508
248
137
46
1551
647
950
411
98
598
59
134
99
117
101
598
n 40 k 3
136
258
535
903
194
165
682
587
217
642
766
697
631
81
218
594
1295
566
200
1308
835
438
1101
260
344
239
235
92
632
194
529
156
131
1065
627
1092
1468
732
99
1436
318
2002
666
229
239
120
1011
126
191
624
153
163
636
272
216
998
591
218
158
162
721
1773
539
1385
449
634
694
168
339
113
1530
193
294
850
140
611
140
189
193
1265
168
182
671
839
735
1039
146
259
160
2026
1260
156
585
129
193
2281
237
585
280
429
n 50 k 3
1282
355
913
166
679
205
739
1812
920
635
278
513
151
867
1355
179
3308
675
1683
1845
183
638
186
2034
376
131
280
239
240
755
703
2903
2115
255
342
841
664
187
1328
640
290
277
2028
384
1015
590
1880
555
647
2943
780
241
549
815
493
967
339
203
407
765
1733
1109
873
168
658
634
960
3363
289
171
643
2009
837
373
615
281
2578
657
2200
647
408
2279
1566
256
811
2691
298
793
981
155
298
1164
2931
453
3259
816
3373
718
865
349
n 60 k 3
886
420
853
280
330
1849
1121
664
975
397
1640
289
401
697
909
791
457
895
740
1843
455
950
1085
2890
744
1346
1801
912
2278
2068
399
1398
433
277
2159
1312
1854
251
253
2536
517
2484
951
354
128
783
1508
1180
174
135
681
1858
387
643
2218
2844
407
414
1471
254
409
395
421
304
3668
769
1272
492
562
1272
1034
8562
4926
992
8248
768
1163
775
551
897
740
488
209
809
3919
2252
189
327
1256
1865
242
1061
240
958
254
805
781
625
877
2236
n 70 k 3
349
1447
4836
520
289
505
383
786
840
791
1044
244
876
6467
418
581
4291
2164
202
287
719
1036
495
1475
1026
3204
1924
317
476
553
890
8480
3355
3013
1192
2097
790
406
702
5282
1102
257
8933
1120
3374
4751
11826
812
1727
1498
1022
1110
301
999
550
345
868
1306
261
510
1750
431
431
299
1467
1450
1892
670
2453
470
310
827
387
1147
3784
1263
2298
1167
1416
249
1737
2550
1928
721
584
608
1333
797
7729
763
755
5917
2760
267
687
3529
1511
646
888
3307
n 80 k 3
2454
418
777
240
619
4238
3341
653
1378
351
2193
2683
504
2311
3400
996
2941
1811
2591
1896
1122
1734
2462
477
4637
9978
1285
1115
1252
1339
5246
1436
2539
435
523
1093
921
1745
1350
647
2788
2456
902
831
15394
3143
5638
534
1089
4837
1402
749
1190
1381
2458
3281
758
1042
3264
1842
769
3707
890
3224
368
3237
579
888
498
270
1931
16200
4821
855
5316
445
7104
1674
4142
4680
668
1610
1199
315
663
1348
4337
6455
913
1609
1711
468
996
6554
6282
1050
278
1328
381
2006
n 90 k 3
1485
2693
779
2555
1850
1057
2450
4509
2550
950
654
852
1813
13574
2047
873
432
1387
949
10511
1758
19713
994
458
1402
528
1173
5084
908
642
1986
3186
1314
2028
4653
668
879
8066
1035
8198
956
613
8935
3925
990
911
1063
1094
4166
1033
1329
1350
1506
1048
634
889
629
14800
1997
8237
687
1173
1427
377
9774
2396
2266
2129
870
2633
648
4778
836
1443
5116
623
13038
16636
562
1374
11417
1089
1378
6331
667
4642
4025
778
912
1310
1916
378
274
969
4463
337
517
2462
5343
3750
n 100 k 3
1518
3675
2495
3222
3369
1815
5162
7412
894
2326
686
733
2266
10364
1208
5608
12740
1164
5121
11187
2673
4729
739
608
2612
2844
4589
3447
4878
1291
632
976
4544
801
1151
831
2375
1137
18335
1754
8346
1524
1196
1607
2202
2257
5816
1370
19116
6207
5900
1030
3875
2646
789
4925
1120
1133
3215
2412
1092
4043
13589
1058
11009
2849
7505
902
3149
1650
741
746
849
1316
797
1011
367
8434
7962
898
1374
1443
1015
1075
1688
788
3823
560
762
6911
5711
5742
4198
1397
1252
4868
627
1464
3991
2112
n 20 k 4
544
261
966
28
62
934
51
63
40
58
498
59
64
56
96
373
38
124
394
545
48
55
91
42
67
54
46
88
171
91
71
62
56
82
124
56
74
487
520
44
514
201
28
77
1673
1013
198
205
358
973
88
53
848
149
530
548
131
174
711
56
865
38
38
783
509
477
831
36
535
566
728
64
74
47
1085
504
37
65
73
1134
182
553
90
75
1009
1217
92
65
92
100
55
85
42
587
76
1357
44
671
700
26
n 30 k 4
579
117
168
711
115
313
202
1176
587
230
527
366
1175
289
139
2208
241
78
1377
633
316
128
1071
1714
2234
427
301
2392
624
171
1185
1590
102
90
270
515
1191
129
821
332
1764
1435
2052
2545
352
181
523
656
207
151
191
162
126
72
127
268
537
1143
1950
1330
530
79
145
57
625
1460
191
201
167
83
1989
341
142
1314
625
1893
736
63
1470
406
112
166
59
93
1076
1029
197
1873
563
135
119
110
124
126
1180
395
397
236
932
161
n 40 k 4
600
163
782
591
684
1933
107
830
879
962
1581
824
1213
376
92
1425
1472
485
672
109
2361
259
2317
453
176
3410
237
3670
137
83
753
3017
545
118
3365
3880
181
277
2032
535
678
162
747
758
1508
131
689
335
791
1173
278
3005
1345
634
1713
137
131
722
217
4777
786
221
1020
255
231
1109
1054
246
483
566
4866
825
1993
2231
1785
227
598
272
424
427
2609
8013
128
870
4093
602
609
200
530
497
707
163
129
1378
180
276
2153
123
115
596
n 50 k 4
1254
3034
239
283
907
156
1308
961
2417
208
186
203
788
1627
1162
314
669
8602
529
414
266
903
4359
633
639
408
8128
797
944
3572
1417
701
12864
6645
352
1097
819
1226
1767
4592
1406
710
313
3010
13348
587
879
1401
3084
3472
374
1392
630
545
581
360
621
1010
1094
205
6888
498
2249
196
2146
2600
272
200
5451
465
230
399
661
227
3222
765
3426
932
1213
195
1295
664
242
1179
201
1557
1165
746
1134
6537
5565
1629
2220
138
633
5616
740
6762
588
1579
n 60 k 4
349
10950
1355
1297
604
9530
4181
309
10521
4290
7545
505
7611
765
2437
725
340
12628
386
9660
1332
521
762
3972
2714
1600
1386
242
9738
868
1079
842
3778
912
514
610
7352
348
13197
395
27903
383
1001
1902
1906
596
7327
1403
828
740
1336
1984
9234
337
1147
1218
1184
1395
6840
774
334
1128
15033
16130
1579
1374
5040
280
2126
891
14140
6633
3791
6677
1155
8427
389
1458
7021
5656
710
606
744
3217
1646
825
14745
692
321
11072
1440
8268
9224
2644
4343
642
863
251
1319
269
n 70 k 4
1733
987
1649
904
368
20151
1262
4447
1544
607
10615
384
6665
387
1039
1360
973
1724
986
324
2048
12596
2052
3798
8969
883
578
13958
4235
24976
687
5516
316
2494
698
5797
1042
1155
2117
4241
1299
1430
303
12046
513
12139
1161
747
238
1499
11813
1355
9206
769
4744
1224
518
7563
423
244
1215
1317
906
4981
1422
354
1635
2023
1542
17953
1956
375
17188
858
9131
1529
2990
6590
1097
3311
11966
1957
728
2111
17544
686
593
820
1242
311
1242
13418
2105
10003
11514
1055
16702
1907
4373
2509
n 80 k 4
18861
671
1606
2415
3940
1563
32916
11951
1404
29319
15500
670
2908
576
344
21794
1441
1400
1081
50875
31448
853
774
353
9061
1090
16760
1285
9937
1085
518
1199
1192
709
973
32303
873
13684
43143
4222
1837
2079
1661
5421
34848
9684
326
56936
1452
1568
2022
528
15532
695
5676
737
11125
52148
425
8847
1369
823
590
831
55815
1498
18819
47267
40662
415
490
3636
3069
2281
17303
885
1826
807
1113
1169
10162
1811
757
1581
3938
12277
2232
2639
18117
27826
822
22658
63032
1865
834
951
1064
1518
16187
924
n 90 k 4
77998
20222
675
574
1986
1519
36770
1196
1412
2106
2886
1783
1315
3850
992
1266
1629
5827
1216
5265
5851
6916
1614
2914
787
2596
1545
1562
1205
2157
1946
8787
2534
3154
4304
1466
10523
10798
52308
2058
784
710
12204
2767
26398
25153
1265
2921
4574
33398
201861
9427
325
2038
33954
28816
21003
2187
17379
927
25920
4281
23966
626
93733
931
71310
95324
1104
38723
2223
1777
901
2114
54850
1488
1407
919
1751
2103
28725
26897
13819
1346
100278
32360
795
27648
3057
1005
2008
18589
691
21121
14576
69607
88094
36173
18428
448
n 100 k 4
513
17105
1128
1203
13174
5684
14275
557
886
1053
41307
1319
3771
3861
969
1552
2575
113021
74381
249444
2065
2207
36973
905
696
71018
2039
2066
634
138062
850
15585
5704
41238
786
1006
1109
1986
28804
91592
7899
622
9836
1376
1731
2749
2929
27875
20588
1809
66839
9557
2703
47567
131209
2328
25017
1009
1645
70707
3574
1914
506
312973
20826
859
1511
8274
2023
758
2689
1334
554
14850
33261
1114
1813
1190
976
8056
1524
1587
149719
1078
780
1607
2090
45867
31622
2036
25367
1248
1453
1393
520
35776
3088
4410
12500
1163
n 20 k 5
44
1155
1517
493
1769
51
1900
498
1014
96
397
60
1463
1693
240
89
517
43
555
131
64
1010
3218
57
36
102
492
60
95
134
473
32
117
1028
47
68
79
2247
73
581
569
1114
105
38
492
1102
34
42
49
1369
624
1366
42
577
189
84
76
515
584
136
605
49
53
85
81
515
1038
53
1434
70
1142
46
83
1449
107
1961
510
546
1040
30
500
75
493
1076
731
62
1498
1020
56
42
1006
113
520
40
55
91
132
62
56
51
n 30 k 5
339
652
1305
487
522
260
2361
109
988
528
395
650
2403
74
997
2354
593
701
602
2882
495
2367
105
357
5851
263
103
504
599
660
118
1361
1161
794
550
526
3610
273
1887
147
316
160
592
95
1614
570
52
2927
106
550
621
91
1071
83
326
1488
625
115
655
78
1859
118
415
198
1626
615
1648
536
564
109
180
691
817
1185
103
116
92
97
525
244
217
621
364
1720
162
98
1337
642
132
1768
441
563
517
123
2494
119
157
531
105
1773
n 40 k 5
14932
2214
1669
779
1059
687
344
572
1350
174
545
7843
5412
1941
204
98
1158
1107
242
129
633
835
8575
1686
5343
1245
847
654
103
2896
1099
133
616
540
3961
5327
586
15934
140
1007
11806
330
537
4469
2972
570
338
587
656
167
3818
729
2801
1045
1928
209
931
274
103
1080
580
183
200
8770
653
110
2765
798
639
118
21513
284
734
1553
362
2014
519
5290
638
684
771
1130
1076
245
8447
21337
1078
1066
109
5557
1696
574
10392
131
532
145
2375
3277
10079
1113
n 50 k 5
655
15345
2795
13657
249
336
591
1049
351
8007
204
813
1306
793
5978
11401
13195
6754
301
408
321
6213
962
3608
3393
13080
835
303
254
800
492
1546
406
12818
6420
61173
980
167
812
1123
580
4319
291
8200
4805
140
232
2027
2500
795
746
1148
3462
1000
823
861
1063
1360
737
275
42710
20770
160
685
385
368
6383
1595
7137
10451
13514
2390
698
455
691
703
625
868
950
281
900
43192
279
1099
626
335
751
582
21497
208
1171
3841
7259
383
1572
191
994
11183
1712
2253
n 60 k 5
21156
1071
983
494
7623
1348
2213
1493
37739
48294
1510
331
595
1802
14878
593
4158
27202
10352
44059
15506
24352
582
327
760
4590
759
1562
696
714
1327
14015
1464
676
38955
620
1002
783
1450
3130
2031
73292
793
349
98173
1275
25781
230
734
1107
1143
1366
29219
24703
1673
741
798
700
14639
1023
1140
35294
26887
463
1186
825
833
1214
80704
4335
77755
1877
765
2628
1200
23256
668
1229
50988
11200
862
779
288
1359
2044
353
49227
3568
2319
1014
889
1446
808
68853
1502
1262
1195
5265
9065
95188
n 70 k 5
743
1229
785
1294
4559
2575
8427
516
18125
130271
1384
406
735
64693
42576
460
1563
402
47358
1422
1877
63739
2749
35806
405
987
55577
55133
8149
2776
3067
1207
148737
146492
311
13091
923
1338
826
765
212189
266
257
631
510
143366
10758
528
1000
25792
2149
1779
1655
969
17029
1064
757
97704
816
1047
177
1745
419
83389
2040
1046
52393
212
1310
15693
492
812
28975
30731
13576
2512
1247
36299
1244
24376
726
2383
124095
2002
7904
845
146867
1262
724
60576
339
1550
762
326
33446
1729
1339
48313
1578
860
n 80 k 5
14912
1221
1301
781
20690
1215
2656
4234
996
1302
1043
4177
561
3690
1211
62125
772
1052
3694
1521
298
2772
140939
546
1574
909
2023
2170
1026
1410
53518
2057
1784
100712
696
773
62068
33913
15293
2351
1382
136067
1660
682
1354
14339
109926
276535
2131
859
1051
194026
1148
770
51418
4866
552375
75955
880
300061
2761
948
162680
1471
1960
56426
122880
164951
306
1301
1252
1896
55742
17610
2311
1465
2122
707
1315
1721
1240
77803
86187
1916
2608
1042
918
1374
52082
1454
132944
16327
75491
195181
145291
23235
2359
104600
281013
1219
n 90 k 5
1223
26557
41957
441408
1673
1061
20645
1358
260352
5805
856
39116
831
1335
3090
38087
1930
116458
4323
83177
1930
57122
121782
434
1866
66702
104860
2051
1825
501
66004
150441
120287
126326
2282
1442
144738
1098
457957
65668
992
2375
2103
49542
134165
892
479
2313
662
1550
62150
504
994
295366
2229
1956
335
1052
475815
2789
488965
63599
1182
317051
219331
2303
31777
38922
932
2117
823
2532
274695
430
390
1257
1885
1449
38383
943
117529
4768
3091
1264
2639
3435
1105
2588
1457
507
1093
776
2024
499
48002
997
2706
2701
483883
2251
n 100 k 5
89847
4157
2534
795
416
452796
2977
1555
1020
1704
85849
118077
2126
2473
1555
1675
2890
1106
825
1513
1826
1035
327340
1880
152607
1243
135692
1785
109937
1740
564742
1366
691
1639
1405
327768
98882
296531
1185
258433
1990
1617
1519
12954
705737
80797
27166
3287
3509
40726
1264
286670
950
148218
196793
3013
7322
1924
974022
87229
2425
3373
1678
2009
3369
3083
1111
1647
3180
1867
2461
12772
2925
337024
1396
184221
1301
164890
3496
3275
5116
1261
1090
234347
2087
2388
2521
274010
2563
1591
424625
967
3984
2716
546787
1600
219486
222656
2341
2924
n 20 k 6
46
129
496
508
29
2016
53
1356
1301
540
503
80
1769
570
89
543
529
42
125
533
71
525
83
1051
566
50
48
38
528
1501
65
56
1783
64
86
60
1581
2843
64
80
47
48
116
1165
96
113
62
1298
59
37
1121
80
499
1832
484
539
1218
506
553
2283
71
43
85
2452
35
700
513
969
1443
1146
1085
71
144
524
490
1993
59
1263
491
50
44
56
535
49
507
1324
55
25
684
2269
2138
137
33
505
90
47
130
68
566
33
n 30 k 6
292
232
135
201
2844
997
569
4192
76
1904
3768
595
2785
160
406
14430
290
641
3163
269
57
2043
1040
76
613
980
98
43
1538
144
49
579
1189
1022
45
87
208
147
1052
583
11116
5600
4482
697
1229
624
7948
786
17794
531
3848
194
245
7749
77
141
254
677
619
1314
531
619
1837
347
5181
9381
240
556
1431
502
104
175
690
111
4409
6406
536
93
97
566
2114
642
82
1305
830
840
2764
295
617
13531
998
624
72
54
129
677
86
118
418
100
n 40 k 6
171
10715
44014
10906
170
208
1222
635
2214
149
7534
644
625
554
17027
16227
2941
2682
1027
694
562
886
383
1331
646
20953
480
1091
763
99
528
119
22693
1322
753
1576
603
145
1616
552
2967
723
1048
487
18102
119
180
669
140
243
1102
19610
473
67
9111
620
566
597
10478
232
161
692
16778
4737
1485
54489
258
303
38214
492
231
361
97
1028
9316
172
112
552
23703
203
11920
264
143
1445
25295
100
190
1839
26910
1574
1427
1051
3189
1066
120
1165
197
1000
1932
690
n 50 k 6
839
688
84415
619
2099
1091
56162
124
567
65291
82515
992
550
6997
290
2087
1081
18680
27864
1160
183964
1355
1728
709
37737
1136
219
24697
209
675
179
1541
32851
1836
123
35261
511
17180
1762
231
608
1165
178
24777
44757
30087
71571
1073
1198
389
251
1264
348
1127
33047
684
226
9468
695
16933
121756
1123
586
1925
25220
163
86
1242
595
28956
17309
23682
1555
32817
82286
176
1019
10769
524
728
761
9821
233
20695
173
64592
14034
1163
2280
756
212
835
1158
24526
131
1924
2170
31531
1797
1085
n 60 k 6
1024
66167
634
772
1179
1137
322
1427
313649
1000
123927
750
170805
83642
577
1665
602
423
131611
85694
138549
1596
47666
538
32407
909
11115
1716
10342
174
130346
1912
161479
45659
1571
214756
688
354
1742
152773
261
1792
95820
87796
1607
17331
572
1611
2454
236
59618
1601
278133
82255
643
1794
849
1745
189
2364
328
76530
948
770
1419
2482
1791
1872
1156
292
81864
736
304
45507
83959
2466
1747
1174
1187
175
271798
1285
39821
254
1079
92216
1196
608
649
2400
113628
263
578
33668
186210
301861
291432
208790
556
257
n 70 k 6
458
438
36983
271705
352
6255
3506
252
1628
1432
437
3589
166705
253
162805
2085
509
37551
2050
575
1503
2004
1272
576
1460
369
103813
1426
227713
2580
1031
723
702
1329
699
679
89383
584
1019
1890
1479
2566
1359
691
1144
906
301
270364
303915
624
190782
778
149487
327935
904
438236
2791
1190
1186
1218
32718
269
1839
8879
1580
2450
346
1212
41238
409
654
108913
441230
426
177617
807
684
282135
1275
1082
784
60150
105605
258897
1671
1839
572
1136
1694
1800
705728
1109
1757
454
580859
869
325988
252
1451
548032
n 80 k 6
635
2579
892
1380
87964
1234
858
262
1345
1232
326
1785
1607019
1293
1578
549
1026188
372756
2058
2051
347795
463696
868
2280
962449
4134
31087
1717
886
1554
1423
1175
2384
2017
1352
17703
739
1284
738
292
842
672
1195
107451
689
1228
1683677
107659
2342
1485808
1195
2508
409
46245
2447
1227529
720
3703
988
1064
889772
602599
1034704
1023
2023
3916
503355
2410
981
1697
215
1734
696
1414
274956
1174
511397
467399
3592
538386
622
978
164100
1796
1067604
2118
1311
19065
2289
1590
823411
3153
2128
349176
4985
275484
311011
1154
1446
1302
n 90 k 6
5107
372966
1445
1511
2374
2485097
3532
8307
4174
1340
2075005
927
647886
679422
68216
389701
286244
3159
1910
975202
4517
538568
682
753
1011
4543
143908
1259
1046
774
101174
890667
1637
4126
83771
647
170301
1481
2713
1039
3774
1302
250077
2657
1054
244774
914
700
999
1164
937
844246
265
5585
1612
4482
1518739
192476
1107215
917
2651
1836
1082
1547591
967
2191
3884
350545
20671
711
1621
2636
1168
854928
1313
2983
861416
2518294
1997
500487
237452
1207
3252
253256
1672
183810
1437
2698
1228
1641497
1877
1273
2753213
287284
1660
1099
1366
2568
716
911
n 100 k 6
1218
3387400
2320
436537
7859
260871
2161
454
2491
1086
3296
17423
7895
3918
2891015
2689134
2330
229627
1876
3102
11277
1729
394291
603122
223774
1259984
4901
1295104
9252
1312804
787655
1459
1956
3573356
1581405
8197
242515
2348
6909097
1658
1968
2152
4589
2561
1422
280574
1048
179011
5896
2309
479
1351
4906
166802
2415
8364
520531
865
1417
3664
228542
3984
1756325
1491
4107
4579
8145
12462
2119
1741
575189
627
8769
1878
960
1879
2219
1736
856
4531
445744
2024
1061132
1506
2397
755547
2260
1812
193286
3014
477847
635869
5658
153785
1610690
1049
1562589
1584653
1574
448
