n 20 k 2
103
80
77
54
39
46
99
80
99
48
53
82
76
74
74
53
87
92
37
73
87
46
56
110
39
115
55
101
99
37
42
70
51
115
63
100
52
36
73
222
42
130
117
56
30
117
25
81
71
24
84
101
81
72
81
126
66
38
57
93
63
111
105
137
23
122
95
81
39
84
249
51
82
52
77
72
52
46
102
57
111
30
98
125
56
69
40
171
87
143
56
28
41
152
64
22
34
138
43
42
n 30 k 2
90
387
99
123
125
73
96
115
453
43
192
210
95
232
213
80
311
169
144
72
108
116
235
434
132
149
107
368
630
78
86
111
143
84
326
71
116
98
110
157
65
113
184
562
114
95
91
130
97
163
126
66
360
74
49
111
192
80
119
85
205
93
86
128
104
63
146
172
63
236
97
191
138
79
110
55
123
80
157
112
115
63
448
308
154
99
97
156
112
152
204
84
83
113
45
137
68
486
73
160
n 40 k 2
101
678
222
196
99
167
415
199
452
283
189
608
307
618
141
161
100
461
136
196
201
387
399
111
442
244
68
622
229
130
426
340
96
67
153
133
130
130
189
159
338
148
394
116
231
112
83
148
193
142
176
179
424
191
115
124
114
265
225
187
514
78
167
173
96
123
163
742
82
187
141
135
141
109
320
197
198
348
105
607
340
242
64
170
209
206
109
269
142
201
158
242
113
270
161
472
155
120
346
137
n 50 k 2
309
375
129
145
218
584
807
354
245
184
204
260
512
242
350
219
190
392
139
460
265
159
177
280
170
615
368
246
174
309
111
278
219
287
929
500
135
233
282
649
177
456
962
321
293
193
269
658
338
596
168
138
279
171
474
147
220
610
849
384
316
594
144
206
200
288
420
123
240
252
154
310
178
388
192
187
201
293
312
90
305
320
442
163
637
158
448
379
252
358
706
329
415
312
131
935
211
233
539
610
n 60 k 2
249
575
266
869
765
283
334
242
476
384
320
958
910
272
184
807
773
341
289
263
223
393
303
771
251
198
209
350
1316
177
177
727
312
664
666
350
416
237
424
265
1203
998
1380
112
334
254
314
470
767
193
275
599
376
314
185
1529
371
237
845
265
302
332
249
141
245
211
189
435
366
492
836
228
863
353
657
322
131
142
682
224
752
317
731
203
217
275
267
367
260
352
603
449
258
385
219
169
197
910
167
381
n 70 k 2
258
1407
381
622
346
478
664
360
215
225
311
369
316
317
486
282
903
937
974
365
986
233
275
578
509
485
256
346
261
950
388
661
554
708
270
1274
192
367
458
470
573
477
369
680
220
328
278
788
2647
229
554
790
410
190
498
584
367
304
434
731
1339
835
269
412
187
1870
520
489
280
832
488
305
939
1413
540
364
944
431
382
312
347
273
1532
371
270
237
2442
410
1722
726
940
253
321
716
297
332
692
298
341
318
n 80 k 2
923
287
339
1570
494
1828
752
1474
731
953
1004
394
1672
1082
442
330
1014
592
470
880
514
482
364
1115
417
371
275
1062
621
344
542
394
858
853
1060
386
592
409
349
449
517
287
303
1127
755
401
336
581
290
415
417
755
319
452
696
1817
353
526
1143
262
684
795
334
385
574
606
504
880
793
1523
1523
301
615
425
1363
697
1147
628
741
537
449
376
858
293
734
663
1286
490
649
958
799
1759
297
1876
700
794
1132
529
754
510
n 90 k 2
449
901
890
986
888
1002
909
474
1001
427
1386
1281
2434
1557
323
1452
470
1356
340
1652
1246
548
277
751
1154
690
415
1781
1476
461
2176
586
627
721
665
224
935
1056
1123
2029
445
655
1667
713
1897
381
764
630
405
371
1604
474
739
2796
216
589
915
479
941
559
511
555
1573
355
431
407
307
1289
595
780
319
428
934
1488
979
1006
954
364
424
385
408
1492
459
577
815
1022
1128
789
1073
768
564
792
902
878
1816
871
859
1558
442
793
n 100 k 2
744
734
867
384
756
412
530
512
562
1273
417
362
2357
629
950
644
564
445
993
1453
551
2787
1875
1288
954
1075
1382
556
875
491
1080
1132
1477
894
521
1957
287
974
765
535
587
439
2958
1083
2231
504
1129
495
1612
321
630
828
1812
631
911
928
988
880
317
379
698
1489
1346
1589
1773
717
874
1218
1100
1298
2683
596
2012
544
647
2310
1858
1782
875
660
933
654
608
794
638
1512
549
338
429
654
952
450
871
1914
410
625
844
2033
937
616
n 20 k 3
87
170
524
199
51
88
599
602
498
341
120
91
91
29
324
67
213
94
69
503
60
86
97
122
103
388
31
61
295
47
114
40
64
150
62
520
336
80
61
46
49
194
38
27
58
57
980
74
48
603
41
49
58
73
92
50
612
155
28
57
49
42
138
33
29
135
181
484
180
41
36
33
49
115
173
66
31
399
136
291
55
63
666
49
505
60
65
155
78
603
218
106
537
41
28
399
109
62
317
56
n 30 k 3
134
600
676
121
783
91
305
92
119
181
76
192
87
861
274
145
78
160
422
278
1247
267
124
496
143
627
347
66
93
121
93
237
134
133
183
1044
46
1094
108
128
84
91
455
619
93
548
1071
345
652
69
160
869
115
1149
91
493
64
585
182
94
192
797
165
292
119
66
85
276
643
234
105
328
167
138
706
624
594
141
202
846
151
167
82
94
242
76
689
743
350
102
141
245
1121
562
989
213
122
451
146
55
n 40 k 3
163
3170
3141
311
1513
206
246
135
1153
335
155
100
318
248
1256
609
576
158
240
768
1181
500
549
205
168
179
387
640
250
1740
112
79
595
1130
203
172
317
172
190
188
862
370
119
1025
1293
579
589
775
488
342
88
777
307
506
282
566
913
763
314
226
1171
294
559
316
460
1359
703
212
278
665
1357
252
216
558
591
150
688
170
227
232
426
266
147
166
674
172
463
578
197
1019
148
1557
176
1653
309
587
237
771
1870
243
n 50 k 3
1244
236
201
885
880
645
537
3729
866
1134
2222
1188
240
341
334
266
151
2700
219
302
716
1166
273
635
1066
484
851
386
203
993
1203
410
586
422
815
455
417
1094
193
671
1825
574
304
173
114
1096
847
197
1265
202
1523
1369
636
297
695
1337
318
314
169
365
801
1256
1323
162
1282
896
835
347
4549
767
1059
265
1087
175
256
4158
966
2354
601
187
2748
1296
585
846
538
343
1709
373
510
748
321
321
308
1107
210
268
166
1032
592
128
n 60 k 3
832
2434
1035
743
1079
2219
536
1367
4293
700
613
5927
2940
1171
410
2602
252
189
202
363
490
912
713
1635
1031
2894
2777
229
378
5728
2088
2434
384
352
4367
455
154
682
2273
780
747
1164
276
1645
939
2307
726
296
193
1834
599
461
3006
274
600
717
315
1072
876
636
339
705
2083
4302
1953
279
644
418
2049
950
168
1172
2250
5795
1216
718
2863
390
884
2325
706
321
2183
234
2676
677
431
163
1005
320
1978
262
528
329
857
643
3748
2986
3140
1061
n 70 k 3
1334
1821
1223
2057
9039
428
1331
219
240
2130
972
1464
209
295
332
1572
1790
958
295
825
797
706
485
2208
806
1877
544
824
1445
3831
391
454
239
2868
648
480
1450
2190
1758
337
842
1163
1033
974
2183
961
311
770
1164
541
1994
1340
637
1542
3716
941
302
469
1262
376
2017
2013
468
293
6735
196
1287
502
630
894
6529
493
214
2664
8769
313
1764
8879
747
724
2561
642
799
279
5716
2688
2126
823
1397
949
736
667
1060
517
1973
630
320
816
374
6530
n 80 k 3
5946
352
1936
707
948
477
492
398
886
5466
809
4624
5097
1572
7917
491
17027
516
476
2486
8833
2788
887
444
2351
4357
1002
6224
3426
647
520
1539
779
1860
5947
1017
1169
1189
928
609
3338
293
7348
1229
1026
943
1501
2072
463
1894
1012
384
981
351
659
4403
6243
620
3841
6428
612
3786
6667
570
1010
1174
466
4833
565
5969
5252
271
1993
2302
4596
2667
1873
1075
2271
5225
412
5343
5644
611
4661
953
3626
13375
231
632
444
1429
5214
410
467
736
5041
11550
4849
6816
n 90 k 3
1155
1308
1093
1187
848
811
1007
1445
7033
1162
1357
922
525
4465
761
4455
1199
835
8142
729
716
499
844
815
1495
4781
1563
876
1974
2682
2008
3179
5449
7200
323
2556
1759
1869
1030
3091
537
2813
3160
18580
5057
6397
5083
868
957
984
1634
525
361
1147
1024
1653
4375
4972
1283
4488
1137
6264
1133
1144
15323
11463
481
1165
431
703
1929
5125
475
707
1763
3512
713
1398
1244
7852
839
3375
30025
733
2818
4476
1033
3632
1185
2077
2435
1513
1260
1201
439
1402
3455
1755
1898
1091
n 100 k 3
1947
1173
4007
5516
1296
4078
1304
2561
927
3037
288
17071
15379
13547
9698
2109
9085
4458
444
16953
470
3417
4971
859
925
1407
2642
2212
4802
477
517
4432
9712
1202
5393
560
1674
4281
1410
695
1002
2624
4029
1295
1038
1354
1560
1031
9889
21786
7182
4606
1034
7119
1354
4774
893
1743
557
962
561
485
802
14166
747
8491
1876
13070
1251
1262
1814
2172
448
1088
2813
10892
1275
574
1111
1051
3836
4349
7647
2006
5640
985
8640
9719
997
4087
1311
400
18929
20875
4986
1150
3009
1188
4202
8794
n 20 k 4
85
58
41
51
104
85
175
528
36
246
39
44
594
535
63
164
512
70
52
506
56
97
1007
155
59
93
200
417
42
462
75
1459
1087
629
827
136
873
75
563
389
1213
24
48
506
51
117
545
738
36
270
72
68
942
500
104
534
72
752
144
36
624
42
373
71
119
1056
57
20
68
536
510
44
442
93
103
626
505
279
100
91
39
34
300
1178
51
1100
50
53
71
629
981
118
913
1001
177
107
950
496
220
90
n 30 k 4
1314
644
196
557
600
776
530
76
919
922
182
169
95
1777
170
1136
165
303
79
1859
181
835
513
247
53
184
585
212
944
577
644
124
536
234
1945
335
177
114
231
607
70
193
972
485
225
79
453
137
77
264
119
3326
799
1781
530
602
111
221
74
443
189
1232
276
549
1840
100
201
1350
684
1936
504
255
744
683
1179
1536
97
1573
578
115
126
73
559
103
986
1041
3953
73
172
131
913
137
87
628
275
171
1306
543
926
275
n 40 k 4
1387
155
399
3360
2635
1485
340
712
315
640
2418
85
2589
3969
3703
3101
1983
173
2121
1924
3304
1591
1646
1174
82
4686
294
129
907
611
241
1148
84
329
5362
187
106
629
1608
1216
600
1064
103
1312
5247
266
3528
111
907
111
905
96
560
118
198
123
254
155
105
1272
198
2783
175
97
1203
1021
1282
405
152
1022
1942
5740
1721
645
464
618
627
2209
216
2266
7851
481
973
127
3559
158
233
3270
620
8889
2711
6048
195
198
998
630
3358
252
4274
900
n 50 k 4
1636
233
2738
715
668
320
325
275
1515
2076
1806
4431
725
1555
642
2107
1222
949
209
713
175
7378
244
789
2660
570
582
321
363
1480
655
160
420
22011
710
906
11150
552
1132
690
531
9128
782
1255
630
207
4270
3762
777
191
254
201
1499
357
648
346
4651
12829
2841
2126
226
474
1295
251
234
6608
2272
261
3820
1550
2836
222
230
675
269
781
3182
3621
816
1242
524
836
227
4893
338
2718
1367
2903
4574
1189
508
5536
963
172
12833
739
1215
499
7225
12378
n 60 k 4
232
2294
1142
817
618
6123
150
6229
639
4448
1447
1241
655
8567
801
975
7674
288
10275
5753
3697
399
5040
1989
3660
2706
798
433
9964
269
6531
187
3755
807
528
3414
12891
292
1047
15942
747
5700
19235
463
1525
1778
882
268
238
642
637
1954
489
318
563
213
10097
8213
15730
718
9275
1372
792
492
488
2044
2413
21280
773
13072
715
763
291
1303
7466
23487
25418
3157
780
963
181
709
4687
892
844
1119
817
479
1022
437
190
3948
913
3289
6888
203
1271
7833
621
409
n 70 k 4
1466
741
2072
1223
1687
13198
772
389
827
860
1609
1609
615
1649
303
1734
1345
1678
6971
263
1049
317
6462
698
15539
421
1373
9008
188
268
838
20521
790
7120
2306
278
502
821
26829
17956
14009
8607
442
5388
954
2255
784
13041
697
837
25485
493
1304
396
1393
708
542
11525
1497
637
1513
8110
1054
4861
380
946
4619
3492
1563
10330
471
2373
22524
9890
4554
849
20092
10388
1263
16611
452
19044
466
1615
334
852
16671
418
778
8643
329
6457
2204
54502
579
1140
2081
52281
2402
6603
n 80 k 4
11542
926
1141
15742
11041
370
1829
2180
663
15712
1615
805
834
1901
428
2424
446
2775
2703
2530
29428
892
1229
2006
3035
1157
674
750
9137
43164
40824
474
128327
1111
2039
1915
4689
22946
1314
29346
692
1970
1480
735
346
1424
1869
83529
11150
616
10352
17384
4681
2723
1254
6642
2845
922
875
1272
1077
1901
792
2122
19746
3042
37831
1540
35423
56432
421
294
875
2376
1833
425
1362
17992
15118
15055
1279
372
18233
1649
739
1180
1367
1946
1524
4357
449
1222
451
1054
59174
1184
387
80097
1593
2368
n 90 k 4
1745
980
62504
849
11131
92599
8066
1047
22018
46269
38970
22387
8144
1027
70825
41004
91719
1919
1458
1162
3176
1232
11519
1093
1329
1317
51938
760
1261
4006
2033
60149
1857
1153
714
18807
1000
13994
2489
43609
50887
919
1901
1835
325
460
565
18547
645
1635
1233
1547
1933
1572
1272
760
1656
23605
720
3565
1385
833
62606
21726
2475
11323
13296
1446
1400
2084
79340
87685
2510
2597
705
507
452
1499
722
20401
26936
7183
1198
14222
1527
64133
67061
27426
1163
2890
59694
6809
2398
665
16253
973
10702
929
1239
1874
n 100 k 4
1651
87829
3509
16275
67470
49142
1964
89676
807
594
886
502
1230
1245
2981
1484
2555
63501
2342
35833
635
2154
41691
128063
5651
1016
9808
1247
14584
10039
2366
56097
19464
31599
74243
3482
688
15203
77492
59094
2596
107645
211852
1075
14359
3604
2183
1768
2501
55085
1764
22084
24711
1214
2958
1884
545
1627
995
1659
60906
726
183118
1118
45613
95431
894
56104
3229
2197
657
1779
1072
14773
4973
22328
4899
1175
64266
1387
45992
1473
3017
15749
438
59210
1944
977
7473
71668
52481
21027
1269
1551
1932
2923
2604
2952
42424
37053
n 20 k 5
53
36
1134
60
31
403
690
1992
1924
30
1095
665
1048
93
42
579
58
68
1068
615
181
96
514
1200
1001
503
667
990
139
1238
1210
148
1786
1018
538
712
54
70
517
58
59
35
38
70
66
562
1211
557
75
55
1357
31
522
54
516
56
42
29
29
152
500
339
34
529
81
54
62
48
580
47
40
584
84
42
1911
769
115
527
502
50
26
78
94
78
1173
77
692
75
37
173
86
536
72
711
952
235
102
35
3021
116
n 30 k 5
143
433
1111
1351
125
256
1680
451
54
534
1429
548
65
181
80
213
1106
87
547
791
60
171
271
617
373
94
519
195
4468
2010
553
570
74
851
85
663
576
562
242
152
661
274
117
60
57
556
135
644
325
1478
642
1866
2942
294
3467
1108
668
701
1796
323
599
354
367
89
587
707
796
1355
184
118
1670
2651
577
665
74
601
111
368
580
2749
244
1827
740
71
99
629
140
1867
664
152
537
496
573
631
96
711
141
637
854
1534
n 40 k 5
815
1229
230
392
11809
81
46190
130
347
433
211
5198
116
244
133
261
274
243
166
1151
15518
141
3432
6177
208
118
7821
724
8433
1075
82
330
1772
419
1006
187
762
4511
5813
8537
358
2241
1092
4370
1324
1302
848
232
879
104
232
432
450
7878
232
2282
2126
228
134
305
735
1899
158
16988
565
15320
296
1191
198
541
1100
844
1054
128
624
6380
1022
1512
14023
279
209
3478
1079
647
623
3280
2998
339
114
1019
4841
922
13734
6637
139
124
1646
760
169
592
n 50 k 5
840
298
3072
692
460
195
1197
6632
185
612
619
1142
1049
650
10628
12406
1355
22104
1389
1221
164
631
760
741
38532
7716
118
628
136
39279
13409
548
14895
821
344
5391
1128
395
2767
981
261
2690
210
24185
1212
492
919
394
679
7172
357
41816
1065
1401
34410
16045
3033
461
818
1002
516
10233
225
573
3038
571
920
701
23802
841
189
12783
359
1228
832
508
582
299
26478
423
649
1177
666
613
2246
769
585
1459
8704
493
264
18045
223
11346
820
261
492
672
166
11763
n 60 k 5
5456
851
283
15948
293
56996
806
1624
24614
667
1909
822
2001
1132
1333
1225
11388
558
1384
1663
29073
1124
32424
382
2032
1746
213
953
362
60194
330
1362
794
68284
2025
75892
695
1303
1826
2174
59791
1233
100704
268
1519
18873
72936
462
16167
68134
5243
1819
97884
311
1332
30665
1761
247
691
1016
908
2205
43012
905
739
791
302
3399
1011
878
39692
241
726
177
312
1131
91925
333
1750
43935
101729
12478
693
2035
38943
898
749
2279
557
1091
37351
696
1457
19628
182
20316
735
12372
701
340
n 70 k 5
1526
722
2799
1175
1708
71850
1107
54817
301
78305
8537
510
7719
74655
9181
37139
1384
743
1342
81991
6976
7300
566
1107
1551
1916
115081
974
2239
732
1203
772
75401
1221
1210
743
2325
44994
589
1796
179328
33785
1281
47703
1765
20838
2144
1228
724
22997
1859
936
760
137787
820
458
766
48576
267
90802
1160
955
367
96569
2235
1692
102641
2217
1780
20524
1567
757
404
2055
696
993
43538
2814
9919
877
1242
28025
34486
1311
981
2356
102769
2233
971
48363
62791
2908
524
1560
1370
1510
820
2175
55535
1282
n 80 k 5
1751
3063
1093
1234
477
70667
1850
2526
1383
146030
923
2704
133450
11256
592
508
1519
236933
1283
1006
1826
716
763
28659
238
303
917
694
2037
1425
1881
296618
6235
1402
664
840
2693
5929
442784
386
17706
29259
29565
628
2563
326737
117667
97179
3800
948
68021
1506
395
40956
7029
30743
2106
74303
157282
847
1491
160865
1294
4471
1387
1964
1743
41965
75948
1681
242464
1806
705
2974
1769
100221
1300
1546
1200
13065
82940
922
2585
1962
974
880
17983
1521
32051
1216
2665
651
820
133843
364
64113
2038
2239
793
465
n 90 k 5
720
732
2506
1070
74006
505903
25398
2169
969
2324
102143
24947
1057
1217
1334
7407
1837
1709
1964
2493
6541
1924
3120
1888
93656
77200
347
549
361006
206588
12989
3841
1778
101732
2743
1580
1935
32155
1105
1706
3889
378
2578
397355
76289
1699
2551
164251
1213
3611
1488
725
125532
117826
1772
359
156568
110306
183270
381738
2089
901
1149
1922
5153
497732
2187
1290
428
193381
409
1020
1645
892
2703
260293
3404
2869
1542
1594
1137
158406
1313
900
684
70297
696
1676
62959
1747
808
165755
18199
248633
1575
900
806
3943
3216
2136
n 100 k 5
45440
2135
1498
41688
628346
4645
223009
2014
1634
1348
1612
521
2415
1270
1564
917
120658
155125
1363
49353
2033
740
2291
1153
2606
2040
908310
954936
451436
427547
230379
5330
1582155
312456
26776
4736
85445
201517
92988
1366
4067
1103
142672
450164
573
7334
905
1726
202374
553226
435136
163859
1664
2237
402294
1656
531846
101230
3174
74152
278038
2336
848575
4506
6854
1968
3115
180790
2046
153317
1809
13850
161318
644
3774
205139
34578
887
39309
3211
43109
2250
2145
53786
774
38698
244010
2298
34706
488
5270
1895
684
259117
477838
2843
134275
1636
782
1292
n 20 k 6
495
577
124
80
59
82
517
35
26
66
41
82
1626
71
592
563
1195
498
88
46
498
36
144
159
71
99
497
58
501
41
1045
53
67
1300
79
55
58
75
119
176
1649
1079
486
106
490
1225
81
1635
584
47
57
65
2768
532
794
92
334
542
502
103
59
578
92
1001
252
115
158
480
58
83
55
53
38
87
62
3751
123
527
1045
3391
495
1875
40
494
2232
1516
77
89
67
483
1173
117
79
763
85
63
1022
491
49
63
n 30 k 6
6372
1677
149
570
540
551
482
983
4018
221
561
3252
1520
1817
115
663
2085
1190
154
549
549
1178
668
527
95
114
760
574
6335
478
135
552
659
521
7495
8974
522
583
166
981
662
582
73
95
594
45
1586
516
866
398
146
4154
214
602
622
788
8408
719
406
557
2655
7424
111
192
69
125
501
500
656
232
87
2419
526
162
4671
727
496
148
58
227
5003
122
5824
667
489
1140
511
4454
114
86
5545
726
126
2116
249
114
532
736
5255
583
n 40 k 6
4231
12877
160
1670
7006
723
1302
277
981
956
2759
868
1568
586
612
144
49198
991
163
190
603
610
303
112
1169
73226
900
642
106
1540
8065
14826
1081
362
32773
6512
446
1251
831
1158
797
112
264
9305
638
594
664
841
388
619
117
627
117
8730
133
24918
1514
617
166
590
715
1569
588
552
1171
3997
800
5741
18721
20294
3339
990
166
1013
211
132
918
14579
27525
377
4766
781
747
2885
6732
204
379
156
18573
2498
5026
13897
64
281
117
483
928
85
819
235
n 50 k 6
10922
140
1019
72483
1816
654
695
32466
1382
1730
73329
9237
508
3882
1248
49724
57915
1617
884
13213
207
721
178
796
593
9761
737
1212
716
29685
34878
1537
594
1172
12180
1622
777
669
31211
53812
239
962
237
707
1495
67425
654
32131
1167
458
102945
596
726
929
154
53950
125
1745
421
693
1429
214
1642
1112
1699
695
76245
1207
142
208
176
249
43300
623
422
45998
48012
863
56424
812
1008
734
979
596
588
17519
1078
11272
641
345
5065
1114
1545
35105
1143
42768
16601
466
278685
215
n 60 k 6
88548
202388
359
2212
283
549
553
1073
48008
94574
24263
708
1117
1269
1367
788
632
124721
76197
1163
221
398798
701
844
1012
885
11605
1995
42666
264
45825
5093
1074
1292
758
836
264
1269
1160
1435
566
8706
690
4836
590
738
956
1436
996
1670
361
41681
855
750
1124
52410
215771
28341
965
1108
83147
326585
731
2187
3074
48846
51031
283
429
645
147233
1505
163637
1565
972
148030
212976
779
832
1231
198
181725
47378
829
43372
382
1129
95979
139499
18392
1011
192197
981
1732
686
1123
741
2643
631
83646
n 70 k 6
655
1435
1798
1066
22422
2338
875
232891
308360
2424
1572
684496
233063
1242
680
945
287
345694
2441
528
4033
423272
259266
888
248223
708
1391
510
265334
1230
712
1150
1116
1266
751
1393
59732
592
1142
3341
1958
156488
1671
191855
88468
1480
251
2299
1160
2423
130684
1331
3401
13919
782920
1706
1379
2263
418
3074
961
1864
6393
1536
1268
927
159759
1298
14032
31762
758
15121
90467
1361
2384
55249
531
790
464
2267
3549
272314
51677
67027
791
1470
403
1558
344360
1325
48657
1270
325
1082
1663
2538
1053
160965
87165
1293
n 80 k 6
1032
461
153975
1495
2305
875
1885
1369
256712
105600
372
568719
1257
815
1387
360
1581
288110
539586
429903
3321
1593
1107483
444897
1266603
1580
1870
324165
1238
874
5812
1970
617
1199
982
2746
243075
1921
284
3453
2616
875
1166
227348
997
1015
4940
355
1528
1619
644
1211
1053
1742
2204
448
2203
1201
1689
868
116622
809
1643
1921
48139
1370
3235
70607
5443
1912
313
3250
2400
903
810
1773
363430
1260
1284
1508
3078
447405
267186
1086
779
689
1227421
787
1403
1713
1992
334828
997816
1473
399246
2128
1256
962
824
514
n 90 k 6
2818
2295
550715
1595
820325
3014
187783
1313
1567
400073
984873
1205
136649
1252698
223395
2314
2051
1818
539715
4883
4535
2341951
827
502090
1913
1723
2765
5368
2223
9085
171457
4523122
614693
1244
1414
987392
885
1403533
1196
477
1074
4329
2229144
2625
1410029
1403
1813
1749
774
47966
654
8917
965056
1171
3806
8952
1439989
87922
958
406018
3973
1735
247224
262148
1274345
3516
56907
102045
194871
2164
44956
2236
1584
3167
2077
712079
2226
3033
2764
1042
1335896
2071384
1072
1331
469
1645
1459
1253
1648481
1825
1313
1182671
1201
1282
3912
2088
6700
1422
979273
1219
n 100 k 6
1005
4598
389004
1338
2603
2599
2410
3046
5835
2048
1536
23111
1481
1519110
3442923
1736
773
3236
933514
1630
187578
1673565
907
1052
735
1868
2127506
522303
812491
156701
3513
2562
113732
4998258
724
1782
192139
1290
369345
1420
1549
2121
3762
858
297904
6989
4058
901686
132902
6851682
761029
2393
1631
1575
2240539
553
2193
860877
4845836
1188922
2804641
176969
911
651014
622759
1231
2332
427
3457
3890
3537
2303
8063
331124
1791
2984502
784335
1669
3132
896
7295
871
2455
2162
272205
3428
239108
191788
990
928588
2378
512282
1303
6080
968
2528
3267
4253388
1768
1243
