n 20 k 2
44
199
75
237
70
196
27
92
63
54
137
33
68
124
85
55
35
82
44
24
35
88
87
210
82
33
38
84
63
100
192
193
55
60
33
76
90
128
22
83
44
63
68
82
87
93
55
48
71
68
50
40
123
150
31
47
188
116
137
46
30
74
71
91
71
108
92
108
146
62
64
53
65
37
134
81
166
72
41
159
45
86
65
47
48
189
35
82
55
36
103
88
56
34
100
60
34
84
60
27
n 30 k 2
86
154
65
249
163
88
183
167
177
85
146
48
210
93
58
92
190
124
118
162
239
148
103
91
226
104
159
74
507
91
70
111
158
97
455
530
63
233
150
93
116
129
135
93
113
247
144
197
156
51
90
113
233
213
30
78
63
131
90
180
454
134
51
97
169
310
139
266
270
225
216
103
126
65
111
80
88
146
383
433
107
104
149
117
62
78
488
447
147
99
299
175
61
100
292
140
290
73
86
72
n 40 k 2
139
671
652
271
221
600
209
319
92
123
150
215
143
179
241
249
555
77
158
417
180
102
514
149
137
156
179
150
120
488
90
178
123
180
183
649
792
127
179
406
103
196
189
164
172
520
94
370
376
135
113
286
146
219
619
174
215
212
158
268
150
183
174
200
191
130
207
134
89
271
186
63
110
372
101
126
282
133
150
193
270
122
203
425
120
185
363
154
107
222
129
507
94
131
92
289
118
118
552
121
n 50 k 2
223
342
116
353
141
198
1071
207
177
111
191
213
203
150
753
213
908
282
363
240
352
284
263
102
175
196
244
279
744
202
715
202
187
156
247
196
227
312
131
368
244
423
178
381
141
230
162
199
264
139
122
623
212
251
333
866
548
437
747
200
305
279
272
156
124
323
323
204
860
205
457
217
529
824
239
293
265
411
603
420
591
230
171
489
182
162
209
144
649
120
282
160
510
699
220
432
219
175
262
287
n 60 k 2
314
257
572
181
246
470
182
166
527
192
535
419
218
933
471
196
206
403
262
237
311
556
460
164
248
467
350
644
344
503
402
250
198
176
972
244
334
235
608
273
468
318
326
339
219
211
478
725
271
1126
193
333
178
166
568
333
315
186
186
229
458
221
742
683
361
238
640
308
466
653
375
648
607
970
382
705
808
240
671
291
337
301
484
1244
218
166
278
497
583
893
372
1193
215
307
315
706
264
256
210
735
n 70 k 2
311
284
333
842
174
341
829
227
1122
1010
458
1230
209
267
767
162
384
484
465
658
338
272
349
236
866
757
133
803
442
257
492
712
397
986
312
341
1456
532
695
1295
349
340
317
189
260
384
401
663
247
660
408
288
297
303
522
295
605
1953
402
337
2754
1278
303
1147
242
289
435
891
287
444
210
334
463
317
334
278
416
998
198
319
569
1102
353
329
259
719
223
529
374
915
262
623
411
472
342
264
420
1041
292
237
n 80 k 2
836
334
1068
729
468
417
782
1167
343
405
445
1228
321
640
296
511
556
566
1077
197
261
2661
265
896
575
749
511
896
486
978
378
586
1202
457
1375
777
555
283
525
338
355
668
1471
637
1084
221
1190
269
419
2717
610
1481
391
448
206
1231
894
438
1388
515
364
1246
861
379
320
255
1439
1316
448
849
246
421
1023
1278
348
639
467
285
312
484
472
621
1079
1858
615
320
1367
500
516
523
285
1489
582
683
488
2291
1028
386
690
314
n 90 k 2
1821
756
653
1362
511
502
1074
370
1424
349
563
759
1452
1061
599
732
402
1649
405
439
681
773
1193
2007
723
464
1283
481
509
392
848
737
2082
843
921
640
651
369
328
698
609
472
986
295
452
474
441
1602
455
800
956
776
434
412
764
1585
665
656
1048
924
1487
875
369
619
819
470
372
397
742
1449
328
754
666
557
1481
668
427
331
770
3431
764
478
413
368
932
766
925
390
526
582
561
1528
968
1516
554
948
510
1094
577
525
n 100 k 2
1949
400
579
1507
1552
426
1045
506
1259
3677
328
676
500
1123
892
1625
370
604
2719
587
704
535
2262
1459
478
497
2215
1101
586
1594
544
465
660
466
417
597
645
374
988
562
1350
393
482
2207
842
560
427
808
950
618
801
2360
613
423
1535
387
368
1068
684
1897
559
1850
677
530
2504
459
576
528
1142
918
356
762
1143
479
620
341
1112
1892
2138
1116
629
764
287
641
738
1144
550
722
428
2067
1925
572
3451
571
814
844
843
1456
1091
1145
n 20 k 3
122
164
420
51
46
52
518
97
54
61
28
594
284
465
188
396
69
76
104
147
79
57
80
39
573
180
60
181
168
102
73
265
59
66
29
34
281
410
27
25
348
185
170
233
158
611
90
49
23
838
32
501
911
239
45
477
167
55
84
97
78
34
149
52
66
58
76
567
22
58
567
54
506
296
83
112
110
31
71
45
340
275
43
121
45
466
81
59
109
25
422
28
624
23
207
55
257
232
65
241
n 30 k 3
687
545
125
70
48
68
84
1231
95
111
236
137
277
101
190
1274
1546
539
605
113
152
1273
439
650
444
791
105
95
65
90
148
152
57
365
410
611
1030
112
134
187
72
574
209
323
481
525
116
107
95
161
817
552
150
63
91
587
116
82
129
53
890
62
93
132
1043
107
664
746
514
1030
603
740
563
484
63
178
1522
100
849
315
526
610
413
100
124
255
530
130
221
900
80
486
45
86
626
541
594
97
109
741
n 40 k 3
224
1783
782
244
95
448
681
668
240
923
212
141
826
620
143
323
279
199
256
1064
265
118
1306
209
211
265
1012
2830
611
596
116
237
203
457
127
161
299
1309
1185
151
2483
599
665
260
314
812
151
189
307
1135
790
742
229
136
667
195
177
157
161
769
625
1172
169
1136
171
495
80
560
113
753
684
268
177
1607
433
1184
153
275
431
710
161
825
300
1234
763
169
201
245
221
678
205
186
1256
1115
293
1087
122
571
632
140
n 50 k 3
658
2193
269
488
821
2936
248
1174
689
2253
725
161
651
467
991
290
302
713
1059
931
250
419
947
236
229
8482
249
1394
1459
1232
619
536
1424
680
199
684
975
3777
290
1094
187
971
776
2929
1046
2766
648
1660
656
745
509
2094
1470
209
382
919
659
162
1721
1263
252
250
1600
315
152
645
325
307
942
181
465
740
1917
322
814
760
2433
528
1326
253
1981
239
1179
279
637
262
1618
128
168
177
153
1926
211
452
951
956
1003
220
170
973
n 60 k 3
387
453
817
3244
1698
697
299
783
444
466
2261
2132
301
1172
184
446
421
1464
176
1209
294
1067
512
434
1456
436
233
368
1582
5671
1474
843
4102
2044
3221
1840
9382
4025
2227
1197
345
426
832
1357
3488
211
3042
208
809
2020
1015
507
1966
339
1003
665
2301
1316
756
545
1228
225
696
959
370
1537
855
143
221
256
266
770
746
2617
361
1899
823
190
932
2333
666
261
188
1357
369
4779
582
168
3860
248
4289
430
254
814
1155
670
488
643
627
642
n 70 k 3
1730
1355
1630
1112
699
2042
809
2291
818
511
547
3694
842
958
216
318
1107
562
761
1002
531
289
708
2216
1140
705
567
1989
318
1918
3371
2733
874
468
830
878
6907
970
1046
807
4574
327
678
809
1036
993
467
366
2053
1406
683
340
237
1734
1168
6131
1574
1606
2273
312
641
1031
2769
2954
2321
1245
1656
1410
781
1084
186
270
288
406
1014
868
1894
542
516
661
651
2093
2746
380
532
3173
3108
404
1391
1257
467
1244
344
13213
3086
1603
983
2839
3058
329
n 80 k 3
1393
5435
474
13786
5002
7413
1277
327
1592
480
791
1053
1093
782
4448
1128
635
929
8159
1061
624
562
3841
827
481
755
1635
1459
3227
456
1001
829
1072
902
1783
4400
1286
2105
6650
4334
579
435
911
411
937
516
1236
4618
426
866
530
2074
3310
875
2619
5299
1327
395
781
203
523
622
3598
6898
1401
5761
339
1064
4186
381
427
2064
461
8990
631
2455
1509
1125
383
10483
1536
14735
1252
3174
378
3188
3961
9160
220
501
1804
271
359
419
8915
7859
1964
1062
352
478
n 90 k 3
512
14264
1934
1005
7532
432
2574
1580
1155
1527
428
11152
1435
4042
598
6844
838
1652
5733
1277
409
586
12923
2213
299
767
4368
2475
1171
1161
1145
1307
1183
3969
959
4415
683
3790
586
3193
676
539
6494
2400
1909
356
3701
704
5516
1717
774
5036
19976
2035
3074
1283
555
6366
10394
6369
499
1163
368
1162
1727
1778
674
19044
1231
2755
1499
2551
2322
4110
447
5102
1480
6758
1515
19036
5900
454
3290
1098
1763
10051
3284
3451
2637
466
3055
797
3074
661
4373
9899
1972
573
2300
2330
n 100 k 3
2264
836
782
2995
2069
10410
1004
716
8571
8565
1040
420
644
1427
762
661
3035
875
1486
811
1320
2505
1304
593
4700
424
1807
6274
2243
544
9740
7065
2496
2077
4173
14269
5891
3110
1250
1728
13833
992
22235
2965
15275
317
680
946
1698
1719
666
818
1214
534
1075
2396
10116
1903
2257
480
1466
5752
5911
1280
10622
1273
1347
885
2530
1250
698
1088
792
8279
5982
498
8778
521
1019
2048
1899
1910
1371
801
923
1016
5473
783
509
12812
4923
1079
2898
9195
1514
2938
1149
710
1209
757
n 20 k 4
466
53
72
22
109
83
596
543
59
1849
34
118
205
494
34
67
55
60
1172
117
48
80
602
40
204
76
76
79
61
499
536
489
44
60
115
517
629
100
184
546
853
41
54
522
496
56
55
54
592
1212
124
540
345
1080
35
87
965
39
30
40
596
235
223
49
1172
100
1180
47
669
82
64
127
112
1291
484
78
937
520
1013
70
333
1090
582
99
63
75
67
97
146
35
445
256
104
68
28
538
116
535
37
57
n 30 k 4
48
245
1370
563
2125
159
714
1778
761
228
72
1219
211
547
92
65
1278
86
57
278
537
528
1761
754
751
67
1056
129
246
162
429
3895
2753
492
122
542
2528
405
114
522
141
265
147
502
69
996
335
181
580
63
109
164
60
985
61
194
873
383
190
161
139
267
151
702
590
591
535
251
1137
2338
70
213
1609
437
510
550
582
178
1082
872
477
1208
57
904
123
191
1402
766
1550
609
233
256
276
79
58
69
1520
1834
103
175
n 40 k 4
135
895
282
220
534
4299
639
1088
1019
3811
1500
3749
1067
6584
552
751
561
223
1338
271
1762
1468
245
7053
2136
603
1613
734
607
803
1375
1787
2063
155
1141
225
130
187
636
1219
1063
635
2397
107
480
4657
142
584
176
191
326
1560
143
150
346
119
186
526
101
555
1350
1072
176
664
210
202
284
1628
426
110
558
3158
163
875
2395
1970
144
412
1084
3241
148
2756
166
419
1018
1231
120
1078
774
240
2432
1000
601
321
1862
4803
475
475
2347
449
n 50 k 4
723
4432
625
638
604
136
207
3006
551
7368
20124
191
195
458
161
434
301
179
1037
1284
2319
921
201
307
951
4052
195
654
2497
910
682
622
323
600
10412
647
3666
6474
176
703
192
6346
303
270
1070
2504
889
984
820
275
620
4357
255
143
165
314
8904
341
692
1500
673
243
5105
1489
4241
5548
399
381
687
756
423
10261
654
11155
682
23282
3242
10974
235
4174
3757
368
139
663
1980
568
385
4296
209
2480
362
2880
8871
3203
8591
1012
972
1233
11227
928
n 60 k 4
255
596
1654
3947
471
566
832
890
3062
7663
2404
7146
47209
265
2407
786
375
1388
443
1741
334
4508
1477
2448
30310
13260
1506
280
763
1686
5561
225
1722
2864
781
3891
230
478
16223
19333
944
1919
414
281
12101
1491
574
4002
313
1647
946
7531
1405
457
177
2362
548
268
6008
2032
830
1274
1416
6928
221
550
9550
571
6062
13093
12663
1284
1224
374
583
1746
1753
646
544
1569
833
285
3440
1189
661
779
19547
339
1098
15102
644
8136
11311
843
683
4158
1302
279
5377
290
n 70 k 4
1357
1154
734
1910
13860
11093
1044
1518
3632
13251
543
822
1171
1980
8522
1331
796
394
843
801
827
1218
208
1025
1927
1264
2316
20206
8151
1424
308
433
763
598
318
12318
2131
696
33822
915
6856
1201
12281
575
1004
2468
19348
249
2117
1310
1615
866
763
13287
35173
1060
18359
19581
772
8842
1222
18059
209
1143
2244
552
2383
221
906
2946
3055
525
368
760
1831
24124
1035
638
1297
1189
744
1081
835
1349
8955
8008
12096
387
12828
430
757
2554
321
706
1082
1799
1934
385
9731
9174
n 80 k 4
273
929
549
14422
48856
764
2655
71919
19856
1337
46216
992
12742
346
3209
1895
1274
1264
1417
734
641
1227
2529
3867
11119
7767
958
1449
19108
533
1161
930
1221
450
2090
1220
1783
7962
1472
1257
1897
789
3439
790
632
8753
18344
1625
9813
2079
1936
10596
723
1465
1322
2204
534
662
24691
1847
5617
534
951
9141
41337
1278
838
2135
776
32653
2213
1505
1174
4500
857
28346
4325
772
537
4113
6096
2137
2920
346
273
2305
564
1163
24211
1854
63797
2120
1096
13304
41048
10443
45377
36058
1082
1033
n 90 k 4
51806
1324
1187
1729
36523
1431
2258
1159
37255
738
9253
860
1717
1694
407
66119
655
6163
98589
951
984
900
4704
19078
1062
837
954
1665
907
8743
1631
291
41942
369
2474
2024
1475
1110
2107
36064
915
2398
5359
3047
1342
5839
3011
5614
668
2504
46262
349
11436
556
12004
50066
33649
14695
894
37402
1366
1022
1333
2443
10417
32068
1510
3390
42677
2548
1312
2494
1477
1093
69277
72085
1224
1343
1316
1142
1367
2906
3390
5893
3232
1304
2445
37809
23475
2004
37391
865
2569
1049
20635
2097
1108
1833
1605
76213
n 100 k 4
2091
593
1627
1717
1975
1005
12227
321
1321
19306
1100
6328
1878
19211
25342
1128
76320
6151
1061
175162
1142
1091
2075
1643
49467
20531
562
940
40531
807
478
707
9967
1792
7886
16618
788
1391
12310
24538
979
20806
1831
16587
2095
1017
1554
2307
20379
1162
14033
829
2097
1197
647
1803
389
8857
99732
1793
197193
5920
1186
3107
1372
42196
889
1528
3485
951
3519
3157
1456
15671
44183
775
1877
1518
800
1521
42430
46220
70773
39863
1749
57489
51212
2347
12061
2404
39001
2492
30899
1523
1272
1754
66209
832
834
572
n 20 k 5
512
2125
510
466
26
1207
613
1486
1037
62
1326
36
1265
379
478
171
541
53
543
504
25
579
1945
1062
983
68
994
42
45
112
50
137
80
1168
502
186
124
600
113
541
95
4347
1283
1179
1705
599
500
102
522
92
665
43
1140
135
92
199
489
984
81
1728
83
578
895
532
70
528
58
486
1423
71
104
56
519
1004
1856
80
28
1131
1162
495
516
65
55
87
1620
42
480
1366
143
46
516
517
59
321
78
73
762
533
30
491
n 30 k 5
99
496
65
93
2402
120
861
110
537
81
4365
115
744
142
2018
529
207
133
151
416
1503
1676
1689
471
97
175
41
133
168
53
135
109
157
513
1704
864
824
2450
1699
1645
110
260
2872
592
551
529
230
1732
1145
1825
145
141
216
681
497
167
3329
584
1789
363
296
92
98
640
157
554
1755
2232
140
1449
595
490
104
667
533
111
1658
158
129
3458
148
2312
293
1997
1420
1480
6693
141
3412
1353
100
250
2141
1644
107
257
799
2845
39
804
n 40 k 5
3110
5367
1091
243
11090
585
175
555
231
143
168
76
283
12424
274
703
719
4968
833
133
721
128
746
125
526
384
2368
636
813
1036
970
829
214
585
235
1439
394
564
2412
9201
159
153
104
236
24634
145
96
491
2738
145
608
164
605
88
5449
637
393
9146
94
667
844
112
3127
148
1170
2654
637
103
19681
577
1884
213
5628
82
833
606
108
844
381
926
417
785
748
286
572
84
1709
119
668
607
1022
1504
6547
250
191
539
712
572
2675
566
n 50 k 5
1794
644
1248
1441
293
792
545
234
1141
755
2607
661
847
822
1943
680
5174
43887
1182
8659
823
187
5385
1114
1271
68936
15315
484
389
888
14970
233
642
197
837
319
326
227
414
779
7426
858
10389
2185
1061
273
689
419
632
1202
705
269
235
1964
263
165
793
5183
543
232
1098
680
1092
253
1357
151
7338
552
744
17804
14050
1647
37878
10468
181
15570
917
629
2264
174
4380
2420
231
13073
668
1109
122
1949
1150
1985
1139
480
230
297
450
526
140
311
365
187
n 60 k 5
1253
737
1009
2133
287
9513
1372
943
1328
15274
32999
9793
268
695
82036
1633
1225
428
786
687
704
27923
60719
39475
13810
358
11433
3780
794
4137
386
35462
2103
1263
722
2627
949
1247
14686
410
10034
1849
191
727
32815
2371
52499
296
2163
4483
223
1933
181
315
1570
269
762
28901
4519
13184
1104
47056
1216
62359
8425
1758
26124
15521
407
1111
4146
58691
12823
16549
31825
749
658
166
1746
216
1699
1724
107269
48954
445
502
30392
47890
48485
792
62187
99674
1310
173
267
12681
18789
1367
727
40546
n 70 k 5
28161
583
78485
593
76989
967
108995
495
916
967
39078
1182
1181
1017
1226
1766
1727
855
1409
2064
791
2176
105006
59505
3998
2965
1848
1519
1253
18847
407
868
1174
929
13953
3189
28406
1214
1004
1714
932
1316
42458
939
21621
686
845
422
942
17725
686
1321
5756
1227
607
927
53032
309058
986
2533
195536
917
1638
969
1231
1597
2038
2030
10448
120649
67086
2038
299
5675
1496
2571
2416
589
1280
689
99111
22502
319
21849
411
404
1291
2513
474
14262
480
1151
1405
13436
1335
988
1965
20901
278
1268
n 80 k 5
149027
933
234665
1233
1976
1160
1463
82448
96180
1110
994
1291
1082
69274
768
1636
3046
2561
1636
146883
94265
15865
145257
801
55206
2865
47424
144909
2580
806
47848
1025
33665
75826
1083
70861
1684
173728
583
793
480
1716
1560
766
39162
994
613
13475
46531
2444
80625
699
94508
1322
532
95391
955
100469
1793
1149
2090
2214
34259
3056
651
1580
305
105219
1781
533
2098
103904
541562
487
1946
947
1435
864
179111
39139
442814
2436
1135
1388
127952
1450
1299
476
78779
156980
13580
746
44429
1913
1126
753
10071
329059
1218
350
n 90 k 5
2307
1807
252357
330662
6447
639
115111
917
327349
2786
7119
629
3156
3278
1305
22243
627
4014
2501
999
1457
566
52806
1130
2920
1549
1305
2131
1544
1464
1921
77446
35497
3230
1124
2476
2001
1657
1101
1378
3227
1503
385742
1244
196899
14308
1956
151456
83051
98970
1067
57474
72938
4918
1561
1101
819
59412
601
1987
57981
189320
7173
704
139733
459208
137916
1405
832
70093
1709
1345
2805
732
330818
1692
2688
35073
40225
191645
48544
10702
1177
465
17982
348216
866
57771
423059
2804
1366
2456
6024
4125
4419
271908
3282
128636
5833
20373
n 100 k 5
4917
2305
172290
2882
1507
57059
1939
1884
47784
3464
1576
24212
1776
131662
1617
7685
119857
2907
1488
286144
1312
1223393
1827
7431
889
495366
11006
398959
230952
1389
165088
1829
1424
2349
2379
2305
641
1388
395059
6010
1479
2202
53498
3063
3040
1038
298959
211900
4035
1627
103136
919769
41147
427445
698
2125
1638
309
267
1700
13404
22596
2956
2753
486
1027
854
23475
2932
1977
1479
910
259073
5583
1653
1492
2653
942
41750
2224
953
4636
1021
487442
2742
698
980
2985
4042
4471
5827
2138
503
797
343972
2429
2227
2911
1012
529107
n 20 k 6
22
56
1166
52
1098
1017
44
71
1058
434
1333
102
76
1038
505
1104
94
25
498
19
507
33
2055
536
992
75
526
799
1238
1780
61
532
35
479
506
81
529
63
483
576
52
688
16
41
52
1468
29
71
503
43
47
77
1287
538
80
80
54
56
118
50
570
587
519
530
36
1641
497
47
94
19
1124
87
37
53
23
76
493
54
1291
1119
62
1244
2038
1261
526
99
40
1702
2214
1333
602
28
48
37
487
75
74
551
484
1316
n 30 k 6
128
508
120
7256
123
508
548
661
334
162
125
69
76
148
2276
473
1929
3499
136
671
115
125
1723
66
554
222
91
98
56
2600
314
53
215
110
4489
447
2584
44
355
235
4441
536
3893
124
715
73
4211
56
913
751
7900
532
571
657
1289
97
59
433
178
6215
64
409
529
2754
2795
1018
832
1601
74
4422
220
469
1524
583
91
7460
536
998
582
609
135
2641
442
268
592
8544
6244
113
3394
2154
3636
1508
147
128
457
86
820
1013
464
482
n 40 k 6
1718
17741
7956
258
1235
156
6048
715
7181
272
6830
1940
555
155
601
5381
833
1331
1078
214
29529
6272
1290
575
982
10744
537
237
10398
9033
1222
602
23285
325
570
204
2981
40590
610
1136
249
1598
1706
6330
173
1056
146
13286
5651
159
1150
13457
9952
247
678
523
164
3056
17585
966
1566
137
647
4559
10201
1141
5140
529
233
20454
364
625
575
13792
333
583
111
564
3458
1575
548
622
643
187
570
620
621
118
6359
287
1111
721
677
6097
2551
1348
246
654
586
1294
n 50 k 6
40771
458
1176
933
1595
655
17198
67977
148
601
368
330
654
1413
81537
1664
710
1008
16094
630
587
1159
27630
205
1105
1170
1112
1461
1056
260
210
1150
614
1215
660
1126
13793
30865
94310
1147
492
654
2201
33540
1182
291
1013
589
1328
182
914
244
1078
1193
1176
597
609
1589
1690
818
720
814
1646
685
530
742
30795
248
1418
60384
40183
1393
1074
7401
232
843
545
679
305
625
1005
601
714
248
190
686
620
741
992
1347
631
502
82838
128
1471
813
1065
593
997
39142
n 60 k 6
997
94388
941
334
941
201
204040
1496
556
2751
567
59542
1347
695
826
662
19188
3056
66273
1627
34487
457118
278481
284245
110459
574
796
126795
1747
1128
793
1760
268
1986
1057
1089
1710
565
99239
839
1831
978
352
670
423254
939
746
665
46318
561
627
1063
625
338
11096
338
1221
1460
361238
42816
970
925
11671
29875
700
150487
1087
80175
988
160717
1224
1406
138239
1148
549
1966
1691
983
1608
1887
1540
176
765
15141
36758
260
203
226499
15658
596
666
673
230
42544
1895
941
1402
977
225
951
n 70 k 6
3237
638
823
1689
2398
2593
375
577
507
1078
387851
1226
1160
672
1225
677828
2713
1218
2342
290
857
448
1439
723
942
672
76979
706
1194
192671
203
1307
43716
444
504255
121686
718
1112
1233
767
953
534
398
251478
3020
858
786
862
372
1785
1113
556528
3076
1803
735
1450
2442
1800
1318
219555
323700
193
1609
2457
1260
89501
505
284
139393
17755
462
1601
762
1090
247753
727
2176
684
500100
2053
63031
853
2041
537140
675
724
655
453
426
908
75962
9008
332
58417
1613
746
411
876
767
167104
n 80 k 6
825
1192109
8264
879496
966
2199
1554
788
1569
737
1080651
1985
353
401
453110
2213
2153
1161
3761
1070
800
1840
2134
2381
6412
1543
1302
813
2361
32420
2554
314889
462173
883
1238
2279
1651
156544
1163811
1252
254818
1152
394455
1046
821379
2652
3463
776
2041
978
262232
429279
2480
2460
425126
696
1596
450938
1042
1861
485
879
1023570
2349
1643
5438
1606
263
1630
936
248008
680059
1684
965
215896
812
872531
514771
1414
1619
1589
1477
1296
668
1655
712
806
1296786
3510
905
495563
1519
1279
3921407
295184
1959
2130
2069
590748
435
n 90 k 6
57857
1716
1042254
1517
2185
227149
358897
1174
162292
142925
306
1721
882204
554418
2296
6775
2088
2922
4338
33590
807
2015
822
2911
204339
773
3123
1332
2839
609
1529
535
148693
1940
474489
4302
369962
1617
3463
1914
240073
761812
1128425
913
1523
1984
1360
2990
1429
2834
652654
865993
2157
268837
2114288
882
1829
2233
3230900
712734
513
2844
612283
946
3079
293686
3742271
486858
7324
1823
1532
1044
3115175
1000
1028190
3726
2398
2010
1064
937971
750
1505
1351
133352
513827
1820
1070
165367
9190
1328291
2663
813
480
926
836845
523131
2038530
956
518217
774
n 100 k 6
1156
1707
3359
1516
3557
2710
1648
741
3961218
8502
6000
1978
2598
2724
1869515
3716
123981
1129
8009
581
1690469
2298
1486
1624
2951
1062
1475
955528
1646
8193
1500
1764
2428
976
129436
1047871
5024562
1851681
2343
301377
2773
2473225
565892
525
1020
3416
2151
2434
1662
2262
2386
1587
3745
2302
2374
2103
1239
3877
3029216
1202855
6380935
2019
10906
795
1662
2483
776278
736
6810
1898
8481
1168
1803
4424
2149
968
2149
1931
5944
1029
2297
7187
2669
4928501
2707974
1241
8201
2363664
1158
621399
3709
396
1897
2291105
413949
1664
721236
1925
450
359490
