n 20 k 2
63
146
142
95
48
103
91
74
138
46
78
285
28
98
47
68
104
105
60
107
45
58
64
41
72
36
52
26
75
34
85
77
125
103
34
38
244
89
54
79
81
44
58
84
85
263
35
107
29
32
87
94
38
40
32
71
48
138
135
49
116
76
31
75
58
37
22
29
206
298
83
98
46
36
82
106
38
90
49
55
47
88
61
41
206
127
73
32
115
66
199
29
47
63
47
178
52
192
69
37
n 30 k 2
191
111
99
77
81
82
176
107
207
80
199
42
166
106
102
150
118
358
195
106
58
84
58
176
64
100
186
496
90
440
92
152
131
493
316
67
111
326
66
125
71
125
105
132
109
55
57
92
93
139
109
67
240
111
277
127
114
88
131
53
340
350
106
59
86
140
535
97
101
67
619
157
99
91
94
69
212
83
117
105
75
98
85
186
127
84
93
83
139
82
81
77
89
93
190
121
110
184
102
113
n 40 k 2
331
96
149
153
126
531
176
228
164
225
190
175
176
169
137
364
303
203
145
61
453
120
86
448
118
215
389
190
173
245
91
235
261
274
84
122
117
284
171
182
295
72
537
150
142
229
329
186
280
127
98
415
157
709
701
171
137
279
148
134
238
201
102
194
178
146
166
213
92
251
315
204
174
868
461
141
328
232
133
141
143
495
312
103
132
163
272
108
385
189
227
193
94
110
178
223
50
134
223
148
n 50 k 2
272
842
264
322
613
674
145
243
132
140
141
404
189
218
221
391
640
132
277
215
221
309
399
832
204
357
683
657
350
405
401
413
328
435
360
333
368
495
200
155
184
1256
165
227
328
393
107
138
147
770
517
396
410
499
268
278
165
250
345
205
353
151
172
204
233
291
278
139
507
247
302
591
141
274
741
118
275
241
801
416
129
630
449
143
647
112
164
168
228
338
188
162
281
160
314
187
230
373
177
1215
n 60 k 2
315
842
434
334
144
331
222
777
782
307
272
451
273
477
369
259
353
203
168
146
377
701
554
290
212
639
780
218
525
152
822
296
269
685
417
203
377
269
208
309
431
337
212
426
213
361
299
252
473
202
155
412
323
784
740
500
302
306
225
410
1168
344
1075
249
226
780
272
206
211
1029
308
298
1355
463
262
180
210
247
743
197
1036
914
467
161
291
411
821
388
174
238
404
236
1167
1017
237
199
480
478
335
866
n 70 k 2
375
368
675
267
406
576
234
675
620
466
289
822
446
987
929
376
195
375
284
429
843
1273
290
687
474
752
1822
374
779
388
1348
359
1249
610
542
1637
835
259
380
245
386
419
700
1201
371
328
595
298
254
435
1438
430
232
421
752
321
759
564
271
911
287
157
319
341
382
883
404
907
815
1281
203
361
952
1825
664
650
434
925
266
1117
452
1039
468
939
292
476
641
286
417
429
306
484
206
661
1873
358
945
530
301
286
n 80 k 2
494
542
697
940
351
435
685
346
657
793
881
458
561
422
709
254
1026
865
869
1122
538
444
525
351
515
262
1333
223
631
651
369
447
485
796
232
406
431
1222
896
2346
284
303
704
1329
875
852
290
733
375
484
864
457
537
336
836
387
495
1858
976
1095
573
2657
1164
2028
1168
317
606
328
364
442
1474
458
280
498
533
842
280
2891
688
1168
425
1457
373
412
276
512
852
1058
2461
852
1116
562
325
339
494
1015
501
312
341
426
n 90 k 2
509
926
923
631
583
2657
396
560
528
745
400
644
2867
890
873
454
635
545
820
1304
306
915
1309
576
897
680
836
1151
1230
1282
1323
2658
2906
808
460
842
406
626
438
747
774
240
929
1661
517
1489
368
969
526
618
591
1429
1012
1045
445
603
436
479
423
704
793
687
262
1313
470
450
765
342
340
438
1315
528
498
713
582
612
381
330
667
716
299
329
501
661
499
1727
673
297
631
278
830
340
3172
1845
1225
627
546
2226
948
568
n 100 k 2
1293
922
818
850
1036
412
377
836
476
1062
750
544
509
1020
683
407
1187
559
803
475
394
1036
473
561
463
518
1114
522
623
425
776
671
890
978
2880
937
1992
531
1131
498
873
704
735
315
1334
776
935
589
1759
347
605
418
499
385
1305
537
1703
1085
1274
599
727
863
1019
1705
768
3681
763
850
713
418
396
2378
1083
728
458
573
938
1146
612
867
734
383
481
1386
966
1338
401
1629
947
1180
388
565
901
633
433
567
1469
1900
596
1517
n 20 k 3
413
86
67
127
153
218
536
61
505
508
106
62
556
82
155
61
205
214
168
44
66
29
481
100
79
1178
559
72
89
104
880
271
999
31
68
43
60
35
149
131
73
98
64
60
51
108
33
98
555
146
77
300
30
59
32
911
685
83
69
101
83
127
342
24
86
29
535
56
26
501
51
49
59
60
173
78
64
175
116
28
131
117
64
478
526
61
123
99
568
510
155
662
60
64
542
268
47
365
77
105
n 30 k 3
164
1243
531
91
734
476
230
493
264
73
113
125
117
66
106
1066
738
655
1740
120
121
272
433
68
114
147
293
126
124
709
80
993
199
387
675
139
1105
740
107
1340
745
146
219
634
365
160
146
298
434
602
30
362
707
888
535
629
521
117
90
731
406
73
72
729
1209
73
609
81
502
627
100
135
77
123
70
77
206
67
582
1027
88
139
190
111
64
542
242
134
384
93
554
159
243
260
125
109
99
1051
406
72
n 40 k 3
510
416
137
287
427
565
1936
1836
139
184
2067
369
1741
80
1156
1000
404
559
199
316
161
152
244
1479
316
602
342
130
567
171
848
226
1301
260
129
479
753
534
98
184
211
201
286
122
560
192
2987
161
360
1704
1677
556
175
601
638
933
1064
1126
452
356
1117
1020
656
176
239
706
264
785
161
123
1887
452
583
1574
364
1216
1911
657
162
655
642
571
259
406
423
1069
117
295
132
301
364
407
559
144
177
1137
112
456
1019
663
n 50 k 3
293
285
620
1040
2867
1309
211
202
197
2085
627
655
265
3023
1545
881
624
340
1495
2800
323
1452
200
184
1368
530
689
241
1518
836
510
257
692
271
288
180
819
1347
168
1155
335
428
614
726
507
2782
167
344
385
389
922
143
256
371
1818
2409
299
209
843
932
472
860
531
1961
924
453
1623
199
777
237
796
572
2069
568
632
343
161
1127
655
100
2846
283
219
858
276
656
1779
1252
2158
265
160
5437
1065
1637
158
671
196
197
327
765
n 60 k 3
461
501
288
293
572
288
436
958
403
2077
351
587
302
1113
548
822
174
280
474
257
724
3355
1087
754
1295
272
1026
973
1858
345
2351
799
2889
1222
2527
1954
511
2797
581
330
9788
941
4982
466
424
1896
2758
311
285
2459
1156
299
2465
3773
680
1370
560
920
5527
1055
496
1367
346
196
492
410
359
1181
1516
2209
2406
285
1810
969
307
339
443
307
1758
384
1828
329
714
1272
273
1391
665
639
2314
269
821
2520
934
277
201
345
4375
1688
3452
674
n 70 k 3
1317
1134
290
712
1653
346
307
1452
4513
306
446
594
627
492
543
314
846
969
642
2621
1219
1673
722
587
2665
1229
2168
847
2199
920
7178
717
716
1120
434
3278
403
832
848
897
431
2053
1054
1062
6105
387
2975
522
1093
2980
875
2081
614
393
882
1085
525
597
444
536
729
301
1953
844
409
877
3421
2063
990
649
407
1308
3716
1985
421
373
4898
790
1696
423
606
4565
327
1046
2811
491
328
720
5245
553
699
1118
470
717
3013
300
214
1643
4001
1355
n 80 k 3
5810
400
355
808
427
736
1622
767
433
6316
618
798
1639
2702
5125
1157
612
1306
864
418
1501
3585
3145
324
3602
1051
1207
968
1084
374
1958
512
736
6266
473
1060
11779
1082
791
2108
1491
3980
3861
5465
1828
1323
564
3829
724
26706
933
402
1400
3383
1116
704
1884
4372
2140
670
612
331
15071
3837
841
1271
4555
339
1636
4458
437
1437
3678
653
1563
701
620
1440
1132
298
882
778
371
729
2216
809
3477
3821
2850
1322
281
1500
6198
1457
3892
1096
745
957
2928
2910
n 90 k 3
363
4122
965
462
9245
1211
7596
405
1158
1377
2132
766
1474
16383
14812
5222
4890
2241
707
1775
574
1218
1039
1226
803
655
4396
957
2579
2489
5158
1328
1872
6034
838
1095
522
2944
1926
353
8506
1401
1013
6391
370
1414
313
895
819
4432
5064
2359
530
3805
3655
1273
7472
7422
1077
2065
1203
1129
7478
858
841
876
819
6361
1132
536
3086
549
6750
480
2837
544
5604
2141
4647
805
870
1117
1308
493
7113
582
781
3666
1091
9006
5164
15099
5417
1034
898
6220
376
3589
2248
1034
n 100 k 3
5051
1655
3023
420
21271
1517
4766
2526
8294
1181
1520
8237
757
10840
3432
24020
717
1466
1203
431
1364
8492
539
5986
1766
2415
2312
554
1803
464
1460
6948
663
5502
9284
8565
470
21297
1109
18776
6020
6687
12088
1275
1372
4762
9674
2722
615
14273
3136
9977
1607
1148
8683
651
37984
507
8310
1532
1251
542
1004
1663
2737
1935
6571
3702
2522
1674
701
5871
667
1618
1556
1710
2059
13099
10507
586
1468
3922
5512
3995
1668
471
1385
710
2102
5772
6313
15087
6388
1002
1266
1112
560
1970
2167
711
n 20 k 4
522
130
999
35
44
38
143
494
71
65
50
30
494
722
511
50
99
187
1206
521
498
1168
72
933
543
54
89
79
54
43
55
10
518
290
78
493
482
30
479
109
96
554
60
508
48
191
94
1539
100
477
80
885
55
36
106
28
504
1489
21
53
577
1019
505
68
267
622
102
76
536
67
1276
500
63
487
89
118
121
495
126
1175
91
62
34
77
493
69
44
441
820
114
85
292
820
1081
529
31
19
33
1056
30
n 30 k 4
148
511
66
93
101
580
1420
825
301
548
519
81
211
75
1438
97
2536
710
265
580
164
2008
54
59
662
79
515
157
87
844
671
123
128
161
127
76
546
614
1248
136
722
759
1975
172
138
133
1725
307
99
620
312
104
128
298
101
1226
107
600
483
514
1046
607
680
146
519
697
98
1775
180
669
169
48
65
1623
199
569
1303
1919
867
147
682
986
1255
679
662
85
123
2005
102
1557
619
631
111
145
1848
334
573
117
147
93
n 40 k 4
1010
159
2959
2428
115
1218
651
127
618
2750
186
576
7063
315
210
422
793
1626
349
100
98
587
409
676
4351
1456
407
1307
1594
6962
6842
120
577
6483
1639
1193
661
3714
529
770
407
3028
4813
149
1406
527
2097
598
9305
292
211
80
341
3234
673
111
2485
1042
273
2733
178
347
833
3059
2860
586
117
2760
70
803
487
1104
591
1564
268
2174
306
408
781
700
103
288
682
170
910
3415
496
158
147
4289
1861
1722
600
1156
2056
193
2274
1063
713
3870
n 50 k 4
2694
5426
1762
203
177
4787
243
192
6892
511
723
3489
1558
240
991
1010
2541
4627
1033
2515
957
283
481
6485
634
407
1303
1303
1121
653
239
1179
1158
4493
534
1498
3729
318
563
313
1237
5105
805
1569
5811
2166
8632
163
651
288
250
1113
4552
785
2271
609
523
4775
614
653
1367
1109
942
9261
699
7579
337
153
1459
3763
1209
585
346
805
259
524
393
638
2451
179
905
1161
959
630
587
1282
394
369
150
306
1331
3786
2313
737
1020
185
2006
1557
522
1500
n 60 k 4
552
5233
2641
4913
750
215
1265
9743
1748
1725
238
6295
366
205
926
1156
12413
4789
3144
28603
576
283
1052
2132
676
601
582
6293
9183
1363
284
31074
410
336
2950
5874
8806
5487
343
403
49017
722
3386
652
8872
1076
719
1119
6312
1674
29392
333
203
286
369
4863
6660
7465
686
202
365
266
910
1491
1395
17292
1790
267
199
510
279
929
1133
324
1027
677
14797
694
759
1206
2214
888
231
422
1249
840
284
1689
1864
257
7838
616
741
1029
2268
450
2574
295
3018
6240
n 70 k 4
5410
19740
989
11152
2650
705
8872
1275
1671
9342
7410
1833
1496
913
1914
30643
713
3528
1880
20563
15454
508
8546
674
1881
7410
773
9744
2056
1110
1337
953
1314
5026
435
19037
937
505
10088
9138
1249
888
23043
2612
8156
5575
20118
788
1666
737
262
1100
330
2056
1488
1135
12637
1338
476
730
1139
941
7189
8049
30276
1047
8360
17385
9593
424
20065
8150
27663
15136
4282
3389
3183
4061
606
1705
1180
11370
12430
26009
38394
4971
396
1656
14738
1357
735
1100
1688
23291
1357
2214
328
1887
1514
783
n 80 k 4
108951
948
1798
1497
1113
2288
1644
611
8224
47629
537
440
3776
10094
46648
876
12256
388
57505
470
10658
41173
657
2752
73752
1026
4605
72054
4717
2676
789
6903
764
713
41645
804
484
6390
49189
18180
10340
1157
11390
1095
9865
33596
12275
69896
1322
3607
18362
469
781
2935
1274
1329
3942
631
1247
37084
1137
7030
1083
2274
31276
1887
27922
10328
3859
848
1056
1414
823
1658
2700
364
1062
41570
53576
3605
400
2724
1342
277
3007
1835
8805
1859
556
1549
307
49001
1010
240
1055
26767
39647
2002
921
25246
n 90 k 4
5103
2028
106210
1868
788
16495
614
1738
1558
432
1308
11047
567
627
1137
31506
17925
1658
27796
56823
913
480
49834
12134
599
1860
1078
37037
2640
754
2276
2127
636
776
818
14021
12420
1373
5195
5308
1801
1095
8042
1481
1658
1229
8854
1369
81036
1900
25669
58720
4181
972
1472
1509
5403
5645
882
1003
3606
17235
1275
1478
98436
1599
1234
1972
1273
2227
1057
105980
47007
69655
44794
2026
10718
22824
78976
1390
496
392
968
2177
908
712
977
9589
19180
1507
2319
2905
408
23080
559
7454
16211
32976
5410
33222
n 100 k 4
5855
3023
1443
5809
1517
27635
1892
8199
1044
90066
36449
33288
2093
1315
1651
1214
2932
60614
2092
1921
10497
79843
1189
1470
67103
125008
104058
737
13001
14663
1136
61021
1726
1827
69620
1559
1764
1542
1937
24789
1210
1501
5560
16125
1525
1291
754
1473
598
1173
501
99591
21061
1454
1825
2216
1925
1392
1763
6594
7890
37167
31167
10119
1625
186732
57785
2168
23011
1431
11588
80302
2533
1727
4175
69042
51499
1059
2021
398
964
68314
28061
1114
15962
8805
35049
2128
1462
29071
86117
96505
31469
160708
59109
2767
88411
35716
18441
2140
n 20 k 5
147
85
1143
495
1195
26
52
1918
512
36
55
400
994
54
48
549
513
56
802
1755
81
537
498
68
1152
544
494
504
1698
40
508
538
549
42
501
1105
115
513
105
28
122
94
30
1102
22
80
66
563
38
348
75
485
558
498
965
51
591
36
58
1094
52
521
946
489
657
55
1393
23
999
529
495
101
499
39
199
62
486
49
50
565
1149
71
47
501
1065
512
123
1387
216
857
539
928
56
1022
182
1042
42
64
113
67
n 30 k 5
4549
576
1533
1938
72
79
82
985
1505
2687
672
2645
98
554
4500
588
52
1024
635
2947
79
340
256
179
144
79
2263
260
4086
2931
3353
4261
94
63
568
1006
2177
1052
116
650
105
249
1287
104
801
97
460
3882
617
569
72
123
2480
2059
190
247
103
1694
1186
2555
184
629
738
159
4556
99
530
242
2132
517
186
5622
1228
1712
234
182
3343
2530
1157
2942
1155
1206
2056
868
267
1501
225
9049
112
49
1410
545
650
531
85
192
123
741
212
318
n 40 k 5
106
141
5770
638
1049
581
645
160
1854
125
3839
130
77
6596
474
1009
7193
1906
637
6279
639
4451
1045
185
674
716
603
278
5032
4256
9132
5058
394
689
1063
204
2716
278
6277
144
297
618
146
623
594
8486
2285
131
737
515
2938
2084
290
614
605
571
1206
524
1998
946
5416
3708
689
12022
250
578
6653
667
7300
573
121
590
84
654
181
452
8598
71
725
1026
1066
15288
18423
169
3038
10773
1028
463
668
7607
5206
436
1695
9291
96
720
621
522
1561
330
n 50 k 5
887
207
6433
2398
109
186
797
728
1198
326
504
12455
16606
33559
239
59051
1370
359
707
1216
1514
6153
1187
205
1130
2955
1698
1396
473
1444
695
3556
1078
5052
6318
10392
4113
1820
278
20253
678
880
18325
1471
578
453
102
794
831
855
158
1325
128
684
9863
1324
752
589
831
604
624
251
885
194
1235
2142
430
176
1757
593
175
47944
1914
579
3719
1237
1259
221
1116
2667
706
1474
1840
186
507
2040
31020
1545
686
1290
650
698
651
35998
645
942
986
263
1133
1513
n 60 k 5
295
40144
957
1537
601
78511
2254
1191
325
1734
659
5023
132166
271
1520
431
1359
9987
1469
1937
328
22390
436
877
394
399
616
359
58305
1473
958
8013
20041
7140
994
18271
27792
35322
321
22058
556
911
269
793
231
20065
670
69593
387
364
2162
682
10482
1251
384
648
1854
1917
28661
269
12941
28392
936
840
31531
122956
864
42938
1738
1741
552
1292
1204
527
1655
44053
358
694
28235
1339
243
1707
2468
15141
3602
1355
793
9012
732
1158
397
1414
2263
6630
381
710
419
17340
22433
1474
n 70 k 5
1075
781
2155
217
111
801
775
248
619
1231
2593
1757
265
1422
403
760
33030
1834
1524
2146
15495
30424
2666
5638
715
1179
622
64551
1301
897
1399
748
1357
866
877
16244
1202
1436
21994
933
51002
388
9510
35616
829
852
1273
854
62520
74538
33593
53788
907
63025
366
836
1812
1023
1641
1201
2690
1192
3316
56752
45261
38859
851
908
1261
851
2934
102828
85490
474398
205436
1183
2606
300035
2269
2138
787
48812
136196
95772
2549
2443
763
793
1545
1551
35538
2695
22090
17285
144756
47500
17050
3258
9329
789
n 80 k 5
1764
1513
1158
1995
601
1040
28493
671
427344
794
1808
958
260805
242743
7570
271417
386
1136
1863
982
1849
1533
44297
296819
2375
122493
1294
1456
115038
1451
326
93185
2190
85076
46617
1790
4747
307
2110
210573
180292
67720
1729
1147
39611
590
19175
2123
1372
1068
118733
295
471
74633
2078
81686
114410
1918
5336
628
1691
768
1133
1041
2818
1379
1269
1188
425139
1387
496
1713
2421
2267
1336
858
711
1501
2372
339296
1526
34219
567
13463
23106
136270
1356
178341
783
1746
10518
364
900
66572
1655
766
1033
11699
4437
100272
n 90 k 5
279239
1801
1714
546
99742
1376
2079
168602
3939
1420
3425
1661
215619
1846
928
2617
1780
33684
1202
2237
73051
3526
461
165942
1902
1392
61574
126611
4203
3612
567
79754
2271
960
130052
1302
182108
10904
1813
1484
1462
3424
1552
945
2276
933
40742
3243
12533
1983
4832
123650
58033
2177
1965
1384
134294
1264
780
301599
1414
1043
2030
1297
1905
1374
1006
2719
3009
895
6008
68653
2947
1566
2432
2429
81211
1653
75752
1635
1020
249647
330100
1738
1376
165210
1393
119468
1457
1837
303152
863
786
58554
3874
3857
1979
32670
1690
156775
n 100 k 5
1483
2943
1074
343918
83844
3899
2218
36232
321402
227446
3579
5326
969889
5037
947
75259
2136
520
2763
23737
2696
1330
1755
46356
5337
846
14341
541529
294591
2183
449056
7167
12261
5786
2477
7808
1514
1438
1234
2036
322242
1204
2024
629
1709
2079
201191
1398
1071
2558
161141
294112
1514
4939
156827
2152
1652
2534
1676
7269
5075
2398
2110
1721
71720
87359
420371
1290
335706
1587
1499
772738
1563
1489
4475
293323
3884
122328
2030
2066
1947
68486
1843
436918
901
208645
972
1009
1928
2566
106549
69877
2348
763
2922
659
3347
1780
2031
1475
n 20 k 6
587
43
1676
109
1086
73
48
86
1214
2022
536
57
89
112
493
324
507
1263
508
1405
492
64
1914
1656
1918
62
89
56
1282
567
1148
502
564
2984
1668
494
42
550
1003
1320
1013
524
58
3159
1768
504
970
513
489
89
940
926
483
1629
33
507
528
68
479
76
1599
1517
37
522
501
909
43
41
74
37
493
38
1080
68
496
116
565
88
44
527
532
37
486
260
1187
96
485
1459
49
47
37
620
51
1122
531
43
63
131
76
1238
n 30 k 6
87
83
256
573
560
532
3673
3128
10110
858
3572
3606
94
8203
129
73
928
335
80
60
8604
155
102
180
8765
1083
99
57
2246
1023
1379
1032
208
514
127
123
146
604
51
301
147
466
532
88
798
227
6397
4394
11079
10293
99
3321
179
1063
263
504
180
125
429
538
184
370
2319
14161
248
4044
1628
561
107
7914
705
206
243
406
79
66
705
366
4404
163
604
178
425
121
513
573
537
1800
797
88
199
43
91
49
603
399
538
95
6764
70
n 40 k 6
8111
1986
1020
1087
554
253
275
592
3763
205
539
4050
18739
111
584
833
763
141
195
1632
1219
612
682
320
118
5562
386
9956
275
282
7591
993
641
35279
1079
70
115
1086
2349
534
676
7826
323
1698
280
90
50919
86
2728
13511
135
586
669
179
941
115
1127
576
127
10657
161
323
596
216
169
767
540
1442
2583
793
1127
1625
128
134
19377
233
560
1466
140
691
15913
153
203
6662
833
1099
999
709
140
6524
805
17879
850
1983
263
1012
664
1183
591
197
n 50 k 6
139
146
690
357
753
683
1671
446
166
856
4050
253
1191
591
785
1205
550
693
22253
44058
115329
1637
357
322
6814
335
404
817
49640
7142
10875
817
316
1141
613
9750
200
506
249
679
372
253
743
237
635
354
1044
188
2315
27143
17716
1222
257
137
44482
615
188
1308
158
158
3345
599
1923
360
624
60910
8112
1614
52709
26611
1023
38543
4520
13326
1720
100799
716
611
136
4811
3194
7787
14443
715
683
201
257
554
41018
1097
4596
553
637
63244
28190
192
130135
20614
229
645
n 60 k 6
440092
422
223
13413
154610
1731
1987
11521
206511
116492
1061
63433
990
26770
108049
1251
175
118
399
290
13136
2067
221
22587
190187
1567
226
877
541
681
631
32735
87900
770
297053
30652
12282
2473
116066
224
707
1056
772
1806
1823
72219
676
760
111573
226
417
1566
105547
1062
1340
1032
1116
1382
711
1170
69725
1845
913
1681
1018
139011
764
2121
1562
270
155715
1410
1769
94151
1424
469
905
1333
627
229
646
1777
33740
881
774
31262
1028
489
234
68408
480
2456
127254
1685
32667
182790
1966
17798
228
216
n 70 k 6
904
1716
618
268
37961
8837
1133
2707
1704
137415
366353
484181
473
1966
1440
1112
721
244
1363
2423
1486
281
832
1258
269020
1779
1072
161685
1258
827
8646
255088
69941
706
672
1351
2629
827
1467
465998
1295
1225
1101
388
85048
1843
196177
1046
695
1066
212974
857
1494
277
173796
992272
749
256
2251
1949
511389
2067
754
920
1610
1023
1844
1541
1179
2786
142728
428
337166
907
1631
1861
81305
2192
846
1247
487
1189
2149
590
2003
2726
453
1491
115901
73076
2536
1127
41289
935
1171
683
791
808
218626
366
n 80 k 6
2486
2139
4130
552689
4209
1201
1116130
1647
2193842
763
1679
211890
162870
1935
1533
5552
1646
908
4994
1555
251776
749
2369
2398
1243
1015
562
248
1489
2485
4718
2366
1734
970
1630285
1691
2709
812
919
4913
320
193142
3242
1085
6583
838
842
2193
176002
879870
721
2043
3975
238168
1534
1958
1350
783
34513
1765
1553
4332
1422
2703
1171471
880
1029
897
452105
2559
583
1002
571
2960
601014
953152
1773
250080
5410
2317
1693
2932
3427
2195
831
346
809071
1244
387802
199395
873
1036
1057
80759
66852
688
3141
3217
2123
1430
n 90 k 6
379649
947
67350
743
3363081
705165
10967
3021
3912
3527
5450
1292
1799
1702
3143
1539730
467
1696
2326
421
2009
881867
1041170
186810
466383
1314
1314
3039
1087
776
2440
2899492
1260
1502
1961
1630
645916
786
3767
1261
947385
2368
1886407
5552
5090
3334
5830
1182
188378
1508648
1417135
4188
2165
2708
427
1741
2673
578
2966960
1777
1359
145690
337077
1266694
1757
392294
1477902
2204
1107
1932
2155
1620
709152
1132
1876
938
1030153
384582
2667
2121
3057
1549
2299
404549
2064
1481
2575782
2756
1637
1491
3246
3587
1414
2011
116347
1076236
941
2045
919
1837
n 100 k 6
9060
1501
1406
1950074
3265
7754
1670
23953
370060
637151
1528
4934
866556
2399
1399
5079549
3001
2685651
13377
1177964
2592
188836
6489
8321
4020473
3426
991
1302
1007
2198
4063
1101
971
756122
3720002
2771
3554
2258806
1177
2409227
1935338
2084
2628502
168046
1400
1643
5540190
936647
2806837
2085561
3283667
5991
1361
1600
255074
2321078
4542
504393
2605
609855
2197
1991557
8748
1395
2358
3768872
1232232
1166
3227
1927
2574
478033
2737
879
2835360
5351
220594
1521
620763
1033
13610
1142
2038
2285
800
2485
2678364
2247847
1696186
1527062
2098
1458
3659
1913
1174
1590
449
17214
2402
2632
