n 20 k 2
321
49
124
271
61
58
49
44
110
242
143
249
234
54
179
59
291
154
97
204
78
184
82
219
128
75
51
117
166
229
61
66
171
55
111
97
44
182
303
77
71
472
171
227
83
88
73
82
178
276
121
92
102
188
113
185
38
49
102
248
171
41
62
196
268
263
88
105
64
87
141
94
339
64
106
110
32
90
86
242
100
58
243
109
220
142
195
92
130
187
68
88
137
38
178
161
131
189
97
98
n 30 k 2
120
48
295
388
214
97
328
317
450
424
422
209
155
171
149
468
109
121
167
541
76
596
106
140
430
288
240
131
659
152
91
544
95
295
760
193
118
203
1185
369
289
349
414
129
196
303
355
227
235
311
248
357
46
119
222
458
203
118
92
193
323
325
368
134
271
137
159
281
304
334
250
246
45
387
248
191
589
193
458
203
445
137
167
255
285
151
298
327
151
523
247
501
140
349
177
256
447
174
945
138
n 40 k 2
295
764
429
1019
244
155
130
454
571
479
883
264
257
283
1355
514
234
266
271
585
111
456
200
425
140
240
254
618
321
296
792
1687
768
676
445
730
191
379
202
326
269
245
279
202
282
220
716
297
1151
240
718
1483
164
488
157
706
170
825
780
169
628
424
108
581
314
217
224
552
691
265
504
379
761
221
565
642
365
494
457
442
649
162
696
553
530
179
385
1269
715
170
355
333
234
456
690
365
425
515
369
846
n 50 k 2
844
486
430
858
714
613
393
905
727
424
965
582
438
1454
425
499
736
921
963
613
903
759
538
218
1230
383
288
422
989
1250
402
467
381
1109
888
608
440
862
2696
1555
728
421
1194
473
338
1869
704
977
521
235
314
364
939
203
681
394
1130
262
742
221
406
375
824
354
1419
1204
1283
1238
195
405
998
398
1705
533
1039
815
747
243
386
1306
675
891
521
1100
584
442
646
884
936
362
787
177
548
416
337
326
344
679
1052
835
n 60 k 2
1692
1123
396
2108
751
656
727
658
596
3602
316
479
263
236
2649
1475
2744
1387
1556
1141
1310
1911
977
724
988
481
573
508
2162
1019
944
661
460
251
477
1900
323
703
786
1407
2115
1147
437
1717
847
145
2359
832
823
672
514
1434
649
1612
1678
1902
551
927
568
1417
300
228
810
599
1065
952
534
663
1308
2211
666
991
1259
291
359
1532
576
1215
2309
2093
655
1141
893
1593
1852
438
541
730
575
1611
785
1372
2237
953
666
892
675
557
779
684
n 70 k 2
3282
796
870
1220
350
999
1604
896
863
1322
364
948
1645
2454
1017
486
812
1605
2651
728
1501
1197
1068
960
627
2717
3978
740
5879
648
2094
2261
687
880
784
429
779
1208
2937
577
936
1923
596
543
6950
1721
757
1133
1658
1495
1541
3453
1079
3722
1337
1030
1106
879
1900
532
618
3062
2704
385
1791
3313
387
2044
1122
811
874
417
1403
817
868
2016
1792
1810
2217
1055
930
1110
2449
608
549
1230
666
1067
2468
524
1339
474
4200
1280
2139
1174
1591
1139
1085
3134
n 80 k 2
1134
1164
572
2017
3298
738
850
1853
1039
1056
1494
1381
1633
1367
2567
1589
1308
1098
2318
1378
2489
1990
1328
819
1645
929
521
1545
883
1207
5708
980
1973
4784
752
1269
1884
2899
2287
536
1144
1035
800
1850
2679
3917
7822
1792
4939
1508
1152
1210
757
3202
1892
3679
3699
475
1262
632
1132
1597
2054
777
1833
663
2403
1729
3844
2819
1122
2407
1535
1020
653
881
1711
3591
2006
667
1115
1189
1934
4852
675
622
3517
2406
1328
634
838
1017
2566
1420
5381
1923
459
2593
1599
1475
n 90 k 2
735
1473
2016
3797
1326
2234
5758
3417
2404
2216
1589
2015
2399
1271
1148
675
1552
4563
1547
1198
3695
1322
1387
822
2268
1209
2294
3112
1294
840
2356
3318
1138
3091
1436
2000
1294
1402
1731
1081
1895
3163
1045
2507
1661
1527
1272
2003
5272
752
1644
4531
2179
3591
1010
4892
1106
9789
901
555
2272
1491
1018
762
1047
4866
3081
955
1748
1206
805
646
2639
1476
3716
4713
2614
2120
2476
4110
2539
1251
2894
1281
4660
1867
2071
1745
1672
1776
3254
6770
875
1803
3721
672
2057
1957
1643
1901
n 100 k 2
1581
3031
5625
1729
1307
6118
3889
717
2659
2411
4467
834
1666
1678
8746
1313
2674
2511
5250
1050
1154
755
2904
1651
2021
685
1099
6454
2276
1197
1498
7329
2040
2679
3369
2051
5544
2964
2046
2349
2671
4804
961
799
2102
1285
1037
7453
2724
2482
2389
1353
796
3197
3687
5844
2682
893
2321
2761
2223
1262
6650
2122
468
3939
1038
2739
3581
2231
2240
1222
5013
2927
1873
1090
2825
4598
1926
8998
2284
1797
1808
2835
1115
873
830
1324
2887
8022
1082
1156
548
3424
1274
1235
4737
2080
2042
7592
n 20 k 3
280
391
225
146
88
88
96
49
88
1167
335
438
426
125
203
1072
288
549
149
241
76
78
51
110
114
138
139
157
81
131
145
113
293
49
136
189
116
259
242
432
166
60
221
661
117
335
125
101
76
62
424
55
470
229
218
351
390
95
442
360
70
119
416
373
121
202
128
58
84
217
115
203
612
225
446
160
57
229
619
198
253
286
962
229
87
1272
53
245
81
470
580
132
994
209
49
119
127
50
195
279
n 30 k 3
186
166
1104
1214
177
269
531
748
837
544
483
306
272
2262
450
3195
382
795
1656
662
435
211
232
1438
708
1207
1143
1524
2802
2124
705
366
111
358
126
337
506
1547
1140
1938
2045
316
859
241
626
466
827
2427
1852
100
677
60
235
424
346
1007
1539
1671
86
845
446
140
191
113
719
1342
714
746
3041
770
3302
1109
791
1787
378
331
482
1700
129
138
374
1780
1321
56
489
969
790
456
197
1234
785
107
167
275
79
288
1849
121
442
47
n 40 k 3
6410
483
4244
2340
2054
274
3781
6575
2053
1045
1368
748
4915
4635
861
2954
3518
3833
209
733
5317
1015
3184
746
664
1788
991
2919
6986
521
1326
1890
1794
1425
1932
1479
654
3319
1051
1045
4087
3688
2503
1333
461
906
4509
417
1464
397
488
6260
3565
606
2411
2377
737
2193
2968
911
687
122
2819
192
562
1030
538
1347
1136
2847
2193
732
5386
353
5523
2297
534
1034
315
3923
1269
1828
3494
535
2627
3053
250
848
3788
203
1363
1406
1026
1996
3240
378
1034
1759
1902
4491
n 50 k 3
910
1781
1824
3596
10694
2039
2875
3999
6543
2057
5206
849
673
4056
1958
3139
3269
7257
9675
1197
1454
2616
1674
1397
2702
1906
4545
1601
9254
8199
696
370
5542
4060
8416
2510
605
1441
1465
4306
1461
3418
3253
1085
1253
976
2145
5014
3058
3004
407
1155
7964
1391
1310
2676
4600
956
2132
4693
6449
2548
1396
2163
3519
693
2692
3083
2211
9138
291
1195
1951
937
4685
3191
2714
432
2513
6409
780
5793
15522
2075
2291
2309
1343
7645
2388
596
2005
1595
2343
8459
1649
5837
4598
4716
1286
335
n 60 k 3
3586
11175
2325
1115
711
3526
25621
1906
1949
7273
706
2168
2864
7750
384
11040
8099
9697
1140
2805
11600
2685
12680
7501
3532
712
15539
5926
704
3604
6275
11616
2171
9146
4366
9453
15250
2449
5410
3210
822
4803
5056
5057
4081
2554
5224
3752
7021
4838
1814
2536
6292
1931
1034
4726
7676
335
8420
8222
20572
1451
9593
4239
32179
1925
1757
526
2574
6196
2216
5859
1910
6193
10738
18060
1264
7567
657
17531
277
6636
2487
7424
1321
2491
1478
3364
1201
1895
14003
1655
5523
1714
4475
4291
2790
3380
18492
1280
n 70 k 3
22457
3314
26363
665
3777
25037
6804
3908
1552
7208
666
8078
18179
25618
10482
4866
6470
16980
4471
12529
9801
3208
6933
9054
7726
13360
9307
16175
13737
1008
5082
10719
10296
1428
14455
3049
13444
2182
3166
2760
37687
1367
3817
2164
15298
4125
919
1682
23029
3706
15923
13042
5514
15212
21405
8897
26211
2378
8118
1361
3594
18208
3266
1768
5267
9036
6207
14632
15586
4011
1647
3350
3465
9952
9740
2216
4122
4472
13292
791
8809
6068
7016
8801
17665
5863
7896
829
7214
30742
16429
7527
5671
8824
8499
801
7399
23071
1912
1667
n 80 k 3
6823
1405
2265
3144
21454
50442
26006
39024
3050
19198
8555
30014
5591
3447
1634
4629
3033
27080
8517
3076
6773
14490
5679
19798
2656
19571
9790
7534
15383
9315
6122
20894
5304
2001
12350
7119
55807
1223
4700
7433
4604
8375
17514
13120
11736
15120
11174
5809
923
37987
10758
28747
4464
50025
16690
12606
4545
9326
9657
5588
4122
6097
4429
13425
18176
2365
29770
2667
20669
22593
22070
9909
12740
17902
2903
13542
14420
3415
13301
6896
41074
14133
13130
4514
17945
1637
37545
5036
42881
42284
3528
9874
14568
19702
2469
9023
8397
19595
5894
19164
n 90 k 3
4750
29815
16703
4136
8578
15273
18411
38082
10923
2827
8783
2316
31362
42258
1996
5037
55997
647
4434
25734
3567
4377
6974
36216
762
3547
81775
2795
7643
3946
6232
53928
10895
23462
13774
18023
15584
8333
45152
15958
9723
59084
16021
41732
13160
7908
20240
3604
7606
37341
16130
29948
2749
52789
51292
6605
8580
23718
4254
1206
51702
4864
60731
13808
56237
13102
20084
47040
6430
4863
31385
13229
4012
45172
10733
4772
7681
1640
24684
22106
10754
4485
2218
29235
11017
12568
10408
46227
13793
6044
6701
8051
18966
4764
21233
6835
15065
7554
4739
20504
n 100 k 3
4892
103067
59537
17393
30159
25178
38780
39441
25720
15289
11720
31917
3587
25608
7832
31373
8837
23631
12885
76661
10050
20976
3544
25776
20890
10520
29634
16278
55494
12261
22649
66876
24159
36592
1194
24244
8065
33478
5245
6480
20581
6407
58760
32212
23240
11639
55888
42273
26244
13167
2809
24816
11183
79181
26017
66244
25537
13088
22477
20041
22497
38629
22223
7852
30465
34860
6327
10244
11244
5138
26143
12675
31540
40895
2737
40468
20652
20206
3421
11149
26146
14661
6224
7289
37756
4574
7088
4463
7004
10644
26107
29455
37703
8430
5572
9241
30643
41643
3132
42190
n 20 k 4
134
875
69
525
205
78
211
274
200
807
79
119
81
731
298
1545
272
161
504
120
230
420
180
210
2336
509
731
3363
72
381
327
333
442
366
344
164
631
286
1707
262
68
148
1819
117
2289
289
448
519
106
473
1055
337
100
655
547
252
255
68
341
234
1521
229
523
834
315
57
1371
626
1030
751
95
394
394
67
151
107
537
32
346
89
30
114
289
907
389
759
443
1567
163
442
372
156
37
176
61
86
28
273
346
255
n 30 k 4
445
5121
2114
602
2664
1308
5770
727
1198
586
1555
1460
1994
2927
1717
1335
1607
2279
5702
2055
927
974
4449
1972
370
2519
970
571
2215
3216
531
3490
1883
127
1944
858
2364
2873
139
1426
451
596
3007
921
1958
8878
943
2732
2334
3902
821
2580
282
1846
480
1685
1296
2272
361
613
3880
1354
805
3174
973
4341
854
126
5568
1187
1512
119
718
759
1462
4021
2948
4961
3371
4672
122
880
4975
77
1012
2680
1309
8227
409
765
611
1125
1386
173
1224
3810
5310
2130
2897
207
n 40 k 4
5293
4073
726
5166
5385
3636
6716
2574
6725
2987
372
5388
5900
4066
6600
4528
2348
4820
3478
361
3911
1759
5173
17196
1543
3319
5860
9710
487
12201
402
754
8706
4975
2084
656
5434
5751
9299
7584
928
545
5725
10741
3886
2060
551
12146
516
3554
9786
899
11987
34671
628
7068
4503
5662
3727
3477
10115
332
4307
9875
10426
564
4243
10084
436
7263
995
276
4973
940
9214
14524
14449
2922
1283
2256
11987
6457
11987
1518
1773
1870
21978
9614
22907
7166
5594
1098
9417
14424
11091
518
6409
4118
2437
7763
n 50 k 4
17006
984
11148
41444
2095
9335
18440
63347
20139
8152
6151
3587
2325
20424
16978
8831
21547
22332
3348
38139
1129
14844
5947
8627
756
4688
13666
13255
26446
7448
20664
12496
36659
2090
25891
30645
15172
34250
7923
4542
5597
5013
19199
11933
4802
8492
2003
26192
5367
12566
13193
544
51800
41939
6995
2878
27431
787
10071
9421
15560
67351
13807
7156
8553
3360
1982
19235
9828
1410
49741
11104
1184
25235
6989
4441
11877
8574
6469
18613
22221
37055
932
32973
12444
9697
8665
8555
17291
12907
11858
6824
13233
16010
3493
2838
9658
1748
651
14751
n 60 k 4
19804
6605
10075
6129
29188
40291
40785
7751
17176
61129
72438
21883
23484
27042
3497
2371
37127
4741
85403
20386
7162
51752
3268
7301
38248
15740
5162
20656
29081
4350
14461
23107
22598
22493
18095
14639
7894
33784
32932
66145
18915
9058
10918
641
30654
11508
27214
2671
42253
17512
5030
32813
85511
15175
18984
26633
897
78030
42599
33257
7576
46913
1217
47234
29179
10644
5866
83789
1527
19402
25575
24018
43990
1383
12617
3676
68552
8492
1299
7726
3696
34823
55710
12315
6054
7481
58598
12745
40287
24276
40808
6525
18107
80438
65034
22223
2604
11490
6077
9192
n 70 k 4
5751
52426
18968
84576
122648
73258
29710
51774
29123
51781
1816
40010
19698
109360
96654
37289
31999
75544
64262
31959
7862
207842
42027
17337
89913
53578
6159
46712
34431
8438
6859
32681
48712
92105
70721
9775
125960
28354
75081
18958
16409
15746
33074
30326
20809
162616
168180
29486
27999
23965
15304
125489
25904
28695
14829
144598
60848
54197
24471
48120
85969
15601
9051
19429
20646
10670
88503
212417
1249
725
16278
26574
18710
128389
78867
177346
43876
47766
5002
25024
19990
55927
54695
41874
10765
201325
75243
46231
75897
56098
21455
13718
33683
114052
76957
38818
141687
75768
25237
24026
n 80 k 4
183855
257087
114976
15074
203527
56234
30917
35872
261238
71102
98363
31812
126120
45534
122454
66948
106671
34146
68941
55853
62448
70401
53252
10737
88547
26835
71977
6151
405669
67754
111833
32263
94495
110201
196292
8988
79522
98196
126995
37803
136454
25987
68281
20142
1890
14403
29363
15204
54381
75996
55454
13197
55256
26728
106390
47629
253224
75810
7385
34614
104736
106687
14077
51855
60687
30687
19992
46739
65069
55807
43456
82958
115918
38021
15192
60710
181400
152692
22703
86872
200925
304528
51138
273289
24061
115252
41003
25630
9363
40246
154638
38301
127028
94444
41234
3656
13285
17356
306202
124706
n 90 k 4
75887
108053
19595
38518
134108
132201
29453
16036
259622
42681
62615
22884
60182
106057
116652
312712
46772
119715
125425
97665
168803
41455
52040
51005
45956
64765
207321
45645
73965
209278
27556
48782
31606
94238
220667
45542
56424
135925
85747
153554
31198
351685
29142
55911
192948
339504
49773
69524
207911
232326
68052
135624
144364
47080
46081
175337
130277
23112
128662
312320
70712
165205
54213
6498
2418
7623
126058
330290
44293
71768
154934
332725
324876
44439
22460
108509
88284
9430
545247
166035
49369
17650
32317
96062
100818
26589
170961
83742
119219
122587
265815
372396
2808
8932
127019
73205
372718
290142
284611
112422
n 100 k 4
255835
439861
47592
9987
75151
574431
143959
10982
19425
164305
227506
244438
331588
73526
247718
107252
75653
70126
243526
364052
265639
13765
7863
134452
16073
199932
155647
216271
408684
208693
323702
45269
285453
75244
101567
111783
281097
647281
54926
104883
474795
70942
52760
15078
113194
122042
294377
277656
257928
673832
13465
387730
276115
6785
30317
50370
38701
275427
225093
38658
64922
36414
487066
82650
92131
9684
374552
11670
64229
58660
89074
5481
70080
181580
197269
87212
19475
344099
80878
220326
204672
81733
58059
67851
201702
62971
54443
372730
112975
74250
245885
211324
92250
81411
413587
354748
352731
50774
219578
537830
n 20 k 5
1215
723
177
2406
390
169
580
595
54
397
321
1070
299
82
204
397
1942
462
336
207
750
1153
2529
355
842
1308
344
465
432
242
158
1928
239
2567
669
721
2314
414
1828
429
528
42
85
721
247
1278
223
1005
1025
1511
82
703
538
451
50
468
2132
310
1148
339
1951
1280
1509
842
888
145
128
720
690
283
1021
1110
1516
1027
994
723
923
778
1221
617
534
98
437
805
363
1851
698
24
601
1742
595
620
1231
151
283
1015
2044
142
2042
58
n 30 k 5
160
2691
3844
1825
483
1412
254
6295
3929
1553
3909
4778
814
3356
173
3260
1615
2058
765
1178
1138
18666
1888
151
834
4426
2632
938
1106
19760
2228
361
3380
3697
3481
1305
7585
3373
3969
1801
6363
3383
410
1154
10161
6949
3228
11041
3131
7111
4810
5150
7963
1738
1727
6043
3599
1520
8240
1186
1739
2847
7558
3564
5065
1772
3473
144
1004
2153
100
11813
4705
1405
345
5059
1028
1145
4148
3611
6514
2053
2729
693
4115
5172
3604
1490
3281
2735
1186
5076
2512
12350
1972
2059
1247
1148
10051
2881
n 40 k 5
5662
12635
24913
8856
5587
20446
12834
18141
2329
4110
30615
20704
9174
9615
813
31499
41945
9218
11135
9626
14509
5385
731
19011
24048
38201
15197
38595
14092
4960
10999
1670
39898
21793
41653
14892
1297
1130
7624
1747
23196
8341
4554
5133
11340
2591
21013
1075
998
8647
16624
2499
12424
14927
18646
3266
4390
782
35155
26119
7412
16696
16293
17753
25660
11596
21904
56187
5236
3843
34414
2068
5022
40258
7616
7991
6784
76615
36065
5259
4570
46130
5553
17007
43410
11206
12777
37004
5804
8183
5618
2376
2665
23586
8426
1111
4336
1204
8165
6546
n 50 k 5
34615
41541
17795
53924
20586
85259
77823
22797
57004
69398
107850
7630
31087
45884
56943
34402
8437
39906
68384
33931
148576
18192
19721
140260
35280
47706
29498
25848
92724
148058
34226
2654
17332
28325
21383
18005
10862
27063
60897
7140
8054
30075
13224
11441
70975
46704
16769
7304
15719
12141
15405
18010
48010
1716
65860
73994
36733
19089
35996
15962
1962
22347
65012
3011
6529
1734
7792
14622
18515
17379
67031
33634
57515
5537
15033
854
56603
100583
50628
44734
38471
14950
29898
11014
7386
20587
10759
29121
69075
20578
7984
26593
2099
33073
39438
34858
17635
94166
9767
26641
n 60 k 5
3121
399934
135681
28327
46116
98738
15572
4654
137750
64206
139465
333853
48427
432317
21669
376623
112663
119363
86110
85998
59430
51408
52047
163102
20370
117886
86356
38598
20175
27937
80943
37212
122132
100219
52966
224265
58114
136868
359375
237854
13948
158326
40647
46745
24561
28722
123258
32265
58559
85275
47548
123850
37337
52917
160622
180063
187693
6060
184921
29492
79140
21052
4253
107549
111754
86556
7419
22717
59175
9254
48933
199612
31182
19586
36243
32663
64898
116512
191595
8068
82064
161633
142899
322956
78892
32826
97900
39401
202782
28252
4892
97294
9948
11870
44624
36926
161792
243536
102691
81146
n 70 k 5
283398
255038
60077
318691
102055
58697
43551
3866
63031
27197
18285
290408
42101
106057
572838
101096
138726
29518
190351
111136
340801
134524
320115
309664
210182
41933
12771
333373
83782
155685
27362
7745
75071
87321
440404
9497
346135
288203
220005
208649
160187
119099
309252
46792
128561
232228
53478
661717
271639
62427
8165
174292
27471
455543
132319
454689
35001
435687
30218
243991
1313
77257
28961
206318
389963
315242
200091
171355
37463
165416
364926
81194
406796
660807
323627
144202
122276
483870
99278
77632
488678
13023
655582
33327
304010
40909
471966
340622
185123
27963
242021
191614
349487
16074
11837
186715
301413
73575
155883
131233
n 80 k 5
2589
692547
399052
1029020
88244
264737
22577
41809
1694912
95593
373405
203648
58958
25256
678004
350857
862880
355130
31082
47143
304252
144922
1044309
723311
11742
591847
343736
335554
146703
136662
194255
45995
640414
525323
424520
239849
285277
193539
108137
404694
588684
155127
133158
264726
1117357
111102
120815
116533
144035
215142
100706
360133
121016
86267
597341
218757
77661
335140
41402
302088
61052
57426
188341
387094
61398
310218
348006
236144
425874
144702
358088
8748
263388
279885
275217
334371
850576
525305
1072597
377510
844895
65241
489416
39135
901086
503319
258228
46655
384660
291873
106981
71008
538036
549284
62914
474689
318580
109033
1459982
59214
n 90 k 5
319238
1186366
34413
210235
106432
519494
526562
429939
256398
938170
701767
705977
367518
1449185
316982
1357825
293625
92318
1391991
141571
545037
3944401
33892
225336
67482
1198006
117152
245284
158655
789732
461700
781387
612181
722027
181182
448880
599022
235412
45615
722748
207275
1172327
720609
735841
129549
1172159
274720
1609792
18577
954019
1304840
343288
270189
1237637
3104218
141283
2228211
90568
1092475
137517
807129
1994862
2870203
940597
909513
2016698
1587373
1233581
32515
929050
243073
202857
140487
825318
1536941
2355988
820689
615644
278967
531448
506032
1553298
49017
1461588
416091
636726
644972
750043
2047571
292223
374512
186859
10715
1880131
453111
323852
234118
892399
1538232
903157
n 100 k 5
2044992
1419195
218116
2770361
498226
1194252
2069189
71873
1528339
351110
69198
2827184
950514
578734
905897
827732
1902470
779579
4688199
159428
643367
1619582
49723
75974
319873
499727
1968564
877613
59000
626477
2274908
632607
826042
921274
2354668
284114
1275643
2289715
357140
11703
781794
1212002
651919
222605
79883
505041
538571
851629
1020250
1610091
1039632
489900
3903568
1546491
424977
1341165
1556839
513378
402166
453093
2148956
2861791
1029819
85636
761299
2461223
807815
483466
260343
1695806
1176510
1486951
1073100
2285842
1664318
27938
63325
50133
2588084
599081
7262063
239905
2323902
1023058
2021932
492759
2111692
69778
26890
633887
320545
1103656
101929
10933
236323
1111265
390520
624264
2248089
1248159
n 20 k 6
2274
983
1193
1146
1190
935
340
2248
863
137
681
567
248
1626
95
728
192
459
595
358
1471
1598
1607
1066
484
597
2942
1341
719
1602
207
497
360
1204
169
569
56
208
1088
787
122
241
908
751
998
237
1296
2383
1162
530
337
287
6208
884
229
414
1013
292
561
2012
251
510
1215
49
387
1473
174
192
546
137
993
683
2095
1638
672
72
1088
861
1523
546
337
1870
2423
304
1266
470
780
63
181
137
3486
141
653
201
646
1126
262
4279
1104
313
n 30 k 6
1081
4286
1899
4571
6727
7285
13536
3566
2656
7518
12186
2777
5805
413
1440
1718
510
1101
2538
11708
8813
9111
2809
4313
3353
7170
495
5261
6993
6170
12082
2789
2583
14560
2337
3235
12238
6797
9979
9523
3550
5866
3669
2665
3927
6380
13156
2338
12367
2149
1861
7528
4864
493
200
14474
2745
7068
6824
6408
12119
2907
876
4200
1704
2191
807
10875
1775
20550
12965
1958
2177
2060
4298
1278
1045
1645
13835
5664
5699
10053
5196
2096
3967
9130
7887
18408
13925
8969
10180
1487
11658
6355
10249
2878
13839
713
12586
28392
n 40 k 6
36734
7969
72041
1842
63795
29023
10437
63389
5739
4138
128668
16211
11788
32177
26973
116559
93931
11272
1816
2601
49552
10833
116592
69124
18624
35903
1462
12129
110312
7494
32716
24117
37683
37394
16077
138522
19753
15247
14069
27872
2856
1422
9549
11955
31210
60875
15354
22384
44443
50874
12634
9884
27592
27876
36853
7716
83124
25546
46559
124770
57021
4649
46781
9366
169416
94528
15837
9651
74708
31231
11639
13871
3472
26641
25877
108909
33669
17805
8289
6139
67625
99565
73151
44882
33409
13206
10752
12088
31356
3847
24008
38828
3607
25331
52442
19130
35438
8330
30262
6738
n 50 k 6
129671
13528
129211
169682
64077
301812
10804
351511
101608
79383
197487
130528
49830
49572
182343
254994
125296
48899
338618
24303
73873
453327
144646
143308
90145
71354
33006
13645
80081
5139
11527
47830
30196
17601
94131
224190
190445
128721
33681
462721
2153
65384
7092
119083
10462
18909
120398
82602
21505
35850
94252
114193
86759
124089
139754
328789
167362
40794
17961
49703
92269
42699
78916
40745
47825
144795
116248
196360
278117
36952
500972
8479
5770
151624
76137
7660
125481
47099
61968
212361
153956
198458
72860
14917
227271
87731
192835
240882
71564
194591
123668
18289
127288
68065
37431
218455
212278
102297
38246
453350
n 60 k 6
459661
1245509
683070
53990
16223
1743311
875004
203611
374521
166293
613035
190925
80541
399705
402076
801098
782944
1436827
366918
59633
208640
373412
409162
591469
41806
156099
40715
139759
44329
140290
581039
46269
72469
277108
594327
123339
119540
190477
9903
55293
39342
61921
205286
282326
77220
222902
48860
105449
283750
292444
730976
265046
601622
362766
184016
151858
82947
182685
153990
653048
196571
121117
415679
126687
129272
195563
8812
280227
72657
578176
32419
108759
308576
96605
11670
659332
632086
275205
438259
116673
56718
282720
232298
89723
549784
126225
48048
1055279
14609
554718
185955
600305
15845
393433
568190
42825
105054
800592
364819
1127016
n 70 k 6
324588
684115
786148
155435
297542
403650
186604
639247
1536833
502667
264419
1317932
1639786
126206
1241391
277089
214210
77120
1932436
267262
429064
430181
443547
71418
88139
241546
966860
389260
103143
311428
131001
5608110
1048893
313454
1960774
21629
2714034
1261750
218516
778291
493433
1285890
107519
2633150
218991
5618
320991
356211
272630
560223
222683
852941
486522
469420
191205
1412881
35798
1440945
380676
323498
46461
291534
748776
399361
231677
835565
199078
2346548
160159
2174581
696677
887502
667379
412529
21961
136102
182151
1275113
769093
153966
1023812
377438
479858
1578572
502819
142141
433129
1908010
262413
69187
152228
1061015
685188
736399
1898061
756019
188778
2100075
2155145
1164265
n 80 k 6
2192240
1890198
6020985
2118817
2040479
442521
376354
2847211
2281955
2784440
495644
1143265
3225920
5514442
1133966
3483253
167093
891840
749017
875123
400367
1386370
2531979
2398329
974632
302976
719235
83161
44982
255338
1916354
1599600
1468650
290965
2102544
2090220
743395
234136
357683
1634971
1023667
1702455
1016100
2345660
2941613
38427
619987
603804
1033058
2409089
3504489
457548
2472439
1340940
1735855
4389854
286227
891894
1470124
2118247
407059
635357
1397791
3132086
4741027
2572959
297606
106952
931444
1269397
9507606
5710947
486640
275133
1815737
1617725
1740396
4113163
1076645
122295
732800
3534206
1397088
4537690
1592061
3898851
2963384
431269
1864349
434372
1315474
1580594
662569
3027911
333530
20440
1586544
1514915
847853
4308523
n 90 k 6
426190
3976813
9708244
2836592
9044774
204556
2533720
631505
348277
1255824
2661691
1149690
5993832
2162482
8214958
404186
453361
1596803
542860
1676391
2498706
12113700
1341471
1201801
835196
1572016
597387
3284889
3500483
2488912
876219
992931
101382
826659
904442
6735789
5349791
2701798
1992045
475107
1146200
2662424
314105
2167006
2186548
3042363
41712
1859333
6730159
3183270
2273021
5362492
1100054
1028362
465841
1061492
1220965
142952
1293194
1117414
2060532
3950813
6417443
693307
12687984
3042022
8433755
7235336
19858210
7637498
1112333
9652113
6451227
8832061
3230901
2259008
1788868
4142168
3139184
151929
2629913
298975
210982
9071692
2841747
747658
1833157
4235881
2837942
14264084
8796087
4180329
1139025
820763
10321
1653694
283069
3256844
3643718
6962737
n 100 k 6
7533018
2047254
2212843
249185
340574
448344
7279465
21720042
1038741
10734342
18061373
1186930
30330294
4337587
6819883
4551853
7405573
1874375
462878
1438982
1238535
16591536
5387289
5061661
12491197
6245833
689125
1686849
4788370
9056572
2482006
6763793
2882987
14079347
3022919
19258749
6124642
10116421
2906671
6014611
20921545
8318881
703288
8089662
1999550
25318228
5573483
756924
7556545
2172635
4098506
159396
25661339
15547187
1443406
10825632
9404999
960263
9515881
5678983
474115
9547
1206019
722580
9174969
246420
12395677
1064700
731062
16668626
6071360
7351212
703718
14733445
9861682
1390353
4799352
12122594
7022933
4713202
17193787
12471135
5016633
12155389
611967
3594223
7705547
1145270
1540668
3233466
1738019
466400
14838629
3351809
7444026
771582
928962
6206439
7229472
235929
