n 20 k 2
203
133
197
74
78
73
200
110
273
306
224
58
72
87
188
164
114
187
92
169
174
178
225
89
51
84
74
120
96
164
103
70
30
180
176
343
90
78
132
154
72
187
118
294
99
97
83
88
84
128
69
65
67
309
94
303
173
128
124
114
202
147
161
151
39
349
89
103
310
88
293
166
379
341
231
181
28
203
92
153
103
76
253
130
257
62
92
81
102
89
312
81
57
35
49
217
313
48
241
201
n 30 k 2
180
79
358
417
414
169
220
173
402
525
300
288
262
298
415
211
97
309
213
356
299
231
270
332
233
769
859
193
466
93
178
175
96
164
199
194
847
1011
160
224
188
258
425
188
125
374
237
135
336
186
218
268
172
333
201
136
234
399
186
500
663
50
179
398
179
180
257
418
87
359
120
262
113
257
216
63
223
205
401
198
176
252
387
133
330
331
228
109
453
173
108
213
276
262
278
388
248
299
662
1004
n 40 k 2
284
787
162
180
224
253
324
538
249
1560
698
383
355
851
527
339
156
274
181
421
492
570
196
279
326
560
554
394
339
904
477
505
983
407
327
1033
339
403
777
360
271
326
509
1036
471
237
173
714
312
200
272
855
710
407
370
219
278
255
119
907
286
856
1376
121
1177
284
852
138
492
552
633
252
350
549
751
606
792
235
750
277
667
586
351
815
480
719
258
293
670
206
694
131
256
217
284
489
500
161
95
231
n 50 k 2
690
245
720
331
315
1206
678
333
628
275
469
314
336
1960
551
591
311
1503
763
565
443
522
498
603
559
533
698
420
381
2365
646
2125
265
422
2800
433
222
474
397
260
331
842
609
1073
1454
860
246
489
1077
163
735
1202
549
966
500
1203
794
188
789
378
951
677
747
632
997
2256
778
403
1205
809
1507
677
828
517
330
713
344
184
1543
2867
920
682
926
686
1362
327
124
532
782
342
673
1035
262
318
650
428
301
923
555
1417
n 60 k 2
959
814
1363
1052
913
846
1507
407
800
226
1575
495
670
519
1492
678
975
838
211
610
825
762
522
1189
857
2030
421
949
1838
542
1644
558
721
1158
1508
609
503
1718
1221
697
1074
1424
1499
339
562
634
1599
402
2434
1660
631
566
4117
694
1956
403
774
765
815
321
902
1018
893
2709
1447
373
1533
424
852
605
799
414
563
264
1692
770
742
1745
1163
211
1191
2859
935
1751
1215
2722
824
445
690
1122
829
506
845
885
749
820
2207
2175
1909
740
n 70 k 2
1104
729
2038
288
1229
772
1537
4426
619
1026
2904
952
3015
1795
978
875
1059
1680
1961
1482
1220
1808
1364
1617
1784
1840
787
1273
805
1315
1277
1971
617
404
1517
1798
1453
3138
2691
4058
2419
1939
1364
1696
793
695
1664
449
1794
3472
1537
611
1361
2305
367
382
1970
2110
1762
1948
1761
853
1899
1467
2882
714
1015
1391
703
1353
939
955
1720
1910
1736
1092
1734
1130
891
1040
4234
765
4642
884
568
896
1313
2771
2972
286
2502
695
5456
525
785
953
1300
1160
1006
512
n 80 k 2
551
996
5149
958
2774
1457
1307
1220
473
3638
2626
370
3329
1860
2332
1791
2221
1280
1371
3011
721
1891
664
1986
1333
4287
2487
1389
945
2155
2422
813
1635
524
4043
1121
1757
2954
1127
667
1816
2515
1582
1536
1184
433
1226
1170
683
362
1713
629
1502
1145
1900
2456
684
1464
4638
394
1345
1691
752
1810
2403
1064
1988
1239
2455
2675
1222
1163
2813
1522
2767
1320
1132
1435
1745
1019
965
7060
759
3056
779
717
4097
2076
3113
5878
2690
3339
6324
1655
1177
6119
1890
1767
925
3669
n 90 k 2
1542
543
3512
3604
2135
1641
749
1880
2129
703
1840
1752
6385
836
2098
3457
3196
1003
501
7094
1600
3641
618
1395
5169
1345
2615
11324
2081
468
2553
1327
802
4617
1572
1188
961
4916
5619
791
1314
2464
2672
1144
2910
5101
733
3912
1272
3317
1313
1358
1315
5052
2926
1183
3156
3522
1184
529
808
2069
3711
5800
1923
2612
2826
3471
860
4130
3164
6777
4364
1875
1467
891
639
1480
1314
1589
3293
4555
2653
3434
5763
2785
1360
2213
6291
2707
2808
3836
1107
4229
3314
5084
1454
5828
2215
1005
n 100 k 2
2625
6084
7749
2232
5339
4939
1452
2004
2012
3976
1015
2645
2159
2237
2263
4592
2640
3029
4170
1502
3378
2533
3985
3670
2436
1144
1823
1463
1486
5785
3507
2617
2073
1219
1940
2120
1825
1207
1097
1163
770
1425
1712
2306
536
4288
755
1920
3339
2871
3500
3200
2036
1655
1276
2348
643
1087
1229
4456
751
3422
2441
1984
3888
3953
4899
5659
4609
3397
2908
10205
891
1755
1838
3278
2763
2819
2435
1624
3309
1124
3969
3722
1135
2995
1082
3167
5263
1451
2161
1862
2965
2493
4143
3095
1716
4527
13165
3315
n 20 k 3
77
608
851
109
99
292
250
472
344
202
100
395
137
317
110
156
262
25
697
163
114
903
38
119
166
414
155
447
899
808
341
147
266
675
155
241
251
383
201
229
635
245
294
836
128
121
295
543
189
150
55
186
440
519
158
101
797
919
91
504
762
742
980
284
251
482
149
303
171
176
115
521
423
79
624
236
122
163
206
232
227
487
123
193
134
200
171
275
398
712
156
441
276
141
205
545
756
496
253
159
n 30 k 3
325
598
3700
739
1145
138
139
308
403
512
587
1701
481
382
1090
1293
2301
3157
450
1158
762
1031
130
1118
1732
700
636
69
484
186
1398
1166
1024
718
473
135
572
1170
702
715
2071
214
1593
605
456
821
1092
895
364
1420
1194
156
661
187
185
1585
443
281
614
604
269
787
159
87
259
400
868
1494
1034
824
931
332
169
1468
140
1564
237
938
108
525
1576
521
641
366
389
2688
2108
368
915
1631
225
1147
498
362
285
894
109
454
868
605
n 40 k 3
4238
729
1087
972
1563
1381
865
2068
1364
816
2513
655
838
3476
315
463
1194
1153
5879
818
1654
269
3274
2233
1330
87
2045
1547
531
3069
2810
379
1933
632
375
2846
518
4061
4579
609
3689
2279
1512
2780
2810
1704
1982
6741
2182
462
860
2267
319
1733
770
374
717
923
1369
1520
696
528
990
4302
531
1088
3686
962
735
369
3049
494
316
1169
1769
2739
606
788
2775
657
2266
1054
739
1923
659
381
1169
1867
771
1151
2515
692
2606
2709
1881
609
2274
1556
1553
5305
n 50 k 3
1222
15666
1455
612
5067
1210
483
4469
5878
1705
3278
3213
1074
9913
1436
3985
4703
2782
2093
1549
835
6230
2177
1658
3304
4771
876
489
1946
3763
610
1209
1343
1387
3549
2257
4151
4728
962
869
1106
872
17891
271
1668
5380
4921
893
2908
2043
18129
6403
889
3701
4622
706
661
2127
3474
494
1235
6029
3335
9837
459
879
7915
4227
2537
1785
762
1887
431
3075
5066
461
7492
734
5669
3682
2553
4207
1201
8238
5255
666
2669
8256
1945
7607
953
1982
421
6042
2092
2868
2924
2196
789
4726
n 60 k 3
3965
2338
7527
17771
2821
7046
1815
4177
5015
391
1508
11879
3159
639
4354
2654
17418
7728
3395
1021
6870
1335
2796
2436
7122
5899
4085
7302
8386
4293
6651
6115
6252
787
1731
2190
10599
1457
1659
7870
2019
7088
3284
10095
6039
4471
8592
12497
3893
4970
5210
10380
1326
19247
756
346
1676
10246
11192
3935
5362
4771
3828
3675
7424
6222
6757
7049
5090
4890
738
5344
3366
4231
7531
4619
3724
2519
3200
2134
2992
2240
2462
10682
659
2312
4456
5336
3407
12082
1266
18864
7198
3855
3099
6585
873
1626
2643
14305
n 70 k 3
15595
4676
31901
2627
18116
5147
2406
23498
1391
3216
1482
6976
13526
7815
954
12547
6237
798
24193
2077
18144
3355
16854
4312
2304
9670
1711
8095
10808
3368
15387
3879
5264
3818
9515
9868
3933
15572
4943
1062
3276
57651
9363
35846
10938
2389
4129
5644
6777
11709
22873
9346
3762
18386
3535
2786
10232
1490
17186
635
1859
1702
23203
8744
5602
4220
6334
10287
3953
3854
13613
10057
12152
12144
14755
10733
17372
16949
18569
17043
13303
2270
990
3369
4776
2010
4611
10531
8229
6144
4828
9631
4041
4930
7440
16127
7682
3441
1156
3868
n 80 k 3
34152
10890
2599
6238
1674
3744
6655
11275
15287
12332
4497
33875
3403
8050
7065
2970
7129
4337
11428
25367
648
8590
5253
37108
6097
15883
17321
11589
12886
4631
3857
3364
4193
4187
14240
3753
2179
8396
1976
12641
6426
8276
2511
3711
7642
25147
2720
21712
25109
1389
5297
826
7736
14430
8234
47973
61461
3917
10358
15022
18717
9695
5596
1500
4910
6215
2474
7934
3768
27266
34031
2893
15750
685
8132
5193
4264
19363
3632
11629
5478
15105
1097
4183
5355
11443
8836
18288
4174
5379
5007
20069
27810
7589
5357
2380
5586
2432
25414
10927
n 90 k 3
699
8516
15198
15071
12452
948
8524
7018
18357
7399
5889
9917
16099
6166
11549
5075
2169
33416
13914
23149
7004
10787
6073
12498
1345
15034
18437
20073
7536
16070
22786
3168
21859
5666
3704
9219
26111
8128
38621
34210
12702
32032
5700
12868
15414
14574
8134
7533
4180
28396
4847
6990
23973
11578
32515
38839
49726
1987
2083
7108
26417
10000
24515
1237
4913
7315
807
13135
17740
1284
19099
11006
31993
9793
18910
4581
7817
2293
38805
10048
14630
11555
19980
9828
7651
3438
19064
10805
5451
1364
17392
13581
6242
12967
13050
92031
28908
3928
6036
23235
n 100 k 3
4467
6269
1042
4526
7056
1773
7580
22545
22689
6347
17576
52021
62644
10889
75553
9694
19263
15832
37520
12937
97029
5241
32078
10243
26482
44438
19711
5871
3143
22164
14670
4614
9889
29028
13074
14729
10399
31459
34470
46546
13639
25807
27910
7239
5948
7995
929
13642
21604
7021
4068
10477
7802
2639
6934
26865
38608
15031
63927
13126
21417
42970
5262
24897
71217
57989
4861
21872
4409
21052
6321
3761
12218
6828
27088
4750
48778
13884
11096
2028
6011
3082
15484
36420
15172
10141
19856
81229
9161
19384
10992
22440
10324
4974
53895
18192
5899
37871
89882
1892
n 20 k 4
121
75
409
665
1215
480
863
409
1280
435
307
520
305
503
373
105
943
214
477
639
351
539
167
142
346
112
1297
71
768
213
264
183
764
385
98
193
264
1495
180
192
1202
362
390
363
639
257
203
1520
287
124
1390
127
71
97
999
1825
319
133
372
980
54
216
765
597
603
2020
270
51
354
349
555
715
421
532
260
263
354
70
630
630
189
2508
395
53
1002
587
425
1077
1015
71
148
199
1385
509
783
479
124
83
233
393
n 30 k 4
1637
4221
1955
1279
457
759
600
174
1518
1310
4368
774
2325
220
1438
1157
1155
3220
1286
1075
5311
168
389
1209
2311
2858
436
2385
382
488
2329
2875
905
1637
7724
1239
4089
1691
211
838
712
75
620
1203
243
8832
490
567
2146
862
340
184
1641
170
1876
954
1047
8628
457
2140
1583
795
7179
143
616
2191
983
3895
3707
816
2257
348
959
4604
259
1352
2607
6883
1843
1088
3520
3739
1381
1151
2121
2676
376
3973
4150
1083
633
1081
8353
5913
3884
501
1618
327
2669
1084
n 40 k 4
5653
1855
20592
4743
6378
2491
6414
17112
8825
5566
5960
2405
3068
5064
2461
4120
11196
4730
5365
1492
10454
3417
2171
8819
3375
5257
177
1392
19968
6008
4339
2056
5010
5341
10363
758
1585
437
2902
815
2510
1082
5380
3741
1262
1620
1179
2840
9735
15448
4285
6666
4737
1576
2042
3081
12904
2040
8288
2936
16013
10608
9943
6735
12978
135
3768
401
3146
721
1685
17583
6816
1641
1390
10362
2554
6115
3626
2292
3530
2430
4542
8125
9085
3858
8904
2843
9780
8831
1643
6841
2453
8960
4626
7627
718
3222
3032
9840
n 50 k 4
990
7363
5807
1392
13299
1392
10806
11301
6493
14347
5025
4621
7378
685
8058
556
2535
11297
3233
20418
7886
13537
3064
31279
2487
16599
24739
31337
8551
29848
7198
12063
15045
9594
604
14092
40876
2531
5515
12680
8418
658
19444
5889
239
3011
7723
2916
5509
20070
2540
25005
42003
30609
1364
1936
4002
12109
38343
17815
12745
8218
9398
37735
33877
9653
846
4056
22849
4848
4061
23670
34129
40399
1655
4898
10671
1230
25292
10200
1077
8769
18466
6235
4041
3564
12963
7603
33794
5847
32801
2291
13371
16542
2700
1555
13528
30716
13045
18604
n 60 k 4
21350
14114
42389
15925
10860
2689
32432
86606
5212
42745
5434
16573
21892
2604
30150
44602
28693
21205
7515
24853
38749
10160
20339
32139
74651
3350
44731
18793
18966
35315
37836
10557
1058
9391
18498
8584
16916
48010
11947
5229
8368
45926
7799
23306
30445
14021
45991
3369
31222
7705
24328
22022
27370
13318
42152
15235
34543
9283
113083
21222
11281
1456
5899
58269
3424
28210
3622
28219
47627
5868
18949
11493
6176
22747
12660
17608
17241
23224
38911
46657
6651
20245
27708
15582
9937
6635
13103
5356
16190
5672
3135
72653
23679
17974
32040
5641
8358
16436
28365
23358
n 70 k 4
7056
81473
61384
31721
65298
47141
35147
193694
49107
9019
31618
13136
44479
5805
18653
77883
3942
1140
56221
71249
34534
1140
15974
38423
54460
18535
18877
9275
15000
21150
62887
5314
11852
6949
20901
8880
7955
10816
66039
17031
24155
123517
52564
19797
3446
96694
66251
127875
151281
99503
26480
35105
92052
8309
136193
75852
172616
11493
50329
64389
7721
63392
25528
10708
15694
39311
27751
32946
47178
84834
51265
154631
42948
159357
26302
36328
29415
50636
23928
105029
11516
47755
23166
47462
30935
47557
3950
27122
2416
43559
35101
10799
17209
65267
165608
9108
88893
9654
70051
20991
n 80 k 4
8665
181217
138125
122940
74831
82806
31027
114355
47384
58018
21995
75526
83944
15736
118985
7963
19509
44253
41123
30608
63009
269313
75766
20036
35225
36644
12994
102611
17347
79292
39572
44941
854
76046
170201
129409
12026
21527
237334
26283
36296
12490
143182
91899
6361
224343
35157
153623
80883
10304
51047
89758
64658
65712
86198
4093
50823
95585
41907
46624
13451
13956
47080
123175
296009
36207
7896
106723
23250
30647
43585
43984
77594
193318
44405
109077
45750
150422
556525
49153
104434
14654
80748
24799
69898
6858
25576
18297
89389
38194
12367
102882
58801
20705
159397
32963
16345
43374
51496
223237
n 90 k 4
34695
10962
31206
464965
4008
5229
83381
126671
14293
91597
23479
50896
51948
12041
654628
193711
93923
33861
94793
114814
213615
158731
54103
49092
67393
115773
44996
157159
128160
281902
182268
167849
208774
260476
263885
74448
89741
68538
15511
48927
83908
118725
132167
55128
37864
28006
44361
86332
90384
35180
62332
46580
476835
209325
7916
158322
178802
37874
378014
49498
172126
31149
169848
43825
107753
172748
229672
29104
6749
164188
144815
9086
142715
276757
87371
39043
162271
185728
36022
159862
35809
111148
211047
47223
120143
174255
40245
38142
91928
20737
9970
90322
189841
154455
283080
62871
140171
49959
211849
157435
n 100 k 4
234751
43780
65599
5928
247105
52558
3200
47263
277339
95084
342035
28104
99722
47322
152752
168318
403859
11706
53548
66656
226414
33496
338807
339808
11951
370338
476787
88434
112378
244912
20724
99418
4768
253969
157159
205485
42408
21713
39688
62256
13967
269424
106830
218836
106193
33873
12454
14241
132068
51222
17465
77909
96195
28839
549841
248433
183046
1146153
33240
24983
25661
9297
62636
115629
10525
11452
91133
306689
191640
270607
117046
483061
77455
212866
34038
357390
29875
30012
188486
12234
126089
20813
56421
285540
70388
148507
6221
116491
193788
183716
237146
57335
354806
14936
35244
56786
48684
114938
114292
254735
n 20 k 5
292
933
520
308
968
185
90
351
56
1756
343
1220
580
191
113
1083
1312
699
927
592
1610
1570
238
939
328
170
673
965
495
2267
1120
1782
114
1991
1315
449
63
64
1877
1258
285
294
297
779
167
80
111
142
796
625
227
1268
357
220
576
570
197
1022
1232
739
1804
327
3882
466
2105
421
628
76
118
992
443
98
1119
1202
412
1159
97
346
515
489
1930
1764
1014
511
100
581
405
582
807
427
874
1322
659
2026
448
67
507
54
547
1178
n 30 k 5
3767
4747
4958
1486
1685
1873
3892
3253
741
690
875
3058
236
4422
1264
4177
8754
2076
5218
3724
806
143
5386
2438
342
11549
2556
12684
3031
6133
4295
4522
6376
5101
1732
432
1234
3927
12116
9306
5944
3367
1144
2038
7048
6478
5718
1137
4925
417
1722
838
2583
496
9494
2946
2851
2804
2101
396
587
3664
4403
2531
1082
472
1331
6625
515
13052
2171
2911
8830
800
3047
1106
538
3116
14399
1523
8325
6743
5560
12944
9881
2801
1520
1668
696
999
1292
3831
539
1057
543
2683
6395
5477
202
587
n 40 k 5
13611
1032
7097
18699
5187
937
2783
19518
15798
8822
22557
23008
27859
45386
23806
7650
18238
13773
4282
5215
33954
2534
3463
10063
2226
32987
2438
74453
16198
824
15075
18605
50609
4014
6469
4421
7859
4493
6907
14244
16928
2553
4237
12855
20194
12566
15120
3156
20536
9711
26316
472
27167
6016
18237
3156
2033
14764
6920
9504
2498
5358
2925
4106
12269
14906
28721
1841
1403
1847
4825
8276
23499
6907
7083
3306
4748
7319
15574
8350
19812
760
15287
35840
16316
7825
410
3755
5651
12862
11640
39833
3220
39124
1764
11465
8970
22381
6531
37217
n 50 k 5
10498
18538
2694
11839
18018
21513
19044
28078
37530
22167
5569
10147
111828
12286
86636
22754
38171
6138
43958
12056
3475
14522
54423
14112
50728
32924
95667
100695
3735
4596
49967
17219
13034
23508
10193
1635
68450
51105
87471
77651
23439
3909
47979
20596
127083
8523
46641
1141
57298
16947
60527
1385
7801
14072
57647
136075
25866
32880
1899
152766
70255
32130
6835
43286
7756
35726
34193
35796
12896
89072
9298
79018
27623
103506
56903
16725
57201
2857
112436
26641
63323
48891
7158
7456
27766
8404
4757
93597
8046
42058
61611
10940
40899
43773
3542
37911
7389
71906
18518
12994
n 60 k 5
102358
209818
105008
312614
86049
29256
31649
131183
72638
151889
148616
80097
153259
19429
89616
29869
102886
75428
7125
88234
117412
152934
37403
184899
13200
88653
32967
128951
75559
145852
62682
92235
145093
103909
33622
75699
312145
81105
338364
3044
207221
13410
20540
74288
17182
79636
97670
104860
50151
566755
119487
70497
11906
21902
67845
83073
12335
70233
7858
14158
169403
169113
36410
319883
60459
73392
2301
9790
113439
478754
250801
34249
220303
313333
60615
41395
198255
76424
15485
52063
32982
97759
382400
4255
41982
66165
99767
20644
39265
166707
13806
90987
23364
105518
302470
32169
44428
174170
61932
33906
n 70 k 5
27077
149959
62638
372437
133384
250609
332264
169867
419191
145494
387250
126505
46667
73247
195017
130869
51360
162513
472945
191874
396807
114489
452429
59340
83753
254885
264543
173626
151053
265875
259618
25382
8271
362106
177078
66007
613824
29472
242239
271013
153555
715320
410753
209810
81785
3772
59440
19020
129582
59830
362402
105911
78075
195371
121538
40177
270881
196001
530149
342300
549937
9358
113273
139517
67026
11476
270797
659087
61950
288778
84306
10267
417900
75038
363352
10014
19088
265155
9231
35445
28130
93930
556683
100711
158033
127870
337615
57627
62100
22703
36174
60545
236663
20563
6563
16389
83436
231889
341122
164754
n 80 k 5
88988
714475
743932
186885
23260
377792
709554
266799
949037
199043
415799
31617
1131545
91208
251662
1109270
296595
56047
244296
179878
47962
306168
326594
47545
586130
67100
943468
1335892
1004352
2156932
150711
119900
123777
240524
279008
226422
447216
59406
289214
353035
297435
50499
1277551
249266
136301
479742
7463
19990
781854
169540
316526
441017
184630
580019
223683
1123295
441287
152981
214028
639675
212180
1366888
1404019
339203
192710
362962
447029
100010
765521
339936
304974
56707
510215
87958
169551
1270936
189170
20597
424661
739312
1040448
12104
53909
450431
229278
274781
642906
200782
317574
172846
88778
920824
388601
217110
158212
13861
254045
142744
62039
22149
n 90 k 5
395550
301984
871983
444732
310088
83757
1394287
2234865
290395
52507
83269
510748
1986854
940950
459719
1197891
395026
239259
2003766
344225
2266231
1194816
1528028
348394
1749455
328308
112603
474625
678002
140859
1871605
159501
1146495
45091
282170
105031
1332883
164379
967666
1994288
88773
1540154
667502
2290109
734901
47838
1037615
519486
385508
1093624
934627
120654
569015
302721
3346058
679415
1292744
1499974
15005
482217
457182
159418
2420665
614328
1232125
314531
212231
1787059
1207662
781783
523025
619347
288312
411817
1154698
1213098
1474479
156107
290066
436034
270536
864267
589967
422449
1952912
261845
28784
406163
1179013
66112
57945
51014
140414
232553
351305
481535
1099336
94213
677512
1018770
n 100 k 5
239390
742257
1741770
906207
1548139
264498
127991
217617
13920
952383
305173
1659924
1298068
143367
565116
683130
168568
81028
2053221
3331769
1564932
219285
1110954
609206
708845
4112107
1829930
1572928
1907662
3618291
2842823
220968
259148
259957
250146
375593
562931
2798555
226847
861051
1238008
1362537
273419
2254557
758249
513906
3682005
1668527
117286
177702
2082642
115505
3118518
79040
50395
1585889
657513
779835
149035
1161563
1228741
50186
1354813
65894
294072
964469
737532
3746591
3689682
4749730
115050
537051
499834
496171
872287
28259
3303796
5671585
2690778
2008500
216771
149818
77799
1792314
1722517
584176
350469
1523906
91132
1454401
1786777
876647
3347827
2181227
456046
610328
1117077
436951
385582
1294475
n 20 k 6
640
1159
2417
1890
164
292
1899
1055
2364
56
888
344
735
770
156
233
447
2852
214
1241
1589
1740
2688
1825
1496
570
387
421
1023
547
195
1144
267
154
717
430
288
34
1352
2282
358
921
501
119
714
1929
457
626
183
1147
508
1498
632
580
407
1216
203
141
494
1689
467
652
116
451
2206
485
786
2775
1929
130
1003
1446
502
1957
685
205
206
2476
2244
751
188
386
259
1228
1161
1232
2517
1883
149
905
1291
315
737
3051
1395
758
1150
3093
112
121
n 30 k 6
221
2597
6709
2259
21828
3791
2741
2446
3891
126
1921
10445
11347
3833
10846
8713
21931
12615
393
20338
7564
5646
8225
5417
3683
4148
6994
3068
7440
1402
5763
5269
11310
1874
5973
199
6907
2660
6319
8695
12100
400
1912
11605
1706
1207
917
18791
7054
17073
2348
4752
298
32870
2029
581
2226
11760
30932
2204
8925
7169
11897
7487
1439
12786
6457
5356
6831
3226
2014
2396
7304
20156
17655
2775
16480
4666
22937
525
12133
8815
456
19765
2003
1241
2374
394
3490
506
2851
9874
358
16653
5054
1292
12649
10647
562
1628
n 40 k 6
3452
43541
15780
7791
7362
12244
21559
20698
60221
47409
9904
152940
23692
29437
17582
94993
4219
11581
46408
1767
13772
27092
35547
80775
15994
15362
140320
58164
22702
29621
28370
30790
34731
20811
10420
14741
6749
102858
5480
10330
54309
32758
16110
9082
63613
63363
19669
64464
44251
33350
11092
5498
32280
11303
48723
6838
51109
6595
39499
814
58992
8643
4858
47825
23839
38944
2691
15982
22165
166246
7533
18035
16298
3008
53686
71516
32868
8927
5370
9947
69236
22229
2957
5139
1481
1638
30036
43594
519
30904
21676
78589
43834
3725
35734
38123
33105
5588
19446
35169
n 50 k 6
196908
46587
398233
139176
553014
912
239926
127699
145397
52005
93635
376760
22255
32601
124093
71966
403128
169417
86639
402201
13233
121227
124455
28157
57086
141850
159121
360303
196809
83167
70287
112830
308657
7129
148873
144219
44520
346712
15012
6653
128800
121194
9438
107496
254047
79497
29089
18616
37883
4417
134526
50493
47496
87525
252822
76131
91398
104306
30258
1360
176377
58023
90968
57733
2721
62585
6916
14867
59417
50006
122779
17553
279605
143711
36209
93442
21347
93029
227387
440196
81527
314762
35857
44231
72315
51812
8618
229710
382579
29786
133714
87237
37705
17137
128793
288894
210756
71074
40981
44566
n 60 k 6
649232
129575
385803
201844
137629
69018
25137
38480
513957
321204
31860
756863
107584
262060
205991
423376
126843
128402
449758
146423
444868
194662
709392
113740
110171
261282
638577
122138
180503
487681
182299
995439
385248
395422
489011
107968
105552
75766
349722
606567
84042
68977
159623
107379
67241
501226
33928
364562
442117
691880
195073
1027254
7890
329916
1066379
307036
138300
280883
948777
104129
413419
792409
571811
220244
211030
365357
482879
39321
49292
1569643
698726
487291
41440
97958
178852
408646
223943
96674
53286
438225
18664
994088
141523
448555
48221
138499
71290
42813
162554
418876
327211
152297
5345
423572
254952
1757723
47454
202393
384734
675765
n 70 k 6
203433
225848
448879
459760
248901
384447
1279726
232959
311745
282788
1949405
71757
1118932
1025506
1789036
477955
2420251
1646018
1028069
1658578
666043
105998
1660481
335480
665324
460839
1491065
531251
420601
450240
574481
122444
1185144
249661
637612
916147
903306
720788
108071
280829
1291876
241759
506215
488800
1111439
45436
515134
458961
560451
964879
441740
239505
366662
184179
91600
16535
255752
299552
1665127
1026488
1616379
12579
189717
987560
94873
327627
1787408
27337
579230
420576
813708
1246422
917925
1743473
657644
1622404
882044
514464
306688
135502
692365
962752
950447
282752
372010
195370
800837
613533
439873
105151
69341
46488
602618
4081058
390940
382324
3880833
501661
163974
291270
n 80 k 6
994347
5155221
300098
618165
4587151
1681188
757403
582703
2525748
774314
301419
587136
2171417
1116370
3194433
374013
933702
4861644
307520
478760
40690
1652204
1080038
77963
1709110
3728542
112230
512032
2229861
2048311
2121360
159755
590199
1004150
2464138
638369
65214
167239
1485846
4315087
2714903
1324213
398716
2764600
1504308
3134016
5508965
935999
673986
2670003
5782930
475770
1164907
4326759
716473
1020735
506752
591892
1273064
732513
95349
198380
2904387
453878
1035362
39827
1649206
112633
8128657
6184444
705257
1885078
332049
139251
1114163
4947938
3831979
2374534
24860
100018
128336
3284316
379958
1982293
100886
565427
2815014
4310486
2127973
2925692
885217
622113
180055
167996
752672
8620
2887901
1672674
1012000
1299216
n 90 k 6
10271693
108318
1935433
5104489
922028
10696001
1911649
211922
4173383
1055787
7118459
3201487
3659744
944935
178459
2232204
9533522
6701257
151086
7591735
2420949
1190829
8456969
1690146
1263189
4610314
5878008
57893
754865
4800035
663051
4192594
2412045
2975200
7075970
4667374
2139262
9096705
2713007
1103285
6979105
2660885
17619975
1058126
6396278
499792
3983831
5192256
2466323
3610445
3455321
1015116
769643
12215970
2527264
1981974
745108
3363018
6938194
1035105
10925220
1733200
965598
757515
1650430
3620786
8830609
5183879
4668124
752308
7401481
1377286
3356816
10917767
2187485
2409021
3466934
5915467
3461576
1888997
1908199
628423
1791560
436744
4031912
1750746
6377634
767871
1855925
4273056
2833531
4665941
6143426
6570843
2304926
6176544
7513864
4898585
5558580
2518005
n 100 k 6
263367
3642167
2237010
478935
6373083
21526827
5682619
2246378
7297641
7064672
1939047
4768216
7913880
4067250
1254587
3135417
1790103
823906
6114424
2040399
726771
5526222
6316384
9222332
4112394
6499910
396400
5422624
6934941
1312366
8472932
1588813
2865132
5316143
5003723
6989037
7248713
3522486
8782250
1332586
851482
1088520
11164860
23849426
21578733
17928272
1232859
892516
2625743
4471372
9959823
18576823
1583977
2459926
1680600
4434439
3661029
16145752
6999620
12684914
5672823
1457798
14463974
22777125
16217855
10282344
6760644
94633
16333687
9756115
1886324
16116006
12802958
715053
3167766
3980909
581180
6969213
10460689
7448491
6706220
199560
842788
15689698
2596209
14587039
586671
4164595
2706372
8516519
2260267
8692047
294797
1869296
700918
912714
2269782
4265249
7748476
3142178
