n 20 k 2
169
103
125
117
286
142
288
78
182
183
118
88
112
52
96
171
94
335
417
26
132
164
520
59
103
238
61
95
168
22
104
335
42
128
91
88
183
102
45
70
46
81
200
97
71
316
109
268
117
196
35
107
61
105
126
181
67
83
126
213
353
179
46
110
94
121
50
131
40
255
438
31
100
130
120
190
86
138
214
130
78
66
260
57
85
92
207
208
98
84
104
796
308
104
226
314
127
296
66
230
n 30 k 2
117
37
111
226
126
493
766
232
168
165
188
150
289
50
290
252
534
251
318
176
135
212
342
148
327
684
138
550
290
289
1108
171
458
212
123
227
111
482
133
163
253
114
296
298
253
195
114
419
185
107
402
403
292
467
212
152
114
195
89
192
232
474
158
658
223
446
243
320
463
651
210
180
397
91
100
474
496
317
346
455
81
419
696
399
85
748
146
334
454
123
231
168
122
354
522
300
185
707
327
262
n 40 k 2
810
258
337
494
1482
356
574
231
774
1229
535
1238
590
1052
271
357
329
292
305
330
501
155
273
805
578
848
1100
215
570
581
250
1377
125
204
225
509
285
493
328
557
1424
586
235
415
602
464
210
1579
276
1837
652
591
430
424
299
534
819
216
95
200
356
1518
528
360
281
223
140
420
475
451
391
524
679
209
267
534
1051
856
502
311
631
530
1125
599
313
295
239
604
331
613
694
192
650
1082
710
181
448
472
354
219
n 50 k 2
404
810
270
454
367
267
1083
162
350
384
142
750
588
1047
509
419
263
1419
411
218
544
1291
292
303
587
918
527
697
1444
422
1602
582
444
171
564
323
728
622
1506
213
1520
452
1009
1136
605
912
933
933
915
235
822
366
1103
314
130
179
791
427
218
725
589
705
569
2103
1783
614
1191
455
2265
245
1584
463
750
313
483
452
674
758
357
261
730
174
441
1474
562
594
464
713
1877
523
563
815
1888
184
2178
305
675
412
812
228
n 60 k 2
534
2078
940
329
593
382
961
532
796
3938
382
333
298
485
500
526
539
322
3242
1138
1291
740
1010
1215
856
1987
243
822
1347
1520
717
1709
1704
492
928
708
461
1661
908
273
1028
571
566
930
1073
761
1380
916
1444
878
523
594
815
1347
1604
1341
707
1178
369
2951
603
2226
1309
1057
2300
477
1750
570
2065
2123
263
938
298
677
989
629
749
827
726
1019
758
625
1170
855
1684
839
601
3670
547
778
1417
579
531
922
1389
506
1332
455
847
2748
n 70 k 2
533
1926
691
505
1821
703
3165
5066
1959
594
1231
387
471
879
427
887
868
2293
970
3260
944
1031
2448
1730
342
473
2134
483
939
946
2279
456
673
455
1749
1064
1575
850
751
2145
908
925
457
479
1047
970
726
1113
1022
2467
1993
911
319
1383
733
452
1009
1429
1043
853
1798
968
2594
3684
537
1662
1539
3303
860
1293
1467
681
2142
633
1098
664
1305
1296
643
2409
1163
2479
711
529
837
1279
741
3054
727
590
2582
1102
2500
304
6110
3112
925
2679
851
709
n 80 k 2
1021
3425
2107
1610
1198
646
424
1350
638
1402
4554
2831
1145
514
1695
1250
1348
2301
3990
380
3943
6162
1992
1155
538
2418
865
1427
645
2310
3447
1724
1482
3326
794
672
1068
807
1024
1381
1792
1489
1345
1602
989
1142
967
753
2109
822
470
1389
586
618
2103
1725
1907
1902
4016
1447
1598
962
860
1018
955
1113
1245
2626
760
2017
3521
1235
1471
785
3746
2512
994
1207
1220
3836
2156
5766
636
1197
1210
2237
1133
1717
1262
2969
1486
600
2504
4121
4162
2190
604
947
783
2632
n 90 k 2
1940
1272
3720
859
2114
1680
2559
1230
1546
6075
463
1179
3169
1832
1306
1044
1309
4047
1466
960
914
964
1944
1810
1547
1054
8167
1566
1707
1734
2543
1767
831
1729
3620
354
2863
1807
2609
1890
2167
5833
3269
2458
775
1410
2428
747
3426
1766
2244
2347
2835
2011
708
6670
1161
785
6988
1664
1785
1395
1909
1411
681
1189
3474
2536
4664
3847
2304
1595
876
1860
1970
3464
1363
2259
1601
2035
3363
776
1375
3014
7696
2749
1074
2522
1184
2836
983
1329
4209
1044
1189
4754
1252
1526
790
2358
n 100 k 2
2123
2071
2165
4925
3453
1907
8810
4844
7230
4630
671
1898
3087
3010
2253
1050
1470
1466
4467
5176
4480
2734
6849
1789
3635
4170
4469
829
1743
2923
2201
1262
1793
1367
1893
2597
2651
4272
1995
1615
1408
1810
1999
1188
8045
1969
1406
10216
3022
3765
1807
2343
4400
2923
1271
1355
5253
5619
2321
2203
705
5623
6215
1450
2738
4770
8142
5137
1714
1369
2316
2998
5480
1399
1570
466
973
1835
2790
2840
5162
2688
1514
2000
1040
1725
3776
687
957
6119
2599
3396
2644
1669
937
6609
1217
1666
1605
2356
n 20 k 3
248
326
188
508
270
326
535
808
372
130
53
257
135
56
578
338
762
88
534
142
456
98
197
489
323
412
357
264
36
315
106
194
588
387
816
445
151
561
39
192
164
330
84
432
92
574
110
358
756
427
207
80
134
354
259
53
254
222
388
43
91
185
201
46
146
177
101
175
354
107
465
145
484
183
771
129
1044
143
431
673
221
220
1313
81
240
575
213
115
51
134
289
282
157
128
380
74
492
151
256
219
n 30 k 3
462
408
1418
1897
167
304
296
1598
1259
241
805
401
979
1311
426
451
254
2615
117
176
755
596
252
361
2394
1180
386
1099
215
846
245
577
2436
167
806
1168
768
295
930
1986
2843
605
132
176
700
222
267
340
1141
1072
151
765
2901
664
988
565
795
237
3824
779
635
287
669
1153
977
244
323
1398
1225
1394
204
289
251
208
2032
143
462
841
756
2867
851
1808
347
923
211
1680
504
469
1174
1586
3087
1111
122
128
1928
2522
664
167
916
74
n 40 k 3
892
3028
184
6599
650
7000
2513
1540
1801
430
710
477
1385
213
1035
537
923
4063
4692
1489
5432
1128
295
1897
2686
648
2473
266
1368
999
1541
3192
2484
477
953
1182
3724
1383
2364
4120
689
1694
489
3334
1950
7887
398
1204
1898
2611
667
2153
717
383
1302
1378
1718
556
962
2245
460
1293
1803
628
286
4443
279
572
733
666
7165
4917
3856
2141
1090
1683
5020
9162
998
1361
320
362
1238
929
1289
235
1802
1412
4204
811
684
313
2930
628
2222
4748
2945
887
1266
2095
n 50 k 3
4884
1910
1520
3358
5302
1306
1783
5238
1218
1506
3705
2303
1559
1819
6550
1820
2527
1523
3338
1614
1352
866
897
4277
5034
2058
3372
1588
8060
4005
2710
1755
185
5822
3686
554
1929
8705
2265
1123
1675
2582
1877
1467
1196
300
248
1020
894
4109
4723
2349
1648
1453
2947
576
2866
9617
2037
2430
7401
493
504
2794
6657
1141
825
4549
2933
2857
4045
1718
4262
4905
7757
2358
4940
1299
2533
1047
4287
4502
794
3256
4811
1748
5543
3301
6520
5863
3121
244
821
1936
3362
7903
4296
8794
342
3119
n 60 k 3
1450
2562
1562
984
3174
4802
1305
3660
3758
2530
3996
2328
4236
2833
5576
2439
629
15791
1455
7951
6423
1309
926
1718
910
9019
4613
6762
15251
12116
3216
833
2721
3188
4443
2563
1492
1301
7308
459
10751
5586
5131
4528
309
1767
4332
13883
3534
2221
8786
5752
12352
5353
4467
1522
1674
6405
5887
1117
3954
3244
1084
3405
2896
8616
4033
664
1823
10225
12248
6905
1491
5839
2439
14001
2740
2707
1641
1556
2036
965
7020
17699
3669
11411
14032
25651
1807
2643
7170
2322
2836
16609
7198
2257
16016
3298
1292
2896
n 70 k 3
3880
1798
6617
2649
14960
12642
9717
4551
5472
1235
643
9597
7099
4667
3190
2247
9761
6825
5669
4253
4463
8868
9009
25276
10945
858
5277
5074
10014
23988
5237
5129
2749
2986
9587
10335
13986
10005
15465
1663
11771
26155
23530
12119
6807
2870
2504
4306
12506
2157
9521
7264
8099
6078
3831
3954
11026
471
5037
6731
7692
14091
5475
17790
50088
845
1682
11705
466
1867
1861
4110
29199
18851
7746
2656
1344
16602
7544
5689
23461
525
10767
12212
12959
6098
8617
5310
738
3420
16991
7779
1429
758
4371
12052
5183
9139
20234
3079
n 80 k 3
30955
8636
1634
8402
6323
1081
14838
15096
37870
5218
10493
10828
8616
11327
1291
29243
1762
1892
6847
9915
49462
1366
4282
24792
2801
22534
27014
16173
5127
5613
7405
6096
31678
9938
47756
926
22163
11807
14045
14829
10876
10226
14357
381
13856
1986
14755
14333
2217
6040
16370
15891
6201
7700
6314
1527
1698
1237
4019
12588
5278
9415
7670
5336
4182
7253
9402
4239
17415
1284
4909
22652
5749
6079
14436
39436
4007
7826
3586
14197
9695
10204
9136
2359
2540
3612
17150
11379
18837
1470
2991
23411
52287
10053
5156
30571
1689
18485
3983
10773
n 90 k 3
23659
19708
11687
18755
5356
47667
12365
6778
15734
9545
2375
11546
7983
8931
1180
48663
22641
8253
7327
27026
4125
1543
21055
5877
7077
89330
9348
1775
5853
1825
25244
8566
4930
9910
9621
14283
28864
48692
23330
64146
37695
2597
36696
2805
8643
3505
29713
1952
53368
2206
3552
4804
4196
4588
55190
8032
4237
6369
39122
4401
1124
4323
67337
8188
18200
15315
20960
16655
51482
50168
8267
3389
28184
10603
7741
17008
16548
16153
2245
13910
1426
8875
44809
4314
5782
12068
22796
8822
29448
2728
12482
2013
14656
8548
27674
13068
14236
16157
6117
895
n 100 k 3
5645
6519
11367
13453
7216
94949
50396
8239
16625
20481
12810
5547
50169
20476
18402
9412
9283
11882
20211
14640
4530
35679
8189
71647
27307
28750
16594
17787
14385
7144
39735
15963
34857
55030
25253
37434
82043
28445
3577
10388
22055
18707
12562
9867
6010
6740
45950
20206
14415
70750
61212
20367
48424
6152
7173
6987
17799
6174
12532
17085
34062
6064
46499
44866
6236
1958
7969
12132
45243
1934
23555
10788
44745
17138
19649
34820
15722
49227
12908
15446
5953
8101
7132
49545
18488
5545
10273
6541
48117
8466
16976
7814
15061
71428
17329
14889
5193
7765
15390
5239
n 20 k 4
223
338
127
132
106
1444
1501
1446
387
853
951
202
211
327
790
329
176
203
480
116
37
874
714
248
811
202
396
145
1675
252
646
257
796
288
64
755
1039
77
640
1472
335
202
64
177
795
744
1371
303
378
690
371
487
337
165
948
287
585
1724
477
1574
1055
104
262
50
312
1491
875
143
704
160
148
622
1214
469
231
328
86
371
1212
66
206
364
104
1389
730
341
445
407
432
893
195
420
266
117
485
256
169
104
276
478
n 30 k 4
2537
260
556
1638
1190
1469
1164
3436
262
2104
921
557
1125
5717
780
5079
1035
881
822
1315
3966
3357
2641
511
1454
1874
1443
76
1411
734
1550
8645
6263
413
903
2066
649
3768
284
204
264
274
111
996
2517
1094
6761
1404
2038
4017
1142
8269
888
1483
491
1738
871
3830
1127
164
3091
1102
2002
2323
1305
960
4411
1703
613
4597
2105
2237
4594
926
2030
776
1173
4288
751
6213
1136
240
986
760
2587
153
2938
1267
1042
698
1189
427
1719
105
2797
852
2468
279
1301
3537
n 40 k 4
4711
6224
10745
6073
1294
4678
1623
3761
921
1755
13768
16890
4036
7970
9611
10915
690
12383
1622
255
5784
1030
9474
7169
8898
3023
10950
4124
3647
6187
2153
874
11395
1772
409
2966
1988
2244
7407
1061
1325
9709
7837
6190
12362
3710
4869
5533
2727
11736
546
1617
3795
7096
7781
9177
9680
27766
6027
2568
8749
1993
2431
2491
1227
766
280
4530
11128
2813
27141
2987
1248
3861
8498
5744
509
7931
11294
4328
2564
3428
5124
818
1210
213
4235
12018
2221
18986
3170
611
9365
12056
17107
2669
2352
12053
3430
2839
n 50 k 4
9813
9680
24956
28118
20208
1788
13262
26511
20788
53837
3266
9461
8198
4424
14745
14509
26894
18839
2492
37214
39385
21359
994
20856
24647
7461
16393
26337
7833
4335
8911
18271
21844
17911
9765
1216
19045
15892
7796
31144
18250
991
1483
4339
1606
6171
62076
2740
4697
3095
12494
11641
608
3362
5471
2391
8055
5733
34738
21749
9631
1885
5221
9070
1212
26446
10236
9778
27535
47202
18741
16526
13047
5805
64525
16146
34555
2742
3385
1422
7573
5290
1666
26617
473
15596
2220
8785
12508
11822
23632
2650
7406
7227
1545
8274
14248
43706
4392
17988
n 60 k 4
4242
79772
8654
5308
4019
9587
38616
30675
26635
28267
29880
37593
5716
104290
44221
13848
23290
32245
5151
45466
13703
18500
14853
4399
7861
49838
10362
15591
13570
26568
25123
2025
38208
53667
22349
16868
16696
17117
14042
12864
35337
3991
7129
3804
15008
62874
9834
29849
40311
32275
2546
93031
2038
41986
2706
4072
20621
23653
22611
9180
12329
71580
6214
13959
19635
11119
5249
33638
28151
9221
31973
27748
14268
14341
1424
76052
46731
5099
19152
32802
7987
26833
1226
89987
18413
20555
13995
18558
39858
1408
44715
30426
55131
2003
20636
22498
31221
27078
20438
16975
n 70 k 4
99224
25349
54680
17505
24243
59160
6197
1391
49949
54078
27618
11578
63969
3542
207634
27054
52147
2457
20921
78386
50740
46997
4471
88037
102693
100531
37661
4569
35123
11608
44386
20273
28367
12809
119095
66390
79965
1335
76927
27080
152683
78943
88234
7960
16102
77299
7269
14038
14264
32147
7715
42333
38209
12015
1605
32011
80165
67276
32696
10025
14662
13991
49099
24136
34296
74484
49847
183974
67966
39551
34973
62235
37044
72918
80888
11633
22115
55953
37632
53473
19057
3255
35321
86926
84083
35920
68948
34864
16524
27886
36841
161732
71647
12308
62358
4643
7237
9380
6011
36131
n 80 k 4
51930
46343
1070
14015
17315
92118
98389
64178
41420
73064
78637
6473
72793
54929
2837
318724
3557
53879
59688
8403
40972
56674
66930
14889
97246
198583
16357
76524
26706
20382
143629
23844
140353
39234
50578
198862
29810
258493
107220
31510
19750
35658
18146
56968
34426
66299
70617
12819
287188
162643
169301
256489
35885
9770
46887
2686
46993
42336
36109
148978
4661
30018
218488
22606
57255
103673
52337
18561
186113
39488
33589
111486
25462
58555
35145
93144
37942
33415
65272
136766
50286
4692
42493
163331
99252
134616
99698
117340
87174
94801
189983
36320
196398
54119
7619
4539
40482
24284
11046
12637
n 90 k 4
76085
287066
76666
2474
184671
40875
187526
10925
13639
28750
7084
177958
48045
3125
58493
259251
103029
134890
38597
36335
27759
190905
53668
310086
91699
80219
126448
67820
113831
47767
45438
24672
16626
214323
114883
213840
221446
403567
515412
19402
350568
21638
130722
428703
148658
30468
59735
77697
100533
15662
51265
70591
3645
37739
10204
142107
164285
39409
186102
22972
156838
19462
27253
68123
101527
129448
25061
9486
42741
11522
88159
61621
48176
84092
8272
84590
249570
16336
107873
119801
15403
41034
52117
158421
63269
296352
34505
132582
17881
210603
145405
10545
19699
75853
124767
210681
46800
83674
106624
5888
n 100 k 4
55744
29175
2000
576955
74908
199058
197190
158725
31690
290791
75601
83094
11312
22092
67913
74095
411492
62107
115549
284764
109324
280044
119986
670167
17409
314666
186661
89810
63993
354082
133654
50883
247358
247581
586347
67669
183116
108098
154014
17769
202790
12167
163006
86099
79505
369078
200547
288711
132313
84401
706481
519026
294337
145412
36479
547508
368755
163942
35586
333297
315887
155259
56340
12934
53918
207003
73196
25655
1009805
198950
382897
210491
52652
129310
143989
2056
152220
21668
13678
307377
100924
270856
324523
294983
209117
49906
366865
194839
253541
66385
70619
220867
60578
33210
150781
161626
105262
444799
109969
197465
n 20 k 5
936
70
304
80
444
144
1453
267
705
256
198
145
946
804
463
1371
2106
1413
633
678
602
80
639
1080
1757
192
563
761
376
253
198
900
258
685
67
1938
844
188
448
224
96
283
585
427
400
755
1163
267
1126
1122
103
178
427
1883
234
688
1783
437
1220
835
691
1179
317
169
351
2211
697
1509
4078
325
846
573
287
82
1174
390
864
1915
1208
961
184
649
627
740
361
1158
1498
3894
790
317
99
103
648
1230
234
572
1062
230
656
2014
n 30 k 5
1515
18103
6512
448
9294
2891
1474
8375
1431
13333
5204
4038
5207
4319
4368
259
5114
1218
1640
7532
1200
547
754
3579
2507
6500
593
2787
7462
2330
7343
1150
3289
1170
1949
6935
1394
3655
3008
553
379
3019
2003
9664
195
3579
5969
3746
5593
2019
11023
2832
71
7376
1747
3026
1477
3548
1994
2329
7661
16374
4155
971
2598
3580
7479
1738
7460
578
561
2568
1662
8056
789
3195
513
9009
2557
254
421
575
7756
3470
2307
11704
162
3721
2531
1588
1661
2827
3609
15617
1333
393
518
748
6536
827
n 40 k 5
2519
2433
13023
2866
680
25498
32154
32348
14112
12715
8890
586
27530
4301
931
4010
2801
20493
39664
7303
22984
4992
557
5215
7852
43618
17908
15408
30958
17860
28014
27248
1830
8329
26852
526
847
524
16630
7322
4911
9561
5006
5786
10524
6025
16220
23614
6082
13902
417
1830
7117
36980
5619
11285
9820
3274
12073
20203
26707
1647
3496
6199
6369
9156
45795
27720
18942
22082
5330
2681
4016
1911
24387
20051
5148
804
23844
5167
13786
2861
20976
989
11160
8574
4361
2874
59201
17251
20170
4518
1762
30323
3561
6368
15125
37439
10564
12155
n 50 k 5
7064
23805
17295
77398
21900
100449
1147
22112
13423
188680
21939
26156
22980
14645
32535
117156
95871
13472
102030
120787
1058
83782
2551
118485
10907
55595
2556
7950
83856
2509
116997
30866
56847
11283
57117
13998
71611
5384
63126
56864
30723
32153
52502
41172
9551
17395
3592
80016
39254
39164
14000
105996
81470
12448
40158
57804
34095
75637
101638
81936
105195
105589
14339
6893
5926
8600
7094
39120
57861
13796
64583
22323
3041
56319
38006
74260
38202
10820
44688
27850
48711
56921
9570
84707
783
51499
3913
44352
35975
22646
27624
3478
182835
1960
59177
65253
65949
146825
73933
44019
n 60 k 5
172735
34496
16691
36886
23254
149091
111228
234955
120081
70677
200286
207542
69577
13487
46871
123133
47270
194165
9580
55284
140570
74563
96544
10554
173014
91925
53060
153172
32528
48472
32587
32452
238875
30386
67883
82730
16048
156855
222523
51615
22442
44203
95910
16556
135629
73042
68744
348656
124134
62059
43533
428320
48661
191526
41417
37372
3904
244748
32243
308198
105752
76290
42996
83565
34406
177289
288713
26142
19805
27206
104645
16048
311189
38078
130393
71373
114803
99428
14413
144701
102958
31376
101407
24844
172897
33400
11853
197541
22331
311121
334249
28684
38475
269172
79034
16894
120266
115329
11865
221007
n 70 k 5
210150
19576
259524
158458
42452
572676
139976
106284
47208
401873
61856
194290
222034
134659
46849
109068
239416
108518
47696
443191
403670
80156
68079
215475
143954
165367
73729
318970
7227
72009
86834
57501
4302
31250
19165
370195
417991
158962
45521
12320
15891
65803
318755
86562
490183
94327
128038
327376
204773
242839
23861
261738
681044
93172
829682
415235
325445
150937
159648
185094
754861
283334
37885
170250
1240
75679
19391
96508
106217
19159
251179
262263
356530
5129
94112
48387
780072
61670
535330
177019
36213
41323
6489
329344
754906
37750
367797
3861
243427
122675
147064
89059
233108
61543
15597
255114
659145
60250
238845
69140
n 80 k 5
644452
317160
52903
226474
552975
1835805
52893
27907
145244
50597
132047
479529
124450
84185
308135
130612
725352
856959
91806
10541
576736
657360
540559
767379
170220
305152
611090
40886
114859
160013
79934
763776
112239
316378
246470
632139
24755
362173
33039
988494
260592
79556
635309
665279
271227
54464
1078040
1156523
197013
591083
85007
214228
484017
14791
717644
465191
290538
395570
643405
38157
127652
321367
756600
324993
332954
240702
2082524
95308
857843
68703
617176
102210
341140
133599
83315
982557
423928
94621
91444
137244
236219
262692
144411
697646
147485
1247994
402655
284401
415097
243657
472687
58994
529023
281409
1100638
172397
767666
73021
32065
360720
n 90 k 5
1545797
1865776
894057
1830705
655150
874591
2211355
100846
8118
509124
357165
106776
840567
911711
1344027
1541629
1047371
1168653
822730
337472
918283
391732
345714
32503
154818
245334
119549
1077953
175973
102279
1281909
744735
1331690
81031
1138559
934720
393237
20619
594388
517157
696934
1045316
500569
1590162
2748846
114146
282822
1033296
1454150
18789
2371884
187913
132892
15744
653461
248543
87497
1037886
317024
459916
303663
343789
936672
101415
1756670
4272066
70967
20834
1806975
784012
1444587
863988
1356408
442481
224001
560388
1425956
453268
14875
1514692
896564
1497421
1024243
1657657
1723775
148288
555463
802482
47464
1222910
221005
952077
1347639
819724
53413
1524421
583138
2628317
1250024
193096
n 100 k 5
691429
83874
2298029
723116
1036313
1259728
807216
725308
1262125
1992299
38052
86498
247805
7064400
4046055
177533
1277411
2189792
40266
573565
318117
426002
1476858
2227336
4189
1137065
2144599
967919
1651014
1472622
5979631
1788922
70786
500483
681260
746937
1220282
741452
87472
1053356
628244
106893
102838
1206597
1913118
386416
303042
1979288
1097362
2517401
921265
2611228
4977988
1255844
78321
602104
8837772
96790
243470
778915
2951234
819102
303733
367490
1260261
643402
912248
19115
248474
236886
1240855
1624468
2017610
340043
277152
3389605
596253
1073975
2134568
42007
140824
3124513
1229758
1561925
4025721
456634
925381
545097
351411
1370826
1498696
3022998
3166436
895226
160139
1826487
2353085
3026771
506634
240520
n 20 k 6
1173
2063
3459
46
1648
1990
189
1698
1085
1895
386
761
757
409
822
773
493
184
750
841
218
370
888
138
314
1289
414
496
475
902
179
424
2601
440
1327
405
295
599
378
1192
193
1952
1276
381
2427
939
191
2844
3260
3186
855
848
499
386
578
2457
813
85
281
1108
432
952
1841
3517
228
270
2484
2085
688
681
1580
1057
629
220
2647
895
2694
213
1991
5346
607
328
761
1532
263
255
2136
1923
127
445
1525
822
1680
267
917
818
1278
855
325
1969
n 30 k 6
774
1322
1196
11412
8415
14647
6755
9507
7400
6596
25270
8351
1199
423
19718
2029
13311
10130
3589
20214
1704
2073
5414
12135
417
1083
7241
4160
2959
4250
21279
1901
9849
15909
280
301
4703
7306
4041
1227
13143
2404
616
1998
4073
485
2645
7793
2953
7664
7665
6807
359
4857
14341
1544
1712
9643
8558
4722
1203
3832
15423
9042
9386
151
5195
5960
25104
333
2836
2751
3668
269
3470
16559
8220
6941
9333
9555
18147
9877
6521
15815
549
2994
16837
2862
2123
2207
7984
7149
1459
2929
1115
1393
13074
15869
7635
23690
n 40 k 6
80894
53332
28542
8338
12101
27876
39828
23423
19946
97958
43672
19918
36229
91081
347
69275
6347
103341
6292
18778
13362
14116
8496
89008
25571
40974
10368
7266
7678
9795
31871
58783
6513
30605
6138
18574
13375
11551
3400
9545
12752
37881
41058
8592
111325
76120
41733
36192
10088
4530
58943
11291
58569
18773
62493
30003
15425
38263
78144
19172
21018
83335
18989
639
42632
34563
6256
14628
9743
19110
49444
26647
124354
62172
93591
41995
16868
26649
8494
4239
17316
11577
16033
75720
2806
8741
3908
6709
18324
15093
118511
80264
8642
9543
67280
36383
6990
2420
14188
24025
n 50 k 6
186530
280810
39507
16498
129450
39774
126108
360832
39209
129011
278821
82491
141846
23959
156724
208758
22943
156353
113364
183651
668050
215668
2449
17662
99139
79308
133711
40163
316046
23020
4955
62692
28608
9074
326579
64579
27930
123425
96571
69141
15617
107721
178558
150956
419084
1081
12888
30931
110925
39293
99498
52681
45906
15858
90713
242130
84387
32706
82154
87724
413207
155447
157100
14354
238887
108343
111970
29510
123481
102065
131516
31884
43683
910
23004
105382
222211
121808
7166
8876
112692
96251
13909
145728
276487
13540
265198
110129
10219
1735
112750
60618
2592
22520
35586
27230
448572
93900
68787
229736
n 60 k 6
86924
37024
18497
59851
1172508
320042
105650
89325
408850
157747
698101
163547
183091
1603
37149
168414
20724
243705
297306
126111
30869
23367
168551
982924
844111
271777
21335
763995
5644
801882
46570
766443
357684
627738
573454
134327
677493
245412
131322
468598
177714
344040
12053
665425
287962
49036
163477
39076
195742
1016565
89388
158027
12192
210880
438457
427977
238742
118908
202095
196239
39048
1018965
505018
389969
316546
142579
1201219
484201
886895
71141
121981
5218
420438
1498997
322965
71607
88852
120507
336028
718591
580235
36241
619280
198431
488224
64605
1176243
104006
453790
8486
2890
251392
702993
203162
288590
203376
67667
116501
217672
12411
n 70 k 6
177161
263417
264144
149642
111480
452722
177951
1098763
499936
761562
258435
75279
304917
608605
106070
1141073
536843
974839
31866
1820538
2387183
1985881
234395
77004
908563
645840
2264590
281516
338885
1058369
605996
511617
1844599
949786
46541
1068210
167534
1060600
832462
92977
1043944
435569
529085
1628902
421978
958282
238131
863857
681967
1132018
873966
259849
243784
334231
995790
62265
525500
673218
607771
86177
1354111
220088
1277462
3215986
547603
131819
2290243
47861
1309185
237746
729754
62861
377151
1052548
1348430
853335
180630
324077
745151
1647085
982121
258055
270856
1075606
49560
209814
938123
473545
625806
2379254
1172326
1410756
1050574
2197045
1064548
112973
121075
456972
37989
795198
n 80 k 6
996071
1746961
27065
2825088
2344074
1203011
1414055
1420105
724148
162034
443016
629404
990558
1065384
3618428
4008428
2529396
2682871
1157690
1736015
512986
337588
9855
520303
2508630
1206063
5908223
1612635
2171444
750921
1670259
209664
2386754
1686049
7315
537669
113255
731138
2857026
7253384
1582880
628998
1885879
4018676
789001
468514
656256
433456
1744437
3499681
1557184
320277
1604383
637789
2854596
151198
471994
532382
283214
4583985
513477
330215
2124158
4030745
2405023
2399056
4784780
1689802
2322068
3149284
1603085
9839505
3047017
3839494
6515994
1507203
2581008
722465
4939833
101829
5437821
1252935
79805
768853
698231
72343
2430229
694080
155508
2229491
1970874
596450
419922
4500083
26468
105052
637653
1838733
2311416
1005804
n 90 k 6
3547643
2858510
2117197
2763927
4936833
14148274
2746682
7319105
1218546
6119348
944325
2752888
424676
9153661
5521342
2520833
374912
5524687
4853206
5922893
217855
379363
1189335
35382
7283311
2182751
1056903
2647374
1141790
2498019
7489238
5387868
1147312
3248871
2959182
3320869
11024125
1449104
524659
2903425
1678850
2133252
4321748
13109153
4601388
4592710
1514193
1638904
5062253
7443693
10345776
1029811
2511812
2790595
1536478
4141179
17603573
3792875
26398
839514
2099456
5801509
128686
1305631
9770178
328538
432392
6860545
919799
1435094
608144
9661455
10322372
9326111
5546360
1080768
5791345
1236475
3811881
116219
2017010
8953150
47650
11516679
391635
110766
1583861
3502480
2131197
595844
4055494
1438519
98503
482173
131163
3088810
3074159
3731574
2371202
1940547
n 100 k 6
45224
12047111
708189
945369
591928
563261
3957491
8803899
532476
17160513
1770382
929113
7106107
6980526
6203495
2674884
684371
26546
7630853
2504254
2279924
6108589
2758147
3437695
1263417
23768712
2345973
1625670
4699597
790687
7717605
693028
7099985
333597
1776343
2429764
1929648
10497881
2820530
6684412
14700689
1698722
20935201
2764789
182890
28482
8750034
8158190
4170898
1867029
1915284
5562798
10327374
8967664
9893643
820122
7416578
820219
3217742
6933675
2813625
6377505
6235107
12950802
1789109
395225
272602
13660626
15569704
7171839
10403199
4011509
8567244
2466631
20853980
8295701
19377359
4104549
3868586
16339409
493590
16235803
22297803
430579
3398406
3944912
4145106
26849570
4520969
5816765
15601628
9183626
4463235
1901344
11545168
1239272
5059122
6198941
15152147
6066410
