n 20 k 2
132
91
31
123
45
227
389
86
100
93
55
51
105
486
112
144
63
257
101
152
44
100
98
66
217
371
135
68
70
146
180
44
80
176
94
194
82
83
76
507
195
238
43
96
186
33
140
176
68
30
26
227
163
82
192
52
91
127
386
103
124
180
110
96
47
143
67
112
89
73
160
147
211
197
106
262
49
56
64
69
84
164
57
32
79
266
101
246
102
60
170
128
138
38
179
52
108
35
117
103
n 30 k 2
148
180
144
423
285
201
328
79
141
363
414
439
356
73
233
262
144
253
336
467
139
333
424
188
533
490
316
145
449
215
80
247
404
331
246
249
195
123
173
836
131
223
671
654
456
320
298
301
180
217
329
748
202
87
157
101
462
235
200
119
489
169
452
296
116
630
248
82
179
158
345
711
235
63
308
192
313
1122
287
378
118
99
546
305
121
117
494
176
200
210
390
655
607
260
1150
121
264
336
131
333
n 40 k 2
1517
77
206
538
293
946
413
425
503
346
784
467
184
529
134
257
1023
697
589
236
636
671
473
608
1106
341
222
539
313
312
482
319
318
256
1538
341
512
693
2495
433
1637
659
268
161
193
489
262
901
409
151
880
148
470
163
692
939
784
191
993
587
417
261
496
265
274
954
820
690
297
457
903
1078
247
605
302
575
471
181
456
694
1309
798
825
508
819
333
191
1466
1122
1322
967
833
381
206
159
330
290
778
344
255
n 50 k 2
542
520
335
392
701
330
1179
1671
879
2775
518
397
831
507
278
1115
896
491
403
287
388
660
1315
319
839
721
416
939
1115
521
816
705
1342
419
234
167
546
597
329
354
378
730
323
542
329
1149
701
876
2075
256
527
661
838
504
638
756
1282
419
227
1241
614
946
319
1901
417
492
516
591
399
219
472
789
546
1100
582
693
914
515
470
303
435
661
1494
299
1035
1213
270
953
406
1514
277
288
632
515
401
621
184
939
505
388
n 60 k 2
251
1103
1463
672
1379
1050
787
454
270
359
1017
3029
1400
484
2434
2427
1374
240
1779
543
261
1429
1015
1504
749
338
777
1596
1729
2092
365
3447
361
1738
508
718
1378
1848
878
529
231
326
575
1596
544
1575
858
1607
1352
1261
653
520
839
1688
1897
958
831
1376
3686
1369
426
1539
471
838
1269
696
1150
361
1847
547
1648
457
1076
289
1874
2336
1273
1618
1021
989
500
878
778
846
1335
689
373
1491
826
948
1919
1451
605
360
3103
1702
1125
1904
636
1675
n 70 k 2
960
674
997
5134
371
2268
2519
696
758
883
435
1705
685
805
1237
1884
619
1132
688
1801
797
1979
2644
881
1414
1090
1762
398
2435
1353
1655
1217
2509
2070
1159
1306
2443
1496
1466
383
330
865
515
2057
2612
1430
1411
923
535
999
650
1778
1582
696
2105
2126
794
4575
550
1817
1724
521
2573
760
1310
972
884
3134
552
4503
619
759
437
381
2058
583
1883
2701
1962
823
1838
1105
1893
1064
853
631
1322
3991
478
2119
3527
2489
1775
1132
1478
1450
772
914
2142
1691
n 80 k 2
706
1443
4279
1168
2600
1621
1119
3258
627
2181
1058
2290
1832
643
1228
645
3627
512
2970
1033
869
515
412
723
1134
2518
2833
768
1071
6359
829
864
994
1007
788
662
876
869
2221
1679
2952
2573
2830
822
2104
1077
3892
1246
775
574
1329
2749
1136
837
700
875
2854
3090
782
1099
4926
1692
2152
3393
1358
2063
3070
2600
427
1671
767
483
2049
844
2249
1214
3873
2093
765
1420
2854
3351
2326
5893
2766
1937
830
953
1676
877
3347
1293
745
2720
2848
3248
1073
863
3352
3426
n 90 k 2
1559
2129
1146
1198
2770
1575
1107
1295
3676
4194
904
1567
1654
5723
2073
789
879
3526
1677
3448
984
1841
1155
1987
2051
569
1513
2369
1186
3174
2292
1150
1023
2648
2764
1382
2345
1438
1179
787
642
4968
999
2129
1683
1633
620
1698
688
1306
431
8248
1040
2155
1923
3951
946
1381
2067
3273
1066
3549
4003
2859
2633
305
3668
8631
645
2827
1437
5362
745
3682
1557
1425
1435
3485
2786
8819
4035
946
4558
1399
2217
1275
656
989
1519
2352
1646
920
2870
6606
5702
990
5801
5890
1996
948
n 100 k 2
1703
1797
3426
7767
1862
4807
4257
3853
1357
2401
6875
3854
2280
4588
2075
2491
4018
2383
2233
2231
3008
2886
3383
2731
1338
4275
1640
5053
1023
1712
918
3151
1975
896
4554
3658
918
3402
1103
1854
1205
2478
1542
1981
1851
1761
894
2230
7093
4304
2944
1895
3351
2962
1232
1280
2490
2898
1340
4844
5987
1008
2584
3158
3541
2900
2327
3048
1955
1849
2493
1694
2410
1225
2612
1748
2229
2512
8525
3996
1893
2819
4244
1757
1509
1698
2959
5906
922
4210
1627
2720
3223
3061
1648
1648
2569
3339
1272
2495
n 20 k 3
366
306
65
157
115
89
750
185
310
51
88
78
241
303
1519
97
313
170
126
207
103
68
550
131
857
67
59
300
260
149
88
124
160
156
98
376
102
87
176
42
523
148
216
175
54
340
375
303
338
324
456
57
79
115
566
251
93
660
246
127
145
52
111
251
252
136
192
754
288
835
96
289
186
132
308
31
248
97
45
786
81
418
171
122
82
153
413
323
305
187
339
193
220
474
250
126
135
86
342
141
n 30 k 3
975
891
405
238
371
593
193
905
716
231
2640
204
314
101
1082
379
1471
412
2898
226
710
1772
961
286
3217
639
387
808
1595
665
274
263
392
82
1171
111
699
400
554
332
256
1330
353
467
665
320
76
277
304
1216
550
1557
527
957
798
1256
296
1552
2290
476
368
785
377
213
1407
539
674
81
287
605
726
448
67
310
587
352
696
404
1690
325
443
858
167
242
1744
819
708
2013
236
507
158
376
779
299
693
448
977
935
1068
340
n 40 k 3
1137
4581
3806
2504
2352
152
854
640
845
673
2500
835
2836
2756
769
750
1039
1421
7897
2678
2232
2720
4724
220
2854
2951
876
474
995
4341
6364
781
2736
1505
1608
2086
377
3801
1288
3780
580
2080
488
3504
2301
1567
850
4501
2214
1883
587
1404
1484
606
848
1800
275
668
489
1770
1523
5160
374
404
3390
1019
466
3160
451
912
706
2144
1339
883
515
459
2405
2256
1042
3838
4687
2514
897
3603
1440
985
557
1374
2898
2843
3897
843
1402
690
702
2585
3484
348
596
1901
n 50 k 3
759
7828
1941
2116
1882
4030
2555
5120
404
2141
8328
731
7233
179
3346
1272
1044
548
3403
1504
9920
1581
1379
582
6075
396
4891
1953
6412
345
6506
2038
1131
791
3861
2692
328
6815
2040
6543
1466
10127
7846
10288
10089
2853
17204
2650
5254
1803
345
4890
5684
1816
2476
5865
11028
1801
10176
1892
1835
330
2578
4178
2833
2400
212
2201
7135
3438
1759
1881
4308
1718
1431
1909
3038
5618
4152
703
4779
1335
1513
3822
3374
676
3772
1890
1441
395
1619
15602
1320
1284
1941
5962
5940
646
359
2451
n 60 k 3
1315
2960
13632
1575
13787
12353
2183
774
3596
18665
4462
1447
3396
4728
1144
1044
1647
3069
1985
3573
4386
2805
1269
1735
415
5629
17678
3162
12217
5940
5559
1004
1933
28692
1920
1448
6036
5064
4511
13762
2677
3305
5610
10993
2145
6533
1387
2438
5547
3288
367
2053
4358
1683
6102
2012
6785
4049
1924
1384
7747
1465
1266
1237
9691
11344
844
3744
11402
6096
1656
6394
7460
946
1695
774
2975
6082
328
1280
4007
2199
3172
2761
1893
792
3125
1668
3661
1437
3260
1945
26695
2209
1028
2746
5975
9292
1271
1459
n 70 k 3
2765
8070
10282
8834
6668
4133
830
4245
4644
4367
2172
11514
14300
4748
6068
3107
7924
6469
7438
3472
3860
20373
13616
7027
7791
15302
4778
9706
7323
5432
1723
1180
9459
1871
13249
5611
742
3569
2782
29186
10928
8942
8731
9447
12371
9557
8627
1998
3213
1843
4333
2783
2863
9190
39393
3813
13127
3983
14404
4094
2228
11872
6684
5362
15213
9323
16056
19078
1916
7060
12956
3899
3116
2646
7391
13552
5815
1575
2129
5489
6941
9277
8624
20707
11502
1944
4700
1910
12106
2363
16354
20012
7897
2412
5073
4684
2377
3415
4060
4519
n 80 k 3
46854
8365
26138
3765
6414
29453
2405
13313
13627
6077
12489
14861
23818
13936
13508
44733
6253
59122
3025
713
20678
21484
974
11502
7108
11752
22932
3403
13316
6651
10065
19546
16245
8922
24264
24616
817
6376
4668
14970
1015
986
2385
2603
27953
5093
10224
6412
1312
2319
2934
2457
10483
47168
7899
2193
22026
2927
4695
8713
4506
2778
6785
14038
16857
23823
31478
2825
6471
12305
24705
10019
43691
7041
3627
2060
40969
5948
24911
7527
5826
2876
9994
7806
7840
8554
3166
1005
3020
9913
7051
8654
22426
3162
10127
20300
3280
1892
18596
2129
n 90 k 3
6836
22435
28888
7420
2604
1529
9574
32702
8915
19055
8973
12259
10391
5131
51717
8354
14448
10112
3809
19664
20198
3722
20730
7850
3300
16415
4729
42470
23785
16005
22835
55836
14665
35028
5516
11250
11623
12645
13276
77269
47577
19418
18870
71796
1989
8822
21863
2577
9327
1245
7270
9671
6928
14273
23970
20160
5864
18618
3411
13997
3872
26049
7145
28299
4623
19775
5564
11493
41868
12108
1708
8362
38262
2612
24451
15108
12803
18504
15244
80791
15404
11655
11301
45608
1114
5547
21912
15696
3748
8072
26191
32163
10251
32496
2454
5021
25924
28785
15768
11013
n 100 k 3
132539
34550
11643
14469
28985
6483
19646
12236
47381
5446
30702
25664
12999
19874
8245
6511
23362
36985
36251
6420
13684
3370
28703
27739
1805
4685
14763
12406
9384
3097
12334
35859
60916
6952
3961
7853
28744
5324
37061
14531
24767
10005
64787
65557
54235
60639
74663
20749
58667
8915
4769
4835
9224
14480
18247
3648
14832
40080
26720
9012
41102
8416
23767
27197
50286
13764
29511
25877
41960
13799
26463
4804
73553
9604
14816
33114
2602
26737
30210
4002
16230
6190
7680
44553
29156
89076
15125
19876
5556
17191
18721
29603
46409
26048
10194
3373
14937
24231
3923
3071
n 20 k 4
272
792
1246
332
1133
461
124
808
484
232
1566
115
156
106
48
135
1302
335
420
332
354
699
234
366
628
477
270
212
194
133
900
96
500
1030
191
175
829
54
59
306
103
1598
2010
489
943
297
790
734
420
2640
604
394
643
400
1525
431
167
212
111
844
104
313
270
549
75
1014
50
862
377
1619
114
184
342
281
281
964
34
460
183
1181
663
233
352
405
294
437
142
317
987
1279
704
84
259
350
137
146
436
109
90
28
n 30 k 4
346
2220
587
1765
2621
2137
361
1691
671
1028
109
280
697
1140
1884
1458
1035
2545
3607
451
9571
3846
539
658
265
1875
3532
1097
323
5039
2377
1442
3970
1211
781
1094
1772
457
2403
2771
1391
5074
2503
1065
3316
2721
4892
517
1973
2500
223
826
2840
692
989
160
1230
408
522
3154
1080
407
2928
2112
9955
1261
2135
2619
3872
3277
575
1731
882
5339
1028
634
2386
9369
587
417
502
273
1226
1744
5714
963
1979
442
125
955
3263
631
2528
1334
1037
1244
1831
9885
1667
514
n 40 k 4
4389
6255
3354
5208
8100
6292
23833
9846
8478
1822
2673
4971
604
6125
6971
10790
13988
7159
7716
9695
5545
3746
1490
7626
1907
1420
1532
3610
3123
7628
1902
1838
5082
8860
5727
2968
2675
2706
1835
4249
13721
1863
934
1345
1163
4448
4395
5442
2298
1734
2536
7394
4184
9402
8332
4992
2148
8961
5415
1113
11688
5734
4130
5364
4741
2540
9859
5979
1514
12005
6215
19001
5610
8742
3711
5852
1412
781
10501
1498
3749
5672
2289
3118
2318
14411
2523
1899
7723
12484
2512
3928
536
3972
5945
2080
24666
8486
5719
9630
n 50 k 4
8597
3943
20008
13823
7991
13598
38081
5436
9048
7030
29931
3121
21577
27974
12961
17992
4393
2243
11930
1097
420
3412
8785
23399
6507
13496
9987
16919
19255
847
12368
20767
18919
8526
2559
28184
6280
6824
4086
18591
5131
13467
21807
22086
37500
24279
12328
29121
1228
508
3429
2852
34745
9335
32757
14644
1191
3209
5232
7474
11377
26106
4206
5665
5411
5314
22736
3931
9578
3907
2349
4356
19577
4087
438
3603
17232
4125
10123
13145
25417
4893
12011
4904
15523
4050
4485
1098
3767
2735
6366
13048
7501
13398
5195
9766
6193
7679
6369
2851
n 60 k 4
7680
56632
14858
6308
37930
16433
11117
6323
55077
37456
47067
109824
18871
5617
5363
57378
5625
35301
6742
9158
31867
4026
56344
16045
20278
28788
14008
7770
42321
14430
27348
12768
6366
21188
3615
23335
24329
11154
39252
14215
30937
16563
19824
6806
3171
62623
69695
61967
22183
14036
33888
1280
19671
74436
5558
21085
63787
24864
36244
43034
2652
8242
18667
5362
35989
9543
15147
16644
15530
113171
5477
14168
3862
24620
15274
5051
21673
37400
11772
12180
24358
86408
17005
13011
4521
22005
939
36849
43067
27985
12936
21873
28625
2197
28506
17374
3784
13294
15352
61052
n 70 k 4
2428
55667
29178
14711
217088
21215
46085
103212
87227
109401
16634
5349
20465
193663
14006
69218
63176
51380
3659
138444
11014
54685
33404
35589
45206
18978
82768
143059
10046
7355
8005
20989
8705
127798
61058
57136
5428
49812
36259
94102
2743
23615
48412
4055
96558
13499
30512
5572
12201
92904
91166
9747
37745
54393
15341
98475
206746
604
68976
35823
17321
45639
151354
7884
110984
134164
12206
116889
93912
115475
26323
16488
93628
32883
15015
7197
7037
99455
22332
25535
13815
17347
12523
35591
10760
117607
35115
68373
74327
249325
21121
15868
90696
23621
28526
7905
18500
61303
34044
42556
n 80 k 4
46636
67974
63414
31231
2110
115830
4560
115443
66413
9797
78473
325317
63864
36325
20803
2645
115177
25388
60191
42039
69974
99656
77684
150941
53051
4492
23751
113142
1811
190648
46297
160080
56648
19132
17394
43854
30429
26197
2651
88010
11070
22077
146196
315314
19261
17039
85021
16994
110188
107150
220488
15822
191407
130573
25694
20808
65871
71905
197029
11080
58575
85856
63488
28090
110164
22059
6039
35113
11425
126436
297400
445303
28721
22378
97605
80677
62108
87084
69141
4513
139493
53992
32951
26154
5276
33478
115974
14234
102025
49531
100842
36508
152098
26928
82219
239281
62811
87322
131421
87537
n 90 k 4
218328
87042
116489
13778
80653
103010
65624
8047
84242
113315
126730
388327
16312
76407
62321
211885
172588
397256
204507
28178
326774
199155
45256
383534
145646
148341
112621
76632
53912
51416
32732
101148
228743
119828
43258
23923
9647
15986
7445
97260
141130
34289
355169
95056
15911
37665
235312
405533
76216
9009
60636
90058
297976
68364
64793
334204
97765
132137
49396
104683
54308
528727
237739
47370
137531
50598
180967
177306
91100
62601
117767
103610
161900
3593
51524
296170
35208
161400
136183
12091
316273
13891
92640
46640
151948
113644
25671
38564
56007
138183
96152
265705
131247
16072
182972
95338
382712
241589
135685
98765
n 100 k 4
65666
723388
92227
184818
37813
162100
262559
734377
44533
105244
33264
318537
55820
119205
29243
103446
5529
278260
219325
117715
224043
320158
168738
98166
53117
316463
44797
74769
500559
109733
41359
83562
64986
196585
6289
470901
152361
26936
44277
35957
316876
330046
296879
378260
452913
53050
162445
415902
399948
103661
243545
196543
280280
93366
211391
338464
191176
119067
67468
152577
139934
10059
154290
401882
117539
56509
179333
213016
240080
137715
49967
176989
151728
228380
179070
296675
102573
36036
204718
239149
72942
225684
5612
153930
565111
218558
366118
10649
358857
190161
234371
137004
91730
22076
4352
210599
345748
17851
417707
29465
n 20 k 5
1427
191
515
901
98
791
201
444
2296
329
268
310
236
1432
174
623
172
58
218
744
515
742
243
482
830
443
459
658
1852
496
663
137
633
1525
1081
42
549
367
1123
345
1321
1712
142
1432
1290
98
1474
449
1269
1737
650
1564
265
630
616
1708
142
274
572
472
1027
392
302
1270
216
1773
669
1031
507
425
162
590
444
1604
363
1847
646
515
327
683
803
134
992
1031
1164
120
371
114
703
541
154
393
1297
48
483
524
818
707
1079
508
n 30 k 5
6917
5039
7772
5453
288
8987
3124
2277
3426
5714
578
1508
456
6087
3294
10115
11807
642
5303
2833
5212
6771
3330
8559
9486
3451
6736
2407
996
5308
4411
22572
9295
7557
2593
585
2108
2669
1020
5652
612
1874
1620
1066
624
702
2257
5644
7422
2257
464
418
5925
735
9161
1158
8918
1529
1244
3004
380
2361
1446
2276
1521
4159
2763
1983
6070
3754
14688
3610
12459
6900
4364
8850
7757
2877
9030
6492
10740
5534
4266
4770
4803
9067
5149
2993
10729
1481
2297
1774
11516
3307
1013
14099
246
2901
184
3405
n 40 k 5
14152
23272
6420
5677
2549
5996
7521
16995
23130
28436
23092
6524
1162
815
4785
35275
56088
45607
8786
8956
11890
16599
14175
25686
6366
30036
26038
10510
25795
10304
5370
8751
1678
10827
10308
19572
5284
1057
6802
30454
13754
7256
14436
4540
3486
691
9531
3534
25163
9689
2337
7333
7587
11208
3833
7560
10852
15585
16712
7633
6541
17075
29195
19679
4445
18153
1576
12637
5535
16757
6311
22680
2674
22308
3185
21861
23052
9162
3655
61474
29952
6544
534
28676
25141
7166
297
5139
5432
13463
6430
3572
2397
33922
4656
41975
25140
16232
9920
7912
n 50 k 5
20681
48604
18748
8962
6983
2471
84580
50951
58628
65896
27782
30931
44223
7720
60145
42620
131583
66311
66170
41747
31553
17166
8101
56810
4477
22382
4845
16847
19749
3737
34849
112940
17718
58817
7311
94712
11417
121180
25614
71324
41073
96090
51580
601
48085
78499
41807
54152
6440
8425
11098
78399
91200
45729
38295
4779
69177
16569
57262
21761
91437
53504
33908
55458
3821
8168
184024
28530
54628
10943
135886
3693
12045
61223
62199
3181
3686
67351
32250
39250
74670
27729
18367
20165
2588
74007
137520
32059
42781
26833
123485
114200
3456
40992
35487
6650
25735
4092
58094
28683
n 60 k 5
81648
102197
10767
22773
136614
25808
161784
29015
12873
424579
125545
39647
38499
203044
97525
27432
12947
123766
61304
130291
119756
394809
12924
155310
33617
62931
20651
120691
20927
267379
35426
213112
54034
96139
38316
71373
10676
75918
68418
26550
94367
97900
60635
62400
28555
64485
427026
234768
410539
284385
73070
73249
3276
43811
248472
7151
76016
23584
26456
199682
3521
88018
182447
24673
101314
153030
20899
141971
29575
602
160053
88811
102591
88889
12497
84995
1323
112210
394579
61446
70220
28949
72962
7115
83518
11504
46918
21534
3082
72232
267367
130230
61450
2823
76657
26896
139067
37275
67507
17987
n 70 k 5
69922
79523
91702
50761
592845
4298
417919
120590
395914
554126
30663
50568
540828
428911
85906
82939
69375
54957
36988
8752
530396
172353
375591
7808
220258
577397
47050
57206
4470
558546
296130
40849
477372
128953
78090
409873
137756
661427
229935
131590
97187
261493
55569
5116
51876
255450
93477
15113
159091
15920
34717
155410
475777
118259
203882
143232
141997
81083
287140
90601
154290
207131
388548
9972
308837
79557
250330
142560
110338
213585
10632
20789
21417
142794
382421
234541
165964
395530
32997
202487
317819
56470
122539
3982
196404
123781
91650
80948
413857
461430
43637
104512
260401
124478
494084
84997
5646
197887
78021
5743
n 80 k 5
394888
181281
204694
108589
1063918
222307
811810
311578
182309
165484
195610
268343
542888
385950
113140
21510
175790
306174
655809
263358
418094
155546
128944
333398
64526
626968
1940977
18971
556665
212989
684347
136724
127286
96446
59240
583559
146565
36736
257798
36745
23098
657601
851557
887377
545892
651665
124473
39301
345121
95957
165199
596184
685128
111427
229474
121487
179452
476813
2022744
181669
61443
196583
85803
79038
212702
816515
153998
208546
341999
26525
122446
278794
530319
852186
1378230
426844
1349585
196616
277710
334182
307968
166986
92012
1570899
221453
533931
552736
130198
27178
378584
198693
341887
276171
680954
173620
191178
501342
20494
359266
2082851
n 90 k 5
1720460
249946
1759297
1660116
43093
1026773
268354
203147
264207
86292
647750
565040
2368770
536061
814032
328395
67726
387319
263578
653898
232960
788805
815321
371310
777191
1609580
1950177
668464
490128
1051374
737793
582355
1264871
648823
1029435
531778
359619
138135
219503
413568
711740
315770
244922
880234
656303
577957
429815
84606
177631
2322097
182685
902020
428353
455920
123784
391950
15793
17197
71803
132675
1213139
468943
389238
473945
125328
102169
189840
699749
659101
1802058
1138968
545085
963181
4587653
2855046
57582
578114
22017
398337
633408
58149
93506
1411658
43535
1098915
2636036
544597
393866
886275
97581
3114360
527620
1624862
161965
137335
442091
318647
634985
653082
740148
n 100 k 5
979478
96223
322966
2708135
1813419
1961043
300924
1267069
100914
5438594
1751869
402777
194162
1053206
102283
507007
995418
1878630
2036956
1729297
879195
1106434
3055794
1893713
358344
1672111
840001
935767
37213
776742
975370
1294980
365219
2096158
3831489
721586
567991
177121
387985
169850
422760
465969
329968
477615
884400
533122
2453140
5727694
210239
673808
723384
176398
1412444
162800
555767
46339
1733242
53319
1413745
737439
5103145
963179
515553
1456958
975364
1588341
924210
474575
491409
181630
1977281
1412030
3118342
200982
850719
641738
187445
658060
741561
1249934
1472942
2325000
25698
2104690
4109909
197948
2473981
743747
175296
1143243
387215
1593949
914576
2791921
1163086
1737909
3156392
634234
231738
322025
n 20 k 6
147
219
519
4168
548
203
899
2911
343
1933
780
1098
857
859
252
252
307
262
414
167
145
522
3123
1139
2041
381
162
1104
2668
1800
3517
1507
573
396
2706
175
1086
1245
1265
2005
835
4189
441
255
108
261
465
215
2756
3918
136
665
562
2923
698
963
339
720
2741
349
584
5484
513
366
153
870
353
387
1108
178
314
270
320
618
374
1578
1394
118
151
806
1013
518
552
319
78
755
403
2721
291
500
2515
210
750
271
210
741
572
1184
1164
177
n 30 k 6
3661
1978
5665
12082
5237
17055
290
7010
3983
6469
16132
682
11793
569
2650
1186
11700
3417
391
565
13099
10522
1113
14270
1885
157
7349
1398
4795
1704
11757
890
20318
3255
6432
6464
7512
2057
7299
13173
2457
3192
10859
13259
5941
3168
1547
1210
1036
3825
9697
9188
3891
6065
6292
5542
5511
6070
5061
3250
6101
3093
382
3055
1540
1589
3400
7739
9619
13374
4142
1304
33330
2476
525
13394
1543
9956
3297
3399
6296
11844
6530
406
5322
7124
4899
7663
4731
5174
4443
1431
3913
1678
24814
29406
9621
7385
1794
5806
n 40 k 6
4354
23556
61447
51583
45263
2823
61914
19889
15377
35093
63366
64270
15191
40779
6178
35124
7776
20534
18046
30690
10434
106130
37488
45999
42047
68090
41318
47141
36346
32521
28213
6059
53927
34913
29203
1595
10255
55854
8611
14568
13946
4997
3830
40584
84749
20946
60654
55545
3196
3705
26285
59311
2701
24203
12505
21609
17975
2740
3466
7628
143916
6317
53844
3306
20886
17484
53143
3314
64976
22211
2727
8115
35970
31928
87009
5723
14919
39948
7727
12078
28351
12051
19391
4813
53084
52405
56771
2232
25096
4898
8868
1157
2197
36472
6675
46307
122989
40699
32900
40963
n 50 k 6
58648
237864
503588
24742
264885
480449
144627
127561
47038
18410
139733
36670
27607
93670
127745
365308
174250
238081
280144
54366
52327
333737
198127
38318
108582
57645
3872
176537
112529
10854
116671
17618
110592
25954
195543
63159
2244
134572
492881
2172
98067
196156
63282
22260
69544
23353
44799
129465
31705
168230
153696
14537
31052
24834
15403
72060
239046
236823
80329
128223
7999
25121
2878
105155
36585
13198
6378
75565
30939
70499
263353
52028
84168
28277
118069
62279
167525
128407
77985
226208
107228
33035
114639
255149
225361
205842
43035
67848
87032
102148
85109
195011
182418
111449
52975
29558
24565
171652
40617
21375
n 60 k 6
51470
12785
360407
328483
291720
44851
339631
16306
33076
224709
404362
547331
494287
45401
1234451
72609
1351361
375128
337215
358233
173031
132882
98318
40194
155496
36057
254876
52358
546604
179886
72988
763719
85905
248873
322104
280969
18209
562165
264730
1277591
409220
362917
369422
188911
27438
560151
327958
304776
323863
456531
1589778
57339
39860
18784
923877
91818
90840
388079
250472
97827
25759
29896
318217
374733
265505
685257
574610
1486667
760178
498909
131564
85493
5627
371140
122508
183840
605123
1146247
1552
72115
159516
83592
157214
523490
130829
292264
189937
78570
794993
986559
743058
184164
159149
225635
166234
215609
173941
786919
1237216
604732
n 70 k 6
929076
1252422
516625
395946
1100260
961463
393025
1796040
1329222
220369
748271
762858
557577
907163
289401
49776
71435
551235
384144
1968529
840884
2294874
807655
179923
1825067
997699
734631
1848672
564467
1403754
42646
929472
925755
121070
1042353
317373
1291760
544657
922855
1022836
246136
107688
400930
1284063
99507
835926
487978
3959131
86813
904545
952394
286585
331409
550611
385856
157858
1891142
131968
114133
746779
517696
499473
285094
496811
3000797
963373
2139750
14600
551616
51160
1616388
87649
465750
128537
258069
1100892
4185711
302739
177730
663341
349851
413711
697092
853357
1073555
1657562
21644
315841
921919
18562
126838
1301187
579203
3412843
127705
391236
447831
902413
1725549
28009
n 80 k 6
1007080
93454
369484
2871704
1821197
1343123
106938
2488813
238561
429406
785951
63527
1086727
767092
1894421
57137
791072
450944
1054396
1779790
1493989
1751780
469157
4628308
702217
1367063
2633145
1301046
58695
1904847
3689
1975942
2908808
1637776
1441530
470619
142775
2972050
582143
15157
3296660
2459761
2658934
693897
1105806
816941
52227
846563
1702097
2717344
1285207
2194606
4976809
3598833
2548271
1157837
1867777
196408
391019
2902416
1677313
2316386
4022386
2733687
738786
912614
253824
2078178
1170107
96570
173508
534168
847666
430388
61772
674776
316925
1281060
602930
65495
167745
2525520
7742354
2569768
126850
738550
1400171
2389710
2734141
6176724
2829226
613202
825087
564438
1318347
337901
1183634
2721605
5480534
1709149
n 90 k 6
4029997
2096555
4691816
4383614
414573
2734589
3537241
2244898
2668507
2081824
1564284
3503846
7457215
1792172
1875533
7954230
3040053
993422
2005239
1148122
2276528
229506
765519
2765065
2202419
4588605
3521259
1725419
5549454
2933230
3816601
4022400
2157569
1382707
4391030
1243521
4345815
981793
10422345
3045796
150822
2035045
1981986
1772701
2086550
3471080
2460547
1215410
7744217
7839986
2382238
10101769
425928
2804096
449515
700161
15271483
3386518
9909251
7489589
4629109
5521819
274670
9959347
1050898
2112442
2052779
1957711
3278713
5580214
1671859
4389703
188612
11630182
1972241
3084896
2393225
1086662
1943322
8769977
3674977
253550
1299347
130358
7801840
191050
3401278
8722023
10257174
2080690
1420561
2885837
135557
7646552
12774896
1794236
542771
963293
7596228
499262
n 100 k 6
8982720
5628632
621608
5352757
3453518
2630586
11363763
2325477
9160854
5508441
13311068
9777784
3861537
14468399
24485305
11792748
1021710
1761713
3575828
1356123
667778
7346750
12212340
6234460
20053053
3730239
7326091
17023547
14158257
13209999
5284178
11865145
450945
13312835
5391466
5994299
3071972
97764
10132328
11868573
4265271
2167647
8719212
1922927
5579026
10142174
5486346
1007767
580743
14056604
5744866
8346100
4771912
5427791
83530
2895690
9477915
209936
1384622
6330834
9576533
62000
1475737
2961611
10410369
1136131
5203266
15709094
4004699
4640922
4226938
11391692
3316520
1275231
22746518
17204858
2774269
17029987
4857500
6452204
33849067
678774
2525256
17654616
2097327
16366128
5368933
6592510
2782057
2403482
6692224
5509742
192901
2695737
119300
5855808
6647792
9247036
3814379
2556223
