n 20 k 2
118
101
114
79
97
348
55
211
376
99
83
203
640
73
186
157
87
162
105
153
247
156
178
82
79
62
121
175
187
110
406
113
81
208
344
111
228
126
227
131
248
94
77
243
250
85
127
352
47
225
103
215
19
244
374
38
104
48
176
113
223
80
28
149
72
227
92
156
154
130
90
77
193
173
114
39
229
61
310
196
95
400
197
211
129
192
47
310
117
173
266
138
200
58
49
89
33
243
82
247
n 30 k 2
148
276
969
111
227
458
185
281
302
353
266
172
216
568
113
166
151
301
259
499
258
106
422
615
192
618
176
187
255
186
132
141
197
60
82
258
99
110
128
78
531
287
97
204
246
153
274
107
231
137
236
293
224
110
206
732
704
926
281
162
607
408
190
343
390
316
73
576
536
327
114
131
94
211
115
487
466
295
338
248
422
363
95
321
249
363
242
271
296
131
354
405
157
193
199
577
812
185
173
197
n 40 k 2
318
209
409
217
467
399
317
271
562
383
824
118
427
241
512
380
518
446
734
152
409
251
648
294
159
328
617
270
222
848
419
1050
757
444
221
265
959
707
218
282
261
444
585
209
519
113
360
402
903
724
548
408
669
247
511
195
685
116
193
370
692
340
395
340
202
1478
443
333
115
143
251
548
337
173
236
1002
316
334
604
362
425
340
521
924
1051
197
416
857
342
276
236
392
525
194
965
643
409
611
266
483
n 50 k 2
779
892
1558
182
259
1012
777
1188
718
563
807
453
706
940
696
1212
545
681
1602
518
354
748
2605
361
555
2291
229
327
264
1176
405
229
1558
227
280
636
300
1862
2075
776
945
1651
488
889
589
1171
558
677
1910
956
1416
551
1968
261
2465
454
1040
1789
481
478
765
647
555
1305
1098
713
1206
282
728
791
413
169
807
266
476
1302
648
699
586
971
221
2344
1414
3298
384
689
198
368
853
1153
609
297
551
848
344
286
861
518
392
780
n 60 k 2
1629
1623
1269
692
612
811
962
2122
1932
1084
752
698
2360
1237
371
896
1458
624
603
1142
1277
864
1052
335
665
538
1777
1591
477
605
1114
387
575
1115
1067
1163
408
1362
4185
2296
300
1846
475
609
2058
295
795
859
1662
327
906
710
643
497
702
471
762
2055
1389
1410
763
596
981
345
647
2467
5518
986
976
453
576
527
339
2736
1369
1160
818
1521
491
1164
1299
953
717
944
943
602
2033
412
435
1669
641
962
1304
409
549
364
529
981
1066
1206
n 70 k 2
813
374
644
742
857
462
1472
4063
1053
494
6091
2501
984
289
2528
678
1221
350
4953
1744
433
1961
1890
1665
573
256
2072
748
491
1288
1022
888
6053
853
677
1527
1235
1371
1236
929
501
5133
1536
657
1254
602
2319
692
851
712
1985
310
1563
1627
918
2212
2044
783
1085
1195
2535
720
923
850
961
968
777
3824
4197
2865
1636
1507
1303
267
768
955
912
2605
390
868
663
1206
531
782
930
999
1726
820
905
2992
1775
908
1318
914
647
2508
805
1101
918
3266
n 80 k 2
1841
1148
1600
1319
599
899
1080
2480
1083
1001
1343
1106
1391
969
1488
1044
893
2181
529
497
732
5404
715
435
2001
3602
948
1008
771
1849
2148
3690
1424
1355
1187
576
831
2092
1007
776
882
1339
746
1036
1656
1297
1958
2357
3159
1214
3121
2369
916
2036
1857
834
825
1430
1277
4636
770
581
792
1032
990
1885
1267
2291
585
1143
948
2082
696
4323
955
1270
1846
2627
1607
1412
4312
1774
1755
1718
1317
2058
4325
994
2042
659
4326
797
1119
730
2273
879
1324
1108
2924
4300
n 90 k 2
1017
4452
7076
979
3757
5027
2088
5695
2618
1531
1098
1083
1042
872
501
902
1066
4549
1791
1749
1296
1047
2247
1180
2306
5601
979
1440
844
2235
1325
1214
4668
2511
2622
2637
1183
1135
1033
1423
4984
1864
2146
1297
1672
921
1640
2600
713
1613
1403
2261
1598
511
844
5820
4611
2708
2410
2530
908
1621
2341
1592
4442
953
868
3744
547
892
1497
1098
1422
1073
5710
1930
1167
5782
737
3165
1784
5179
2525
1812
5160
3442
2096
987
2174
5239
1770
8129
1849
1664
1142
2600
520
808
3879
3696
n 100 k 2
1685
2868
673
3013
2949
6876
3289
6554
709
1974
2079
4939
2862
2926
6352
2466
6820
1364
1931
1432
3118
2084
2730
2664
2062
1759
4195
1672
3008
1895
1616
983
1540
2466
1060
1685
6005
2141
4517
1739
2696
3419
3066
3011
1707
1889
2533
3516
1213
3624
2790
2148
2820
2762
3926
2237
2893
1531
2261
2635
2314
2363
8447
1161
2365
3007
1698
1485
1711
1626
12623
1618
1780
5393
3875
943
6560
1068
1523
1535
1089
2951
767
1792
1729
1604
1533
3435
5746
671
4095
2468
2557
1475
3477
881
714
4709
2415
804
n 20 k 3
19
274
261
130
159
49
1292
492
177
368
97
86
293
448
81
142
597
363
519
140
122
110
181
726
623
272
239
146
509
505
27
592
212
67
84
304
217
518
356
20
383
53
918
471
597
847
436
421
149
90
341
395
166
104
183
259
71
189
219
217
509
94
459
670
359
557
268
633
106
1270
454
131
150
52
372
376
256
60
690
130
177
261
107
148
500
104
391
345
83
63
317
53
156
46
86
995
246
398
194
123
n 30 k 3
162
261
697
465
1052
1297
603
101
1096
1030
321
245
1662
1243
1736
538
717
404
280
1796
312
160
1094
1452
713
3228
406
292
166
595
379
639
906
409
804
337
663
365
836
627
3403
339
1793
1060
1709
501
880
665
500
730
550
1245
342
2862
1848
333
716
318
3364
1202
1957
220
166
263
384
622
502
774
570
308
627
331
1256
1059
229
751
2090
202
246
762
1773
418
448
741
479
398
1091
539
1022
566
222
515
658
132
432
295
2110
438
179
594
n 40 k 3
875
1922
1334
2070
3567
2510
3488
549
3070
902
358
1413
2930
1822
236
3417
631
1261
1740
576
4886
709
1850
526
1608
1054
618
1883
1059
1760
154
2568
2263
2969
1958
2036
3981
3207
1225
787
541
2086
1236
1531
2865
991
1543
1064
1887
2658
424
803
3648
431
2278
627
1002
942
1364
5819
2147
1958
578
2287
393
383
1009
1434
1397
537
1500
536
2071
1104
1219
1160
7362
952
2372
479
782
2774
5064
2591
8014
2932
2530
2414
1489
1004
4746
1133
813
829
499
170
243
977
650
894
n 50 k 3
4500
1426
3627
10316
772
5365
4255
3290
2078
2208
1766
1526
5851
2181
3359
2076
5157
3242
7335
1850
1865
585
1123
12854
793
2681
3569
4552
1968
5169
2310
1816
4212
6145
1240
5694
6661
562
5059
756
673
9430
2498
8991
1132
4728
748
757
1223
1125
884
1943
1057
1286
1197
607
1016
1082
1633
2602
473
1785
1367
5069
909
9106
6671
1836
13053
10025
2617
1514
4819
7900
842
181
603
341
3858
2011
2065
409
793
4675
2478
2812
627
8043
3802
3368
292
8410
1743
1920
6371
2262
566
7083
4631
2774
n 60 k 3
453
13277
12301
864
6034
9201
3809
2053
1345
2628
775
2406
7809
8785
6480
4406
9784
1496
14837
2551
2284
2745
2895
10537
5335
4972
2287
951
4274
6770
2259
23825
2889
1469
5765
4857
4894
8927
6446
1847
2803
3079
7698
7528
1171
832
3264
1049
1657
14495
3354
3239
3503
2310
6685
4236
7844
20108
9361
3789
2150
3680
11501
2128
8944
446
4670
3556
11527
3279
2265
10768
887
3676
7729
7106
2741
3921
6129
7039
772
3298
4264
5415
636
8639
10192
2724
701
2389
13676
2347
5418
1360
10784
5623
13472
1032
9065
7882
n 70 k 3
19978
3979
12347
10795
12597
812
11614
4086
35941
12827
2852
4966
2953
3705
29599
6617
3399
1059
4760
10189
5742
863
1846
2777
1602
14756
2919
1325
8807
5982
2053
15219
4699
2542
21911
11970
2112
10784
26944
5711
12024
6229
4975
12678
7854
13472
2481
3030
18801
1910
5219
1100
38292
8112
1987
3335
2411
4009
2210
5981
4923
18150
10924
2289
6337
4649
10172
3934
9344
8627
13460
9008
3905
11826
5976
910
1039
3539
23528
1630
11213
16956
12176
9447
1292
12873
2667
1538
2537
8486
9010
24980
5945
11136
11178
9106
9052
6369
12142
1388
n 80 k 3
12772
15778
18888
27962
12944
5899
13815
2381
35209
17691
17403
6472
1771
31113
13825
15993
15253
1950
30763
46612
17841
8735
14783
5394
11251
16043
4324
8574
2842
7613
16749
32930
7361
7537
9329
4405
6907
15044
13638
27669
2488
40058
8497
11877
5324
23213
6075
5852
3309
5333
12308
6435
3274
35373
8589
6194
9646
10611
12073
21938
23821
10369
2970
13770
1584
12217
12336
3307
3069
4015
4493
7435
2934
31483
21133
17456
5671
9775
17567
9574
3506
20252
9811
32480
7908
3962
5450
27319
37307
4044
1661
7066
7160
6241
29948
8306
20122
4053
2399
1295
n 90 k 3
26718
11944
8213
34845
20665
3748
19219
5645
21574
1558
7356
3537
3035
4034
8335
3943
4479
6137
11926
46761
23837
3341
7960
1935
1263
12989
33214
7393
3570
14393
18487
43096
28137
13379
8777
15842
14405
14618
33910
37013
11878
27164
11230
41512
30044
4328
15075
10778
6899
60685
22754
7928
1347
13013
3060
40613
5072
5407
7256
8433
3255
3893
6975
12018
28111
3328
4383
35690
4687
31934
4400
10979
18656
2151
18424
10066
26296
13299
7114
27164
33433
23074
7793
36816
8526
8494
1948
73540
40960
15660
68492
10382
27486
14287
24149
21315
11450
3378
7375
7586
n 100 k 3
3669
2771
4004
62487
16221
3855
9390
13094
4783
7478
21331
24141
12076
26243
37215
11811
73749
57057
14954
11006
1752
13632
39140
5701
25907
6818
39927
3423
28612
16642
7104
8024
3255
53159
7839
19735
18528
21068
29042
15598
14396
59895
18878
4699
38844
8634
52105
5903
29857
9516
14008
21373
27102
23283
15750
14929
30474
5342
18341
6627
65359
17936
12259
29042
36555
17264
4062
9705
17454
25626
8057
18480
12969
34867
3454
20386
14530
58094
63422
12053
9606
45893
11080
13215
9020
9297
35752
3018
13021
21717
18109
1727
11828
5228
34938
12749
25954
8631
38555
45407
n 20 k 4
1621
129
433
614
1096
1787
283
510
219
259
319
696
480
503
274
612
466
888
276
1378
1431
489
269
454
178
1142
204
427
599
801
118
244
82
1736
373
856
643
659
881
1726
782
424
1035
937
1995
3081
213
931
267
116
314
834
886
2337
180
1337
241
1717
226
606
891
1296
358
195
388
3472
1128
1925
133
1328
473
44
287
1367
763
436
666
220
75
428
300
617
2098
1958
89
176
234
431
172
948
1448
748
71
939
300
465
422
895
1262
272
n 30 k 4
266
259
2603
4936
5584
467
3983
1146
381
178
5390
1892
1192
2420
225
858
11445
1359
6143
718
2099
722
727
314
1767
812
105
5663
84
1518
3777
647
1967
2565
471
2522
7652
231
429
1732
1200
554
1613
472
5191
1312
3973
745
615
631
1473
3035
101
2795
1377
2780
1148
3226
796
2672
396
4621
1007
2655
1341
639
691
1105
1627
2057
192
2759
718
2509
1985
3175
3584
11865
2865
2086
1287
254
2037
2965
4513
817
2061
3424
6230
1660
2474
704
1840
1017
2531
627
4834
1120
526
5324
n 40 k 4
1888
4804
5264
4686
6411
1495
4880
1176
6238
2891
1650
1797
14246
1893
5607
3101
8156
528
4518
2320
4059
734
3753
726
5841
1073
3344
3715
3889
8231
1647
1382
8202
5403
4648
582
19015
2222
3645
1818
4751
2927
5259
2587
3182
4559
7753
6113
4509
4508
3143
1427
2217
3921
7566
2596
5055
3804
2558
13976
609
3946
5054
4227
1666
3649
8057
13024
2846
4037
17028
2363
3427
3666
5192
771
3130
1301
1247
1851
7378
439
4279
1233
1011
1770
2182
15066
6253
8576
10263
553
286
2950
1645
4455
9187
1004
5683
2222
n 50 k 4
5028
933
12887
2063
31630
12303
12713
20387
1381
944
3036
9064
2373
14772
29814
26192
1620
22002
4406
2032
22623
5365
23526
8052
2629
2486
749
10377
2623
1072
66349
13750
10023
4993
2161
10227
10434
6216
4445
4513
21293
33218
14981
25608
6847
20717
18418
10838
2692
1381
2328
4580
12702
6343
10939
8990
1049
5971
7804
17634
5451
21110
1050
9390
50708
3961
14355
20335
12607
9639
10265
12850
5858
3675
21643
13976
36795
6066
188
32770
65098
7223
14955
19902
6446
2256
41198
11701
2801
12638
6438
27081
890
10857
5027
11984
10213
3443
9801
2510
n 60 k 4
4905
65217
25019
20754
23227
3432
5958
13573
13952
3561
24906
60975
11696
6817
28436
17810
9565
2540
4972
18263
4774
9633
34621
38014
41204
13028
29530
19751
5490
1181
10080
33972
11849
23348
25349
2720
11540
23366
108198
59982
11602
13803
20353
68349
77357
24801
6249
32792
5153
52138
11540
4700
19088
23247
7778
31936
13608
5472
71498
17782
38975
4533
94153
48345
42164
47919
6393
4048
16365
3840
8089
27916
36493
52679
8962
6667
10364
6213
13812
85841
39449
5254
22404
5796
8312
14609
13916
23815
6201
8923
26243
11867
24386
49283
4103
7604
73861
12527
727
25899
n 70 k 4
61131
7861
7878
61004
11824
30668
9556
40344
19903
74062
22414
23409
18160
12920
29010
79525
13598
10531
145208
109600
3401
109737
89624
70670
2704
15363
9393
17423
68896
1578
100731
14222
19871
6472
12120
32806
17744
31114
138875
30134
51160
147296
11719
62591
44294
9972
137479
38595
78944
41228
4244
31111
8554
44901
35515
49091
95490
31479
40068
3843
97808
122795
5529
6414
48718
2659
10158
20792
11942
1403
21050
24489
97578
58009
39898
15634
66938
19169
172778
47617
8256
101116
15191
139413
6504
4698
1507
155277
46481
37404
12929
138396
52078
35618
93016
60028
25166
33034
11499
7362
n 80 k 4
228471
27202
129794
139173
8288
78256
16912
19354
131081
81592
59561
17934
33411
137712
4453
111012
83312
155233
93080
33127
204157
65490
88360
88621
3314
16459
10065
12103
56402
66576
134027
9601
3370
141343
70986
35536
145565
2924
27873
136870
56413
16479
13075
102752
35276
243438
31230
153557
153482
10251
68640
42035
37440
119649
71145
41195
110569
109558
81991
65160
20858
238887
79437
51069
8362
25409
11060
12398
40911
5393
11075
64151
116490
176917
124908
29618
11985
19141
186156
49964
87672
31976
29888
17150
45512
52453
157136
57889
122525
51792
53586
23124
113931
68708
16104
18207
26823
176140
45571
325639
n 90 k 4
294435
205929
160214
100585
160630
310449
2934
96670
57491
65208
239302
5029
90667
74247
88257
80353
26015
2745
385693
163351
165517
396260
352189
99193
71653
17088
553718
279235
336916
92118
17644
46927
88830
49396
138844
306431
19643
17273
127955
50463
106374
120016
140219
39181
216351
155311
35533
398848
137054
87118
27663
19789
89019
153498
65155
84688
17912
160519
41060
69257
92186
126546
322558
167131
57559
19508
198191
471788
234019
18710
93581
119350
23225
32810
113303
116668
24232
362631
62844
77469
33352
167870
7812
15834
216049
123358
30827
179515
516459
205255
45348
274714
87151
28214
91198
145443
18652
6341
191559
76975
n 100 k 4
53635
241837
9602
334827
89581
542668
132437
33312
86638
72070
197443
209706
243013
429436
163861
210944
603835
68208
100756
16612
167481
46479
8566
21374
633766
21730
583609
56394
145131
193354
355007
114265
656175
540834
106734
11776
102883
264061
377335
46250
5495
224731
44545
286881
74135
10957
66728
190356
98217
341110
73701
308608
253092
105505
97292
48041
87938
5710
102119
112007
223971
148109
117284
121901
138091
53267
75875
84190
34906
19462
77341
169502
96279
53401
211810
3661
207925
251937
99136
89914
610173
90479
52933
108436
300768
123386
153533
136370
115841
459936
232794
159214
134016
95792
357862
77622
139989
81579
41389
65268
n 20 k 5
427
1501
1024
850
1001
714
266
388
606
815
404
106
683
182
791
1065
1371
1331
1643
2162
451
228
2884
59
274
344
2318
231
697
118
322
248
1158
64
203
356
112
470
907
718
269
897
196
947
76
1559
2734
232
225
1479
1439
1390
472
479
44
2362
66
466
1272
789
96
505
230
75
658
1251
139
611
730
459
949
247
1768
652
70
1277
529
1057
301
969
2409
974
1126
753
2412
497
462
271
695
433
375
654
1169
456
129
524
872
1750
317
509
n 30 k 5
6202
3320
7523
3730
833
2518
6915
5208
128
11810
338
8418
7759
6064
655
11309
451
2045
9043
2896
2361
9136
1298
1020
5423
2979
644
6790
10689
2041
665
8224
6724
5470
476
6218
677
1291
499
654
4601
6023
111
6904
4664
3080
3947
14798
8853
4614
1801
453
237
4716
1960
1600
7337
3608
5211
1824
392
600
403
7726
3307
1898
1213
713
959
4426
1163
5387
3580
866
4888
4640
3200
6883
1677
629
4426
736
3301
8202
2806
699
10647
599
12810
8977
1328
3460
4604
7871
857
14126
201
1358
6535
12819
n 40 k 5
20315
26905
6960
43316
3657
22708
21664
10788
2503
7482
5909
2948
14954
20215
15965
63301
34174
7925
8876
2213
11230
78328
2158
56717
9081
53093
5034
9988
1409
2079
27053
18976
41319
21559
8358
13623
22319
17918
3537
12298
3233
10206
22489
1445
25707
3088
6311
13221
23114
5777
32973
3149
1037
19409
19651
15916
239
7974
5110
3177
46315
272
41612
15439
51728
21600
2466
15038
10306
9803
10337
5141
4595
24913
9286
11202
4410
10992
18144
3480
10576
10079
34696
16961
12986
1116
9651
40540
35636
3895
917
11216
29046
8862
2644
5587
2391
17615
8581
11918
n 50 k 5
32520
28273
44957
9631
114273
40190
7611
3466
12252
125984
12622
7565
65398
37326
36676
101384
15031
72447
13077
20235
35506
85209
57365
25744
160336
22125
6697
10458
14235
3518
34447
69182
31701
29275
4915
14301
63479
21655
28078
21690
11222
29914
2701
29838
52827
94030
32217
26803
45056
10521
81404
21147
14263
30967
18895
75309
33143
27934
71776
9733
54689
57746
16821
33868
19083
86084
50798
194659
40116
2012
105690
16562
6318
116526
95389
94106
35599
41653
14835
114940
55196
25746
87326
69100
11815
45448
5393
942
5485
35405
111083
38475
8469
70289
159452
41037
4166
4302
18010
89929
n 60 k 5
85117
130178
89628
51311
12632
78019
26531
145483
210072
91123
119010
180357
181004
1236
16319
23186
21851
75744
107251
46111
23968
95252
19047
193061
75227
54583
38295
34040
129780
162386
101760
57713
105148
70270
13650
290863
167923
76008
16696
52355
61493
201842
58367
35454
33805
43826
83619
38595
254455
17835
27967
46326
52220
38074
17218
58995
173023
649051
1713
377634
24565
131967
43774
94767
9642
18767
74752
51086
44332
52898
151315
110523
33552
398684
160875
51552
45557
40647
40721
71885
80800
13080
22081
256275
19307
76932
70170
305386
56099
114960
26262
30656
134158
377381
56651
68717
47417
68364
51028
70140
n 70 k 5
247993
77949
166427
44614
223210
101704
53033
108504
43964
16878
258514
76177
351701
114245
26186
157221
432712
44952
57006
41411
11136
172456
261115
73709
80537
298561
58257
152520
116827
37954
122642
96049
47655
54590
247306
44941
192076
1374307
38162
254858
70493
42732
78795
384678
274482
574417
297767
272407
227666
139164
149937
760035
49796
235510
173422
99917
20214
110894
427715
385292
249565
185415
67812
88856
69397
9505
12174
35598
373757
308917
541876
7104
7926
287118
112817
163710
505338
262704
495601
77788
35578
285054
197396
428550
119834
642271
29925
21623
25752
164799
256666
282209
391544
320190
131819
97318
260544
27470
111937
427030
n 80 k 5
448173
78802
712970
594736
147302
1457101
1122658
633482
463534
337719
433385
576315
700591
341330
223951
138021
14316
1334831
82635
448064
36621
619139
103153
21719
112558
400960
206819
211243
461435
60301
257292
1300989
261585
567588
234164
288562
3473205
780595
104102
70561
635297
128776
809407
356602
38136
161010
1063093
417112
566338
235562
1061840
41058
267274
388290
580390
362375
310820
627479
402477
1242843
110048
80928
359119
76177
439173
962540
250955
55188
164952
743247
819919
192124
59961
387193
177199
254090
367693
150370
1052950
41002
246735
106781
561903
133196
335291
184733
555119
111948
761717
285377
544306
5356
304708
478777
610288
35552
1216200
165787
375914
1639412
n 90 k 5
391120
1556770
552950
615352
892991
252335
191148
1363321
86215
1041904
51993
1094722
293171
51950
50240
216265
87604
1742154
208787
943468
3734
161673
334134
827502
505880
312388
395843
567661
521730
867677
551540
345142
1909665
332724
133658
103858
276937
1197877
32761
1481650
274502
786867
1249906
157729
726021
293035
1886970
553507
263856
1303137
1068911
287330
39194
359088
665112
1031020
60766
830022
516087
944153
296372
349007
1961078
1512002
193972
354168
579869
845928
1117480
323533
826054
804246
1549062
1118492
160409
378238
52029
424083
43140
775745
679293
441015
915376
710298
2562531
173814
32113
1248807
292860
327037
2014681
4335615
27903
2144004
393142
1260722
1488777
102391
115567
71946
n 100 k 5
1033049
439024
437592
2670046
1968404
771480
2206673
808855
2025061
3214997
2135005
1173048
17867
1472276
1314957
3447619
806688
533157
142499
3744638
67523
234784
3807142
101960
568417
342861
2034408
949175
3668395
1086160
520472
173103
2456002
1004682
314090
1580966
1134989
890949
734827
1079162
743534
454084
1973493
2083036
2591866
423492
613196
1133692
902829
584415
536332
930785
4426155
760540
1524282
904875
545112
1225798
964616
2106888
2529582
132325
1150724
391356
114888
147010
715134
117533
938499
333816
403234
2773377
769242
22777
1806394
3001510
3938995
268987
659739
509399
2751090
2341856
283524
107042
854934
1358854
1628655
5324546
902151
2044173
1948230
577239
631507
1050387
3676793
1027309
1973392
2739516
1080010
563266
n 20 k 6
2303
56
1647
616
911
908
2415
843
954
365
978
47
804
2546
699
1660
775
2570
78
270
179
724
929
852
277
26
956
616
1156
2973
876
179
368
212
1315
5066
439
304
209
80
48
326
3121
2265
1985
1612
1027
844
851
44
476
1986
1366
979
349
1168
166
218
998
1124
232
279
232
602
87
245
4803
65
539
232
134
238
284
3004
1649
1527
213
2152
1193
311
902
996
50
1148
59
1920
455
83
59
418
64
1227
1494
2054
1378
640
815
1420
250
1413
n 30 k 6
13497
220
4463
7066
9851
6354
10272
12596
2922
18188
3872
4599
25268
5728
301
3779
11779
8079
16676
21479
9701
2727
458
4103
3652
4660
6040
571
1933
3771
3335
346
2997
8423
10363
5981
46397
1557
8930
3218
3153
3139
5985
21951
2924
11075
6814
6566
11163
5250
15394
1098
1555
17013
9300
511
15369
2707
3226
6399
5447
5960
6096
10277
1884
665
2532
3549
8963
1004
1648
4625
395
17860
10866
4231
19520
194
5023
8029
486
10417
2494
11159
830
302
7364
11195
3638
18775
9998
459
1327
4426
670
1032
13983
4860
1306
784
n 40 k 6
2715
66788
16331
77191
1520
24843
23682
7012
109318
22836
24476
11357
16478
4319
11621
21179
13699
5596
63267
60741
640
7209
40224
3362
786
2421
25158
2661
23296
32659
8431
25072
3799
16771
73400
563
8346
5202
36150
33862
32401
10383
11646
16337
5963
60607
14950
21035
26804
7851
26069
20359
12353
51195
35714
59452
25536
10736
2934
33558
5567
38958
19310
1810
13872
41659
50880
30352
68237
8773
21823
14078
161760
47492
5604
866
8884
2878
2858
23754
40543
57040
152933
59639
3069
83930
6748
16293
2510
44681
24823
8479
12330
10423
21271
34501
21183
49181
23638
2574
n 50 k 6
84147
59933
157244
245622
378255
18114
32872
375659
13021
6488
179181
101385
14252
142198
169141
22392
236442
29795
109355
472615
90690
155618
237561
98802
273093
58555
47745
267491
183022
10138
112633
63877
84432
141533
13462
618
53817
20526
338459
147903
289417
24032
80194
89963
12697
268515
82738
191950
47035
122937
140318
7592
212816
139554
277881
24906
53917
5853
2503
105415
41222
68344
7151
82937
56746
25881
167290
160583
44171
8855
34599
193995
23070
300971
57346
397005
48077
176633
96631
272431
196158
25648
41682
55409
45123
172753
105564
91155
160817
190886
96486
70374
85027
75308
221136
628694
99638
80696
39036
69949
n 60 k 6
72645
115952
141880
237815
162297
209313
104725
499310
740518
84895
211041
365557
68985
82723
32710
242414
603623
155185
46612
30953
1164921
15397
390290
16779
381617
105975
40545
418074
1112993
231883
27068
110129
308265
209231
236933
650292
819851
45597
261590
523434
279457
520173
284831
22362
1673603
139943
380476
208823
169154
180334
276569
90107
122575
494437
522715
88591
33338
39642
471455
686192
165918
495914
227395
610873
84688
362367
93639
26828
169362
641838
497137
197699
58892
125251
148646
463674
54819
11036
632668
126771
12397
664051
308950
696476
51088
389460
54040
604666
6234
108916
321010
137401
741751
63363
94476
482416
225316
749271
164638
13199
n 70 k 6
122913
43181
793272
72213
741538
798248
3958718
1007743
804757
2199866
139809
1510440
1895926
642364
337885
1575066
1902241
1371273
3109538
240898
366502
1437403
3151994
318181
879266
845009
944588
558709
369576
14171
267756
86217
946444
1826741
2387667
729111
1175842
1435270
259610
1474286
927670
1145806
235462
591921
23271
64746
2727135
756453
572116
386938
283609
354897
843733
347776
625110
13041
1906882
11939
2292150
1062983
127265
22245
1291462
1377872
1394693
184950
481458
119289
547994
196358
302844
900065
3185368
46214
305156
1381377
2913803
295162
1745126
875513
140001
1017949
1231664
189660
426950
259551
1585639
124648
113644
597908
967562
773506
590133
679826
840152
543065
191035
881941
2197457
1296104
n 80 k 6
1756981
299898
675016
2649604
453340
1787420
3405502
183595
2737385
229542
1798983
3848070
844284
470696
4040082
55385
4241205
3750793
3269952
144022
276236
572551
1492052
3514658
1406778
1380158
159192
539792
524069
442686
77252
464289
144192
2732556
1950125
41904
1135392
402060
535641
2593028
2625550
3722210
592972
497631
169246
1739985
42552
5974813
881804
2026514
1670912
1100480
1539352
2395162
1888305
2871390
284016
2128770
2467590
2548090
1049066
3629214
863367
974292
1012386
901030
109349
4156694
78286
614282
136121
898318
1931380
203985
718427
2952647
728394
4855906
865831
3157607
2387280
2236004
2843774
376209
388007
3874250
86173
1713432
2901686
323742
2257763
645567
862328
2604165
2520797
879224
400541
2774541
6730083
1731845
n 90 k 6
3697633
1898459
7613320
4433562
12021916
11972538
1704265
1018471
3698030
492587
6560597
3198840
1121686
9278287
1392674
6599107
4408681
6415188
2159945
1390667
1110899
879262
6424789
192406
11864058
2557047
5233624
1022515
6390097
7654079
2406698
748983
1846015
7439773
3518211
668478
218256
1149081
7666517
1523981
5773685
7019608
4752143
349125
2049244
6377592
1025569
5257771
9169750
6160945
3608423
2446004
4755865
5236508
753608
7706604
8707513
723649
942919
3398148
1004476
3540845
192720
4206112
982810
2392634
505726
36707
2586903
4026985
1064972
202368
4972026
1881498
4001574
5438227
1241852
2312837
1284479
155017
9423576
4633957
1028449
5890470
2862456
278764
57588
96834
2248932
3443604
6384658
2689791
108754
5520091
3156373
3729004
5986840
4524850
1379088
4201583
n 100 k 6
3933934
1911353
2817885
2727497
1385918
5500353
2531683
21615789
6200942
2867475
7736203
4140961
9644872
4017686
10420940
14267272
3063126
11389029
8140299
9645938
1939496
1874645
15503653
3947000
4946227
15571770
27456958
23516469
11357752
6827838
9213984
6683804
831261
2415539
14671664
767617
1306473
954193
603763
583548
15958055
20727224
11287750
6978581
4965365
5578064
15900596
1825153
10484632
3549279
943577
1389961
8140
1381393
3053120
10348335
9692636
6008812
747285
9475349
12864653
8607298
6823235
1812064
3885278
704933
9172906
1983160
3457863
6208268
8437674
22364682
13326473
3941091
8519940
1723447
8978073
3709845
17607
3008086
3260068
11621121
6855935
385399
10014022
1907002
18495897
14595020
332801
23744082
88704
1650510
3950002
4160919
3627075
9069057
1216264
7537688
5828312
4471228
