n 20 k 2
56
99
105
77
238
65
72
36
97
298
85
80
44
66
106
159
218
109
116
162
63
165
509
141
143
147
228
79
163
41
127
130
39
89
41
88
61
36
230
208
290
71
282
89
193
343
245
140
88
20
123
50
217
79
128
71
82
209
157
209
87
28
113
199
129
280
52
128
221
84
107
194
59
88
233
315
54
170
131
105
194
50
304
97
105
97
182
220
256
80
193
295
60
237
193
217
125
175
68
83
n 30 k 2
511
111
182
264
252
179
968
127
521
473
146
486
251
363
263
697
276
132
534
359
353
449
188
268
353
332
167
123
669
104
151
300
153
319
222
87
78
759
544
361
259
137
264
110
368
217
310
79
185
520
328
663
224
258
681
186
600
78
151
214
280
341
579
174
761
85
124
151
114
129
328
100
165
412
213
59
233
350
374
291
368
280
154
527
190
265
351
337
876
296
326
103
346
479
228
415
340
173
73
959
n 40 k 2
489
942
262
291
446
156
390
758
600
919
908
629
488
596
518
517
360
735
527
353
419
356
246
390
420
388
459
222
741
559
315
195
226
538
455
243
519
186
311
539
166
763
174
235
500
474
223
373
239
319
833
344
353
90
448
214
179
687
284
287
1023
444
601
714
564
186
565
431
226
211
403
953
444
297
486
693
826
470
1205
318
446
355
1103
414
342
396
398
223
484
612
645
518
376
586
329
634
156
1077
657
2215
n 50 k 2
1036
657
374
327
232
1058
603
332
504
2278
1179
1043
167
289
623
610
773
973
301
883
456
648
754
1048
794
1465
1068
1155
270
2031
445
661
586
853
229
1124
326
374
685
469
646
457
378
713
521
368
490
792
360
366
1312
343
1548
380
1166
1094
1592
961
569
259
2674
793
238
373
961
401
769
772
937
281
1266
696
532
1771
461
2035
880
1324
508
983
2346
499
361
768
331
462
1761
1220
528
404
627
325
1142
1634
602
412
695
862
639
225
n 60 k 2
3085
392
883
753
545
352
604
3017
933
1834
1746
905
856
969
1363
368
2568
558
536
2420
2181
953
882
695
435
1632
617
1059
419
653
2130
814
380
1592
1719
287
1204
556
366
618
1178
709
745
306
1427
1186
472
823
4981
1235
716
1399
2324
570
526
448
1439
929
387
1681
901
1531
1414
511
2241
986
1561
804
397
464
696
547
341
1223
1374
1218
765
319
690
940
1320
2456
767
637
360
919
857
256
528
794
1578
2038
233
754
359
1210
723
498
458
566
n 70 k 2
3084
875
4378
2201
1119
1040
1100
1024
699
1694
568
517
433
2353
580
2168
833
2507
713
461
4500
1715
364
1241
1968
2677
1714
589
947
570
1186
880
1703
3691
1030
1879
528
1260
1705
2533
1038
2305
659
824
293
1241
532
694
5007
1097
701
1438
1199
1951
770
656
316
1357
417
3258
1281
1555
1154
577
812
1503
3026
1799
1881
803
1280
877
566
736
577
844
858
3663
993
482
1082
2285
1355
1985
669
633
2996
592
1896
2594
782
767
3213
672
2693
520
797
556
1266
1354
n 80 k 2
1781
3244
2234
1246
2219
873
1527
2562
3312
3716
1456
1101
389
677
889
3124
2571
922
1846
1242
1730
5198
312
1951
2603
503
4026
1143
766
2071
1477
1133
765
757
896
1094
1688
1397
5477
956
2443
2292
3037
542
993
891
2063
1045
1853
3520
1623
1215
1840
1862
3010
473
1187
1740
2607
601
389
715
578
3266
1913
3594
912
653
1323
1560
2793
1555
492
1366
3575
1932
526
3172
2694
401
1307
973
836
1300
1708
592
404
919
3382
3166
1463
2226
1229
2350
911
1101
1641
1063
1490
896
n 90 k 2
3202
2084
1886
4153
2745
842
1752
1282
3466
1215
4524
808
627
884
2127
1519
2501
2567
749
2739
1327
1523
757
1790
2307
3060
1598
1111
509
2925
1775
3739
4496
4202
3873
3983
1044
2681
1363
3195
4755
3487
873
1062
2187
4900
2566
987
2451
5252
1280
1404
8262
1065
2335
1453
3011
2217
3494
1002
2122
781
1327
2323
1599
2801
3818
1020
1355
2526
2746
2394
1161
6582
469
4828
2640
1431
619
1316
854
495
2556
1691
2551
4704
6115
1826
2522
2984
2271
6396
3326
4335
1687
5877
1102
1261
2667
1347
n 100 k 2
3230
5498
1518
1995
1388
1486
3913
1889
2951
2030
3851
1392
940
1140
3143
1686
1509
6459
3924
3199
1328
3920
954
1045
444
609
6259
1642
1125
3519
3234
1544
1343
2607
6242
2512
3830
850
2763
1361
3488
1986
2499
1430
1188
3059
6352
6907
2066
2716
3129
1477
6144
3462
1608
537
3512
3094
3928
1750
3930
2650
7481
1369
1882
1047
3411
9704
1409
1997
2501
2097
2806
3424
2387
2043
1668
1017
4149
2495
907
1310
4741
3640
4071
4485
3539
2243
995
6845
2505
5079
1909
1643
1156
5061
1223
1345
1600
5573
n 20 k 3
158
373
168
108
367
63
283
256
132
137
130
132
320
51
397
307
250
180
133
305
945
261
103
332
165
121
125
169
156
582
816
96
145
181
286
93
116
362
106
176
196
152
195
93
374
481
132
357
55
500
675
312
905
169
190
145
354
561
162
1125
624
176
220
69
435
1074
194
218
229
348
124
676
595
6
494
149
144
369
164
357
1066
267
1125
849
134
92
871
135
295
70
481
233
129
488
366
349
277
350
277
370
n 30 k 3
578
2464
317
209
320
1196
185
484
2505
1209
79
152
281
429
915
457
231
233
254
468
185
2060
641
348
477
654
459
134
766
714
239
297
437
348
716
203
368
1395
1113
1365
3005
1132
136
492
156
474
131
561
422
505
837
1386
199
373
285
2550
357
807
136
135
599
609
919
962
783
983
1541
422
704
866
777
551
820
340
590
443
1043
250
273
893
691
454
871
138
574
532
402
656
784
552
237
524
284
520
1064
162
449
335
730
318
n 40 k 3
3861
1144
2375
1394
2638
5159
683
405
758
1319
929
228
1579
1856
4245
1486
1321
1023
718
2422
5731
4038
864
510
700
141
2553
1590
1919
941
197
1522
1642
1606
3586
2027
1446
931
1083
1688
979
1602
281
1519
1661
1297
431
721
351
1008
7171
513
839
121
1179
527
1084
4143
1174
3289
1036
462
225
1321
1051
3944
2569
4623
2452
834
2068
1853
949
3291
2666
383
830
479
3869
1978
940
384
685
737
750
1758
1409
2685
1205
567
914
1650
2180
1706
11635
511
2465
450
6170
1466
n 50 k 3
1988
1780
5172
5219
1613
1812
2936
6847
4485
9820
2098
1151
1020
6994
8911
4406
1688
3223
8897
2854
633
3128
8675
845
8828
1209
2041
390
976
1465
2297
695
819
199
2885
10348
4391
5771
6880
1188
8107
6428
4021
3772
4735
1550
478
5260
6488
1288
460
398
4409
4448
1624
1293
3060
2141
1254
1207
999
3049
897
1077
8861
1094
5932
3075
6541
1261
1360
2388
7773
1346
1754
7085
3028
1089
3957
8097
7568
1019
2729
3875
3991
2818
8769
2927
3864
5459
7825
1338
2864
1359
3856
1416
10603
6696
6271
5523
n 60 k 3
11918
16467
6140
1311
2881
1192
3462
3416
7274
3518
16237
4423
7801
1240
1435
4168
642
3545
669
4023
2632
11457
878
1018
2129
4480
4664
2219
18359
1348
1230
2540
9346
3305
3980
2176
9291
4700
3109
3870
364
4060
4656
12369
2555
3071
1497
10795
13786
2322
3894
5265
1544
2670
2107
3812
1244
5382
15010
5598
575
9128
9604
1762
8920
1573
1290
2865
1902
606
5114
8920
14143
813
4356
5002
1700
2250
5037
4628
2384
2636
2548
6458
2864
4761
522
4883
2334
2566
1892
930
568
8987
17087
20758
3106
6045
4855
3203
n 70 k 3
1997
6653
2888
2433
2489
20405
10025
2471
4500
7398
10467
503
14127
5077
32349
2863
4014
3995
4637
12989
2124
9977
19384
16104
23374
3438
1688
4898
8015
4016
13404
23530
1607
2535
19859
3257
4411
3201
10867
3286
1819
1498
3589
8768
6330
3241
22828
19350
3573
8119
5839
16125
1053
3810
20889
2979
8362
2214
4850
2560
2821
2889
5997
8215
12034
1216
16697
2435
6103
5659
9562
3074
11933
13853
7909
3945
5145
1200
9925
4475
3783
41263
3182
15096
5187
5010
9698
7799
1942
1311
1232
9188
369
6397
16284
3566
1756
17361
643
13548
n 80 k 3
9743
2503
24691
1762
3002
12728
12657
21093
3577
10135
2888
16824
1746
1375
5624
5292
27640
15837
5617
46370
7054
24119
7244
3644
11273
6315
13982
6216
15442
9340
3910
23028
6744
6065
3251
15831
3717
20623
33472
6054
9585
1069
3692
2809
5060
1275
2141
14657
1881
10863
15028
4039
7046
9217
16328
7797
2451
39732
9826
9647
18593
1290
20107
8629
3171
2867
14348
3432
8914
4181
9417
19642
6979
9334
7773
3291
9596
4944
3634
24252
21108
7668
6934
18458
7371
25400
8357
2574
17207
7388
5716
7406
48017
3252
4681
8265
3013
10230
2432
18056
n 90 k 3
2537
20816
2431
18535
6997
10268
2923
3530
12838
32951
23331
28338
12796
7786
7734
11207
3767
79694
14383
5175
21523
13521
4664
21862
15209
2469
12814
27123
14492
6321
2873
2491
7438
18621
965
7512
4265
10344
1760
5280
14419
4279
24188
3283
5738
15969
30884
6865
3478
15911
5779
47613
9878
4940
10477
8143
12292
19348
21636
2960
7851
17275
4204
5171
29581
24867
19004
1839
8912
18836
11782
6391
43372
27438
19857
49550
21008
15656
46313
11970
2937
34142
8553
3248
72545
9455
18238
5092
19290
4378
29306
7372
42365
19964
10357
24715
8724
6613
8941
6421
n 100 k 3
24581
15145
45102
13737
73809
10480
32406
42713
35668
11918
5330
8137
7329
38696
19140
58616
8551
13446
48308
3173
31662
4255
5485
24420
27997
13240
24349
1797
46895
40613
54739
7981
23018
6203
1539
33440
33801
15773
10575
29616
21972
7719
13447
16167
23683
7410
32661
31252
68180
14889
2498
8148
84457
2282
19728
53537
26792
9496
4974
16448
64000
3131
11924
9350
32831
33617
81423
14931
5252
28189
31330
11390
27752
3689
19516
19936
5635
5212
31048
4489
18504
28763
7248
38570
18849
18646
55270
52575
40356
12298
41466
10228
15786
65554
28472
18946
10810
3473
28934
20164
n 20 k 4
247
450
396
133
187
805
168
646
754
714
895
201
1454
773
278
508
391
190
56
323
446
262
294
281
77
179
392
982
293
421
183
572
511
395
637
1480
1881
741
424
140
20
219
350
533
435
1126
46
58
444
439
592
1151
371
3128
254
920
175
22
1160
114
532
127
121
877
95
842
565
211
1593
64
650
88
203
403
133
378
377
1082
294
195
530
373
1694
413
422
138
504
344
481
189
859
257
461
289
270
35
1241
457
190
114
n 30 k 4
9396
1677
264
179
1325
6312
3992
2002
6823
1174
1161
11997
971
346
4570
6875
137
423
6417
1305
293
2665
992
59
1864
4208
6985
1418
2640
2551
6792
2205
707
3443
3598
1425
828
3925
5256
591
1693
227
738
3920
2287
2139
6044
812
621
563
1470
3239
6024
665
3228
391
185
1296
7949
193
1919
3018
1795
1577
828
4338
775
3240
2663
976
4535
754
1137
523
812
981
2614
4452
248
1356
247
1335
568
4639
3656
9990
703
1939
2980
640
3396
4802
703
4179
1463
186
1255
106
543
2586
n 40 k 4
7288
8401
15680
1139
16754
2725
9347
4186
4604
4462
689
14573
1168
5720
8571
377
10173
1635
10112
8016
9486
15037
3977
1735
1062
1107
693
9180
2572
1254
767
2119
592
7496
5354
1087
4789
13865
5326
2581
9596
5771
2840
5016
1162
238
623
738
3224
5753
5229
4366
1792
1225
3077
7879
4650
1887
29265
2327
3630
4191
4438
383
8467
2012
7154
490
6787
4825
26187
2450
4555
9216
14744
1035
8130
3803
23238
10074
9709
2682
8891
6809
2105
1511
3510
9341
4784
5418
9609
5577
7972
5328
8586
1712
1207
2564
8216
226
n 50 k 4
2861
8600
37284
22990
11515
14031
4181
6124
20091
14092
26601
44635
8976
23708
687
1914
20721
7596
8908
9244
3737
24150
2046
19225
5564
11548
7309
27131
4765
12777
11926
7636
11664
2311
21155
23055
789
18765
6241
28311
3859
1051
15084
8287
1357
23819
20790
61607
5787
9568
4388
13641
10505
35897
11431
7188
3574
7812
1388
19791
34455
3474
534
3811
20412
1311
5510
3858
27200
6569
1459
4492
35341
24529
10017
2180
5144
2460
2747
16933
3663
2819
10818
7658
4581
12816
735
8057
3230
16539
6866
56144
26169
10541
11853
12312
13852
8874
23523
26302
n 60 k 4
17053
11902
11667
4058
4450
75891
66153
31576
3752
3792
13016
32367
13543
24627
17292
6346
31950
9119
4892
7389
3573
27871
69206
26133
13187
12074
64253
60939
32618
1104
45964
29766
1712
37284
2451
48063
39652
12819
27537
2382
16554
60411
18544
55684
4728
22125
28056
1823
10522
20073
29718
13688
4352
114342
105779
29921
64998
14241
55296
31566
44144
31688
8579
14568
34111
12447
14339
7718
6913
29510
15376
52379
4546
735
49326
15526
2996
20257
33456
52107
856
20565
65164
26897
1507
4077
2549
19631
12762
10164
11572
26660
6184
12010
1570
6611
45835
96633
8380
3734
n 70 k 4
84505
55009
4570
45390
93741
120499
1286
44582
251880
95287
63134
16378
3099
45962
64037
34342
81647
24890
64467
30321
43230
98323
38515
59671
21211
137091
2304
25148
4782
11330
27034
28129
79998
91218
181770
94596
25940
22938
30610
74120
929
6007
67208
14431
36844
97688
28015
68517
74654
113438
40263
45723
35369
35852
52644
6182
46024
23119
60801
81476
65606
7696
12784
7788
9957
192629
24231
24564
53739
28676
29713
54784
26516
19770
7246
283925
27167
21216
50449
146784
153279
41095
167619
32271
64147
17577
12042
4805
65922
73229
60762
9711
102069
67151
54896
249644
28754
47579
17423
39278
n 80 k 4
6843
38619
27342
52647
5927
58214
13118
26118
32278
146534
20842
19056
87792
11445
3991
28827
11103
260909
365982
17756
69700
200747
43818
43035
138300
210549
82289
513758
81298
26039
4351
23148
27912
90851
6484
53618
49103
10967
135426
133859
78117
13922
16788
31159
127089
132266
7620
38783
57956
8976
19877
45032
19718
36762
44218
6729
110639
14525
112065
39804
30583
30698
77267
148717
37162
62003
43642
153185
108557
30584
83160
103319
19479
57051
55750
98183
98580
25807
139589
18097
181595
4202
43108
97562
33406
210871
45837
29568
8507
85295
18043
31442
93292
81601
29603
33931
8894
52319
123319
68258
n 90 k 4
11539
39390
38421
117758
138618
48077
187863
16184
472675
21552
43014
132565
11440
163349
130413
21860
141996
131298
31168
56048
113516
13621
95024
28168
40176
200737
52532
53452
4049
289081
15580
88655
121481
29645
165745
12853
102759
162871
506836
62820
324913
3676
20216
15237
86914
50022
179887
67172
183336
132043
28170
84309
109488
78478
31918
10964
23355
175588
227536
268348
64979
30348
49605
56844
166256
19538
74107
19908
23793
238234
78920
18715
60306
107359
72007
148262
81454
74468
37620
56692
24621
127509
109513
195107
177203
102811
449227
423006
35952
7117
205465
675361
29357
331182
108011
214184
127836
179291
91011
186878
n 100 k 4
167123
49376
59882
127828
39106
151358
381992
277349
408596
331172
256160
93644
164780
13246
269528
123815
105740
204447
70722
129479
199949
68438
129543
85378
192436
246167
325992
37470
314747
38589
166861
152930
41804
168972
274881
137489
304155
216858
42713
428944
21106
26248
59366
25014
189963
84453
699505
176440
15822
165128
134787
71699
260401
466607
150567
486927
65723
212310
49011
109993
461898
324715
245684
160538
272404
95586
101022
48347
29570
128981
84861
475581
12576
170405
308994
138354
131763
26953
28400
401847
289479
210102
27678
489813
154152
412777
141523
6803
41097
85518
361553
5011
221699
32383
221144
300586
134958
205291
871083
181225
n 20 k 5
280
1611
2382
1005
1720
2197
1024
1913
392
375
90
271
862
945
274
1078
200
71
294
419
443
1820
201
685
547
1118
109
314
94
485
308
237
965
606
528
1834
195
444
607
1584
578
1283
253
1055
266
1338
387
1826
1821
43
1891
1574
996
1549
381
515
152
1680
531
1029
359
125
698
633
1906
817
40
156
2369
1774
382
1840
193
446
161
892
569
754
531
716
1925
1433
137
832
2766
571
560
383
243
359
672
57
1494
697
1686
3825
153
1598
713
489
n 30 k 5
623
162
2392
2324
4980
2735
1613
3940
3973
2695
3212
3122
12105
16506
1024
8895
5099
539
208
4091
3303
18169
821
13016
9405
3442
5933
2492
2124
1868
2027
15529
6052
6620
1687
3953
302
2502
3221
2493
2809
711
108
832
1354
304
9743
9147
7825
476
2033
2550
4862
5378
6731
5010
5400
3596
440
14631
8102
4095
5073
5621
5817
1388
1003
2509
7476
710
4971
6533
1522
14843
1707
1670
2605
8533
2949
692
1410
1127
3014
3846
7313
7040
2331
1199
816
5430
4406
4018
1212
332
2900
1576
3010
1013
2875
2230
n 40 k 5
2768
7189
7652
11110
3286
31721
20610
3626
1632
23530
6259
1837
51343
20616
24565
33512
3797
46149
17741
14325
8147
625
4032
299
7666
14464
38930
371
8616
2259
41069
6917
533
35637
9624
622
2906
10644
28313
9112
5025
2277
5986
20966
6937
14031
17450
1374
16884
31284
9411
30437
1850
11467
9739
16222
7396
4429
13566
865
16816
29591
8662
7628
34956
2628
4489
6152
8914
1229
14425
8094
16573
27205
11664
46834
32852
3891
18427
3319
4289
17016
29417
294
55780
8691
11126
1404
27226
4539
1682
2346
26351
39486
11205
905
15971
26844
12053
2593
n 50 k 5
21997
9537
15585
11822
19998
84858
1081
2680
23908
37475
35378
28930
89042
20742
39593
5553
5766
14527
20117
36649
76546
26891
17828
12444
327
14924
46022
8842
5700
53117
34874
12068
23448
89605
115822
27745
6243
5340
1848
3689
7866
25605
6969
7705
15424
55880
32803
43528
55138
39239
152665
52015
183837
4854
24567
8652
17960
19953
22859
1574
31920
121499
19173
23434
11244
110619
37971
5697
94556
113934
3589
16263
41995
22298
19772
65077
107648
18014
31548
21085
1620
16331
37026
11892
65157
23626
74288
10818
5337
21841
75393
6601
14780
54475
34261
1269
54143
2695
9610
13147
n 60 k 5
27942
28618
59749
268274
26658
87406
34362
6021
8261
102713
148599
229680
58358
17452
5842
14583
31307
162976
67493
181931
88979
25688
18080
29447
89107
217761
95285
19299
23135
53863
54130
355803
21194
183292
76744
75640
827
50069
101133
49156
136806
12842
60089
123437
291130
134747
36091
34018
102203
112340
201366
385637
156778
16867
143865
100860
80465
16401
36777
49527
15832
289002
5455
109697
40920
12175
7750
117120
40183
70279
22036
14985
170984
54576
98449
71523
29679
39883
3815
149301
141923
18625
60275
238470
205965
130514
198577
52273
272237
15100
42256
194039
6996
9399
313447
57892
59993
90771
169814
135251
n 70 k 5
26946
178613
288292
5558
72357
175798
56615
202058
297516
195294
275561
55682
331890
24338
333802
140477
30140
256859
530564
11323
107077
181955
34800
216984
358905
280164
229387
27868
263158
8604
95816
138655
11222
23575
445382
37071
20138
121971
578329
193128
32162
463919
25632
106421
293819
23730
300787
610807
35110
553293
166046
104329
7923
307230
405809
90205
394400
136121
62070
303137
134271
738573
66171
248456
313661
306284
114045
109076
37614
515101
308139
167300
95726
14895
406179
44424
10598
234877
146528
165114
336672
90421
206990
436705
2084
100845
511514
96770
482075
732657
194809
593954
403083
248255
22402
188215
1007077
297601
161085
62558
n 80 k 5
413484
207600
275329
774414
296635
156916
1163043
84061
59841
538518
278488
265770
131784
529806
512035
688861
60984
114598
255915
247871
118915
1294203
964204
249490
778394
1001274
252047
65106
478531
109141
38535
2432757
749422
145093
704996
399443
365758
691943
44256
208498
726999
557291
260341
38406
274099
510346
446394
413109
9896
966587
201658
682639
860957
219929
48824
279658
314430
535721
879973
581985
129857
262082
21691
130187
59675
64022
524621
156946
243494
1206898
2793
39527
282766
32980
55081
955126
395570
654896
135206
236397
1180217
586548
282602
398836
200723
573989
807428
280914
199970
272229
48178
280835
6492
241202
192020
286192
49683
865715
27494
155437
n 90 k 5
1536443
104324
418573
2097948
1831837
227170
395568
1633040
76113
1980902
592515
1352559
567867
1063870
1203321
537044
928723
127199
431436
479572
81885
102019
11771
33818
527185
501335
328847
839620
45305
357749
512740
682900
4532087
549515
2415320
635650
1555745
856849
247249
1020582
405633
1751509
506771
978522
442321
55615
1073518
162559
41063
688245
28007
56268
597544
239831
163105
1929631
798222
557468
2999613
432931
1073974
288688
540009
449256
32495
397856
20890
482440
1531643
28172
1698589
755460
42066
1610338
100138
1692735
215762
1036736
30935
73210
687306
689415
13085
125677
183350
277917
1174360
808191
499289
1501563
885793
831254
148965
362390
465100
1348722
155986
1890672
71801
610778
n 100 k 5
904742
73658
1156170
4751654
368582
230964
391938
598333
366897
1079417
199645
349978
447734
276876
422145
14635
930013
2001008
5383389
223672
1079774
238919
1031360
795780
1494622
100329
1391061
1941369
1494605
274797
925568
864000
167333
1162212
873950
30639
378547
2060964
2227526
492078
868165
23902
143764
410472
1185833
645980
185921
269606
150070
3139543
518593
864442
107422
1498806
558897
1125345
407131
2468878
1792078
1220515
307895
1531865
224790
624091
961071
1930225
123291
345298
493002
970452
1466454
933456
123996
481368
244656
85588
2612719
3269907
314360
752266
1542437
262848
72066
2040279
710992
4041897
913299
2904369
1650767
767491
807466
548761
1244584
295978
680613
444785
950680
991720
605153
445875
n 20 k 6
1363
251
245
1372
1001
1217
229
74
1291
1134
1738
1500
2274
931
746
375
523
3914
168
2171
452
1616
88
106
437
1608
83
3232
242
1127
1759
265
1193
443
361
1187
829
53
939
1421
438
138
548
261
739
1215
2652
156
463
112
1329
1128
177
358
1053
2030
871
629
268
191
2362
882
259
595
1564
122
812
133
1644
751
1849
1279
79
974
378
394
846
186
2600
565
1331
513
73
575
84
563
1216
132
1186
686
1055
616
1224
1682
611
1146
2898
510
625
907
n 30 k 6
4212
1773
3887
10201
23233
4345
2166
4406
5916
1323
1593
3780
121
15861
14132
13428
7826
1740
14145
12699
14945
1046
8361
11399
9502
282
1280
2564
862
8106
5394
948
6682
9036
3052
7615
4910
409
249
11931
3675
4574
20172
5406
8693
690
7657
6848
776
4131
11704
2513
1140
1286
6074
4298
29760
3996
6502
9483
13348
9399
22900
4346
10125
1868
3038
1419
15046
332
8138
807
601
2460
5388
924
2176
12044
1523
20092
4289
7275
2326
3855
21021
2129
330
13506
9105
813
3230
984
1360
3099
6167
3849
4306
593
2341
8578
n 40 k 6
41176
63543
12092
25784
42094
16231
6418
1440
4181
4223
37452
2636
3038
20578
15250
176446
1319
8778
1195
38349
28633
18418
33785
762
145218
14593
15020
19294
1315
152489
8181
4287
17686
17777
27630
33731
25709
23456
1277
2159
54592
16655
43979
30725
126417
25077
4649
15554
177032
49818
347
115752
32564
8367
58522
56418
4885
19999
10133
23653
25427
83269
52329
111793
113745
21427
69459
79810
35730
28832
29073
17172
44731
565
32270
18260
5019
771
36073
30946
6777
6821
26634
78761
24552
18031
53574
56905
13368
36437
68632
48817
45996
43682
87558
33919
3826
22113
4486
37812
n 50 k 6
316994
210527
80123
47001
82999
50408
321974
383308
5762
2845
108051
387663
5555
20958
37109
314469
33664
262433
8568
587107
26933
271137
270176
122623
25522
117962
9130
102922
185804
16349
76668
43160
157762
21072
75593
6361
328612
80017
52265
192805
166205
290037
21154
228754
67939
454386
8367
98715
348292
274649
98627
108193
50405
76517
72734
18714
157823
29570
274547
115004
43740
6705
96872
17529
64696
29667
27897
24972
6714
99829
65236
225688
87246
36785
244720
59687
127992
68565
49294
44839
20280
625680
43463
202571
36725
97826
4682
45749
1259
247199
49448
108813
62655
181867
139437
5675
86095
66983
138524
339886
n 60 k 6
453865
154752
321080
414936
50661
150659
40360
593510
773759
201135
510318
694467
344383
217829
147448
34652
200349
389867
366095
182127
1004073
503752
207757
501060
88294
414419
56349
133619
318503
60820
82750
169990
339971
210403
41226
795460
694299
237312
101901
88655
445213
14606
48008
658605
35548
568998
505479
178253
99199
144342
1028725
10097
120070
405328
161118
65610
216913
163327
441274
239080
295060
288041
41889
48091
300253
374907
1208610
77799
300441
304227
344562
75310
33613
631230
792305
490675
1305844
38742
24711
681625
20631
11901
353003
226903
20271
32253
261346
194495
175341
43623
303534
1110974
41710
708194
405363
24517
110929
78311
322220
429084
n 70 k 6
597404
90158
112995
119896
277959
1066741
876014
179176
240899
2686554
4439
176748
136935
234375
522725
144581
1605656
83180
701305
249228
1337761
346431
285610
626694
646634
69862
182326
876092
3993879
1238541
177522
219257
286182
4340257
646010
224080
231671
1183288
1148815
90471
732442
364262
1874802
1436933
5719468
4268678
1676240
150705
2341503
800417
658061
1161649
9282
286712
6270
1679448
77139
264780
2303461
397367
1749295
46450
1258348
190017
369480
108774
1166760
1914523
1584210
7517
36440
89929
1031148
379524
226038
55019
1346041
279389
267332
1660700
948310
384204
41469
80454
385706
1024804
113494
19001
2000721
2049454
371948
1202805
2821270
760591
580231
667456
403247
1010083
452672
1973540
n 80 k 6
764196
1107483
3272253
104382
382560
412688
3048967
144721
1283788
5924974
1850464
545297
1737126
1230712
855046
321536
3172171
57408
3302074
301803
241975
2370575
2725675
1652085
420376
1611135
1571671
55230
342772
146747
5501734
321417
4584076
5898111
1268590
417442
1148888
50717
1426515
1609577
2650634
1342228
1915620
388222
650637
982618
1733967
1759467
1000705
3265942
552865
72233
1367275
418045
3810307
2833167
3893169
8314424
2626582
7346197
1736938
357651
5094301
506237
1265852
1172084
2004072
965973
2503645
1771955
86074
105422
7904281
3332199
727272
1811687
2001247
373527
821713
201215
4154734
1792306
79150
292735
1558905
2081617
1550666
3463608
1683209
5706136
2302220
2367369
939531
1209426
364218
1622640
2548088
1097525
488936
657537
n 90 k 6
384200
4641957
7836529
2023617
3237635
596006
1731434
3542188
15387057
3396726
9436374
931165
2024031
4101164
2379979
3936963
2578390
969959
315792
11905992
7321079
8764429
1933633
558098
8654668
6399453
2797896
305670
5422190
3268846
1539403
1704560
2235439
1756724
929957
7878608
3028943
381972
6661112
1978364
1699859
941698
5690796
814924
295454
86892
5633312
2360369
1058191
3226031
5753267
672551
2891237
7338012
28299
3342244
2923740
680900
4608379
7596905
5962375
89948
319721
1322980
2615186
3212825
562710
2312880
2950594
1427534
4611983
174698
1738199
2859571
4653038
5233389
6957652
12712617
1941751
954903
1416085
1359608
464385
7642196
568960
2240442
1355389
4950618
3153092
18914547
987324
4300316
559675
8924786
1486589
2563183
2197649
5329932
4744061
288473
n 100 k 6
2841670
10827519
199266
14160335
3743551
3153076
4143689
1282997
1998808
463958
5982126
29501385
7287508
7877398
4282401
21849746
5816525
4347493
782318
977787
2188644
1087399
3860225
5512931
5104974
15800479
5132729
16265223
2172391
10013744
6709222
9386248
1210457
6186873
14890437
1289834
3307814
761422
403840
3793573
2277684
1161028
11366639
10628356
1037727
16465825
6833457
609236
6689337
7548404
1286804
645425
6406480
25881210
1255282
792032
2169530
3142669
4664717
2246201
13666590
2021437
7344979
2097579
1635487
3471088
5437594
17282094
16153916
1578057
82163
15600128
2177446
31174620
4594110
28471700
5975846
3163516
2214465
1779635
17767890
2568752
21349434
2789473
25582818
4206096
2816264
1816870
3260618
2744987
2053005
2419033
4855997
996533
580058
10367058
5240992
2943171
13542410
20857088
