n 20 k 2
37
141
60
117
236
165
75
219
45
446
80
211
171
63
167
45
63
355
159
147
53
70
177
105
86
270
110
44
105
280
222
112
239
293
34
68
81
41
125
107
87
319
137
37
91
85
135
64
233
158
457
81
51
266
195
211
53
28
257
67
541
41
213
28
130
94
162
117
58
82
455
33
105
219
56
164
69
155
86
44
270
296
87
69
53
88
246
124
78
144
146
167
152
210
159
70
29
168
371
51
n 30 k 2
115
404
264
523
431
207
161
136
147
253
73
419
184
339
205
129
130
147
953
149
398
192
445
172
1116
631
205
429
379
376
162
368
164
448
198
207
73
107
500
254
168
297
463
214
313
239
150
305
190
239
156
149
260
300
87
106
138
303
235
678
102
258
485
104
478
445
326
65
199
237
339
126
181
195
559
236
205
667
444
447
194
488
421
128
167
601
208
352
390
263
116
422
166
272
126
210
967
323
362
200
n 40 k 2
543
199
530
656
320
376
830
856
265
370
687
631
182
466
528
653
400
1105
497
1020
285
464
416
139
744
470
302
540
713
396
636
113
543
198
835
258
523
234
145
139
337
200
516
610
238
412
472
213
520
360
80
240
169
163
171
886
390
179
318
714
707
1570
470
481
607
960
296
392
369
442
465
320
337
351
290
343
677
213
160
283
479
167
347
619
514
223
584
1004
208
386
423
2225
1330
112
159
595
347
292
364
472
n 50 k 2
888
478
1187
1061
367
589
546
345
551
976
901
1917
408
273
695
702
832
462
891
296
672
1543
315
430
667
971
366
1025
391
1362
824
784
1094
1211
403
267
400
360
695
698
817
537
1046
825
358
500
1979
306
225
663
358
430
1617
519
695
248
1030
331
732
792
620
1142
269
169
457
533
409
259
1384
358
343
2246
497
345
4785
148
908
727
679
225
480
672
1653
1536
388
548
1835
390
228
825
462
1201
585
473
358
325
455
495
611
1166
n 60 k 2
1413
613
1025
654
573
1128
2783
498
454
768
1195
1044
385
847
616
1127
2177
1256
681
1430
1372
307
300
1672
510
582
1363
289
279
1675
1621
540
605
468
1370
674
1159
502
1172
1967
948
1270
447
1288
355
340
1785
536
427
469
447
965
792
484
578
510
1280
1085
1144
537
167
835
388
724
812
922
739
553
1048
188
1421
447
965
1637
928
612
2628
1347
856
576
1229
279
987
994
2157
906
1438
2603
352
1447
1426
827
1514
1419
525
1527
1092
491
3917
189
n 70 k 2
688
724
591
383
1680
5240
1637
1298
3848
704
554
940
1818
401
478
2521
4604
1432
378
1172
1046
1679
405
693
636
1231
382
973
2662
527
597
3732
483
353
2975
840
1440
2812
1465
503
256
636
1210
1180
994
2440
1508
1289
1257
983
3348
877
1752
1946
1829
2360
721
1426
444
1293
975
2165
436
749
502
680
1198
575
1092
2298
2368
2470
3272
1457
4706
1281
1267
1397
1900
1850
1569
2090
1008
838
1207
575
2265
2650
809
882
1481
1059
787
1779
3114
1708
667
2664
788
1219
n 80 k 2
1941
1392
1518
2076
406
587
3129
871
973
618
738
7440
3640
687
1601
1480
3421
1519
1847
6583
3863
560
1081
941
592
1859
1292
3249
1430
1715
1648
5776
1263
2623
1178
1069
2129
4789
790
1121
1105
1847
4031
1055
3205
1397
2324
1515
512
2139
875
562
1471
1763
1518
1913
1517
1675
420
2310
1661
3876
1527
4119
2156
1078
1562
781
3510
7211
1497
2719
605
1291
1707
1047
1776
1889
2995
1757
976
1124
1256
823
3915
1518
1680
741
2073
2442
1266
1090
2055
2331
3331
1293
1832
1588
884
2131
n 90 k 2
2004
1013
2307
1032
5301
1484
7906
2820
3003
3775
1609
4295
985
1705
1526
667
5495
1056
1744
1006
3642
1647
7985
5281
2136
3029
2131
2804
1186
663
1246
2954
584
1925
1333
5369
2340
1087
3979
1742
2212
4266
2668
1407
3566
4400
1439
1200
1567
2695
2948
2231
829
2205
4567
2271
1811
1930
875
1070
3464
656
890
3243
6271
668
483
1111
1080
3896
2132
813
2163
915
4043
3477
2172
2622
1068
2218
2196
3778
4169
2073
2121
1727
3058
2527
2704
1800
1983
3212
830
619
1598
2186
2247
2588
1193
2258
n 100 k 2
8916
5350
3420
2324
1586
1343
2083
5051
854
1608
5498
983
1228
1215
7934
4475
3030
4691
1465
2964
897
2722
3560
2006
8044
2356
4135
2169
2916
1645
3124
3215
2787
2801
1665
931
1524
8807
1485
2918
1214
3992
1662
2420
2044
3268
1763
5459
3736
2031
2397
2975
1117
963
3114
1217
750
4646
968
3200
7186
6310
3343
4332
4694
3659
6322
9501
2322
4185
6468
2027
8311
2755
2141
1818
3368
8960
5343
7995
3978
1937
820
5233
1876
611
2191
2626
3851
619
905
2831
1736
2204
2722
984
5844
3040
3832
5144
n 20 k 3
271
106
154
57
375
60
150
595
696
470
260
473
31
654
302
573
760
94
76
941
181
53
502
771
143
140
340
313
794
426
136
70
108
335
341
820
336
231
202
1073
243
219
798
288
440
295
378
333
457
275
222
99
119
439
58
93
401
173
97
654
321
140
444
412
631
637
77
118
106
353
75
748
70
370
222
119
421
115
221
253
48
138
197
598
111
662
203
68
494
290
775
64
106
163
1227
229
388
190
244
185
n 30 k 3
1154
1263
1137
1524
1114
143
1088
928
1320
1057
891
1241
168
724
518
688
958
263
1435
121
581
3055
2077
463
460
354
1308
578
915
2182
350
283
173
339
1053
862
1037
1482
2165
380
565
424
1513
647
94
796
844
461
357
843
253
1169
928
932
645
2914
1127
1555
1435
893
511
422
349
290
186
2735
2591
321
560
1614
546
915
766
827
750
965
2781
171
1129
764
486
1469
924
435
3093
569
356
564
89
343
75
673
67
720
307
340
1150
2145
191
930
n 40 k 3
2920
878
2585
804
3059
4868
1010
1980
5750
787
4435
1748
2063
351
888
1100
6904
3528
646
262
1312
664
939
1105
1273
1921
1300
485
543
4548
922
2557
1217
363
483
392
2938
2839
1113
465
3536
2089
4129
1604
525
781
2688
3863
1078
2692
1532
2275
477
2066
1969
2161
1773
1468
1896
1956
2317
793
670
938
1996
1062
459
7003
202
2244
1120
4511
1102
355
327
2472
257
1910
4281
2487
7656
1425
4378
2338
1204
6470
2606
5837
415
1547
430
665
1611
4145
3069
1031
333
650
793
4879
n 50 k 3
2623
5903
1291
390
5308
4482
1950
929
2525
4089
2368
1314
2528
1676
2846
1739
443
2813
2759
1426
193
9147
1423
1925
4075
2598
5234
6311
1655
6510
3905
2525
4364
701
1983
3976
3932
2440
325
2094
431
1316
1754
2146
710
3250
323
1739
578
1346
2614
2331
3496
7997
3410
786
1509
1341
4416
13705
6131
1262
4776
531
1329
1741
1290
2501
1367
2051
1143
2587
10294
1062
550
558
1336
1263
4139
7745
572
2522
8422
466
1361
3677
1670
247
1942
1658
1488
11571
5074
3449
5965
9211
1784
3188
2233
2201
n 60 k 3
1054
15824
14642
437
10707
8062
2592
8824
876
4654
1492
1291
2623
1912
8356
5676
20988
10560
2134
5911
5710
10163
29907
5829
3904
2639
8309
1230
7928
6886
3251
2323
6393
7096
1041
3998
9896
13711
8648
5139
8055
7926
7325
831
5519
5118
3855
872
11666
3508
15565
12091
2586
1792
1992
3328
2748
1704
16052
660
3874
3087
12125
2992
2563
5165
506
3022
23858
2946
4134
10366
4476
5930
1337
756
2602
3593
4021
562
4573
5057
2151
5570
6799
971
6088
3766
2505
10253
7260
21108
6827
2764
2301
745
4324
6690
7911
2341
n 70 k 3
10943
3058
7962
4695
15419
2756
16154
6058
12690
8491
4464
9819
9739
4191
997
5461
2734
6337
1346
8494
4056
7283
25462
11801
3149
14605
3648
10644
11370
2255
1724
9464
8690
6281
4716
26359
5035
1854
12694
3305
1475
18048
2847
2599
17982
14521
10464
1321
7314
2351
1348
1008
9891
4853
11279
6641
6096
8149
1424
8446
1514
987
3980
10849
2660
15732
2011
2836
1040
1255
4828
11849
16147
5772
1311
8373
2732
6063
1498
3036
3588
10847
2124
3466
37739
11665
2193
1447
1744
1182
10126
3676
29914
9772
17185
21988
9903
1139
6266
8265
n 80 k 3
3069
1696
1742
4769
52265
20662
11914
4115
782
99778
4690
7827
6791
18899
8978
15186
4146
15239
30300
3331
1684
10988
12887
7605
34804
17422
7713
12638
3893
3152
8111
942
15751
4254
2850
21010
28685
2864
11638
13863
18864
3131
7650
2175
4065
17911
6012
3136
16061
2884
20705
4351
9029
5454
4883
24407
15629
4442
1321
17370
8483
12778
1355
6007
14909
6021
5350
13301
14650
7744
6357
2780
3707
1482
13034
13891
8846
12862
34832
15402
1060
26342
2646
20656
9278
8605
2005
8143
16323
2294
21046
7598
4176
5798
4714
10532
5305
18851
8433
20800
n 90 k 3
9283
3620
1187
1813
11875
3191
5282
7919
11838
2428
4027
35354
10911
7287
2763
5860
9600
11008
22095
43309
23069
10263
17875
27776
5395
13883
49575
16634
115029
10992
30462
11729
27231
2719
3430
12100
7291
5832
14264
8058
18698
2956
2656
11077
3482
59334
4887
18910
28363
14235
35975
6638
21154
13922
40097
28710
2651
6484
3568
1358
1363
8808
1855
51250
9586
6582
15517
10536
3896
12832
6132
8415
3493
14226
30787
39207
21831
7038
7040
6407
13257
8383
3995
10289
4773
1711
23850
16859
1935
11087
21446
25244
26132
8177
32814
80767
12999
1646
3170
13077
n 100 k 3
6710
2696
22432
1490
4769
27194
49641
19156
7364
4246
3929
58790
19850
6430
18201
17901
23676
19826
53562
5441
35178
28128
4901
12699
22887
22022
31415
13548
4049
6804
41552
10767
35165
7430
13406
10573
13159
1946
11982
19229
12643
21032
12245
51382
6260
1595
15920
4860
6858
21898
26079
29291
2521
7781
17651
38009
17753
20536
12255
17934
68153
33582
11749
40151
11542
10079
14872
82583
17604
23634
36475
20891
51454
20336
10811
24457
5197
11993
4720
22043
47169
3448
24058
55402
13057
22115
8522
38123
25990
109327
29540
8041
10947
7754
31144
16151
25046
6645
26275
32638
n 20 k 4
341
255
769
780
496
30
106
336
293
356
400
585
213
224
318
991
178
223
112
572
984
248
253
1621
628
117
121
76
306
215
2439
540
149
128
1119
1215
530
146
912
864
153
576
163
408
542
254
776
480
96
573
300
1368
669
141
1400
185
1700
1402
706
452
524
376
1048
1350
169
191
251
209
410
731
61
303
1927
286
55
231
223
1020
1383
578
1122
681
394
399
63
1050
525
111
72
522
511
210
159
369
540
456
206
951
371
148
n 30 k 4
6975
758
287
5537
807
685
1226
3048
2685
418
609
4902
2272
1869
4137
3774
2458
441
1076
4156
2794
1717
478
1955
842
1053
1257
4724
102
1081
1136
214
931
288
1063
959
5120
1509
5624
3766
106
3486
2549
230
1495
3599
4179
88
1053
2779
4703
1642
2475
1728
1189
2744
1838
3189
8276
550
204
149
871
973
4304
529
1396
279
2962
116
121
675
1993
411
5598
7658
2661
5423
3840
1762
2088
4295
1114
2263
4473
300
3963
1300
2854
433
6512
1967
1295
1166
2420
1366
1938
475
3790
5443
n 40 k 4
10116
3550
7927
26358
3666
596
2829
2979
2941
3002
8306
1354
2692
4229
11687
8759
296
27659
637
11925
13037
3021
6835
1340
5612
10745
3273
2969
1544
3451
2113
996
1440
6242
1845
3847
12997
3245
904
2408
2485
16779
3974
1951
8764
3647
552
5755
1931
1230
1658
18608
10306
11285
889
9910
4982
2839
3817
1582
2005
5379
6363
1347
5086
1145
2334
8989
13741
5149
1677
7291
4845
309
2871
2188
3321
4286
12131
9236
5237
7124
386
735
13881
5507
5762
6596
5508
2492
1499
6472
5649
10793
2913
4143
6670
6143
262
2777
n 50 k 4
10574
835
523
3735
7555
4185
5866
11211
2586
4090
1869
1987
1781
19315
4623
11607
3615
30189
8198
854
3650
4020
3866
16461
12171
1302
45435
25511
17085
10517
1276
22232
4872
6565
9165
1959
6649
9629
15325
14303
43640
20690
3151
20998
5443
3238
2114
8922
1068
2379
33237
7391
29664
1767
4299
9112
924
8985
12982
33234
3609
966
29520
25364
7006
6459
16526
5701
12727
998
1057
2809
26056
1800
3575
19188
6774
913
4813
90876
14700
6724
8663
16806
23557
2776
12004
38486
1264
11468
12830
6077
16338
3156
8491
21514
17340
3892
3512
7983
n 60 k 4
41052
75548
12029
28440
9363
5797
15538
32397
1722
81586
29158
37105
26178
78561
19871
5707
6078
25765
16601
1766
8819
19747
35793
25163
579
45302
18123
16563
14445
6620
10952
27651
8551
13279
38153
31004
17270
59901
131846
15507
30784
25819
8573
5288
12983
3030
1496
26492
8881
5455
17846
12722
15627
9251
7869
2961
3130
19632
21350
10474
4111
2383
45933
18061
15274
76648
15219
830
20425
11643
37899
8339
12676
95192
29344
1571
657
3200
33875
27399
28073
40231
17485
52549
15042
9999
10464
7915
31677
24742
5417
97763
3060
22084
101835
10617
19951
2261
14102
36697
n 70 k 4
61275
27006
67359
46162
59718
94708
7444
7911
17853
83667
55016
15474
13574
52933
18047
24670
46187
15739
87542
61020
4248
22931
124138
22778
77171
2849
101556
120142
34259
20863
147036
53034
112598
37730
21291
23892
4171
20020
65714
106955
36173
2178
30231
6723
51399
52187
12755
260564
28255
15239
22925
9168
41377
80050
13035
27607
125803
32454
12559
31160
17077
1802
17379
31385
18800
62251
76687
16102
18704
19259
81332
9218
5953
3869
52896
89029
147409
1494
73509
95902
127090
52150
87525
2799
8148
105671
4994
12145
169040
151265
149364
32896
2737
33249
4751
9350
10305
37125
5198
13687
n 80 k 4
29538
76758
36971
107751
366846
284115
76747
164658
17935
51767
354992
34040
103930
37675
33649
7179
106040
47015
224073
2314
32177
26218
215459
22643
7279
21572
13959
10997
70197
32201
6647
83007
44130
131662
236278
11551
17452
4682
2706
53887
25438
9315
74149
86806
49692
11511
81330
10348
203881
276694
148450
18225
417372
140779
75083
33289
86053
81174
121080
113903
74524
10916
81424
22817
35062
56052
5428
8028
112317
83327
12626
217803
37314
22802
19851
221166
60026
17010
4902
70914
126315
96440
7107
23108
66556
25617
38412
160617
210135
10773
5083
41842
69487
201026
82650
263425
4893
25836
52552
139877
n 90 k 4
43376
28852
94979
467959
67872
145404
369812
286456
48310
214004
79886
19448
219313
5768
144680
184193
137270
1065
57089
53846
43866
118149
257992
85254
166087
87291
191943
128246
10611
12218
85253
16951
44835
22912
20459
203832
280839
9997
91587
30547
19859
155095
79924
37314
358584
239346
115418
304266
9418
32701
199980
151570
213122
302227
328635
76947
125797
19633
93289
23827
10855
72821
75477
61657
25669
83155
98639
92951
147399
35566
2115
19051
52335
94589
116422
404449
167182
46123
152632
51511
117365
10224
46179
125820
37884
73371
9814
52197
118377
56408
100922
30758
152507
160628
100475
65226
161926
15436
2090
44658
n 100 k 4
464138
508565
110719
147305
253931
56825
43930
57301
351534
407741
109276
686332
309154
48305
437472
29341
56061
167636
255333
55762
172175
31129
13341
130810
451237
47259
228218
221153
56959
159194
149950
341172
74920
180300
86528
208573
19620
48370
321926
50765
38012
160856
90645
97205
115496
768122
11830
12352
90918
147851
90385
102774
22834
491155
46340
39136
167279
100036
403483
97091
89605
218109
39256
231940
595141
495167
46418
234097
140774
9649
516838
100319
196327
114619
341290
657379
25695
350243
270815
149112
568053
68439
249081
230662
132533
125725
567942
277353
62008
171679
224664
172087
109105
112324
33635
97996
84949
114389
132653
181531
n 20 k 5
1704
200
1713
301
1215
57
744
1217
1418
417
559
163
106
660
163
1488
365
36
1224
301
727
361
179
1108
1971
124
2000
2807
556
971
145
806
178
1105
1147
796
488
1076
276
386
331
395
670
55
1254
1258
180
758
2052
1793
359
155
43
459
1159
367
87
296
666
728
29
873
411
407
413
2704
350
355
776
252
736
491
687
703
1073
930
710
448
259
1209
1531
96
206
821
419
716
490
219
78
1045
1337
1176
783
511
2514
1308
509
1632
74
295
n 30 k 5
1849
1148
665
1891
6389
1932
2827
2069
864
2117
3906
1609
9366
8348
845
5811
2670
2251
2671
3656
1133
879
1755
2253
330
4037
9456
206
4422
2271
2659
6696
9809
195
4956
5967
6664
7076
257
7515
4383
741
3975
3900
7062
4083
2272
747
1370
9918
1355
2560
5501
3067
4476
2212
7071
15214
4837
2001
304
200
8763
1155
518
1738
6766
3772
12829
2257
987
1315
1398
5271
631
2203
160
2263
1794
2376
306
6374
4085
11672
1221
856
7762
234
4292
3659
8238
1520
7677
4187
6297
4484
689
1332
3127
4813
n 40 k 5
3229
44404
3554
434
8868
2958
11600
2795
9262
1059
10897
37127
3219
43012
5375
12171
3398
32434
16173
45827
18949
22151
364
22172
9408
270
8677
2557
10820
31483
10106
4122
2697
26998
3449
992
1747
420
10225
921
9935
9618
13850
17066
8221
23828
9423
9743
6875
8588
7575
4709
14416
5702
6457
6986
6851
31902
23035
10609
9022
24647
14081
1486
9726
33086
9836
11252
9889
6939
360
2091
21516
1832
2777
6203
4153
523
6599
58764
6395
7439
51231
23703
1088
34526
14432
14993
10848
9853
44440
5487
3573
23799
7022
7514
1958
9050
3926
6593
n 50 k 5
131081
25431
14045
46168
31906
13633
48359
120594
15122
85325
10342
35987
89628
26752
20475
7854
4994
13155
11797
118268
13121
9020
19363
3973
4913
9079
63434
44932
55047
75760
20088
6690
45814
107785
48402
1763
132028
16747
24722
22983
6994
65050
36120
33903
6831
15478
9673
44816
25199
7047
22860
76523
9423
109301
48288
180673
60865
10174
10308
43970
1825
26323
207861
13204
23564
25621
80453
23917
35198
47392
7746
30204
17132
72604
30344
83764
10272
7226
51984
21164
11748
153198
13906
50770
22095
14230
21729
43221
21291
21169
6819
13380
90859
102885
10883
77973
25777
36316
32921
15330
n 60 k 5
78468
92433
9593
82125
108165
28802
84751
56245
89789
11840
330703
174920
121044
22236
58205
104141
36462
52380
92477
196324
143417
67770
201880
170113
113093
9101
59020
29611
31383
200856
15905
83811
28803
104927
287470
47379
161599
127106
15645
127605
37960
250773
168463
321834
64718
35474
40991
46382
206514
9234
72124
64647
5210
179994
6022
74099
81547
63355
99039
75442
6879
63706
111552
178938
143026
90313
86918
122111
16134
88318
172683
31958
14232
105518
55498
19038
29854
185552
76849
37012
127621
2650
13502
132733
18243
3984
3927
272031
20750
27890
9211
45865
18309
28153
394232
85518
25233
23744
262941
8845
n 70 k 5
41418
213584
125840
58837
202596
222906
16929
94225
15070
41642
74485
130355
201542
94095
186747
303219
12034
246188
114644
324675
577151
78700
387128
169854
310270
29981
49989
256506
483931
280709
2972
81602
17205
256670
615118
31851
64360
59792
869134
127387
44814
193448
437909
24367
581226
85690
152391
85238
293847
299868
5984
45324
655211
232608
119660
423741
171668
284383
147804
30368
15321
184517
133273
136337
541174
79215
660700
562026
185731
76693
145865
308178
71900
48751
301228
75716
332885
79632
145775
9095
324837
32870
221895
137762
89887
969
165205
188765
74619
66670
333827
864538
242920
332698
138467
110070
147148
292564
227340
700792
n 80 k 5
328496
131504
85325
50228
779830
203552
138641
424126
395275
673275
29016
1485523
321081
497759
167887
254100
112204
226271
1169316
52105
128135
374458
38190
89491
643334
691715
1343813
127300
813772
1045278
115293
1544347
155365
470403
888921
1396234
755958
263607
231085
257454
664696
18157
1239810
1811972
278564
449666
504972
623798
645266
10240
697213
412052
330594
495414
545704
707895
975052
325833
287637
140070
216578
374418
140368
459770
322719
367399
142123
429081
247332
407647
1403963
14374
300641
144967
294168
467268
157786
2798
360796
455895
84976
52538
922852
81752
113055
389629
109966
307990
546875
840715
135258
77168
1156608
2066810
269862
303499
1208764
35444
708132
425513
n 90 k 5
2104825
44106
431505
72637
968328
1131441
2448742
1074285
402002
90952
3804722
559047
137954
1032351
378006
602229
514331
485676
195162
239807
169417
107818
538822
757486
735199
485104
460776
700965
210610
122810
450175
133507
106770
794142
797002
898216
1210090
1548107
2170118
40412
304731
950574
210535
1150171
889447
854103
1517909
624816
30100
505878
661907
1548619
1091429
500138
131983
242039
20097
311800
44072
363938
191825
410322
352910
1177837
351535
127959
530138
834233
937911
336671
596796
151071
54836
1124091
2967553
956605
890044
185754
187777
475733
843962
1291150
345992
1316052
138584
310917
587507
133236
712530
1882198
874813
643487
2145844
533045
25815
111381
356370
496441
186886
284962
n 100 k 5
3053287
741158
469538
2648203
53907
2085028
326611
129627
676515
148479
2695565
771758
90018
1240620
656893
715041
3004439
722050
473939
554183
5844524
318981
324651
1693646
1777736
4780004
228219
514890
1403268
566528
558426
1173653
723230
200299
516206
2751137
221581
159218
940792
170835
1028497
479622
498501
73855
76729
571886
315471
567437
650992
184795
3372461
1763881
999791
684536
1260709
296179
1343164
388267
3287315
94221
937649
1759589
1310480
177137
72029
1789184
1311919
1039240
344246
471183
1629110
124164
1358587
3747184
1479010
192902
17725
225737
699710
8483494
426131
927933
1133938
30740
1489775
1943430
2429419
1448580
1107092
301891
1427206
1089509
949221
947431
3715895
553276
36685
2033551
1520333
138222
n 20 k 6
285
381
1173
458
1298
814
226
222
243
904
1156
1848
1487
622
1868
79
736
503
446
866
558
225
1586
1103
2230
692
54
847
1636
1859
178
1058
1646
1073
1659
275
2772
1036
63
2050
73
1098
3580
376
1476
564
798
457
225
130
652
401
795
1104
36
613
1717
207
421
2674
344
599
239
236
167
1981
148
1528
862
339
706
1595
734
1272
1962
912
180
94
1307
222
1563
193
1897
886
3118
1936
144
361
2426
515
1562
432
2249
1634
1398
1274
778
322
532
2030
n 30 k 6
6039
4638
15797
1453
2398
5302
2330
4711
10550
9952
28535
1570
1765
1028
1249
2368
9276
352
18087
1602
5531
8346
1671
601
16194
1548
799
1628
10165
1650
1525
4321
119
28081
5215
295
1422
2997
2169
6494
1220
10380
1792
15384
5736
10621
2571
8902
12372
3598
5259
6797
628
15795
11247
3667
1110
13352
3994
3098
6876
1380
2441
4510
10584
4650
586
2067
16355
17623
3653
3510
3783
36159
14002
1286
1582
5808
4521
9157
2299
7756
10032
4081
11262
2658
6615
1879
17323
5999
963
2438
243
5112
3286
9481
453
7234
8334
1198
n 40 k 6
16139
5660
11153
19593
10191
12153
2205
8629
12199
66121
7800
50723
29020
27878
21549
4836
15319
45809
113918
4645
40804
18724
9253
9755
30353
28350
10558
38923
60519
18334
288
111697
15272
7348
255
73064
14911
32308
73938
6862
8827
22383
86087
27336
10818
48964
93223
93187
27135
58098
11423
4699
21066
39569
45700
20362
24122
17298
39865
21232
23998
25561
3948
724
47369
6501
21282
10823
17157
52799
12455
25936
18079
27574
30212
175733
55143
27677
22372
6959
3792
47012
15181
4405
70895
72101
3745
27405
85943
18518
17682
42159
6610
25961
13082
21520
22130
4901
65991
22417
n 50 k 6
84145
17543
77829
75008
1779
176708
1654
157515
113274
29786
85174
145479
36699
21204
356605
196594
59503
628759
38241
154361
40219
15701
8049
74618
36657
425497
28724
2323
16126
61229
256501
22394
15300
8224
175320
87734
28024
96077
99738
162188
69660
218256
37821
127758
160377
289194
328457
87765
24951
66024
338049
125716
16299
16627
169476
303923
171254
115220
11738
48061
13126
2226
38008
68925
322501
158977
35593
21619
15763
28043
14738
150507
39722
310588
266299
177317
207252
107332
18265
25357
22953
235554
49736
169060
170469
56572
265332
276114
10258
28776
65018
10590
223402
307497
191788
249223
4650
210874
224311
8289
n 60 k 6
317105
245035
87748
597402
253137
200936
214937
37963
443473
53890
264029
298239
198829
466855
7733
196449
478221
366140
226186
102869
196340
196370
501039
158874
90100
82274
21496
82039
570271
171313
226228
57567
312594
772076
151077
173170
90301
215222
671051
991833
522818
141785
240865
7015
197630
806625
141242
858708
210680
63381
12880
439978
8692
201995
133933
250962
16134
187332
598240
109210
374154
1346306
584610
340829
330800
78826
390704
95506
322132
639130
417226
25711
601877
381880
333187
133288
7546
874542
804114
400471
15183
200324
70858
87734
79713
216912
109466
482194
530464
360242
296598
66281
402484
327936
343956
100538
125008
131127
477681
48139
n 70 k 6
1257745
956905
212689
1992446
2634137
1831945
183730
1447631
586499
376792
301484
293534
508356
1514717
514928
1530908
1142580
528490
341608
207171
553668
1732467
1193169
343186
224488
1710971
450132
555945
37654
549043
418692
334523
529700
286486
9573
271663
1364279
446841
165508
2608779
792948
156921
781398
570092
556271
2483684
283896
369151
149516
804577
109132
2569610
218268
285237
258226
486376
791939
120314
2668481
260448
287369
477623
734850
513522
546056
847263
1279557
147175
590501
193779
698909
563195
9080
1770642
1176228
251464
123654
211410
61707
216116
212945
82442
73087
85014
2210800
258218
148778
1052511
455013
150761
1435324
814740
810799
60114
1090077
1030928
966358
300729
1126804
2658728
n 80 k 6
1129717
958530
326294
14015
955899
300391
1617886
143101
167271
2037852
1784795
2707297
566934
2635923
1728310
3713879
1983422
77629
757497
39322
775883
1839027
331708
7118961
1234138
308110
2237389
1858061
1485640
557632
1780833
279470
7709113
1040907
255038
276569
744542
1640306
5385715
283676
2898013
2874987
446889
2918252
1125514
1269913
697792
1127284
964099
62728
624823
4492455
540376
268776
6072643
2066720
83565
702580
1078505
1662640
2106546
339863
5294390
1900449
57472
1420512
3007439
511105
2884425
2738966
1133780
1138188
861292
32788
1694443
1234987
698625
1794254
2556980
1422032
700315
8357021
1018315
2631424
852868
1353495
1208346
400718
234177
127689
2205659
2894779
410929
1492080
5006951
1003143
621924
2637567
27715
146990
n 90 k 6
2639638
549221
9558058
1173085
8505474
57776
1867342
2929458
1696672
2590675
2181252
270312
19224
2551654
641100
1337616
2392506
2285527
136564
2181399
2500686
2612571
2558080
7307763
590177
7135475
5781228
1551329
4605883
2445091
6234386
6715536
759403
4387181
1981731
390937
3915872
1486181
1235778
958961
6766843
603683
3018724
782804
1161380
385363
2023851
1816277
5717733
695727
5744556
889652
2490750
4122025
831602
2911452
1567440
2563598
1657082
599077
2115738
1517844
3234196
868682
5686427
2576958
3582060
7359796
11140374
4477183
3884160
1090168
3172876
234134
1168744
1711731
1105051
5410
5098193
701091
1810428
1568835
1263964
858078
5362561
5440873
5968319
2518650
859205
750563
7917167
9414905
1572608
2049352
1302855
14032181
646294
752452
2708517
1440271
n 100 k 6
1604792
1962236
3794429
2550263
1962492
1430787
2031315
538683
8524432
8298175
13709909
16512461
10383866
1509200
4824407
3280278
164923
9114215
12942765
3237682
1529022
2809282
22179906
2581235
1417978
826692
8541875
921850
6261583
8852104
74402
2970061
1160213
248346
2695961
5227402
9034133
4326182
3072091
5389912
9554772
9863832
9341173
3764599
2253262
1863008
299738
8945305
4677978
1967515
5527234
5337199
3162183
13307456
574950
8909601
594285
184951
1278654
8347559
4641626
1077787
670118
1317302
10680875
12863332
591012
6575044
694489
8474214
6623932
3066948
1134606
103888
1330142
6761277
1923519
2132430
11485888
3853225
3478061
7764583
1922922
1254134
2336350
7595688
5290631
6184362
28111
4789026
4870400
3469876
3266893
22368098
18008158
7409359
2239905
3075856
26345661
1788192
