n 20 k 2
97
475
132
54
175
176
58
111
297
59
44
161
100
149
52
178
86
91
46
74
236
125
92
102
152
259
113
170
130
82
143
106
115
136
118
193
268
90
242
145
72
81
312
44
103
85
253
112
32
92
112
146
44
129
117
624
128
129
57
64
80
41
150
81
160
225
79
160
62
54
53
200
422
25
74
124
42
112
104
45
134
159
120
36
127
21
98
318
127
138
93
232
104
250
277
47
115
43
100
72
n 30 k 2
126
536
252
421
305
177
324
254
370
137
98
254
334
192
67
316
85
529
185
553
268
145
266
124
125
359
330
130
251
223
158
275
138
244
101
265
294
72
218
289
1210
180
183
949
211
100
371
105
895
163
261
180
326
75
82
391
239
71
255
109
237
398
138
185
299
182
190
216
121
146
189
294
249
204
45
118
226
169
277
222
306
196
143
133
190
137
309
174
194
233
102
280
332
209
315
126
91
142
76
257
n 40 k 2
747
536
301
569
241
696
2230
251
1204
859
223
264
242
185
171
151
186
610
429
233
266
947
1168
655
101
212
535
190
1040
1483
1085
218
1194
415
171
759
148
538
196
355
463
326
211
542
250
545
918
422
625
218
424
379
1263
321
342
933
472
508
277
124
415
1448
567
281
414
596
1494
997
364
405
489
177
521
206
364
296
639
549
1359
273
461
1611
452
399
599
282
354
409
673
700
542
545
525
199
1106
366
216
727
541
218
n 50 k 2
268
658
813
1060
913
1747
959
460
739
404
315
1111
1167
550
1447
1041
1741
352
778
1176
326
1097
366
699
258
468
1091
969
317
768
393
228
537
282
627
446
339
1195
253
1029
2925
286
637
535
1770
1079
1616
621
310
589
359
535
872
256
2271
887
1054
297
732
631
399
602
339
425
599
2082
414
688
1515
1158
662
909
335
297
1238
771
532
973
644
434
453
532
655
389
926
634
444
1347
868
552
2009
612
826
1621
462
1710
318
348
1333
360
n 60 k 2
452
528
1551
3122
718
745
1834
1629
1728
372
489
1667
221
600
493
1520
2329
1981
706
1329
826
1058
1151
698
1324
833
675
1203
1040
760
476
2139
779
698
2132
534
669
469
1026
350
537
1178
878
1006
545
516
1071
620
1439
565
1307
603
347
762
1684
549
872
210
671
1063
1215
1118
990
2595
948
1101
566
1329
750
646
847
887
1118
434
370
677
471
1438
721
731
800
2088
344
1356
522
449
293
333
1433
886
1236
1684
308
272
2572
1063
1100
917
1816
443
n 70 k 2
365
567
648
1108
863
615
2110
1980
782
1031
1670
643
541
2682
2108
1783
1373
1647
1137
453
1040
566
924
1521
505
2194
949
982
1559
988
905
737
2302
770
994
3507
966
1217
329
2563
2211
3112
1784
797
2608
241
786
2153
1377
511
370
1438
1075
2052
954
1551
711
1942
796
3543
1049
3128
1277
1377
1067
1929
1687
851
838
704
1676
1052
2250
5234
898
418
909
667
553
531
952
908
2028
490
1553
1863
852
1294
1011
1426
3317
2617
849
987
1955
1016
428
336
1391
2189
n 80 k 2
3858
1205
3471
780
573
869
813
542
1162
1271
1063
956
3770
2671
532
4244
2507
2353
1127
1163
890
781
1193
2213
843
1239
2142
1084
1562
654
1476
789
1213
3006
1071
2121
1340
2426
782
1269
397
972
516
814
1000
647
2814
1431
1830
1694
774
1508
2543
1924
1487
1744
2038
1623
465
1521
1117
4530
1310
1295
2812
1591
702
889
2879
909
1195
954
1187
1509
1667
1276
572
2880
2235
478
813
762
1265
1352
348
1550
1168
510
1618
693
1684
2310
1304
2801
2255
1633
1373
1149
902
3565
n 90 k 2
1622
14105
3631
1522
3667
2335
1019
1993
2263
1321
698
4761
838
5016
2899
1474
1623
1798
3354
966
1351
2281
1815
5032
1607
2072
8128
1140
1342
500
2475
885
695
4750
605
1483
867
1155
3316
646
1651
3893
7354
873
2208
1848
2942
2512
2706
1629
2492
2590
1647
4425
2653
1472
932
2175
5750
829
716
899
948
1517
6361
1250
2868
1857
1618
1896
1377
1677
3189
1522
422
1243
1948
1810
1557
1167
811
4267
1643
2182
2213
1064
2285
1338
4321
2208
1666
2005
695
3624
1707
2896
1495
1617
643
8147
n 100 k 2
2713
3472
1235
3854
1976
750
4543
4549
3474
3774
3131
5767
2548
2966
1314
1043
2403
1894
2172
780
2868
3021
2100
860
4419
1098
2790
1392
4432
3906
1365
3949
4099
4137
7620
1455
1686
2049
1749
4031
3568
4434
3066
1260
557
2903
2105
1222
1804
2263
1133
4053
3096
3266
3968
766
1804
1184
1293
1420
1769
504
2958
6216
2813
1784
5650
972
5345
3206
621
1790
3506
1257
3080
1564
3740
6394
3915
888
5958
2237
1075
4909
619
820
1158
5556
944
1514
1322
1416
2717
4434
2112
1919
8495
1533
1158
1216
n 20 k 3
388
130
510
76
103
54
148
117
604
777
435
476
63
664
148
78
414
281
447
34
388
292
448
118
794
294
389
118
401
90
146
134
269
266
78
201
193
152
284
112
400
761
447
398
288
216
214
112
216
139
320
294
86
249
147
177
324
250
160
105
255
688
95
69
162
318
85
516
108
18
385
621
69
530
46
93
320
406
354
275
122
135
337
129
216
37
240
115
53
100
225
433
192
129
364
111
58
195
76
757
n 30 k 3
474
1358
890
455
1625
709
791
1174
371
231
247
155
566
929
832
1598
604
346
353
526
454
567
725
1143
1745
2289
264
220
1093
801
312
2578
223
1177
2230
447
261
434
882
935
1063
1113
962
1973
152
1107
664
318
2802
747
230
1173
1560
1230
750
556
334
2044
994
563
88
179
1285
865
91
556
462
2791
1063
1161
886
798
739
220
458
2455
2019
2567
1999
174
861
1512
1456
589
1042
449
769
346
827
415
157
1013
269
665
2446
192
692
1331
420
176
n 40 k 3
6410
263
2607
2680
1578
1108
2975
553
392
1714
1683
670
698
717
3197
633
2195
2553
1600
4821
2036
1251
791
2673
1678
1353
872
1387
3682
1159
690
990
8399
3059
3614
2101
4489
971
5060
1406
1592
7339
2163
6790
755
1782
2892
605
770
1539
2175
154
452
2659
1560
163
978
2103
257
2589
2071
870
1792
1482
1978
618
351
2343
1310
4359
209
3207
1183
3511
2729
1771
400
514
5495
1080
800
3821
5852
1677
1673
9251
290
822
10059
1261
418
504
348
1748
733
1862
289
849
1003
1165
n 50 k 3
1466
3001
1029
2703
3066
3710
425
4270
3400
1795
5743
4509
1250
1655
6463
642
880
1738
9646
271
567
3330
7604
2161
744
5129
239
1556
1655
1276
8339
2332
1059
834
626
1620
1663
6898
3809
4145
1784
432
6916
4502
3046
749
8278
1533
704
1861
2079
8446
350
3765
2399
763
1503
5418
3126
4437
9055
7248
5034
490
942
5348
1973
1027
3113
14161
2572
5079
8550
4544
7430
1028
2627
7298
3549
1124
4183
13550
1911
1909
1683
3278
1829
3312
2919
8168
3382
5954
9253
6086
7269
1268
2896
2299
3291
1347
n 60 k 3
3067
6782
3889
3083
7779
1262
9992
2780
1908
2051
7702
2202
3400
3815
3977
3297
2395
10162
3184
8534
1372
10583
1855
12147
10371
3999
5301
12552
19122
5333
2503
9489
4458
3261
1406
6058
4964
3042
5867
3803
3820
1001
10621
1290
5492
4837
9725
7411
13233
2050
2412
948
1185
2033
3817
3895
6380
10032
2804
6428
3737
3917
4311
2982
1096
2779
2233
8695
1391
2907
9059
8887
7471
8130
3282
1546
10154
17564
853
14938
1366
1001
3237
4235
2438
8171
3831
1583
1487
962
860
3088
4365
28144
2940
6255
3501
4026
2269
2880
n 70 k 3
4201
549
3616
738
6582
7024
3185
14122
2517
11791
6388
1057
16926
6453
12337
5669
14063
2963
14303
9534
8305
1277
4120
3241
17635
4474
2020
2828
3050
23720
9573
7616
24042
4153
4921
5164
5162
43412
1376
1795
8329
608
8926
13577
26985
2837
2548
2248
3301
2100
926
3649
4493
1882
1942
7029
865
7142
24285
8192
3049
3475
11253
8922
15088
15594
15355
20907
10744
16086
699
1234
4311
8648
1007
3246
5939
4235
3386
4031
3292
3094
8127
8073
25198
16460
4143
12928
10037
10856
4075
10911
4847
1316
8114
15666
1880
6188
17520
9268
n 80 k 3
26153
26363
27037
8971
15411
10554
2250
8971
7342
60333
17853
9275
26959
9105
3151
5850
5501
44677
3732
6473
9187
9885
15045
11890
13432
14495
9589
76549
17856
8817
7417
5477
10025
11120
16604
8473
7130
16088
7282
1097
11973
3548
2453
9545
8034
16117
32388
8108
4769
12445
10486
4842
16344
17966
4676
1898
59845
10193
14046
8606
24025
8119
2029
8417
11669
26968
9536
12761
13453
3674
18090
4849
891
4901
8701
9484
4668
16201
7229
1207
16033
1892
3919
19728
13907
26646
25851
4447
8338
20359
21840
9693
2690
13006
6786
1540
2103
1571
5931
5901
n 90 k 3
6589
17140
12782
5387
5921
8024
2084
4545
8224
15724
10778
15383
12955
22722
2212
21285
14453
10287
39795
7665
8287
19750
19478
9053
22599
5738
32635
57275
8822
23181
2809
3580
3697
18979
29522
20936
24987
17181
45468
44027
40576
39263
2404
24258
16685
3613
7458
13829
11037
17289
3037
9866
21862
15919
4989
2559
6238
1542
15429
2375
6000
1918
20174
11037
29284
9642
16387
22862
2311
10268
3440
9567
12586
52270
72168
58207
16291
773
21594
3651
19354
5608
5408
11437
16385
21662
48124
6224
6544
10895
15475
1491
24725
41968
6762
17340
22230
6408
39566
25934
n 100 k 3
4669
23276
32621
23674
33139
15037
4281
36736
15289
20591
5637
35618
27991
32441
36463
79510
28446
11793
28079
7288
15827
3152
10663
73025
23671
11739
28964
10329
107970
35038
18964
12130
14825
2728
34588
2267
25796
4395
26970
19804
13734
14431
31765
43129
13117
53243
2746
35703
38656
5158
10440
54001
28436
7939
61068
2245
27889
59840
18792
35070
41102
8166
90394
8944
18425
23082
16409
58668
46548
13296
30277
6248
5526
35323
4929
8639
24904
72092
49862
14806
4255
81244
46221
19388
4773
62417
19692
38024
13785
2773
26731
36909
18488
16804
5151
12117
10397
25978
16509
13267
n 20 k 4
67
125
219
75
274
39
77
485
2376
984
84
1757
223
522
167
118
128
162
553
2106
445
50
315
285
434
393
233
253
171
177
364
1239
1138
377
171
336
1082
775
1114
366
731
606
214
174
72
340
401
575
338
354
116
704
50
295
1439
385
661
52
679
220
1493
912
1059
157
1166
604
402
76
2598
443
95
471
1724
656
183
262
675
901
72
802
1127
190
845
45
4940
129
325
2015
197
450
542
220
1260
1045
558
166
103
373
231
167
n 30 k 4
274
1751
2973
828
150
679
3422
949
1622
843
2496
2143
393
3294
2273
1968
1868
860
547
135
2036
5030
257
4805
984
1954
2806
1523
1407
1246
1650
1617
928
2195
4239
349
806
233
873
981
5678
237
2033
404
382
9554
476
228
7443
1623
4215
564
485
275
180
175
966
5052
90
1295
413
1686
2218
4882
514
1651
4061
3822
2036
3301
3458
2140
852
12636
147
820
232
5702
7138
598
1341
540
396
4059
4578
2667
6694
1086
1760
286
2579
2501
1568
2210
9245
1820
6103
2931
3311
211
n 40 k 4
6700
1375
1792
2945
14617
450
11775
6880
2274
9090
351
557
4553
3160
11017
316
15365
1169
14199
1291
1870
4147
165
2406
1060
6883
4921
2247
1820
2749
474
317
2688
1730
10059
5241
3757
490
3101
720
7904
2211
4187
4436
3591
6091
6116
15265
10082
1747
7680
1897
10488
33045
2610
18514
18005
1997
14202
4806
1236
2814
1680
427
2672
1964
1423
8396
4980
2971
5899
9895
4613
25327
1279
10418
980
1697
1470
2598
2133
41077
3248
1816
1092
471
5116
13993
6767
39785
12704
10445
490
3742
6408
15764
807
3585
1222
10275
n 50 k 4
4687
11829
1990
24219
29818
8166
7050
11358
5841
9369
5402
5311
14766
2411
4087
18406
3228
3316
8481
4738
1732
39419
6269
27078
14792
9902
3839
12324
6128
1810
18083
4025
531
29461
2082
4565
35954
1832
25228
26714
25546
9565
29117
19331
9970
4222
14848
1069
6148
32967
1734
18092
19812
13970
14761
13387
1684
6422
680
2442
8226
24516
29956
5568
14347
17253
1296
12091
26038
3364
5715
21999
1959
7181
6325
37406
4832
16680
22902
21452
1027
22905
5040
739
22475
11192
8503
7422
12318
7466
4547
24497
8989
21049
49842
16379
760
9913
6064
6144
n 60 k 4
17888
1271
13183
11576
25617
47159
5249
43380
13985
53126
16651
19880
28451
9632
51947
37432
15591
21404
57552
14883
41860
42861
21086
90691
63064
37790
15035
34142
19544
22239
23784
1383
2161
72735
4686
19822
4667
4102
95995
1507
16701
12829
25071
2031
7345
64843
4692
14135
60456
54243
59584
41983
1748
4628
17259
63906
23155
14519
16392
96403
8987
24389
16679
13062
19383
8942
7443
3069
12710
8245
1619
44886
18890
86916
6626
44337
5139
38805
30710
6937
66512
4683
45198
1831
13893
5489
2309
45951
3331
9276
12129
49931
7679
1822
90015
3324
16550
19282
4145
26533
n 70 k 4
12688
24475
2317
4736
15614
69572
76629
3513
59044
938
67293
12698
175018
15070
206454
82624
30778
20430
27934
11569
4562
23943
59622
5927
11894
87736
112497
71989
29184
16276
89177
46530
35772
42824
16705
18448
38735
71246
30679
48801
24411
77806
16486
79728
6107
135064
26242
97688
12813
12398
13914
37823
6381
2008
5720
10470
24971
1093
31116
10289
24952
52103
8466
16298
26589
8925
26115
87811
31449
53185
3093
75226
14359
34034
69222
26820
51588
5089
9043
8394
17061
4255
53337
71153
152223
41876
55088
70286
107787
35989
150107
7728
35618
108181
45702
71270
74197
15412
93357
5097
n 80 k 4
55975
24020
29643
68632
45558
46907
156713
25039
16238
11187
48929
16665
7398
17405
38305
210676
17710
46683
132601
8665
32479
4270
70921
57833
73485
8970
35546
48653
48170
68931
121806
26897
70394
17197
74685
43829
16470
5159
4396
1761
23762
23846
93502
55169
93046
103063
157635
66518
78925
78786
26406
75078
80657
13620
30961
240873
4766
41424
120910
264981
21456
53142
195890
83442
109564
48700
10974
43093
30010
27463
77660
207468
179221
6215
21943
21310
275855
151573
41620
28542
63302
22696
150712
39866
34927
10459
114600
171445
4637
104689
33371
75670
17691
173197
92823
29147
12028
11463
39621
53790
n 90 k 4
117904
144385
91197
205707
27496
253209
37223
176658
96260
81414
70455
124343
182759
41898
3806
147876
240658
385589
29143
24655
233878
83439
405847
350996
8492
67967
415605
17779
229294
60381
172721
123712
75036
7369
167554
48693
203724
394262
68809
96145
154717
187087
165879
23299
114277
47144
22131
76835
103489
12171
326752
232424
350467
71157
207560
49024
75634
10984
144548
166680
163358
172295
120310
98066
14590
69428
161042
176626
90266
196830
28126
95939
40071
150732
16071
65430
6838
37973
55897
80768
54995
14861
20086
118918
39913
123621
38926
95840
2845
119190
222029
310015
23951
126137
81975
261539
74910
83047
53158
179385
n 100 k 4
101590
199045
197687
28397
80460
50734
522312
132995
353497
34872
387699
139810
52764
95341
78361
69608
402072
24112
476092
188195
132899
177916
8109
326488
216742
439065
525028
84246
103830
238243
97995
52444
165449
89222
211865
74668
168502
413222
123866
208330
191603
37924
588143
38326
123341
56112
57045
535394
950323
224457
338664
261621
177746
62048
141397
187092
43768
42182
77787
604650
152929
63353
24267
176894
37552
147104
154615
103461
22080
77640
204658
16497
598313
169234
157900
81056
181870
142424
7500
93248
14054
9943
89505
136375
318627
158271
469887
72473
142297
518684
95081
345357
60488
54485
7666
112707
333021
61094
8636
75924
n 20 k 5
1033
399
498
3205
596
91
151
742
598
353
971
753
402
1425
260
439
1508
225
473
120
159
355
152
389
1299
269
645
98
1922
181
398
510
4154
257
406
158
457
244
240
1317
498
508
428
304
727
264
552
1077
1078
330
251
893
376
727
81
989
104
931
1014
363
1533
264
975
70
510
306
936
555
905
91
1404
1580
353
400
677
922
1118
935
79
307
319
566
100
294
1190
1007
80
941
619
579
1020
164
1952
100
558
364
492
848
744
119
n 30 k 5
2670
2117
237
2610
1631
5893
3511
4781
11438
1023
2117
4090
698
4010
9009
274
916
3340
4475
403
4986
510
4222
10299
554
3847
1248
3631
1562
8429
1322
6565
1414
2617
5707
1109
8077
1286
5022
2405
3207
1706
9338
8583
8921
2408
3687
8922
1005
6570
10155
1557
3124
2925
338
312
1647
3668
5167
2656
7699
575
15241
2375
7040
5163
6547
6622
2413
187
874
5699
388
7356
1777
10070
621
2183
901
3251
858
1307
5964
5181
3437
1338
1543
13774
2405
1893
2064
1415
4293
1190
206
7353
17068
3071
2487
14616
n 40 k 5
9891
2823
35593
14074
35376
3409
20552
21438
4005
1255
5525
5522
16280
7687
8028
1011
19535
3262
12229
2033
10316
9530
4387
9229
12683
8684
13105
13725
18185
1109
5765
18218
85276
6549
1175
5535
31946
5167
1902
12447
6756
4222
2170
16904
16947
13590
1364
32128
21558
686
20195
22173
44264
39663
5575
15249
9093
15049
45126
49993
690
11982
4850
3496
209
34781
6489
4309
37538
16872
6520
3299
8519
329
3062
7547
11992
31910
14374
13887
4397
6701
5549
2743
13946
4159
2756
1964
2719
5904
6574
3312
22569
1069
9078
5358
29833
13717
6023
16398
n 50 k 5
77106
133609
45136
5754
19882
39534
50289
41388
60958
67144
28388
124378
157783
11635
25980
102281
11969
13184
158243
3401
20918
103426
10456
64720
25872
27864
27678
57158
11506
89797
48967
35972
64271
25272
44449
1292
71638
1032
19026
55533
124480
83313
26396
2356
94125
45461
64938
21353
12258
26369
38455
62571
34441
148920
59060
27440
38257
23325
26994
101846
109372
80736
89079
144888
36802
139296
6660
1008
23265
74884
9806
60825
18103
40683
33439
69970
40961
57271
57629
42040
31951
76077
9281
12775
3514
3911
4102
67638
3357
37187
19129
17455
72069
21791
86008
29875
41062
51003
17173
127677
n 60 k 5
13745
33891
188538
174172
109446
344020
24544
112596
70360
49913
26311
7967
56449
35900
31889
332951
338684
76943
105716
37761
126922
24227
2539
250012
94746
9972
95103
82732
3052
217277
79828
111572
75594
26224
38510
3744
63031
88862
53152
255936
223667
17991
236518
149405
65257
49223
67672
18856
55169
128017
13718
1116
4830
124510
26483
346643
11588
80686
69141
141171
73436
6481
3882
40171
78044
74780
40221
275799
89222
19526
117044
164067
40964
113612
108044
135550
40843
12444
22043
93437
82405
277371
139338
10892
39254
70958
18928
466985
117755
82625
98849
110678
41118
6276
265107
52146
89279
23249
6950
83622
n 70 k 5
20144
181248
64110
74494
86012
87266
303268
230368
519723
73578
156569
579390
90495
133709
385414
1040640
304863
110800
451077
43348
7662
166941
11246
165544
220485
19782
27883
29250
162227
30540
192383
391471
200296
45923
188997
246926
233401
630944
191761
999513
246597
251703
353983
283291
52166
111622
147371
95611
51346
269962
15587
377644
81790
21558
222691
106259
275673
161585
264511
68389
299235
298948
254213
369355
23034
185715
196110
376871
199078
119264
241458
246581
350492
142708
26914
168967
260026
485451
215719
155278
44082
255500
320765
101652
65371
207051
110577
221659
64363
126575
69283
520408
53436
25960
39087
273828
4728
1028245
502453
214971
n 80 k 5
76083
159790
312139
267995
48722
378501
1106536
277496
136613
91080
71522
656530
275907
304346
414393
1176192
85424
83768
50341
2036403
42509
445770
463914
49682
309149
688341
290812
261761
559867
1651
191033
573375
68631
2082799
9415
249450
665890
216153
23794
662904
157815
609387
243533
870089
313269
157452
500867
38091
69729
551652
157479
872236
68988
88571
4129
171107
242165
59202
143595
241254
85034
23940
447097
162317
595774
76402
681325
870952
665292
822816
202402
154500
85509
387934
822547
109543
241348
315479
578931
22194
167551
115288
152185
57080
255350
210989
229419
685724
845870
364818
1149252
949411
531855
33521
559760
659250
786588
140210
212675
193619
n 90 k 5
940281
25855
55914
372612
18701
240227
243544
100135
108640
91434
738918
1568623
92595
130947
270654
679487
1688359
1013039
257066
149272
171438
871970
325496
187548
39931
574780
397354
698056
1062375
2522542
716605
759289
101602
2268065
1187185
1273296
1579969
986541
1134822
410708
1571444
487716
1309074
304326
415258
3148666
229893
267832
1822685
376645
355213
211932
12052
631659
911055
1335718
552455
301082
2080754
414020
62848
213444
311678
1379120
144268
1350281
127636
531716
374852
138518
572892
308091
248354
115668
38728
172704
259180
207367
1066126
2453008
2146321
1740593
334425
1064967
679567
843468
1680652
992290
218488
278220
324767
198040
1267218
988739
362172
315501
1321655
330941
412427
268991
n 100 k 5
463865
1534317
1388140
2574778
1133193
195616
1212155
2472332
136307
495658
593893
1225662
96948
1380552
59277
2134711
395094
274840
1465057
74456
213143
1140893
115332
3204907
1278822
1347361
543350
2063189
742927
114802
624663
2793595
155467
309821
432217
1273588
146306
162455
2732237
751430
79391
1404595
1714830
556425
82786
500764
209387
1817943
495963
680962
1240617
3046720
1185097
696056
780156
1314260
1948348
1698257
284347
829181
209848
528599
627428
318885
855011
743116
1222542
32602
2077496
602086
467210
2819741
189956
341650
1827741
869659
582754
1392613
2646215
2961813
159299
257534
1303731
320235
537000
227574
1577635
2129791
97421
137536
1185845
59596
1014854
2905983
1353649
1140053
751870
337110
303466
1350489
n 20 k 6
864
324
58
399
616
1015
1644
318
167
333
2772
899
2380
137
301
362
4288
713
77
180
704
890
1208
242
221
1719
50
130
1359
428
458
885
319
300
953
835
1323
385
1489
359
253
526
337
346
166
46
915
1268
641
557
150
1453
1622
1912
172
254
273
612
196
2440
2430
1184
223
3285
1202
818
3882
1939
1819
734
1108
2616
789
97
950
55
1339
2046
2912
82
151
702
248
2226
761
1300
1477
1677
2159
1434
492
780
2031
4684
1557
1470
1401
261
1049
145
n 30 k 6
12615
7225
10139
3911
42550
26142
18557
12318
14446
14395
6657
18507
3734
19928
7839
18179
5728
3952
3854
9055
17823
6289
7305
1520
104
25719
2198
11541
14049
5283
3245
15313
419
2495
8327
5272
12078
384
7871
15226
2010
520
521
1376
1506
3288
2464
4026
16750
12794
5226
6429
12056
2123
1326
5095
4354
4662
10456
856
1323
1948
1505
782
2731
20105
4539
19533
7150
2357
2617
3020
1392
2291
6075
2833
6598
8405
1355
297
10580
347
3768
904
6553
17018
2223
9229
407
7789
1067
13051
11440
8598
2158
13525
1939
14534
2236
15653
n 40 k 6
115558
12419
8841
19064
31903
46310
61288
25228
36492
21732
17901
13921
123114
25404
3030
2964
405
27541
37394
19893
9893
27304
11382
33208
8031
3554
1670
18410
5870
9949
114295
55967
19889
50145
5093
33609
34517
32093
10764
24745
86177
1441
23353
86362
45071
120116
169304
135548
50698
59933
78697
13434
42011
3453
64050
69263
90575
13816
32134
105954
43277
2321
1722
16126
54953
31656
77050
42924
3303
25283
22921
10635
27251
63295
33520
23370
12519
30429
17902
5777
122265
34222
10162
14912
88611
15533
199828
37793
8619
54588
28844
35741
42160
11780
65780
2711
31903
5964
15480
26644
n 50 k 6
23502
152865
233905
81860
900
31167
61736
101242
117873
145888
5830
18677
22788
8043
123916
178668
225497
4111
100119
19816
68637
12040
202932
405066
65945
62273
68611
77799
40247
24463
164344
97511
127548
55352
253300
179670
586161
406883
59634
140885
100877
101012
131630
153228
35093
53092
45990
413363
76418
216030
164977
132316
93969
223612
41200
194357
52277
138110
147567
197315
62855
305982
18458
12473
28842
211111
78954
257607
37491
13027
62248
114276
11479
21696
232332
69207
31091
53114
57433
8686
214536
110177
64662
81344
100632
181086
103100
81356
154233
260667
131683
93915
59132
32875
155115
36338
130640
110133
100337
44343
n 60 k 6
2867
48369
597991
42286
329896
1037798
186546
210207
329018
9589
970896
457224
83702
59210
310462
224147
160576
31568
77952
122321
39971
433706
23388
270222
145320
589141
132253
57178
643053
567698
20973
156334
707060
282762
513900
111216
292350
658918
458509
238283
123533
14696
302755
274720
33968
435969
61390
244705
289412
218325
1272375
414470
213935
288923
301364
179954
261353
266640
34597
174330
270614
170604
936252
108894
33391
687765
46058
12894
64947
241136
140772
59746
318631
811656
457102
124785
44892
100917
129485
571812
46013
607756
78812
343268
212783
155190
208504
166894
138389
21334
151895
193881
339330
12956
244924
813555
46346
87020
438958
207732
n 70 k 6
448405
489102
309504
1195667
1619259
377440
728979
309874
722361
156492
1936521
46216
2407229
354435
659888
695619
1110243
554892
930496
1209546
1141791
751747
408480
2525364
581064
1241819
1157198
39554
468783
734596
878033
813113
109072
1778123
2328798
1314229
423890
1655179
435071
447414
1704420
75188
1147826
461353
12493
1522582
115563
187656
248793
86396
579885
237421
805813
56342
410565
2110
635744
795385
1483944
88144
417318
37958
99677
1232589
2085766
779055
677938
333931
2113563
757599
347326
243980
1156795
69929
658838
515663
617436
60582
5564
671736
761395
428469
434247
586794
176203
915359
445154
830681
337276
700671
236820
32101
87927
965893
169344
40308
1416186
581125
1939944
136260
n 80 k 6
477986
884258
1611914
1570843
7435853
3898011
948895
2812811
1540101
5623935
8740634
2968322
1549626
1973365
1317626
1354473
286760
318318
7633442
408199
6203330
407113
94760
1865222
1347462
358006
5753160
2314000
262233
5615035
49639
2475680
982978
1042914
2326888
1942964
2210743
481458
76686
1140641
2587041
422249
178480
717598
670794
3062219
428612
1409027
5779061
1178905
6175524
5958216
246388
609428
211635
219669
859738
423086
47075
4118878
708208
978153
1594292
94495
2754805
2923987
744065
519015
231244
3004093
3999710
21731
519162
263085
1898997
714618
1440656
1555444
1296887
646287
1174954
219251
1807619
1879866
626246
908685
872031
91940
354580
8149996
1366054
4550166
2020860
1561378
441666
890075
576284
913652
3592628
1378645
n 90 k 6
2787975
11693827
5944720
1086066
959233
891280
11191335
697463
1648923
9002875
334355
3409709
4100899
1053409
6380584
222486
701628
435341
8023880
1268059
3009918
1687395
835956
253125
4909279
1407662
1594628
6514931
5147751
3850627
3134340
2044006
814658
1005698
4002513
7165251
137595
526982
12687069
3301191
94391
3390784
827378
1492211
2395958
1015998
1089257
1320002
8386314
5751881
4770771
4673283
4303377
727174
6737681
7698866
1919711
3809936
4831066
11431566
952119
758730
9480178
7112763
1247089
6669225
1441219
369840
47412
3237626
2263848
413641
13006
4275540
3608040
488446
5212622
14556264
7081501
5093611
3430388
2588860
5802262
3733659
1877078
8576882
1845572
2334634
46831
1106956
10594228
2571848
4691912
1693299
1061036
6100304
448462
538879
2652093
2708586
n 100 k 6
12057447
2544936
5097933
4596670
3939737
1146205
5902804
6044111
10188095
2329888
19222915
15777503
850588
1965813
6189293
741916
3267566
2940809
3918362
32399382
1334256
4231939
6101934
381220
943881
24745524
1475210
7375680
3754830
6912355
2939779
2333220
4352492
875801
7505319
945269
4280928
10962824
5512488
8153953
9428000
2556723
1365923
322212
2821491
2702729
984897
5373911
4427610
467635
5525738
3186188
10496030
12893558
5710201
11282190
3001840
2728556
6139283
1338934
3137191
3490742
12594573
1510312
218087
13601986
7339128
509580
4942666
3013335
5095675
4106551
1561810
3712860
1261784
4341007
4607425
166737
4670389
458305
6336763
11161043
2710494
4711816
8662474
306557
20874768
242685
20040452
1897730
570887
3971402
10921555
4234049
716156
1668118
11077841
1261598
10990585
715302
