n 20 k 2
100
443
138
117
54
92
149
60
129
86
164
60
96
244
352
58
142
506
372
92
161
185
87
261
141
113
75
245
197
341
48
40
75
136
149
54
200
230
118
128
52
138
132
242
281
165
240
125
118
198
77
58
181
124
56
101
149
96
161
76
82
137
60
64
105
138
190
197
111
141
252
125
86
52
90
195
84
52
117
80
41
102
221
233
326
67
29
157
74
175
106
209
150
109
202
146
190
82
93
173
n 30 k 2
254
128
459
82
212
397
489
397
219
389
417
145
377
423
123
566
210
167
540
514
297
338
276
280
401
144
472
86
238
862
424
310
374
200
987
949
237
198
490
276
346
132
332
442
270
136
140
106
378
569
670
182
593
892
723
216
209
139
808
219
145
174
437
463
584
309
201
156
357
207
312
174
842
145
246
178
453
437
245
457
320
123
237
301
254
175
363
201
198
295
258
330
239
99
843
447
551
824
330
215
n 40 k 2
233
306
363
209
703
1077
1215
462
931
454
329
545
782
799
688
408
437
640
835
178
225
182
575
223
475
1215
612
348
470
693
443
444
1351
846
1008
309
1120
139
620
242
282
128
574
268
372
403
848
650
705
279
407
259
287
576
613
213
174
621
279
212
347
774
814
570
760
621
933
256
986
484
225
306
923
593
275
369
346
279
409
620
368
620
1307
375
647
380
899
941
582
251
406
811
296
1500
417
305
181
295
2339
356
n 50 k 2
719
536
386
382
436
629
718
586
413
302
354
793
390
356
1009
345
983
1260
804
800
586
283
387
391
812
125
606
271
1524
409
843
1011
600
1214
497
2129
729
1104
1633
365
631
412
355
240
1042
506
977
545
1580
1153
318
681
181
364
199
858
458
1653
872
494
837
490
894
3511
649
382
1293
2687
347
687
428
257
307
387
379
470
2015
797
692
694
2257
386
536
1149
279
996
1191
880
401
1032
802
571
368
879
353
261
713
790
1036
984
n 60 k 2
438
554
300
944
475
795
901
1304
2979
328
551
420
1372
443
1507
809
652
1027
933
1095
715
584
517
2318
667
1314
2055
1586
1460
689
443
913
2772
814
393
768
611
812
947
334
1359
638
596
990
592
2808
908
2110
1403
801
481
1447
708
493
1303
418
710
761
1763
302
1019
883
2249
1217
725
4587
1030
1142
1893
1814
1559
500
1260
652
895
2606
1276
330
858
466
1216
357
2711
476
597
2349
2917
1614
547
511
2166
720
532
1517
1511
1563
1238
2335
403
1219
n 70 k 2
3341
1223
3660
1386
1786
2635
3123
1609
3042
945
1360
1050
692
1521
2070
1354
2840
1231
1834
1358
1573
536
2506
310
930
2148
1525
1833
1034
2321
574
1262
520
731
1234
1976
953
1102
721
1416
1234
1089
1699
843
2576
918
651
1048
653
765
1121
665
2673
1685
3758
853
981
1803
1039
883
5256
481
1196
1916
733
343
867
1021
569
968
1800
5459
803
711
4574
1999
697
764
1718
1256
1289
3540
1486
1339
2687
1878
3844
736
1564
2537
539
1012
406
3510
636
1273
948
1457
2131
1029
n 80 k 2
2357
2893
1198
2497
814
3205
591
1523
1864
2944
2397
1086
1006
888
1398
1474
5570
2078
2898
7961
1222
999
811
611
2594
1222
4997
732
733
764
720
1147
1961
1576
1004
2082
1097
741
2317
874
6738
1338
3277
647
2923
1319
683
9321
1587
1526
2929
1272
757
1335
5531
1655
614
2558
872
581
1175
627
5339
1019
1028
3410
2682
1040
1743
2350
1388
1003
2607
2404
2180
2110
1288
1934
1461
3437
627
1279
2505
1959
1088
1998
3277
1752
2085
1446
3234
1230
3326
1861
1048
1142
913
796
1836
1966
n 90 k 2
2122
2729
662
1813
1751
1935
1628
2776
5294
615
782
602
1727
1157
1552
2557
4064
1471
851
1656
1662
2162
917
2552
2254
1711
1342
1318
4607
2267
1175
2455
808
4653
943
2672
1778
2447
3891
1335
3623
6203
2773
1927
3994
3881
1856
3194
1753
2108
2420
3131
832
1337
1324
6197
3596
1181
1729
1309
988
1304
3170
2686
1594
1989
2146
1385
3302
2740
2310
1043
864
2322
3283
4136
816
1059
2378
1998
1148
643
1695
1192
1770
974
2551
2207
4255
3123
3012
1509
1289
1538
2290
1857
1199
772
2424
3727
n 100 k 2
1417
1667
2068
1172
1071
2874
1906
2579
1379
6198
2100
4108
6979
2926
2501
793
595
2183
1775
2053
2445
1583
5349
2715
1485
7690
5954
5410
2691
3248
640
3465
1630
2247
6135
1177
2829
1805
1982
1890
3216
1239
6789
766
3302
1902
1887
1932
3984
2640
2684
929
1209
1408
1031
2217
1287
1618
1848
1995
2212
1050
995
4247
2348
1493
6341
3383
2288
2072
1157
1266
2554
1069
2008
2270
1140
1730
1030
898
2702
2466
1488
1925
885
1199
1604
2643
1514
2799
3235
4449
2298
1418
2370
2423
1744
1652
6644
2294
n 20 k 3
362
128
230
206
203
269
511
420
522
113
146
64
89
135
43
1058
137
716
946
451
80
435
225
597
431
202
80
877
135
336
328
139
282
726
553
172
923
12
405
87
259
174
160
617
83
103
812
155
88
17
525
91
186
392
221
332
85
176
382
326
170
73
386
105
277
127
119
147
274
402
113
124
236
424
341
616
191
173
231
405
183
120
863
279
194
91
132
586
205
831
147
93
154
158
86
476
140
290
143
108
n 30 k 3
253
595
844
897
683
218
700
1136
1918
329
1431
274
514
325
2235
838
2195
572
2399
197
1964
2199
1812
946
1315
1107
358
287
328
1572
367
1816
1341
833
182
795
617
834
272
497
493
785
1742
857
159
256
1254
1065
450
521
720
862
482
1813
343
705
1552
196
331
151
210
591
590
734
255
614
1018
677
580
357
470
3230
238
971
224
1086
156
288
1449
457
486
1585
1220
466
1061
985
364
768
500
888
332
1842
1067
1829
1140
806
605
1065
323
696
n 40 k 3
348
5851
2423
2898
1446
997
477
486
5862
2447
4174
1402
1205
4420
3363
674
3072
1398
858
1536
931
1592
333
2928
2407
1574
1648
1045
548
540
1678
274
5559
4413
4911
1476
3659
1709
1181
543
549
247
3378
244
1848
2720
2893
2357
1799
1608
4071
1426
1200
2498
1802
1887
821
1122
1332
781
5800
1059
819
667
1911
1397
189
468
2261
6220
376
425
1719
3521
3774
2278
719
2987
5749
217
3206
1670
4250
3711
1016
1543
1960
881
650
2277
1738
3954
1191
474
439
2443
1064
1725
1077
1005
n 50 k 3
6361
6214
364
1284
752
5589
875
1603
8421
1911
7481
2180
4406
846
9515
1553
919
4178
2266
2029
1505
4282
1422
7824
1005
10260
2661
1673
4491
1354
7773
1494
2409
1746
635
2016
1007
8127
6825
3593
2558
7946
773
6526
312
1715
4469
1628
5180
7143
6698
2471
1257
3614
2105
2639
4551
2029
474
1667
4763
8162
4046
2134
1858
2412
465
3082
792
373
1402
2277
6050
7057
1129
2493
3977
748
1193
751
2042
3562
1349
2184
723
2359
1946
6421
1197
2688
1046
14030
2025
3836
2564
2446
2786
3343
567
9024
n 60 k 3
8749
2405
3912
607
1404
3329
3515
897
7145
7990
3700
12095
1255
5480
7768
1341
5045
4309
5460
20792
17360
1122
4883
5913
3443
2100
22311
4869
3191
1200
2864
14971
4621
22601
14485
1092
1851
3527
9029
12022
6971
5694
3613
7494
7524
2693
9688
7279
5102
4323
19289
2271
5219
853
1869
3100
1972
8777
1418
4166
1687
6588
9919
3603
16554
1049
2157
1632
7475
8434
380
1930
3563
858
20823
11552
8641
2828
7146
15413
3037
1707
1526
2051
1467
3455
8621
19019
3673
7661
3659
8973
25731
7091
8711
1684
2034
3711
13121
4978
n 70 k 3
1203
3980
3778
14108
9739
31436
11788
6759
4082
5326
4055
2202
4766
12602
12679
942
7240
7037
16659
3826
10015
10999
23856
2861
11829
1323
1395
2137
2960
13469
5881
13433
1883
6080
2797
5739
15900
3677
19484
1201
31233
5227
18633
13974
5113
4141
19339
6751
8380
1577
10332
15100
6143
8201
1297
1555
8896
1783
22856
15918
9871
32922
9653
10572
10001
1484
2969
4613
1386
2609
11221
1624
3871
52623
4804
1200
8587
9089
1792
5479
2898
3153
1346
2041
16488
8240
3726
9298
2364
1595
4933
27139
3012
6056
18485
15144
8395
2196
4999
1994
n 80 k 3
4420
37663
19696
4383
9388
8246
30544
15612
3014
3314
14987
29921
6805
12108
12914
2210
20244
3802
18252
6629
6227
17236
7932
3229
2077
17372
7951
2782
2420
5018
10773
13720
8728
8074
9029
6888
6608
4598
7921
43861
4100
5413
7230
7726
23553
1637
17160
4371
17904
20833
20566
9686
13009
1394
7319
9783
5084
15659
45324
10275
9693
3605
3342
10966
1561
8897
640
7360
36777
19791
4145
1712
8602
11736
5718
1875
17388
4570
9146
3279
5622
12877
2338
2275
14616
42037
19104
4933
5641
21228
9429
1277
5341
15554
2914
27302
4554
3134
8259
16024
n 90 k 3
15840
21213
11112
21587
7532
9373
13181
2465
7173
35866
2494
21876
8695
10408
11027
1907
10904
4194
7506
33579
36845
27620
27434
33416
49367
27783
8215
17555
10217
76399
9410
12561
3083
20152
6261
6089
19773
30987
11330
12602
82501
8780
25721
16683
29877
25098
3805
3927
27855
11136
30015
31669
18216
6252
26034
11346
2824
23964
14473
4769
20307
19578
10587
15592
9697
25706
3581
11946
13158
13061
5809
18351
23759
2749
88780
1862
3557
20756
6654
41080
6245
15225
7999
9834
17877
15888
3354
5428
15489
7866
7500
15650
7611
18137
26583
18295
1898
2279
21945
25615
n 100 k 3
32229
20491
12021
43279
23563
34575
33059
6361
70739
3577
7317
11953
35818
43917
15184
16546
75546
14006
48192
21184
16578
55254
10397
28838
2442
11875
6675
26165
11439
25148
10480
47819
7355
47951
60146
34782
14481
4283
12198
89596
30534
23969
27441
3143
17057
9039
18071
4666
4455
46487
12884
2678
33625
62978
11451
18480
47010
1046
11580
3750
23713
26766
20676
3606
5355
13009
2371
18563
32110
57276
8484
9360
6798
17273
45116
15274
14588
21109
10393
35423
11524
34545
22833
32692
7805
5304
34120
5439
9640
19457
23013
39020
11837
24740
9186
9754
8504
37521
25738
1281
n 20 k 4
604
2816
162
496
1803
749
689
1942
120
314
124
103
1814
318
227
396
571
690
397
224
325
610
329
216
521
158
793
524
542
312
706
91
113
759
948
256
584
196
634
582
1079
683
813
620
1829
123
389
1035
266
174
546
1563
698
405
118
2022
1419
1984
287
271
236
315
365
771
238
773
203
1477
52
183
190
399
477
220
611
77
771
297
363
509
629
719
336
483
63
217
153
84
148
1164
2957
156
199
600
75
105
891
177
272
1004
n 30 k 4
2970
2066
1381
1281
1319
3739
4521
775
1192
100
2448
551
274
1903
3304
1638
4344
3909
1805
857
4034
623
1347
3543
1386
2372
8600
1105
209
2057
454
1024
241
1591
1064
765
3165
5554
2018
718
663
556
371
2571
438
208
116
103
3061
617
1216
2411
318
4563
3577
3616
1355
2378
217
807
316
362
497
555
713
1009
116
1499
687
1105
1096
1393
4994
1522
1000
2434
2148
2191
1014
187
1009
482
639
1113
5622
267
7299
2269
486
4444
222
5225
785
1446
378
3971
551
784
1714
6261
n 40 k 4
6252
4868
1151
3105
3207
628
7626
783
1688
3072
1834
2111
803
15997
705
2397
3241
3899
3687
1532
25311
4426
10619
3760
951
446
2003
3520
638
5179
2779
440
1234
576
11911
4212
6441
1603
7853
1675
1897
3636
13110
1472
879
3944
9289
2755
14351
3650
3407
3080
444
5494
6857
4525
606
10183
11336
15168
3248
412
2491
6554
3904
3599
2604
591
3512
748
12487
1211
9793
7329
3342
11348
331
3367
7255
4404
1334
2841
935
4301
11350
1404
10100
2761
450
5797
4271
8189
19124
1220
7447
4067
1351
414
12438
2710
n 50 k 4
3548
9933
2569
41036
28902
8349
26757
9835
12725
4198
5587
1639
20371
5038
2177
8732
39296
5294
47884
13151
17032
1747
14765
20916
7860
863
13621
35096
969
31713
8543
2271
14402
3211
2788
21702
19345
3298
3274
15490
953
7001
5511
9332
5164
4131
1706
1615
3639
16104
20469
2378
5514
922
11681
1690
12445
2170
18093
18285
17100
2400
6938
2339
26018
5611
12206
11272
3047
1747
3645
1922
17393
2479
1967
3297
672
21015
917
27167
1469
23737
60766
2790
2904
6584
3961
30148
3032
14190
8263
46579
5504
3754
23031
10486
32316
10764
22837
5506
n 60 k 4
32987
26603
34536
1672
43721
6743
33167
16867
26879
14767
28257
24351
8305
35087
12331
8734
4141
18912
89258
30520
27861
5805
19649
19002
32985
14058
9449
921
49032
27891
2171
12263
8809
2433
6098
62053
34609
4714
13552
33421
1123
12923
3794
4430
18341
3413
3070
5937
1982
6923
9682
15736
15464
15039
19349
2741
4611
18423
9578
41216
7522
28025
9751
5638
4401
58727
34726
4005
10815
6300
2689
6294
8243
7280
31362
11939
10727
59859
39636
13470
8847
3168
12085
3386
44677
19985
2236
3445
25242
3762
30345
19627
57567
13330
43436
18130
2455
9904
3086
16044
n 70 k 4
59212
6253
62192
3414
49055
78286
10027
23131
135763
80042
33402
31435
46108
35880
123394
5807
51231
89760
51477
9196
12445
73284
2051
118443
78037
36752
22329
2775
66100
16971
95016
38881
30819
14995
9114
53455
7313
4768
1894
11250
6135
23852
6886
61964
117586
3531
5389
128078
4934
35033
86322
48941
9754
24282
41489
37058
65274
12874
57409
12800
107757
8943
65352
29921
35552
2735
43320
22168
27325
74386
19916
35454
65775
16805
21720
8707
16980
46485
30775
10865
19878
58417
13828
2646
113087
5810
94784
17385
53350
64447
10824
33644
18373
108089
111414
53895
100062
47117
42095
139085
n 80 k 4
4807
19111
91055
81138
113495
108960
41882
137260
141315
130345
19167
50315
26060
24812
91015
165024
5013
258811
170524
21170
42775
49282
43956
7235
57521
105728
11107
19830
26950
22806
13755
7560
95855
4311
141098
24473
20873
39710
26047
7980
94945
59808
35458
57901
102803
74614
55796
249574
25894
444723
42614
10270
18401
30011
30302
3411
9046
166563
118616
71430
58438
16041
19569
32627
3355
11946
41997
22068
45060
159059
44768
16304
307011
47313
13995
168762
79224
6207
93200
142949
69925
7956
59938
52311
10817
114921
16943
42277
76201
147323
24900
33455
103392
67341
173183
37832
93549
24935
3643
32430
n 90 k 4
17539
73771
44469
411849
2350
168795
7433
42312
18276
93299
51114
68716
23666
30018
121041
6689
6267
312912
126791
62757
26905
14095
127809
201178
47153
477260
31832
48645
236158
64116
177569
17094
94353
19889
453920
64329
56072
191910
132887
10360
213692
53389
3663
106095
17317
175081
60644
86736
55695
307059
58421
82747
303233
305251
74784
87028
84694
152372
65183
136886
257826
82758
108049
399784
72274
396525
187379
194821
40785
14277
48007
229140
56586
11732
140007
281297
164529
85429
53762
67605
337342
149278
88431
287837
38465
246851
251498
44046
37124
74055
10560
18717
50450
220371
149238
54816
67830
195891
38180
84417
n 100 k 4
57392
365080
24112
251539
20611
280087
67967
128666
79627
27860
43733
200306
292610
160967
21679
4054
129235
184493
233084
45459
248643
477358
505171
682289
17541
142086
305342
66750
54002
79219
176770
42859
577722
6624
61188
133992
248091
176876
92794
384324
227033
245280
109656
93530
93325
129969
344941
381532
13305
147634
24963
33908
179156
184722
121570
327513
257933
239457
144255
125376
91897
36002
51576
303231
34674
79950
340460
52570
39120
68655
778719
298742
282741
110413
48694
231700
163449
58077
112399
17237
376940
390511
130593
204208
35508
195834
89011
121180
368533
318300
211376
136154
13340
492206
95235
238772
316592
140371
157002
344076
n 20 k 5
1443
1823
1403
1008
310
214
721
579
221
955
1090
113
346
801
1002
168
228
143
1518
661
1648
1410
635
331
169
531
1477
1671
592
200
474
1123
414
365
132
801
2181
1503
156
191
379
765
505
897
1362
99
735
1843
332
440
740
1998
113
132
1370
1530
69
211
317
1176
983
174
355
752
103
591
889
239
2446
860
1372
65
124
3510
2086
807
267
2540
427
800
359
354
863
170
960
1740
465
1119
483
250
1066
148
67
1669
358
537
154
4180
207
74
n 30 k 5
11874
12033
1929
4454
7407
1873
4389
9702
2795
6003
4721
236
2331
1229
683
17892
8271
370
4993
4697
2312
236
4453
528
6760
2564
153
2559
734
6058
2188
900
280
1675
675
9162
393
3899
505
5478
8344
4634
603
3272
559
2690
12359
875
1548
1906
14250
7582
2132
1270
464
1141
2473
10592
2281
6704
8589
630
12690
1228
362
2656
9836
3860
19868
9201
4705
8875
3393
1495
237
4776
6746
2184
1109
4852
2076
2741
5099
758
6171
3206
2236
378
3207
3372
13302
2041
2022
427
514
3025
4792
1647
4643
434
n 40 k 5
3124
12102
16681
1441
37962
18122
67170
3146
2836
8374
2673
921
27138
17414
16746
2178
49188
12310
1381
8863
1601
30075
33598
66321
12096
498
7955
15278
6465
10311
26329
24531
10360
47710
5549
41318
16431
4670
6100
3864
2375
7638
261
5275
15812
5266
6051
32081
16323
6877
22060
27399
9594
29618
4545
18443
6672
18356
31012
35919
2284
5436
14573
19537
25122
22400
1060
482
16299
6058
8351
76063
44102
3927
7244
29307
23623
1415
21510
23618
2368
38246
5935
20794
9476
2037
14346
27100
4781
6020
6882
7164
8919
14747
5695
10587
9545
2362
354
17427
n 50 k 5
82848
9713
27924
75692
76349
34945
28211
29517
45454
27929
50733
40202
2337
46159
126889
76878
77223
45497
99127
20213
12931
19564
12022
6956
80136
27913
63646
8095
9458
22933
85545
36474
54189
98566
21568
49450
11024
5848
61805
18832
4485
18959
67988
148349
34775
10514
41382
76742
35578
68948
47555
13333
186524
20572
41364
21060
48377
24403
33663
79634
47253
32597
80676
58183
54434
88222
16018
11891
19912
39418
60136
22079
109113
3786
20237
5186
116625
20268
29526
52025
4798
36307
26893
455
137026
123309
5623
46221
861
85260
1800
63743
138564
226006
25580
11066
36278
13259
68843
6437
n 60 k 5
171884
29664
109784
56998
51805
14010
240826
40068
158019
386703
307740
186812
5976
327458
168955
22304
38397
5117
10327
83652
7899
37101
92297
131647
191806
71243
84695
319941
462324
62111
24866
9511
24914
153846
75012
30949
98616
74191
184104
30416
65483
86035
13193
48253
215278
101235
5034
95141
183262
76533
112105
104316
22484
47702
26670
22766
144024
41643
255530
114829
130328
11888
186383
82607
25446
37846
24980
20468
35388
284629
527331
10214
29416
105076
255926
99566
99898
15675
33545
110309
139235
104041
127940
128320
1838
36988
115022
64662
67953
34475
116651
119923
109639
90917
70645
67155
228448
30124
153261
27166
n 70 k 5
315167
24445
77849
17838
322414
10161
343721
106239
31032
103201
65016
470351
98420
22262
23665
83928
214732
99302
138303
313511
97807
132182
61274
4251
125826
7031
32860
215299
897
357857
124097
307677
200428
151998
172267
247438
1359
107051
30772
297402
51448
448286
968487
193562
242852
75728
78823
140140
524243
81339
270610
778300
267182
76900
145808
178968
2290
139963
128018
873029
28236
49616
170249
807801
351208
272573
36459
61233
19228
411865
156366
102928
43471
220799
368727
120025
8118
658064
353628
490496
51489
113979
518589
382400
284879
328838
113180
407191
120265
96042
367477
58737
1279473
245808
89055
258113
162407
100468
162277
101932
n 80 k 5
444948
75824
197225
394330
145208
48246
1235375
1220988
777676
746782
1670877
158365
6319
330652
892866
216201
248315
130112
1371915
206964
10611
276773
2910116
274832
58239
121504
1152148
1380512
884533
248877
138783
283221
238785
146102
189321
223463
61864
523177
171249
914343
7019
145209
384593
17047
299284
232078
99927
706178
249699
648575
641354
495559
138314
670727
1131430
65161
23473
739846
77202
200289
145684
367679
174739
300490
546800
318408
284542
818549
76405
27722
522973
130075
234173
289798
43198
570441
23784
191832
145139
139104
159675
99377
194929
80510
260012
10884
118795
1315350
219209
309682
318759
29349
172877
49802
60299
830442
1085890
126627
273381
75350
n 90 k 5
246954
1272774
198307
856178
262051
443405
1358475
577996
197122
56062
81293
475314
148159
130121
246503
86455
414980
652600
801508
18859
831614
72585
141289
557057
96259
845148
412008
147396
1773034
416674
759288
508522
130463
651328
127201
805603
1240403
188443
22819
266084
266877
253763
355978
509909
204049
787095
329039
416271
16568
929916
216722
342399
1089186
415800
1698358
459589
1222937
144638
478268
68797
121987
1596347
677137
1178926
273251
878730
830063
628331
261484
14569
622598
95248
36229
51178
1490698
114807
337925
83343
407256
1048881
1336435
173111
1926343
28144
77005
1936210
822491
2743365
597308
375562
2082400
102604
205230
356249
385396
1099282
603401
1294278
166218
1228643
n 100 k 5
175560
566085
1190912
1468046
1045692
272393
2420063
2205516
119190
1657660
2367862
462524
1554718
303338
1594294
4395564
1207874
127188
1483668
1709216
263538
992636
2306284
1700031
1766287
612400
2728270
3194965
104308
1359636
327763
780962
1668748
1227142
419772
322992
1538056
335763
2270335
300769
2568420
791149
618239
2313218
600563
145318
1390048
69126
2266730
1082443
245727
596336
1695258
341319
156679
950004
486396
1380034
988052
802019
1324222
659101
1668408
315652
2388450
243247
507928
463408
2024060
72945
161780
2337154
276506
81334
404505
1396931
687543
527245
1782990
106453
469455
3949088
458969
26174
1175600
1240691
1243921
1542313
920326
391384
1705073
2735744
453048
987081
542928
1514973
143049
2108129
2601083
5070618
n 20 k 6
173
553
2095
593
1288
719
312
2818
621
215
950
220
90
1401
1317
1506
371
271
845
2012
172
914
307
422
1321
1263
763
73
92
692
128
294
1803
271
302
908
355
187
1224
144
2078
1712
1313
1012
1056
284
217
524
575
2678
111
2489
623
653
583
893
157
383
835
223
941
174
95
956
1259
366
475
1329
508
367
1861
3000
96
1120
1629
1874
354
988
415
425
1228
496
616
1016
459
1276
215
3831
657
806
180
936
214
331
719
1740
1982
1320
1203
161
n 30 k 6
3673
9724
5980
10631
1171
22018
19070
14592
3680
755
12834
6257
12627
3686
7173
1217
983
1678
1397
3690
20867
6304
8411
3753
8597
5209
5693
12501
3837
3927
21125
30487
4122
3168
5956
4885
25279
5410
6182
31696
8244
7349
933
1521
704
2447
5716
845
2946
1171
936
3655
2207
1939
8628
23506
1827
1622
3416
848
2274
9171
1327
5891
4184
20840
3356
666
8740
6227
9101
2427
761
19860
5606
5577
125
21404
4129
2096
2234
15990
1791
18411
17754
3640
14144
9495
1093
107
2442
3206
2420
13333
2711
11300
15776
2478
4712
8192
n 40 k 6
22940
8536
30222
10824
17814
49439
43559
68273
58776
18564
23796
7780
46143
54084
33379
1540
10713
45025
617
3963
20956
6629
5593
1666
14169
21762
11048
5460
14307
11261
39506
45490
1094
5266
27240
630
89101
87790
35569
20774
3958
1422
7187
13420
41012
31786
21203
14560
17792
852
18009
7763
42056
7218
18834
36836
17272
21873
8712
9432
39242
4223
5787
4875
5986
15837
3905
4950
21577
18372
25262
47271
30892
12124
4751
40081
4674
22132
1947
30593
10929
5701
5385
13358
45139
30560
998
5941
32730
36306
14658
32983
43850
30181
32838
129592
114708
18484
5688
2932
n 50 k 6
76873
56883
75008
296153
60341
54876
12225
17311
4827
52262
45626
62363
149600
21546
56671
30432
72306
67958
5791
61409
604846
143748
1491
61123
72234
24401
41917
35620
11061
48959
267643
184519
27696
107140
60846
47191
120705
24581
16107
32051
108768
2153
113414
1073
86288
8502
74530
28444
19310
50849
124862
82724
253037
445313
133228
97202
66110
51138
268849
58027
344858
155694
68151
210890
19468
207430
52900
95292
192035
228881
143331
109940
126346
191762
16373
264159
59019
193660
40260
247001
81843
138243
163780
77532
72527
69830
306597
12624
71179
65061
54864
81472
149524
49307
146301
57120
25392
64801
296021
115278
n 60 k 6
3660
147274
373606
40293
61215
85117
677751
13568
154796
303484
115605
157332
251502
37790
3384
551520
203710
88273
147362
627794
123769
285245
153294
86964
251144
375861
555189
21990
49139
59082
610996
625567
265049
382924
320495
111268
310683
786361
754867
402680
466941
211901
65063
111841
25418
294897
179593
168974
48069
154211
476762
219008
125655
836494
433003
260244
77849
186275
73101
30393
115505
341935
536336
724723
364643
145188
110612
482740
14789
74772
217177
221537
88559
25041
1813796
191843
149839
61693
431762
33870
91883
425773
242987
935546
24752
629374
8059
29852
92109
268421
196576
911646
191998
227981
225328
379152
19479
473006
1361051
205810
n 70 k 6
430545
905862
1732354
105817
237619
101338
769339
155597
413976
323658
740489
3720586
845152
2402781
989076
346043
116307
470577
607206
1217094
1799586
648510
105726
461888
723493
672698
1241821
1356778
2469011
795109
2045928
109436
887816
699273
845187
1925905
1589173
19050
538902
46450
97074
72012
1511512
557426
5875
1667084
1516038
222095
343076
399223
41475
2278187
947602
380541
3320660
663728
365940
571828
2875391
1071164
1023898
157642
270562
2538343
21041
492880
1098971
602008
950771
497366
1170784
992397
3071203
988498
2973725
17360
674989
1239980
624415
3253056
26513
4158213
1452787
318763
101260
646427
314246
444931
53958
20459
1040303
378723
280682
472176
272674
502205
111362
406119
360841
385769
n 80 k 6
2935373
2031371
1403153
3286320
2349073
1221610
1280499
766842
3370916
320883
162174
1942802
2385345
227066
65791
2622575
684358
790803
1075516
1756155
3165227
422741
257421
516734
604337
219856
131316
370626
297338
1245804
2478228
2196455
1016426
600527
552266
2636866
1197322
215365
5172
1080728
2673551
18474
521501
2341544
55160
1433740
1106145
952720
7173783
1073861
1740924
1392671
44393
352244
766105
4058256
93687
1452367
463194
988266
109613
1543234
1485438
233270
1683028
21370
435477
103544
1337289
187186
448266
2452209
499742
3439691
318235
354332
839878
3275443
2506400
3423894
1204722
2305959
1204265
1642538
3196888
8532716
7496851
2905925
2204877
1186315
2024269
2249666
58556
1526867
830843
4133735
1776428
1537378
459131
1126972
n 90 k 6
6400372
3675110
503007
1796981
5971407
127994
28322
1307544
798007
2324754
268683
142541
178187
8380215
1592839
3967554
545447
11818846
3165178
6526671
4336243
1808970
6542556
2036734
3069582
1309715
4463204
27111
4697935
1141882
619857
328603
5179288
6850440
5961164
8824387
4736178
6356010
4232144
7232239
2979434
191518
780499
598825
6028693
2776175
5295190
337505
10908368
2223930
673494
6148880
487368
4451740
1669587
620737
2678553
1850956
7447065
2308447
2497876
13249402
1732274
1092207
6854946
502860
2519672
5778390
7131824
8654331
2673170
4608051
3041833
2076007
2809007
949543
1412317
649155
13071781
2336401
3303689
2527399
4253166
940891
1506624
3948140
3819280
17047443
5883373
3033836
3378498
6750347
3441800
1620533
775590
5296966
2340664
2195698
5548935
722926
n 100 k 6
12115834
4306393
7435071
9973970
1958414
2842985
16512360
7168008
1008359
1325741
2694663
5759146
6719190
3006042
4477502
9922060
7757786
7659976
887908
3667340
2617407
2094954
1552329
1104268
18350565
1507422
1096520
10787221
5496042
3270911
3333199
2679
3315529
741882
1527470
2632522
3822367
1317230
9285965
97850
11684458
4664395
153508
7801838
859320
9790756
4293475
10210945
459311
5759314
7519580
9382269
1630210
450864
4212678
10072692
35012955
9804298
7852545
14391979
2668828
610559
9449946
9193695
7989180
2241131
5275046
1296555
2663485
8800145
2568730
1808969
1080720
552727
9912027
5621329
6625239
4158141
2310545
7870303
13517026
6692170
10228218
378499
870216
8760631
1300178
21268901
2090689
1791302
4290490
88674
3730421
2572027
20825678
1297754
2076264
1426188
11564343
547796
