n 20 k 2
68
83
69
407
39
82
304
82
213
180
75
121
63
104
166
38
118
181
121
255
92
151
100
108
315
65
76
142
227
579
180
125
170
53
164
131
104
148
83
132
371
219
145
467
59
197
178
57
93
416
134
98
209
268
170
50
101
87
110
101
511
82
203
121
227
341
110
538
223
178
240
314
72
236
60
132
534
81
144
131
127
129
127
100
106
82
135
69
291
72
82
143
125
230
86
187
88
238
63
147
n 30 k 2
372
407
331
215
314
423
536
637
485
306
280
133
381
95
214
894
160
319
205
233
286
194
224
189
216
135
542
100
147
164
386
421
103
252
201
222
132
216
545
382
630
621
217
109
290
134
154
493
1420
272
553
410
591
206
218
430
87
409
390
141
597
872
343
195
180
370
323
422
250
226
274
177
383
850
252
602
78
185
333
833
116
337
193
340
240
138
151
498
106
218
776
236
340
206
599
214
108
261
325
534
n 40 k 2
480
803
699
469
509
174
265
483
284
1101
350
201
400
694
401
322
486
311
435
879
1084
805
837
333
535
294
233
336
564
825
538
187
946
354
794
727
246
211
181
631
495
532
119
516
437
231
161
1189
282
326
216
593
1243
505
289
691
270
517
148
502
774
446
186
475
1100
1108
560
891
399
393
248
499
732
906
171
323
184
488
183
318
320
282
468
185
376
286
208
412
124
253
254
437
537
754
171
311
540
272
335
1124
n 50 k 2
371
1254
785
382
568
300
443
1034
769
392
976
1427
707
1340
498
249
756
312
999
343
299
304
863
907
429
1210
193
784
1181
664
1541
1112
879
725
655
247
501
721
352
385
1439
479
2113
300
1186
980
1113
627
845
439
1264
1300
1040
1053
1038
431
539
483
434
420
806
861
691
314
350
957
542
1093
977
366
1081
406
3108
954
903
354
351
1369
607
491
1062
777
461
458
513
1766
295
956
403
948
641
728
3513
594
1074
291
458
404
437
657
n 60 k 2
1605
892
786
1294
853
1529
1627
484
679
1789
419
1425
541
377
1105
600
773
1997
1894
388
1798
460
589
491
617
505
1584
2754
1288
501
1410
1829
796
707
1026
1279
1236
2424
1144
1094
784
2088
1118
205
221
4830
1141
1093
638
565
790
554
274
534
1049
1544
706
827
385
1535
678
1231
728
1054
827
504
873
389
911
1007
1407
732
802
533
699
2136
614
727
983
957
605
1239
1335
1015
728
975
2250
460
837
587
288
463
1290
1746
930
803
751
2919
1760
652
n 70 k 2
1003
673
2030
1258
880
709
970
1966
2471
1416
712
1871
681
1500
2633
955
744
1765
790
2679
2829
1380
592
1856
2238
467
1419
867
784
2115
1803
379
430
581
627
622
909
1240
2572
2210
982
975
822
1540
1087
2377
1946
621
1288
1947
800
2293
4062
1068
1282
756
521
496
496
928
761
1904
2904
1428
1417
1095
1843
1789
1046
520
1392
1478
920
1921
815
846
2004
1961
994
3258
896
1077
1260
3129
2159
674
3367
1724
507
654
1363
1994
978
546
1834
1244
3303
1183
1105
1003
n 80 k 2
3444
878
926
2136
930
2831
3337
801
3759
2153
1697
620
1077
1892
1458
2095
3327
1119
751
1381
418
1165
1726
1406
2391
2795
3546
1281
1312
1397
1799
814
2495
1961
4114
3561
1519
1755
1220
2021
388
595
860
1516
4836
2981
883
961
622
1320
816
3825
2069
2468
1820
4248
1803
580
1533
3357
578
2036
2089
1486
987
2204
4307
1075
1377
2288
1632
2215
943
1252
1550
1190
629
1196
797
3166
1839
432
2030
1104
1165
1598
1468
2731
2802
342
719
8242
2674
984
1631
1474
1961
3637
957
2267
n 90 k 2
3560
1040
2150
2148
4794
854
3502
1425
3553
4395
2347
7329
1646
4779
3408
1786
1424
2014
1756
3436
1782
1320
894
4233
2831
2750
1731
2532
1762
1114
2928
953
2812
1248
2008
967
2316
573
4193
4888
4367
3588
1740
1642
6358
1064
1456
1884
1878
1695
2968
1028
2551
1202
1228
2772
4377
1517
1038
2334
1356
7917
825
1472
2819
1364
1314
688
1314
3758
4631
1809
3379
1370
1984
2735
3454
1535
938
2464
966
2175
1589
3483
1656
1095
3432
1589
1115
820
2859
960
1615
2886
1653
6603
815
2607
1794
1284
n 100 k 2
1135
4007
2044
2834
3435
2081
3522
1465
1553
2911
1685
2085
941
2368
1565
2941
1540
10383
990
957
3831
2569
10388
1907
5144
706
1159
1335
918
1947
3219
3958
1436
2179
1553
805
1964
2260
1572
2119
1075
6979
2600
2160
2420
4980
5609
4107
1491
4926
5426
1950
1802
4470
2117
4543
2037
2299
3450
1451
4490
4702
2112
1928
1951
4135
2377
769
6702
5418
13300
1065
3031
1603
3198
3377
1384
6390
5402
3261
2074
1088
2197
7959
1211
2941
3095
1552
4448
1050
3716
3633
4237
3542
2821
1998
1893
862
1584
6254
n 20 k 3
444
115
175
1206
180
387
455
262
117
211
223
185
558
708
182
115
131
233
183
358
122
1043
285
265
357
106
460
406
1103
256
137
156
246
302
207
189
196
295
120
326
483
141
307
569
352
272
571
194
155
416
346
94
100
328
109
85
133
912
266
222
102
241
133
242
195
282
281
444
302
1229
129
84
839
491
124
280
610
186
109
710
130
247
299
374
349
1272
672
384
179
337
342
634
82
246
634
198
166
119
72
237
n 30 k 3
313
291
206
111
765
344
1735
672
905
631
155
739
575
889
225
2017
3492
594
1051
561
476
1808
441
429
1307
294
831
3413
1162
1740
115
300
585
367
445
380
1310
493
532
385
625
413
1002
1080
638
2909
1647
630
1744
468
655
614
847
1434
494
323
843
1756
967
1097
345
292
637
762
1692
584
4452
527
995
1565
683
261
1189
768
292
451
1370
364
136
2083
1518
216
1025
420
299
467
288
440
1470
561
836
832
855
260
490
234
588
386
470
413
n 40 k 3
2278
2030
395
484
553
306
1866
469
1264
3544
4218
1375
402
1430
2091
1098
1187
2287
1761
1467
2879
452
1319
1076
968
1960
6041
357
672
2359
1238
3541
4927
212
3090
1038
1214
534
2287
4265
1024
780
619
1894
1054
206
397
813
2417
1596
2736
1058
573
1540
1314
2864
496
2144
2558
1992
1792
3067
1292
670
1769
186
830
1283
968
492
3060
1000
972
1778
574
1876
2449
1170
689
2159
814
3343
1983
2400
1990
1470
416
893
802
1513
281
1488
957
1217
2534
172
2350
259
738
1160
n 50 k 3
890
1839
11432
701
2219
7293
8013
666
7430
2231
1224
2059
325
6344
4625
2475
1608
2157
4377
1159
4273
5229
1583
1171
2112
1238
9682
3421
582
2867
1009
1946
350
420
3078
1002
3158
5311
4151
2828
771
1324
2094
569
12042
5564
736
3139
4397
1297
18674
1995
10348
1991
1738
230
6653
1087
511
1395
4096
1171
1407
8675
584
1595
4108
8357
7662
8867
17920
9924
1036
1948
10218
1770
1647
4416
3720
6796
354
950
2807
6871
1315
2842
3990
3088
3593
8516
1301
712
2155
17448
988
3932
9508
866
2815
3372
n 60 k 3
4925
664
15832
5194
5822
1877
1428
3317
6469
7916
1436
1318
19068
1559
1146
1467
3740
4163
9587
976
1521
1593
1374
530
3474
2261
735
1717
3634
1470
6409
7824
1683
7262
1495
1382
2884
773
11063
2150
1225
6691
5941
3803
5282
6621
5260
4203
3737
3083
7264
2023
2192
13107
2010
4234
2376
5382
6086
2201
3561
8764
7346
3020
5195
6129
7874
797
6274
3686
12334
4752
2409
226
2648
4460
6015
5691
3310
3660
4047
7219
6978
3701
948
733
8927
2840
6475
2965
4519
1432
2204
3205
1593
8667
5733
17786
3938
6702
n 70 k 3
25983
5518
9244
3302
975
2685
19946
8643
3652
4865
8553
3364
1706
12956
18379
4549
3252
5268
15158
2251
14169
1477
1148
10865
5830
3511
15713
11443
9370
3917
901
3574
6993
1285
1216
3562
1215
781
27746
3567
3154
10822
7885
1800
30644
17546
10195
13693
6035
8187
13847
7215
5825
1888
1193
13342
8407
16589
8993
2353
4653
3904
2094
9070
2620
8695
5898
24131
19313
1722
1606
1800
1512
4004
4198
2103
17380
14000
2250
4429
3637
10993
10727
19180
1053
7970
5405
8185
6900
5477
7922
18690
18603
1231
11748
2812
1300
8797
3969
7147
n 80 k 3
12636
12538
3245
27716
17253
13544
13465
15002
16370
12375
3543
2533
9859
15603
4270
10940
1735
23789
7167
16816
1040
692
6603
6643
4244
3029
10038
14894
48895
7741
14038
5410
15854
27132
3947
1786
9294
28577
1642
1955
28025
20126
5737
28661
13497
17722
7134
2024
7898
7685
7290
16392
1869
8671
13920
1063
10282
4668
4954
3010
17837
1627
2700
2265
14667
10490
10891
40916
8851
38311
20616
7686
4139
27167
7345
10038
1005
25668
3920
5519
23447
3467
14126
2575
6303
27541
10851
9166
26800
10752
29565
1826
20869
15320
67370
18635
21035
21274
12137
7136
n 90 k 3
18876
11100
3404
10538
8926
3531
10725
26088
28169
25669
10159
10228
16688
25927
4074
11627
10861
8896
5842
16479
2414
25790
26118
2285
33237
7895
9466
8763
19899
4598
20021
4512
6386
9772
3081
2156
40033
7741
1725
19935
14339
5552
44178
55190
3039
3912
11592
5294
24154
46203
4694
4068
32805
3850
8314
8229
3454
1778
62275
4849
3248
22919
12386
11080
9386
52828
14834
13032
6813
24619
2916
4633
57402
21718
21577
4142
4978
26791
17930
3070
7900
21589
5340
20576
5855
12661
1090
27306
3406
6061
13966
22639
15353
9042
5168
4078
44100
8297
4484
4617
n 100 k 3
13419
25016
2037
40093
27008
28484
20551
23186
13715
7121
106054
46661
42393
1656
10160
11123
12612
7229
5269
27707
3493
18036
16589
23843
7517
16079
100744
13330
33463
26817
49119
63056
92458
16481
9184
1889
31917
66426
13225
96110
10131
4600
31513
20008
18951
14473
16616
4012
3168
3556
3709
4760
14733
71727
9339
34735
19524
5339
9332
2284
8523
11883
9664
6299
12577
18031
27923
9229
41896
1605
9035
10146
6411
27409
3897
42346
22735
10641
3719
27637
6252
18667
63024
25211
18701
27755
11885
12948
53913
10580
49839
28076
137945
33268
38669
56553
9959
2022
65800
11693
n 20 k 4
970
324
582
213
384
248
1134
209
895
304
845
433
675
157
228
169
337
543
653
70
358
593
1025
316
253
214
797
172
555
663
381
158
659
332
466
250
325
78
682
163
190
142
202
88
638
223
135
950
809
894
573
1314
1683
302
104
518
245
321
959
1318
1103
282
349
269
339
302
879
805
316
1386
1499
302
1342
193
204
1783
121
176
198
304
977
536
178
1674
297
141
630
1639
714
126
318
428
585
155
1542
1072
390
716
480
381
n 30 k 4
465
1095
1451
10323
670
1331
290
5564
3726
949
673
1335
1115
1014
3149
2681
1930
742
852
2481
3288
2793
2131
1231
2419
285
319
5033
204
4486
1082
4604
1201
976
2838
3059
789
867
1511
1216
142
779
3836
572
1919
3710
2422
735
9364
1991
3646
746
1265
375
6566
192
2187
1241
1043
469
1244
297
1129
143
178
4716
1145
1226
1938
1834
922
2627
3658
610
1912
3383
274
547
307
2027
1881
477
749
2758
1505
483
1099
530
416
5158
1615
2555
274
5092
1183
3499
518
4280
266
1345
n 40 k 4
2959
3953
4101
3884
2837
2082
12563
705
799
1105
1512
563
5453
2327
618
406
1279
1946
3328
533
9303
16329
13673
4322
2513
2401
7639
1690
7107
6644
888
1660
5004
1328
4534
11668
5816
1902
10004
2990
5445
10719
2688
1110
1231
1778
1028
5710
15134
939
441
2762
4304
6807
3173
14506
5956
8449
2554
3924
5991
2943
2388
443
1365
814
1181
11054
1297
7288
2678
5548
26192
5369
4396
7588
565
631
12569
9620
4117
2080
2245
6994
17793
3209
527
14654
2737
1692
20084
2842
2872
3053
2622
13118
2423
2299
1274
1524
n 50 k 4
1239
17090
15127
17471
21766
11032
1728
888
1795
13917
25048
17733
8813
26140
15271
28492
11510
32620
11674
11387
14836
13752
24115
7123
1327
2002
1787
35171
8053
8051
9206
6155
29349
15178
63875
4979
24511
4021
13810
29008
24392
19615
1758
40573
48497
17066
17376
11624
18273
8135
619
5790
6760
5825
23231
11008
8633
3047
30253
36284
9571
4091
5787
7016
6115
14130
1339
10631
51937
14981
1265
727
88801
6960
16143
6247
931
1846
1201
7114
25906
39338
24895
7453
7910
1101
5589
14779
6772
3796
28994
27355
15454
26170
4768
2157
14742
13989
809
11130
n 60 k 4
18232
27125
23193
1881
51995
32749
5338
11809
80673
4658
2383
37451
8933
24952
28082
10878
1536
8504
27205
8909
19357
4597
7590
39586
71382
13386
10890
40588
23903
43257
34195
22084
18874
7881
3058
18853
18393
7484
19714
18797
4864
16262
4834
21257
61271
12958
8912
9390
9089
24278
11792
63008
7973
6554
64636
2111
45165
22116
17361
23786
23074
20731
32010
23715
64191
22635
16387
17113
4016
14780
72367
14469
125131
8420
4982
25592
20083
2729
16671
11349
38031
31031
5983
13019
22316
14383
66627
33088
78424
8702
13110
5509
65570
44416
64455
34964
6908
1301
7642
59889
n 70 k 4
11251
25903
85748
33940
21140
24459
12418
82864
42268
2891
5421
110040
34026
8655
9418
34773
36628
78783
25222
48424
89285
106723
166631
77348
95069
20855
55747
37837
13987
13604
56859
2545
76866
105229
7997
1694
62564
62559
18238
14619
67468
75423
33396
35203
2416
99462
14235
31458
100227
4999
41851
29388
70014
34322
24545
9829
29857
39428
19528
25827
31406
103459
29150
31065
26769
8444
352303
4367
73776
21156
22964
73733
28903
38303
55021
101108
33786
12503
156289
64340
34260
59072
73778
33256
9228
7470
1487
40185
12892
20364
4461
54630
1615
10754
16941
17672
70435
57536
38748
1006
n 80 k 4
27643
129378
27384
19661
97492
52063
174681
115168
131319
20856
96083
73861
87528
6079
30783
63863
45514
208584
279780
87068
2959
43611
3861
76158
32675
40675
153540
55045
17583
188669
63408
73174
6223
43031
16940
107345
22963
45655
132140
3556
58547
27226
84596
39593
51360
77988
49584
36376
220671
18121
51663
88101
116171
65535
113491
80682
115714
22641
171627
21978
59835
3418
7645
38232
229110
14958
148319
30082
92640
34264
48437
58478
84251
8903
108633
49739
86565
60531
53277
55288
139968
3186
21835
32358
53843
386060
46333
20838
66170
136557
27274
44850
7711
36931
185452
98320
93830
308953
41293
137037
n 90 k 4
22590
126650
25706
201135
71464
97538
93214
73943
46164
19175
172634
158162
39211
116405
222293
62128
148710
82195
37425
77509
102414
112901
21101
100189
65344
44784
55921
103487
109530
2874
87787
128991
16165
46371
77318
45045
93683
203417
12488
53812
179623
178853
112994
136138
452699
205530
30438
144509
107792
227285
33469
56906
105040
26713
67333
253113
20546
117422
41333
54664
56477
386880
65144
51189
62408
103663
67877
89630
118939
47188
76263
14051
7132
11219
5853
96046
244688
294024
6632
18581
632935
83410
70206
74957
122947
101035
93045
48795
27479
90793
67678
154367
2130
161665
404887
38694
63397
101175
96406
240721
n 100 k 4
6275
57362
23524
426590
17652
12050
38506
513823
75537
125571
28244
609230
111720
70846
18667
125744
48385
132499
64299
832290
328124
291488
82817
50093
156296
224598
14523
34957
217256
98760
481587
298017
15723
273012
425828
359943
154376
170736
393937
217623
121418
116919
46669
234497
115445
136138
258289
412765
161910
11118
76556
98171
59517
107403
134996
281358
158706
106762
24019
168277
62742
29148
249857
285985
102427
235896
45690
49460
14051
373482
128627
261099
257988
564612
117651
78523
24376
172966
185552
180776
70735
122242
383547
600964
629721
35119
67119
317958
253328
8126
75689
171625
449296
278180
1552
35855
32756
92938
74954
295282
n 20 k 5
183
635
746
826
89
830
921
724
831
1913
3198
1938
155
1188
1235
36
712
493
278
375
1183
801
601
221
1049
1621
1829
461
347
294
955
188
281
301
3571
71
143
335
177
236
1108
1338
581
385
758
886
80
426
2584
618
749
909
2143
585
189
466
1159
55
306
659
548
187
645
1042
152
616
880
2236
1404
466
1055
541
308
1374
556
804
2159
266
915
543
185
1356
1033
1683
292
120
298
686
254
195
706
2118
1430
450
1154
266
698
1789
1006
642
n 30 k 5
4651
427
1057
938
10107
310
1607
3226
5746
225
3759
18893
2541
2092
2997
2067
4191
9718
310
2390
1439
1575
1119
1312
7508
10099
1912
2312
1820
1645
6250
2643
966
571
1737
1517
11031
1595
1594
453
4506
3866
4800
13589
7390
2755
2386
345
6199
5359
1514
3352
7643
7777
8324
20913
3941
5073
4245
3005
2414
2373
1489
3346
3556
3389
5025
12119
4179
10713
920
9496
2328
15319
4456
347
2235
1778
974
1691
6621
13514
1997
3018
9505
336
4217
3584
4484
4583
4503
1522
6791
24367
3242
4063
2663
2042
2448
8973
n 40 k 5
44035
35672
19402
32476
36400
38844
14941
18627
20833
20684
7487
29720
4630
10414
13549
5284
15034
867
15603
1142
15653
22646
5702
20551
21009
4501
9732
12466
1805
614
2570
33092
27899
26340
7833
10930
110678
22083
37312
17306
10525
2196
5253
2524
2368
10588
6643
8127
19803
24477
43548
7840
20853
19225
3979
14733
7850
2752
3221
43750
6732
4730
7392
4822
13024
2063
8546
1282
8620
22834
32747
16044
29298
18883
3364
58914
27952
3028
38434
324
8456
45361
4046
577
18242
29347
1332
919
2863
3259
5809
5330
24181
7342
3374
43841
52661
16756
2781
18881
n 50 k 5
4993
27722
21614
5982
82603
51890
9787
132400
9741
33004
140189
5448
39355
48255
20200
38164
4245
31985
15199
38355
32434
18224
6556
6665
20591
140599
6703
27486
49873
71727
18277
22268
105515
23174
14105
165511
21419
69086
6775
36527
1116
53936
19508
3567
28508
23350
6212
21631
4282
67579
63915
17915
102300
47963
7595
44931
61347
26809
10312
45365
79348
3298
25045
37462
64518
40321
100437
23395
58062
37804
6126
35699
5431
3686
11878
4833
38143
100466
72809
7533
3267
25703
18482
54524
15379
44842
15405
75936
44142
58781
41029
78945
21376
80700
52175
8447
3398
18819
32184
3840
n 60 k 5
49626
40131
138866
21232
50817
69528
68608
67662
141821
50390
318828
154495
150375
28916
100347
61471
216651
36669
325553
10931
83917
93127
36210
22072
27143
454963
242695
13719
105609
27778
11806
33694
40807
150511
57673
219396
191571
34299
195357
142700
144791
68133
28503
106901
80726
4714
44430
32143
5854
74317
32134
2114
55768
399808
98115
16011
334384
202760
105884
309025
7507
163959
259682
63905
58138
72003
32698
48335
205659
1921
69764
68930
182574
20958
29954
12882
3217
125872
76921
218286
117320
68673
128436
27966
44288
52999
28448
6235
27056
110789
16262
43541
59635
67038
27184
83401
81256
118142
82189
40915
n 70 k 5
316360
574558
14975
63096
263340
9042
33330
87775
84563
264860
784858
22103
38770
10080
684502
42613
243361
62983
212553
60580
103533
4517
355613
68272
541569
42421
223041
255634
13036
578207
57005
49368
319604
61753
1619327
68941
196507
31703
200816
286673
104564
16248
158143
114939
154074
103975
13635
234435
152405
261636
6432
97021
260761
529286
358510
174857
304024
73968
238859
121306
822170
16230
212687
286815
205081
456382
44896
38785
6499
208477
8780
102270
190378
72665
10751
68743
131161
185534
160424
179936
747812
5347
75098
406009
727346
286892
276926
172248
233518
72773
80103
433843
161054
195721
87510
879671
239961
29509
381632
29192
n 80 k 5
70328
854600
8916
110369
637214
397906
226234
287464
13062
223886
192091
152709
997337
257625
995809
335027
784857
92695
124334
405200
884452
284279
110044
400938
150632
327171
58309
306213
441974
401878
354390
259973
94694
151042
490733
295627
945637
203220
44588
801611
41152
301922
167437
417646
1132699
482456
137779
355716
284052
538260
559274
327407
254113
353056
768783
90719
62580
150134
321491
66765
70193
814461
186868
74431
1841644
967299
429746
218048
216495
111819
42681
977875
15397
742019
114488
99099
429148
562041
107551
86898
6903
87993
197124
357137
413618
28712
664081
799882
1482560
45925
112699
368133
238516
169241
449272
524929
177137
319415
487325
59572
n 90 k 5
95603
498616
1160722
34216
2513290
199795
552566
699630
821771
128183
256862
875410
313215
1038845
57923
1169299
921887
235484
1013185
232286
101471
73620
605384
2286576
276731
692139
404601
177111
15519
961609
245205
595066
148680
768501
279367
201991
1725786
322805
19809
12251
171383
2045394
1429462
1738292
220624
504197
1309304
1293699
273113
817625
265497
437482
703130
48166
77372
310905
931932
1242326
248718
255883
579192
147022
360156
72347
391022
117287
57167
58908
311396
177881
282338
911202
957305
767845
283261
623134
193570
248698
343634
474395
650148
1376700
608096
687894
520502
439279
200578
380081
15168
40623
563075
116131
2438210
362042
1989223
799815
451092
506796
750030
716387
n 100 k 5
2157021
1667517
2350006
475770
322039
212826
2502405
136315
2699616
945150
1620937
292789
3305091
1211224
1480944
360154
1031140
1492874
943331
3555134
192358
2364057
603704
120677
1752242
405059
1637860
463922
2769858
134194
873051
2534183
2067906
816070
1286622
115664
1226769
422048
475002
2108780
177128
80022
3432713
1073390
2116971
183494
1352534
3823226
285871
2062783
1955688
652221
705914
85182
1046258
1394724
628047
388703
118250
1359193
1460185
1845643
522295
1151796
341316
1287858
136479
211305
1605696
308590
1230355
297836
3041140
3137857
629364
781517
160601
72549
299228
1235999
2579857
547715
114726
2650825
2005199
1849055
171980
625744
576513
597189
485036
1006857
1004433
1634853
1132676
1516632
2014449
247216
2528864
94013
n 20 k 6
892
854
63
641
1018
4341
460
659
796
1479
1329
1518
154
193
1662
2046
235
100
229
1610
665
372
394
1445
417
472
422
1177
775
2188
567
743
725
218
155
258
203
3353
721
365
134
82
391
322
2299
79
860
70
1496
1331
407
1528
383
2215
3226
211
2476
1749
278
595
3241
820
930
369
969
114
1096
209
1341
1093
2394
991
472
706
108
1644
753
1750
935
1169
341
37
1067
451
188
407
467
1096
343
580
1176
403
371
1316
601
779
1763
802
852
508
n 30 k 6
380
5505
3017
6567
5146
1046
272
3060
5925
8445
6192
6217
4927
264
13547
3861
10961
12127
15630
1916
10423
5444
12880
3311
18562
2563
3487
6027
555
2171
3178
1342
2879
7252
5225
15880
2281
8155
13558
7925
787
6108
115
1238
2132
1120
216
4645
2737
6852
2781
2257
3967
711
9804
2734
4276
14186
4072
5299
4430
17209
4736
13076
10287
1644
6533
7839
1595
3713
1059
14000
1546
2976
13720
5840
5980
1724
9348
5866
5847
4320
6730
523
27558
463
4179
391
1503
8901
2479
3709
7014
10346
11560
15458
595
5795
13398
2271
n 40 k 6
104098
23503
3522
48520
6198
36386
345
25308
21776
36602
959
9211
47856
63283
8776
7987
16101
16324
45213
25777
25898
19254
18888
19660
3019
9934
21213
18511
9728
11616
14569
20485
62789
16437
5078
9255
19213
31342
7884
16833
30804
7197
35422
14527
40060
40987
44555
7457
5803
18418
1424
19917
20784
7601
70045
15861
5958
26057
7394
6441
41024
3621
26498
7265
76708
21811
116973
50092
9452
61176
15767
44659
21140
2448
29090
49915
4317
93151
7428
48410
13030
1536
105162
5560
9967
1466
59227
42070
14201
66198
978
6104
11793
24478
43117
23935
18443
37104
87057
71830
n 50 k 6
86010
94280
79645
180561
119361
104856
33692
112235
261697
242757
8992
59805
156677
29250
3561
145858
98653
88082
19148
211830
2859
94627
10879
43120
7041
126061
130051
62722
5057
203765
231052
9797
298225
81066
71721
233799
184370
219128
23641
38806
19872
227298
98724
19060
161571
113510
191380
120123
74508
151148
77429
5567
93952
457106
156188
2605
3548
137788
74628
126633
44279
162574
371034
103112
204078
70512
69893
59944
228533
91679
21079
441724
64137
430651
46028
338117
22104
271317
374055
137621
31079
95596
149043
31655
409823
26920
79626
104032
3053
9330
52983
31387
289972
191378
82940
122642
3809
26561
175952
93931
n 60 k 6
279884
19871
54401
269227
334315
210088
358727
308971
108253
141397
95439
262483
341166
558613
436417
191018
455530
292998
324323
213002
67650
80207
263411
609184
357135
529642
30618
454198
28823
499345
731689
251596
172981
66915
18019
1611102
61877
72599
124314
634870
137045
953958
91935
14306
17166
123904
1306280
417199
13164
23833
150749
114640
184478
127021
116898
238280
339308
123630
50698
157634
608425
47689
429963
275604
734381
135878
112144
71889
315073
108609
217016
65121
424641
57057
236635
20015
202293
92348
199853
85130
519807
529295
627127
376055
209761
407337
274395
93347
221745
341085
150041
372128
252231
70155
149683
339308
710966
6922
264896
667482
n 70 k 6
2625538
120112
3339754
691865
526854
84549
3258525
922283
874322
786113
2403201
123929
284964
614355
141990
4135353
463382
132922
1905844
2329488
950406
4029767
923414
84339
100761
245227
212603
505731
272297
2732600
2940404
373159
125881
1536807
676621
477856
787526
1192958
40509
348279
1143386
4826415
2927753
1799036
1186829
557201
345135
1726
365514
2962064
40318
73229
238908
208748
2487795
1686671
962514
454826
1112852
446641
802803
350314
765082
1831628
1609034
5132
156016
1204174
653854
3208715
461110
1314457
432205
434716
571838
929156
1574343
804026
286037
500363
220514
1134362
2453351
503329
47060
1426356
1142321
567261
1376837
1709671
800149
435046
457528
714243
1616783
646863
141897
540812
2044041
686204
n 80 k 6
760971
2616252
2584682
2330552
759796
379402
789588
1544311
336130
178416
2509184
1170746
1842033
301896
2658455
199491
126987
3075468
1277515
529236
1549415
495505
4222678
1060935
4540941
1371894
677125
2602816
2369455
180943
151960
4435975
6197018
1227237
172102
1318383
3355383
1590025
3677266
2499540
1141414
340338
3838849
385314
1054150
2187517
2001894
631088
936194
171216
396397
2634566
874342
1826531
664109
3924352
320513
1191317
3159543
959772
1788167
5980933
2491914
2143493
954446
8201780
1623551
176390
557305
6624275
1249914
961027
5656887
434113
1318869
5112643
779049
395041
521506
573705
6778415
2405364
626655
785466
395494
2350704
229328
74601
2498716
957198
4492711
125387
253812
1152824
6126884
328003
3637904
1204480
2454807
1850206
n 90 k 6
696481
2961421
354089
4477714
8284014
1450473
3135092
2315604
1382124
163375
3740214
393186
162547
2310399
14572518
12843856
19698635
128582
5187047
543993
978334
11089794
3383212
2031795
10422037
3394505
507742
8591704
4589038
1376652
746471
1429974
2784287
6339205
4637626
948850
1279731
7137452
780546
1664658
4722774
1328483
1590538
5454992
12363913
1837595
11054070
4834270
612955
3982271
1732232
3081197
3205172
9804437
2451783
494716
3345700
1026949
6688802
740888
8787690
3806620
1511984
979245
3803491
5495153
156302
4076353
4164694
2966917
7128998
1566570
632050
555574
11877717
24511496
2111881
2774206
1836023
4386185
4440728
14353
668300
800457
5538059
11354732
1301201
529533
9313810
532634
1273162
1591326
4605749
831747
1252927
9219045
990869
4510060
2582514
5576076
n 100 k 6
14588295
2689792
252158
1894015
10431957
2914611
8465660
23258841
14702516
6603694
7230235
7066175
2089314
5566414
2220357
9226895
4975172
3750118
7469559
2608235
1477149
19117027
411610
6324517
4955097
16023730
10042768
2236477
3112617
8266603
2691913
2892486
6028963
3188274
2441421
5005297
269120
7890433
1909759
487097
6404895
6317656
6139658
5955764
2470350
5171984
2335912
8909130
2658954
5272481
5113
1457175
1261674
1137939
2785421
14694670
10840769
3953003
3959303
1510025
433936
8104953
3370192
187301
1679477
12797210
5317857
1257823
14386044
2194782
2162384
2982992
8230846
6428713
16017568
7212616
4183749
3855102
1216134
6330660
5308328
4719705
465835
4856956
1234918
30669295
5256261
10233379
19055742
7794253
6126358
1066801
948164
4028724
2137519
5820793
16143036
9419933
823522
13140457
