n 20 k 2
38
154
262
424
68
125
118
157
123
112
76
133
41
358
196
152
309
207
435
73
70
80
190
189
72
467
411
305
147
110
204
112
102
108
72
70
143
67
238
39
52
137
216
53
40
251
81
177
169
95
195
198
120
175
102
457
89
152
134
437
45
111
155
35
234
157
98
82
108
41
52
118
185
297
128
85
67
52
56
198
274
91
76
127
106
223
360
76
122
39
213
46
243
64
125
213
81
99
277
292
n 30 k 2
572
136
159
507
642
1327
425
1157
417
157
190
254
305
564
146
248
351
251
138
643
85
112
233
344
352
233
437
332
946
364
209
65
432
496
357
356
929
805
240
398
163
213
274
286
327
193
109
394
111
307
222
290
94
257
417
251
227
106
302
242
272
223
275
221
453
321
139
359
165
560
102
537
321
198
180
149
91
251
336
1294
233
841
106
223
258
267
221
220
233
210
192
403
570
190
173
198
179
495
385
284
n 40 k 2
1035
570
754
365
849
425
381
454
1333
927
274
1166
273
314
584
546
495
523
766
188
366
731
238
473
670
265
603
158
723
811
420
581
970
820
494
854
231
328
362
778
602
295
518
616
316
165
200
218
239
628
1401
472
201
257
307
588
259
427
577
430
372
751
703
452
281
337
328
267
374
871
707
395
1413
245
737
348
202
210
312
771
414
314
341
219
334
711
398
456
1024
399
792
512
395
843
365
586
802
832
876
642
n 50 k 2
1514
973
286
544
1388
1166
681
2130
253
338
422
708
590
330
547
570
474
507
551
762
347
480
377
831
1273
800
281
616
271
749
401
483
578
517
1121
2490
311
810
1747
336
951
443
1000
366
785
1072
600
292
533
386
1214
1474
806
384
456
326
423
274
656
387
379
871
835
249
331
473
524
580
1002
1035
958
334
1423
1355
980
386
500
592
830
346
599
881
391
984
1165
1862
329
287
729
189
1233
639
376
1045
724
2232
344
378
1361
1088
n 60 k 2
370
969
804
782
2736
3810
1792
1312
1240
1038
1135
563
553
1096
560
332
864
2587
637
1998
1065
874
844
261
2271
595
1341
1798
879
697
3823
1065
4407
1052
926
1027
623
1290
666
764
833
723
1530
642
2147
1285
470
760
805
1556
596
868
460
1806
589
641
280
443
1426
1964
591
1568
1262
986
1364
374
1231
1090
543
620
403
721
3114
1904
335
576
956
855
470
1463
492
811
820
375
754
1261
1115
463
1107
662
570
1322
1758
604
1357
1306
1417
804
703
1322
n 70 k 2
795
1824
1041
2465
1572
1241
1686
1222
837
569
3772
1159
4674
703
1332
1913
573
2591
1302
1274
689
786
513
1126
882
951
1305
528
1747
672
1646
4839
1200
979
1181
1210
564
1069
749
1485
976
579
2664
1349
986
571
911
2193
553
402
1348
526
1049
1144
2435
3925
5583
1726
485
1123
891
1018
1516
429
812
4367
1417
765
3712
1054
2313
611
1279
1970
862
1125
1327
3467
1821
824
3000
714
845
2106
2144
553
1253
2593
1565
1779
2645
865
988
700
1298
692
1543
559
1506
1187
n 80 k 2
1042
1085
1753
2682
528
3194
1154
6751
2560
1142
1900
1549
1323
1006
653
2046
3035
4201
1199
505
1142
1187
1077
3923
1627
1689
1041
1083
1360
1037
1880
2321
2780
3431
1891
430
3395
1148
995
2643
1758
1105
2053
1250
3057
4160
886
2427
1778
861
5312
872
1160
1575
2505
3196
1256
1096
3935
1394
766
2563
1434
351
2397
3514
1011
1793
1410
791
1679
1485
3591
950
1166
657
2324
536
874
1100
455
3178
1190
2161
911
1148
854
2644
1800
1318
2176
1367
1471
1571
1254
3733
1869
4045
1143
1767
n 90 k 2
1890
686
1353
12102
1488
1912
684
1310
1102
3994
2862
7300
1443
2067
12276
2073
1652
1132
991
1688
1777
974
1929
1832
946
4788
1206
2569
1361
1258
771
2661
739
1292
1006
2350
2071
1644
5295
2405
1220
1498
5849
1285
1396
1850
1244
1198
1025
1574
1310
7620
461
3719
2294
3979
5123
2860
1057
1439
752
924
1893
8519
2623
2689
1697
2452
656
2082
995
1727
1681
3115
1406
1371
1376
1905
907
1427
1231
4229
4026
6358
1814
1152
985
2130
884
1284
5176
1398
3321
3341
1880
1460
2131
1737
871
1738
n 100 k 2
2230
1731
1820
2307
5580
3849
3906
2285
2197
746
966
1749
1789
2649
1597
1126
2953
6069
5169
2652
1206
824
1093
3399
1523
1912
1214
1751
3471
3565
1868
2481
1625
2045
1092
2722
4931
854
1249
3760
2869
3289
3084
2558
2543
3132
1095
9072
2410
3383
3011
1161
3165
5108
4244
1289
2012
4280
1761
7148
6424
3225
1437
6173
2692
3664
1210
4265
6623
4753
4001
2796
1222
1810
2816
1815
856
757
5510
1476
3271
1482
2061
1913
1880
1571
1243
2208
8614
4278
5475
4052
873
2741
6137
6728
1691
2316
3435
3006
n 20 k 3
194
209
571
54
78
21
171
319
181
50
34
231
132
563
178
178
116
214
378
318
220
51
106
183
476
302
510
170
1028
454
774
88
423
293
111
303
330
318
406
400
386
78
86
113
127
419
516
316
480
487
205
174
167
217
144
820
215
133
168
280
118
131
408
782
286
118
151
351
196
389
43
158
410
603
338
123
137
654
247
197
520
152
388
107
265
903
136
80
1002
357
127
588
312
1271
75
70
350
157
670
138
n 30 k 3
2126
347
363
1475
1732
922
221
440
930
300
548
595
1467
2879
632
308
588
83
134
606
242
1733
513
1657
533
1176
152
630
620
255
251
494
380
1866
1393
738
229
522
394
867
337
477
271
493
788
1665
1437
217
476
320
199
1437
1237
906
129
1846
715
2001
221
1222
679
1312
619
1290
1586
676
513
455
1002
244
2228
1173
590
634
724
202
108
809
860
497
2969
155
665
676
147
1068
174
389
1563
465
254
1468
253
441
152
186
711
344
487
2156
n 40 k 3
4039
1695
1955
1600
482
3210
1656
2861
615
2249
751
1177
712
556
1783
260
854
1704
4184
596
1303
594
1326
2238
741
2189
519
1064
675
237
1759
1796
595
1085
724
1052
2006
926
482
4656
3082
931
2895
2243
2699
476
2221
1788
1805
6502
1813
1630
1420
1251
425
1659
1641
7660
2110
952
3078
1834
1847
1143
1033
631
2864
1235
1254
1057
3269
909
3768
360
686
1146
1593
288
643
212
581
815
1742
540
590
396
3092
132
1319
4150
1716
4602
537
840
1465
2289
311
3743
429
2133
n 50 k 3
2416
10107
9241
1767
989
1890
6812
1536
1284
10238
6035
5648
2835
536
854
1664
5676
14824
302
2991
3165
980
1265
694
1982
668
9467
964
384
3991
1204
656
1560
1860
935
934
1816
1822
602
1153
3585
543
414
1929
487
1394
1599
979
1434
979
4068
309
6292
2565
1149
4395
1572
695
1493
7709
3520
1801
1688
1510
1001
3720
2443
3388
2243
431
4877
1970
1450
6591
2785
6930
4884
567
3525
3484
3108
10385
7151
1936
2187
1564
1691
1049
2058
2046
762
1830
2575
531
5977
3161
13509
2778
800
2020
n 60 k 3
28109
4194
4847
3100
11261
2951
1034
3662
1590
5143
5183
1074
9058
3383
3095
6346
3016
1668
3527
8743
2928
30813
2648
1408
2427
7150
5616
6273
7206
15002
9954
6591
13824
7440
1478
9496
2368
2068
1789
1840
2452
14333
1297
11364
1213
4679
5724
3329
9095
4191
7477
2109
12840
3629
6341
6210
3752
2721
555
5960
6976
769
3195
7022
1663
7208
2240
12450
3926
1472
5973
6047
10332
7958
24329
1309
2404
12160
16126
4048
1736
2489
708
6068
2787
714
1253
14235
6315
7548
708
13467
3267
14731
4578
4001
5496
3011
2050
3799
n 70 k 3
13349
10506
3299
3242
1267
13950
9303
11001
2488
8930
26325
2228
3577
1889
17485
1803
17020
30929
360
4678
16360
6472
19016
1136
3218
2883
2515
7028
7994
9769
14708
721
19397
4027
21705
1631
3782
12078
10389
7977
17862
14374
5539
15414
18012
2571
9201
6119
7289
22037
13692
1520
15371
6463
11710
3024
5564
2636
14945
10765
2301
1236
1489
3526
21830
4626
19033
4575
5713
29470
2410
1699
4561
23025
9149
5864
4834
5922
9122
6204
7206
15021
7182
7099
1139
8890
3901
1777
3878
3539
5916
32970
12490
13643
1128
1905
24406
13712
30036
11882
n 80 k 3
11900
10340
18791
1883
23208
8011
5998
22530
5872
3119
11620
20782
7120
1693
9548
22314
27526
1476
5177
5913
7449
2535
2802
18231
9683
2593
3343
2752
21097
14299
10776
2849
46258
3198
23273
7404
2745
19100
35200
1395
92143
4624
2967
16203
19619
2090
2817
7823
9275
22370
11757
1287
1719
5548
9394
37447
5716
6488
33155
15016
11547
6377
23399
44999
6696
13266
5599
5978
23442
4615
45685
3756
862
14039
4368
11602
14017
5355
13469
3528
10457
22526
20765
4161
9813
5580
28871
2151
8955
32988
11437
1068
4298
5993
4601
4505
5364
7420
15859
2461
n 90 k 3
22230
16573
42590
3985
9815
4328
20544
5355
7156
13826
18819
18468
3917
2735
2069
18043
3746
5028
22891
21133
5694
42604
51023
8325
22133
22617
28812
49322
15979
880
17420
8336
11524
11507
9970
16935
30443
2827
3744
3774
11810
14973
23558
741
2403
11930
1038
23618
20452
19988
3010
41729
1521
18600
1645
9837
70495
7921
19152
980
7287
39692
10105
9737
10114
11398
2354
9716
3316
4146
6034
36867
2442
2801
8568
3373
17710
13629
3714
18217
36206
7353
1915
7467
6334
19977
2062
8200
48209
18392
7678
19242
8073
3054
11928
6515
16470
41478
6578
15912
n 100 k 3
4191
12186
60081
29598
14743
6349
14780
5257
17744
4479
65728
7164
15401
14336
10300
20678
16818
18094
20600
18921
9767
13467
8368
16281
33006
7642
4612
28471
27156
21268
37010
4095
19958
16210
62556
29099
12778
4317
33236
4565
19712
11090
1963
35562
84398
4715
21387
3622
14959
34308
84894
22866
11496
14636
43617
61462
19860
14384
18111
7913
21434
16297
4949
10920
89414
32035
27994
11148
15558
9625
9442
13492
4563
43827
1772
4788
35913
33903
25386
20046
76858
17141
22395
21386
45318
14504
62147
21708
27255
13263
32343
4220
17578
13583
9081
27427
14507
12687
17150
8136
n 20 k 4
74
292
1083
1300
1621
865
210
428
762
485
205
378
377
103
413
667
441
290
819
1954
381
124
480
440
113
185
312
920
729
308
782
213
136
692
769
568
771
498
537
1015
342
855
321
152
256
926
159
894
783
297
1167
245
535
838
82
1119
940
313
141
181
159
397
423
501
270
159
569
2195
217
1865
252
1765
373
144
579
288
474
337
387
561
310
153
353
401
378
238
581
249
958
249
597
883
657
340
747
530
84
237
1183
310
n 30 k 4
3303
128
846
810
1642
2091
1999
814
3402
1773
275
3895
479
7026
10019
988
2213
1098
2070
3573
792
460
661
4543
1176
492
2524
784
1272
175
439
2151
4374
934
2515
988
1417
2067
1819
244
3433
1205
901
2778
921
6725
2889
1029
346
803
1208
536
4753
2016
785
1369
748
1590
264
3023
3089
3779
456
1514
2530
5130
570
282
5226
2854
1584
581
1539
474
2140
1575
2986
2221
2111
634
3588
861
4875
782
2587
804
2183
1716
643
1221
7493
210
1218
1078
1129
547
4948
578
3432
858
n 40 k 4
13828
7833
1184
9370
3018
14801
393
2388
7006
6451
1342
742
13613
1544
2313
4384
1005
2527
9062
1024
5563
5827
16111
9498
8209
7839
6340
224
265
2520
2951
4529
7814
6450
4116
23131
4618
5118
3276
15611
14795
4796
13963
13032
3998
6416
5869
25211
3221
1962
1551
16751
10427
5213
5153
2478
4150
9121
933
907
3069
3670
538
1481
3430
4583
15502
3690
18878
6980
2719
699
5171
5221
7176
1304
191
7891
7572
14730
6147
9474
344
496
4947
18315
1357
19276
7257
7229
2633
2855
4674
1755
770
5916
6583
2563
2931
469
n 50 k 4
15673
50299
19389
7775
12343
8837
2291
10284
17267
19240
10849
13700
668
3432
7332
23774
6412
5506
12962
9912
7073
21357
3105
1805
18135
4950
7588
1814
24896
21965
5591
13647
28838
1868
4834
1244
1105
34791
2913
24387
8327
973
16413
9309
7428
6253
40205
595
12570
1842
2130
6669
6066
11979
2168
1292
5877
6079
2803
6818
1918
10357
11701
17812
10222
11247
4900
3032
25435
10780
2765
7018
27323
4122
12945
5345
2137
17034
13140
1750
8379
34630
32326
40013
7367
1410
4492
7785
2910
3081
4110
17398
10422
14129
4002
16549
16113
22793
4611
13891
n 60 k 4
12570
1657
69734
1576
2935
2807
4551
53846
17017
14384
32981
4097
47332
14888
4441
26592
37976
16689
21363
68070
20749
60375
11964
6677
9319
22707
13383
16571
49235
6639
11560
9866
4861
2003
18514
1537
24950
19479
13165
1030
26914
12142
40404
38297
30287
5020
86951
52088
14806
13133
21655
8861
10305
27454
13736
22136
5619
3236
20256
70405
14276
863
41021
20242
88741
3279
4250
20409
5702
17757
8466
10247
12266
35946
69654
14090
12917
12969
9918
49261
18507
19040
6742
14109
21805
17643
33615
59625
9350
32795
7364
44025
10462
2180
3421
35858
21619
13086
49329
6609
n 70 k 4
169001
4206
66545
32334
21376
11758
15387
19974
20496
34114
36799
70780
14929
7858
12189
69130
31847
27663
73866
27252
29610
68052
78902
87452
36676
38225
43946
25487
55117
31432
17816
46026
21421
15065
66501
20956
10778
59145
61330
76855
9144
3066
29189
29085
70297
27762
23322
76906
20644
3390
40520
4358
8645
1128
4156
27419
10476
59479
63139
15470
14442
53753
24916
92503
12273
16060
32828
47022
9037
36479
11953
58110
101152
8298
43370
95658
82576
64139
33583
75168
14020
61221
78224
3603
23396
73661
121960
86014
244525
56604
17152
2849
57700
12759
114849
72264
150289
71332
59461
81916
n 80 k 4
105529
72800
3657
62380
95718
8297
76259
47627
11633
71756
34970
28271
41532
16070
27381
197277
45551
47064
4566
293830
11141
35653
27951
39961
119730
16440
48750
49988
11546
106728
183410
61813
28159
231886
18190
204570
24582
54483
7493
96704
27596
31534
82445
91467
85388
46370
52868
30998
19527
99066
107177
87639
14852
83286
4986
74738
7359
71157
200573
4664
69726
67553
121353
97882
84142
99152
40476
7255
21113
117518
98042
71783
12660
34692
111210
67321
36144
29806
289546
123506
107154
117209
64897
94369
96347
9995
21588
84279
8763
13883
43594
18958
26585
123474
66346
8782
47723
77915
5528
148920
n 90 k 4
11505
66990
27267
154829
78983
69283
177344
174428
45011
24354
394063
195046
23593
51046
36135
48048
333647
26620
3365
52340
84283
145602
89770
118681
169908
187221
27554
34841
33737
9086
467378
37651
158740
123376
149202
92158
54567
169301
32090
155782
218061
25742
61108
220216
21684
105623
36666
85645
20122
109206
120720
55612
22994
63779
58245
55213
145771
317365
117487
56774
74722
168781
150864
16708
218806
76835
79128
33139
58537
238657
156078
52738
14344
47992
163261
191919
36400
53974
97422
11539
248373
95997
99486
240406
227503
30172
25540
97764
247413
101513
18187
21574
114024
228951
110647
38503
28985
80999
45336
135613
n 100 k 4
49682
17612
267138
41747
87682
52711
80560
28381
78466
4250
59958
100848
60612
110396
311735
30110
66918
62085
100892
673312
791327
55248
250854
23848
101794
419115
216596
162821
98064
34316
357070
179662
88235
108707
256166
27852
56099
41823
40897
87089
195356
353302
347023
17957
193928
91382
554842
95013
62246
261130
77098
127666
24254
58462
147489
256850
19112
249836
76277
153085
326225
326877
292802
386491
313450
436041
63872
76705
147926
116055
67390
9783
98554
109144
300124
191962
903957
181201
83302
111448
92662
173203
82434
5161
22023
233201
54839
98438
136740
63330
48588
220713
105399
5347
297255
156400
11963
94860
5948
90264
n 20 k 5
1593
1108
492
937
718
998
338
224
112
380
837
241
589
1093
1166
1179
306
490
273
1436
103
299
266
2161
1425
1772
2272
1600
3404
693
389
217
1129
926
1258
1504
1209
989
3662
417
151
145
281
278
59
381
1451
1446
920
261
1030
245
1076
718
339
964
84
993
269
1553
409
676
450
738
1032
159
765
135
659
712
133
826
432
1931
249
810
1257
284
266
397
385
1606
496
754
191
60
163
1244
315
542
978
1721
42
303
166
864
595
212
1163
219
n 30 k 5
780
1662
2260
2710
4128
7546
8907
7166
2287
418
1588
1233
8473
1896
5611
3155
826
4103
1649
1675
5922
8279
468
1015
1991
5304
6022
346
484
721
2336
3171
1873
4124
2459
4059
1335
2620
964
11588
1977
580
1018
1768
7311
3627
1945
2318
1578
1178
3558
3803
2725
891
10795
4476
6136
3069
3522
7934
10686
2103
803
4241
2598
6679
378
2022
1061
6994
2285
11324
304
11457
9328
2640
1730
496
905
3645
277
2895
8800
2518
4890
134
4378
1854
4015
3983
573
7397
8130
12904
210
3000
1715
1436
105
20125
n 40 k 5
5601
1063
3341
16852
8918
8826
8870
4085
2855
12027
43708
1572
45316
25160
3975
580
7956
20477
4406
4519
46454
24460
21488
14995
29302
9517
1850
10992
19762
21214
19686
2125
59245
1705
1780
5064
46202
24303
4474
2455
2434
1364
15686
5246
38681
15739
3744
30210
2768
14538
756
7745
28795
8939
4332
3627
13784
3908
37723
3940
7264
16144
17022
21956
6308
16435
32642
30257
19979
721
7066
3489
6755
11658
14936
7540
22625
6484
1507
19252
36251
11869
2992
28450
19853
12340
10151
5328
9962
1898
10421
173
13913
65404
6809
2002
2193
5908
16403
13996
n 50 k 5
8203
4442
56780
19004
85348
20446
16595
128953
36542
76066
29077
18392
31566
29846
41585
4081
36781
13149
1940
47547
664
31897
61665
76466
59157
36133
8294
2997
38232
7655
10784
724
2742
68225
3594
35252
2523
3785
143433
54497
36177
25044
6136
44766
91636
13072
50317
77919
4037
7276
63916
101332
20382
51747
56009
27874
40855
52041
46634
75718
22187
50865
43530
76565
75274
14104
41705
11935
620
43552
4492
23878
9305
40589
9759
33038
7999
8118
3524
23326
167627
43932
6299
20627
21690
14917
23992
16169
27273
61207
9771
3854
8179
13283
8792
1653
11293
21535
17578
27838
n 60 k 5
92903
72168
65441
131021
30840
231577
22122
210870
384216
19084
93362
106398
276873
40707
96233
38679
30750
26454
204360
2352
25826
156567
12158
63908
111912
164667
118045
43953
65367
195080
105211
26036
127652
170430
42833
59606
27703
87541
32698
64728
95089
21269
89838
436215
47086
6512
143705
79134
141642
144117
101454
13251
112150
167184
171962
197147
107037
105846
53174
45895
49478
85743
179963
142815
189885
108929
96579
62927
323113
8859
38545
85406
147585
38665
42245
11039
185143
292591
5962
5656
50059
80245
138599
39594
17789
93234
11212
94512
415098
38733
58551
183723
7999
139197
187777
13710
91345
62512
65308
1891
n 70 k 5
132538
12173
157476
121440
79073
13747
95958
27045
308126
510437
31260
105291
145208
192913
192817
276635
289801
325599
193207
235491
445319
329293
261897
43486
544879
476320
140020
86136
175011
173900
579208
210303
318140
242071
10937
32654
210480
3959
514894
21689
88241
35120
200167
517671
57889
171081
52281
68066
130402
142687
171551
66409
17722
1125302
347586
187457
44073
177868
374993
3565
207695
42218
32506
57253
88982
7568
92217
15448
613326
33182
761250
58626
231197
582279
84218
111310
99483
86041
82456
426754
51928
584402
96032
26089
92315
183009
311006
276218
10283
97885
134039
873819
630152
60316
15525
207431
432350
63752
362261
73169
n 80 k 5
310018
572480
196214
126154
1126069
346241
166205
1208863
71587
29299
35283
478312
574777
342958
1938521
146738
142786
505174
1440
584394
294024
747564
180590
253362
887916
132009
693897
194373
71520
92560
128128
314039
477973
460862
45098
1054532
340261
28586
229879
1419308
68820
29433
20773
413501
1191498
206894
180605
73242
142737
8330
1918665
144433
478157
210073
365767
31837
115653
40442
888554
776571
165805
752453
518968
510291
1009806
692452
536580
2807
74424
312260
117286
572291
44452
124997
44767
829162
892849
130887
736171
153533
719099
497445
105713
33520
34530
21137
123185
103262
548377
674273
389408
989752
93431
3546
149210
86337
718029
522723
66042
212667
n 90 k 5
419614
351640
1693831
22985
422309
766215
160525
27801
111558
1943023
286645
527737
3144795
55757
203216
36801
449841
214662
1863681
1203819
1308322
1165879
627923
297511
496346
530518
690860
528542
19702
261018
353431
3057553
608051
1319297
484701
154786
2142155
1843293
75611
198222
45475
282398
182046
2583796
103574
1222413
135954
450924
786438
20793
508215
2417211
637948
1139985
452271
1706453
632096
37352
169778
930645
86945
283852
1897907
240194
205394
1425717
532683
467748
27788
1201918
1063426
576765
512866
866952
46971
1448026
2729074
95510
1267207
1007039
3331693
167948
71172
535116
351952
447896
474029
219569
857730
319721
233106
341657
462548
769068
1249922
329457
1229930
120993
51708
461574
n 100 k 5
288738
2214741
548052
209950
551672
969943
599587
771380
1656737
1407426
197358
1398922
107289
693292
5288741
1624105
29134
685797
470907
467094
50057
1573841
507256
325963
794575
466924
2190534
1387260
2356332
1923344
2090067
307978
1089930
87397
511237
554134
1480107
389997
1308092
141582
973425
710766
387070
646678
14614
245231
684350
1135071
30943
849085
128704
873336
295509
2328658
6505546
835250
763571
239977
3285591
499385
1422042
1913062
187580
1872351
1413610
502222
4865776
1405977
871472
253747
318692
217767
2551051
550428
393441
994127
469707
269632
2389354
344719
3672598
18857
621974
3845314
247743
974185
347177
2429535
1456532
1322802
1164711
1459235
263257
2580517
580388
1103856
209998
2321654
639305
958469
n 20 k 6
229
2724
141
317
524
1675
1374
722
2499
725
1180
303
208
60
1095
439
754
293
987
793
699
290
2355
2392
2421
751
128
459
430
117
2177
481
372
1642
763
744
627
672
794
849
1050
2069
346
2355
288
387
1931
333
551
360
60
189
661
85
1656
420
688
775
377
1333
678
425
1199
260
319
229
617
113
1396
2864
1491
2357
654
3680
251
1674
894
206
239
1167
78
232
256
603
105
69
684
149
366
318
121
906
1682
405
142
249
265
185
163
590
n 30 k 6
5987
13604
28785
3838
10147
4679
812
905
15785
1682
14846
2390
2694
13223
9995
10029
28775
3568
197
4146
701
8564
12112
7870
279
5718
1844
5908
2224
3251
856
4819
4030
2104
18432
7524
1025
1306
31291
10472
2625
7601
17224
8051
20476
2950
1028
14202
581
6174
7425
9574
5014
312
162
1215
16927
6828
4041
320
1542
1171
4230
1284
3409
989
17936
21744
14400
3605
3637
3060
4495
17334
1905
684
17778
15679
8184
2965
4259
4783
3635
9031
16275
6882
11218
3834
23975
4089
11963
6974
12462
18718
5791
133
648
8045
7368
222
n 40 k 6
29795
41133
186788
19565
33172
35924
56951
54418
87671
12868
41892
60023
2871
67757
43178
18112
1074
15195
19132
26444
13873
687
834
821
24911
114110
7125
15001
11366
3842
8607
33915
152639
26617
32386
14533
11534
16768
9761
9983
69150
17065
15777
23798
27465
38663
56504
5318
44051
10441
138224
28484
13974
34496
18505
16936
71608
15170
54704
3651
62601
93694
33539
21182
2010
15753
1304
23318
59897
2973
37813
24649
6156
72957
100779
27894
65332
36159
27925
14961
43040
13863
45880
7391
815
5845
60816
177173
897
5377
40758
39209
13020
5911
665
458
17621
84743
7254
21641
n 50 k 6
13297
23343
81985
30430
11177
85935
39670
3304
319218
84126
121767
42293
56038
89635
58410
50695
317125
48050
136896
265184
168469
1027567
206679
257115
13120
158473
93713
125187
40169
126812
230299
32277
85573
164465
172847
24640
29964
106601
39401
112631
3777
147502
125713
86614
100870
71294
165930
11013
232815
746337
4489
52299
27637
83563
293137
206997
38004
17666
7519
164927
329740
50450
111370
66598
303072
173636
54776
91555
203060
30205
18720
2615
73826
15601
269580
137469
4247
50586
26706
101337
23129
57320
109287
100243
64204
73695
122493
23315
85400
273088
2255
1147
24267
100727
102814
75052
42286
91759
25745
56526
n 60 k 6
711648
901852
290879
306466
1585
524167
353648
11894
2284
70109
156638
314545
845207
357902
721567
375917
65410
39456
159074
363429
42191
283729
161953
312747
217523
175164
148951
669320
225217
961550
13683
265359
202413
57711
39035
103981
759137
297722
42633
262040
175519
48605
445880
524636
1149613
512779
197402
133281
128064
12891
76399
610527
113863
28028
178236
497063
410183
126730
140949
253466
396230
8708
534234
71359
109539
10402
20144
608393
608116
204479
544425
9582
30560
2826
377761
427529
695353
260001
15819
62729
59535
928406
286423
39434
123573
315540
1060787
478273
438425
131936
237202
350014
38041
93646
38389
1045941
180760
59779
296268
489237
n 70 k 6
626370
426106
793074
680476
218973
1744067
820881
282923
503982
329166
134037
157209
52194
235869
1488262
409875
79457
866269
87727
66112
70203
396541
991797
587877
72843
501301
2385085
226542
491594
3362651
560948
162011
387776
410443
119200
691517
2011508
2190190
305280
305422
1598321
2185343
840981
28903
929185
321491
865976
1541416
1383371
842829
511030
178518
332436
1098488
1744193
259102
2348574
981374
71151
1361480
3129913
645078
192741
1392068
385437
798965
1716977
543213
174733
2202477
1100671
1443407
947984
432963
170337
565445
158349
2115264
796189
917618
3346440
1392198
3329508
2258098
299023
676497
15686
1045536
86631
838297
1059688
841977
1737802
468815
755111
605886
334814
641596
7771
427542
n 80 k 6
938645
347453
2987877
935174
749742
1579006
467811
889837
690836
4311522
168477
93861
595483
776672
716850
390676
2551650
1169201
1278880
1893478
1544883
112632
639099
5478414
1137125
2019187
109108
305703
1318933
6936767
288415
1206123
1459737
563278
4797777
86645
1663768
250779
3334785
407041
6132990
2917605
397664
2253944
706227
2184829
642697
4030942
1085496
1924123
489253
447992
960335
10870052
6945667
1187506
276315
46153
900832
272544
454740
216582
1962828
1756423
471991
504216
4627989
1166962
415114
4462010
803590
939448
114333
1544331
4556036
2502833
4428355
2934933
5986195
3739757
126053
469088
13434
23809
3648771
339254
6744934
1098129
3336918
1384130
5584614
894138
1937829
608739
2301445
337322
2940812
4898995
3165782
88594
n 90 k 6
11903402
1248988
338305
1897434
6483003
2346604
9937860
152154
764560
3624529
1402036
18369
18440
2207877
2094677
293339
4756834
1840358
2768293
440185
194139
1295332
4758123
7610623
2977274
1712554
426072
4370848
9926716
7511667
3466561
567961
525396
1798013
279983
3703986
2950024
803524
13863164
6762412
469642
2449797
21572
2759619
2986153
7139103
842422
12253996
8585997
7316266
4382730
744340
2070606
8034813
2877129
126187
3990767
2695330
459393
6382397
4571643
3415311
12243135
900252
6388765
1192917
7022390
5313344
1074698
104803
1323072
1014973
14436652
1053438
1470755
3997003
1152744
1449811
6725913
3285724
82037
6853725
4308444
7817961
3260655
1719757
3067317
3026100
751670
1613003
2232820
9726723
7190243
6790064
1703057
1173474
1918768
1707967
6502377
5509119
n 100 k 6
29321681
4650782
6850675
1958468
6362680
16072579
516026
5754911
8440677
145670
2313084
6686845
2585818
262238
2889720
12550763
15620757
7906004
1056071
687481
31155658
11538827
297826
28318912
451350
13370058
3086716
4159966
1173899
1844339
1903549
5852782
2805343
7962892
27744156
12116442
5120229
5915095
9859005
349660
2432482
3549155
84815
3506522
512857
1098426
14277029
176852
8762803
1454589
2951861
7387399
1335337
3518632
2025040
12036954
1485028
2425917
923306
13129504
952981
4308962
4421232
2070233
7851014
213333
3051494
2755934
4151783
2972856
324191
22980296
12271599
3725110
3797263
4165036
3894318
7909537
2760635
180969
12273776
192456
14839587
6143364
7321987
9985218
1866475
4294385
4865386
1547247
7612613
926628
10683790
21496980
2763770
751801
4973516
3446991
3536250
4144067
