n 20 k 2
257
186
276
199
88
165
80
83
233
172
121
135
84
182
311
87
196
537
79
110
116
101
139
206
223
91
237
167
124
165
110
150
262
219
58
128
191
250
211
165
300
48
126
75
88
169
137
73
333
271
230
266
138
78
62
209
294
125
169
238
119
134
341
90
138
437
67
99
111
255
205
93
96
201
144
120
383
83
125
211
149
154
441
123
293
144
1022
99
153
169
111
214
106
226
164
52
69
123
71
195
n 30 k 2
477
385
460
483
273
437
180
386
206
111
798
185
299
222
200
244
505
183
601
398
340
524
173
225
234
536
230
526
583
619
155
232
261
658
283
197
239
165
377
315
157
186
113
180
221
323
322
508
602
379
236
118
137
214
233
671
198
223
551
51
516
229
134
228
499
180
143
228
199
177
289
303
327
253
233
142
556
166
244
78
683
449
185
101
436
376
201
81
561
988
308
824
399
234
365
287
218
465
363
1018
n 40 k 2
1352
573
269
472
236
1409
315
236
719
714
1462
855
1552
652
282
687
229
516
346
652
323
989
400
306
684
1141
436
395
487
302
259
935
496
218
409
625
374
599
634
545
221
88
489
362
835
1335
909
595
600
597
187
265
1543
360
737
439
299
778
489
706
1084
321
297
258
616
491
1140
384
614
1151
245
339
369
1103
320
247
425
246
328
200
747
393
198
387
352
294
707
738
142
1245
213
995
1643
222
407
609
346
1097
205
411
n 50 k 2
681
621
753
303
501
785
1248
3522
505
1227
653
802
225
399
479
562
637
576
232
332
316
477
390
625
213
898
504
334
2191
671
1275
233
702
785
2143
272
577
642
562
311
766
1272
1278
2740
620
751
746
438
1112
1169
255
1645
651
840
718
491
2949
1054
584
533
338
433
415
741
1008
584
1642
378
288
532
629
361
228
694
702
288
1110
948
1194
1401
1141
330
897
777
596
1225
391
874
1231
374
564
205
258
369
1649
638
836
261
1726
1537
n 60 k 2
596
570
2744
562
672
264
421
1663
835
724
588
2259
549
1044
1324
926
1132
424
2103
1060
935
322
543
1324
555
2527
690
631
1069
1479
1291
1737
1052
2695
491
685
469
2818
1617
1096
880
856
662
367
728
764
1641
1229
689
1453
633
621
1213
374
1572
457
2747
1321
391
691
2592
1082
1237
1173
1431
464
669
644
556
361
827
1825
1492
1239
2529
1072
806
1019
1131
1196
960
1394
858
399
583
609
1199
511
577
1156
720
620
170
787
806
2345
425
1050
401
989
n 70 k 2
709
1139
1348
443
757
1575
2803
741
533
1179
1722
594
765
1261
3788
545
700
458
1865
1634
1043
3067
659
518
958
3062
1500
1815
1421
1042
263
880
1966
1937
994
1039
760
681
953
5782
380
598
2304
1188
903
761
2740
1750
4250
752
1374
616
893
815
267
1699
2656
3979
869
1221
1297
1171
1180
1002
2388
714
762
1272
1744
2751
3934
694
852
1618
2107
766
658
980
1924
771
1354
940
472
961
1559
3353
1268
487
1103
3470
629
2377
4535
4283
725
776
807
1071
1366
1183
n 80 k 2
1667
2302
1611
1153
1959
1449
2862
1329
1301
1139
1965
1142
872
1089
1330
869
560
2071
1379
2488
4210
2172
1413
1142
1845
1052
1335
1189
991
1787
531
2863
923
1745
1741
701
816
2189
2627
1381
1968
1361
819
656
799
2455
1243
1520
2248
1471
1255
916
3191
3535
770
1062
5387
1870
872
2216
1086
1734
4153
593
1140
1066
1424
5447
879
639
3086
481
2144
1828
1597
1238
852
1431
2858
643
768
1800
1132
2042
1675
3668
490
2218
1292
1400
877
3106
2316
595
1902
1651
704
1701
1636
1074
n 90 k 2
5349
1460
3549
4082
3822
1643
1577
1613
771
1781
806
1008
2173
1047
2714
2192
3046
2177
6081
3376
2773
2149
2746
4707
935
6703
3098
677
4007
2020
1649
2423
1578
638
1179
2694
1474
1576
1507
564
1289
1675
6384
3131
1766
1961
730
1306
1209
1263
5263
1595
1817
808
1185
1610
2238
1951
3079
4417
882
1646
2489
1903
1702
1970
740
1923
5687
2783
798
1609
4266
6130
2235
994
3487
1692
1224
1957
2964
573
1759
2448
3279
1870
1293
2714
1532
1727
803
955
2919
2646
1912
1134
2908
2211
1748
1085
n 100 k 2
1022
1109
1052
485
3710
2558
10700
2991
3575
1232
2706
1794
1696
846
2729
1269
1567
4404
2259
2133
8432
3002
2239
2483
1605
3352
3793
1841
766
1670
2108
9496
1973
1453
1992
2845
1208
7597
5262
2379
1126
2288
555
2245
3440
1797
1654
2979
1967
1256
2269
4903
1698
3928
2566
2345
1135
1194
2408
900
1679
1369
1632
1452
1798
3065
1843
4294
1334
2066
6528
2314
4312
2643
1509
3570
4673
2936
2824
1793
1650
1280
1287
1985
1449
1184
1270
835
1742
4573
2869
1462
699
5098
7096
4783
878
2141
1754
1761
n 20 k 3
295
147
1362
112
169
91
414
452
188
244
217
400
540
338
415
467
68
115
596
58
353
495
222
802
183
815
88
205
100
500
345
459
136
42
212
80
382
177
535
157
240
133
521
1340
331
102
81
29
78
101
233
190
320
144
499
163
301
182
737
300
497
342
841
91
343
122
395
101
652
43
669
119
460
62
49
552
234
523
318
198
190
371
28
311
468
21
347
121
164
192
390
179
2165
460
381
251
296
215
421
185
n 30 k 3
1319
1632
1710
158
246
362
928
501
1342
2061
448
329
127
354
1477
413
674
681
291
479
712
539
325
577
1570
212
705
112
737
732
1135
279
244
903
723
575
678
395
127
4486
3217
1207
631
427
1885
162
658
1138
675
556
241
330
336
67
560
257
388
628
587
390
1153
1079
1985
727
168
3391
338
844
243
944
422
844
1764
463
814
1333
214
1347
1543
119
184
1761
790
1733
742
948
335
948
826
398
1308
736
1695
618
180
843
131
608
1644
1665
n 40 k 3
2337
2554
908
3599
381
5086
321
3648
3002
425
298
1174
4790
835
1676
429
2137
1664
1776
802
1306
2711
2015
2470
2852
688
299
4731
162
3097
675
3213
2452
887
4120
1846
2469
1270
487
68
349
4036
3067
650
3722
2091
541
2979
974
615
1544
1738
2303
1692
220
1608
339
3301
2640
208
7054
880
4185
2097
2951
1990
263
952
2035
4644
890
4898
8648
1651
271
795
1070
2418
295
3796
589
1207
1863
2493
2884
416
764
2443
1160
1246
3045
2889
3478
420
651
2241
2489
788
2929
811
n 50 k 3
1933
9647
3668
3948
1459
1816
2036
5261
3048
2075
7143
735
4287
4719
11955
1758
2667
3220
4324
2822
1545
4065
4297
10536
1957
8786
4409
852
13511
3206
3630
6184
4780
741
1491
1583
12275
1450
973
3983
498
1298
2012
622
1099
5002
1855
5988
603
1301
4712
846
454
464
1247
924
1782
670
1434
1341
4799
1198
497
3745
468
1275
879
6785
2604
494
1521
4164
1642
7811
799
7452
1086
2655
1133
949
2257
7248
1967
3994
8036
2305
540
5932
1499
7663
2154
4917
5829
2201
1336
1479
3102
6480
1874
3177
n 60 k 3
10506
3301
6385
5293
4263
4980
3278
7494
1471
4602
1300
3022
5809
1069
25483
3156
1702
3583
9632
1536
2159
3629
1204
2355
4549
3720
10550
3325
1567
17157
2549
10797
2682
16706
2739
1970
11227
1444
1539
868
9464
3444
9288
4389
4584
5001
2976
6858
5612
1528
1021
6629
5367
2779
2814
4038
2544
1000
6960
1387
6080
7281
9943
3095
7977
20901
5853
12918
6532
1244
3347
8686
3045
6051
4262
12209
7899
8251
4893
783
2038
3459
956
2284
5657
8398
5166
666
6313
7493
542
1134
680
2646
4989
1713
2892
7490
4578
2360
n 70 k 3
14924
6865
7991
31723
5392
5986
3495
1179
21006
3504
5553
2459
1816
5297
13685
6024
13603
14805
6560
14798
3832
4445
8606
6885
1327
4277
1833
6328
9581
5115
11000
3385
7463
13637
22535
11065
11446
1589
6985
1273
6312
6520
10715
6163
9741
11643
9886
1390
924
19899
11199
2455
9466
2112
2665
944
1413
19732
1515
1130
2528
2546
14936
4417
13920
4829
6869
4333
1153
1748
7979
2143
24491
2710
11624
3696
2163
1466
5948
4370
3531
9992
2132
3520
19580
3221
3233
1116
4526
12896
4051
5122
4031
5202
15196
15648
11920
18084
1572
1936
n 80 k 3
30066
9001
6041
4838
20346
34407
9959
28518
9226
20938
5222
8783
26512
27039
2566
3050
7732
5390
16743
9677
10318
10132
5575
6008
8706
7171
9897
4161
9166
8253
4238
4292
7281
2240
30080
4795
6512
10107
11208
15973
19213
6565
23902
20701
7612
28570
2914
3226
4717
15925
6616
11511
5131
46514
2962
15014
1440
5340
2338
8286
9185
28666
5987
10442
1417
20053
1574
15659
2665
31346
14447
23304
1763
7468
6419
41223
42723
5687
22100
41920
8267
5451
3208
53053
9269
10554
14474
23488
6161
13767
22710
1878
3874
12425
3782
2401
3666
2701
8854
21060
n 90 k 3
47373
21332
24618
16955
19348
15828
27562
6046
16048
14772
37091
2480
35296
8924
21829
45603
19643
7115
19381
10354
23840
55406
15833
2601
5750
12130
38106
36915
7754
11484
38547
5672
10416
1601
14587
3265
50977
10431
15559
7311
8068
22073
5089
22721
34492
11904
37927
6313
9345
29311
6291
26330
47694
7682
24477
23027
10166
5446
4722
3551
64359
1697
1959
13352
19979
2539
3590
17301
15517
684
1349
6461
5633
7453
3676
1462
15191
12173
16302
6899
12499
9627
25123
19871
13766
13724
6241
7816
10782
5725
15555
5394
22183
56536
10652
38296
44967
19339
39561
1755
n 100 k 3
40624
3948
121887
8983
103882
25950
11110
7088
2734
2776
3928
3377
56290
49060
5989
74683
18050
12607
4788
14967
7929
32148
24623
30691
7441
19756
36661
15751
49318
38784
4535
63670
30178
61544
10776
55858
150671
12949
25166
7810
36020
3687
31216
22984
12870
22315
5697
21352
15334
25745
23811
41350
20621
11902
14245
8010
20019
17455
26061
9589
49731
7868
12480
4725
12213
12612
4041
16320
50687
24419
23679
106553
29027
11207
5893
8680
8381
4663
12972
9818
18383
37864
18923
29501
2477
7633
20155
9392
40526
81112
8996
21194
48179
16617
20980
30462
6484
1009
14290
32463
n 20 k 4
151
206
481
1390
268
482
1281
844
94
443
298
199
101
88
161
563
465
951
488
167
446
77
2186
817
415
639
1037
264
794
514
980
561
200
131
954
97
1023
305
1130
1210
72
125
192
475
36
562
1029
453
304
177
638
547
730
1246
114
457
287
484
1328
193
84
1346
121
171
890
111
974
610
460
414
60
482
258
192
326
227
643
828
375
110
627
121
535
903
591
103
349
358
1443
106
661
113
340
336
623
167
458
297
236
184
n 30 k 4
1997
325
1002
4555
5369
1500
509
5780
554
734
815
4823
2788
5619
3378
749
405
123
1207
360
4110
1657
1218
2166
356
492
1046
114
1207
1417
1278
1856
1590
1852
4461
1156
1000
694
875
629
1411
4796
707
2989
1444
1138
1355
781
256
258
368
778
2720
1640
461
456
1800
200
661
655
638
5380
800
969
2425
3187
1548
880
3035
287
1494
656
782
703
187
2465
847
565
1087
298
1247
2146
458
4343
2182
1654
705
747
1670
296
2339
852
3035
1349
2140
92
3472
2852
315
489
n 40 k 4
3930
3584
5370
2249
3103
1745
3391
14775
4633
930
16916
3895
3397
2515
8482
8528
4840
3964
9993
1814
16248
1778
1314
6536
1462
12237
1209
2118
9500
1820
1098
4281
1537
716
3417
4007
261
512
621
2497
2511
5047
1512
2331
11493
10414
1807
24564
3658
9735
3298
432
379
2400
8707
4359
19949
4699
8713
1750
2289
5222
4450
1179
5925
747
3552
13764
1951
4803
6689
3394
4825
4288
12223
3759
17502
9521
3778
4574
3306
2505
1749
3691
6127
3137
10994
25541
2165
9290
568
2156
8151
4801
14545
8133
1130
3491
2736
339
n 50 k 4
3776
14147
5473
15017
43044
10477
37414
16745
6821
11124
978
55717
8663
15948
25156
22837
865
510
19514
9019
4525
4629
38158
4445
3467
18369
17866
3059
5963
25860
6639
2940
4092
6098
19540
12501
13092
3237
19089
3527
11908
5833
4891
2133
8092
26002
1009
20578
3382
1682
915
14530
18754
21041
30326
3500
21082
8494
23570
7952
14349
20447
1350
11977
6296
5940
9947
921
2439
1080
13247
4764
11876
2704
4177
10354
10234
6732
6155
17949
11258
6456
3200
6146
3417
9452
2081
20170
33841
7649
2173
3852
10363
950
12472
16706
693
10197
3732
25644
n 60 k 4
24706
29889
54118
2709
54534
29619
10849
19993
39485
32404
37719
24149
6684
31761
29331
58807
105716
37028
48894
9713
97477
43831
29083
39834
23035
10850
47826
3291
58666
19616
6231
1910
24186
44171
60580
6556
36478
6193
20200
2024
10667
14972
7721
1014
3143
14607
9299
26708
14525
7434
7592
54649
25312
25993
3689
25516
9906
11120
8458
48450
4835
13407
11439
4148
7555
34557
15406
98791
36551
100167
6282
82773
38336
6446
25896
6411
22169
55612
16782
4916
7534
6301
3475
31207
14370
13118
38442
22565
15656
27184
59091
7319
39732
7412
19339
11998
12972
17326
42819
3425
n 70 k 4
68061
6504
10225
121279
6804
26750
19043
47706
35283
41403
5235
41416
5850
95774
3395
83970
19270
18476
30517
17165
34189
44259
3263
70447
28922
3149
16731
8917
1807
92488
13592
6313
8908
41718
45015
4301
15694
7654
42523
13532
53860
17044
1765
48563
11408
7893
1386
139838
148300
38350
159163
40637
18814
23419
88000
5475
69468
7538
3107
104625
30016
28526
13400
25817
57221
109092
11772
30525
19149
132751
39810
29478
60985
130501
47735
12167
103402
137614
26287
109584
25141
35952
12991
31478
4455
9560
71224
14307
51963
130775
38345
4840
73926
95458
11350
17734
4754
27891
76636
30316
n 80 k 4
87425
68373
19059
52233
12449
37475
52911
8580
9470
29244
61032
2944
94959
8585
8552
114324
171284
27826
56700
58115
12839
38319
28074
4685
25648
92226
88382
85733
140573
37777
27436
42132
169045
31352
125522
125506
168307
2281
333560
37495
60811
34827
35221
26536
11401
41263
74008
21176
26874
26351
123085
60070
3323
58429
2948
3796
24035
118663
134974
215338
103004
220272
9871
31480
218612
11262
37849
32722
183058
53250
72591
125044
31016
2721
50714
14755
4571
47013
133010
128682
81040
71587
46844
95740
28040
70563
299142
31629
33283
96916
57969
50266
111584
4747
24225
11234
10810
91187
217582
93184
n 90 k 4
5095
74940
22754
98974
62288
215845
194060
126234
6115
6944
20615
12686
24615
10031
39842
41530
79504
198896
22791
145304
111941
59248
34533
58771
43844
65750
62624
20348
183474
242227
85123
12355
57635
55710
8247
192615
123862
286793
8217
263332
45225
107071
33784
29648
139461
96941
136550
43799
21464
16031
90115
23377
72685
98888
55136
173789
72773
13025
13848
42069
55557
368440
107531
10818
74966
324761
28915
162461
230983
68772
41898
149582
56276
100261
212743
43011
83927
31186
128883
221242
492526
179513
122915
34168
40278
139399
55537
81780
122652
14239
38661
25348
14110
6379
3448
53005
428366
4038
47808
8450
n 100 k 4
20735
30342
153412
117047
316061
155384
83710
69573
6982
344388
280807
133529
67572
359258
313970
45699
135262
28485
550065
85950
139593
95151
117054
57632
96291
283736
170584
113816
33064
388346
103474
561895
263881
298950
240789
120308
426716
400488
60524
77787
35015
49686
188666
239717
37816
23452
42835
142104
29564
130362
16870
50059
140308
132697
55067
116111
107739
121915
265650
27230
338997
294083
25083
253331
620118
105776
98495
91999
643359
16668
26022
351146
80955
137390
142355
124141
73428
27786
165478
53031
72591
12793
50274
94687
420652
985930
340017
13735
456734
400180
224082
32532
108062
138576
37015
67129
224142
8066
78325
489067
n 20 k 5
1637
1205
485
2353
225
918
1650
188
1043
853
67
380
881
371
824
132
444
2842
1470
222
660
378
805
237
507
3196
1568
1302
153
256
400
426
153
594
2842
1379
468
153
921
334
2427
1078
1786
587
1050
4832
1345
2458
439
337
1524
2469
715
711
440
144
1520
451
279
37
391
2622
268
180
1052
2174
792
1840
320
100
481
369
96
182
290
770
878
181
1230
334
829
694
57
855
1829
1723
156
372
303
706
868
1015
173
885
998
1212
473
749
458
554
n 30 k 5
2486
11731
1127
2135
1076
12633
8469
1529
5773
6473
5909
4214
1781
2207
4843
226
1115
7655
10833
549
3330
8188
5241
8851
6909
6012
6218
4749
5415
10381
1950
3691
3599
261
2477
2400
2897
4794
1506
1767
965
8613
685
1059
5664
637
488
3351
2094
4176
978
4007
4008
5465
2129
6572
5628
475
9700
4678
4982
19253
1292
16336
349
6442
8105
6212
943
229
1064
5970
1114
5553
5912
7928
6697
1098
2796
10825
808
532
3426
4038
2444
2632
1536
1318
2274
1824
3237
1312
2563
757
12589
891
3680
4104
1369
20004
n 40 k 5
11739
6669
36571
70330
22908
1427
21865
9310
26143
7888
3267
1650
4365
13084
3801
24330
30977
2155
895
21221
5752
32337
6194
11485
8563
4869
17338
37313
42578
1209
2988
6490
14962
945
1876
6041
33178
19723
1681
1382
24764
6358
4651
14181
4196
5989
3533
8952
4590
2166
25436
27299
9044
8966
7481
47892
4382
1896
24519
6670
9664
25121
3737
21907
827
17287
11268
2385
23211
7856
414
40274
20076
1390
52654
6409
18738
17619
10113
4845
12003
4755
7092
9561
8737
1007
2568
9711
24353
5484
4141
1299
7843
6832
4423
12997
12991
32107
27373
4721
n 50 k 5
36692
4318
31145
21538
15841
2003
31996
51537
19125
2402
54392
129150
36021
3689
11648
7803
94287
144214
31211
58991
108257
10871
194477
13061
12568
39325
14797
104653
38577
66372
7150
21343
10523
3913
55922
71719
9576
32518
8451
54602
65133
28918
48607
149321
30777
24586
36825
3735
2112
30447
23928
2703
46855
29931
8178
5220
8941
8633
33053
21751
53415
15383
73614
17418
15816
1115
13643
40552
19115
11729
1804
1379
23359
115290
8918
14242
75082
13417
37015
1836
58693
95558
36574
7481
2993
8381
51777
49262
7878
13186
2946
34537
7501
68768
1615
27091
51740
76264
408
2881
n 60 k 5
109342
131351
31849
14489
238194
168100
216383
115506
8407
95375
41641
47080
30321
210457
158390
39191
89860
18869
88730
15584
7902
30949
25956
94103
114859
13693
201099
180045
27252
18514
12327
143765
13976
39420
3802
100938
17943
95546
141546
225202
195943
68517
69345
102057
84594
9138
154699
5786
39872
41593
98147
24018
33900
18678
261064
223888
18364
52236
7982
10816
17578
22380
238594
36995
41431
207438
73890
7758
23983
99072
44448
297868
93805
50973
286009
301833
91851
55937
110583
275568
7297
174559
15945
117450
311377
208699
21415
324668
3339
31617
9202
155913
243085
71171
195431
5561
6474
90448
85930
245701
n 70 k 5
287627
264363
229100
244830
200956
136161
203582
181486
719613
30981
29761
311571
177318
27163
11544
29359
110910
219458
132154
253714
129431
421386
59814
126432
548502
749
128646
13300
167326
395696
246114
500087
29898
159920
30168
141636
124722
26070
104384
74712
38459
38405
293765
95258
76965
113857
112509
21289
19837
27707
340456
194111
210174
56855
50616
222705
30076
170716
253642
156937
219992
373439
42999
44441
24170
197612
78299
75102
32720
44678
212938
167018
146508
279657
460987
334968
49914
223090
234324
74237
109833
274747
42976
211836
124045
532421
433085
227547
403064
502336
59536
10465
2175
120663
273934
289461
66920
158228
477422
10268
n 80 k 5
134865
714541
1207677
733298
261077
250839
419144
482379
2375940
75846
79941
3761
21247
107171
884113
301667
986992
86038
61953
337498
298242
262068
643036
190861
158809
129183
23391
411261
141411
438133
84437
140066
72161
503165
132444
938431
76666
287362
257888
457729
136143
417315
137632
683507
254074
241381
335320
410718
266924
28783
229161
130602
246177
413659
504140
324740
725813
132364
90559
42825
41202
587291
14044
1095183
617860
210905
21811
646245
18379
877384
119231
214991
360853
607036
453420
535487
434169
17479
416396
62876
83782
93893
418348
387347
113038
75304
117724
237446
339411
43158
2260374
76733
277001
183357
499626
155778
365826
272542
764210
302245
n 90 k 5
685454
2660343
406809
884817
756317
502660
1186489
897093
868004
737451
1533290
545339
432183
1338043
1867511
197400
2911778
1664130
145636
88272
200042
379913
848806
21693
200111
576300
665733
204039
71837
1648005
105399
325157
403594
258634
685477
1587758
201098
612817
2073310
128740
884378
300970
589158
636887
285648
731045
856712
1247623
321754
613620
644565
339568
898163
119681
290933
2786894
2229282
434835
295575
397563
1411760
797742
26986
91737
213621
1155762
169452
1658904
187183
180109
34020
264292
199549
121166
5423
1247697
621472
1022074
2955396
107219
760327
698047
1186678
332559
24548
776180
2513775
696142
998943
1616219
21571
1713918
301667
210973
117438
183268
747409
91014
1404479
53783
n 100 k 5
518255
1441859
352474
540787
1112727
2172295
172380
3279592
464663
726682
322226
1388171
96798
90110
1495397
750106
4316898
784382
823801
1798572
1478492
2166040
1938833
20201
788279
2710463
117163
49500
431186
236367
41038
644939
519149
29236
355856
776710
933582
124528
61766
522251
1317530
278965
449888
1798576
483325
556769
3949530
1446867
1105895
135106
734883
1737167
3339430
3362222
784956
486053
1604300
708452
942654
2481129
1403842
1587646
369583
857875
903252
395781
447775
1261981
3243989
6879
2401198
1172511
498597
2392880
78088
1117640
1128688
547694
808966
766074
143987
353390
285931
1661701
1820469
1905974
154727
805927
594591
3301475
229643
1457544
2714722
235429
51024
1017216
607118
387262
713446
126664
n 20 k 6
1908
373
365
259
733
1210
161
797
484
117
3511
683
221
697
345
1169
170
1014
217
573
460
395
3118
1034
576
660
233
573
266
389
278
1492
257
2536
702
427
635
194
80
205
371
792
525
837
3231
2193
2124
2655
195
247
341
492
554
830
2891
732
409
119
310
313
865
294
2078
390
351
119
1664
157
853
238
647
691
747
1396
463
603
237
677
1208
1410
476
658
861
285
214
154
1459
695
311
1432
316
869
1342
226
739
902
695
227
350
853
n 30 k 6
2255
8807
14258
4420
1185
304
1555
3576
12337
7302
20375
6343
1781
1462
11551
10687
16903
15912
2968
8599
2989
11678
2077
9291
4529
9483
6451
4462
8851
20399
2301
441
3603
4394
16159
564
701
7030
682
2049
1440
5191
5682
7021
7606
35143
3818
17419
2205
4347
1046
11239
5651
1766
7856
104
3457
880
3466
3177
14790
1964
15551
126
16801
15517
4924
920
10257
3024
657
13272
6163
5347
7907
2522
146
8185
8215
3736
16004
5495
18671
1465
6540
15390
12541
5706
16159
6567
11482
5945
2856
23545
781
2341
2953
2528
4505
4008
n 40 k 6
23139
57003
13297
1484
61535
43473
10167
81806
18759
13718
66650
16919
86700
28842
11040
27975
65214
13688
10221
65330
24656
29092
29808
30602
72200
22606
63951
38283
223
13128
59112
8111
13742
2308
10515
82088
2895
14731
4931
12739
39003
25942
52837
35955
13763
68636
125652
51928
22355
44501
7291
14987
23650
6738
42656
122247
1342
40406
22530
226383
83196
49310
39725
10153
211468
6534
73608
65325
13548
12505
112135
2727
38666
20378
32285
54347
2372
60272
21190
98446
2879
83184
28563
8745
1246
32793
10283
84890
51938
4774
30279
8907
15597
42431
7988
53394
9119
35649
10716
5598
n 50 k 6
115239
29809
3042
55387
19629
24128
217607
117396
179983
45692
33207
76776
37416
70275
205254
31304
199960
153648
431902
28993
1849
17836
131985
65606
142931
84563
264258
99184
133265
113192
25263
161873
3072
6648
7798
123582
72613
26431
5217
101502
232885
82267
119998
36460
83292
119432
226725
48054
253631
115114
105088
143310
27760
372737
96220
149597
82176
74293
59807
44138
92436
65202
171677
60246
40742
175299
121453
41723
1270
158228
106565
263302
89341
7733
601030
38337
85656
65550
25922
48251
160197
30129
141725
188064
463672
221852
261310
65497
832397
134461
66901
233477
36523
12088
145788
31847
64557
7701
161602
122767
n 60 k 6
1156826
585464
44354
256772
516346
123254
121107
1123191
163557
496592
371343
279924
59434
573353
789285
182013
1305811
293369
239031
301744
318398
514873
153379
124515
205354
1050494
19768
618030
85562
397157
87526
65482
176948
107437
253541
690508
710949
521482
318929
23133
244763
275648
55406
118192
144787
168656
1193317
193856
422965
24695
61943
147768
191697
97868
16113
148667
195739
557747
1272917
89078
10186
213064
251375
152171
341636
452725
310773
571943
39326
23963
103334
33239
8843
76052
257118
496115
119880
246338
277753
798031
46482
197549
295236
225171
17379
374230
901976
672718
958774
747458
275570
394708
121234
1963277
83247
136028
426054
293284
262526
41857
n 70 k 6
974447
398877
4291264
670764
911677
597995
410814
409380
2277634
3838958
421624
1112755
1107133
1547763
384730
619479
619127
204052
516917
394425
857101
3401234
457151
2862041
1109498
252663
557714
1409892
143391
41704
763936
2472274
146966
1168347
1642688
46460
1785196
124244
161750
861127
811618
58031
97524
204298
211978
13542
2119829
917106
106282
1009548
2577513
564290
2698427
602924
638070
156388
1040487
959928
1807914
780597
809817
997576
1126179
614480
606809
387856
334378
216638
1760947
1142706
58460
1500028
548357
793678
2376808
509835
1896780
1028421
525110
579385
1480476
597764
960933
1215484
278775
1535513
977454
381178
530999
601141
306563
1024298
1253779
375986
119500
74933
3947773
757755
2052384
909661
n 80 k 6
534927
731527
1360573
398630
14407
435711
6502013
3048446
394580
174376
852646
75278
6672905
501123
573097
89200
7871798
48844
2670673
1427649
1149678
2469106
991941
225249
2128762
7336641
1116748
619692
419345
2726942
2309315
1038204
257921
5786456
98246
1561272
2021748
1730315
2006489
1159812
2876874
1369641
1402846
2212228
1293513
2423228
1654928
4400973
5377718
5444297
1283796
2108122
2307481
2575650
4293892
16660
7448979
523015
3875169
83766
2519551
4852798
274081
3104766
544598
2152844
1680105
660027
26667
848610
1153285
1052511
1480281
2676070
6344778
12873310
786600
303265
1006348
38733
972859
1837017
1215968
2830013
110867
1667002
861392
32275
5393711
245450
864227
2421634
1426572
665195
1435011
1519073
2290163
1950901
446762
2163699
n 90 k 6
1586638
766094
116925
6562538
584737
1975598
1869393
432117
4926320
82127
1035517
9646787
910762
4049848
1967202
8185671
1164640
1099077
2139884
8175601
2342486
4723390
1974717
2133173
1561842
4147641
1635091
329641
10050615
8950786
1037568
1084240
2266017
2816873
2047870
3327999
4012240
3919773
333790
19446462
2424096
3415428
5048272
2104408
4482867
2884528
2839580
1734199
1520972
172269
4088000
1193897
6238001
1602895
633945
343298
179764
358717
5054297
3344722
1864993
2840857
3362913
10927687
831577
756422
3211430
8203356
1472002
3252561
1436784
3925096
2286870
159951
1462471
885950
3763312
625431
695570
652899
2159266
3831045
6267812
1658759
1922135
8166623
8528494
1941826
7498404
266699
1452421
1124447
866675
2343445
2641142
3470380
2777745
4304957
4606800
3326712
n 100 k 6
1485347
1181788
2096118
4373603
9980635
1712459
15867563
6642049
30232611
311244
6103958
3036883
4766957
13543
14659216
1466148
4609871
5469622
12787761
4506940
10007477
8601774
8190945
1653357
14329165
2267215
11054938
1052461
2683759
3261808
5353385
9965785
10987304
18528969
2109767
16039952
16584344
6776249
3242797
1688415
1604442
7158196
1105176
5452290
8730505
7051665
1343756
9036384
4777809
2905112
4138569
4603700
21503075
4582452
20106157
4200371
1356684
9577156
7601988
4213484
9199850
5906639
1828553
6868758
16170682
5259680
16301156
2379455
8676002
2764736
6157145
3725061
932566
2974335
2894743
5369267
9674619
7601618
833215
12943385
7386272
5805309
316062
9695975
16114415
5683265
506517
2300309
324987
1094076
5726064
5570074
427869
3052503
2252548
20744473
8126450
4002893
3051821
9316741
