n 20 k 2
138
69
125
221
122
175
34
239
130
130
190
266
73
127
63
76
150
185
202
185
130
109
48
108
109
142
76
131
80
244
127
215
143
53
198
44
120
142
93
240
111
128
417
250
434
156
285
289
47
230
58
223
136
143
122
65
119
314
149
193
111
143
112
319
59
136
316
134
59
112
404
195
99
106
103
82
382
112
259
266
101
392
44
101
46
77
214
91
109
87
106
269
239
119
153
92
203
161
161
97
n 30 k 2
163
449
415
148
243
193
392
571
250
290
157
497
194
511
128
555
394
717
314
205
203
226
505
465
161
357
305
97
304
524
329
315
239
315
119
435
430
329
376
363
414
61
108
454
112
145
518
218
345
267
233
224
177
91
350
331
171
143
521
217
142
691
1616
278
335
191
109
167
389
399
399
617
268
813
73
333
181
87
441
187
380
183
263
257
269
216
479
381
587
155
548
529
234
408
147
279
634
250
238
176
n 40 k 2
196
244
1716
523
314
999
163
1184
550
910
676
357
460
441
190
474
200
238
358
217
218
156
592
174
679
403
801
1162
234
513
398
795
287
554
290
753
526
517
1694
231
382
337
500
298
667
239
721
361
593
262
649
253
193
665
439
154
731
254
311
400
507
190
569
376
770
760
510
1103
662
488
770
415
827
1798
311
905
256
778
615
543
404
348
443
412
418
250
418
481
728
242
229
141
1127
326
541
283
250
358
886
218
n 50 k 2
1530
1794
882
1085
613
769
1229
563
409
1312
1438
621
2807
624
558
613
743
593
1264
257
1166
1180
1562
746
585
294
779
685
283
441
437
1349
346
567
296
509
1144
1023
940
850
858
966
3650
709
416
1441
803
1267
1068
1390
288
299
2620
373
632
1153
869
2385
866
439
370
793
417
911
659
1572
290
257
541
413
442
1534
613
1191
307
283
2646
691
665
1517
949
957
1400
487
1609
717
1506
869
377
1240
557
325
650
449
767
1088
425
342
744
814
n 60 k 2
641
2085
337
618
1062
759
670
1236
778
413
408
2395
787
976
698
782
1240
408
591
433
813
694
703
695
1293
1071
561
761
323
310
1360
587
829
1375
1290
607
1013
452
1561
804
913
320
1685
1245
812
679
361
917
893
1015
1220
1873
956
1359
593
1168
1381
2586
1103
2577
483
1162
576
751
2825
789
790
436
1097
809
1792
499
1458
481
868
1278
835
289
312
1407
463
502
434
1146
946
696
853
637
2498
802
550
799
1255
3216
986
1267
948
1239
1115
1124
n 70 k 2
1055
924
945
818
2349
468
1240
1439
2011
550
552
1839
2429
781
526
673
539
2184
1039
975
875
1225
1012
378
2188
1059
2535
1425
2386
575
570
978
3972
1412
744
916
1865
1430
1288
532
1440
1330
819
1232
1364
1171
1333
3569
1404
670
1406
1033
704
2751
642
817
1716
606
1261
1957
2914
1391
961
1237
1942
1863
1071
2433
715
1208
470
2477
3395
3360
2928
844
1687
352
979
1921
586
2278
1841
9162
679
1324
426
877
796
5074
743
3435
2239
1680
1555
1145
1206
1495
637
606
n 80 k 2
3020
654
2025
1123
2212
1898
3174
2648
2563
1771
1826
1023
1872
2646
2108
2278
3091
1245
3442
995
1978
821
1304
826
1021
1395
2025
1879
5955
2895
1393
2347
1184
2394
1386
1075
1357
2575
999
1507
2329
1013
1040
881
1110
805
1588
645
2785
1550
1070
1039
714
3800
1369
720
1204
1533
3089
621
959
5908
2592
498
1388
1969
1332
3195
3948
3038
557
1543
608
1696
3346
745
768
2424
4288
2955
1670
1035
1173
2856
5147
2528
2052
916
1625
1038
1086
1529
416
2580
2140
3360
1623
655
931
3632
n 90 k 2
3701
882
2539
3232
1594
506
1059
2434
2688
1401
3825
2873
3299
5489
1907
913
1429
1863
1528
693
935
3333
1070
891
582
1596
1932
923
1336
1485
933
1162
1223
2247
1186
1340
1327
2833
1673
2706
1188
5381
727
2503
2553
522
3182
1250
1622
1219
1884
3122
1311
1930
1049
1364
1706
1307
1097
4065
2182
2008
2542
836
4882
1083
1538
1189
1481
2376
1091
8342
802
1282
1763
2942
1630
2013
2196
980
2104
2036
3056
1606
819
1618
896
1095
556
1649
3579
2004
1011
1824
3790
2566
2728
983
2823
1967
n 100 k 2
915
641
2322
7743
4161
4713
2289
1033
2570
528
4265
1738
1706
1756
1909
1408
3457
1172
1562
1953
854
2095
4976
3361
3349
4516
566
2007
3692
980
2802
4240
2201
776
1982
2112
4513
4219
647
838
4453
1419
3603
1898
2680
1784
4360
4818
2424
1105
1088
5878
6827
1384
1632
1146
1755
851
892
1669
1301
3728
2536
1861
1901
1265
3696
1552
1321
2675
2451
703
1552
3572
2935
3051
1392
1440
2493
3538
5378
2812
3251
577
15326
2465
3266
3312
1687
1158
1314
2004
1985
1075
1786
3537
1733
1260
1610
4635
n 20 k 3
125
142
139
389
213
101
251
382
1040
353
190
263
740
84
176
270
619
254
635
139
62
232
612
765
105
296
185
678
302
413
139
376
31
176
856
90
1169
104
209
141
131
78
96
391
405
516
1082
546
1067
348
262
608
141
180
148
223
78
173
508
427
541
206
48
291
501
320
192
81
180
102
167
174
1276
269
112
1102
146
320
120
329
401
468
196
477
61
177
148
542
109
162
75
699
190
657
771
432
162
373
318
444
n 30 k 3
341
2736
1728
1864
245
177
845
616
117
1237
468
721
446
740
553
1058
840
627
1008
184
320
234
155
361
3073
1254
778
507
353
722
122
847
869
461
1254
969
2529
142
244
1242
578
1599
623
370
617
84
421
791
135
1685
167
528
460
2747
195
1761
284
303
495
3241
2153
1323
647
129
419
1777
1815
544
292
970
241
159
1060
447
290
1004
1807
809
505
4107
143
293
305
1097
275
748
788
188
1046
517
694
159
113
1017
1153
1253
309
1553
376
182
n 40 k 3
378
619
4728
2112
6086
442
1256
1314
434
376
275
4097
3880
4981
225
1635
2181
712
1180
871
1544
1475
834
910
965
898
316
797
363
457
2719
305
406
377
2930
2415
3103
3838
891
2133
2271
1398
1276
6730
864
398
2671
2417
1562
2660
449
159
2716
600
2643
1908
11089
817
795
920
639
927
6050
8512
221
806
1879
416
706
695
663
1354
2743
1646
703
871
6485
3166
2800
4782
1929
1949
1728
2772
3164
855
1141
2517
4223
430
921
1189
1207
1395
1161
319
1778
1849
3242
2371
n 50 k 3
12783
873
943
1430
732
820
11769
4430
416
2073
5346
1591
1061
1837
963
4662
9016
236
4702
445
1525
1815
3564
1613
2286
390
6342
8661
5620
7829
3758
2693
2671
1040
4875
787
926
606
1818
2639
4799
484
1668
3382
660
1671
1933
10536
316
2272
1790
3441
4533
1790
1980
3534
6672
2877
1323
1779
696
533
5446
1197
2917
1338
2369
2036
1091
3835
2574
10561
4923
273
5339
722
2181
6545
2540
7049
1630
1225
3955
2407
436
1591
2919
832
3307
7062
3371
1331
3471
9361
1013
5078
6716
6718
3689
4754
n 60 k 3
11580
7294
2716
611
4095
823
3430
2392
907
3016
3546
3978
6014
7618
419
8341
4659
3800
1326
7705
4692
2225
610
975
3790
3245
4924
3340
3328
3148
5693
5824
6318
1430
1669
5448
1168
2271
5313
1570
10837
6355
1765
8178
2803
6099
9459
10467
2838
3169
487
3762
5123
4855
6632
8195
1421
1017
1971
2856
6586
4790
1372
15227
8360
670
8111
4263
3507
7120
1961
1230
9516
5600
5698
1529
3159
2014
8504
13088
10309
1003
4559
6059
9913
8287
9034
4475
13559
2282
3879
3257
5769
2818
1848
698
8587
15588
18893
1767
n 70 k 3
1514
887
3743
1376
5669
2954
4350
3640
10612
27435
16082
10186
6611
1706
935
9051
1830
12386
2379
2301
8251
4551
5682
2689
4011
5040
1657
8039
3451
28947
3456
10346
3526
11896
21920
32528
17169
5919
6314
15059
4076
15919
4754
2491
21766
25788
4879
73757
6363
5907
3911
4308
3858
10477
20848
1670
5738
27062
5238
5971
18513
1923
3157
1855
6376
11938
1477
1884
1189
2909
18315
30826
8589
20473
6744
7523
18598
11850
1731
14115
16567
5754
7308
1185
12146
4444
14989
5127
3226
1245
3802
24901
14390
22849
2725
849
4264
3114
1692
879
n 80 k 3
4563
23791
12665
7054
13585
4467
2821
37055
10728
1374
5605
9975
2240
22360
18738
4800
11340
8505
1643
15574
10610
11549
41489
21847
7099
7110
6730
78819
8025
2371
23481
27795
7824
918
24379
16101
22527
8941
3600
9726
19317
2330
6539
1454
6422
11309
15369
39079
6645
20443
23308
7981
19494
6535
8064
25088
47180
8061
29844
12046
5445
2475
9823
31349
3602
19915
13687
9644
24008
11663
11346
7540
6737
10775
13444
3411
1308
12431
19137
9984
7366
2037
9671
16279
33241
2781
6518
10571
8040
10854
10998
3523
23128
9904
3429
7128
11437
7284
2805
8752
n 90 k 3
7150
13536
7275
14945
58035
7466
6326
6097
10563
7353
4348
3772
9334
13867
17893
22792
9093
6088
16774
20492
31237
40274
17183
1195
18520
14258
37269
46477
11954
18163
11783
15215
19885
23592
3950
26274
11964
28811
32682
9010
25749
11023
7344
21283
24556
9103
6481
21465
11365
28024
53021
6547
12239
3314
5989
7094
7206
11382
29577
12323
3557
2401
9513
2231
29703
2001
7672
6803
9727
1236
3247
5457
2423
20459
6803
30449
59217
22386
13691
2214
34742
27279
13624
34761
16950
44916
30073
16498
1852
5920
24607
27034
29472
27395
2512
6521
11408
21014
17226
26948
n 100 k 3
32663
50455
2115
29648
35857
34243
20458
11061
21520
50388
41601
18601
38033
9511
10922
71764
2949
8130
28386
43344
10336
11337
48638
29554
38001
18439
39967
6133
13206
27570
28784
14095
5687
90752
21976
18910
31570
4225
31424
18079
16768
10027
30587
85009
19771
46701
11272
20097
24536
13931
107119
68715
6926
5590
50392
4014
40702
7777
24356
29260
5977
2093
9820
31827
40944
20653
51253
6465
21761
6268
29951
16976
4249
66385
56047
18642
8223
14382
39511
11234
27000
14843
55676
10166
14735
6233
16255
44842
23610
5575
29208
37174
26179
10341
61686
4858
5195
9293
8710
115476
n 20 k 4
228
49
61
406
80
513
161
1333
224
98
809
504
47
169
539
641
275
3316
577
905
238
110
501
260
1038
612
50
666
234
162
439
971
319
303
196
197
1069
1095
264
139
775
534
909
691
609
207
133
327
380
538
601
130
1347
696
373
588
122
1260
537
1014
324
1605
159
286
409
1066
522
119
1198
264
372
872
1441
1236
495
459
944
1815
183
155
408
500
713
91
85
372
541
140
564
797
2000
337
572
698
432
436
906
1304
62
610
n 30 k 4
1484
3540
207
1674
260
2173
1784
2860
1308
1044
2240
2749
1496
2063
679
2591
378
2111
376
464
4151
353
1525
1312
4004
2822
342
786
4101
5334
5374
581
116
944
1874
1386
4332
888
3505
714
1331
419
732
898
5737
2440
2273
703
636
415
4258
1578
3469
697
3808
3656
4240
433
134
655
648
820
804
2658
2259
725
415
4113
2038
4779
498
3020
1388
2112
1727
1062
565
2823
946
571
1061
238
1494
3376
1061
1992
1204
1789
3099
3951
2027
1576
3460
483
6152
6802
975
1507
3047
1532
n 40 k 4
3141
5545
207
748
12274
584
4376
7963
655
5636
13384
10963
14902
1602
5980
16640
2314
4763
13444
898
5012
7107
5758
29861
861
5576
5935
21957
10876
12144
11563
3290
2014
2895
6747
624
2050
6575
2700
3413
2326
4326
485
2251
1838
1148
2188
1651
3876
1116
5308
766
2828
796
10223
4205
1934
732
1609
373
8498
10639
2696
910
49480
2099
2430
2139
6037
1051
8345
2934
4784
3188
1617
4056
3299
1500
2593
7231
21827
4690
1027
3675
20846
2066
5485
19979
6189
340
5644
5123
14786
1566
7546
950
9870
1075
2160
12450
n 50 k 4
17511
11109
2448
13577
9510
13602
1559
12540
3998
18162
38462
14146
5508
6148
5456
8845
5764
11056
7415
10132
4058
7518
8473
30702
989
35435
14684
78708
15208
23886
2639
5408
30780
24221
11483
17059
18975
2483
4366
6524
24700
4434
13588
4402
5667
13653
23397
28379
53686
3740
22427
10955
7252
17600
20099
27955
4145
1416
22170
6109
13038
9770
17286
6943
749
26611
2077
3724
13222
3060
10314
8985
10810
12710
10095
18957
425
17853
15217
3468
17876
47356
4743
21824
5561
53765
8614
6981
7457
12381
31477
2343
3792
32218
682
35487
30182
1102
13720
10219
n 60 k 4
16319
27619
24610
22781
21736
13945
18216
32244
1378
13232
19827
45088
2066
5855
8510
2230
27495
5939
17450
76914
9183
1863
11613
17723
5281
34149
42377
11074
4863
30712
9325
34168
45845
3965
23679
28038
22729
1829
46345
3089
108526
40392
11335
12311
70635
3128
19689
83791
27477
62446
20084
7751
7282
28480
30095
56080
35255
31918
49560
44346
9246
63217
89943
6414
13440
23373
48051
1705
20030
36284
70111
19536
8791
17554
24888
4856
9497
24947
93869
17282
9156
45450
2841
14681
8170
22931
40902
29954
23395
8982
18834
40320
14091
37383
33815
20615
24181
5132
29958
8522
n 70 k 4
17423
66152
38287
26777
19071
78826
9662
7973
35269
17951
17455
14232
7907
10346
27683
48569
3285
33037
53377
58256
21973
79446
14804
2304
11853
158674
74160
18805
130318
49811
86331
17423
1838
35282
63149
28307
19907
35151
15395
80808
113116
71161
46205
41606
1141
26168
1142
14565
8491
24135
67365
108843
27243
31454
83847
131105
15566
16260
11585
12485
16527
24956
128198
12927
36165
127530
4735
72468
44796
171111
7411
88815
43033
87294
4823
36669
87217
46748
28110
55081
77814
52864
51743
31722
10197
32248
1098
2816
34960
5340
8931
12659
11480
15605
8321
790
8805
30729
50201
13718
n 80 k 4
18862
62704
4698
98756
151390
60598
106650
156716
282279
43993
10267
71344
19021
104527
78662
18940
57495
19394
2157
59466
117029
87828
59673
17509
43746
112228
73118
122054
221112
55197
58347
49305
33673
63833
142380
25879
30904
67353
14466
126493
32918
94420
87414
41850
20000
3116
10234
6968
125075
32795
49142
57097
45851
69210
104676
73493
41476
22584
75165
48514
352633
17632
38478
90462
28372
50247
60646
175595
40060
4285
41365
143884
26705
169365
294110
42577
144425
2070
18915
148705
31820
267610
134054
85611
5772
53903
244713
49351
74895
4740
131461
24426
61531
52789
69486
22447
30330
69393
72225
27923
n 90 k 4
47157
90337
48278
227723
54555
3348
8169
77687
108148
54248
120315
444759
39161
8206
12099
45042
11149
32866
13264
52139
308213
359119
31344
21691
76646
169234
7704
142683
213993
80127
28039
2091
40826
38021
175938
72981
172968
244727
42783
5843
13630
16705
16213
48656
35636
5201
5640
81753
29931
1814
192406
109018
122160
279287
201310
216007
145928
323631
166284
43713
239291
356842
83130
154631
21833
152969
580946
34337
30762
92345
48114
4105
166356
37777
69221
114621
27453
87317
47048
149022
195134
32183
123843
130602
44912
326598
82936
283423
268508
18101
149549
58052
198328
18896
76698
99163
43612
92185
51909
119301
n 100 k 4
254244
253435
370454
60917
464970
36571
21445
123687
54246
123642
124517
152325
42359
141368
177642
424166
162893
362519
118416
166352
158688
111215
140335
234209
268015
280579
233408
74956
221106
204935
32641
39737
67168
144023
27837
26091
446122
246221
266401
235128
45340
296504
245897
89231
91345
13494
222975
160079
268605
263400
64747
131070
87426
58503
259322
197858
185062
67124
210365
142760
129835
336690
185095
93101
12283
167242
341402
188468
240354
35682
318641
257456
177257
101832
33622
97753
44706
271240
16295
12796
64606
136541
98647
89329
33444
297760
24857
73117
55765
12678
421721
17438
576531
300272
410896
117560
40885
152488
88627
34653
n 20 k 5
185
447
471
909
163
266
2876
252
528
563
356
2142
185
462
105
593
1300
65
399
1192
1519
830
1502
757
164
138
1702
1491
190
193
32
404
178
407
612
230
796
473
133
2524
435
1660
305
1102
421
1139
254
884
469
135
66
2158
941
248
1682
37
1438
1471
1210
425
598
977
1795
1180
241
610
1885
546
1536
1316
437
357
392
144
1431
1386
633
995
714
1192
1073
1155
164
289
284
296
458
107
719
855
386
520
325
451
723
725
3962
1380
373
2877
n 30 k 5
1000
15285
183
2136
482
1052
2331
2596
657
2521
1776
5644
4533
1212
16102
3336
2716
450
4959
4589
5642
3530
1610
421
2556
1456
8404
6420
1791
7793
1369
4166
783
3123
7824
6239
306
4183
3521
659
504
1677
2532
683
3323
2988
775
11644
751
1552
1012
387
5057
10270
229
1703
970
94
560
2111
2081
1457
941
14750
3216
4251
2312
3864
1895
1464
4969
3735
2354
7828
4039
11209
896
2160
911
4431
5352
10544
1194
2845
4802
3196
4972
3161
12727
248
2496
8138
1564
9490
7028
1368
5021
401
6311
2650
n 40 k 5
42239
3859
25998
10828
1598
33790
5195
20323
12158
5723
28556
22269
8703
8969
2725
10323
5385
3405
9677
10438
5759
49580
11887
29864
28485
42897
70676
2070
1632
15108
8942
4545
1869
42943
3027
7170
11003
20493
1775
20552
374
18860
2669
6934
8666
6193
23983
10518
8414
2293
2068
24687
7911
29136
8575
28183
4784
1070
34718
17826
7850
24781
23803
11572
4046
9122
9536
15340
14089
21732
9522
18288
6249
7837
5506
5265
4834
14250
10107
17348
13354
22067
11504
39091
9945
7383
18694
12435
6746
8968
8260
2909
11599
22310
35804
25042
8861
4112
12732
5369
n 50 k 5
11511
31078
6612
34770
15272
18410
17856
63443
21747
10357
6511
72033
34830
17891
33485
30341
65810
2839
27249
38226
77242
4681
167362
35360
39574
2485
30712
11881
79877
44637
20108
13829
93802
89637
42157
75321
120506
55543
1237
38280
12466
273951
55471
26982
103999
17285
26855
48638
33579
19459
68957
29358
1895
23372
21296
4521
20533
103132
25423
20697
39637
119240
4918
10217
92733
32651
12940
27634
8446
25222
9033
5030
108315
17074
19831
5635
67244
9128
5461
10029
33845
30157
82684
49237
17331
44172
108736
102999
5457
48294
21889
9876
21609
23922
22825
21634
39971
21179
1256
55738
n 60 k 5
112253
54402
220653
51202
193927
59595
302837
48658
55858
92293
37337
101656
36163
131094
111182
20480
29059
129814
44612
62498
146238
207591
9274
11326
88394
2842
42064
62904
57283
23084
147462
146062
77925
41552
173627
161390
194765
25195
92601
97177
69397
180854
89986
7656
185812
32045
183409
3593
159918
291521
89497
364410
36224
154095
37415
30172
220661
127462
162390
96551
377853
41911
180351
235051
139209
299424
385870
66190
6091
8499
74858
341682
225970
318216
437934
71113
113982
303765
16059
76244
135142
244377
61444
39130
79507
40451
63836
109344
44750
19583
98387
2862
12816
95032
21188
47463
89459
10589
7680
196270
n 70 k 5
113876
431097
78617
122142
715908
686165
266782
314561
558260
309547
2862
211898
86825
12925
23463
172295
168975
199150
328916
138249
394567
209022
11196
104805
936775
612959
198426
12290
421247
152596
314283
285903
141351
110999
32630
607558
1138435
895405
169078
93517
54527
133957
102309
43849
238620
1163612
934718
137016
278338
340148
454337
78818
198815
76179
512655
105349
371340
117103
189213
109036
236689
349160
240908
122573
824106
217728
180764
621233
8565
80872
246179
15513
199358
322065
59454
22317
749155
50160
113070
341803
183191
386108
52838
344259
267772
7243
215480
29253
438099
62842
214640
11490
159606
274436
7110
157080
742726
289258
19897
73244
n 80 k 5
502345
58580
1108630
744711
16545
65738
608553
326901
411333
285342
120045
136696
576288
40893
40062
9198
2065
431528
191793
184405
5696
498089
29128
334360
81957
65462
546276
187324
1031579
373010
374714
343651
422564
494450
334096
60608
363533
106713
555998
588377
848672
593578
678070
63623
322924
89204
41979
70857
943907
389927
35169
65924
926469
1194176
94979
62643
124596
79941
890219
709896
333090
114398
519788
42751
113995
16407
434191
66216
205302
91245
749409
116136
31339
239962
776095
80395
452158
276039
1210311
452420
175551
435247
664322
20502
614840
296142
33955
146160
816069
144839
61387
149543
335738
1126173
33222
984430
268367
145886
273283
64920
n 90 k 5
405643
171237
445571
170715
707316
100290
2477460
100069
85116
525919
1787087
115730
1833513
845088
51093
115586
354472
226621
106814
37160
911624
202084
3930242
463942
138702
427833
2172410
214671
74732
554116
43193
4290976
263026
603582
1342416
692111
235706
36314
387939
1193411
1242344
381468
1211808
453082
276226
927602
753331
2261252
111686
1054680
187637
384249
45112
872311
84916
356897
221669
688781
510899
68642
1072102
647282
1060080
92812
4039038
259723
532383
947744
1830102
160098
1755549
300545
904026
564158
1757370
546969
436822
135890
603992
1589522
271046
123309
80931
677441
1479801
623711
574161
348268
921457
1008598
850104
2969987
1213426
104702
546986
83553
706471
1365971
1284846
616459
n 100 k 5
1340934
1283335
4837824
1544396
29215
1088754
3818947
76664
87566
500673
570752
487326
1394384
909914
1129187
214708
125445
775571
636127
1186018
557837
96742
330812
308720
35105
82446
526420
1769269
643629
426119
462425
78163
844944
3075717
1733160
603629
109889
1572502
1547143
73167
80118
753910
627681
559439
3253326
289494
332954
3709223
530478
608069
802020
604661
112001
879037
180116
2346816
847587
49471
681296
1816059
800596
265002
463015
1748793
1939337
3096625
2528163
1414977
38604
2034343
332976
115890
474569
550304
373414
1958602
322756
935413
398334
625287
2150887
2845517
2718094
339916
2478462
461436
1942015
1893947
2301239
1802891
576371
3265382
952383
434846
834398
1026402
299936
498823
581412
266306
n 20 k 6
842
572
1127
1461
145
3261
560
5049
352
461
463
964
295
585
187
1703
134
463
151
1196
518
656
220
1276
2601
952
359
159
1863
1481
255
1118
2143
1012
354
387
834
1860
847
1165
2142
1510
414
330
86
2128
1559
1388
450
2041
3501
489
306
2958
303
750
198
662
1128
428
1434
72
2908
925
1297
640
1780
556
790
1400
156
29
625
540
993
445
60
687
2130
756
452
489
783
1425
982
743
1210
3115
363
1019
535
1085
552
246
663
769
2188
971
269
623
n 30 k 6
6761
6091
3579
394
12273
5527
1468
5942
9649
3596
8798
6950
28261
2536
7843
522
3896
1098
2891
14264
3214
14881
7698
738
7645
4846
18162
5406
2324
1217
4729
8174
17292
6521
3722
6710
5854
14422
22591
4318
4237
1561
17783
1343
16385
598
698
2741
214
17850
26398
1777
3341
7829
10549
8236
3339
5609
777
1679
3038
26494
3999
15143
11145
18083
1005
9228
5618
15238
4358
4703
18151
6908
2816
11937
378
5353
8813
1677
3131
18944
9279
840
4673
7191
1589
5608
1214
3210
1355
11966
3748
9597
7689
353
4077
1376
10556
15086
n 40 k 6
18880
88611
7215
22996
18391
24784
14416
11317
679
11522
20413
60099
98900
16456
45270
3749
37959
38463
49318
122311
1478
129511
5442
9058
29830
4278
12397
5857
13057
33165
3133
115053
3987
8775
25458
24979
17913
9286
17799
25882
4616
118952
59144
28242
15074
8118
41076
22924
61003
59537
6881
29324
37681
47152
64783
24328
18032
4925
34898
19155
52711
142405
14891
7509
11393
54660
18616
9509
8917
23075
26555
121188
9531
44330
18374
43839
15579
5057
29556
73630
33766
6842
30825
42098
2644
82404
491
34161
28242
68716
4493
64407
116314
74407
33014
13301
4659
36657
14637
89053
n 50 k 6
64894
19418
236118
15218
61329
23173
71148
10525
229890
42139
22281
39573
35578
1920
150905
217391
250076
166289
19234
123310
242150
113624
147015
10315
74600
37350
10773
130521
192164
32486
59753
221486
34703
22461
25057
442179
120358
45033
38299
38637
130848
155717
279838
94324
134636
377274
11903
76601
235842
58401
116284
137990
42955
388399
51648
14726
113521
11278
162843
13355
19460
47996
58790
59454
61093
174485
111052
59594
1353
42425
160828
189441
409822
289492
38647
334327
98951
71758
274246
209408
173989
264755
46602
143926
93947
129363
27796
3434
24965
225302
359135
97258
194989
14076
127197
241179
37901
102191
83976
167655
n 60 k 6
43067
314986
444528
499543
106734
78524
8385
447709
212624
134384
269745
212578
86023
395210
239350
188422
217054
160366
114451
558593
213445
10068
421073
421576
32292
125245
463253
275377
105568
462570
145356
115010
365343
280206
291915
111271
20366
523767
704977
343892
19377
209841
160849
125758
1065357
492820
728872
181401
746873
33053
210298
698988
241762
68833
677140
316178
200989
136775
122534
129223
30101
259186
19175
53469
82569
484520
483419
331693
134602
204509
125497
51810
60830
274438
719042
7713
8670
155284
243061
1023017
535536
91047
169949
111049
66668
180172
51981
455531
165145
228285
920098
1034767
71374
9332
498211
174116
650375
53232
21434
201013
n 70 k 6
1817088
449659
351251
527609
746842
264876
2776644
147492
110287
1916216
72670
2135444
237970
376413
2007113
14844
269551
798135
98395
84989
1417884
1613877
103242
2815059
568521
199383
1350644
312730
14410
326376
657778
785858
1083405
628928
439407
70327
881364
9704
25813
201077
205048
1216169
910096
57335
401632
563466
68108
76018
1124202
516891
681261
99721
923421
1641960
370750
110949
192427
1724519
79429
36034
20726
492443
648113
1384338
343660
627029
277929
1647715
826088
3970502
943732
762450
724858
166946
212695
34581
1309045
1024713
1087746
1949331
17702
167634
1491473
970257
585486
2838271
684154
12115
1525414
280450
579279
254993
479773
380775
106207
2311310
881739
868386
690346
202801
n 80 k 6
608644
1029376
496914
807229
1807366
1531576
4370520
536174
17058
54498
1475146
4543833
412144
147127
1372767
624498
1293665
89140
1427673
1099211
235027
656970
2479869
334274
789858
1038380
695157
651327
4573055
664890
3034079
370512
1510279
2166389
2861348
3645324
3019617
823096
230078
1140892
1767550
90251
904966
2952439
89326
569218
1302760
1074542
1086022
1906453
736543
1911888
214414
706230
730894
1324698
6977334
449331
3136317
1947425
2858774
726809
1410083
1044464
2241043
5425657
320923
2483847
187860
2630667
51689
902723
224298
210809
8137947
2376611
1612574
2656908
436687
4832983
23414
833550
1079835
1566766
1006781
3179604
2975886
2869127
1258156
456259
2212404
3797312
902674
464211
319746
895727
89629
715852
1633070
189980
n 90 k 6
930282
848848
362256
4933970
1218645
1854980
447162
1621477
491551
5450407
4404633
4947668
10641087
150949
877531
3007579
5760845
295637
3756925
2331083
466146
4926842
1273146
12707367
1724141
2818551
5432892
5752289
5614458
3532426
3128314
1977937
1995210
1885821
14977561
9833471
1575202
10425825
2191545
1888488
902714
27893
1248499
2063485
3401407
3190190
111929
3882440
1363700
1221978
595015
1163962
1714606
1518554
5078854
3060145
17740850
6505504
102582
5414805
374124
5167391
8939754
2291773
7051995
3194409
2636091
61416
4897398
888375
3685076
649006
4520445
3733435
1879303
11299330
3267329
7914705
197086
5468581
4937289
2359844
1996848
383287
2381624
675596
164982
4193353
2249796
7120981
4531096
2487374
1161162
4036603
683874
100376
478689
234048
1241774
197264
n 100 k 6
5416186
8599054
3634279
16015194
12464879
31134482
6446720
1168176
5132288
511365
2680779
8136992
8724999
196553
5548008
2895514
966733
783341
1225375
9798513
14225046
901668
15990850
11040941
2263738
1459349
2023591
909781
5026806
12589282
20934862
8401054
368414
6487346
251285
7568535
1265224
8075560
4434317
6391137
49053
12314117
2884563
3263102
2246239
5414915
5127935
3634667
463152
3496631
1431602
17635048
13044984
7108752
4871994
1119787
2951499
8504172
75653
15426897
11928904
8615782
1935646
2568456
11144412
8690813
3954058
6856275
4559600
6438159
5338938
5480665
5541650
13234324
2607066
9660074
15454283
3162630
5911994
414007
8827215
10172379
10489670
8801049
6429963
1479281
3416518
3564908
10544940
11986732
9163675
7737259
2195710
950836
19287193
2354904
483224
1930987
187243
3706998
