n 20 k 2
87
82
79
343
126
276
102
154
282
277
62
72
113
161
92
145
119
90
183
130
114
149
89
193
59
203
102
149
114
189
78
128
279
49
313
143
115
67
50
75
142
159
279
104
232
127
246
64
98
101
232
91
191
285
193
208
77
86
117
121
60
200
118
264
58
370
112
333
67
209
158
75
83
344
224
248
140
162
96
84
124
67
77
35
74
241
83
175
74
206
221
359
185
345
253
83
149
129
300
337
n 30 k 2
299
70
357
130
233
241
266
318
239
574
350
400
376
187
189
148
146
266
267
379
366
649
365
276
333
273
455
373
195
582
158
128
728
217
287
369
124
218
216
218
146
589
217
250
319
455
330
765
352
191
168
272
346
462
132
442
462
372
393
354
1019
329
302
209
372
93
700
984
499
414
413
228
292
186
295
392
296
177
259
137
284
918
132
111
395
91
95
139
151
191
289
131
312
284
378
238
349
140
449
524
n 40 k 2
294
1348
447
572
689
1696
1038
238
644
313
222
362
270
1296
1647
661
1181
810
237
947
407
550
100
1181
415
307
1695
369
483
634
628
371
1229
310
586
2023
527
420
614
364
708
279
467
269
473
670
803
594
870
433
182
1157
452
2481
1721
246
293
164
257
1008
569
299
472
699
478
639
269
332
1585
817
275
657
1719
700
131
562
724
129
520
452
384
170
834
276
739
179
446
733
345
520
207
667
710
367
193
368
780
404
283
149
n 50 k 2
171
354
862
389
1595
561
309
357
378
414
331
761
544
299
307
1041
484
897
266
565
999
993
389
894
715
375
697
871
336
744
1146
408
517
1273
494
238
487
539
393
575
691
605
510
530
230
254
1258
263
468
747
960
578
570
659
756
234
571
643
840
2227
437
920
691
354
246
1130
693
680
1084
1556
534
641
973
1205
1186
1109
1379
349
1387
662
2840
915
410
2360
642
519
451
969
387
987
1167
518
156
409
291
1304
659
753
1475
490
n 60 k 2
1478
669
2327
1188
430
860
335
629
831
861
4029
946
989
1076
302
677
499
3373
710
1274
1661
594
294
1250
919
973
479
1934
857
930
543
1145
643
757
535
946
989
633
1031
939
613
1317
1297
579
879
703
636
1418
1413
708
3031
1532
704
656
824
1141
1317
1258
1248
849
1148
952
2955
1737
730
1276
906
663
840
480
986
607
569
614
922
3099
2479
286
633
754
346
1201
1251
1854
559
838
391
544
1257
1311
214
1296
1256
1219
953
303
1571
496
683
481
n 70 k 2
577
1445
4955
869
1478
2048
1332
618
1859
1037
632
813
1353
1517
578
2171
1057
783
2182
1542
1631
1577
1399
615
1436
2039
917
1225
1216
799
670
1840
670
1042
692
1980
1062
1775
1451
976
688
1171
4034
2063
576
657
1317
607
448
1429
2127
2445
1311
860
596
645
1013
812
1788
861
845
474
2861
1172
799
1104
1418
339
2668
521
884
1323
483
1519
978
1510
2174
1460
1901
1460
1264
981
2053
1720
1227
801
1621
509
548
597
1055
710
1444
668
1855
1063
490
1645
1077
1682
n 80 k 2
623
925
4186
1640
926
3894
1920
542
798
624
1029
1076
4398
1785
1195
436
1057
1773
3439
642
2296
2797
1749
989
1835
713
581
1229
2651
3565
3573
2471
864
1587
945
2240
799
2068
4612
966
1327
3182
1083
811
3204
2927
1644
1034
2087
819
915
1350
1679
1461
2096
473
6860
3364
1155
4787
1479
4450
2081
1563
3223
2002
2346
986
1378
1725
5490
3913
4566
2800
2007
1122
2323
2165
1790
1770
560
1361
755
1510
817
1169
1184
4946
1266
4315
2252
1359
5094
1506
1734
2165
990
2960
465
2640
n 90 k 2
1809
1564
1356
1079
6380
952
907
1441
1782
3696
2256
1196
4039
1878
2693
1793
1404
3404
1449
2020
1284
1633
869
2230
2037
2979
2113
5770
3610
2477
4918
2908
2994
5048
3109
1304
670
4117
1108
1073
1456
914
1577
1293
1697
3285
1166
1650
978
4084
1933
2239
1189
683
713
1748
1990
7654
2073
1737
4431
1392
1356
3144
1315
2674
3110
1247
1353
1254
1582
3003
1246
3381
2224
3991
9972
1329
4834
2664
3878
526
1548
959
1704
722
1570
910
788
2886
804
2084
1799
1501
1831
901
1392
1683
4993
2341
n 100 k 2
1631
1946
6630
1326
1434
4515
1309
2635
2207
1357
2318
3960
5057
1427
5621
1544
4838
2182
3787
4580
4372
1580
1112
1742
1408
3040
1162
1197
1889
2074
7162
3359
4050
4273
3288
2330
3354
7608
1968
881
1612
3250
6635
3884
1888
2746
1791
1142
4219
2906
1296
983
2467
3592
802
3299
1624
3155
6771
1200
2672
3474
1106
1338
1083
1138
915
2006
3874
1059
5555
5663
4663
2584
1778
1503
6129
3827
3718
1861
1874
1085
7969
2021
1799
5145
1242
1913
1174
1726
1180
2004
3326
4442
4782
1261
1117
1081
2906
5054
n 20 k 3
157
106
246
478
58
102
124
579
54
259
152
334
164
144
194
188
314
285
214
626
99
303
350
297
98
586
89
174
322
865
293
108
216
526
228
76
193
922
218
261
194
247
253
145
87
286
266
332
459
809
177
118
442
596
388
1070
222
481
103
73
222
150
173
367
425
210
74
550
394
774
287
757
179
404
297
393
86
134
1661
277
128
390
298
201
214
474
131
540
239
128
83
106
69
435
172
145
186
72
213
134
n 30 k 3
229
332
526
172
549
1289
1692
543
892
178
402
700
280
4267
996
465
132
1362
1616
769
926
180
1544
304
3451
383
1410
1390
809
734
930
379
1035
597
1382
277
258
900
876
263
1534
1493
3770
723
266
1322
309
1215
1922
514
115
587
162
820
992
250
241
1103
214
39
2422
178
2824
178
286
1980
318
723
944
307
563
119
229
409
1209
726
140
229
2154
474
745
1149
486
309
402
1536
747
260
402
1124
211
682
127
223
297
576
1691
233
571
221
n 40 k 3
2182
1710
965
2494
150
2062
320
1970
752
472
348
3947
5462
531
215
2837
1421
1152
188
1777
1352
264
4149
707
218
3027
10102
3052
4773
382
838
2233
871
1742
5589
3250
1323
1435
1433
1207
457
1384
1077
2089
655
1680
195
525
471
3255
4349
2976
4033
1034
964
435
3530
688
214
1170
982
1797
2179
2751
2056
764
798
407
1099
198
1734
3537
1490
2195
281
459
619
933
1173
2355
1574
358
4216
9042
1096
3297
715
783
477
1850
586
4310
3709
584
3126
1884
1034
321
365
561
n 50 k 3
1137
2211
7963
1701
1197
646
5540
532
6423
1346
3085
1637
760
240
2561
1646
1390
437
2784
2521
604
706
355
1885
5136
1535
4243
574
2715
6340
560
892
2702
4317
6870
2949
6687
3644
3103
3830
6140
7078
1313
2748
1240
1436
2233
10378
620
3513
1836
6763
4606
2717
2092
3658
2962
1504
6760
9035
2133
5541
1769
421
2015
2745
693
6656
969
2588
4981
10978
9171
1353
2652
1067
7499
1850
3925
4001
1487
2399
2461
7325
1767
2910
4990
2911
4336
1719
1512
774
7488
8701
1855
7979
5596
789
1432
3486
n 60 k 3
3229
14526
5915
1714
6914
1076
10881
16588
3326
14473
4756
3895
15803
6035
3480
1803
5011
1064
4296
2279
16045
1038
4472
3308
21251
2795
8175
2902
912
16601
6624
6719
1068
633
2335
6430
2694
1589
3703
3506
749
4998
2822
1020
7054
1983
10100
3847
20432
3038
9488
20806
1257
5959
7913
4295
1254
3321
4805
1719
6028
3681
8374
3888
3916
3206
3594
7193
568
8347
5127
5292
1836
2669
4933
14423
7862
17834
1329
1944
7126
2958
9992
12994
3191
2330
6486
6010
13200
17884
3748
24369
1605
6804
12570
1573
4511
834
1233
655
n 70 k 3
3641
16612
7340
23671
2656
15695
3594
8201
6316
5126
1834
1933
11040
1479
32362
3936
3467
31808
8500
1844
23336
5780
1513
9301
5723
4427
4387
1088
3961
12349
8384
10178
34500
3664
3431
8592
19639
12341
6968
16958
9428
4353
15089
9010
5061
7786
17105
6613
14941
8218
540
10377
6076
9026
8203
4732
15832
3128
4631
32076
2066
1227
1461
2220
2855
802
4067
9068
11966
2212
6136
8055
1765
7192
8837
4675
8974
6619
17623
756
26859
6181
11018
3072
25200
24328
4353
8333
1635
7466
1705
4370
11977
32262
21465
1399
950
3390
4436
9217
n 80 k 3
27347
7565
23977
3623
9255
4341
11944
10374
3491
30859
9842
7096
4656
4689
1683
13309
16198
7587
11939
10578
11558
7580
18493
8259
12438
3051
5630
6967
6334
19340
12338
12102
26417
1954
1480
1450
12523
17885
6206
9726
8469
6504
44128
8960
27179
42658
2138
43005
14232
21079
10109
3554
35441
4171
9160
10395
20247
6843
25680
11145
7507
10297
5274
13325
35090
34552
9026
6111
19157
31332
7467
16073
7412
2862
12502
16802
3938
10652
12816
27147
4267
7468
16252
6876
12532
6517
4282
6986
11432
15934
36754
11197
12521
1747
8876
5672
3776
22440
10093
38729
n 90 k 3
5411
20112
22083
5971
29638
6806
1235
14719
12718
16511
12546
7566
20161
13303
19044
4009
14566
2254
9354
18255
13165
13742
1154
17466
8537
30446
15039
18909
14362
5067
9103
20129
3843
6787
2161
18944
40711
7284
18974
2779
5928
43046
17533
26327
9139
8354
32586
7151
1507
21701
5664
28704
12199
5058
37429
3880
6244
27564
12836
9445
23755
11232
10348
44759
7958
28691
4264
26031
13484
7541
9318
14452
10726
34812
1280
11304
12395
47316
25020
17235
4608
29791
17769
12878
14119
19418
27695
20657
12347
41727
32983
10581
8182
2039
11901
3943
14620
9036
5604
18655
n 100 k 3
3287
8646
3811
21146
18282
14291
3020
56920
13240
13206
32768
16820
104302
14994
3320
19562
2488
19378
21261
20841
4429
8968
3285
4905
31038
34846
22398
8558
8325
32246
19557
19208
155378
13938
39404
27046
36510
10997
30864
34724
14853
31076
4169
113823
7153
2236
33138
50964
22982
36748
9753
22443
31369
8570
4791
55107
8234
8153
63660
19091
40072
32304
35451
3047
4028
46293
8208
11593
21687
12763
44052
15562
11714
23594
25938
4566
31507
3982
11141
1952
61680
7224
1385
87957
53676
13925
56716
18525
12060
15008
44182
13215
5090
15194
55297
29897
5402
15715
38812
20929
n 20 k 4
911
743
646
823
967
529
2158
547
373
127
46
269
715
830
571
360
272
986
1152
224
1954
78
434
524
1233
127
414
1898
509
1392
113
502
1094
568
420
413
66
451
557
586
655
71
321
521
583
327
65
528
394
1844
1357
214
620
375
463
151
455
190
613
137
244
242
290
131
109
1020
52
250
1802
102
2011
475
907
493
1066
492
235
495
263
413
850
93
328
348
972
814
101
302
15
237
336
285
375
61
341
451
171
153
287
396
n 30 k 4
1503
3155
201
1359
3018
798
831
155
2802
364
1863
454
1501
189
2345
978
2913
1037
1023
4719
5873
544
599
1974
997
1326
5841
221
303
3735
2149
1620
3128
1032
5425
3348
1403
815
4219
2561
2273
4779
70
872
2199
966
2785
2309
384
8299
1440
1083
663
1972
2763
3360
600
657
1153
1135
1931
709
2682
422
1158
517
3717
288
215
2198
10568
682
2749
469
7572
4761
2859
3763
737
378
6383
6462
307
594
529
2868
1817
1589
3028
479
1361
489
2492
232
1227
2557
1127
125
1294
492
n 40 k 4
9720
4992
6239
22547
2147
933
20964
4073
4399
1906
822
24611
3941
3160
20198
6760
6517
6101
3784
7695
7589
4200
1698
13147
8187
1857
729
3498
500
7911
1798
5843
1883
361
3310
3426
6679
17222
7318
8205
8873
5730
8209
2074
8373
1033
1908
10269
6525
6344
791
6870
12151
9096
1276
6407
6949
2852
6373
7872
14129
2775
9790
2582
617
4629
8721
10949
3966
15971
5385
1419
9272
3534
5131
3516
2249
9439
1258
9306
2214
25476
3531
1394
3155
543
10958
4350
1229
4771
5295
4633
13927
1331
4452
7657
8858
421
12319
2141
n 50 k 4
577
2937
13488
2304
2196
4907
44507
2910
61231
14648
6482
10924
9434
4147
6832
5012
26433
11156
4555
42592
1775
1674
16796
5290
32580
19257
5409
6329
17879
17704
25942
5009
5044
17788
14843
8522
4214
29915
5167
1780
7832
6930
11076
27894
7871
4460
5707
1127
15357
2443
3023
2957
23921
6969
2171
24618
10059
2190
2572
1800
24960
604
8352
11739
4918
2884
30581
9375
27946
501
26737
13117
3705
28236
2610
4170
7080
4819
14926
15794
8298
6559
33111
33223
16495
3485
2358
1823
868
12997
2643
7622
9319
523
15056
49344
28700
3779
10064
18214
n 60 k 4
33185
5935
3344
11270
67936
9383
38193
21944
10081
25690
1475
34126
45882
13398
27812
5883
13574
6614
47749
32900
14323
3297
20829
16243
17260
40626
8576
569
25595
5906
23772
11925
8525
31278
13401
7721
34894
7479
39920
33449
2247
39892
19498
9584
14419
21676
13668
26857
36426
12968
19337
7779
20945
48103
1353
36389
9194
2361
489
2575
14458
6073
81217
6095
23677
11227
30401
12573
712
1961
5820
26783
83752
19974
13100
2211
63365
10232
62793
1895
13658
4054
19634
16369
5736
15332
34785
26900
81873
27462
18897
51311
5400
6021
32293
4173
42804
48961
4898
25805
n 70 k 4
76566
17456
90259
5006
65040
58410
26691
98644
96351
24118
11494
4385
20516
4070
29784
9820
44380
135240
26509
26306
36698
3486
19773
56594
25257
15569
9955
23742
41005
5139
26266
22018
5779
9162
71991
18443
201372
39767
7335
16305
10816
65686
14258
41109
115776
17597
67595
38052
41214
1699
6050
16886
59355
107879
5602
103804
61321
24605
79158
14757
135991
31733
87019
22452
8354
14531
8187
26622
10548
61171
95043
55444
73638
17698
37106
65667
73975
185917
82085
77989
32992
139684
3917
3906
44121
34783
7208
4816
68226
16270
1772
43895
48938
26826
91640
2238
49286
56346
233939
22190
n 80 k 4
98731
121966
198504
83422
37864
68008
101664
8507
16217
58066
9225
94374
36535
214044
162386
11789
3703
53591
97756
13467
148011
59289
235333
6544
120200
199866
18041
172228
135057
23238
139416
93863
81153
27025
94118
78596
114673
23492
5696
89082
65440
193855
20030
22344
76732
26585
47003
167866
155321
29262
136361
36461
137182
63804
37953
54037
27836
49607
12019
47308
2748
27427
114124
243913
47968
15363
76791
290761
72851
50858
20513
13787
20000
9701
145305
6480
11429
26517
7403
92487
12783
57620
33186
47297
25544
22562
14122
6389
124777
63504
38896
91186
8656
178934
68222
21845
46606
269436
37940
39209
n 90 k 4
63901
27794
35393
86057
100134
6354
121627
258434
9514
21379
141638
128640
76180
263825
60852
377813
124912
65054
74210
200745
96874
50431
73825
24631
202389
160517
166091
49956
188933
181432
45074
184701
20894
95997
106035
354006
324122
25808
25305
11279
215961
149455
191912
356106
237698
513145
17735
15617
209012
47243
181037
78845
101536
89997
48428
101207
43616
12132
207064
16789
14422
11915
174233
178963
2309
81291
43267
3073
43775
110581
197007
8727
444406
106157
15207
76169
75452
22684
17624
336339
22826
48829
35181
94181
161605
329928
72963
145434
276109
64204
52928
101898
65641
50183
103865
13649
31620
165040
161630
165644
n 100 k 4
111035
67885
127354
55154
14810
31769
767298
85113
155422
98450
32122
25753
231965
5368
106738
146671
65601
279906
528467
549580
4082
176390
41592
282269
57985
86896
162450
377225
111218
256935
509793
128393
162113
263660
347620
125973
27978
22442
96490
235991
256559
44932
221641
15204
158063
44535
31470
116743
229867
90917
18821
5856
93568
40145
18820
12390
13374
61797
24476
57386
605198
247068
103860
74555
64331
345222
151568
247455
77209
200646
14926
35142
491941
158229
166514
16676
56895
28722
87155
467186
287104
43829
67773
246702
16540
123420
539787
403727
238957
265842
24143
64465
344291
154809
157407
40386
145460
245888
31389
14150
n 20 k 5
850
203
822
2548
883
1602
215
748
180
814
499
1332
219
3084
274
1795
750
105
904
1488
389
1688
549
65
304
94
101
202
471
409
308
2211
1606
1067
1775
519
197
670
85
521
419
150
81
725
1804
184
263
527
2488
1837
1579
154
3894
655
788
265
121
1262
2173
200
1639
94
4906
795
683
1362
222
781
844
343
1229
1729
419
536
2098
695
925
894
139
871
453
1061
313
248
2036
617
1254
1640
1029
295
883
362
510
613
383
3122
340
805
523
2801
n 30 k 5
2639
3294
1641
12452
4739
2587
1500
3789
6316
6639
5422
1742
296
11700
9355
2236
5164
2467
5633
3035
5538
867
1299
729
2488
8249
9263
7392
1228
1135
803
1082
10002
1194
813
4360
2088
1265
2296
2227
1661
747
1465
584
1624
1204
4596
6063
11361
5783
2582
1048
4298
10888
3860
2662
1134
6654
2560
1499
19366
2661
3137
3299
5202
2709
3993
14000
240
5548
2326
4370
3737
1832
1551
2927
6057
14588
7789
2232
3833
4893
2472
2895
6942
455
3518
4108
1144
1375
3066
1010
2325
2934
1723
10860
4967
5369
3370
3298
n 40 k 5
17883
19695
2314
4454
7684
11005
39708
11890
3337
25490
7815
1652
1529
2617
14181
2250
1036
17428
68764
6448
5091
4469
14740
932
26185
15184
41472
19206
7059
933
429
60116
8488
2599
24037
15301
11003
32050
13075
9772
10342
2068
19147
205
53161
48326
15702
3987
2333
1278
12736
12804
3854
3863
14877
10832
982
67675
607
2841
2895
20685
16349
12418
21481
848
2830
30778
56834
49329
8452
700
24853
10293
11158
877
23801
13658
2171
5299
20578
5289
22852
11000
8333
17067
24729
14946
3687
2717
10486
755
21968
18353
5004
17043
5231
12887
15544
1350
n 50 k 5
72033
4737
61577
24206
65220
45349
67441
115756
73307
67115
81563
14030
14743
48109
19537
73502
5007
99936
56964
47854
11313
73333
2920
57973
33637
35723
18294
121579
44064
49284
7893
109514
39579
7211
1634
53929
70011
61802
37935
7920
37459
122164
4279
31209
5313
18161
1316
59377
5471
52371
137783
71365
51022
142043
1764
40005
3479
7431
66926
52287
2331
4223
2735
98471
28747
150863
83668
11815
78885
137585
21042
73989
265487
26450
131366
73025
32380
32730
4619
7242
20911
66963
2163
15472
359
56362
18097
78548
18063
19157
43361
7209
27872
27489
49483
5318
11549
19289
6123
202916
n 60 k 5
303917
4236
40502
14664
53858
25971
87535
20504
5208
415601
96947
161113
12803
200749
462718
201970
64620
39755
100734
39603
31560
186314
246379
87638
45240
63769
43646
20897
54115
11185
62271
10087
41848
82786
104961
5192
23196
7074
7455
5396
19366
105184
132443
235937
17393
10853
211517
134990
44835
36002
80148
74931
316833
112010
41367
59422
93915
5678
58958
100811
6243
45149
23116
55151
212772
123550
10258
107237
4906
65430
30057
50537
84181
432331
401585
13049
34849
2170
5877
174918
174345
26191
11169
9756
112503
408343
37051
37254
155170
67519
204606
32988
55502
90095
103108
58320
66499
71746
132370
135817
n 70 k 5
366524
4298
51281
192092
18112
918781
390080
167480
156328
8155
93142
210643
299281
124202
23077
115630
148960
108778
162159
54083
372363
37246
59945
195025
26587
260601
65933
40881
42581
110446
65979
208032
50492
77223
18593
529489
48706
200660
70802
60486
72474
208292
227644
261701
124648
97683
410266
462802
37377
124755
135433
672962
282246
310784
113225
10163
106449
57604
245064
80271
51050
1100198
221020
6589
8826
625662
58016
8829
592357
366267
140046
274696
374026
56467
240677
88849
5688
225404
37128
464619
73550
108825
289212
620318
71819
169349
177961
86323
88571
29454
506427
32745
265659
56641
212755
177241
86504
396851
245969
114242
n 80 k 5
253472
640309
69505
276702
1556829
14142
355589
591499
387383
189551
750716
116300
593516
180028
16651
126512
795059
19329
144753
166963
157262
889616
101271
569888
375139
595428
605660
207609
650611
1803366
978866
538870
194101
777133
105498
6735
836250
247205
202849
545500
89350
14339
936638
924623
889011
15352
169131
41559
228968
358857
34489
395341
328120
99236
137781
1332265
407905
797991
700503
88411
197292
1097364
176930
472633
69740
450180
378489
55636
89562
815957
218777
334149
702647
101130
226581
428082
261112
214338
283451
867120
44781
960115
38536
384211
278262
1032667
367535
315906
437789
200133
672565
74032
1351561
789098
149925
541304
54624
79058
851319
211733
n 90 k 5
2308982
143933
801510
696628
939411
247558
205701
331155
1798885
321916
861705
395603
1235997
1297866
1256283
184316
2681365
1808452
395566
9135
1301516
847906
555616
632356
458523
282601
130910
285329
649226
1145408
333295
317155
184142
204248
352055
1290202
2597412
7293
131173
950706
1371661
935641
11901
151910
1740658
501269
676099
743592
369173
285241
1752498
51371
316795
789169
125162
160101
934394
1531350
95435
26104
202142
750949
413450
75011
348278
97866
225595
242047
264532
360069
523175
203053
133385
67682
418368
38917
607796
216801
10907
18488
264831
447953
2907882
219269
101212
477029
261631
46080
46400
4017791
415936
633796
1389007
104977
367988
2796575
1147284
239678
1240853
598373
n 100 k 5
544454
893530
1298321
1322086
730803
2115182
2457228
1897413
781309
2022104
1824573
529889
2708883
3670820
347600
5170953
424530
363767
1549458
1964330
759624
2075906
200863
1820426
968540
142291
2511484
391380
1498440
729579
1064151
73772
672754
3285740
204823
358838
1271815
181022
470595
3005515
247609
907530
2057149
1901661
864860
323385
317587
213028
793021
585185
183705
579683
1802212
195321
166171
1117880
3974
1391892
40307
546552
675708
24398
136167
280044
1976868
1121774
1445623
2012439
1019280
2787644
707548
1516033
1251988
548275
1594652
536739
315883
340196
1709007
177301
310895
82927
2415262
1282202
410868
1028311
32259
2102290
1729735
638807
2795270
1981711
1346745
839563
519256
263074
1468012
2650061
1075834
95382
n 20 k 6
1599
933
276
1213
898
675
143
243
1659
1615
255
919
1072
160
461
290
162
1179
4075
643
506
2010
574
1020
1042
219
193
3396
117
336
593
2654
379
478
110
145
1323
997
350
1836
1481
969
1567
638
1749
591
1635
1796
299
295
260
90
190
982
403
473
126
2039
989
797
4438
410
451
2260
1007
1310
852
682
74
1491
2075
4559
1755
297
294
752
1118
619
77
1621
318
935
364
265
297
600
366
959
4833
262
798
126
1638
364
3018
413
1068
445
1925
199
n 30 k 6
1490
5629
6530
808
9948
2585
9690
877
3298
10110
4421
1584
2437
8843
15266
13225
316
3806
1759
8624
811
7135
19002
16382
732
10383
3768
1291
6416
15641
5326
1701
3714
6257
2368
692
2625
10812
6911
22673
2733
266
201
2645
8414
10982
368
8967
847
6273
5749
3307
4482
5061
1112
6796
9529
1521
8497
2615
11375
4061
826
11348
26945
4525
4165
280
1013
9038
28170
10012
5351
1768
428
3064
862
8804
7869
6206
4917
1888
888
5966
3688
2814
1451
19814
2894
6344
6320
5243
3376
15131
503
6785
2223
7366
17215
6349
n 40 k 6
541
7006
21742
63806
7804
21842
35509
39795
74732
13887
4954
116399
8979
12594
7490
9596
50913
66305
9921
68181
1914
14488
46307
15118
95867
5093
20128
2562
10518
6174
15829
3942
12063
11955
46783
36464
4829
118886
99718
1041
3819
38801
8523
34203
18326
1160
13484
38879
1158
16236
43114
48424
12805
27852
7087
28298
20480
22116
1182
11014
3472
60558
10751
11945
11690
29390
10580
73335
7550
29583
33663
45670
57907
17087
583
5243
257
10585
29401
42183
80207
49452
34936
13406
12710
68938
56393
442
57877
569
49491
11887
1352
10582
32756
22897
63610
10272
205318
28914
n 50 k 6
215368
43988
115023
345486
102646
190068
30897
74771
91047
67888
84161
190426
22473
62780
15406
144980
29690
94096
40283
151434
73209
109059
5111
91452
71763
5326
59586
67283
5930
30013
235770
144605
116888
72445
88015
41338
103783
68759
260196
32905
3367
232414
215038
112838
74944
5728
49869
23990
98973
84151
14194
82135
40202
132266
160315
18446
314052
1755
144720
172100
31131
57824
276067
58289
24723
72840
49183
84659
140298
130540
13334
678316
7995
10417
4886
54070
85236
4836
94127
97403
21253
132148
83843
19894
85850
157149
24776
4954
43390
148753
62402
2307
132917
106797
101107
19595
13961
146873
16961
148693
n 60 k 6
92668
21040
1883
139477
102102
31072
467407
215104
1374621
335759
363527
194465
327900
141611
544187
41405
21727
30485
27817
370964
5571
102239
527728
1041359
190834
201282
1040931
609669
1400224
42393
61788
284726
504661
165202
16593
534640
107760
484231
139053
161642
15184
94490
28637
158969
167839
333574
74877
62352
92010
373425
230713
97238
20693
66769
55329
813857
210745
200634
59032
1196768
790260
229181
418662
27901
358428
126852
800444
37858
1270637
460087
809820
450720
519338
166780
47081
55439
373186
186392
54369
839949
264029
267896
201360
45378
344749
17406
31330
1211799
166809
144004
98132
2434
502987
744941
2444
88641
270291
926904
71571
171150
n 70 k 6
578518
660494
1274881
700399
421490
2151858
33691
233199
852345
117726
100157
727806
184110
402400
97894
15595
1420869
647382
323016
1459315
878792
1176989
98045
4066923
1060066
784019
164705
1147820
1946534
168106
4414647
338368
45524
1290537
599267
784515
25182
700241
2293001
1173660
552267
1556932
16659
255256
1435902
2312644
63539
604391
988620
14911
321653
47466
602743
639118
236136
429340
542760
332617
991740
1622347
1163738
635367
43257
875062
405929
1808735
341415
1010897
710330
159382
252338
63060
2611799
109878
308919
1632617
804138
485817
459459
535847
723575
769081
1345924
2052714
80689
629416
320496
898610
2021476
6014801
35796
219528
1427281
136195
1818123
977153
484174
194622
1452204
717115
n 80 k 6
413731
27303
3469010
31529
48023
2151191
3963449
715191
821665
359877
2619340
1167459
101983
201443
3655778
782182
297905
587806
1924470
1949014
23238
444044
465539
3049864
1138853
550853
4666575
12164
1669199
1858328
1053094
3581531
3607130
8549644
17726
483563
463736
95567
2649981
1351766
2198936
717369
469305
64298
255313
980510
2791768
1192010
262719
3069420
538072
4273491
682892
87479
268922
961586
937116
2314233
1229116
4728947
3662255
827629
87922
678709
7056278
136259
1014712
2331112
565802
446227
1031184
444974
4189925
1742307
1664472
60558
2378157
1253019
1002104
5345301
2195630
242454
1694591
2374834
1841975
5007169
2913372
678040
10154
744204
3039144
384881
744753
1755550
726763
756368
884299
2134005
7866
2242877
n 90 k 6
2503537
774036
4786546
483369
4430477
2687782
2410173
156322
104084
364835
9323620
10054099
557818
2579781
697519
2674104
6316579
5838586
2806606
635383
3597221
1231992
3670435
284371
7352876
10116862
834372
1063740
271065
377798
2043916
6325970
2030155
921628
3799554
4459410
508502
1692518
1819904
893519
6826944
9846557
3253971
1175663
405015
1344783
8616601
5160665
4737898
126601
8124678
3024299
9465505
454150
2748313
352210
54771
2346266
3905397
1261495
2283859
2136034
5361384
14285157
1049659
159457
4180906
5355050
3057977
988171
2449868
3765397
1134770
6153451
2301140
2502132
2156650
243393
3307599
2447891
9391476
3760747
503444
1215571
3342270
4372684
9131677
406237
4812211
2292459
5367828
4248559
3517517
4249995
64339
4416063
4445986
229691
1157698
1341429
n 100 k 6
8777
2812345
7083442
7488052
5133133
1239967
4547637
3993801
639219
3232244
2124776
7362881
27525
1965422
21644562
1446546
3029458
1020918
11096825
4703476
22837124
2789150
3285164
14202027
5595087
6331735
8826690
3050166
1521998
755008
1137515
5164459
1312651
8170656
405718
8416829
2295561
15947940
865369
8187659
3781832
11511475
508995
7630292
12124023
555499
9522871
655179
884780
2819284
12520451
11207696
6067856
514947
12378237
2277115
6925167
387468
21249096
10433321
7160131
149856
5064352
5235166
4286366
18506897
3491853
2076194
1961993
447092
5529517
6119048
13617496
4775370
1025097
3746093
12908753
7141171
11020842
25109874
4003644
5260349
15126602
3810085
2641925
2601566
2433161
4460847
5140235
1729844
4742537
2990956
2347133
12740243
1643599
1071495
7338632
7293001
139629
13211082
