n 20 k 2
404
68
154
78
64
64
167
99
174
183
289
51
31
42
158
158
80
189
122
64
243
277
398
100
184
126
84
145
348
347
101
171
105
111
49
120
40
105
82
123
134
386
109
89
100
192
325
81
62
195
204
157
80
202
359
89
238
345
35
140
130
121
150
98
89
84
139
160
131
130
159
63
107
48
97
76
55
89
251
54
132
56
100
222
71
156
161
61
153
90
142
166
102
169
128
44
286
192
181
56
n 30 k 2
168
290
72
215
229
327
565
311
163
899
424
849
323
136
207
447
135
366
364
293
364
347
154
526
128
131
166
162
222
167
318
317
471
85
142
248
484
351
568
294
257
147
370
348
322
219
363
412
171
220
168
148
414
648
235
78
222
96
180
250
245
293
304
204
240
176
147
160
949
317
462
98
244
282
337
444
861
322
728
119
410
732
241
309
269
252
391
398
309
524
237
155
439
701
133
140
273
491
202
312
n 40 k 2
452
715
314
300
1200
419
210
378
250
209
283
243
285
392
293
301
755
625
535
613
1546
492
518
574
242
919
544
466
463
281
941
776
394
455
631
437
497
670
808
201
435
999
351
183
801
221
115
635
475
569
1064
167
465
467
431
581
561
249
295
750
867
628
718
382
327
430
149
231
353
183
893
516
445
228
143
812
1007
501
389
456
399
437
793
248
364
338
1131
1039
248
299
241
738
178
935
668
373
254
861
338
208
n 50 k 2
1017
2313
808
319
806
2106
454
389
825
1164
407
668
645
588
1201
557
411
1487
577
221
1311
830
603
1633
797
344
550
2654
1007
417
499
608
1037
1041
463
743
1214
206
323
344
543
771
1186
659
802
1130
295
999
1177
386
925
457
464
315
242
444
719
695
233
571
930
753
400
573
1518
208
795
234
316
668
562
1490
176
879
1335
778
298
1024
1246
365
704
1128
989
1177
326
538
315
1007
1118
883
1460
234
572
352
1876
1678
380
699
1662
438
n 60 k 2
699
901
608
372
1080
791
2575
2131
1151
1078
1423
625
1117
1313
1313
707
768
427
2446
4224
677
773
364
462
513
583
4221
496
2854
936
688
1395
559
788
1893
1943
2976
2460
354
452
838
298
896
1953
958
1936
1448
1208
935
1884
686
996
1996
508
861
442
479
572
789
744
356
4575
774
670
1289
640
3536
1211
626
557
782
2701
514
1032
737
1064
1558
1894
911
1480
1117
545
908
388
1092
566
1505
545
1226
1402
378
661
456
742
688
1494
861
721
585
1492
n 70 k 2
1010
1752
2950
588
1665
507
918
2869
1309
982
543
1114
2335
5044
779
633
1662
1090
4591
1729
1512
1451
1459
2923
903
1067
1347
1940
839
670
1353
1954
2001
956
578
1303
1588
2261
1054
1155
3952
1303
1011
1385
1182
1107
1436
830
1029
2051
1506
1534
2245
731
624
614
1765
1918
3952
366
2928
2869
616
1775
864
1989
961
2113
484
806
3883
1191
602
1227
2160
854
1955
360
476
1436
2946
1228
2263
1644
643
2537
1156
2283
913
1144
1258
703
1013
894
673
1251
995
2356
1141
1297
n 80 k 2
718
1173
665
660
2171
2549
1698
807
2276
4125
511
891
698
1886
1011
1699
3057
1997
3252
886
732
1595
940
2062
2699
2238
1177
1359
1598
693
2535
1634
1240
867
464
544
1910
7803
1350
3393
862
2412
2898
1479
980
1129
1253
1221
4932
1219
1443
3018
822
1225
2228
1747
4248
1026
643
1315
745
495
1101
3606
592
2740
515
3198
4433
722
794
1696
3551
4087
1202
3156
709
789
1440
895
1889
2807
3407
1466
1223
1555
1506
924
1412
3205
1391
2049
4715
730
1199
824
3457
580
645
1758
n 90 k 2
2254
1526
1471
3097
2053
6240
1484
1801
1260
3810
1874
2091
873
3699
4086
1096
2810
1207
2249
4596
5433
1963
5352
1448
4367
1043
1491
3644
4648
1759
1551
1968
2398
3317
2035
2487
1091
3134
996
4695
1601
1417
1274
2701
2259
1418
2455
2209
3584
3247
3639
1922
1108
1838
1224
1322
2206
2258
4744
1811
885
1454
838
545
3304
1310
692
1973
858
3616
2005
2197
1108
1253
833
3095
1264
2979
1782
2157
2448
2643
2527
2360
4180
1594
1960
1235
1253
998
1005
1192
1337
803
4403
2622
2896
3575
1132
1852
n 100 k 2
2352
2701
9528
2468
1767
1274
1396
2070
1796
1792
3206
848
1694
1988
5094
1789
1428
1673
3298
1395
4422
10711
1408
1830
2270
1854
1460
2481
1666
1660
6281
2694
1923
1627
3977
1506
1501
1183
1774
3426
994
5227
2394
2003
1642
2796
811
1392
1903
4888
1875
3099
1152
1799
1337
2585
1422
3818
1707
3104
8189
6009
7806
2411
2342
1654
1727
5206
1581
2524
8036
3157
1482
3028
2276
3104
3849
1022
1120
2858
2517
4205
2389
4385
979
2474
1448
2602
820
1295
2889
3340
2282
1808
11146
1051
925
2156
9269
5211
n 20 k 3
92
620
185
107
409
57
930
81
512
106
93
575
897
100
1239
240
338
142
87
305
286
412
84
53
236
269
371
102
168
149
232
283
416
121
61
1132
461
467
135
800
183
123
304
151
387
140
557
266
316
418
156
168
510
1270
429
724
391
159
191
117
408
70
535
594
164
121
1318
119
82
139
436
377
243
314
253
70
323
114
109
194
704
620
808
257
37
605
102
464
142
330
168
337
167
348
129
208
219
663
52
315
n 30 k 3
269
412
209
475
710
374
151
2236
1283
4204
385
120
158
313
587
184
2661
130
549
702
167
778
205
679
367
231
3777
690
869
497
863
1396
2589
261
955
677
1093
4339
1569
1023
749
428
323
1090
960
376
1356
147
285
219
194
411
2156
589
403
989
208
721
396
1769
1106
798
352
1935
1081
213
1096
897
1486
105
210
1264
193
2315
1770
1750
400
651
162
1066
398
433
345
682
452
265
843
934
272
904
1208
1671
589
235
1445
817
1052
2634
2519
269
n 40 k 3
532
6121
332
615
1294
1130
1196
1371
1074
788
9235
575
1538
382
2585
2131
1293
4806
602
4029
4435
385
1858
356
1708
2880
1201
288
1491
2426
4370
2071
1911
1312
466
821
3486
1200
477
484
630
1313
1416
597
347
4541
1348
1021
1594
900
581
1784
1073
814
341
1620
2884
2524
304
1501
814
1048
3065
2107
2618
334
1201
1457
1131
2085
1629
1217
1162
289
683
2109
1888
688
1082
922
3500
2005
140
245
1643
1642
2528
1041
5152
4191
1523
206
2231
1146
1543
684
394
378
559
736
n 50 k 3
299
3620
1035
7350
2210
1967
1845
3452
961
1892
7987
3266
7537
2362
1524
1135
2969
11615
3920
3200
2105
516
3852
4449
2208
1529
2426
14674
958
1205
4104
4639
3890
1151
320
8729
3410
280
2813
5156
2512
4955
2409
1389
941
3580
1589
2581
2030
3921
472
3428
4533
3301
734
4384
1166
1485
4227
3424
1627
9112
2879
4143
1564
4368
11833
2853
3752
3766
3397
747
1940
3472
803
1751
1220
1469
2906
1484
10254
2084
1692
306
4378
1660
9246
982
988
1068
1221
1268
1162
3866
4075
2683
5517
811
6306
5864
n 60 k 3
8262
4018
4613
11262
9843
7715
1905
1384
4398
704
1921
7984
5787
386
1834
1789
494
3816
1924
6424
2580
4348
1166
8389
1777
396
8663
2976
4100
16305
1430
3215
9388
3129
10354
4404
13853
6148
2023
2863
684
16186
4201
9833
6282
4933
3084
1247
6636
1846
4604
5939
8152
1080
3908
8847
14496
543
6323
12944
5267
1378
1809
4447
1963
1908
3185
1213
8361
2256
6366
11979
2783
5253
2124
6063
8132
11618
554
2155
6965
2897
5351
3809
2123
3957
2185
5407
806
756
16292
1128
3042
1021
7052
4867
7286
995
3084
994
n 70 k 3
3892
10072
23877
23269
2517
5380
1837
30490
1755
3890
3556
6863
4539
5570
7488
2004
5176
5725
22862
745
1533
5560
7155
12296
4496
8996
1949
5208
5532
11236
1973
1241
7377
9122
3370
3090
4934
11359
3846
12638
6721
8562
1028
2948
2205
19617
6627
2566
8539
43416
5142
6541
3943
7538
2841
13388
4024
1703
10851
9922
1519
44724
3579
2481
2876
5245
860
9071
7497
3431
8000
4412
9303
18490
16119
6036
2769
4616
17617
1253
5122
1709
4102
5810
10955
10967
1738
23547
3477
1445
10414
8829
1309
1459
3630
9673
3309
39387
3804
2249
n 80 k 3
2631
30835
11873
8875
16199
10163
12137
15167
30890
6684
1461
3616
13486
2882
7838
29370
6124
4700
13654
24575
2477
9585
2978
12637
24709
5922
3216
44892
13370
14211
56329
5202
6366
3268
9536
9187
3972
3017
6722
1527
19283
13648
18941
5366
31044
3971
2063
22777
11296
4524
7829
12547
11439
14370
14083
6189
4426
20935
11705
14139
8205
15508
4305
6545
17507
1659
8125
4160
7883
1389
26752
4921
33627
2847
2026
9922
28362
21032
5498
16082
2917
7200
28114
3377
21931
2145
28112
23203
8211
5552
17240
7976
18928
22721
15782
9100
2362
6884
844
13478
n 90 k 3
11137
31994
19418
17393
14293
20949
4171
1875
42814
27590
24467
3719
6138
11228
46371
1910
3890
4009
21491
46962
8427
7777
19491
6734
17514
6590
26963
5250
14852
2651
47640
29860
4282
8797
7600
40763
23938
10342
14934
36878
5961
14149
10331
2976
43671
13911
12192
1930
12509
2390
7902
1338
24584
7756
30045
5472
8147
32826
13433
18635
6238
10162
5259
34300
14858
23161
10745
17961
2138
11775
4509
16181
13900
2042
9502
26745
854
32140
1746
24253
10952
3619
17394
36926
27230
30193
3967
7392
8365
22513
10184
27312
3489
10935
23257
6414
87801
7205
34537
10390
n 100 k 3
34716
38896
16871
14747
7320
35648
50470
7991
48319
8765
25383
14563
23453
41822
1336
58458
19470
6893
31062
41233
25700
2650
26005
5410
28407
33180
6315
9647
7402
4070
3994
9652
9526
12280
19338
19565
5345
1969
20827
5443
27221
42366
13773
5925
63796
39135
14584
11828
47011
21721
18860
9650
23965
3920
38843
13571
1553
2287
21101
13961
2154
45457
25295
6884
9047
5993
6250
8006
11336
8859
26730
15072
6872
89166
24601
35739
79025
23406
3608
25377
4480
18341
4159
11601
7073
33482
13980
22356
2709
17993
48110
48167
35671
20312
2813
28573
61715
12261
26786
54168
n 20 k 4
247
1107
44
197
281
790
147
784
407
231
69
259
135
1157
169
306
249
406
65
220
870
182
513
388
1340
118
410
215
583
171
207
691
870
542
170
1130
191
335
198
417
228
368
209
679
227
527
750
352
109
1010
437
425
409
924
552
456
1152
639
922
1089
374
522
260
722
866
1625
158
411
208
917
571
177
1635
203
778
276
221
669
1013
422
1937
970
78
583
752
2819
1588
27
227
1427
557
277
79
1086
305
1382
100
403
1048
397
n 30 k 4
176
1901
7827
3277
445
1620
2866
1020
1158
845
3197
3453
1799
1388
5378
3630
705
542
7991
462
234
1667
1126
1249
2659
682
815
1765
848
374
2755
987
1251
5182
220
2458
1705
1075
1135
95
3719
5644
1620
630
1563
1631
523
489
4397
838
2237
1131
1537
494
4026
3883
2647
4661
4305
1236
892
2152
2248
750
2575
822
232
1538
418
2189
1511
1255
3417
891
647
514
1663
300
1971
2815
3441
2260
690
1078
1025
229
2953
789
1157
620
1669
271
2057
291
698
8403
1795
819
2091
511
n 40 k 4
3579
531
2501
2670
13979
689
8256
21032
1623
4095
2643
8194
2522
7738
2458
9302
10510
4712
6051
2844
457
3765
2214
1656
2728
1883
1737
12318
2006
398
2478
11611
17643
8098
9648
2871
7059
2249
2171
10752
3241
9464
562
12577
1037
13400
7898
6860
13676
7346
5389
4255
23282
1514
5844
6577
4245
1691
2367
3256
4209
3996
3981
4418
5962
4312
440
6117
6430
7356
3048
6453
5083
21754
1510
9321
10649
14196
2564
1375
13448
938
3234
1665
3537
5052
3107
7435
17071
15352
4226
288
5362
24057
1412
8357
6548
2313
10266
5617
n 50 k 4
6840
17353
11766
3558
44766
4158
10224
9384
6154
28278
4924
24695
15599
11617
19348
29307
2868
20700
9536
19800
21401
2754
14593
2143
9192
20887
10697
17992
31254
696
2187
20874
9286
8451
23699
395
5863
3543
23338
1409
8865
9703
610
17317
5013
5298
4168
13343
21649
7383
10363
4500
7384
1958
1740
8632
11151
1872
5634
11273
22389
4320
3464
22167
13478
479
1123
46729
3937
8993
21478
14018
12558
16598
5502
9442
2846
15595
16311
16943
7935
1480
13498
45886
31679
4303
5267
20956
827
16395
13832
11733
15106
5067
21078
2550
8945
2618
7029
298
n 60 k 4
40509
6035
34305
23982
12617
90447
25090
18989
7308
26845
72380
5173
5987
5566
17140
15700
2103
29870
14992
18989
9788
24448
3479
74463
33069
69545
12255
46667
54827
11641
61554
5290
19991
6347
3575
42244
3193
14227
3099
20674
20474
792
43534
21969
18128
43443
35438
29309
7959
18931
57215
14348
10220
11970
20598
28194
6986
11863
78525
18432
57291
46998
2236
17666
14902
7847
16121
19232
2659
12699
39961
81129
10196
6694
27145
29809
23462
10257
10724
32643
151894
4799
5791
5268
33292
6626
23051
61979
3755
1818
121354
92507
7730
23817
48777
20148
51142
25643
1238
79869
n 70 k 4
47425
6577
7271
67364
29770
130170
19289
49525
5411
44483
83224
86987
19225
5120
2212
28766
39932
2950
13542
52935
18990
45223
10317
234992
24377
12693
96618
107623
71378
14003
3212
58115
10272
11397
74086
45773
30440
8779
33379
7764
10112
16433
34082
114547
8719
10024
26528
169582
16347
3708
62791
34903
39810
67714
69012
113247
18540
47719
48833
36251
35764
2198
48519
5831
11026
2272
28545
1051
70496
7474
13783
31055
77061
5679
43955
26347
95952
17357
75300
21163
43443
57355
22959
7063
40578
74340
38341
118741
41592
7561
19330
51365
66554
14995
99031
29443
4227
1357
2394
22506
n 80 k 4
48367
74803
25525
13213
148787
34204
15135
264706
50973
19887
24075
17429
119887
131599
67258
20881
101550
88705
175657
42612
34715
51615
36908
11185
90690
20795
30883
2862
131180
22195
41330
57586
53761
12752
149443
14692
402455
196102
14456
28600
8134
18360
50888
43074
25584
25682
42954
26453
62059
110996
19672
25801
34233
50761
205388
17904
157841
23525
150496
104201
29654
28745
22601
25605
10820
151607
42756
160515
49529
94489
104030
80285
101956
104622
263740
57013
66479
39687
8080
28056
6929
124526
41989
5807
45211
63499
74136
30647
54088
353373
46490
61733
3856
25729
63158
49492
131418
7299
5969
16297
n 90 k 4
413113
254971
60360
403302
36971
342748
453774
156152
126074
23905
139770
109929
37179
171155
84938
164625
2452
20959
207809
33460
16424
60048
43587
146788
86991
38933
187070
159792
176058
361519
19793
220066
110046
181045
363332
47670
37308
114084
23118
62998
18327
52521
10680
331621
84232
34980
83905
114218
53551
43446
195798
18974
126833
129800
5313
154743
321567
39942
177065
104047
160884
51130
20731
78300
38748
57180
186665
8331
58326
107445
22237
26792
262038
135136
39361
706501
194185
58934
92785
8313
27939
36626
25952
222602
110582
29339
358176
323745
6932
87086
69445
119464
45839
80690
36988
78290
14280
188737
117010
67413
n 100 k 4
395784
24274
168976
67422
166443
83390
20475
171587
26141
92048
292327
536598
52096
340408
167716
144442
76854
413932
214801
179836
10549
145353
82401
82784
142372
71056
96439
63322
125711
28649
111461
89035
286285
15909
13625
214446
68406
227385
335006
240793
123048
61471
289911
92908
67065
140821
115945
75601
76518
38766
513950
133831
126242
235610
278506
52600
105411
13944
92050
114571
31336
117323
6875
263235
46052
190849
121421
86743
72213
334567
136549
277672
90091
246400
152589
50043
139228
128896
37880
4046
223865
138772
468385
337514
34606
66469
39243
98444
60556
12117
109515
116092
381042
71901
101070
233267
20326
100385
203652
95748
n 20 k 5
215
573
228
331
533
872
53
1290
111
125
411
65
730
37
163
1499
158
204
453
407
2360
2555
824
1044
291
806
583
952
443
477
89
553
1055
1502
462
781
581
502
563
268
481
263
2475
356
852
1923
449
90
948
405
771
86
1031
103
272
668
922
879
383
930
1023
1054
116
2282
1663
216
2375
2390
1569
251
543
1378
102
930
360
874
994
364
1520
1750
451
185
258
832
1036
2074
1149
158
973
536
98
927
384
417
523
480
111
1047
1246
544
n 30 k 5
163
566
3803
8989
2482
13335
4678
2336
4229
6619
14942
264
7559
5435
3327
5948
7027
108
1852
5260
11094
3899
693
7773
587
3789
7811
3588
18813
2812
3262
4642
11229
11763
6456
4827
3425
3656
641
2213
4090
4962
3022
7405
7340
1016
10035
579
2801
4928
2069
544
6523
39062
6913
1530
416
8036
1409
213
890
1802
3030
5373
2544
5165
2020
7867
1565
456
7763
4383
1634
2653
724
3167
279
857
4727
1562
2011
2682
1995
763
2199
1599
6308
10588
192
6132
1896
2805
1510
921
11983
23656
2005
4549
5624
2474
n 40 k 5
17755
33331
20148
3732
5209
4275
170
15727
9285
14639
10075
33028
2976
34006
1570
7342
34895
2654
3320
6782
12179
19100
2863
5789
1349
547
20053
36812
5812
36583
12682
2065
9027
14787
11141
8827
6971
56048
2112
1753
10895
845
14469
1764
4680
12835
17232
19996
50822
59341
9838
2142
8915
4026
14978
72889
7314
5787
9365
1278
1008
8814
6619
15251
44775
2833
36016
52339
8768
25473
18848
9053
22055
19802
21893
5239
4184
11394
5175
17240
17299
12630
21575
20331
1381
18547
829
19878
2432
4251
19904
11702
18340
11977
1294
5019
26976
8790
11080
23405
n 50 k 5
14920
104895
42878
101834
110968
7650
5816
9532
205973
51836
24569
103735
34048
14720
3513
14155
145221
51137
32398
52015
106513
12346
53456
5031
67104
14820
171997
51743
26015
23001
5175
74716
34409
51828
53632
153026
142396
20685
13888
66105
98902
85859
10182
32286
11521
3558
4562
10950
53623
18508
38945
1370
318
109276
51028
1785
64525
29364
29943
57106
74128
91999
16249
11428
89527
93026
37007
28376
14918
74401
6152
58387
36867
10615
71356
41054
5149
4486
4927
111409
30376
20437
199012
58118
11114
46988
36202
94085
15469
109018
13427
22102
98635
44292
8777
112759
4995
91113
2974
43959
n 60 k 5
106147
48967
112497
157939
6156
203245
79010
8014
267618
26971
10274
78746
258978
19445
7416
72717
285169
32568
22497
123117
106222
43600
159438
145533
33698
102581
85183
82081
373803
56523
134562
25170
49052
55975
165749
47660
44660
513104
227624
17602
99662
160235
124818
82326
72140
22206
25952
2311
64986
60583
63378
2924
42617
391
59150
22935
46882
54421
172097
202662
113883
63498
110581
71426
35950
50431
120473
218582
130641
38254
191309
273339
55543
467262
267515
51317
43123
174721
116868
117718
36788
197638
197092
49941
365707
42304
143606
141380
2783
23828
15773
20500
66373
18666
149037
48053
23217
31196
97839
61205
n 70 k 5
199488
112303
25809
25102
92138
255110
44434
15572
14198
393509
74091
25615
140200
34707
7164
27648
240596
128349
159303
5340
190421
748151
175758
31872
388350
168346
82512
102700
82662
48788
744587
230169
28160
60529
211084
268874
437245
46131
29301
226467
192687
238535
20864
120986
421020
152520
462150
155754
106956
220510
70224
36963
177693
144405
1152790
399020
38375
201864
40004
147003
329818
130029
45163
344215
25669
50350
255045
300722
331683
30167
203813
22457
107535
409396
85780
8476
71729
113301
462235
7054
269158
154726
91316
28317
833087
505716
54498
37466
1287
51072
63936
21354
73887
82686
7600
260635
269264
7937
411424
61150
n 80 k 5
60523
216057
631502
1179038
97623
540194
1445606
296159
214220
545308
132578
208457
369394
80686
427646
286401
7510
114554
1234260
2140293
1193715
62375
271299
89017
397596
180208
231084
243650
639371
131451
171366
912203
168770
473826
282491
1368
204234
1160098
1852737
129841
121282
31463
143804
286581
195320
806690
1965801
91605
1585534
273491
541926
146428
433066
222813
513925
529644
1127413
488408
11135
1242750
183763
276306
185181
448638
775419
261670
723632
57442
878088
357757
601518
2752
457686
50359
279416
329033
395045
316225
333065
1114055
884854
91717
336918
10555
194178
1846356
160129
58988
513988
798298
117320
61049
791758
566301
331004
114997
14218
74904
216045
51129
n 90 k 5
1124269
232508
205397
1035466
1094093
803972
498615
453732
44990
238782
234321
110337
28216
72294
311754
213844
879436
297221
5774
236902
1055664
2236078
956917
546168
230867
1764746
78478
1384796
64118
441395
626641
468577
1000316
666026
106679
129204
109854
684918
62615
32006
20612
26044
121254
471167
1175775
1495928
399184
59409
3056702
1278431
401769
734494
103322
1163496
344481
376329
453450
328125
816531
113025
819283
679135
837068
284016
291377
236673
399339
241527
2585368
796241
1313587
773239
384448
448549
2495853
480636
655957
544360
730581
645238
52663
853462
1095919
3282963
602499
112555
1303843
1072470
451647
726498
1734173
175886
84882
211883
650369
363095
932225
491710
53489
804194
n 100 k 5
1218732
98890
1534422
1451096
950231
323409
1322330
263287
212962
548480
1173161
47267
1008026
689751
725728
393690
1383751
5374892
9761
346645
472437
1574307
1361065
37663
892028
1229785
320176
466200
412486
1197143
326851
880042
205888
1139719
3410649
2441524
3639852
608813
295541
1559822
3222623
1823340
404147
1418850
415868
1719956
2188821
1947060
1888934
98630
1524802
1346466
1335095
398569
352653
1260098
3301514
379115
573588
130205
825717
506006
688028
3300962
2399641
158859
760253
628559
192960
42703
987276
441360
1658964
1950833
1596214
3126561
1537087
411370
173052
654429
1191418
2273835
2500660
668069
184574
979019
1292629
103295
1998284
1089295
826388
1799450
1673154
3679533
2033737
796396
549582
5410031
986432
849698
n 20 k 6
5038
976
103
113
74
367
160
2556
1311
1647
1452
814
457
963
1180
465
1577
1311
716
2386
1989
1279
431
637
39
768
393
1469
523
312
3640
973
3046
179
1906
1194
314
1057
553
487
2845
234
399
1175
1554
384
208
76
1635
1292
1000
1380
1436
1240
885
456
930
393
189
729
718
555
881
1544
107
1491
387
2113
457
173
309
97
1341
726
650
150
1180
1227
254
587
749
4035
616
73
1769
817
841
131
878
1955
1350
113
2334
1560
161
1958
240
1445
658
1614
n 30 k 6
12787
9501
18227
5570
23611
3551
6234
9540
7863
249
5849
639
5565
9307
14891
2765
1223
1408
3421
10118
6763
7693
15568
13890
7962
1159
586
3684
17184
13059
3081
1009
13313
2143
919
1317
8058
4640
3128
219
599
11529
26110
5572
5426
4742
5744
896
902
526
5753
2516
7967
4593
1597
16548
178
13103
3063
21206
14321
5744
3667
10564
5035
11450
4869
5467
7422
1610
3206
1705
359
322
3001
3395
8866
746
12132
13171
8770
15475
13560
6480
5773
3461
8750
933
4390
4088
4721
4909
892
2964
391
122
8012
1126
5079
7054
n 40 k 6
13622
69111
10301
17065
29768
6929
23403
14994
43725
23850
12757
60231
1254
18721
52036
49491
45070
53448
23215
79039
15612
18546
5804
67459
38328
26400
107738
4727
105327
49787
55675
21169
21352
56733
26931
48280
1377
11243
41743
96508
8065
14957
33316
37622
2716
100701
23883
11364
25201
13328
4542
13473
3940
52456
5840
19646
15575
86686
33382
47906
5827
49209
15986
116869
50355
2922
1561
11712
106441
12467
30253
21883
70233
21597
86631
56774
113176
13511
50199
24002
30472
53064
26958
9230
32160
7377
11221
44619
15613
19607
44718
56277
18030
96314
43189
5787
1545
7814
22669
87432
n 50 k 6
224097
376552
54480
86725
39031
45725
147606
227155
18354
325392
152492
132961
5271
76147
167815
89087
57466
27493
99782
156518
188876
147775
45260
94552
193878
94152
99979
313968
52653
154566
16301
42684
83523
427725
17477
106074
79589
18506
444920
34861
47916
207548
108738
276772
8226
52851
34482
7572
116439
259143
286058
56365
111612
590654
227115
279505
105211
88995
125228
65143
154150
109247
28787
2890
1526
63282
48535
25999
11389
128431
407646
310691
299746
85539
54583
191054
13046
214548
24523
13997
58709
23213
98857
14604
384033
80209
19275
297261
80644
61727
73887
43977
30771
155543
46851
192085
44430
201198
200640
50299
n 60 k 6
3478
62868
20412
140144
887087
304261
77381
267985
120571
231520
108720
470705
439093
700204
20650
1353903
156802
753253
33833
241160
345517
206056
521741
216628
857664
557608
1136112
773362
151599
140966
525258
373779
61586
32281
16316
517651
60480
351212
70831
112797
70565
1481817
21431
108482
616348
112446
102460
49704
333227
41712
1080830
1695257
234576
92874
798493
346263
159581
47885
488588
516981
44034
48544
281510
208577
289780
647566
832936
334733
131054
46390
121894
208636
146547
197808
73309
7535
97563
77168
671332
804241
222433
771323
588580
631093
182501
452865
214913
23612
233235
1116965
119227
166572
572636
7181
1080582
457092
89231
354605
56872
214891
n 70 k 6
374729
1921080
423653
2104557
2760907
670529
562195
4679873
188468
748184
1584574
1366694
5181
1248620
1053836
791734
1284742
944745
738106
548971
994163
119924
433655
294708
2397766
969574
555447
1124021
180216
1711221
20276
132025
1173649
1464143
102549
320118
330550
952725
574420
218100
2290099
2468368
142719
476561
138981
717854
1410030
17964
1122429
213810
239047
834388
1295315
785517
592245
462053
252478
177213
2377156
1298428
267245
559631
428765
169475
2173669
136895
649622
1147237
2001730
1303877
349368
604101
890202
151200
81494
827986
114098
133493
2679473
696730
440309
108380
829933
464623
753993
145192
228148
304643
129463
109438
329705
260617
451640
310816
1000059
1014791
871626
460071
381924
1746387
n 80 k 6
919691
265781
83156
1666097
6054414
2589012
88269
2910629
2143506
93250
84291
185209
814215
2826763
1609825
3297384
233152
2353222
863765
1241911
1091025
1809754
221267
603813
243131
753049
5943042
133695
218541
108312
1048567
2837848
1719149
721512
345622
1026844
2076479
2203717
1971841
3484912
22505
2919917
437665
2902968
542820
46746
209860
409981
7420314
60534
333426
80791
4970986
2867694
1774185
693927
1674704
210573
1264851
291607
522605
3507430
3245161
679484
231867
169068
13869
6992695
864003
1474469
2065861
752638
2235792
1060473
1013911
194794
2294170
1316054
129002
2486361
2123267
1117624
35639
2556869
519270
2130728
2849045
971546
188989
1715490
573212
3614192
2132832
6562182
2074113
2964620
904520
418145
269449
421470
n 90 k 6
3388142
2020077
10693334
1475783
881865
55922
11034823
516600
1463998
4376429
9710769
3562485
6518909
182893
9155309
43029
801976
5226409
5963721
1569131
1502785
1622170
311545
9172422
3908944
13858
8384389
2172354
4491597
3785271
2511668
5254202
6817346
2952266
1280755
458726
2165157
428086
2488494
4600360
645044
6490111
357087
1299698
56599
3163204
1711250
5337307
2715109
1112361
4562348
2964458
1248308
2586653
4546917
3975894
14079949
5613721
2842186
3412961
2812811
2800776
1599328
1450959
1159252
299680
5328822
9494180
1299794
14364347
14249703
3130456
763253
3100141
129503
1237944
2035404
8203412
175802
4179682
1112040
1493108
2807584
3125243
4392129
8175619
4850866
2856802
617860
5421495
10851601
3529004
4767979
8792581
146034
6143323
3954090
109556
2733061
3544677
n 100 k 6
3495037
5181674
9228635
13672605
524055
2159613
2414061
3445834
18720194
14086011
176185
12293979
2007838
8897148
1557980
11364687
7282098
9750954
2244743
1646011
8181112
2847545
3636911
1058506
6813429
9454286
1521952
4073585
1376284
898631
301048
5054706
5170765
2033495
1362134
23135807
9524544
2318044
2825762
708703
796129
16462400
11023207
505678
582885
1610732
7392629
10209909
1951763
1490007
5492016
4472074
8790452
1153140
3640198
5811105
6535110
1970350
13065520
1791270
17778281
6538345
8612532
2238322
5800620
10121412
15953985
2120362
4485402
4963052
1144969
2147125
185474
378462
3230117
966768
5461443
1955836
4408146
3679887
441853
3539443
18381751
1737987
1701954
3021752
5321294
105070
452711
938315
1966018
1568001
4971983
5756199
27731108
2728781
10655916
3819034
5925568
8604261
