n 20 k 2
282
79
91
120
223
281
78
140
271
154
177
60
311
248
236
55
106
68
118
123
68
113
171
200
241
135
203
186
116
156
75
46
236
361
215
79
140
156
98
104
86
184
109
92
124
68
101
181
53
305
227
72
173
93
61
145
93
204
91
138
116
117
225
39
262
182
119
116
83
158
196
117
142
153
89
154
154
289
75
75
72
236
42
208
130
39
316
241
67
143
57
153
320
138
308
57
118
48
171
142
n 30 k 2
153
297
465
327
274
96
189
409
559
298
169
289
307
114
198
173
421
309
502
176
282
324
279
120
109
368
334
489
193
428
262
166
273
219
330
529
419
167
232
510
149
631
98
263
157
133
353
542
1295
151
320
298
136
181
129
154
221
87
274
128
562
480
176
793
341
146
607
397
104
223
244
331
178
328
1097
380
412
185
175
220
219
122
522
370
251
644
439
91
79
332
282
249
519
305
320
154
438
255
322
263
n 40 k 2
436
288
364
524
255
163
309
258
195
761
435
201
796
163
529
701
552
503
1625
1484
369
154
941
226
1727
313
466
1748
469
513
418
679
440
553
614
438
458
298
771
583
191
980
476
1045
3167
953
1214
262
339
246
461
463
659
536
716
743
423
534
230
261
283
331
1480
979
165
1069
545
758
499
89
619
746
673
754
158
422
1908
599
263
769
564
153
383
359
348
379
235
1078
192
197
354
524
545
413
257
728
308
875
1163
619
n 50 k 2
1839
796
341
1098
590
744
417
747
572
2301
599
551
1163
189
1063
1053
430
437
847
372
1565
544
525
421
420
671
530
1153
864
1945
1152
936
631
386
1126
991
823
623
307
328
896
293
367
805
425
686
1504
436
455
710
419
869
656
410
530
485
307
430
606
671
279
930
400
1036
800
834
1080
895
638
194
384
280
707
521
303
1298
437
287
849
741
1663
566
504
703
1424
1010
475
1777
507
985
327
750
347
2227
884
900
368
514
588
252
n 60 k 2
972
1097
295
907
1488
1021
1575
385
448
756
715
2972
1094
2172
312
1785
1203
598
1338
714
599
713
1624
2786
340
770
1298
641
896
1383
906
682
1003
671
3639
1070
762
2606
1265
2200
540
1275
396
1917
1467
979
1009
1762
357
569
781
611
294
631
2800
459
1533
640
2092
496
509
805
405
1195
916
702
1300
595
529
829
709
815
716
1284
1711
854
462
876
1183
308
1383
716
1435
1031
659
1084
494
1287
588
867
455
1277
1939
772
1535
1067
567
640
1095
1585
n 70 k 2
1032
2014
460
1910
1396
3234
431
800
1679
964
2328
937
582
337
1164
1499
937
741
2372
5468
1890
744
1966
1972
581
997
1091
1029
2401
877
518
487
1276
2752
1825
582
1466
1545
1020
796
610
420
713
1451
1832
915
1038
459
966
686
569
907
1643
996
2200
1331
640
1115
1685
1501
1004
5573
2114
499
971
2125
2160
1442
834
722
1629
4047
2251
498
910
1833
741
862
1122
1054
1000
777
2087
789
1949
2492
1166
1326
601
797
784
2519
4034
1658
3685
3499
1479
1718
874
1253
n 80 k 2
2640
1954
2301
753
984
7091
910
1016
1760
2662
1020
994
727
1658
2222
1249
2473
1819
1847
1203
1206
1437
674
1272
1707
2002
886
1142
2102
3587
2508
668
2931
6406
1091
673
2789
1136
1923
798
1956
715
1364
1510
2188
1309
5094
1093
2139
1586
2004
888
4910
794
1682
993
3124
1040
892
2368
762
3868
537
1101
1527
2049
834
1914
3693
2380
1211
2505
969
1839
668
2026
1335
2786
4699
4246
818
735
4182
1273
2525
1231
816
2440
647
3253
811
791
1688
3034
854
1446
1646
4675
1517
1299
n 90 k 2
765
1238
2575
2657
3056
1217
801
752
808
3242
3149
1869
3253
5860
1680
956
1111
793
1308
3552
2133
2310
1546
8157
1543
1602
3188
621
6147
1489
2059
1599
638
2201
4017
1821
957
1929
4184
968
2254
551
1807
2369
3567
2523
3244
3637
1340
1510
1392
1182
2744
874
4825
13990
1559
1454
736
1490
1274
1494
1253
4234
1077
1108
912
5473
3621
1084
4286
2945
652
2676
1525
1705
1926
1930
3526
4831
2143
1331
1435
1337
12616
1024
2014
765
2894
2265
4224
1451
3270
1504
4566
2099
834
1055
1250
4854
n 100 k 2
4360
4514
2422
1346
825
1698
1260
2968
2284
2324
6135
1946
5154
2405
2492
2422
2046
1254
1899
3541
2075
1516
1122
4709
1900
1577
4643
3252
2540
1990
1342
1186
1184
1253
2635
2050
2989
1403
4246
4114
831
2920
1069
2152
1623
4063
773
934
1255
2067
4666
1402
1311
1377
692
1673
3916
1056
3757
1817
1145
1331
2902
1824
627
3086
2149
1323
711
3923
5226
2420
3108
1855
1823
1668
1249
1484
3169
1920
2084
2610
4777
3019
1922
4878
2634
3065
1558
1490
1796
3638
1895
1621
7048
1932
1663
1641
2160
5618
n 20 k 3
1284
269
409
106
498
164
84
195
306
233
675
117
169
351
860
228
137
213
136
146
1276
244
679
89
173
639
155
184
318
299
427
169
23
483
404
397
250
188
142
108
504
141
343
125
580
563
149
483
423
106
144
426
77
245
100
173
128
147
137
540
259
130
116
61
130
114
311
135
248
208
361
179
337
166
564
693
845
117
375
77
309
398
725
90
227
51
682
754
59
103
356
358
69
74
923
621
442
183
411
181
n 30 k 3
338
1197
186
487
1679
2137
365
372
580
135
1225
682
277
1460
234
288
1104
325
554
822
3503
1509
577
1679
820
635
611
350
783
1573
2563
874
244
186
788
236
1001
401
1082
4794
2430
784
670
518
109
122
1055
3869
1057
514
149
674
1129
223
778
988
367
397
619
4029
668
262
568
207
850
262
756
332
317
2991
1552
217
388
292
199
445
508
4767
1032
1087
429
1677
754
974
478
3114
668
656
1736
447
123
1314
601
1044
964
424
1050
1617
323
429
n 40 k 3
1032
533
528
664
1983
599
1769
1762
2705
2392
829
1117
2470
427
3452
379
1468
2169
412
1079
2188
2684
1525
2906
1555
494
1506
928
363
1624
1315
1723
1093
690
1173
3180
1365
561
3176
1204
2619
2281
3850
555
1322
223
1600
1222
2830
1419
571
435
1834
5335
3118
2179
1235
4065
674
6550
1348
1376
257
3358
2762
1172
285
2628
1616
1311
232
1762
1084
897
1413
459
538
332
1452
812
663
840
2299
519
2424
3356
914
2409
2207
1236
722
11136
2573
1898
1855
334
2461
5373
1009
319
n 50 k 3
1168
1971
2251
624
2121
3574
1338
1127
4989
6525
1168
1439
8518
13662
1227
3821
5381
1313
1297
3820
3728
4715
2618
566
5241
4275
704
3241
612
435
1481
625
4985
8308
5077
4100
4113
2179
2363
621
4111
2974
1205
6099
3055
2147
4160
1015
447
2145
2286
2669
1693
2464
4563
2953
2111
10623
1461
1358
5195
4428
637
637
6348
1077
1303
1228
1131
4261
1338
1360
4345
1693
5398
1590
3793
6423
2972
1857
371
4911
3239
4577
3483
746
7906
1295
896
3499
6012
2652
13153
3996
2566
13813
1853
1516
4202
2355
n 60 k 3
21318
2759
6237
14579
3043
3389
744
6776
7177
2080
685
558
2009
8594
17061
6377
2615
20856
3919
4877
8608
14789
5230
3959
2250
1099
1087
2536
7261
5396
7242
6165
3183
1816
11328
5669
1205
1845
9982
1884
4524
3646
6232
11976
1141
1943
4248
1201
8894
1240
2265
7352
1677
19840
3318
1949
5428
1670
542
2699
6942
3775
1310
1685
1493
1920
12165
5478
9023
5306
610
2141
889
10324
5077
990
2804
6681
563
10365
3017
422
742
1420
2987
2751
6695
841
1739
1652
3209
8321
2528
1221
5088
5385
9419
3117
11029
4271
n 70 k 3
9462
10129
3097
2294
5525
17124
9317
1077
8733
6637
8764
3198
4263
8589
5241
1966
3433
9075
9008
1960
27775
6314
7911
10819
3768
4575
9217
3524
4770
9656
5062
17008
2790
3453
21804
8462
3388
2974
4962
7211
13603
8578
4943
25868
3590
14043
14311
6321
8556
15020
34375
7629
483
22269
11369
1816
3280
6668
2263
930
2090
2423
6781
5441
16541
16438
4966
10689
1714
16337
6031
2819
5641
5764
3257
6315
12334
7766
6478
6797
9697
759
5013
4776
2333
1837
2610
6528
16213
12170
7286
9999
1005
3442
6489
13146
10684
3368
10379
20759
n 80 k 3
3106
10699
1895
21536
23033
3419
3365
5912
63039
10171
8943
4064
5005
4629
2675
14722
7305
6158
14015
1930
16804
12238
5240
58590
28963
2472
8878
8299
15182
16592
8721
7490
25371
45633
18878
7913
25816
2583
5112
908
9023
35300
3515
10214
1154
4188
24189
32122
18403
14674
5669
7634
1520
1827
22137
5996
5077
8989
3760
51720
5966
865
28636
1325
5984
10138
5421
11936
11966
14441
4617
5620
4683
8063
4239
6356
5980
9230
4210
2866
5208
4516
6164
2952
9375
3064
26627
28610
19325
6417
4967
3884
13301
6291
5956
4024
8838
2742
1116
19516
n 90 k 3
8944
1321
856
4386
2383
20937
5084
6017
27119
1616
5008
31193
28783
25669
12472
12071
20385
6063
3634
2426
3488
5008
35579
15154
1832
23175
28941
22751
46964
45779
6928
3008
23577
77092
21763
8795
4571
14347
17248
3879
7787
20382
9196
20012
3880
39672
10611
23613
18586
35949
15652
17687
3692
17508
3862
15503
7248
27567
6346
10848
20950
32635
6012
6516
21773
9823
10689
2339
4799
43347
4055
39865
23377
32131
10834
27329
1210
7532
22838
19714
5459
6205
26057
9167
38727
23668
19510
17840
26826
17085
14215
1910
9140
9045
13251
22752
36620
9512
8296
4231
n 100 k 3
40462
9893
3554
119951
24952
30747
6522
14189
30733
63517
9548
38577
4923
61654
46497
14689
28348
8448
34865
58098
63166
30217
26282
51933
25633
9687
9585
6428
71156
2212
76722
10039
31729
17018
22397
21592
25371
50921
47439
2487
9021
5416
19371
20378
17565
23954
22065
30992
6353
8213
6837
13800
15135
20741
61159
1814
20117
35065
7701
2393
55356
11296
5326
34725
8955
47475
75347
72749
12242
8516
14870
22418
5619
2837
18765
34650
39109
7387
4566
26998
19320
8606
10009
2710
16958
29750
13149
73009
12319
59266
19861
36152
28386
3737
8602
3385
50052
2159
6900
3968
n 20 k 4
378
734
1514
1219
634
87
89
803
174
1250
961
468
571
443
549
140
166
232
464
224
421
115
106
234
127
255
195
652
2190
906
1359
211
1354
328
2335
416
335
621
204
281
241
294
496
377
1055
331
441
634
58
32
1034
573
200
432
181
266
870
612
166
510
122
708
191
307
160
866
685
98
326
730
1273
598
397
1245
452
1037
496
178
398
495
736
193
1171
434
79
625
269
239
253
351
1192
113
121
761
250
395
383
1080
45
168
n 30 k 4
1365
1495
2542
4643
208
3256
4183
5281
1288
360
1596
2471
1724
1396
3193
925
4429
3319
7559
515
393
1095
2762
1350
2919
542
398
1073
5133
352
3071
2227
989
1094
9091
953
488
1189
9777
595
1190
1965
1472
185
1403
512
732
1529
3961
463
3239
597
3652
606
1352
3129
9729
342
2423
759
1075
1142
425
412
856
53
1627
2731
10218
816
911
1034
1215
1190
624
1625
684
891
2454
987
619
3237
231
2406
1919
2272
747
4771
4259
2013
1481
242
251
309
2781
2168
2890
1033
251
552
n 40 k 4
861
772
6029
7441
6398
7616
1734
1776
2708
7551
3817
4104
4831
6859
3380
1561
3475
10862
2823
2929
3557
4348
1936
5187
954
3933
10839
3586
1791
4867
7641
3522
3743
936
1291
6668
16163
11722
12374
1295
3018
894
2578
1489
11340
2715
6910
2262
18457
727
6654
924
1006
8275
3009
3575
12341
1548
6204
16009
1775
10080
9296
636
5868
12964
4862
3313
2168
3601
5608
4047
3134
9628
7359
2802
7758
11811
2982
2476
14531
3760
13585
4992
6247
876
5116
2234
2891
3338
631
772
6059
13530
612
4348
7986
1656
3909
2777
n 50 k 4
2311
4479
3674
7952
9127
10439
1158
23806
8254
34235
1562
19877
1121
9193
1668
15955
23714
10176
24508
15209
2221
5542
9212
12440
11354
4956
44077
2989
4317
15443
16990
1985
45812
2763
13327
24799
9281
2242
11458
23221
6000
36667
5907
11472
3606
1681
6976
2771
26847
42239
21033
6450
16029
8745
4902
11815
43638
7117
6033
5312
8479
5944
12411
4842
8377
19942
28157
10935
13435
7209
12613
3057
3481
7075
7670
9045
20506
9023
15435
23688
19361
7288
15867
1646
4228
6157
9633
35343
3532
1944
510
6456
8901
35960
3595
11024
31468
13426
20348
6674
n 60 k 4
30313
17039
36712
17430
28314
7462
12547
2010
39657
61114
40510
13008
34562
8398
45106
5335
33841
21766
20818
3285
34233
7832
8051
19308
801
747
7606
9795
38508
27626
34143
6921
4030
7424
4120
13026
11837
6459
6810
11269
22412
9055
3153
11342
46832
6584
6266
58301
32989
27426
32027
5274
21692
8532
16491
11319
3881
63083
16915
14647
45814
31363
14775
51352
53044
6107
4801
70372
8798
29554
39636
19837
19024
48781
73313
13415
36878
17195
47604
12681
1456
7216
23356
3101
3345
16955
4082
39631
24065
19363
32093
5087
7334
3655
24941
14255
5264
5691
1177
61592
n 70 k 4
158713
46917
2480
149289
127499
17518
59621
43669
78916
27460
4869
59920
45457
66588
30322
39697
10871
25205
22272
176376
24827
42219
11049
4209
17393
55776
29339
63949
145451
27589
17541
98581
4882
34103
1125
61057
154632
167178
2777
30030
38786
13201
994
95755
2737
20264
7069
99187
45637
42937
46056
45085
35870
29321
2563
66289
142995
53961
39279
15694
79443
37621
2140
96854
4511
113123
29889
31891
139994
73454
96086
55199
5520
62900
24301
75390
55221
6000
58543
44298
51917
11009
51751
38529
73752
44240
17960
21159
7044
242538
4977
24643
63563
63938
25270
169318
38862
76522
3847
19450
n 80 k 4
57858
190877
128573
11848
63382
224012
105404
80625
62176
5795
35952
119153
281833
57654
82710
22834
25204
26445
180012
31043
17482
8695
233822
170214
10203
235435
55950
198428
52558
19880
31812
364119
95428
8825
31480
55638
35323
34387
43790
9978
90809
24892
92484
228182
145562
43023
6889
59566
176949
84910
93694
30353
115607
45448
8038
163553
25242
144678
18815
18827
30815
20877
64320
59343
17524
35724
17888
197508
101557
7951
24144
37402
130034
54282
80270
209613
122482
76166
183797
50950
274180
88165
66521
41208
97753
145144
54530
11021
131279
37394
23853
53158
107688
240927
42416
27806
120246
84142
17367
49087
n 90 k 4
50833
71286
64541
425434
849681
42915
354515
4786
221950
11928
49477
195349
1325
250674
438214
269948
152727
169955
76084
64091
156901
23248
110328
43473
90637
12240
45569
235569
5686
117389
253145
120723
257776
48983
237877
147216
44950
192410
217041
13067
8421
132820
91947
54016
156897
49914
703396
92653
38465
172002
157352
30733
53610
456654
133873
70035
186977
19632
181378
217135
133642
37546
58873
7830
77130
20748
124244
116115
178571
55522
127364
133518
62002
158997
236523
248122
429278
273233
153276
28434
168347
8341
26736
203172
104598
168671
77076
99365
58797
18641
114972
53815
65974
232464
402372
210048
250093
46191
215742
81628
n 100 k 4
64590
184778
188116
35141
13101
387246
162475
21612
321180
135781
17478
170470
67549
442613
37301
107982
61680
482863
144529
173808
209769
554315
474000
97274
3129
142811
160147
203312
114995
118801
106729
386697
26537
285469
15474
580378
317848
274715
104251
84582
61846
580307
59973
172560
21961
12959
207473
178058
18179
184630
271525
668641
41628
21568
323613
45397
152868
44317
186721
16906
19525
71989
353090
192720
84054
458037
29791
178171
523632
286741
219671
213252
2811
112381
101653
94125
361005
270507
111169
3414
179710
66928
640991
73422
106566
41670
386981
482047
239728
566080
148697
129916
35499
588784
125499
39534
140615
100982
152555
170664
n 20 k 5
50
556
370
255
574
547
714
440
698
468
435
1272
1158
624
175
294
2269
1080
278
2462
987
666
1207
929
1876
150
267
256
330
1587
710
795
449
213
256
884
895
1128
2758
155
524
191
103
688
1433
750
533
152
1337
829
1225
242
101
214
199
390
528
2128
275
643
1299
79
1239
234
1825
1337
108
266
2556
885
224
205
5696
647
1209
1942
686
697
751
745
759
1299
4156
424
538
355
896
180
290
2274
995
1857
1084
506
273
211
457
179
97
297
n 30 k 5
3655
2506
10285
2783
868
17683
5096
1330
449
2904
2527
5848
3318
700
1197
693
1133
5980
3667
667
445
16803
1844
1451
3508
7421
705
3758
9185
6593
4588
9946
284
458
4375
2219
1601
1443
13183
946
1017
3591
2962
251
2833
3657
7718
7047
3134
1706
1160
6577
9191
4443
4303
4742
13187
844
6565
2948
4002
4123
1164
15408
3481
3426
8973
3485
1054
9092
784
911
2526
674
3449
490
1030
3775
14358
781
3228
1853
4544
9538
3691
1894
9616
2417
4606
1586
11242
2156
4458
2105
13234
3807
2091
6574
5261
6732
n 40 k 5
68733
11751
10430
7291
19284
8107
2431
2798
4664
15972
4582
10419
1485
30293
8667
262
5801
2431
56235
4216
15054
9072
9103
4197
11270
23181
10291
6555
246
4026
4484
17850
11798
25563
13680
349
4743
22451
54783
6705
25683
44729
14807
14089
8986
2111
48664
7943
6472
7513
8697
16796
23516
7844
40213
19720
3342
20767
12740
19137
3320
10298
12587
9119
9677
231
14532
5262
1360
29162
12636
4137
13559
10016
53297
4170
11156
14960
40648
3072
21477
1124
2783
40638
59166
2151
26235
5935
26344
10121
27197
11596
48390
24475
599
10757
17692
10492
3003
7637
n 50 k 5
36569
7159
59877
58092
129577
88116
44156
11362
10199
332
57269
8618
4049
55049
74287
6632
53675
6217
13224
2081
35791
44647
419037
25842
3308
21238
27743
1788
30085
19374
17550
96072
76346
170966
16415
12275
8023
28448
34720
27557
134733
106695
15723
21716
13733
8893
15081
22190
1012
43937
3085
6375
96505
4489
38550
112541
53703
30024
5575
28906
111851
43243
41340
14505
14383
17975
28119
69576
50208
25891
140242
4788
15413
16910
37347
57985
91485
10200
32682
32900
8168
17599
49034
12754
4044
5490
23157
16597
108947
8914
36221
113027
10384
12238
61803
25278
75008
13269
50488
81955
n 60 k 5
314230
173063
139289
16386
335023
7519
160823
285323
31112
482000
63404
58177
61499
151636
11763
849
18370
18881
131220
112367
2814
413550
20363
47273
80927
29288
7996
236627
667654
104780
61215
30789
47639
28472
218303
217398
76509
319598
26178
63345
113692
28000
50968
247409
10755
111655
43319
21753
45522
96186
14920
207073
23343
96012
40272
271945
13010
92341
30257
198316
67083
60593
160090
13644
70685
8061
5138
246583
132352
38231
77764
109803
23206
35280
383398
31666
136799
34701
16009
135676
17605
12783
57175
49160
109075
39318
36001
39594
21117
469680
134788
282987
13770
85077
129308
273724
80802
5978
15148
110333
n 70 k 5
259903
27300
48137
645810
13246
67899
15765
182841
201840
322520
89141
199494
300378
498524
49036
44801
66467
14688
193502
125502
396258
392417
415341
148110
427727
105738
170026
221631
748468
310573
34087
18136
91462
212648
135987
154013
156766
181232
87474
107294
84905
6289
236653
297218
45755
59011
115567
32570
271683
963230
15799
119306
45721
144438
282116
45604
50915
657833
22276
173422
119775
96265
55196
524572
162605
470452
36662
164641
48591
66137
194554
183850
253228
186464
287588
53043
47397
4529
568405
98438
150502
550365
234443
114394
104278
186335
419156
323587
12918
16343
93561
136935
354781
164980
136182
279932
24527
106887
414610
154790
n 80 k 5
281327
79300
111399
108616
20009
14656
453710
855499
173082
1232072
21892
15615
1012946
460400
612932
152581
523200
185402
385442
116487
123485
46967
1815712
998858
460750
17845
99410
205432
222859
972889
716932
88304
235957
141342
194049
2335666
21865
95086
246329
196246
314390
304697
664670
79013
250887
183892
147656
703354
812830
545162
8050
370887
336354
75410
274377
227656
577377
328782
442272
10994
134780
71526
70895
645543
412248
395155
2286899
59611
203187
1225244
536658
50953
182087
97511
1011493
266268
294901
247157
1019341
9585
34956
238454
606300
69475
133581
569899
486554
28749
829927
6153
424119
17075
163373
309000
66065
30432
218250
2053593
776373
179773
n 90 k 5
322025
1005769
59187
343525
852674
748547
658876
2870514
1343986
3077884
1280852
108822
593076
96651
174168
1071293
1383705
288551
72244
1000763
709347
125383
174964
1379088
102237
844461
441102
1226121
118188
951396
1658303
670107
34296
1153178
739547
20903
525162
531971
89174
265074
708134
131214
67196
337218
1289777
148204
1439877
788234
54770
86174
113091
1438829
1125057
635222
617714
601432
129100
82211
6251
144137
1186953
604446
1947642
1310138
231673
1770097
179855
1235990
629319
168898
89013
558516
418691
478929
123106
1229585
1423714
328801
169833
23369
388662
143080
512546
52865
281177
761758
56394
324064
249829
3024560
189831
614364
861718
1554083
102914
608761
661940
333195
622512
8593
n 100 k 5
2347876
74625
499426
233035
823411
1496649
675223
23345
626705
110313
120132
1118136
121774
410313
3873007
2233620
980820
531207
2770425
158505
2728630
1207699
120849
114735
59814
806443
434130
1498851
402079
755499
3897254
982169
1895261
2601509
52255
686204
66005
555833
2949929
940261
510555
51006
420892
138019
784132
130777
431015
1339333
1270502
1531116
2070469
487745
189089
357781
338190
5108061
1058116
580937
2521151
918241
55643
983657
154556
2828794
2415066
789064
867164
2639283
399504
1044174
222776
425727
1311267
491949
949162
491183
642889
264297
715137
2075528
3384974
1197832
110165
816791
980961
2572517
808497
3713782
877274
2918634
215808
194703
264030
1290888
235415
1005006
1762311
703445
57157
145700
n 20 k 6
318
1273
656
981
108
1473
2953
2898
2536
156
380
830
374
526
1460
133
2994
239
480
682
1895
80
1427
4280
1992
497
1967
118
1226
3207
1531
145
202
1154
3051
1143
2703
1638
293
1328
362
1196
824
1463
372
1331
91
2352
2026
999
182
3442
337
402
1401
435
2193
988
1407
55
1224
1652
1153
972
1162
2606
328
103
703
153
2120
365
663
514
563
381
250
461
68
1405
2508
1274
3608
169
417
94
504
232
754
407
203
588
1951
76
878
1773
2399
826
171
178
n 30 k 6
5685
809
11863
132
2098
2069
2092
606
6382
397
500
8540
8014
11684
3503
1059
26628
14613
1976
4796
7266
3214
5919
948
2034
2245
9932
4333
11264
2906
17636
9139
1399
2885
4565
3960
3273
2690
5855
230
291
8143
9626
6499
4018
5395
545
4456
3496
6347
737
2730
14957
9901
7361
3967
5001
3805
892
3876
15404
3721
3046
6243
11144
608
13028
1636
1984
2150
1911
6701
12892
10582
19743
681
6909
2582
11161
5698
26931
18834
4695
1763
6422
1289
1884
1791
915
483
6951
12836
2919
11302
4247
5234
713
22683
1063
3684
n 40 k 6
38776
16775
44204
7950
49562
66053
19993
11532
122327
90132
4630
7716
17892
21727
30719
22957
8998
11234
15889
14573
134361
2074
111220
35248
45200
4631
5217
19130
232868
13269
6963
18569
19838
52384
383
4286
7820
65474
159051
29342
54574
2297
7661
46673
40789
4123
51668
54304
15213
12184
2651
9728
1926
9472
98567
15333
23633
26912
43896
104580
13519
13729
37315
19769
19853
6333
90056
25834
27783
119078
4743
15751
2899
1359
8118
124440
77422
13949
12054
87415
8884
62785
817
36464
15377
55880
37048
68020
25072
29409
26710
47568
6693
39940
18741
10540
48258
80010
30316
13027
n 50 k 6
133407
368482
197614
52747
18347
534436
110986
413071
218816
89992
165224
119655
31278
766516
203007
73856
81215
83835
25470
75916
38025
43884
25877
73887
162477
175161
238712
2228
283138
2764
89996
26421
80941
183064
328702
105747
65631
74896
83010
25803
94501
12051
40426
39232
15614
116903
75145
113981
133344
19545
14539
207516
38034
260664
99598
137045
72352
314582
601912
96910
83445
272607
138045
30718
122275
256762
212577
23796
38754
316452
116136
62223
184384
13401
22513
44094
39305
22890
124638
17993
110439
63627
44192
23518
141496
92278
76148
55045
154279
93993
78477
16718
27329
76996
77059
64862
72266
180908
55755
511999
n 60 k 6
123700
1252753
279358
153269
196108
242457
236216
79399
453804
70237
717732
447637
81484
90639
39795
52111
340073
477690
63409
265737
74696
15548
343612
81289
110382
80771
135441
43390
148917
5650
681218
142881
252563
414004
19684
542021
309490
72190
81113
1406446
1808251
196542
622602
393674
858380
57500
604586
427982
121597
38666
382918
538051
422408
229701
220349
3549
489871
22459
830295
264999
150352
92904
249463
953158
287616
427398
214899
206353
789427
163981
186506
792141
50931
113528
153988
30124
178499
111366
573182
184591
582636
276915
419295
225596
106914
289748
23595
284117
78474
484086
157011
592494
1259355
455402
58530
339373
131225
1006005
433264
116672
n 70 k 6
292533
1735181
779497
733020
112876
1242103
1048720
202062
6425
621355
216030
649223
1047872
1257126
2707704
384494
224970
870791
287344
87553
265661
868188
745440
1110710
399526
73005
2336815
354881
1046795
20398
471646
926136
25902
34628
692619
17313
403675
559283
202307
389115
130133
626634
1256932
45464
3138301
277921
1300786
1012120
660451
2456359
1467240
778828
202112
6598
1489490
97213
415477
440445
299313
466630
699687
328800
858831
892132
1057117
22418
1516299
340274
1384972
151835
1842112
89606
10156
243968
446483
1321142
681949
1855115
1729766
1746
360551
1433290
1361914
20810
335471
53750
569969
131502
454622
77969
72811
141605
66789
111465
1800073
386836
287947
669374
679054
851142
n 80 k 6
739154
2100033
1370478
1640250
620049
187882
281157
1101741
496490
599439
521272
2766075
4088972
2984544
1106974
195908
1112589
26943
112674
340271
4402156
454280
669218
2743696
480187
2277869
3433038
2459675
194996
413904
3376422
433653
3265538
141744
1402584
615330
4992970
371957
455058
342443
373449
107204
673017
58847
4597495
1080234
1356018
1077864
1061355
2437184
2087844
1563769
3542753
1300311
3083685
4278852
2292447
850292
137111
302487
31537
3166671
1843680
352021
615342
6187477
557255
52489
880640
5914179
1991374
3426934
816792
1730002
3757948
228028
1089950
144522
999912
4043190
2087820
408922
3636725
1919133
35269
792405
1904925
490306
2583868
1316190
95925
1158292
494401
4099803
3335592
170808
15744
2054704
904603
964072
n 90 k 6
12531837
1697825
4827354
796323
4592502
1501225
1092025
1707278
1736239
299064
516020
3946958
2495331
1826873
8226698
1264674
14620075
1075800
8181477
1459055
4762161
1168953
5855073
5088684
98397
288775
1148662
3334877
4176614
1554862
3474550
2986394
4284697
10293967
4811623
10345524
1255764
6959166
17251225
1627292
2094219
1588516
2476428
225153
701680
713304
3209788
2627713
8866794
3386609
1654588
493926
1557815
1101914
4846478
1341436
3680841
6060776
12282530
13808258
2370308
3654390
3350292
88391
5853792
3809862
677563
351473
2214261
32501
300284
2150972
4654334
1463897
4039587
3107253
7286678
1341944
362721
6288937
628722
31015
5702314
3508615
9216665
1392463
571105
277515
1461275
3359140
7482571
2573604
1427628
5273002
886084
597056
1875826
24410700
1233776
2286113
n 100 k 6
2349048
9793108
2523337
664932
949880
701491
30035713
10585241
6529649
2202447
4008918
17293933
8223211
17229134
948034
5403666
4870313
3079658
3686902
9518888
4313994
1087109
2534919
2967345
19644199
1438386
6202678
15894928
6453966
5545115
4317677
3979346
9969221
4042222
1664914
1032082
4880919
2854259
21503877
13277671
3648744
2885935
4902668
5302502
9144611
3222439
2464483
6599724
6870836
1433640
4635917
16099938
3918135
14912138
6885777
480614
3066805
2335423
18099582
4898455
8525248
7736720
3418944
2846929
841732
3079492
9832571
11778727
5088145
4756537
1520977
31983981
70035
5578647
5218166
5618950
8686093
11171458
6083027
10770396
6729863
8861477
19930346
2898245
1265942
1446019
12571430
437630
558762
5080944
8671032
9886387
7419263
1497411
9066344
4212094
15246970
9846007
2501333
1121361
