n 20 k 2
40
59
47
62
316
241
48
27
15
69
56
66
73
86
119
103
51
43
39
33
38
89
52
112
43
77
66
44
43
108
53
78
30
199
110
109
29
207
27
76
35
34
49
73
75
73
44
70
17
82
141
95
33
40
43
64
199
238
217
65
93
123
128
59
67
163
133
62
39
192
69
25
101
78
73
60
223
135
59
75
20
94
39
153
177
47
164
52
106
46
70
67
144
50
61
46
88
157
54
102
n 30 k 2
337
174
92
124
391
416
313
167
84
393
78
94
60
370
205
103
149
62
145
287
49
175
103
187
121
208
443
167
79
160
55
91
288
154
66
75
257
180
105
126
283
308
70
68
269
332
87
127
62
159
76
135
79
127
68
154
358
405
70
69
75
219
173
144
242
102
144
215
267
57
121
60
87
323
245
84
100
160
56
112
131
72
62
224
206
56
230
271
133
150
178
109
184
167
59
126
249
129
145
53
n 40 k 2
273
372
198
194
84
557
229
200
240
108
92
241
460
138
194
78
124
168
184
178
134
158
133
205
113
101
241
323
211
172
379
137
79
251
147
154
270
138
677
725
649
549
132
93
198
384
157
174
124
132
596
581
232
93
625
228
493
144
291
125
178
664
136
171
625
78
135
227
342
254
207
542
357
251
136
612
651
377
326
135
321
191
437
204
69
87
74
114
129
89
126
138
158
169
110
186
258
170
643
240
n 50 k 2
186
295
670
240
190
145
166
772
163
260
108
200
168
161
167
240
891
291
424
153
326
177
109
233
794
315
1043
249
110
207
261
675
430
206
240
163
183
656
353
305
397
205
215
321
154
620
678
249
164
633
1730
419
440
227
859
751
184
307
325
168
119
470
138
210
276
463
285
183
168
182
813
403
134
498
944
318
299
686
608
283
279
390
518
376
196
651
159
198
645
281
120
118
636
636
360
201
175
201
378
245
n 60 k 2
613
201
166
364
565
406
241
893
361
152
133
467
149
874
425
300
1023
589
378
583
178
791
717
653
175
310
320
191
197
169
1069
804
1185
568
491
156
250
988
590
231
322
1323
216
110
297
2430
573
313
728
326
327
384
741
641
1183
373
264
776
308
186
500
197
436
230
150
379
771
352
473
285
410
500
175
317
324
636
221
191
259
368
306
1005
233
413
152
455
1134
215
216
340
1215
365
174
240
617
357
406
482
1026
322
n 70 k 2
204
294
350
530
1868
780
401
320
403
777
226
343
1317
269
215
254
249
430
262
199
200
822
998
732
721
296
279
404
282
236
219
327
763
512
280
485
371
397
422
898
252
1321
398
480
1136
313
394
448
259
1090
247
391
305
440
566
275
291
414
172
240
667
576
161
1397
346
463
221
573
773
179
281
290
602
634
1368
305
413
285
1616
1465
824
854
226
1166
278
1470
660
423
230
347
889
942
639
273
179
594
160
528
620
410
n 80 k 2
305
471
698
855
1147
247
857
279
530
738
1155
944
309
367
908
319
427
789
330
407
346
576
431
436
267
938
439
1074
1046
611
275
470
839
755
429
402
595
244
901
394
278
839
339
669
377
998
613
525
410
1743
839
735
214
271
1297
862
386
328
1340
399
366
1034
518
852
1450
228
882
639
317
306
672
1165
330
235
365
446
279
394
2079
837
228
255
911
1547
588
388
569
743
1035
373
577
378
306
565
271
306
999
321
498
589
n 90 k 2
1568
739
376
374
865
445
1204
1241
629
1308
631
1764
2947
396
904
547
290
395
952
505
808
1798
324
744
649
873
374
313
3004
1399
608
491
948
319
323
446
1190
1077
730
343
899
752
1562
513
1049
355
364
624
485
513
954
469
339
2207
868
800
670
833
694
420
603
492
340
1996
945
1867
638
436
610
777
482
2729
1215
728
389
2114
329
990
1547
1075
1998
1662
676
998
376
499
843
505
993
927
1112
1096
1184
355
1668
427
350
807
1463
1296
n 100 k 2
415
890
576
740
469
434
761
714
425
404
380
604
637
1447
661
1628
331
596
765
1372
478
985
552
750
496
1293
769
853
801
1739
276
669
2059
1192
561
663
889
1545
2063
581
1525
894
951
533
243
628
532
1066
351
386
452
1837
2238
1028
524
549
3510
900
1629
1252
677
1013
650
939
555
471
528
2103
568
571
956
723
583
1204
431
1157
553
2103
1352
714
573
911
720
571
562
2483
1456
1807
580
1451
419
941
1746
712
616
1157
630
495
426
768
n 20 k 3
77
407
158
24
739
46
41
47
45
218
83
40
165
449
45
121
554
56
556
98
610
34
122
51
136
51
488
443
79
166
38
68
123
615
448
15
94
23
943
75
119
44
89
285
615
99
74
121
75
434
53
63
225
58
632
757
620
65
530
75
508
128
41
38
57
124
881
126
351
43
116
56
48
60
70
166
504
520
21
64
263
76
48
61
81
129
573
37
66
67
473
52
55
42
72
555
41
930
52
388
n 30 k 3
101
441
86
531
132
221
1076
160
419
495
690
124
1402
105
162
1085
41
75
109
150
71
211
299
219
701
117
842
165
613
1437
166
626
582
814
554
279
175
345
457
495
815
86
171
262
831
168
587
586
144
74
133
93
322
749
393
105
70
651
1257
131
581
113
545
433
784
579
76
91
130
628
753
652
126
143
162
808
181
224
124
626
76
99
67
154
322
124
251
1134
149
685
89
833
122
44
211
304
355
143
96
147
n 40 k 3
1073
464
147
637
116
386
100
236
353
137
992
217
110
146
213
298
208
203
285
156
828
698
221
878
72
622
516
786
954
841
211
589
156
145
261
876
1205
201
305
134
261
151
335
942
264
1311
1035
1074
128
1949
1462
213
377
204
345
284
191
169
327
1347
1484
259
134
1018
861
304
294
83
296
111
594
673
217
218
365
329
1461
975
205
1272
253
1686
673
502
880
262
261
988
604
844
350
94
212
204
172
135
281
263
957
214
n 50 k 3
474
418
231
273
2257
1701
2524
223
1700
1249
3867
206
2437
357
991
1953
4036
1622
389
1783
3701
3916
638
223
341
116
303
215
310
2600
1593
100
683
401
154
2295
315
277
178
1045
2175
597
376
156
1907
312
270
208
1320
181
1278
1456
134
305
119
2855
484
139
820
538
587
1681
759
2491
1735
525
2738
201
1722
366
2740
292
292
473
176
301
258
150
1434
795
918
280
1112
4505
405
1097
1131
280
1087
1134
391
614
1043
1897
1144
1160
1439
1095
286
239
n 60 k 3
219
1578
339
459
610
175
489
194
3668
951
378
845
476
2313
1913
3551
241
609
325
288
2553
973
745
1002
894
910
2017
636
428
941
327
1099
985
328
540
1946
504
1335
225
404
3064
522
2266
406
819
312
2092
6359
2539
795
340
323
336
524
566
1084
1483
658
719
1307
204
4245
2042
1080
700
350
331
1612
931
1249
607
1832
933
3523
1196
1459
698
217
369
2429
1163
3458
701
1869
5450
971
6399
1615
296
2832
205
2209
1109
2383
245
844
1355
414
3135
5968
n 70 k 3
3547
322
1169
8029
1502
1352
231
1141
4625
376
3810
5067
1378
4445
841
6310
1871
256
7167
2031
377
1745
2174
323
358
3151
855
624
4399
3822
306
237
3396
1519
832
643
777
457
416
681
660
514
4394
521
1324
1179
1603
1043
479
490
398
845
671
712
656
462
2025
1110
831
199
934
2079
2310
540
4631
482
587
518
2263
327
422
2384
379
1260
452
577
1485
1547
1750
912
3426
477
2090
7388
2833
323
900
742
821
8535
2255
3996
2555
1114
1821
716
385
2745
1407
6697
n 80 k 3
7234
6441
2659
5849
2550
229
1289
1205
7570
8279
1605
1045
4672
5024
950
226
600
1324
2226
3029
4595
838
679
2338
421
9055
1339
5225
2650
5943
793
409
4758
414
1047
3681
1351
785
351
289
1056
361
4743
573
552
653
346
17524
805
428
1699
1438
834
4689
481
444
9854
372
486
445
1418
756
923
731
441
1491
387
738
1011
16607
1680
277
1044
417
697
4855
7118
5289
1198
1419
1338
1006
2019
1388
3105
999
8684
530
313
1237
1644
5792
1321
1730
355
3159
896
1190
395
8876
n 90 k 3
1802
587
1076
727
2214
4159
11563
625
1781
1300
1103
3421
2673
858
11667
1739
1007
7976
747
393
7845
1417
1158
621
2185
2409
1675
952
1007
5355
1919
530
1717
527
1795
1310
1200
3913
522
5889
5533
7814
977
1107
6309
420
1652
292
756
897
1230
2402
829
3571
1390
8757
2021
365
1536
1750
3244
7172
728
3715
1253
1416
6960
811
1430
277
825
1699
1055
984
5604
379
4358
289
2058
3601
2573
1352
776
3897
907
1261
916
1366
676
5638
853
1614
1049
2681
4210
1025
922
1067
1265
2488
n 100 k 3
1284
13796
1781
443
9878
7898
7900
2080
566
1054
714
7678
8032
1147
2836
1561
2239
2239
6435
4612
1113
3405
471
1391
1676
5653
3434
855
1519
1003
848
4458
1591
2428
25084
1124
5727
8326
7349
801
7449
14130
2234
11786
893
667
1522
1438
6910
5145
650
3793
590
12767
3713
1968
2195
4741
2408
2262
8633
5255
722
239
2000
1316
2162
730
1476
7241
10390
1438
2274
5891
2853
772
970
1501
8847
20939
2015
1032
946
646
509
8504
1564
818
1295
7801
3302
18690
2591
18934
1040
4248
1611
2859
3197
504
n 20 k 4
72
536
766
53
855
103
42
44
827
52
100
32
781
193
58
583
28
610
599
87
53
421
76
130
71
630
592
890
519
50
125
80
49
278
30
607
1026
538
59
37
752
652
474
967
54
112
623
46
551
45
74
52
59
36
181
104
33
425
590
654
295
678
806
677
27
530
1177
139
73
60
563
52
615
91
90
69
93
420
574
384
702
58
29
72
37
48
48
673
730
865
93
839
59
657
134
700
610
52
640
66
n 30 k 4
1033
85
99
721
105
151
142
795
1506
1488
109
101
1301
852
3264
1406
407
350
1264
134
111
530
635
1366
324
517
969
227
638
173
82
83
1429
221
802
92
61
1043
545
86
785
523
99
154
359
47
154
116
1025
910
1149
72
1556
2614
127
299
1466
59
688
826
121
537
85
1182
1758
1099
262
82
1278
358
1872
80
1447
52
224
170
646
56
1405
232
91
730
217
407
77
82
568
337
305
386
110
160
645
1459
928
1265
175
70
85
535
n 40 k 4
190
948
61
398
865
475
1918
118
4175
2322
829
203
3183
811
1355
104
154
2859
1891
191
539
130
307
950
169
286
1665
176
119
2764
218
262
1881
951
525
72
100
596
272
2900
574
1734
204
1394
193
783
99
111
1424
345
151
4281
4364
370
211
2456
2460
1775
221
119
853
298
1503
323
1554
4587
1143
2164
1705
199
1480
1922
111
673
1639
4590
118
146
1612
664
7834
681
204
134
478
320
4445
186
2572
718
168
4201
1783
455
177
1664
2715
781
675
603
n 50 k 4
242
3217
5791
597
994
7460
3046
6837
518
3806
4890
180
453
251
495
199
11022
426
1497
694
3431
2329
8243
834
820
1237
224
2571
4838
512
3553
429
7079
214
595
204
286
293
9332
1418
260
265
1576
12653
3462
800
2713
124
253
356
11156
162
190
1211
1443
10563
3829
131
2106
5051
455
9786
3135
277
221
155
103
6760
239
8454
234
2388
1972
226
8038
391
3521
1164
236
280
421
1944
4906
975
2046
3399
411
322
179
215
3795
842
5744
6320
404
1096
1711
192
421
760
n 60 k 4
1314
784
6039
2054
3847
13778
1430
842
3237
597
274
2567
1013
7613
309
930
1004
420
2109
3811
325
2985
278
222
10102
533
8273
1863
8371
1100
15799
935
4369
3664
197
4092
2000
3714
7769
15561
10084
1149
6070
3443
7270
15499
635
4890
292
579
3903
881
1109
548
666
794
3698
755
933
6074
503
330
494
1310
13485
18713
3476
19358
21575
2585
1965
8997
583
929
4166
11022
718
943
2604
2867
1182
148
3665
549
62736
838
948
7415
11280
512
283
429
23593
15615
4931
985
726
5080
250
6300
n 70 k 4
1268
16886
445
697
6368
633
9409
1735
307
40763
1775
460
3975
22265
1209
1094
4212
2922
294
589
802
8897
40485
1564
801
432
33819
8135
792
1427
3219
368
1362
15564
1133
13859
330
13680
1622
19086
702
4801
15739
857
13895
3490
17059
698
17973
13980
806
14051
346
8141
735
599
1104
8339
1350
205
1227
288
617
1669
7569
3405
1019
3002
1487
19164
1433
6678
529
532
9089
993
18593
12230
846
13016
2136
1099
406
1488
25431
759
1085
7438
64671
389
28241
903
747
21590
826
1165
5041
2171
902
5865
n 80 k 4
855
2051
56647
1978
1819
771
46220
5739
493
659
1924
2017
15046
459
14383
1261
15165
25773
4841
845
14319
1109
15742
30079
3063
1846
56490
12818
284
14720
1101
1429
2302
288
983
22539
42954
1471
263
20607
9757
10854
28629
1117
778
1398
12912
18301
78352
41993
27303
460
1734
7630
941
773
981
368
713
13853
44850
1239
4922
486
709
11971
33286
1317
605
28792
32228
33010
1229
1239
788
628
408
21331
49013
27158
293
1692
6651
625
15182
993
1413
2274
1786
34443
8559
47004
1495
727
8878
12642
3703
20163
980
297
n 90 k 4
2181
1358
34907
73419
2502
11550
24662
904
34629
3237
16536
13160
19326
1993
2819
800
30372
10580
19069
1875
17117
55957
830
11267
476
66190
18489
13095
20911
19245
1188
15633
23527
407
1312
29531
12994
9850
1614
2099
44133
1566
877
40323
13953
2792
2136
8545
590
1438
44884
4514
25355
1051
1003
910
2247
812
460
587
27877
15323
40796
511
16139
1896
1276
1015
56260
1696
48155
14797
79364
649
2682
3602
35121
1227
1760
5652
1287
9246
25648
2337
63474
24642
545
1405
4582
5564
5449
17257
749
897
84208
705
1999
2400
624
1971
n 100 k 4
27409
85917
74853
10850
1058
964
89476
566
18628
680
3192
1351
98200
1659
13719
13096
10579
1313
2588
12013
26949
57691
98999
17599
2770
1694
9767
990
25544
9509
14980
32998
28177
1771
1092
74202
37276
1075
28735
1126
13128
89690
2076
123241
1614
1320
1262
1540
2478
9888
1348
18974
12761
1675
672
3048
10371
6835
34229
596
35047
2698
1544
1291
3131
2671
1206
2384
743
38847
954
39471
44156
1592
900
3295
651
1081
17964
979
212131
30048
188006
1536
24539
19476
1222
182170
1488
7002
69882
70592
7919
34352
354
2266
39817
1302
59197
1358
n 20 k 5
35
655
135
674
46
487
575
603
95
810
990
152
684
627
1116
651
983
55
37
66
195
50
41
26
1179
21
48
774
1251
55
115
40
541
75
370
49
445
43
27
37
50
99
1006
45
64
934
584
920
490
530
531
14
1212
575
808
54
1432
37
36
501
499
34
36
38
695
92
33
654
697
629
26
38
75
1259
37
514
728
35
62
357
80
78
155
686
58
36
1520
120
34
983
1203
146
44
165
40
1232
62
73
52
1091
n 30 k 5
266
1121
986
1308
615
3105
4175
1230
4273
95
2372
167
1147
121
204
89
3570
1483
857
1707
89
583
4612
1141
3462
202
2139
54
5674
1024
309
3214
408
89
2052
212
182
2311
37
98
302
95
599
3291
3865
938
234
232
1539
64
4960
262
145
5194
491
1797
1300
4760
93
76
3295
1037
6116
3286
7222
410
121
128
2656
42
1308
779
1257
136
100
116
1412
74
85
41
6058
2306
2253
123
1131
56
9213
5296
4083
102
65
861
415
1235
581
121
84
63
100
50
n 40 k 5
2367
664
128
3897
4193
4520
9326
2216
209
538
215
535
205
1550
5174
99
4491
489
121
8746
161
599
1332
1355
7666
1937
238
132
1830
150
21210
1539
316
281
1238
920
12394
292
174
5395
136
12986
677
9262
1855
101
11450
236
15468
10917
151
491
125
4444
3949
5576
1003
2231
126
147
292
266
3217
4365
154
202
1498
4483
120
180
34993
2867
3646
12031
381
135
549
527
692
3074
807
243
347
542
141
6741
708
179
871
667
329
18423
4024
161
1749
149
4746
636
705
406
n 50 k 5
4454
24465
2029
6247
2368
385
8753
16730
1055
25358
375
1034
909
9824
4191
719
1973
136
436
478
2608
7935
8818
304
304
6832
882
217
667
8091
839
109
381
26378
142
175
10017
153
5545
39021
783
667
403
7387
784
9812
233
2237
11006
19717
352
25250
710
790
10326
2512
185
186
595
21913
14464
14551
437
287
19782
12904
456
4274
1180
5769
1199
346
659
14198
378
35152
11760
204
212
3045
14250
7288
878
10687
828
333
9241
31267
294
155
1277
2385
55386
635
744
37380
834
769
15171
3195
n 60 k 5
191
1264
415
22389
1183
1312
1535
9765
29255
832
12609
952
873
188
847
752
759
18948
83309
941
1161
1121
89960
5431
1197
9014
16769
1858
457
63813
1471
27207
1309
56371
1295
7925
6820
907
16022
637
1449
75868
415
12488
5254
919
1123
9476
64098
10476
860
26333
13245
133811
402
204
16908
1021
6510
845
11093
28206
16401
262
22256
17421
10236
94021
47477
2100
4255
3602
646
923
985
727
40407
328
16556
10958
20436
28716
846
16062
366
416
43154
1197
125
6656
8530
698
1136
20404
19106
698
8780
737
673
1182
n 70 k 5
598
1316
26027
1145
43688
36077
1313
63362
700
1149
236458
1490
501
782
1103
30945
25923
281
769
62436
302
882
45863
4880
1810
482
688
74447
51043
13018
25328
7286
27991
7009
1988
196723
46883
1218
89533
374
29068
152560
111939
24107
55278
1325
97542
16962
307
24462
1229
174006
1270
5493
38814
2154
32841
45197
58285
1408
1466
593
868
10992
2569
78002
813
37342
836
16759
17865
72550
23144
2892
898
428
11159
2677
318
1342
368
1109
11517
103228
45876
1475
923
22624
3348
2230
6670
508
25705
106574
787
151473
19524
2188
8640
56959
n 80 k 5
175498
770
1468
1994
3039
20049
2628
36396
9628
52897
986
6805
29532
953
2300
53848
1420
843
903
3347
57528
1602
32469
1288
30181
179083
23297
92770
1002
401
39787
1399
2179
196004
1216
24853
7607
240439
144428
4671
537
33915
51866
723
11773
28707
122589
6593
35730
106250
2189
1434
956
97360
137308
8582
73681
781
114315
6590
345026
223879
77711
149482
1169
618
112714
1365
316
1192
1545
1525
1849
1620
25383
49879
74870
13823
2862
171696
5712
1436
181455
24408
986
128295
94251
61685
127150
218210
2372
3128
1066
50895
111486
27766
2384
2588
158503
110882
n 90 k 5
753
1241
94594
2883
313
273586
180182
79819
75295
85618
525
3143
1307
1339
310737
1382
793
47481
1410
169433
189619
112467
143453
2232
46952
147702
16504
250481
65319
1972
209717
95512
649
490
85222
86239
69182
2963
336252
787
2861
7758
403693
208493
1388
616
15060
112068
94989
515282
5426
2972
52204
76007
376643
953
353
1352
44305
153876
89969
46517
164104
189478
75480
1079
38912
357205
243114
1005
1061
523
318
660
878
2216
1518
89169
63435
1431
64506
2119
1914
34335
2417
1864
2945
1145
210277
350518
55952
2363
1747
237385
1846
144164
1553
90060
1939
32530
n 100 k 5
439
443257
353486
1340
1475
245939
451244
3319
2521
173887
945
836645
28780
39979
142270
2055
4041
339696
59463
282970
29490
10640
6688
75195
1130
1094
3738
438300
2677
83451
3000
2164
212826
80187
143423
39209
183305
169493
905213
155233
159822
3034
6814
18914
649
839807
657
1201
1894
170550
3163
1474
1513
1666
1726
359957
124330
1354
486519
569
771
255712
1791
138969
4853
2312
2052
639339
2189
4275
344486
1264
481968
138419
402567
255501
1237
102385
516
1968
1909
2610
1276
1707
25886
1943
535573
3401
247807
19777
428420
99880
1286
6298
2131
3683
661408
39966
5719
323343
n 20 k 6
486
821
60
302
979
786
84
56
966
1432
649
74
82
595
1182
46
38
1763
31
68
46
67
2793
949
74
1413
756
107
127
466
40
541
74
638
58
25
1054
62
63
475
99
66
465
1443
88
31
54
538
522
585
47
48
475
1094
28
74
682
812
61
99
26
74
2491
57
606
1369
869
49
963
720
611
85
259
71
841
34
1108
42
320
502
52
54
642
77
76
534
932
57
124
68
105
1056
836
51
37
891
1036
42
540
1414
n 30 k 6
475
76
4969
2059
122
95
6050
3122
129
11181
313
72
561
126
137
55
4499
839
323
1789
173
2233
480
103
38
162
4016
489
207
38
4649
82
360
4161
76
16591
1078
1172
1706
132
2564
62
78
114
635
1912
5194
386
4932
569
1031
1129
178
2871
151
555
60
51
114
6729
183
55
1246
5301
7064
843
67
3081
6029
396
108
8229
1122
73
2620
84
97
5051
4821
185
4809
6225
10551
6035
138
810
971
3071
2641
85
1592
141
74
1038
38
1058
67
960
170
74
n 40 k 6
3716
11142
19454
597
552
166
6686
129
138
206
751
187
29489
5983
667
179
20927
8112
603
4764
16383
665
83
2962
30815
615
8425
755
746
8668
895
84
605
108
6756
290
29528
11471
21774
22246
31369
563
160
4809
144
241
27894
150
532
753
595
330
735
284
4784
602
214
550
244
164
5067
9678
2324
6932
8813
565
195
1561
80
14139
118
505
213
13169
14202
183
8881
143
3692
115
167
11399
801
25177
536
182
705
275
9173
7347
105
5715
147
613
145
91
91
5725
76
10092
n 50 k 6
683
385
60507
50826
730
17296
16177
46989
157
1301
30162
192
43066
132
78487
679
7102
44367
140228
8932
148297
9043
41094
1034
500
932
26879
6609
1974
72915
195
34207
177
36452
11595
31652
47530
961
57154
295
1397
571
55336
26307
39864
170585
113330
28711
56194
9153
70014
46785
18466
128
147
32419
900
26531
1253
1424
39148
920
887
3945
46249
533
219
3959
257
1992
29609
113436
819
671
162
812
197715
219
6381
88051
24540
92232
176
40010
30367
423
886
1320
168
18133
16393
690
184
31990
151
9412
10987
39313
17854
6746
n 60 k 6
776
161
1344
10539
1663
160774
1203
416561
204838
105388
37312
570
21425
615
62439
275
266788
108320
1064
114489
1061
1404
443
389
442
86370
1048
14572
1459
1735
1196
36993
2997
266182
1298
196
63278
1075
89795
461
49402
4206
182719
1655
1224
82920
972
385
952
11924
869
952
126255
231
55470
67545
18512
180599
166636
22140
7495
32509
15919
44152
14169
202767
67912
21755
1166
90156
903
170165
164128
14218
475201
6645
725
1207
7647
397
15659
16598
11258
3263
15317
220096
852
909
780
23468
114068
1206
72414
759
52966
310
1113
94798
149453
80457
n 70 k 6
237344
22202
170667
529
62634
1427
1049
308
314832
146526
54053
325
57761
1146
313
43950
211694
1334
43983
2550
164564
142875
1270
1913
284
86945
121835
125593
146991
645516
1024
184200
603
176786
2123
51507
215
3451
302845
108471
153366
42392
755
665
989
423
295
17878
830
1068
65491
302
438259
100421
494
160881
107354
918
668276
528604
244583
10590
52550
31689
90298
794
1190373
27553
50657
1826
147
809
28530
475
30379
60923
319
778
374
716
1021
1619
15165
1148
992
582
283823
1879
417
189550
1086
2043
725576
58623
293
76745
53012
362
441577
40131
n 80 k 6
607
87022
517585
469766
1077
93413
1968
1367
1033
541470
977119
1841
405962
1498
134895
963
1366
1046
261788
126898
275365
361813
15297
358996
692429
86425
94201
215508
1066
61944
92682
706
390
2545
1245
54261
2459
286521
694
2238
168258
606
1215
1441854
1370
1957
266464
2016
1423
13969
2193406
520792
1209
711791
1281707
553226
369074
280034
109675
1551
280352
452502
146689
53304
801
407
1537
304713
101476
2113
499434
415918
352964
2073367
508004
1354
1773
2402
464
11818
114111
1486
2159
801383
641368
798862
1467
467688
524225
440
256726
1089
3742
165855
30428
1944
402805
131572
744
878
n 90 k 6
462538
2396
1076
1161822
5676
1273368
1110915
68686
2888
261560
3709
593323
1400
542
1305
574
4061
926
475791
2955795
1323
1725638
6483
420
2994
1355677
5100527
750011
413453
6298
1470
357493
1502
664825
1224
1230184
96479
4825
587255
927
629764
1261
404733
496021
311040
983529
1163592
1747
3182
269906
1416
675
374
119456
706
1610934
490
2871
2266
1269
689663
3124
2150
2742701
1673
1620840
322011
301033
4157
344473
489821
416705
983
3327
311003
176396
215897
4933
2368
5939891
8250
31387
1173
21691
543
1018510
1356
2100
87045
549555
967759
1048
141250
1263
26287
412809
5831
2946
1562903
34299
n 100 k 6
352359
1878624
9170
1295093
1245669
697643
490290
1348
836202
2382873
1553306
423070
5289
2175
3724
501400
2381
1785565
2227753
1686
52877
40049
3013547
459
3481
1533
3189
604983
2483
6684
650
2549
1168
1786
1573225
5303
2525
1046
2037553
5192
982
1999
704
3892828
1287
1869
1431
726
578
74468
981
1968
7309
550633
2087322
789297
2191
3149
3288
1713
2830711
394
117945
1580753
5257
4120
233497
1161797
483426
4788
1893
903804
5127153
1430541
4296415
807
519708
1138
3063
6022
1296
3076594
5977
3469999
23662
2702
1240742
1173
5525
243543
587
8207
1872948
6022758
1273
1941
1553752
4192942
7636
1240
