n 20 k 2
230
88
90
119
59
27
37
55
86
73
55
125
82
93
47
188
252
54
40
109
69
51
54
105
15
167
178
76
72
77
88
162
72
65
84
70
24
69
69
75
211
59
69
75
97
35
79
61
48
40
98
81
41
62
79
258
20
116
41
84
16
273
50
53
77
168
48
37
59
118
32
70
116
56
43
65
99
48
33
56
67
61
242
182
37
44
70
78
125
44
25
65
49
228
126
40
36
152
96
141
n 30 k 2
192
52
113
134
133
310
188
69
59
174
109
117
70
225
185
109
82
126
68
102
235
336
93
58
255
79
631
218
66
245
187
118
255
80
142
148
86
175
330
87
73
78
229
131
74
130
254
386
57
101
74
83
155
141
108
309
482
133
188
77
85
111
92
313
84
84
243
132
324
86
143
53
189
61
126
569
62
72
136
187
81
242
158
175
147
201
50
77
185
165
101
118
311
363
70
128
119
111
90
64
n 40 k 2
93
459
418
397
443
98
312
170
225
172
133
638
81
91
184
406
82
438
766
209
230
139
165
99
470
100
94
81
610
171
419
253
270
101
436
132
127
136
254
190
424
130
211
157
352
170
249
564
66
99
569
134
139
318
281
293
387
130
115
358
112
165
455
256
118
124
271
487
304
130
432
209
231
251
86
174
206
103
198
205
110
582
82
255
190
139
271
119
264
337
164
444
675
389
694
366
146
205
210
396
n 50 k 2
131
199
1023
260
195
621
656
192
128
219
271
231
141
325
197
79
720
384
361
472
260
252
197
219
225
211
193
268
781
123
330
546
199
287
409
876
217
472
285
693
298
151
1025
147
242
211
279
646
145
177
142
453
402
156
663
184
200
134
135
439
692
528
190
724
1030
356
489
210
187
158
337
116
612
321
394
783
108
839
161
238
1737
248
265
131
300
471
199
358
177
302
143
124
1092
441
427
280
387
75
300
395
n 60 k 2
172
376
586
893
568
258
725
327
905
210
294
171
690
243
646
951
805
941
483
327
286
1104
243
154
643
219
206
874
345
736
319
544
920
174
182
1167
229
251
520
173
792
336
134
1042
372
315
257
587
706
706
244
958
502
397
268
253
863
310
874
334
703
264
248
710
248
396
200
169
214
292
464
390
379
773
286
264
214
257
343
399
281
187
350
161
353
233
496
409
402
394
295
269
226
145
630
348
1229
417
376
197
n 70 k 2
1262
334
280
304
468
867
522
402
328
559
493
235
174
375
324
349
393
380
894
546
690
321
261
411
393
889
199
348
214
794
458
475
292
353
178
398
680
209
466
535
756
823
223
652
509
200
229
983
525
296
540
634
304
1097
730
681
786
901
371
232
288
274
371
172
188
193
285
659
579
243
964
419
1733
249
614
389
478
318
838
306
461
782
301
738
1263
902
1093
868
337
307
1396
259
240
1363
867
239
1103
345
2434
915
n 80 k 2
358
370
445
392
408
306
1156
583
1140
711
397
717
1127
1254
652
609
263
253
1279
700
1071
820
957
660
570
814
680
331
1772
826
1734
540
1031
318
301
1054
305
1240
500
478
691
1327
840
576
465
487
290
935
390
548
1126
324
987
244
466
562
816
1549
465
794
426
370
344
219
1404
1096
312
1316
386
926
656
440
626
712
813
1236
902
398
765
963
233
284
833
599
225
771
580
362
1021
1711
458
1057
447
539
810
1166
456
428
375
439
n 90 k 2
347
806
1126
2059
484
1011
392
1110
419
521
227
384
432
723
955
485
607
495
251
285
298
283
491
504
830
473
471
721
1193
431
768
295
1552
442
1429
845
447
255
756
546
530
1247
736
588
381
471
1303
851
374
574
282
418
1066
691
663
857
1251
832
496
447
1182
288
1328
416
736
795
887
1281
767
483
1832
685
1021
1618
1182
385
1215
760
1050
3907
803
1567
921
659
397
1011
403
646
570
727
227
582
969
919
1735
981
920
571
430
458
n 100 k 2
790
875
757
695
622
734
691
821
548
448
456
571
771
465
1894
541
1076
1078
435
1958
366
756
391
1131
794
294
2135
1087
481
1080
927
1698
509
2655
944
593
356
396
624
1159
2216
422
1983
1118
1111
2715
1973
1056
664
1576
2125
690
1107
430
481
2202
840
278
1185
368
594
1027
1160
450
1268
766
1635
3604
484
363
573
391
797
2738
642
1074
2370
596
670
634
1881
585
2833
541
556
508
890
435
926
2247
569
718
1010
681
629
408
498
1210
799
1073
n 20 k 3
133
363
77
89
31
50
101
53
38
107
538
34
438
73
591
495
56
22
35
25
67
27
209
147
52
54
56
75
135
50
148
229
44
62
50
331
278
82
216
558
325
78
477
234
52
47
56
431
37
39
60
34
46
300
64
38
85
23
519
388
55
87
536
194
409
318
140
436
107
59
38
73
72
44
103
80
84
528
75
441
727
151
228
181
76
295
56
108
585
85
279
83
181
70
111
120
32
60
291
48
n 30 k 3
437
131
362
115
850
1162
134
451
225
158
54
882
336
604
580
115
97
226
98
92
199
125
794
99
36
151
842
860
675
204
177
1006
602
319
76
115
134
103
147
53
97
98
65
135
634
117
185
139
763
279
186
101
259
531
556
78
726
462
400
868
94
145
237
78
116
64
41
139
108
719
99
141
104
458
94
48
666
137
108
50
205
216
438
150
247
1102
139
213
256
503
99
807
439
616
69
388
918
146
753
258
n 40 k 3
113
1104
557
224
906
1147
146
816
310
697
1370
316
669
254
148
586
1241
210
452
216
178
202
711
734
251
926
139
167
383
245
116
1581
204
1891
1678
910
162
189
1418
308
795
801
328
1688
339
179
216
124
799
158
546
276
813
575
207
129
206
892
170
178
769
1001
103
654
1080
302
853
956
1004
245
101
738
95
270
157
355
116
130
209
1942
1011
947
739
900
80
2272
417
1850
2336
557
253
318
405
747
1392
858
1128
352
1915
232
n 50 k 3
1008
1047
349
1376
327
83
273
138
1048
206
291
1507
248
863
996
219
1091
302
2440
167
760
960
257
1655
2218
1082
267
420
379
2139
172
2005
308
1258
425
230
1174
6216
872
215
141
884
488
754
1455
482
159
239
240
98
1409
513
137
720
765
3261
1892
371
2564
2540
291
1141
1311
226
418
256
227
1239
410
2126
230
812
929
198
1884
311
2141
314
202
318
2825
295
2207
1511
187
2024
262
1223
942
2839
819
240
306
568
289
634
1428
3211
507
1519
n 60 k 3
2512
349
1419
310
1621
1322
214
848
654
1904
493
257
170
565
715
442
2090
1808
1140
507
1042
1809
155
1626
1904
800
645
1203
1594
341
1074
4167
449
1948
1605
2144
2599
3710
2669
659
230
1697
1165
484
165
359
282
841
1192
1345
960
319
726
2854
14492
189
801
312
639
328
803
753
1575
202
1362
3673
530
2144
4984
3573
192
1284
636
3054
2516
2919
2330
2560
3377
1909
1665
676
840
390
1911
395
1698
594
746
6154
1034
627
1644
4748
2478
177
2181
758
489
488
n 70 k 3
817
396
907
689
671
1681
403
1056
925
10851
380
855
1790
253
320
675
1084
1418
792
2443
4799
1312
2232
2113
1231
605
917
3063
353
4581
541
658
1247
1459
1803
1402
2505
315
6176
530
770
4789
490
309
935
381
499
292
789
1162
1914
2029
808
652
2143
337
2385
367
452
1586
1064
3085
2039
612
269
709
1478
1880
976
1930
1994
861
1229
6356
1767
326
953
360
462
1096
198
519
1079
936
1072
715
788
230
4311
593
459
1202
382
1698
583
401
6081
1713
1505
438
n 80 k 3
582
1220
517
726
515
909
572
1222
8126
870
1218
4499
411
6177
603
636
5355
6708
9912
7120
716
1212
1436
1133
7376
661
1316
744
740
3611
1338
1298
3029
881
575
569
1894
738
5862
678
3228
4307
4924
4672
376
1210
675
1177
934
1099
9896
962
786
894
519
957
921
1067
605
10212
4462
2954
448
2160
1849
506
447
2631
643
2817
896
819
417
8231
3709
17809
4407
1829
503
1316
533
782
1629
1155
556
1080
2247
3887
732
1773
2453
2108
3612
2021
3417
522
2297
3072
1920
1546
n 90 k 3
538
6002
2729
903
3871
2901
895
2141
1788
9393
596
1028
925
19206
859
3100
9468
2124
665
834
1540
467
7546
1039
7874
1602
1775
759
996
6292
7735
471
5798
1698
714
2565
4261
1505
3561
4879
4907
709
1128
858
4356
1156
1403
4778
1063
3392
1561
423
6504
419
1510
383
3432
810
737
2222
2313
10426
968
394
1135
646
1863
1678
5817
1093
808
852
1216
723
1436
658
545
6016
8313
1957
20283
5164
10857
535
1581
3531
1047
12542
1072
411
13156
889
6499
6810
1124
291
565
13527
471
800
n 100 k 3
1242
2925
4211
829
10826
1938
500
21550
4883
2168
471
3424
571
12288
418
21012
11016
1034
1487
339
8188
1293
11104
9488
868
2284
10043
8393
9737
5691
16777
1472
1003
1662
1716
3357
6807
1685
1974
7235
593
596
1715
2581
11573
4611
4418
14973
399
444
7289
3907
488
7793
24605
2445
1746
3015
831
1388
1203
3907
1134
3035
10315
4719
745
7044
6000
1017
2150
14320
1155
427
7956
1587
2425
972
3461
10854
2120
1714
1503
10539
459
752
1438
453
2433
2343
902
25173
8134
3447
3937
3627
717
709
10519
5972
n 20 k 4
36
63
66
20
82
610
811
102
840
63
767
657
64
1355
30
115
484
213
194
172
92
499
84
533
66
56
512
12
216
53
541
79
56
47
756
138
76
219
1107
67
640
33
17
23
619
103
710
760
40
66
485
790
563
44
153
313
684
523
386
267
127
524
773
496
762
824
257
58
120
808
138
138
59
41
27
627
681
857
886
73
36
40
129
158
284
31
113
47
59
582
697
45
137
48
892
810
87
659
90
521
n 30 k 4
713
1514
901
2257
1105
3194
265
43
613
77
1374
154
111
821
1241
2379
754
1355
819
694
549
165
1052
94
85
1538
337
427
177
763
263
118
3511
1101
216
98
71
851
95
855
1294
965
112
1532
2171
65
1729
301
671
159
1363
1181
657
1334
1887
774
168
2979
126
365
383
177
2783
189
1627
948
166
57
1212
263
145
56
110
185
3347
657
208
1103
141
90
37
661
1816
124
288
49
1161
179
69
300
188
907
334
91
1017
782
159
1699
430
1838
n 40 k 4
136
478
156
4464
359
808
155
720
265
122
326
104
383
95
3422
80
159
924
540
240
1843
3498
1187
979
667
680
296
193
147
705
2841
1197
1430
8627
232
325
452
324
331
2828
933
1419
925
1194
506
865
828
252
1338
736
1651
116
3925
174
190
132
171
254
447
375
467
242
183
241
166
759
270
641
796
1587
339
295
1807
1345
6707
1949
1703
1567
68
357
325
643
2328
512
4848
462
339
211
162
364
3543
2473
294
5282
368
245
392
254
4202
693
n 50 k 4
1974
2038
3849
244
9593
5085
611
161
9942
7795
2381
2056
3469
475
3256
4248
695
948
10075
1176
3976
2565
2707
206
6482
2158
226
6721
1121
143
5976
1023
144
824
2986
106
751
716
661
3321
9533
2083
4567
2945
215
1334
2654
3367
369
2290
3149
9566
735
322
128
609
533
4990
3825
382
549
8278
11843
5161
1330
804
354
1560
1711
272
6415
375
8954
582
2116
3960
2237
6401
1010
1068
2727
244
203
1163
1024
12049
156
10382
3311
614
1643
922
439
1896
3523
6422
1552
7388
4295
280
n 60 k 4
2255
5784
947
16040
6399
311
1182
3942
609
399
1486
918
779
324
174
810
1106
1219
857
487
1303
15415
173
12626
2808
409
376
11701
888
346
435
3983
4244
849
19114
190
3971
9381
11761
8657
2016
1061
8370
576
507
255
3927
4462
1056
1030
409
3088
8513
347
5127
7099
324
4139
470
190
16851
3611
3646
520
581
2641
276
1523
2878
279
7947
12478
338
940
534
3271
1547
5038
1159
293
901
537
15908
2159
825
1369
254
730
6662
2310
5148
6416
399
2908
608
561
310
515
1264
811
n 70 k 4
920
816
1444
367
383
13296
11229
387
8379
431
1148
404
22181
5154
19080
1845
1197
4041
465
809
1003
12637
364
19480
1953
18081
3633
1497
765
563
1516
548
945
8977
18735
460
374
829
2012
545
584
2663
1481
5744
297
726
816
25564
15224
24212
1221
2265
3035
26005
1598
381
678
4727
1473
26732
28563
645
1167
19304
1154
21347
501
13737
9204
513
4346
629
2026
383
181
320
10338
1132
932
702
49791
7143
267
828
3427
4386
1310
22766
66527
4121
704
5081
7190
834
221
1331
15845
2914
6284
13053
n 80 k 4
708
1452
1545
1170
786
2010
1543
71118
2008
5506
31023
7959
121492
11353
31851
29936
1153
37001
24250
551
531
25610
947
1321
2189
815
74610
982
2574
958
412
24207
468
16114
15207
1046
538
238
884
2010
2061
3495
53631
438
1120
15363
1437
2777
9252
43544
574
843
33193
914
92738
19847
1225
1537
1924
7480
19260
5969
318
1392
430
1139
1647
1341
44882
1988
48264
24474
12922
546
985
1337
30464
23025
826
42528
15788
7780
7221
946
643
1628
49236
874
33147
24367
40252
27474
27214
4685
31265
12757
10351
14229
1613
27877
n 90 k 4
1007
81819
38065
867
23724
1019
33405
1099
914
16506
1040
34939
1385
935
126767
3475
937
19875
1170
1739
27878
1311
2118
81839
908
1161
22268
2006
18445
16068
44406
36210
1619
26091
1021
33299
495
17227
1846
136879
43547
3013
16012
12875
1589
44625
147446
18503
66899
41459
397
46902
3566
10596
6900
5264
2282
2259
3109
1557
714
21424
789
120149
65584
1816
27615
986
26685
108972
12539
13026
63472
22899
387
40854
1166
5870
72861
13249
1415
3179
37269
17467
22952
13807
17029
3814
567
529
78975
60070
705
25406
2604
1652
15215
2154
2558
1733
n 100 k 4
45218
37569
1273
85648
1340
104805
2592
2732
1393
4672
5190
413
547
13082
1464
10779
69999
27443
3099
82289
1445
1349
2981
13722
19724
27818
2192
1814
1646
3164
4047
1429
92386
10907
2169
3475
1382
97712
37077
146445
35522
632
3509
66476
754
13844
2363
1418
2420
2715
15498
1081
12705
2108
599
1379
2351
34702
55838
21763
34610
841
130066
2851
18051
36586
2560
15081
10112
1421
2067
120691
1542
26249
2567
935
73341
62754
838
3209
1788
75138
37105
30375
691
56913
102331
2087
1643
1669
2288
80292
2059
1378
1900
1919
26157
4422
59063
22439
n 20 k 5
53
525
1095
92
716
564
41
151
536
1503
688
921
505
982
708
694
49
160
565
75
34
567
752
1918
851
799
32
31
53
85
1777
35
52
28
510
831
27
108
33
87
43
458
484
65
117
880
1761
63
170
24
1076
108
483
125
72
35
893
581
56
39
47
64
722
120
626
73
873
543
199
237
207
130
823
24
55
52
490
81
850
75
54
28
563
312
32
914
589
58
1292
157
76
259
41
65
1378
607
962
829
572
135
n 30 k 5
1019
99
5883
75
1335
137
1955
2564
65
2330
878
1030
647
242
124
306
1566
88
210
428
215
481
4814
373
486
169
251
239
2283
283
7863
59
2318
117
82
199
1572
267
2063
85
119
2331
113
1122
1317
148
2514
1888
2702
132
2198
744
590
1862
1624
2765
100
4442
563
42
181
167
603
69
93
238
605
101
2738
725
114
69
233
2640
53
1832
1476
320
2266
1028
6203
2053
4639
514
199
3683
296
608
2627
1544
628
59
87
2241
582
2762
51
157
165
3865
n 40 k 5
321
219
1878
8700
513
5041
178
1043
152
165
506
608
2068
655
625
217
137
17733
12025
613
541
190
141
3348
641
15537
2844
490
8498
163
252
906
178
1099
18442
4200
634
822
12094
4662
6673
144
456
14072
130
146
814
394
3731
109
1106
252
1697
2305
5064
3528
281
73
236
21641
284
295
2566
586
509
2248
781
106
653
610
6948
147
785
4509
1750
1044
122
9696
6058
13828
18798
1032
7028
13407
1104
225
180
119
91
124
9998
4965
1128
676
5111
3301
7972
167
833
5222
n 50 k 5
998
88
916
9156
191
4395
1355
507
27988
796
1412
165
6164
8479
758
163
481
317
10402
11768
675
27593
34382
6833
177
356
56050
588
55733
553
11333
32295
231
796
666
755
11235
255
3481
5557
30317
717
329
905
4662
10242
5949
886
1350
25373
4384
327
3824
784
200
902
239
14566
2910
509
154
275
197
35546
301
11796
1261
6677
339
12976
1044
238
47581
925
233
7650
2423
224
1256
1570
570
14136
15541
665
3734
45132
2454
11134
338
6878
1916
989
6739
216
30896
939
240
21620
12352
6094
n 60 k 5
795
47092
106768
5835
110258
4538
872
2346
120786
751
216
400
1045
6557
36582
24549
41411
8862
14321
1316
1760
4584
27844
36894
380
18652
241
21035
1101
708
1783
898
59228
780
34833
1062
3251
1037
2373
864
41481
777
474
27886
185
24499
3453
1156
45970
1006
16414
347
1561
1585
29711
668
754
499
3553
994
1639
15828
1787
1422
652
24537
460
714
85476
409
948
32050
2286
930
899
1318
699
17163
1645
52694
38006
22351
597
6353
1398
1194
7023
1123
62438
178
269
23974
19775
743
704
830
18015
665
1143
14356
n 70 k 5
379
16035
493
49639
237
245
880
1078
2153
78018
57569
36147
112190
2298
8693
496
1993
775
40114
4246
29590
998
66667
23764
13515
755
126628
33428
59368
20660
1963
1619
23604
957
17074
906
48813
1458
1422
1440
881
1285
30787
68148
1153
651
242
2041
61478
40782
18192
1740
58304
11323
1813
2017
63374
1236
20167
47042
15414
613
269
119469
42204
1426
99040
2398
1679
695
1129
1601
4878
247
44897
14077
870
800
33068
80103
61135
34232
948
580
1002
1016
50014
1043
40791
968
1143
40567
65946
25001
67306
8827
247
903
397
1372
n 80 k 5
37879
433
29872
17461
1713
809
972
1858
1045
157191
62331
560
596
141480
777
54622
608
6448
71476
56907
1889
716
12289
80280
3719
437
96943
1252
7361
244
347
928
174181
72081
1331
6003
135635
891
298
97055
2899
2252
939
885
1274
1890
4681
28738
607
40559
30196
1483
28440
126691
1551
756
5553
341
989
1327
1960
1186
1413
56352
1318
2762
592
299272
135293
15697
1451
1053
134802
2407
62701
15393
100224
18242
43964
129199
1527
1874
870
93034
211458
4899
70702
2084
85610
38019
1425
101232
1911
743
802
257743
7337
1161
59465
159414
n 90 k 5
1760
842
1736
3024
97382
201471
52274
204532
552
276172
566
2418
7046
479927
20934
136949
147912
278832
53072
537
2798
4476
128712
2055
2308
234573
1097
538136
1287
113148
112409
488
109020
171947
2586
509
17214
2715
3138
264
240427
1948
119412
3356
1244
968
265942
139341
67550
166532
391917
810
67856
5393
34335
1555
1226
267744
316073
2012
118400
1184
2299
2166
15547
528
683859
1079
314416
1425
1919
3091
953
2189
4589
192826
2108
2348
27277
1925
248237
101374
669632
966
12066
144778
3039
212410
407654
157793
1969
792
30963
239493
1664
264064
1820
2395
190330
223838
n 100 k 5
1336226
76157
4361
1076
534525
794586
177122
2313
2000
60284
47375
1406
249065
1763
753
1491
3836
164064
43075
277911
22263
480
1041
1418424
4560
43528
475293
4104
1721
104623
2025
185534
38380
394615
1292
936
2508
1438
268741
2044
2139
1352
104653
97873
83181
98399
782
400980
1572
347652
212571
1412
192952
19846
183782
2066
295639
151080
2956
557861
74898
1400
1513
16324
374987
430075
514
704826
485832
1952
61498
2024
95311
69209
39210
616
291591
1731
2047
1120
1771
57954
12110
366679
1870
766757
2452
448294
2357
665
131747
1469
163290
93839
280321
87106
7263
1958
3323
657
n 20 k 6
58
657
70
51
51
509
1991
617
43
45
613
65
1082
601
33
1658
780
71
1099
124
61
87
96
911
1448
41
82
57
27
773
810
40
58
1920
537
42
560
115
534
49
658
57
1475
107
1939
51
653
78
900
669
709
660
61
48
86
749
1029
56
987
622
708
616
57
57
777
1596
512
13
76
1593
1681
675
2165
827
597
923
727
672
20
26
819
1176
34
891
82
39
66
23
69
392
43
530
48
94
697
51
179
87
28
706
n 30 k 6
2584
81
2583
7329
462
243
119
198
125
2228
105
1926
93
245
71
987
1524
2844
229
326
1036
139
1610
6077
10932
1622
67
73
241
238
826
5095
5258
1404
3875
5943
6016
3335
3320
540
226
169
77
2354
1206
6026
965
67
78
68
2328
1253
271
112
116
6870
333
46
8980
3149
1771
2034
101
6443
717
1674
3044
2045
600
145
2037
203
6388
3855
57
144
50
558
98
34
6264
503
6107
79
3591
181
5969
13081
145
124
3880
2230
81
232
3468
3981
341
247
3815
157
n 40 k 6
21731
3851
165
3308
7673
9841
147
163
628
284
4702
154
7612
13247
505
596
2220
48451
4811
7838
21241
9149
473
30907
100
97
11974
10373
6352
24711
16477
12063
22966
19478
13419
769
208
110
748
480
14355
112
144
194
13197
90
4031
112
12646
90
542
628
8152
211
1894
250
118
617
21975
268
590
7066
343
35359
25336
6005
17719
9966
643
480
236
542
11061
202
816
189
2937
554
71
152
126
125
4338
3643
7387
147
141
256
125
350
4380
8365
160
172
938
5255
612
214
10768
16182
n 50 k 6
41630
172
35594
82148
43301
18843
386
284
655
1527
169
183
29275
234
16278
37512
253
27169
1121
45427
10403
602
637
27344
937
8450
44522
726
1542
9253
1181
245
22484
773
548
209
122
1028
10971
1126
552
31232
238
26379
10094
613
95889
710
30784
34107
506
1178
268
128
719
1402
6426
177
9034
1455
737
1116
695
17286
66875
798
14324
34948
3467
9333
601
35092
47209
14994
195
1060
12608
122396
11513
179
524
16007
43648
23115
883
431
12903
669
170
69057
6117
12971
288
102243
63705
90943
339
891
28449
802
n 60 k 6
77331
881
85398
1097
1628
2008
685
44834
1240
141352
298628
1543
75884
945
10833
218290
76251
197659
845
1385
194
131139
481
81915
105308
617
95987
1504
705
64736
726
23566
198876
300428
211
412
906
846
191
136089
49003
141635
22669
14234
643
433
907
1840
24671
135708
934
150259
1172
1015
36638
1581
154811
2109
16202
6811
1511
10965
16867
1159
1509
15889
367
1485
362
157
1836
148033
172
126727
1728
1782
352
103702
78804
130004
24191
759
384
379480
390
79675
32766
194904
61982
41724
62328
957
25540
21300
1282
108779
152223
375
909
11328
n 70 k 6
36833
1596
99351
1787
342
1814
426
3016
161268
222751
4020
551
158594
566155
400393
583628
2013
77946
602
1880
590
1236
893
1425
182219
407298
3323
264560
364248
305908
377229
1529
334
50256
189135
45546
274616
81142
47401
280335
24667
1378
19961
293
34893
706
1399
43364
168384
49123
112482
772
12363
331180
203956
1252
151569
2007
196089
178074
243495
142700
1905
169597
85712
111182
174255
3006
637
1205
2194
327
29748
643579
76624
2539
780
41886
22807
21951
406065
203009
2076
170
1201
82440
233569
675
3249
82218
99184
113495
921
1002
213323
772
62001
1104
418627
497828
n 80 k 6
459093
2531
724606
365710
66872
193178
1751
214666
1652374
1173
249696
22535
777
2097
2746
376586
2336
2047
270035
1878
661793
138879
387
654543
4055
4512
919
1161982
100246
149460
441083
1022
775
358137
233341
984581
267004
347920
144502
104918
414
162571
1174
125459
704
2405
328305
538515
1026
905
99596
85176
1081759
11706
1044
297
1128
291
1276
391463
1001573
186849
259
1494
206034
1571
2264
132676
4128
1423
2426
32486
574447
460095
222801
213163
1486
1581
105054
3084
600184
886
156289
1044
64620
117649
213099
461176
1648
2653
221
308212
457
1214
1052
1975
607570
341513
1011272
598
n 90 k 6
3227
456
2116
206885
673465
498538
1784
36016
2933
900
620367
1393
1095902
388441
342387
204042
740
5648000
2124324
413738
1316
883
1249
1351
1388
931471
1285
215733
921
3283
552
2227939
1179
2030
222404
4415
1605
1934777
641
1175
1576712
1208
140169
916921
251170
829747
1937
4645
1806309
1199639
162727
652368
50220
1445231
933
493
1815
386472
587616
1600
292296
810038
179572
2445
415
1176
744685
3536
2164
868615
732557
321813
2679
5352
541
1106923
1020505
1011
677535
2112
5962
2060213
423227
3717
1363
1489
283722
3348
1518890
2163196
2618
3686
286684
2318
359
398281
1695
546
758920
2914180
n 100 k 6
830
499283
3860325
2037
5867037
2356
357511
6344
1233444
3016
2594335
1656
209995
2414
3566
688992
2342
2895
1966328
1526
42132
1501
413
984162
2008712
115946
1429
1965
429823
4287489
2037919
355
1238887
1425
3201982
154359
8084
7877805
1281
1506951
684
1502111
316
1276
3258
1654
2890
3732
2469541
9536
711882
2948344
4388
1722893
4872
2215449
1312872
4983
1321319
1140943
60660
6484
543
2850
2196
1714
6807
1575
715
3903
252105
1614891
1569
1230
2475
1272
1582191
1406
1340298
3400
7552
768
2635621
979420
7550
4203
816
3924915
1483759
1650310
460258
1877
993
563091
362789
1979
379005
3554
70112
1317
