n 20 k 2
134
64
48
84
29
107
60
41
47
72
43
48
78
16
42
43
47
46
35
84
54
28
64
145
39
38
29
88
50
58
78
54
82
52
41
90
111
73
142
72
173
408
95
81
86
162
74
51
32
36
66
25
27
44
23
69
328
88
104
111
40
59
72
170
19
86
79
38
77
25
53
46
87
117
54
174
39
32
43
44
347
33
55
87
226
80
32
99
36
77
98
21
250
170
30
74
275
102
54
63
n 30 k 2
137
50
81
141
81
448
157
221
58
387
101
155
380
237
92
226
240
106
76
82
88
104
105
96
241
51
234
59
71
95
60
107
116
92
51
488
170
52
249
349
66
109
374
238
116
70
178
271
48
100
565
210
77
115
79
232
91
153
127
101
84
129
226
170
115
374
129
94
117
70
291
325
148
73
121
71
137
149
593
94
71
167
157
342
62
76
159
161
103
136
150
310
96
62
181
176
66
92
85
81
n 40 k 2
276
284
355
110
687
160
375
187
108
102
133
152
166
575
124
165
176
95
133
88
170
145
253
367
170
165
114
525
304
571
322
341
80
251
436
187
145
118
107
171
194
285
147
731
212
233
319
336
260
165
1068
243
266
452
250
403
384
230
319
741
173
150
95
236
885
104
219
450
442
91
158
306
426
162
663
131
109
140
141
159
245
473
286
151
77
162
75
413
186
557
527
298
434
337
130
169
367
71
416
460
n 50 k 2
1253
165
158
198
233
143
280
348
665
299
220
118
186
228
448
204
132
265
757
182
163
104
512
977
548
570
99
125
229
149
234
187
260
376
198
637
390
151
206
160
180
190
465
227
276
646
303
364
1698
232
254
124
1001
348
489
293
882
204
149
453
459
484
420
232
328
274
210
100
236
288
452
453
206
188
173
531
662
301
284
293
120
455
291
429
262
249
198
375
171
191
259
1073
803
592
120
130
87
246
596
339
n 60 k 2
497
319
112
954
226
118
134
363
232
412
867
347
921
379
280
191
259
1042
404
251
700
851
316
541
302
205
501
1150
223
253
224
180
413
550
270
578
1069
441
883
331
204
251
815
1189
175
134
648
300
612
215
232
1093
738
802
651
182
1295
305
581
295
330
313
813
744
489
416
649
426
163
1291
1659
182
554
320
346
336
1113
291
767
284
126
545
181
314
706
535
233
333
144
260
228
320
195
469
565
657
538
642
252
794
n 70 k 2
238
385
956
394
387
282
350
373
1224
484
336
316
1122
771
239
563
542
427
229
375
215
686
330
1447
1074
325
1153
1929
811
422
262
287
872
263
293
910
1099
263
160
627
241
442
682
1012
975
559
407
515
282
956
392
1145
960
275
573
462
254
1074
1202
430
292
791
340
431
431
306
923
669
475
1948
1238
351
353
334
885
226
259
225
966
336
638
314
1228
299
403
1006
385
288
1586
309
586
386
416
778
271
376
248
793
181
254
n 80 k 2
140
167
2643
336
316
752
367
442
800
361
219
375
379
1987
415
322
293
301
630
650
425
323
382
327
243
306
242
271
1237
1251
2696
751
516
410
832
293
882
908
705
451
471
344
927
539
631
430
554
392
159
334
265
956
1108
638
763
306
946
213
1004
483
314
442
555
544
485
276
281
1318
323
277
617
387
1478
275
417
899
468
697
316
417
290
201
773
948
346
581
918
266
980
854
812
495
1019
399
1024
323
489
387
831
1184
n 90 k 2
564
527
329
342
509
1774
415
1129
479
549
1277
485
1048
626
1159
424
868
648
425
419
510
560
501
713
368
976
1106
1130
425
646
942
1413
1476
814
899
524
405
674
1000
482
1626
1111
1230
839
991
1504
260
713
415
430
974
947
542
792
402
663
743
1062
577
613
476
1116
348
827
603
484
652
1337
331
732
2174
901
754
570
423
428
889
3927
779
2372
576
425
1118
375
1451
1356
2192
233
426
753
366
846
654
651
297
634
693
320
635
533
n 100 k 2
1072
636
1826
1241
1569
1686
935
381
1014
663
774
1430
397
790
1494
1957
451
842
924
643
1178
1224
646
437
1721
467
1037
2017
664
1315
1153
2400
1350
626
364
1145
771
1372
538
713
1014
1031
1091
1017
565
402
954
1380
1326
409
420
1057
540
863
889
651
595
552
1282
424
1192
386
692
859
411
1793
623
695
1669
593
647
711
442
956
531
1019
513
778
2671
1214
542
1871
438
1500
746
481
710
1391
917
655
491
835
980
762
570
1426
2963
364
327
373
n 20 k 3
52
45
280
84
73
81
43
152
867
203
283
38
262
47
146
51
122
51
581
47
34
189
55
32
335
25
37
178
35
391
598
30
626
41
512
254
553
129
310
29
40
359
400
36
51
201
286
363
43
571
240
72
203
81
60
249
71
32
18
129
30
352
465
493
35
60
55
75
50
64
185
79
59
424
70
107
66
562
44
30
65
62
24
511
394
617
376
204
51
527
39
333
64
786
410
171
547
18
116
84
n 30 k 3
122
680
650
51
100
183
457
145
242
74
48
127
299
217
399
396
1119
593
45
646
283
76
1401
274
242
148
625
187
484
69
566
136
186
658
72
619
518
116
870
345
95
47
242
255
124
209
677
558
777
120
627
215
1526
189
79
126
284
262
698
385
345
359
323
291
148
125
913
103
228
39
99
1628
734
149
428
188
563
795
148
472
133
949
97
218
340
552
972
860
790
54
105
108
763
244
215
59
729
52
950
123
n 40 k 3
130
1197
156
202
391
177
220
226
1006
803
95
317
187
1036
219
765
190
110
1070
569
186
176
973
1134
261
268
551
552
269
413
429
131
1112
192
1305
637
190
525
225
228
2531
131
165
1828
1019
356
1542
1052
170
567
132
170
1651
394
86
230
170
180
724
163
159
98
672
113
93
522
149
364
480
1322
541
763
258
873
224
712
208
427
572
158
705
386
136
2001
379
902
196
438
507
213
1076
1563
185
1857
614
944
190
772
297
76
n 50 k 3
233
1613
531
1527
994
1728
1010
1392
683
189
317
1701
265
142
2238
2060
1296
436
295
261
1291
621
821
194
156
134
203
344
975
702
1573
174
1607
398
351
292
263
225
346
6513
394
217
357
165
598
443
161
579
1915
240
808
1472
1227
1402
1338
2600
950
153
1124
292
188
345
332
149
181
1576
171
531
182
771
1938
236
1068
672
186
746
321
315
1172
758
233
514
847
245
697
5006
479
645
561
1578
259
799
207
1739
1374
224
367
5786
584
391
n 60 k 3
3676
422
530
852
803
1070
384
695
997
3395
1875
1364
3089
584
352
361
1207
556
423
1064
1122
2826
375
3059
2271
233
2085
2531
4258
2806
1559
834
4172
518
340
429
848
1311
3612
5352
270
673
381
450
446
615
403
966
290
702
249
1248
2284
836
1522
488
4800
650
1178
6457
649
4488
3126
1008
244
4549
687
228
1780
2878
3873
738
520
207
3104
480
2948
734
3698
375
954
1240
238
1035
808
4797
226
591
221
957
1024
3131
123
1144
268
298
4883
890
1538
730
n 70 k 3
914
1376
473
226
2764
633
298
532
901
1788
1213
386
4172
469
1796
2446
1346
623
1421
717
423
2787
525
10404
390
1698
3935
847
533
719
3762
2416
1135
852
398
250
820
242
1799
7524
1673
652
528
245
474
619
2356
1068
4106
356
193
2319
559
633
2779
992
2181
976
3258
1144
1052
455
2839
468
4467
1906
1638
912
834
1040
1478
829
676
355
250
5176
2722
743
1018
814
8430
865
3135
576
777
261
612
416
511
210
335
684
1137
2302
2553
1643
1441
735
290
2599
n 80 k 3
2602
3021
5022
1332
9984
2143
5769
7678
612
2355
2156
497
14739
1212
8775
1948
9912
590
3837
3533
9567
4811
315
427
3229
1267
521
723
1712
3972
343
834
1315
1190
556
1601
380
5895
1430
5851
1237
1113
4851
1695
473
4566
12504
343
826
860
1225
1235
4345
7372
5734
2624
3026
1244
2116
9584
1356
2966
2053
1402
1240
666
4482
1470
3831
857
3694
7672
627
1393
2080
10132
1006
2454
2464
5404
585
2104
3716
872
3177
567
1202
615
1241
6138
1753
5040
13355
553
515
4478
321
523
1009
2483
n 90 k 3
1868
1371
1629
950
895
986
1990
396
717
503
1421
734
483
4676
486
2342
2145
1815
660
884
555
6093
695
809
7848
3560
2617
488
436
1196
1278
881
1588
622
1091
18174
709
690
3003
9052
5681
4626
779
2632
2614
1741
1683
1433
2263
1741
1412
822
3908
807
443
5851
525
2066
4077
17243
995
1108
1634
560
1224
973
1127
264
11458
951
1858
3259
1671
1346
498
807
504
10375
12038
1671
4851
2442
6433
519
3779
1593
3276
1007
536
5735
336
1245
2157
722
8125
820
773
4729
1441
1727
n 100 k 3
3265
2458
3773
1754
903
1047
2701
5494
12445
1277
1581
2437
11814
976
4366
4147
3826
1707
3629
13213
8779
2614
3204
3878
806
2837
1376
4629
4484
1199
7599
4829
13944
10401
1590
848
11466
11862
977
703
412
1537
1120
2544
5156
560
2079
514
2411
598
361
931
2036
4322
8239
503
899
492
638
19373
7593
1074
4299
778
5266
2070
4561
571
7510
5073
1458
2466
1663
3155
551
18072
2311
820
479
6830
2041
5507
14881
5220
4664
771
1485
5272
3302
331
8465
4830
555
920
620
8176
2950
2846
703
4799
n 20 k 4
184
743
59
529
954
79
45
43
595
1144
173
53
707
500
960
443
823
78
807
43
368
40
529
1909
11
561
1157
20
71
77
86
507
72
27
1162
557
41
59
1339
40
46
477
55
571
83
93
133
531
553
67
828
47
78
549
521
579
50
634
100
488
999
67
527
151
514
42
469
762
961
31
84
278
709
633
548
48
1511
119
74
175
47
878
101
624
58
596
22
30
85
50
490
38
663
577
314
1244
285
110
68
32
n 30 k 4
1290
621
791
281
159
96
72
1691
87
79
572
2025
109
993
1163
416
79
886
392
759
99
48
505
529
424
645
1300
1142
844
137
567
153
270
833
99
88
92
58
344
120
2090
59
64
646
677
643
5632
1303
265
110
593
198
166
174
987
3821
663
758
96
194
1144
364
157
425
144
242
861
1934
869
1552
50
222
204
114
1067
137
59
398
685
1058
2696
914
924
133
120
939
1525
885
1849
1212
2921
1725
590
1117
144
1614
1524
133
90
141
n 40 k 4
654
2279
242
2697
1049
1983
768
614
131
3707
1304
919
1115
6088
1129
1480
2348
2161
1030
2011
232
875
79
188
409
501
2520
745
2612
106
137
383
3109
424
2847
2146
242
128
725
4837
364
1787
15214
2515
572
3033
2766
113
5914
714
2399
2781
644
145
375
633
674
451
571
2951
103
421
595
1111
1674
3040
210
158
1306
158
150
1664
2643
5790
78
6881
189
1896
175
207
1923
1234
2273
66
137
243
108
5827
2607
2596
160
287
2094
882
560
153
82
167
2429
722
n 50 k 4
4614
222
136
489
917
7435
729
7776
7993
802
645
815
2203
606
4002
243
3778
600
607
852
24675
277
7804
171
9556
6124
1468
4315
225
233
214
296
293
1310
385
2853
7280
189
270
3656
2443
2156
643
1663
8057
361
2898
154
357
230
11765
2473
1987
10176
479
1006
1091
7778
7580
448
555
327
1261
2315
10222
595
152
10178
2861
6846
143
9716
82
1837
579
1019
230
5303
277
2691
197
4188
292
1282
5625
255
3813
1383
658
216
7122
1674
7729
6934
613
642
10786
1839
411
318
n 60 k 4
2823
493
766
412
690
658
13912
11962
5791
1814
525
3944
232
17777
336
24639
1030
345
364
267
687
1234
904
7149
1875
20212
731
13262
25742
627
116
29042
3311
203
2372
677
1025
9678
876
1063
875
1320
11471
3475
177
7026
507
8092
315
287
893
36442
4256
1817
347
4569
946
226
526
11732
473
4998
13720
3071
5185
1081
18080
6693
26293
170
2708
1209
607
30809
301
451
4841
3138
177
10117
1223
3966
1044
4676
4150
741
5484
463
37025
8427
3583
346
2752
780
3503
19852
799
3232
15370
675
n 70 k 4
1813
11613
12874
479
280
813
293
830
13963
336
559
30603
346
11260
7781
336
438
1870
566
15944
5418
23976
11418
691
1381
554
963
1049
7366
6199
557
1036
6850
4901
6312
1945
738
15578
2850
280
565
278
3733
35419
293
1233
890
15633
629
4274
816
3025
17676
35552
990
725
9317
3964
6360
7474
13032
21989
4032
6190
501
1642
19949
32005
3931
12644
1146
376
328
1136
4044
3642
576
952
1361
6931
372
593
1782
1682
1101
2444
796
689
34107
1694
974
7210
16065
7853
877
37992
375
1564
747
32180
n 80 k 4
6868
1754
12611
8736
48712
728
4492
401
11023
35467
35350
25173
34826
11784
531
928
6756
56753
445
355
299
29990
6690
5689
2415
22389
26395
50620
2093
2351
7071
47704
7078
963
6896
838
1189
729
1470
53500
15624
31675
1961
1248
4052
1222
14451
30817
19029
28126
414
348
248
22524
1842
2913
2246
33500
4242
33659
36765
8551
829
582
1221
7705
9394
36748
1377
10916
24158
2436
820
328
4097
9545
703
269
1152
42325
9720
1752
68570
942
454
1070
2546
40581
14547
473
32173
596
28150
414
29730
986
11705
1169
29403
951
n 90 k 4
3222
911
945
14847
22785
12207
28482
19516
1024
2032
4453
1880
2605
26643
2845
3509
1071
38120
30918
40097
10293
1791
1704
603
73147
395
975
980
785
751
693
1103
845
677
24943
300
1391
556
79734
12296
14723
1767
46567
1374
21691
26381
22374
1044
65488
1065
6331
3267
2566
8350
10622
14099
1425
2011
126206
1344
5272
1386
33953
3052
6818
10785
5493
39221
2857
4034
366
2746
7063
14760
1073
1362
2919
42432
15218
527
3194
8394
8519
540
5354
14907
930
26625
3371
9526
1232
4714
31054
599
1405
61798
863
1823
1724
1640
n 100 k 4
2453
1761
1623
2513
64783
1675
2028
507
1489
463
29320
910
50930
3549
91636
6634
16137
1728
486
2707
56736
972
1852
46963
52192
3948
46117
12889
68035
1149
1680
51019
1707
976
34528
23780
5036
270677
114237
71907
67285
2126
1208
164856
1334
1159
3399
65633
52894
53470
2412
3530
18841
3473
3238
443
10389
644
2389
331
49268
2808
2584
4527
2219
1160
41641
467
8319
54348
2525
666
3448
609
54139
1935
868
10922
1083
88150
24190
34165
862
23052
8959
23443
520
8513
912
50146
1215
877
706
747
351
149054
1902
1645
8666
52405
n 20 k 5
81
1026
59
745
81
50
52
34
89
74
66
81
808
663
627
71
1215
896
551
90
663
79
549
133
685
1610
113
85
1531
935
58
73
52
727
890
28
110
792
618
122
32
491
75
1496
562
609
311
79
87
680
68
683
477
587
49
49
529
61
79
40
45
594
43
45
543
1517
66
44
1102
690
122
34
1018
635
958
1756
80
22
98
40
86
612
38
698
523
35
691
180
35
52
1111
582
65
61
595
56
107
645
1103
42
n 30 k 5
269
2214
70
165
1236
63
81
95
48
299
268
127
392
98
4312
3256
73
142
101
1281
335
169
4999
775
304
192
632
577
66
138
4186
119
1886
40
923
5021
2160
1284
13728
579
2473
5753
595
105
441
1153
1375
625
1689
1402
99
132
504
41
89
491
112
70
1835
56
1172
537
404
208
306
187
80
1717
107
201
79
123
232
317
76
305
2835
271
3089
74
1108
2149
588
922
1624
674
2834
1449
165
139
1192
3008
8624
2413
705
707
4016
2125
564
193
n 40 k 5
784
8717
533
972
1650
6002
304
168
1616
372
2929
10603
2783
2416
4202
4985
186
267
558
367
11566
466
3055
2848
2177
19936
320
4355
838
169
463
1770
4016
545
2745
2747
2833
6914
321
12680
208
1147
1695
337
480
1973
118
123
9014
750
179
402
11941
3048
3588
14729
127
496
259
122
2416
160
4441
246
1986
534
1778
6889
5300
522
220
233
2082
12328
724
68
152
8300
594
4545
707
200
204
575
18040
2292
132
4080
59
89
5940
84
6976
8804
160
830
3867
689
2148
9496
n 50 k 5
575
880
1491
18362
14727
462
7384
10883
714
987
852
4581
3937
5397
2738
202
9514
866
25585
212
941
24395
35870
840
584
883
100
18889
6431
15230
7381
18221
713
11915
26580
13850
297
1297
668
1131
847
250
8037
4905
8695
813
643
17595
670
5365
16188
337
983
13260
223
2263
711
646
2277
18946
12579
1196
28706
4302
987
22054
11077
12058
25933
681
1330
1259
10225
2395
18123
949
282
8466
42583
348
1013
655
2820
189
6547
584
1097
221
736
8594
169
22037
63526
8552
18839
269
2965
1467
641
261
n 60 k 5
1014
270
880
68824
399
1210
22492
6051
3774
779
97621
1087
1891
12281
1260
22429
6736
1737
135983
14973
348
18019
6330
90171
19375
853
32411
1080
601
12875
78366
173
6679
5640
1384
10967
23948
718
839
894
748
57244
87256
49276
2087
6372
602
46856
875
26791
47052
40960
1300
766
1251
1419
670
9041
9087
725
877
1540
816
7280
920
45979
37910
2631
8367
22764
1080
733
387
1620
537
10817
10145
21363
1366
15769
52378
873
1411
27879
526
2733
1108
1328
840
702
1971
758
467
11786
218
810
25217
7203
533
19473
n 70 k 5
1782
1625
1364
1698
743
1347
54678
18356
263
1695
931
194
1563
303
1423
2375
944
5355
8016
241
431
66949
238
139179
6693
144315
66707
10887
41794
36133
418
1577
1231
95653
630
454
28167
76887
6401
1530
238
6722
33875
672
67921
143312
655
5109
1738
97665
1927
1373
34669
1271
1301
52956
1401
93207
870
1634
100234
11071
101312
759
2191
376
198358
37449
136624
1597
6397
1861
3072
273
48492
382
84011
539
1149
116484
2347
730
1537
2149
32429
2572
512
2227
563
139514
1099
382
2532
47146
404
1556
1877
833
1282
1717
n 80 k 5
4441
114759
54013
2635
206868
1696
6380
70830
355
11588
2058
1541
1655
2573
1127
469
99520
93914
79260
4791
55926
849
197453
2443
241698
103478
1202
121246
2093
13093
5497
149864
1000
677
2170
935
1146
858
87208
779
193626
2015
12388
1719
24860
179673
43995
6981
74580
1071
1628
3303
881
19646
531
1046
61293
2053
45717
158038
4034
399
226195
135406
28882
69908
646
757
10622
451
132632
1492
378
3871
216418
201338
1098
1034
301105
3406
2334
1295
11655
437
40066
1230
723
164837
31583
70658
112495
62090
95064
1936
737
716
4973
116684
26549
142406
n 90 k 5
123336
301225
24099
2660
38147
4715
594
2736
168803
3353
1614
132633
1016
243707
1446
525310
1546
1493
57696
151565
64575
144737
1021
917
777
85892
2759
930
190678
1748
334
1897
262418
316075
117177
2289
182587
28545
21599
757500
185454
1754
21097
1183
214861
94731
4765
29941
1791
558461
2724
1950
103996
484896
387867
676
375
82116
29343
562082
1563
73550
94844
70631
2769
89867
291203
23957
72364
40521
14518
119476
1104
2118
3013
71454
190748
272878
2577
1608
1450
43484
1169
30211
87254
1711
3285
64687
164769
460857
914
2984
1033
56872
244662
50065
2944
1545
984
912717
n 100 k 5
1365
1687
1360
3138
455768
1361
1465
2246
4114
137858
109526
1540
1678
934
160104
283593
73956
918
1609
2026
282933
519389
662032
346683
33797
721
3661
2068
181408
118231
880
1087
3260
447141
194021
178529
3487
40111
5578
291061
1388
739444
162276
608609
1226
310035
20926
4611
18771
3288
2690
817240
3238
299999
1621
1698
15188
15080
4377
4080
2904
387
1026
1031
405355
158367
1131
132777
484350
268943
5481
128932
1315
1169
2297
62728
28293
96894
77156
925335
262122
193165
114524
1646
392421
18987
411798
74638
1204
63188
577445
1577
1364
43495
79271
165732
130745
799299
566543
63137
n 20 k 6
38
480
1052
83
69
1041
68
29
39
36
968
820
940
1041
1844
510
1657
1236
88
77
1212
833
2435
153
704
893
637
1292
112
82
798
38
682
1207
25
648
814
1241
702
1174
60
57
45
761
32
2438
31
63
42
831
508
1015
708
121
79
838
943
677
76
53
442
3123
35
28
80
61
27
126
589
659
71
1306
2804
56
56
757
121
1374
67
42
92
996
35
31
49
1397
522
48
577
868
73
57
1286
899
36
68
548
37
869
727
n 30 k 6
182
591
2403
2035
728
63
96
1354
270
83
4574
92
166
100
2759
2484
154
7509
742
878
1424
19686
113
361
403
98
114
72
6456
1296
227
5545
304
1937
5495
240
690
2503
73
98
455
491
1443
2390
532
3897
459
118
269
371
3950
6947
81
4281
4008
3457
276
2083
4650
104
629
2725
595
125
3158
85
270
836
92
95
140
4896
507
511
545
6355
400
527
2604
106
572
1971
248
105
83
69
73
1183
861
2110
4996
84
59
86
2083
111
281
322
1367
9735
n 40 k 6
8704
609
409
27626
367
209
80
118
844
3370
35936
5329
14538
4410
170
31068
14627
1248
14763
9172
15622
34361
367
127
2047
4027
592
108
190
9497
4711
74312
12487
60676
764
6948
325
18769
704
104
338
231
8067
139
738
631
106
361
109
1234
20952
16597
16109
185
165
94
979
2864
559
231
197
702
109
10669
17559
989
10493
290
11277
24623
2723
1032
14335
143
5190
842
237
21501
586
105
152
623
591
4660
78
529
231
629
182
31143
2441
592
138
34238
2900
7239
22601
259
676
6373
n 50 k 6
15843
1042
576
180
181
284
818
58755
1019
228
705
976
786
271
990
699
591
894
844
71706
22265
519
69577
1345
87848
19062
33530
419
136
931
73653
724
3466
779
185
11993
1080
1061
12754
48676
223593
6199
121
73024
343
964
21919
212
830
14422
698
689
883
44754
4643
143
56389
40300
346
607
113
290
683
38389
265
119608
2164
35072
627
95244
252
36069
413
22610
636
51589
25112
169
122473
1022
59168
46496
11583
208
143
217
12160
559
1007
524
164
39391
535
272
27228
54033
1023
1147
4682
929
n 60 k 6
426
21594
738
1210
1166
79504
91936
705
1949
185849
346796
44673
335116
21996
107965
794
191
106270
998
467
46551
37678
567120
787
433
21845
50498
1508
60600
84041
255491
378
646
19800
65066
703
939
1123
6908
148
1132
1195
925
34771
30088
72431
31647
1366
765
265598
185835
1910
1223
21480
93289
351432
169028
483
13395
153992
85448
351
715
179575
479
430
136453
14281
177403
55624
70419
357
142860
293
55787
61983
360
1691
59511
88378
19636
12193
291879
218730
9223
73380
150614
1366
100177
73873
59127
116040
129653
429
189226
479
11087
12169
159908
44860
n 70 k 6
384097
1473
730
761
510
779
298
101696
281131
900
213
853
214
427426
248896
1660
5264
844
151535
333
745
33248
1257
1043
236
175804
1077
459
1217
408211
276
42903
749
282298
2403
256006
1277
246
563
269
546234
657
96706
812438
91337
400745
1749
80756
1020
35798
64513
2109
280235
202786
606
321661
105427
206
1808
2642
67204
53687
22068
1781
1206
72577
1998
107885
297
119503
704
26197
753
345
477712
1213
328646
523
1026
1374
1458
1063
377733
43958
3436
362
52796
961
246958
40439
1363
306
143
59800
4166
467814
3410
1299
98805
524
n 80 k 6
1008
1188491
803993
1053
925330
581467
339307
32343
376347
261170
657986
3592
106481
1069359
267790
1057
312680
193989
805
33916
143970
67832
954417
2279805
255127
4827
1312
1444
1184
19028
2354
555
3257
712654
1210
1463394
543211
128066
1837
975618
1515
94927
450
1294884
1033
2217
1447614
3353
1017
1800069
379903
3280
875
13761
857
320438
1432
401
578084
1168353
58689
900139
1475
3075
1066722
749
273198
1780
139041
872449
884
506
114999
777
594
605080
257015
128696
1646359
528643
1013377
533335
2076
514784
140909
594971
1506
952
185788
1410
319
114225
152867
564
1130
742777
1333
53356
151191
1227358
n 90 k 6
899
126090
34521
549
937318
1093747
629964
872
2385
639765
78123
2266
2043
562
419592
973
138488
1625
1914691
2258
2677597
731887
353701
518
594896
422024
191575
1068691
638
579530
310711
1320
1032110
4022
575001
10465
1025843
725789
690
1957
2739757
2432830
855359
240
1735
602817
247946
329520
4775
1068
1048
1570471
1339132
4735
309792
2234
3384
1101895
908102
3516389
1607752
3194
3378253
1011599
1110715
402644
716
740
1485
19509
2839
883
1119
1155
409619
207307
546665
1486
2507
3086
2699218
1155899
429217
953018
79560
1065
397327
1759448
773
1043398
955008
2333108
2480773
3477
816916
935
1237
624672
306890
1021
n 100 k 6
8924
2311
5928
973
194707
533
853852
514667
1284128
452
1743811
190349
220209
5506
5224
2912940
1050
98720
3111051
721347
5073234
2528309
1413268
3049122
1213
2728
3101982
2567
1535668
590560
2795716
1839
1496
615172
1487471
597
2798
109843
2303693
1044944
3897
5840
1697586
3133
1296
4139
1158
1587
1479072
3469
253040
3425
968614
1695
106278
3355
981
1379
449498
4280
319855
2681600
961390
1706
2020081
1469439
1678523
1745
2000
447575
1045
1001
2931775
156367
3157904
2257
1691
1873996
4793304
2680
1446411
2526
457
2589
2213
1566
1491
21818
1797387
875631
5291
606121
947
326694
11547094
5972672
1070
378
794927
10449
