n 20 k 2
172
29
263
37
76
48
65
25
91
91
141
48
26
46
55
53
78
122
30
56
193
74
164
115
86
62
75
28
286
58
29
94
117
44
75
49
25
42
78
34
41
174
40
59
60
50
31
106
83
49
54
35
35
57
23
143
261
46
46
146
57
110
93
43
41
81
68
31
57
45
90
140
38
39
62
44
43
35
167
173
56
141
45
137
52
44
29
70
113
33
60
32
95
31
63
97
72
88
33
28
n 30 k 2
273
76
87
211
144
110
106
100
193
314
103
63
79
86
110
143
52
92
53
91
313
438
96
101
51
189
143
83
138
133
165
120
84
166
243
126
97
78
278
82
738
100
85
99
102
163
75
156
115
100
111
132
116
205
75
46
359
120
476
107
99
191
74
170
113
148
113
254
217
465
90
137
302
362
236
178
60
114
130
78
75
218
61
324
93
145
151
413
261
79
128
69
345
169
221
299
75
390
246
133
n 40 k 2
84
283
449
294
356
71
103
279
268
146
140
249
178
114
621
250
133
371
108
104
297
100
827
125
594
406
268
330
186
251
198
450
114
141
83
391
222
168
60
279
405
130
676
259
109
144
143
164
338
216
110
168
145
172
158
359
279
185
87
146
126
417
272
98
48
136
535
405
434
143
293
373
729
430
538
112
215
95
189
124
98
145
414
161
265
275
222
761
114
405
80
115
136
449
156
122
415
186
539
112
n 50 k 2
213
206
158
413
105
242
214
479
215
96
266
177
186
208
224
318
426
156
304
252
140
354
149
80
234
240
1156
431
191
284
273
639
705
449
773
112
201
164
294
184
425
147
168
803
192
73
405
677
367
761
398
127
97
234
712
269
100
1057
1152
524
196
251
228
118
194
331
256
189
134
480
312
176
141
210
212
316
863
148
89
612
209
145
141
363
214
139
219
592
200
619
193
297
259
187
178
240
147
444
384
175
n 60 k 2
397
869
504
627
292
193
1335
807
316
294
255
519
278
639
150
310
884
151
278
729
242
533
242
248
397
171
499
284
799
415
446
215
640
197
465
237
214
237
307
720
241
723
905
557
141
281
153
296
412
572
285
291
761
302
147
326
160
810
211
742
209
305
709
421
201
1120
179
276
248
284
234
458
163
437
632
394
924
710
685
1307
898
1317
559
561
267
156
458
248
893
314
475
675
240
513
1129
207
467
313
277
758
n 70 k 2
219
978
316
261
204
171
225
773
600
716
1028
770
479
298
490
253
340
454
174
1439
654
236
631
530
240
389
785
217
823
1093
451
292
1033
239
206
964
255
1677
264
545
205
466
575
523
219
856
317
237
376
263
473
450
151
232
835
1137
331
226
329
699
645
199
393
422
263
272
485
279
640
593
595
566
511
551
495
193
146
487
401
168
876
1092
183
260
156
307
222
424
233
223
343
260
262
551
1190
299
225
510
1517
334
n 80 k 2
410
2229
582
984
709
957
2697
421
282
311
1505
286
241
608
421
222
2190
1982
1066
262
1139
799
343
761
1536
472
221
470
342
740
410
312
835
1749
490
627
1343
1164
290
301
327
313
283
294
448
1013
532
610
497
690
1826
399
511
588
477
293
239
791
615
864
490
1103
389
877
629
1831
875
984
350
647
494
945
341
1994
504
1518
1074
753
1327
349
435
295
1175
1340
1080
1440
245
531
337
391
749
1344
992
444
631
1301
609
614
1552
321
n 90 k 2
1973
492
642
982
806
767
987
494
565
424
884
641
430
1178
424
999
275
431
1393
695
767
623
1011
436
967
554
945
368
676
966
453
1060
1023
1489
1117
455
357
1018
731
1397
632
1672
434
495
456
547
554
471
368
988
677
1408
647
1004
1561
1135
329
3113
721
449
459
663
575
328
383
417
798
851
2048
1901
1320
2217
864
956
433
302
633
1278
839
688
319
1175
579
470
465
333
406
481
1035
585
1602
654
1182
632
843
886
549
580
2225
706
n 100 k 2
635
1028
1092
714
399
700
749
391
486
1108
855
344
489
2207
1179
916
1456
1512
898
1010
485
602
765
706
3124
482
1026
1534
3741
675
691
615
1911
386
378
1716
350
534
2381
385
629
793
294
565
1586
625
309
1912
1656
432
2471
655
927
1198
256
992
1338
540
1013
691
1136
460
589
487
619
765
389
2749
355
1262
575
643
729
416
914
1670
1144
473
541
606
1192
1023
907
385
1815
556
647
1179
543
1907
852
534
860
766
304
1038
684
1352
543
1452
n 20 k 3
80
545
467
58
537
318
20
268
45
577
116
43
121
60
47
246
90
108
250
62
667
422
689
100
99
497
440
39
308
596
47
140
536
80
251
41
572
50
68
36
480
61
44
100
246
56
51
47
76
114
63
183
59
558
39
31
308
50
84
160
104
320
62
500
28
47
57
42
37
27
557
534
65
56
69
355
21
394
274
49
81
511
525
182
73
43
295
57
127
200
54
381
385
644
393
33
154
557
255
39
n 30 k 3
658
89
637
67
240
533
330
286
1125
142
71
442
1267
86
238
76
1156
95
691
596
77
134
44
66
1437
46
759
806
676
111
553
482
88
173
199
78
541
512
93
176
183
1333
117
48
86
132
301
738
191
779
107
886
159
118
86
241
115
129
149
60
276
1168
692
353
596
86
132
147
1139
229
104
489
121
112
109
203
75
776
697
188
347
242
117
966
555
109
53
141
82
129
102
235
87
61
300
425
1826
286
102
602
n 40 k 3
168
1314
130
114
1388
845
596
152
2109
495
238
305
1520
363
1378
279
124
1491
5822
1689
941
839
1543
280
71
226
702
259
1401
368
378
948
1167
347
147
147
615
274
170
97
154
141
207
611
282
318
276
996
444
134
272
142
1072
1086
161
569
409
783
86
124
202
177
622
84
101
173
1122
374
300
156
103
89
118
192
254
115
1429
813
851
700
154
1280
1064
71
200
1956
371
455
1665
199
251
1141
75
3295
113
187
1715
510
439
201
n 50 k 3
225
429
393
1564
385
1308
2317
429
1909
1909
4099
1790
177
769
2877
289
715
278
445
320
158
360
289
2245
219
143
192
2072
368
259
2871
384
1127
259
3249
284
1274
458
296
1558
2224
3203
828
896
994
708
606
172
1174
197
882
2299
766
158
1219
1476
319
1392
480
2237
392
267
296
217
132
1409
4541
366
270
324
2310
1055
4774
247
1139
230
1275
200
382
353
711
202
735
1109
1437
430
923
199
198
514
638
805
1044
302
926
653
934
869
637
1227
n 60 k 3
421
3587
2796
3017
942
254
663
1341
1490
2773
971
249
633
5343
2885
630
933
2032
461
286
1048
1090
360
637
1242
288
810
324
279
2173
442
1709
817
325
3385
7267
1323
126
473
1013
460
1039
640
244
1327
947
196
336
749
1006
525
1346
676
2278
3916
1390
2184
764
807
1077
289
2812
1373
2650
881
1751
184
613
1228
1695
2051
2697
1935
3085
478
1845
140
915
174
1337
547
850
485
3257
2635
4850
1432
8638
782
1699
891
560
193
252
1024
261
312
1666
234
928
n 70 k 3
1373
600
535
203
2377
533
2621
256
1208
4966
653
1032
566
554
6812
1858
4075
3896
510
553
4800
979
854
2211
1709
365
817
1357
2115
1022
660
3612
2457
668
476
3223
493
4613
894
444
404
316
540
3696
336
208
2258
1617
1630
1829
469
453
653
4307
861
430
1332
2019
349
3297
3731
303
482
952
483
289
749
723
578
422
1406
886
1184
1006
442
8648
765
1854
345
419
4257
1275
2533
2042
6209
3075
746
2162
570
451
673
4041
516
675
3796
776
346
359
259
246
n 80 k 3
9524
571
1083
1566
309
1209
910
1060
808
1100
2978
356
6178
8187
822
11934
4431
3218
5278
1460
4839
395
470
2145
7389
3941
15219
488
1017
290
1757
3268
1047
941
377
551
862
5858
971
600
1043
2029
1135
1056
1367
1093
1379
6636
5794
912
3058
603
891
463
873
11151
3002
938
219
1139
775
870
1433
652
2329
9689
4054
8314
2419
5061
389
1231
995
4068
611
580
4673
989
2430
425
2498
2220
578
497
1977
755
393
589
2414
315
807
11028
377
1270
2128
2151
3792
4231
1722
2115
n 90 k 3
927
2991
15088
531
922
2037
3613
1347
1321
975
2057
3515
663
839
1503
2770
4678
1062
3056
4907
544
16735
3112
1024
3173
1321
487
22438
9309
1542
2149
12493
5408
404
1134
825
2517
518
477
2047
5237
1346
1075
1852
15130
573
7865
7721
1220
1412
18042
6745
737
2261
960
2747
1981
4533
1017
393
4307
926
1407
2961
3097
589
1499
382
923
6595
1061
15481
1607
971
10148
8421
613
5517
1469
9174
1261
508
2067
737
1070
935
1345
1381
4018
1095
738
1096
3438
858
6982
13334
267
498
1653
462
n 100 k 3
807
6148
8636
6666
2853
492
5794
8010
2731
985
11283
10414
1330
1661
2410
1572
720
2562
13766
1265
2782
2099
21801
2108
2292
1119
4548
770
5949
4962
10073
468
4043
2669
1964
13305
1947
1529
18768
498
356
1488
1972
6199
3874
494
819
1686
2910
5635
585
5012
427
1079
943
1399
4660
4070
608
1089
5702
1571
687
1015
548
941
992
2760
3364
24259
7994
3554
4694
619
706
1827
1548
1048
1847
6802
1390
1474
756
2957
1812
7961
1117
1418
28603
4103
7332
4856
2104
548
671
1857
3965
2785
611
1317
n 20 k 4
599
860
40
47
527
150
185
95
1493
43
39
1574
109
980
65
62
108
739
551
579
393
350
69
34
590
106
757
573
53
585
35
681
726
415
47
50
526
40
147
559
49
71
103
99
122
1316
99
76
68
29
438
69
196
96
493
59
86
32
507
509
732
659
821
26
46
725
522
41
1375
52
159
114
23
742
660
670
622
32
595
108
88
105
45
209
73
185
668
385
223
751
627
572
49
113
58
63
437
54
509
495
n 30 k 4
109
184
148
563
1596
136
144
535
61
524
60
210
1015
1249
199
189
178
584
1105
558
933
161
1012
3049
545
1768
121
1448
857
1474
601
2322
120
142
589
547
736
183
178
395
649
2245
1003
191
861
730
937
73
93
116
46
1509
866
114
2836
3395
722
358
3069
731
750
269
159
106
81
112
145
198
906
1001
1110
96
610
177
613
505
123
143
1482
149
3399
183
1443
1038
768
639
680
89
48
4732
154
163
1057
1080
667
761
100
108
123
768
n 40 k 4
954
123
219
3010
166
230
3399
121
150
756
744
798
1664
2213
336
1295
903
261
2534
2624
2935
419
863
604
2532
4258
307
107
704
987
2277
3249
612
1837
173
1964
1304
1689
550
3486
1778
1648
151
171
353
597
1841
1645
427
1802
2384
70
658
1785
175
1324
5382
1872
636
108
133
1504
184
601
113
596
720
766
167
107
2455
358
145
1418
245
1699
1574
2891
1416
2744
1598
348
359
231
521
290
589
4487
1051
3892
946
99
156
286
280
1889
114
126
245
1570
n 50 k 4
1967
5079
523
701
1886
899
767
1621
563
3291
1027
783
175
987
2213
204
946
732
2709
2410
159
3487
1576
2032
4292
4278
1802
6879
255
5621
1014
1502
4094
624
242
208
1413
11226
2060
486
758
8090
6277
1088
564
393
239
252
168
2129
9487
6119
860
549
187
1658
5504
652
334
184
6941
6001
294
1443
237
1344
359
353
648
162
4977
2784
2474
3835
277
341
2116
389
440
544
453
478
667
760
2342
1066
617
1151
365
216
5523
325
2710
4913
169
3197
1825
470
504
495
n 60 k 4
445
661
416
1151
787
690
16991
3530
739
28713
5289
797
594
2138
8115
415
5884
669
2851
2112
779
310
1676
245
1313
1049
1289
2407
989
3432
689
10916
13449
5494
1903
1597
648
508
1131
4286
269
2834
23677
1073
954
2445
1820
989
958
14653
1001
866
3471
916
2168
942
14544
1731
1283
330
3396
16591
1970
8356
5043
2972
7473
6056
9671
4578
136
3193
238
849
1204
945
11905
1891
973
1204
438
312
3252
2831
11125
5705
5032
964
8096
2776
3615
439
11077
597
707
302
795
674
3646
193
n 70 k 4
487
2077
2413
18013
43586
412
13011
1570
620
584
1098
735
772
1477
970
12105
196
141
3343
6762
225
617
10747
10573
1172
852
278
282
8782
300
240
14852
6675
1129
33890
1299
29151
5415
1530
937
15127
6025
4971
816
319
5580
724
443
303
796
11033
4072
1562
12707
12612
1289
291
1549
1703
16148
22460
2078
1193
1797
4163
1668
341
35039
564
1494
3463
805
1393
204
320
1353
7495
2193
1321
405
1218
4912
3228
4153
12392
1022
1492
874
590
4005
13276
38009
459
1190
25857
1167
11787
1931
437
15179
n 80 k 4
751
2003
2953
970
1386
2251
8706
91691
4261
41884
563
1138
31382
881
1933
16841
218
824
463
480
44963
3736
25275
17431
1960
569
26479
2507
21342
29167
8552
26088
7721
1159
34795
1149
611
56496
14675
13440
7849
665
41749
2452
33594
1697
54379
469
30212
1420
15240
11711
765
1029
40760
30873
16013
771
1227
49461
982
909
458
6249
1615
1340
368
2615
7774
3536
13633
46503
784
294
714
6354
42724
361
1048
1875
343
3673
76036
1456
435
5628
11000
9889
1399
8918
1610
7907
2071
579
781
756
13665
314
437
524
n 90 k 4
712
32076
1743
19366
772
18217
1429
1916
28060
1538
40980
10796
1879
24543
791
836
822
15807
19748
48030
620
18326
2147
1476
579
18383
32647
1394
897
457
26403
2233
6042
1183
379
95114
3628
30773
1138
566
2555
48322
455
55461
12417
30571
3402
373
36293
77244
1020
14721
1077
7603
7612
34960
15555
39376
1252
14044
376
7193
1197
17155
31229
12919
1103
2885
2390
792
850
31799
6492
1428
2443
753
1366
2693
11430
70499
67209
1978
389
15610
17409
1605
1725
1759
1051
4191
1308
1387
973
2458
2053
2630
1542
48391
4283
23823
n 100 k 4
539
79178
43001
3112
751
54740
13413
113473
29395
7569
3738
33616
74719
15610
10751
82492
58475
1165
9394
1899
6198
125254
27661
7362
4355
2795
524
1954
1735
1120
566
14012
2589
2999
581
2816
40162
28138
29925
417
13442
101184
560
1381
4715
1550
1647
1999
967
913
3476
1583
1445
53357
1065
2236
1942
13284
1613
24106
6454
19991
2594
136052
7739
3224
23648
40272
7466
38893
1699
696
98464
1663
1047
29449
3872
1206
1423
1446
1072
50245
1614
19915
1144
4416
49327
522
39370
2780
488
5900
27784
3288
64020
50688
41109
1584
83802
2482
n 20 k 5
53
563
75
74
31
110
52
93
69
48
163
52
1088
25
58
155
1223
763
20
640
986
876
815
691
59
683
1208
79
62
984
1121
158
56
62
60
62
666
61
61
35
35
44
1022
2243
1206
495
817
28
66
47
21
30
1696
532
135
581
634
110
46
94
1762
50
546
22
58
67
1403
51
874
903
81
1498
91
571
64
533
510
619
1690
952
699
573
559
48
978
489
61
30
499
620
1152
486
18
548
109
18
852
820
40
50
n 30 k 5
557
801
826
153
1037
1641
1742
106
377
127
73
129
74
375
140
984
2299
672
36
106
1938
1933
115
1016
605
4226
497
2148
155
10970
79
5005
293
108
1074
124
122
87
117
75
81
1261
2082
521
2379
287
110
918
1301
135
184
181
75
1022
2808
103
1280
7480
151
4157
955
2818
507
2311
2965
111
1794
675
2377
122
1530
99
132
296
1417
61
5815
742
2610
80
266
4090
2458
1440
60
91
153
293
6335
8224
5825
2088
177
995
1238
2636
136
95
574
83
n 40 k 5
318
3464
5394
709
3592
173
783
773
4137
263
2395
70
360
113
267
161
784
699
73
4154
2609
431
225
8678
88
3282
13116
2597
301
4860
2185
721
125
1061
5822
1499
608
860
592
1403
951
1429
7008
10630
232
489
5167
10721
152
1402
228
179
613
556
642
6292
6032
4462
96
1099
4870
25786
5772
343
6757
196
115
319
2276
105
356
464
697
193
689
5940
117
4041
616
844
195
223
11484
2553
7465
208
5601
228
3928
87
624
10055
352
14969
163
2799
325
717
8580
520
n 50 k 5
4253
410
908
1126
647
30516
11869
744
15379
19352
11398
14160
401
229
5442
332
223
23889
2089
216
570
613
824
1166
2990
4520
6236
11035
8982
829
577
770
1129
901
967
106
217
981
7469
4928
9997
163
4183
8188
228
847
31793
283
2675
3133
1772
673
23383
963
430
621
812
3953
8675
4759
1079
127
300
6399
6829
355
13584
26224
40367
25382
2194
21582
1480
2122
11947
1377
54313
12644
468
9940
3168
273
655
4928
11328
21102
330
249
130
21476
121
8649
200
147
12573
24515
30116
276
246
47220
n 60 k 5
586
10417
33372
684
1549
4116
5750
1132
18162
4594
44905
719
662
87416
7504
623
88976
286
13020
8153
270
14919
1206
908
7529
126
12479
290
8446
190
708
9897
30031
563
1096
262
891
28480
677
12973
960
393
822
438
987
286
760
678
6367
222
12391
3674
1425
42330
207
314
857
818
1258
760
451
693
8713
54768
21141
36305
764
553
10803
499
19309
1884
15581
30040
265
13322
9199
28099
48121
5893
1471
1154
413
722
783
14763
1042
1225
983
329
462
32330
1613
25090
12210
370
39400
368
820
185
n 70 k 5
1450
128974
36039
60011
82647
787
489
747
700
172826
535
712
32313
763
8838
1039
30914
962
8429
74252
18141
2625
316
1465
53319
17394
7313
80232
13350
39461
867
39830
1246
1373
378
109343
6934
1188
1371
85036
169485
257
10898
102920
26456
21574
1127
123407
1269
936
68530
68221
304
2166
714
1866
774
49371
7945
332
319
344
472
23758
990
48434
1178
1768
15273
1532
52520
503
69950
451
1861
78140
1014
292
1057
409
1598
204
1437
445
86648
97801
574
38107
371
25496
163602
761
1239
116602
908
822
38418
239
16955
786
n 80 k 5
26301
1329
525
559
53395
4552
59397
439078
8911
885
91899
7434
1811
40413
376
139430
23306
77819
10495
382
201840
67453
166077
602
231451
263337
129179
1829
225173
93756
8542
2223
1163
1103
2027
262445
82234
1885
2918
63537
2500
128911
682
407
1838
167638
100588
7289
2650
1420
16505
42727
136201
1158
800
177076
212537
30475
1773
68844
763
102737
1605
1598
28086
1613
1835
226
282
1700
38960
112009
854
51605
1251
1137
199840
5369
524
162069
864
94359
125604
9702
56187
1822
178261
1605
122931
1370
123192
63290
1079
1928
753
244
5472
10322
2388
1823
n 90 k 5
68491
2371
355691
1825
165128
762
49720
164649
1163
389
526
2199
255060
1536
397
2313
80429
216923
544222
1284
5245
463195
1312
2140
64688
52746
176011
629
4159
689871
3260
77789
1418
132549
476
108403
2731
726588
634256
937
2111
181243
198623
5087
23796
162824
288688
132856
3524
4514
1019
2711
391157
2289
1872
163820
348749
93759
1086
4634
297931
1459
31996
2181
33227
489110
666
3645
526561
76326
488
417844
11222
295478
132206
1151
204761
2357
15322
124000
27154
1209
106456
2093
906
11030
1028
2194
1468
2820
1235
345902
880
22329
2012
1394
640264
903
81582
233380
n 100 k 5
838281
1007
2391
1561
795527
352551
232713
792923
2933
5180
897
1252
180550
1741
6253
1415
1300
514539
277708
1011
37774
1018
814004
1034646
596
1376
1057
63990
2536
1225
29397
548
3169
52361
1274
1248
743
691892
3632
1410
7121
4478
130488
1352
136003
1654
1957
231817
7596
35597
365
1147
7338
262412
327588
422566
2519
5599
1330
4264
306446
1143
67328
457
76816
224279
70353
3592
1572
188272
1671
27517
1069
2351
446255
682647
1077
1606
1203
5029
919715
1643
950
3237
49277
1458
86005
2123
692022
418895
8994
711853
649153
249959
1607
2514
983
1732
5599
369
n 20 k 6
1554
978
946
705
44
18
1180
853
64
638
1859
57
64
1509
703
76
55
575
38
54
61
714
63
81
1571
748
19
1240
38
39
902
59
514
65
761
794
1634
307
112
533
688
72
35
69
876
53
939
1417
82
72
24
1524
900
1207
553
56
58
1656
61
951
117
2116
526
82
520
40
974
2089
823
23
811
1503
819
1073
52
788
271
41
996
72
936
508
44
1092
1175
77
1728
494
645
27
1057
34
91
693
1074
995
641
556
808
69
n 30 k 6
4734
125
3942
272
508
842
1332
548
1895
109
1120
53
3595
6866
68
126
2161
56
63
50
235
127
87
1494
148
511
707
4274
95
573
531
280
3501
59
3276
104
814
84
439
214
77
2080
1244
351
2980
6791
10244
66
206
7159
41
568
8176
3585
7502
141
74
1640
1874
15884
70
1282
71
6398
110
65
104
1554
174
58
1053
235
5315
1543
52
1381
374
2877
1713
5720
3101
112
5485
165
550
188
534
6667
1544
4979
5783
548
92
130
74
182
78
67
295
1204
n 40 k 6
27844
30125
972
285
333
295
112
222
16240
2320
593
165
20379
104
3921
60055
1089
284
553
5973
728
767
561
15713
327
209
892
280
20059
115
267
173
1049
410
10358
242
736
405
207
22995
106
5343
2355
577
760
757
1492
750
1900
3236
598
707
220
24897
1057
472
878
8507
792
180
13484
203
6680
793
14560
91
12816
553
7318
14385
10894
622
565
3521
28866
126
291
150
5853
45867
1377
10095
14880
1919
6268
47933
12407
117
199
30503
708
14545
105
153
161
6762
895
14168
15150
100
n 50 k 6
2559
632
242
183
296
18546
406
917
107099
2651
1685
159
14422
324
716
20049
178
409
43587
17493
37153
29764
71948
717
13264
4802
43833
804
598
193
149214
589
185
261
13080
956
13055
208
364
846
41296
26874
33465
132
341
26490
819
6490
37461
23167
439
51486
13047
129
657
4178
51084
223095
38601
693
596
17375
13386
7843
8550
129603
28851
149
4047
101943
144
759
40592
630
27794
826
78565
197
36317
23329
171
216
914
343
416
177
649
38503
300
78480
65462
109822
12403
759
1040
53693
733
6893
38651
42395
n 60 k 6
1388
869
10260
51247
54189
65953
52749
762
986
278
356
876
861
881
334
91906
113345
676
62192
1054
7655
50101
747
1566
176
207
108011
130995
296
4517
128389
1004
95311
968
1136
12117
54657
56161
400
41171
706
89834
88069
62445
481
62115
365
2709
14787
1306
767
1711
14305
61136
851
42996
25448
17810
62143
378
48001
695
760
1374
19639
105823
1474
34003
214387
349321
750
220
8790
1267
802
1644
49118
303
28084
231401
384
131132
129708
10894
7873
260760
240
53626
382
83524
80352
43529
1318
64110
23564
244
365
301858
1430
1459
n 70 k 6
38673
101168
1126
84640
571
1043
1255
1187
1362
108259
66465
1151
115496
3142
332857
294266
1095
61050
30362
514527
989
1667
57307
666
1096
179009
407
1813
1067
1966
389
280437
119115
188170
810
643940
26313
15151
2022
238611
204083
359
276264
479
204493
1585
151260
56732
2813
1794
740
751
629
2755
1506
343252
318908
440658
799131
319664
2420
1290
1032
1058
136405
74760
1668
444
414947
1831
1149
606541
68967
261987
54286
903
280119
37467
3084
106845
6946
41461
444
1361
24411
286
1618
122535
87671
297191
350
1926
734119
95741
108041
6727
403
415723
209
1667
n 80 k 6
986
1404
29406
52614
844953
1545
602196
998
106763
40501
1314
711569
165302
758
6957
1037
885009
378
2892
3806
38174
1222
2831
893596
297
2155
1540
359389
886514
1407
775
241697
1065943
126981
390
1171785
834
201104
1738
298
15227
32222
1955
2461
903
626048
291
359687
470751
801
146219
714
1095
242
1660
110746
1004741
2090760
2421
23592
1472037
1243
198172
476327
1420
14480
3364
2337
313476
640360
49692
236
2802
952
2351
1067709
406
1382
2193
1650
343256
3266
246616
1750
92487
2334
968
215571
871011
1820
1535
731951
941690
2912
776630
356056
1251721
232438
1242371
2303102
n 90 k 6
1725
1334
1910847
7900
1248
1894782
1248379
565728
1242786
2743008
2341
3314569
1109
30309
561336
184579
1777
4436
238934
3090680
124217
1782
4044
290
32497
2328
1659
1324
895243
5267
1827816
1056780
4299
4544
2082
3281
3854
633232
965
2424
8661
2877
3492
8436
835199
306709
4841
2299
3594233
2630
865
2324457
2943
414
3132
905
495220
158386
587856
1351099
4384
1649534
456
1097
2617
237958
3548
831
19126
312103
1760
1436
383886
561
160712
1317
188469
641835
2261950
2023109
3812809
1373716
85344
2429275
628
144236
2587
2639261
952655
563808
955
751183
782
655
890080
9222
928584
478638
248766
734149
n 100 k 6
2477762
393
5687512
1535268
2810
1378632
1474266
1315
314003
432852
1371
726
4560746
863980
413
1115
4364
1803
1382459
2166
1336
983546
1136034
13627
5385958
3785790
271760
9395
3607836
372335
2749255
3848
2106062
2707847
978633
4759085
570105
2464
151552
1886
4028
43199
2785
5230803
25588
1729020
4546
4828
813440
892
344053
1606
1452
4244
605599
196141
811
598496
1255897
1218134
1198
199296
881
1009
2063
71510
1178
2683
3660
390
2625
2428471
3741483
525067
164637
3039202
2495
1167416
1084
5672
1768280
530
6351
601130
5196
771023
1487
211135
3150
401361
1820042
4908
1468
612440
305875
266136
5392160
3051
1035785
1649953
