n 20 k 2
87
76
133
86
193
19
140
73
46
82
45
68
98
53
135
43
29
34
60
39
140
393
100
143
82
104
51
58
44
32
61
66
117
156
73
89
46
85
138
75
117
125
54
30
57
62
79
262
37
80
27
29
214
24
33
142
29
70
62
77
148
63
47
71
73
47
85
204
71
124
51
33
65
50
113
90
130
51
62
33
39
25
65
19
34
57
75
68
33
88
106
76
74
60
71
54
81
305
57
29
n 30 k 2
102
169
130
40
103
89
83
87
204
150
199
57
91
97
105
73
123
153
73
113
105
71
102
309
58
129
128
290
134
303
202
238
204
58
171
99
137
93
104
99
358
94
336
86
356
83
164
181
107
115
253
277
79
87
185
125
51
119
119
95
130
690
120
174
73
217
72
516
78
390
662
430
344
219
116
78
414
125
51
248
481
105
89
65
123
120
156
63
69
103
95
171
67
342
109
149
83
177
45
101
n 40 k 2
212
205
358
356
113
164
140
216
149
240
89
78
411
664
72
85
135
252
141
106
244
240
173
147
90
268
765
140
528
110
112
316
104
382
130
162
224
237
1021
185
794
1226
188
108
192
637
156
388
137
153
266
325
263
122
480
344
374
108
85
134
579
355
103
189
500
155
338
647
97
111
126
313
251
97
181
97
245
326
183
133
142
278
99
106
208
177
147
104
129
109
409
106
112
147
86
91
277
89
141
89
n 50 k 2
285
330
255
434
401
268
476
602
270
222
463
251
603
217
159
279
718
673
389
600
546
537
595
270
364
117
181
302
377
297
185
564
170
216
243
141
406
332
237
715
481
218
142
225
446
201
170
756
281
108
591
428
244
583
363
156
657
203
320
193
338
156
253
178
194
158
967
661
185
195
445
208
262
691
149
84
177
270
166
364
610
787
114
814
626
248
261
1007
655
149
209
406
541
1345
198
207
128
252
1043
107
n 60 k 2
377
439
227
524
764
324
376
301
157
201
324
232
949
314
456
998
338
1115
274
317
379
1258
291
720
272
605
440
553
280
561
432
275
184
926
730
433
250
666
666
378
261
202
182
966
700
397
264
1466
241
271
177
690
1010
564
506
283
381
1072
148
313
710
464
269
1005
317
461
236
215
533
199
257
295
241
461
144
651
380
537
462
421
313
395
437
367
177
314
695
132
1057
972
403
684
147
454
363
478
370
319
412
175
n 70 k 2
382
2076
190
315
1185
363
337
1184
370
410
857
273
736
336
163
283
785
412
785
2173
1421
276
208
211
352
695
690
340
291
247
589
181
204
994
611
468
842
220
890
426
424
266
895
232
449
852
764
356
307
622
323
122
969
372
402
696
137
398
440
401
492
1952
319
369
400
273
798
131
656
269
431
1139
441
244
321
1106
389
1125
440
242
386
196
485
338
352
226
332
672
291
547
503
853
254
627
1052
385
495
1009
408
409
n 80 k 2
223
284
795
525
471
721
245
1656
1149
547
1019
505
658
905
719
881
294
448
558
426
384
384
695
319
479
334
962
583
902
427
957
476
786
455
305
745
487
320
1269
367
733
617
1520
1067
507
628
433
729
365
1173
332
1069
857
455
619
393
540
1286
352
500
689
534
790
1044
450
1110
383
354
323
465
840
208
1852
651
400
475
2109
635
1515
278
748
482
716
333
1283
320
576
559
363
173
471
843
383
2175
316
1202
397
792
512
473
n 90 k 2
975
1106
989
1511
332
1029
443
1208
671
856
759
1645
371
425
591
1193
396
726
380
612
1326
840
406
385
343
902
704
360
419
1265
519
1656
488
1239
1960
1260
1751
938
376
550
547
643
1197
596
630
454
443
2438
277
408
448
633
871
527
264
850
1157
533
402
1209
615
971
283
1283
920
482
1475
1164
1830
790
441
527
1024
316
1132
1759
464
677
632
969
508
980
955
327
635
794
692
402
1169
1133
862
593
320
852
1838
429
2012
566
1196
312
n 100 k 2
523
859
2915
561
3680
2480
2022
1178
2982
495
1570
3473
1417
2798
799
1212
1783
637
894
302
1286
708
311
2232
358
576
512
495
1406
477
1938
385
738
1026
1124
1520
990
1469
422
1440
1071
1101
693
624
1250
2153
1186
1125
550
643
523
1018
397
1838
482
1007
843
1628
568
489
719
3854
1000
1388
588
694
410
490
339
422
370
1306
892
369
842
857
1403
320
998
450
738
924
381
794
405
1709
995
533
995
307
534
440
568
430
1179
1662
651
1047
500
399
n 20 k 3
98
79
143
144
473
61
95
182
65
302
67
35
366
117
67
113
30
42
586
246
129
196
59
49
64
52
29
203
57
133
627
46
74
119
58
346
28
548
20
260
208
783
67
384
95
71
200
57
88
60
404
115
47
550
61
532
109
102
37
49
36
51
94
623
127
78
39
151
92
31
546
492
319
64
659
569
32
168
402
455
149
40
505
108
54
294
104
46
24
369
48
164
93
186
391
573
89
50
72
136
n 30 k 3
105
247
61
712
697
1147
108
155
62
50
607
686
107
141
834
122
117
225
830
83
87
337
120
702
668
105
700
61
636
502
82
156
126
356
583
566
108
431
383
589
58
412
895
850
220
110
89
668
1195
145
67
107
656
626
1079
940
157
471
84
879
342
750
619
170
50
163
817
213
549
175
97
229
713
176
552
397
476
203
603
238
1294
815
611
592
112
241
133
97
99
728
73
749
111
626
99
242
261
101
303
278
n 40 k 3
640
113
986
812
1687
397
208
184
627
408
1404
1349
2753
88
990
1057
90
1174
1616
699
649
311
1413
961
159
1108
196
1013
591
137
191
1003
623
1573
152
469
2347
185
285
126
327
115
2006
783
202
1757
1233
1223
192
255
221
807
826
126
871
842
820
1475
714
153
603
205
135
169
182
136
2046
131
137
1400
168
417
596
1519
672
158
278
420
410
84
358
283
661
133
223
958
129
627
170
64
369
159
978
2738
310
2061
541
878
587
558
n 50 k 3
336
1155
3718
483
486
880
898
1121
897
178
203
124
124
188
964
651
273
160
1649
292
1471
3254
1014
180
496
396
1411
128
1288
139
1496
1489
113
155
361
1037
1667
2096
1826
311
715
1392
1871
2858
799
206
247
336
833
223
2482
773
172
1920
379
1711
368
180
1604
584
1507
423
1826
928
360
287
1495
161
2214
557
1539
1772
1321
896
287
437
1964
196
440
192
254
193
455
1424
321
1688
719
180
735
405
1049
1365
294
617
1149
602
1154
1320
312
635
n 60 k 3
686
760
429
686
626
3623
1324
2784
251
1651
612
621
584
2192
218
1534
346
584
7351
371
2231
920
337
1468
2830
343
2554
1068
515
2143
834
770
1371
133
437
529
249
5340
597
1048
1436
1559
2767
1238
841
1189
284
2509
400
2564
4648
267
664
513
400
231
3408
292
623
791
449
150
1968
3625
738
139
1734
277
340
2441
222
121
1317
396
343
311
1203
3426
1893
215
199
263
261
164
379
984
536
667
234
2668
941
411
293
1933
2102
4379
415
318
1892
5665
n 70 k 3
5333
753
648
4527
3400
1791
477
400
797
226
2368
230
643
5372
535
1243
340
232
742
9860
444
6265
904
419
910
2265
475
436
1522
388
704
764
778
2251
5954
2929
1722
533
910
1374
1194
185
850
573
820
363
2554
765
212
861
3151
5407
773
3755
4729
373
3820
276
318
5522
2365
3316
3286
722
213
1425
493
4603
2794
5093
323
2680
793
370
2267
4024
356
500
2906
3374
3857
608
368
1371
1837
358
2759
297
481
3012
1227
1015
716
281
216
397
972
1135
4315
2072
n 80 k 3
870
3373
3560
1238
329
2515
5313
5799
525
544
2584
1711
1273
2531
2065
8813
1447
425
359
1049
799
3121
1069
2253
2071
11399
934
5375
810
307
5420
999
339
5950
1326
887
7629
4288
3041
658
739
2895
513
2470
2517
2449
4541
436
848
501
702
454
666
6544
12711
1103
1769
5110
655
839
9845
3827
681
6816
310
1509
580
2316
3554
1188
1291
15405
9001
9861
2246
6015
1197
893
582
306
2199
956
2833
1827
2572
4962
369
4422
1390
324
1956
4098
1148
979
539
3572
430
5553
1565
812
n 90 k 3
797
1000
556
408
623
3936
1856
1219
798
2290
1056
1096
385
843
434
847
716
19233
479
477
1396
4290
9710
560
656
10617
3630
27896
3374
646
1637
752
725
1014
308
1767
5253
9463
3202
397
989
1251
3776
1725
682
1594
2793
1547
468
2145
717
681
11478
1230
10401
575
7409
14823
5678
2151
2785
557
776
2752
485
1704
1502
1756
1244
9013
671
1621
1079
4694
415
9785
5946
5345
465
531
1153
504
733
451
941
613
5555
1227
1157
1813
3801
508
2699
370
8041
1556
5980
1306
750
725
n 100 k 3
9047
561
3793
2724
838
8919
738
1005
12282
5693
1542
2212
744
5766
2827
8279
1494
6281
9689
1842
2963
417
2295
1308
876
5991
15439
575
875
7661
2103
2741
728
3693
1375
5306
441
813
1925
2272
17154
9238
25719
423
457
10260
1534
1467
1189
1608
1880
7391
2719
5042
1169
1327
999
5574
2958
7805
732
3596
1492
15181
276
1075
409
6863
1317
920
8259
4721
2803
5564
391
6413
4316
481
3642
1684
3249
903
10287
1372
1095
2769
3215
632
1716
389
5535
5037
1562
637
3323
1420
968
1598
7990
1062
n 20 k 4
182
917
402
581
55
38
580
546
730
810
768
247
780
178
38
51
478
508
541
69
51
161
61
716
24
39
413
108
484
719
58
567
976
83
71
828
63
92
534
56
45
65
65
51
79
966
784
31
50
50
222
149
101
461
45
40
55
91
938
903
50
49
547
48
286
282
571
520
183
139
166
39
64
900
927
89
65
524
22
42
590
81
489
503
613
88
45
684
391
579
116
21
93
618
64
875
620
42
33
127
n 30 k 4
582
565
45
2078
198
181
90
737
369
107
672
80
982
501
351
666
814
90
1335
885
995
155
322
898
799
1056
122
523
1034
167
146
809
140
1957
108
1430
553
261
1655
1552
1026
163
88
118
538
1410
121
61
406
869
308
75
1195
55
153
2426
1160
211
41
284
133
327
94
1364
51
179
87
107
99
586
1776
226
523
178
126
104
150
738
314
730
759
205
1525
69
3009
1441
83
827
84
82
1612
126
973
81
735
89
79
80
712
716
n 40 k 4
112
264
3361
218
133
168
6420
2782
126
58
461
181
8793
60
117
246
682
598
328
1997
263
775
224
1368
434
2597
1962
199
3451
150
1330
265
1095
2079
1916
827
1619
356
609
1221
86
82
267
218
2809
1419
6508
6970
216
66
625
123
3316
4145
3107
276
404
204
709
248
1859
340
500
127
1809
1365
147
2756
2129
91
736
457
4438
1057
917
1117
137
592
1551
208
126
3335
2135
1597
1857
757
2936
3586
1268
503
120
100
393
770
222
268
216
153
171
147
n 50 k 4
205
1626
382
212
2334
296
374
381
194
619
1036
2789
270
6588
1139
174
835
135
309
842
1254
4032
4015
561
1599
95
636
4997
4684
2480
3530
9130
317
880
1048
11528
736
148
4609
6292
221
574
302
1174
474
2097
1776
859
408
923
10332
773
109
248
2009
177
4796
848
216
864
2614
1060
107
3500
201
4323
809
210
168
319
218
2483
367
673
202
2283
2456
5944
430
825
2376
1445
2282
338
6422
667
134
5172
5298
276
1020
207
761
383
2422
12091
498
162
2063
316
n 60 k 4
7347
1654
734
10292
36836
33175
908
8980
8458
4245
6009
4823
199
4332
14813
2267
24215
571
521
1029
432
5490
288
426
3193
567
1460
278
1844
243
1023
7259
6531
2514
10269
2760
9568
714
2147
753
17725
1022
245
354
417
173
5725
8302
20629
19293
2511
767
1202
1441
627
9496
239
21873
1073
787
7218
681
1223
623
3176
356
274
1792
4979
499
591
707
226
2994
508
17486
390
6472
11996
919
222
28549
498
264
1468
4716
4051
423
4031
696
277
1106
409
2022
663
1161
256
9644
614
1137
n 70 k 4
38596
5623
21016
1270
32929
21719
5981
1097
6355
6470
1015
1611
1916
21039
1171
1095
28983
897
1652
9029
1242
3354
1115
1056
822
643
7396
3526
9951
14174
283
958
7277
6801
1164
1526
781
26632
15450
12818
1354
494
13994
22848
3132
701
247
1466
19077
4889
17741
1272
7112
7546
734
12785
1455
296
3041
2290
29247
7902
393
9363
711
557
10263
7998
2515
17949
18307
480
705
779
1277
483
5581
10408
1205
23858
1250
556
282
836
12275
1398
42278
474
489
11422
18690
813
7339
933
3807
738
8830
2343
13209
706
n 80 k 4
12023
1807
2016
870
47588
54290
24663
2559
7918
370
1211
9099
3706
11600
1058
439
1599
1090
8650
18935
22188
24580
1010
1174
29009
332
539
24668
19018
107402
1418
1998
22678
1014
1042
445
2113
21857
7938
366
6001
9208
487
3394
8329
21586
1134
16319
922
35572
1814
727
1484
1679
3556
7727
659
465
5859
920
2104
47314
41882
409
18697
1233
1349
621
425
30328
398
837
7328
611
2157
11153
7475
4608
1718
15065
1189
3329
236
15140
1829
13279
22896
909
20688
17956
1333
15295
7119
322
99302
1064
25061
1137
2767
472
n 90 k 4
36125
2503
8920
36284
3514
685
26587
21924
27235
30528
707
11352
1992
43991
5829
33174
1485
87237
1461
1508
2515
414
28587
1433
1475
22333
20715
72887
97436
532
1404
28087
60020
1108
12877
599
279
2405
2186
10194
1041
3369
64032
18011
461
26198
1039
2248
38823
569
26197
21657
831
19684
1207
33796
1756
3384
54948
2503
1222
23163
79123
3198
966
10419
1588
21285
68995
1352
48157
1695
9709
2056
171527
1228
20447
6072
1327
1467
1791
3205
37649
23712
662
1115
36714
1270
67812
4819
1245
3056
565
46316
2327
1303
27688
1598
1913
36639
n 100 k 4
39487
1082
725
2537
52198
1911
1523
31235
99762
3780
85604
60503
2482
1935
68129
66591
1562
35398
340
52070
1639
2760
2244
33169
1964
1073
99799
74137
873
1783
64836
3630
2603
4432
2574
490
101826
7753
1559
410
2399
41991
734
31973
94390
389
946
1009
3194
33037
11967
1590
2136
14476
1400
10588
7103
81635
2066
23856
1631
1898
2426
1708
154019
82167
1238
3291
1306
773
46097
3778
1478
30411
18006
1483
70588
153221
1235
1578
63472
9442
43301
26750
152185
34770
40903
30073
12620
761
115527
1876
3332
1587
9981
28354
2286
754
1442
36248
n 20 k 5
603
686
50
35
35
821
51
631
48
109
577
97
67
557
69
730
512
60
133
722
28
625
20
17
613
43
71
67
44
110
704
88
2075
1151
34
26
34
53
70
651
124
42
52
569
587
1008
40
1255
702
851
108
533
993
39
600
564
75
1794
850
233
362
78
62
47
502
26
889
539
44
103
546
345
50
164
483
19
2880
59
44
464
1255
853
722
638
362
54
72
1134
90
1292
95
100
611
1769
619
739
42
32
37
109
n 30 k 5
85
1667
79
220
890
2667
2762
143
268
5102
1974
2564
71
553
153
73
497
139
94
1450
102
484
251
943
81
220
2075
129
1005
71
91
4721
96
49
1229
82
100
976
149
1684
208
90
4571
3137
75
94
1374
257
735
2427
678
4061
8144
1439
3686
506
3288
803
81
3877
189
121
317
3942
598
2029
1892
287
4774
95
110
93
1158
639
1839
69
86
152
2215
539
621
1655
1491
214
135
784
1022
264
77
1885
171
12712
182
1870
482
2108
125
227
569
1183
n 40 k 5
301
1838
8752
404
183
528
573
816
1117
1454
121
155
476
664
209
114
307
179
6334
2355
97
154
9377
167
6199
7554
4515
7610
2294
160
182
5606
644
3598
4566
11549
9982
187
556
73
583
10687
13243
376
12802
1877
173
4128
121
4354
659
396
2131
921
8543
587
13528
5765
1425
5706
2179
5133
116
96
7585
1730
1170
9748
13751
7445
180
89
6655
12232
390
4425
824
3615
116
6647
1509
161
8828
91
805
265
134
10589
722
541
700
14945
1258
211
3546
162
1236
646
138
616
n 50 k 5
339
16874
25474
1009
616
5053
1157
208
834
110
121
658
267
1132
28611
308
808
1289
2727
9468
7867
265
10201
44169
3528
197
1227
21133
8131
454
3386
16930
862
1464
378
165
789
909
237
186
2089
901
18792
862
202
651
5546
394
5395
27544
2281
16121
27842
638
246
597
24827
43026
9342
36022
232
36400
945
108
22747
337
863
9026
43736
772
730
655
157
189
4945
1180
446
155
21942
8837
43593
916
19688
14418
7467
129
1005
107
800
745
577
5834
1074
17136
14079
501
21674
296
19375
21013
n 60 k 5
28537
66712
283
17004
4709
27646
476
158132
401
512
5485
709
66786
51284
758
6496
1669
635
295
2835
42209
964
3330
2690
15572
69332
27463
651
4370
811
1323
7362
2901
7887
482
23620
1264
583
344
1001
87722
942
389
1161
56446
18547
707
747
749
41384
8083
21310
340
131796
1802
614
1222
3526
3891
600
9244
7255
75516
182
217
33440
11411
640
614
960
5985
3490
1322
33138
219
1098
519
257
53915
1092
322
10470
49237
51879
1331
1395
3266
296
790
449
34381
601
1441
3020
175
20978
68878
1606
1704
444
n 70 k 5
95593
67158
1230
22887
56818
161
171620
64904
43099
19009
49036
989
11871
44125
57622
636
1767
21048
22092
7513
21783
1796
57796
45039
669
2200
238
124538
1541
487
272
864
324
855
894
101708
94405
79730
1976
1184
1140
33466
27953
5607
3346
30233
87274
747
15842
957
3707
40966
959
14533
12004
759
22754
120450
172973
1271
50019
27709
32975
1342
1408
17729
120339
49852
683
43806
112611
1260
279
557
109510
595
37417
956
1422
330
2023
388
10149
1078
22250
2028
2061
839
110253
91791
112288
87825
1488
5961
155829
13284
491
358
195888
3246
n 80 k 5
834
33588
1912
202811
2601
33814
14869
332780
1654
1466
194718
1967
3027
115174
45046
2765
4056
423599
107200
1727
1844
524
133521
21749
81259
651
1526
31186
1009
21300
1042
173904
2793
312
160228
283255
327186
867
40671
2061
5466
856
1266
1568
18585
43907
403
127602
350
1797
128376
39853
137173
56840
29011
3796
701
942
883
138717
2346
6668
131405
259794
27833
189801
1071
126538
1836
17691
1311
15291
159546
122885
75468
10088
123230
933
95699
1626
47744
79108
1904
23434
67543
92156
1128
172520
3869
249
960
1244
47384
346
1029
53326
1025
348660
1399
56870
n 90 k 5
251250
51421
661
66023
1340
443644
121492
608
1684
1710
61772
688
655104
235491
490
95335
141689
2105
1769
4283
555
3457
525
2489
120818
2213
2369
22143
571338
5423
291539
425801
121428
195327
1934
755
255462
117888
1451
891
1269
1377
503
356490
42833
2041
132117
54853
174155
196822
2029
24402
1267
944
182793
20242
2847
2225
3868
1052
154786
65310
1355
845
2095
68369
1315
3727
214522
1070
1122
5012
672
634
92324
563
25082
700
242255
26829
815
951
195521
12156
103903
328427
26177
2448
1474
24767
21601
634
1211
198152
2193
35298
65903
109331
3596
2253
n 100 k 5
1024
2625
83928
27613
343893
19837
376
277212
2024
403143
257930
319193
451845
1708
460587
226957
3736
6483
216478
606100
1830
6541
3364
79616
58016
5648
206440
1841
172804
253124
86057
920
245114
152178
198208
1371
20780
1756
1133
849474
108753
125140
3583
3205
128880
160283
172780
5380
925
684
87895
209953
34715
210210
526
1827
259477
75678
22197
285
249995
69614
42477
2918
4863
472258
1616
476
11390
768
127208
7248
984513
350855
210832
1386
1711
824
1130
1090
26637
23270
2644
13015
56959
14125
1536319
8231
91669
2832
1838
791
933
1081926
462223
286005
517
75277
920
56410
n 20 k 6
88
532
480
961
71
64
42
63
31
903
44
2207
189
52
722
1059
34
36
34
540
2071
156
50
504
594
62
1951
606
18
43
25
37
96
542
612
75
1871
65
764
2490
976
38
59
613
67
1138
47
69
994
94
897
1200
45
2901
79
583
925
1394
69
1055
91
1108
739
1251
64
638
1307
64
676
40
64
700
1018
54
931
1056
52
1081
664
703
100
38
746
756
517
795
19
42
76
53
2212
1411
833
114
50
52
657
54
45
1178
n 30 k 6
40
176
1292
9513
158
140
574
439
3677
121
1185
105
1275
374
7618
579
60
1394
1100
47
160
1396
66
56
8378
2422
13259
74
536
54
186
573
598
834
196
3206
75
164
520
222
105
57
2103
2120
2850
2522
398
55
1163
141
79
4020
287
101
175
71
10856
66
16321
102
1258
76
73
734
398
55
5542
784
2789
13578
7740
86
562
138
4855
173
119
84
39
903
1780
105
11137
97
11357
173
103
105
4325
672
1889
1236
90
3119
115
414
162
115
130
1454
n 40 k 6
76
100
8766
8426
89
4662
37644
444
447
13504
20429
137
141
42412
1767
16097
415
219
6712
8198
7811
549
644
557
156
609
667
14967
13163
666
320
110
111
14423
498
14950
564
439
692
600
5601
87
106
39793
13373
70
260
2943
5198
745
25128
666
5989
670
5546
25612
46995
611
9643
37656
19435
6416
475
15120
34676
4385
769
11387
159
3763
543
222
136
6989
109
190
12954
14337
604
121
1039
20170
35792
14761
629
16492
62
325
5630
7080
14311
18565
8004
1635
20645
659
2295
4695
13293
160
n 50 k 6
910
316
8519
740
861
69344
14045
743
36605
44523
24745
20221
11454
704
583
840
1205
186
4118
718
1067
16837
11745
17998
39170
205
1659
89233
57018
179
200
1229
660
45001
74208
2377
15854
181
48092
40897
2480
16008
964
16719
309
28163
36495
624
184
892
969
314
217
400
907
251
6628
23871
11179
10847
578
322
214
8530
2124
171
1131
23765
163
31727
1064
9557
855
34039
621
990
406
164
1229
23565
682
23362
986
740
470
62595
150
630
1142
15901
24950
1502
20500
537
342
719
50255
501
38624
47615
n 60 k 6
736
1743
93412
162732
566
255
35658
2190
218
221
1459
844
25442
272132
79187
683
68643
28322
59464
124232
97728
59162
37011
295775
521
1145
248086
2093
746
4732
86257
253
231
5124
34941
317
1309
294
867
139537
2076
152997
1880
124644
36625
942
1338
328
14518
663
1249
53254
111322
655
776
57772
13601
942
432
547
313349
1111
321
218293
242
1343
201007
338
43996
99655
1752
126659
40156
425
100383
192
15658
1646
522
32405
166
243
12253
1025
1133
27171
5880
94278
159
30846
1373
146436
667
376
2129
206152
1367
657
717
34245
n 70 k 6
130491
68304
64286
914
271
50032
261
314863
85927
1741
1746
856
623459
259
954
183
186329
15763
713
1184
509
22079
391754
1380
529887
272432
32356
892
112927
704
1256
1401
723
2297
1385
2426
29659
1369
1711
40154
461
619760
1166
515146
2309
1653
206109
2594
93557
1511
235161
267
1674
2192
104762
966871
6667
237
867
238436
358791
994
1503
328
231
466712
1570
3265
40326
79119
696
833338
15978
274
377674
2662
164958
807
714
110244
3201
1023
37836
55415
928752
1048
2220
16553
166978
302
405172
2192
1883
274651
47943
123610
179862
1730
740
145
n 80 k 6
4776
1726
257
788
869
1478
1002
830
233190
411
957
486
1325
105708
136074
447425
152569
1187
1060627
575
1013
1372
96787
1004763
736009
2285837
841
1325
247493
10320
854
703
1043
724
3067
1548
442042
819
1292802
1399
1876
112681
1078968
1321
2430
1874
916
334622
899642
157893
1913279
210370
748
979
1628
236
4388
159404
971
3283
825194
2169
1557
36867
962181
1196
1141
1389
584663
37998
1742
850577
6002
917800
3208
774930
265623
282936
227126
2644
138174
454
676097
1330
1289
747280
1931
236056
1059417
1206
657
952012
844049
511
185595
673
1431
56903
470006
317614
n 90 k 6
1703
740137
3877
409464
2824
2443
198014
148005
1043
2270162
6887
3057
330822
6402
1225831
964664
294429
264806
366
1463
14957
6312
801
1470806
3546819
5328373
838
905013
1342542
1544
493166
3793
2281
1113
1884429
726386
239279
1033893
1225
1302
65242
832359
1206
83390
3877
1778344
1074812
235456
1493
934121
843
1229426
1925
2070
842
2290327
1272
2147891
416766
1666
771331
1218
7455
1566
747330
3496
1584172
158356
1648
1250362
844228
401741
934
533991
242142
1097
3271
181050
2561404
425
1107
573634
3069
417984
2030961
1028271
56905
4190
3034
3822
357993
1180
3562
596811
518426
1615197
1021
70088
1569
3107
n 100 k 6
734850
1609167
3718
4193
2726703
1242
4844
3748896
1366
1817090
181498
1488
853156
3361
774982
994774
6696753
5104
4165
2131
1980
694719
1643
2798879
861
1258728
9264
489004
2076444
182741
1332911
5182
2438
1283921
1637
198725
4445190
2621
5089217
465
819
638685
8774
989961
5410
669
6492
4915619
1329
547034
2107
4628
634173
2720615
2675
1512
3524
7235
1575
532408
194585
8082
5279133
1756392
1333
6516
1072645
7773241
233555
951
1020
2157
1433
1340182
1776
2705
344162
609464
1230
4107
2022
1003
3092
1079123
2410000
13464
1988
5775
1532200
397647
725620
317443
833127
1027
6541
1207
2443738
915
1861036
1643055
