n 20 k 2
44
45
38
88
157
117
87
66
105
96
122
36
25
87
29
88
39
71
175
82
50
51
88
118
73
41
200
62
156
129
62
66
52
43
48
46
78
356
26
41
52
65
39
35
59
56
108
98
57
141
25
141
153
34
120
28
57
80
42
58
220
34
79
67
147
52
33
59
114
37
101
60
59
361
94
188
60
74
67
48
54
90
41
40
26
48
110
128
41
66
62
34
26
51
55
31
55
25
70
98
n 30 k 2
147
216
188
58
578
134
86
93
87
125
163
53
50
63
173
103
73
129
210
60
143
208
264
60
55
79
69
372
318
264
342
107
84
323
63
279
60
119
311
403
38
136
79
116
125
96
291
113
706
384
66
444
94
191
97
128
121
196
418
98
92
541
44
309
167
85
266
43
421
204
103
91
59
94
120
168
393
173
270
52
55
175
122
112
173
68
157
73
257
82
74
77
188
78
115
66
176
71
547
119
n 40 k 2
348
422
294
105
287
87
140
176
99
68
124
310
979
96
81
108
139
191
206
526
638
105
208
76
314
184
284
185
219
174
394
89
686
106
143
279
158
148
83
506
556
188
206
331
122
332
92
200
334
108
185
370
73
597
308
204
250
124
107
213
430
164
221
124
330
468
116
139
570
342
221
180
211
139
109
152
140
200
455
85
126
204
379
150
187
509
158
213
101
263
308
289
273
194
389
139
121
292
117
874
n 50 k 2
212
150
358
113
422
164
698
627
142
371
90
191
443
335
1205
117
738
152
156
218
244
127
170
167
200
224
188
150
237
341
566
290
224
247
280
759
220
308
728
440
252
615
212
137
273
159
117
169
530
220
814
588
229
157
1230
500
149
214
189
725
348
92
255
1605
419
348
218
494
191
365
704
830
628
431
866
342
105
311
178
626
93
581
173
668
153
254
125
152
534
339
264
177
153
163
230
565
173
238
127
214
n 60 k 2
238
786
198
356
182
292
635
490
258
285
590
200
345
291
141
983
198
489
110
128
366
1060
178
236
947
306
535
1237
575
303
352
822
617
298
706
249
388
1410
354
303
409
131
827
362
283
1208
1295
400
205
298
395
402
122
476
659
1075
410
713
221
321
525
280
919
566
341
392
610
184
334
355
368
736
573
337
261
716
292
238
472
390
155
532
230
158
423
211
360
1174
665
137
602
820
162
248
161
183
726
396
760
194
n 70 k 2
624
1056
421
861
902
933
906
745
304
767
220
1510
636
367
294
332
267
719
528
315
901
303
258
300
468
828
1591
415
488
352
238
407
189
223
412
972
270
367
224
405
593
644
274
208
424
595
402
766
231
316
732
569
833
1444
289
659
1380
1049
178
205
762
1164
545
387
987
215
602
994
149
1509
890
1001
861
754
266
1020
548
811
334
734
403
2096
200
876
292
282
249
795
230
226
368
667
848
535
390
319
812
286
431
266
n 80 k 2
496
771
635
255
234
466
887
298
651
1866
542
230
281
500
477
1580
1135
576
369
1310
566
1031
1363
404
633
274
280
396
1213
2103
450
417
285
843
388
983
301
328
796
424
252
1053
531
353
544
519
1280
1865
1009
201
476
411
1084
736
1494
883
465
2130
777
343
1235
311
362
396
207
441
455
674
235
951
984
397
436
500
348
300
1386
437
341
423
352
269
443
674
871
835
724
257
257
828
775
312
732
514
1485
402
814
282
307
500
n 90 k 2
338
688
714
400
710
910
628
454
850
443
813
1802
574
536
648
281
820
341
1594
608
2432
810
539
436
372
289
1069
796
1366
480
1049
963
799
285
590
1181
2112
500
963
852
1060
448
2729
558
384
2161
478
449
414
1608
1328
427
464
427
1657
1362
1458
687
562
385
381
489
1880
830
744
459
281
495
1571
786
3702
818
1147
1554
371
977
1157
478
357
1238
1213
589
501
657
960
521
979
1320
424
823
1801
371
1004
395
334
417
554
470
750
704
n 100 k 2
625
1316
1450
431
667
758
1115
542
815
1763
1266
871
2578
987
982
2015
456
946
1160
1170
1432
493
1821
1483
482
537
1354
2262
512
394
451
330
575
1449
1760
361
850
776
377
1822
534
325
454
1548
1438
591
1306
259
1450
1371
697
511
1541
1123
379
797
358
846
2208
722
898
378
541
1344
609
2112
686
906
1054
698
480
508
1151
1160
1143
1438
1252
1613
1831
2701
567
476
695
1327
1081
521
396
610
892
600
1192
688
1621
2083
1192
1943
615
761
2275
903
n 20 k 3
361
534
212
107
612
163
271
63
121
42
261
54
32
41
613
57
205
112
178
177
51
22
91
100
44
74
28
30
504
727
238
92
259
68
57
63
81
60
52
46
712
41
47
124
553
85
37
137
41
120
206
100
174
54
160
567
559
60
275
48
302
138
43
79
98
62
18
83
199
28
640
118
302
103
147
77
61
157
45
29
55
25
47
283
308
61
44
74
467
56
601
80
237
50
294
82
153
40
125
743
n 30 k 3
87
559
229
1389
153
87
133
86
177
47
261
139
136
115
1118
457
583
411
327
78
85
375
255
168
180
57
623
212
717
514
842
125
190
176
92
170
83
738
90
89
74
52
538
140
850
83
727
740
518
1722
93
269
545
101
119
807
551
535
124
575
137
94
151
180
634
602
659
221
164
636
140
213
660
177
51
692
156
196
654
157
156
130
1452
428
397
865
436
89
81
91
136
104
101
159
332
677
43
170
414
208
n 40 k 3
1161
1020
279
123
592
1510
179
830
295
247
164
549
3314
221
520
142
807
145
197
2062
1094
153
109
543
410
275
896
381
245
135
389
695
916
110
1251
113
440
460
162
1068
222
1593
1542
197
937
284
1747
574
401
646
146
155
294
3263
1140
238
667
787
222
1983
863
741
612
761
271
857
229
847
781
459
99
71
276
1154
974
674
133
510
1814
599
955
871
898
773
123
561
793
983
430
698
2029
1094
538
251
270
1310
60
183
340
137
n 50 k 3
591
1234
3133
160
247
434
170
256
1545
189
732
595
201
754
177
2851
3900
337
2934
386
2126
957
175
205
374
164
268
181
1507
235
340
214
2164
244
956
387
223
238
401
2641
661
598
655
4430
4242
714
686
457
583
141
4358
188
1665
529
199
517
2333
1698
1183
1820
265
288
2324
2242
360
176
1587
1568
1038
1209
2752
1564
1838
626
2840
573
234
255
296
267
925
1351
1278
623
1719
1164
1299
1395
475
427
341
2247
144
1086
395
291
1839
1308
251
1875
n 60 k 3
194
248
225
1598
324
358
6296
821
621
1895
690
1506
1221
539
2311
3254
2878
769
781
929
609
6059
577
436
2129
632
605
375
2925
579
1831
290
273
1532
371
207
7495
221
217
2117
731
2160
543
196
970
436
1027
308
394
1202
1749
560
692
661
1944
679
696
686
1141
1164
984
708
903
180
904
1646
1054
1433
1718
1024
439
1029
521
420
822
112
5436
225
397
1352
3152
339
2680
445
5585
3681
493
819
714
185
2826
208
930
2762
604
733
913
312
2182
6105
n 70 k 3
616
2684
249
1304
284
619
341
1124
781
1635
1878
259
459
377
238
344
132
2740
3549
2024
11337
475
570
511
393
3893
622
1752
3568
5025
2373
3624
597
244
1138
1318
10491
795
319
1656
601
719
1415
888
3150
292
1345
1261
798
2076
925
343
1491
2179
783
260
1729
5141
4160
230
1747
806
1567
787
3366
261
4332
1068
305
3245
967
258
4431
1275
1387
1803
2782
578
1218
585
2434
2747
1802
9696
4194
7434
309
1091
4792
3567
294
782
1178
2692
799
3173
549
389
3038
1083
n 80 k 3
307
4493
1234
2312
751
5117
1181
6224
788
1229
1035
1000
5046
810
1640
1076
4170
262
2006
7800
911
4657
9769
827
429
4896
898
1319
2319
2810
405
2118
467
337
402
722
7433
3885
466
2760
1760
9066
1121
1110
549
1471
710
1409
965
2145
3991
4958
7313
1210
1552
315
863
7478
3203
5678
1124
597
5703
414
15149
596
768
4299
1992
1892
859
1991
2789
225
1290
7510
6419
6407
1305
1041
421
2458
1100
1154
670
1068
464
2485
282
3521
1165
8270
467
1277
6277
6767
2511
1884
6885
973
n 90 k 3
890
1396
2903
630
1603
3348
3931
1650
5894
429
9769
2276
9043
3069
584
516
1036
1132
9073
7782
3397
8969
298
14483
593
3022
537
16693
4630
1636
5006
623
965
6045
1596
19152
3730
1814
16667
1659
10340
369
2083
8969
673
1735
1003
6019
6818
12127
4117
2341
2942
4256
2323
1095
3054
3849
2332
7772
437
12312
4116
421
1399
1374
1337
5028
4872
612
796
10034
3009
1004
810
911
319
1841
1334
564
4354
15051
825
4823
6717
4712
3482
893
9320
9424
5530
1411
1421
8135
8164
706
1368
560
1453
5875
n 100 k 3
4049
856
20283
1371
7127
1198
1255
2516
504
989
2179
615
2722
1049
5378
8232
3600
15335
6284
1925
1588
1191
1207
1973
970
1547
986
3758
1887
398
12263
7244
1180
1626
2988
6013
6883
1861
1465
1253
11244
1222
2532
3517
1750
6300
7295
457
1356
7820
9073
1035
6469
17394
5484
1057
2488
1092
688
5401
3765
8848
13649
1079
928
11058
4740
2298
2140
978
1372
601
7431
4184
498
615
694
2324
3124
1706
7857
3666
1941
3641
5771
1333
1362
5390
737
978
4108
426
9948
461
3415
1854
757
7729
1064
14895
n 20 k 4
611
91
597
52
928
1037
146
90
87
69
440
420
181
28
540
1026
69
561
707
73
449
729
485
37
65
45
487
1096
78
241
42
33
835
42
32
72
129
564
40
522
938
26
222
717
67
409
83
125
289
579
45
191
78
46
18
531
613
873
102
36
888
1106
29
188
80
683
523
38
650
34
786
1568
530
63
1356
546
338
86
435
51
161
47
101
229
38
404
138
817
38
50
57
482
553
140
445
634
721
731
736
857
n 30 k 4
115
876
2610
2046
905
169
160
1063
615
171
92
341
70
1520
915
102
897
713
109
158
969
75
49
1182
76
95
210
271
943
4054
839
1357
95
93
527
421
669
753
1098
97
781
1541
1087
1685
130
873
150
61
106
110
91
788
131
417
147
1476
158
56
96
1494
522
79
601
1057
210
871
192
69
1790
1331
2389
87
97
83
834
120
102
80
239
953
2258
535
111
108
3383
240
745
116
553
565
1437
256
965
112
115
94
71
691
145
1860
n 40 k 4
1997
2941
184
776
3160
9023
635
10677
1696
176
207
411
195
1944
431
1042
150
244
1535
4112
1885
857
331
120
3046
1508
3902
149
1057
2132
90
2724
4306
3256
1538
514
698
134
293
609
5425
70
1372
242
2985
117
204
641
80
337
287
775
1698
151
988
1275
67
1235
2301
1769
3523
2023
73
245
4293
986
205
216
3061
193
1564
215
2313
3716
340
1636
608
2859
274
499
197
720
94
150
280
864
956
320
130
148
177
1482
1303
236
1335
3162
102
1095
4119
166
n 50 k 4
3677
175
1557
1942
1823
896
205
3991
458
437
405
442
11735
593
1990
929
338
10304
857
8230
8677
852
4619
2354
328
2610
402
422
284
922
130
343
855
2094
2176
842
770
6233
766
1054
1363
3008
1621
1057
685
1132
1952
612
224
7493
614
864
93
5102
490
551
8906
271
174
4191
308
294
7093
6419
335
1293
291
10593
735
236
644
450
8228
1914
2428
4764
461
2823
205
169
207
1029
661
547
3173
347
223
185
465
660
1002
2258
324
1406
71
922
800
415
1190
632
n 60 k 4
244
6339
4419
19138
245
739
7388
15856
674
4928
6834
1333
865
748
2779
5617
962
531
654
7942
6386
1044
555
14936
3081
677
398
22702
3536
17973
1616
2581
515
791
13700
1136
6136
1006
416
7656
1712
3261
12587
27256
301
1222
6386
1227
311
4763
910
4362
1102
1418
4948
9015
199
846
372
260
854
449
2321
34234
7240
301
1230
4737
2205
269
9248
3107
143
234
376
209
3854
10890
14450
190
400
988
5448
592
250
435
885
14243
1180
20353
4516
528
682
678
1967
817
2728
696
1124
3955
n 70 k 4
386
1034
1305
817
2393
2311
6167
542
36349
1392
555
9126
5526
15758
6395
666
503
12251
641
521
263
7404
305
1206
9324
1622
15760
66820
799
2019
1089
1430
1416
17028
838
399
8972
13439
8156
4061
11505
1548
1518
524
1701
438
1449
1964
466
635
829
34621
1314
2197
39273
34138
1603
291
6729
1210
1119
968
267
393
1051
526
1632
54508
425
21068
654
7965
16158
1796
1782
6984
3193
2090
19308
806
1294
5628
2723
1150
37083
20355
9949
10371
18943
1822
409
3480
949
34853
359
2061
10690
373
6452
33045
n 80 k 4
54624
1411
284
7803
971
12576
8021
29844
532
48045
3285
1050
8982
11848
895
47514
28652
22187
1312
1325
2778
848
20894
1660
1371
4171
483
20838
274
968
787
355
1794
2440
2139
391
8081
86422
1461
5997
865
517
822
17282
1021
717
3956
36042
3109
244
7514
2839
8201
15050
55902
1893
1500
6727
31377
1076
55601
2633
2839
18580
823
1781
469
715
1466
726
10463
1981
532
7148
47544
642
1533
908
682
786
21101
1579
569
2214
329
1699
21609
21721
1530
566
542
4781
30422
1281
34331
1143
4682
2169
1368
1064
n 90 k 4
35866
8706
764
46785
1098
917
123024
5343
413
15506
11603
18912
2964
487
11040
73737
12154
787
27577
8128
648
100613
193170
31796
3538
5746
1363
284
90417
2055
486
12404
64223
19125
1847
18463
1279
1920
59705
670
1169
2037
55860
277
1259
25501
85657
2096
1010
23213
43500
4061
4211
1145
44308
1166
1633
3528
1386
4961
739
77564
11622
26176
4029
134915
68097
2379
2308
7091
85416
13146
14262
537
2952
1065
791
1968
15408
7001
67853
60474
45099
1587
44806
23666
1231
77495
607
1299
826
2698
1404
1786
1096
45695
10875
4349
393
777
n 100 k 4
1231
59810
20714
1127
2169
113144
1549
46263
126006
13242
53886
23379
2054
59803
2724
4959
968
784
62319
21330
67407
6698
1287
2818
2535
20226
38012
1183
1452
3558
40210
226370
5051
1243
81504
87037
5306
90394
44124
42905
1717
1154
10478
1433
1660
3008
692
1066
5500
1564
27822
2456
3619
95387
18158
11722
769
2515
91081
2917
104403
8093
1347
3612
2151
704
20159
9694
2084
2494
2683
5762
36074
1541
2027
2733
12752
42684
33764
2129
67867
1337
48101
450
737
11435
16745
6144
23581
609
55175
8096
2016
130250
817
155870
1359
34722
19821
4629
n 20 k 5
58
157
682
474
54
1494
32
78
515
339
484
46
47
110
897
83
121
37
133
684
42
23
884
739
51
49
476
604
725
548
569
784
569
625
819
878
31
469
579
73
37
85
721
44
53
499
24
514
141
733
527
1046
393
513
596
77
707
632
1432
49
120
1009
1599
132
500
584
408
65
102
436
41
554
1391
106
30
1326
36
560
840
896
72
87
583
663
34
62
64
58
41
500
924
35
101
1020
521
613
871
660
581
1778
n 30 k 5
1946
7127
1013
1082
4852
130
103
4586
2232
89
958
76
557
124
64
717
2928
268
79
555
1282
41
120
363
672
2937
230
2520
157
562
3368
106
496
2707
466
3599
273
3179
1509
2594
232
2656
303
149
259
595
68
149
47
104
107
836
87
64
49
126
1555
47
109
34
113
215
834
529
786
866
709
148
158
2373
2527
972
1620
4899
102
2097
136
296
414
254
273
112
522
113
3248
840
520
4995
2778
670
283
525
5458
336
84
108
136
844
255
66
n 40 k 5
798
148
211
4411
4751
1968
181
251
2811
634
167
1762
1414
178
1673
552
3403
168
3446
87
2697
158
4153
787
211
99
3698
9114
564
499
138
647
731
8199
73
4244
715
8145
2858
1338
553
1454
85
9907
637
271
10649
198
200
92
2214
6655
219
7511
236
121
210
1759
833
3023
9932
1006
428
3188
4237
13782
4097
443
658
7519
82
124
3108
5295
5770
84
10250
356
5106
8641
299
13668
578
674
650
4582
339
2290
700
13590
672
26242
4149
3179
5593
5436
187
599
896
920
n 50 k 5
3501
306
26612
342
16059
253
161
10457
463
743
7755
302
3942
25294
307
4495
2707
656
4115
330
880
7921
577
857
702
5625
759
1106
314
3227
200
1093
20197
712
3382
42632
886
502
1189
16371
477
7394
752
3298
197
9076
146
11547
370
852
735
12150
15368
12654
8333
214
242
555
224
247
13735
1870
527
6159
467
936
14600
474
416
11966
5386
19909
883
53110
698
3459
5564
7698
5662
10565
1185
35161
7728
17890
109
5993
923
152
18013
647
990
45689
5400
1257
26575
17811
243
11697
1337
757
n 60 k 5
234
18961
15030
12800
356
431
24180
20130
1149
7684
19644
683
600
59394
776
1004
15094
866
25878
764
1281
653
752
370
45170
680
538
504
21784
6193
339
1508
292
19903
327
4200
21593
216
1543
16431
1619
45517
3249
1179
876
4436
7711
363
27199
472
29655
11925
25723
22478
50045
9113
16181
3326
9757
27463
909
1127
17655
1227
1220
1421
1960
20505
427
188
28827
945
19962
671
629
2252
4258
52390
993
1586
1679
11580
412
38714
271
1353
1139
35496
4056
952
974
1087
89570
154
52191
4023
375
309
488
61867
n 70 k 5
44648
842
972
1146
93403
1248
33266
56819
83966
48104
1647
118477
4847
21898
408
162858
659
1547
1335
5733
69356
214
1132
562
826
3639
887
713
1557
20428
22754
983
832
62400
848
1167
1004
188517
9082
30623
40732
466
38949
63157
151247
38967
1697
57115
491
547
1744
45555
27044
65201
41919
1323
45273
29522
529
900
701
136255
133578
79838
1378
157513
1451
78708
1158
30803
1125
38152
851
776
704
6327
3712
65896
55748
721
23373
631
62299
716
151315
318
83647
972
49851
634
34363
1180
1070
22283
788
429
1375
2120
897
10887
n 80 k 5
60206
11060
93953
1954
1409
1940
1366
2684
4083
221
1155
528
8001
1251
215826
2557
33759
1309
5078
20322
32240
93639
6045
56902
177191
1120
136203
724
68549
553
59138
283929
27045
216693
205
2049
687
1878
581
212217
109294
151443
28848
2657
1169
920
135804
723
177609
90339
341
23975
2317
451
4083
670
1448
253744
1120
24137
2026
447
329583
34514
274268
65612
1394
331681
543734
135211
19000
722
852
1347
943
340
138859
189269
2571
100583
13795
1667
103714
148216
416
164096
16140
1126
1893
1292
70443
149510
101214
503
317084
1977
144833
156259
1341
1501
n 90 k 5
143962
966
119106
248164
651
529
2018
282412
2065
1033
2858
151632
1070
230729
1295
3124
84120
896
457652
57277
207612
18800
71409
7887
785
1071
1939
2067
122452
50315
17774
1901
209931
146039
1086
1815
19586
6824
455255
1719
863
149304
1204
48012
3059
312370
314084
27677
1435
534
101083
947
3896
2965
12972
33340
272193
84740
292815
126313
191372
980
52571
31730
160431
124008
1197
881
607724
315
1232
544
1125
601971
313141
350550
1434
597
8553
25637
7463
55590
272340
805
81612
27165
1093
247286
801
64403
70208
1128
61650
560
740
1637
1221
42446
850
429183
n 100 k 5
504
1263
83721
108314
3941
952
248642
1789
16283
5675
718516
1635
2835
5597
84263
63676
363421
888
1791
305861
1852
627
2222
292027
49219
22269
1276
4583
230322
153708
176118
2197
1695
1345999
337156
10477
373880
8181
683
3189
673
101070
985
30481
241226
1994
840
415472
3518
1248
1021
211071
4500
102160
136786
1263
607
340912
387690
1349
3383
2954
371463
199137
6399
470
125588
172961
175566
1907
16831
43721
3396
4013
1201
509
446273
817
33034
3394
61327
432868
70138
36293
298251
251059
1730
386228
627201
38332
363077
2203
107808
49542
2659
185288
3414
51020
1229
1271
n 20 k 6
749
34
1154
62
548
647
79
2146
899
1519
1142
94
27
870
487
49
92
44
523
1116
469
56
733
817
830
51
539
74
749
58
49
534
38
819
623
64
48
51
62
35
52
61
716
1225
1639
791
53
40
650
1170
87
1788
80
66
730
51
50
36
87
795
905
660
2164
672
36
38
856
975
788
1834
69
924
688
46
593
41
49
920
1010
88
48
52
1018
909
25
730
974
83
62
1094
537
495
32
1383
157
51
1126
63
50
79
n 30 k 6
187
161
4191
301
539
1329
7460
395
983
424
740
815
83
283
6689
6694
3316
2411
7210
8826
70
77
10879
2859
4709
558
123
3846
3461
67
7289
5753
9091
114
2996
544
3799
2000
74
864
142
78
170
1980
93
904
1735
935
96
5785
9559
514
68
94
2674
701
1466
542
55
77
288
101
4947
1589
915
114
3101
134
1056
56
1593
608
246
585
3955
2424
522
5264
542
8208
3998
6824
55
1590
6544
2699
82
203
68
75
223
12267
1791
60
95
6446
10707
174
69
10694
n 40 k 6
771
98
4227
833
565
7152
183
4925
17470
5852
13488
18633
115
33830
289
303
658
699
37240
124
11068
681
327
3256
197
2521
814
7725
585
14145
571
1347
4723
86
676
101
8663
804
62087
19284
175
36550
106
126
127
664
22838
90
10646
20074
8740
2023
57733
619
2283
15442
770
10301
5898
449
597
22022
113
230
244
1128
4534
77
32641
104
293
4893
356
579
15596
609
560
3135
12662
583
857
11853
25846
123
13409
8696
28424
345
16502
1872
5727
182
588
2893
131
146
140
122
213
908
n 50 k 6
25913
672
582
46578
160
127
234
190
39149
274
112
2357
256
80136
86915
136
24390
1114
149
989
1019
837
44017
1486
9844
300
21940
214
6992
38818
16721
198
86175
63263
933
431
23432
199432
180
6260
17615
177
1226
21625
724
10579
599
664
1327
11496
157
1088
25056
402
39312
93332
274
153
170
147
1817
363
3782
288
881
154904
37891
491
651
30678
987
33556
11468
48532
3446
303
574
45065
8068
3986
640
781
695
27534
21062
9954
494
13878
14534
36119
2996
727
876
11544
1213
1164
823
11842
4502
7406
n 60 k 6
235
195586
205
1257
1358
243157
34489
320
648
1155
12671
797
111119
2373
890
225761
162908
543
41745
1279
683
412
44676
6654
775
176055
9925
26439
977
120807
624
25953
764
1171
78464
1495
1230
93070
678
780
1412
1767
714
140779
858
61085
191343
31968
1485
187
644
360
226
132352
211
660
913
44949
173369
53672
439
1096
1235
67679
12000
31729
70268
264
152
129768
50824
39741
1278
87800
74645
705
138327
130324
27433
352
1689
1218
818
682
1083
633
83524
1001
53227
1336
137005
54595
643
34392
239
1360
697
73190
68674
1394
n 70 k 6
440
232
402616
67879
1655
128216
55325
426254
968
177289
407802
890340
51491
36023
530
1547
261
88159
270487
290
541644
2401
31847
49446
1994
195478
1082
273
394
9873
263
151494
277808
284
1030
97878
3101
1138
339
809
2068
210114
310
230512
3988
353683
797320
771
586
41781
306309
1163
819
266042
150983
1703
2088
802
865
8510
270514
683
132826
371340
2008
718
855414
262866
2631
1772
54792
178
1042
993
281722
45425
60544
2092
36709
474
658
1955
1594
1557
247488
366
1205
1379
97890
1343
300106
652724
1063
431
1976
127736
797
780
93061
207639
n 80 k 6
2314
1372
118120
1581
1338
1240403
3792
1911
3380
1035
67172
182293
1708
98425
395
431
1382
208
190934
3719
742418
1094
2246652
349
104006
514
969
307021
1253007
76144
385719
1956
716
860
13744
216425
819
856
586755
224066
1786
2298
876
4045
1835
201920
764
2955
437464
1101
2342
356795
839
12694
2483443
1188
1167
417674
335156
808
1507
7857
1998
813923
2337
1065
501
243217
418
161
1232
1030
117263
459
940
12636
315
821
194691
1304
402793
2118
634
2095
227564
326783
225306
39033
947
710560
154066
510
725
491547
1479
68673
1771
11052
387940
134078
n 90 k 6
1933077
128303
5517
2359858
4147
2575004
1225798
1510907
84137
1052391
1103
1057
1158
1358
358721
545237
1234244
1974
5733
524397
1856482
945765
2544
279286
1731720
755
366591
2110864
59898
856
1464
1142319
4361
4370
4451
3833
630764
1728
973204
625
1132
895142
1190
500260
516
3129
926
2652
5954
1785
268455
500231
428023
1860
928
3186447
2778
1822198
1910
249953
1112
5483
1617136
264198
1721288
3959
1141
1763
1575817
1646459
2393
484891
1104955
1755
1041
61667
876659
1895
451
457
1888
1305
1268
1413879
1260115
295252
2416
1720
319497
400966
860
149936
11410
518
3443
2362571
1052956
6734
3937
316595
n 100 k 6
952786
2312969
1609
235580
3413860
2327559
1500990
522160
439609
1069
3843749
1998043
1293
9681
1227
4192
3061
3813
1839836
19978
808610
1344150
4261
686095
234901
2334312
1569
1313865
3218
3176969
1329942
1033594
1001
572286
2260472
1937
2295946
3060
1336849
1171
1303
1608788
2677
377
6937
8452
1697
1888919
845
405287
797
2376596
1649
1611
1810864
464969
173796
1089
6084016
1064
2290
740
86393
231693
575110
676
1591
1181637
842433
1786903
745730
1557991
1195
5962733
698792
1926
712
4346
2541
1851881
4696
6029852
4291
1001
231879
1675542
1003
2341
864
1686982
8268
2664030
990123
1405177
2382
789348
3638533
2102
855421
7097
