n 20 k 2
34
60
225
66
31
73
73
47
89
57
40
25
63
68
33
68
188
29
40
70
226
108
34
41
73
29
75
53
39
199
129
60
73
39
74
43
119
42
70
82
23
93
42
173
70
44
67
59
91
52
37
53
129
28
50
34
175
43
61
127
36
123
68
153
23
63
36
40
206
68
131
87
55
54
75
49
29
50
113
40
58
89
105
82
79
122
102
60
51
29
85
36
128
45
45
71
193
67
66
32
n 30 k 2
527
173
97
350
142
468
148
99
92
236
384
127
42
88
133
136
71
227
123
80
63
262
91
120
340
112
106
40
50
388
44
87
180
109
327
112
455
73
87
70
106
148
86
121
86
165
109
125
78
144
181
59
60
87
88
137
110
77
174
158
115
103
225
144
95
396
117
61
106
369
304
130
66
110
392
158
220
229
82
219
533
130
365
94
354
76
757
185
164
63
182
185
159
175
128
102
68
248
127
284
n 40 k 2
257
92
874
306
190
208
281
125
356
304
107
793
90
180
436
496
119
178
821
259
80
412
171
297
59
268
737
119
131
96
140
601
404
217
161
275
155
311
83
368
143
245
318
83
236
195
280
90
173
318
449
99
170
336
117
116
173
222
197
242
167
221
215
315
412
461
641
389
126
275
142
198
210
596
807
124
204
256
277
127
314
329
148
673
150
84
193
72
323
242
231
354
152
166
167
582
104
157
539
373
n 50 k 2
310
223
243
418
402
502
315
145
279
289
1019
612
287
396
372
173
150
499
132
632
394
189
341
188
218
667
257
262
837
331
298
564
413
712
173
181
243
888
175
565
163
359
342
118
130
213
426
187
190
351
383
236
227
256
267
662
405
1048
237
274
513
136
641
350
439
105
661
466
614
276
145
413
680
120
262
194
167
295
315
627
374
463
206
363
199
431
224
286
206
114
1017
306
450
216
190
290
940
102
655
668
n 60 k 2
1143
309
195
696
287
1157
267
176
612
234
141
634
441
421
273
404
1173
696
370
789
457
536
819
152
359
174
263
691
198
453
344
190
1111
538
317
811
269
946
215
481
750
438
528
148
628
496
357
215
329
323
199
543
535
284
554
261
293
343
497
548
270
865
770
509
309
264
1662
798
336
1030
222
363
653
294
344
277
146
715
989
361
191
259
347
597
799
903
1201
528
216
384
320
929
177
165
328
507
399
337
202
263
n 70 k 2
1325
280
583
741
254
477
631
497
251
574
225
337
434
240
646
962
263
485
346
243
563
308
368
227
954
182
558
522
444
2051
178
906
408
235
445
252
180
514
952
424
261
1541
703
482
261
315
287
1004
538
346
666
1036
352
1031
304
282
343
1165
213
1333
998
289
583
221
1272
449
399
1020
302
201
518
192
718
716
317
648
358
976
233
489
1374
682
178
265
481
722
628
685
1307
360
285
543
357
558
981
738
186
737
1135
326
n 80 k 2
370
309
633
374
332
826
651
438
221
529
221
754
335
404
903
366
690
296
380
692
772
754
694
1081
558
293
1233
745
860
1616
1456
244
324
346
208
457
408
1394
796
503
1526
350
879
1006
425
730
726
893
2354
480
400
431
578
912
474
458
1830
325
656
487
894
254
362
236
473
815
343
254
276
459
326
1838
259
597
367
1653
221
386
259
325
809
426
431
640
568
611
637
401
1243
316
252
2002
994
599
639
352
339
550
1003
786
n 90 k 2
515
386
2006
322
503
1293
385
665
430
544
1225
767
672
390
377
548
1053
462
1451
316
537
833
476
716
537
634
569
1253
1074
821
407
738
546
1553
520
291
1636
848
937
393
1481
960
684
221
500
1196
1517
374
284
334
759
488
942
405
1754
490
479
388
870
1173
459
1192
536
2031
1815
1774
459
377
843
791
859
914
245
328
1309
1088
534
773
1255
518
611
308
492
1023
623
458
389
921
1085
357
848
1917
340
377
369
802
659
650
1547
693
n 100 k 2
373
799
1707
659
615
960
240
690
1086
346
729
627
710
673
514
722
815
408
1275
2466
1163
1372
1562
903
567
1776
393
668
1884
745
996
645
872
502
377
483
1209
645
1231
1089
1048
1204
786
985
505
537
1681
1605
483
722
968
384
1259
3082
383
1637
475
369
901
929
2661
626
373
454
1000
826
283
503
3095
2916
1275
1243
319
1333
1749
673
1421
1021
1233
684
779
364
1594
1936
2601
2519
3825
463
2059
326
560
750
954
462
794
809
866
555
1637
2207
n 20 k 3
507
97
473
742
561
136
117
751
56
41
544
37
552
146
75
581
509
660
32
436
37
89
38
76
44
120
76
543
55
56
51
203
53
721
37
50
31
83
101
154
215
109
60
63
81
607
461
139
522
300
65
90
41
543
85
510
42
64
147
31
60
54
59
249
48
502
122
43
30
589
53
55
56
729
478
84
34
45
40
50
65
42
188
97
68
45
58
66
167
405
51
600
297
48
511
212
55
20
61
32
n 30 k 3
361
1141
151
982
1123
2416
834
111
999
267
101
118
29
109
64
1245
806
181
1172
548
542
286
601
124
179
863
1048
179
626
101
78
124
87
710
615
209
748
174
594
1265
164
188
172
185
113
413
264
380
1269
98
883
301
210
100
228
829
559
780
1123
73
227
608
86
161
98
152
208
845
159
807
1361
232
92
67
504
171
84
683
123
456
94
85
605
206
102
316
723
579
523
87
389
324
99
216
160
131
126
543
202
1062
n 40 k 3
242
1525
389
828
793
192
393
330
158
591
2059
212
421
467
169
423
1712
1000
202
248
716
139
336
986
838
642
161
1304
1267
1533
791
119
884
121
261
2159
132
390
565
836
475
878
1232
1701
213
167
1201
669
378
1352
196
223
302
846
260
151
199
321
109
685
190
248
568
1789
1600
677
1153
268
841
167
459
330
150
139
1149
307
746
465
134
1372
629
754
1108
196
124
966
867
534
722
95
868
665
216
398
687
426
1277
155
205
603
n 50 k 3
1164
407
323
759
210
3725
659
579
1137
668
1779
549
1131
168
439
1970
3275
532
132
1741
3107
340
361
2641
159
1813
194
1939
508
408
494
489
1100
2138
1993
117
1234
1892
475
128
296
1188
1738
151
729
258
424
2719
92
198
277
212
914
1734
809
891
278
411
1796
948
881
2333
1838
554
190
973
941
1209
138
229
270
657
1024
1116
288
512
619
231
1090
1559
557
2364
1309
956
209
450
881
456
173
2891
125
327
848
522
1268
1277
1584
919
279
1545
n 60 k 3
418
459
816
814
297
830
1864
3948
565
3696
1063
455
725
468
2554
5667
828
3047
7331
161
263
1020
509
1031
1739
336
1469
1065
1140
161
275
1232
2608
2014
932
4202
426
353
667
251
3030
3849
1193
341
1595
342
1330
2154
226
1916
916
397
266
368
294
284
263
955
290
199
1734
180
731
1563
1756
3883
829
379
335
2777
461
311
1770
200
1300
819
621
3872
1342
245
923
2003
559
1241
213
195
3219
743
515
647
280
772
746
538
289
216
329
1680
289
1062
n 70 k 3
367
441
1128
304
442
882
776
2728
745
1268
2485
790
5217
5666
1832
4334
1272
7584
2767
980
493
776
975
204
1978
563
6477
818
1130
209
1663
478
1039
3216
368
983
3365
903
617
827
508
315
695
1705
2584
687
1792
2502
1183
3143
1796
6850
7490
3239
787
244
659
226
1087
2223
8814
681
9408
8470
1249
440
1238
3203
2218
2462
3150
4232
670
909
4080
1785
295
869
1196
545
707
4734
415
555
2557
879
3078
2627
771
595
439
1284
412
532
1216
1044
1361
1939
996
869
n 80 k 3
801
595
1034
1140
376
409
817
919
13970
4235
2986
6547
2403
4973
417
7872
785
1363
1716
10934
559
8754
2012
361
380
1411
1891
899
3217
606
356
410
718
2620
774
1254
556
975
12266
477
870
1140
3831
441
3331
876
306
875
328
6877
5367
916
1285
396
1376
3553
675
2517
1340
2000
3456
3034
811
5587
3867
412
10253
1253
1106
2530
914
9428
1395
785
4574
3476
16157
461
446
9580
2099
646
406
5363
15998
1057
4692
5135
1316
313
571
5209
976
508
1306
6630
4849
756
5299
3369
n 90 k 3
3162
424
580
725
5130
791
1720
1126
10144
4822
5439
5656
1144
2247
3137
5604
736
1410
3672
11782
681
2659
2154
865
607
1159
6348
1535
245
5128
735
1907
7085
11873
1185
3110
756
10668
4500
696
14254
3536
830
410
316
842
1085
508
2899
13644
993
302
11732
1455
416
1353
8798
3903
1363
1721
5155
973
1402
1414
442
2641
789
1406
10288
4085
2577
1262
4440
664
844
600
2598
2851
986
7075
3010
3434
358
6121
713
1651
3236
5888
3541
1780
5142
822
5615
4104
5543
1626
1407
489
3016
5040
n 100 k 3
6790
831
1218
2039
2127
2941
1018
603
336
7753
327
806
981
606
596
985
596
8439
1089
1919
1270
1474
488
514
884
1055
1659
2330
5346
459
4770
11790
575
3844
3994
4501
391
4968
1142
18870
9458
14357
986
1051
14266
1042
3731
8135
1729
967
991
2942
1872
3313
1885
4500
483
758
625
1296
1017
496
456
2992
9820
5531
13922
1698
677
670
5273
2448
6399
5676
1585
4887
1980
2924
1839
11463
4204
4256
681
1789
1283
5152
627
8458
1293
5942
2868
976
963
7884
727
724
559
597
385
1531
n 20 k 4
43
61
190
446
151
870
38
62
44
745
120
50
49
684
92
68
97
84
40
576
36
77
727
613
920
86
893
93
701
87
514
697
254
911
82
575
759
61
755
51
535
575
135
1183
187
37
732
653
617
594
67
40
103
97
217
700
511
56
46
413
77
584
710
602
512
423
99
79
59
467
626
813
108
81
114
31
685
68
39
46
15
222
58
1003
534
61
125
645
76
145
340
77
84
62
111
517
509
101
800
489
n 30 k 4
110
215
556
1197
126
167
683
424
174
1834
415
71
873
1065
144
111
100
221
845
223
1785
79
1419
97
1132
1107
669
91
719
590
772
1220
463
82
1537
55
492
112
510
119
77
1113
200
1259
2045
614
973
80
86
32
112
91
1219
93
123
110
200
1014
117
81
1731
107
682
729
794
167
91
195
2700
759
1621
1624
729
135
76
265
93
788
161
178
398
4022
138
89
3070
57
847
786
1999
482
163
137
1214
36
116
1703
772
55
73
1072
n 40 k 4
289
133
256
2122
196
2434
526
276
618
990
240
197
607
1845
535
232
617
1541
4707
184
6307
934
78
6631
447
231
1497
247
2405
2652
1589
4303
825
2897
983
651
675
2409
763
192
211
609
794
2060
100
322
789
1122
2971
183
306
2031
75
196
127
203
282
5276
970
4694
175
1890
932
305
81
3119
98
527
76
2260
660
379
214
992
1410
4687
1691
700
1400
567
150
1142
603
1922
357
1685
5847
739
7970
263
397
175
1093
155
1055
2380
4422
127
403
2481
n 50 k 4
1446
1123
2775
6027
848
343
1451
306
253
1077
230
392
2175
936
155
132
841
2599
229
612
900
476
6919
142
101
8378
187
4010
246
323
768
2772
240
291
1666
182
756
964
1066
3824
4151
3083
7963
284
5709
391
5583
1025
5550
2025
133
385
4692
371
1980
209
2899
9047
5871
2693
172
306
1391
729
8474
1742
1225
653
228
195
153
1434
3275
503
943
726
259
5194
3584
1955
2252
174
769
321
267
3165
4080
9409
5995
2153
330
2800
332
884
2729
3223
209
244
1092
10248
n 60 k 4
942
784
1494
2262
17524
5662
1293
5609
5526
866
377
403
577
877
1697
231
348
9754
3150
729
22378
26113
4031
20241
8417
11231
166
13472
5443
12752
442
435
1837
344
6119
191
350
23595
8814
1000
356
2118
1518
1221
1088
200
7140
2196
2782
4342
5781
449
386
6942
12872
695
423
5433
202
262
666
1849
1293
1088
1163
13814
226
792
5781
806
307
1503
1560
8194
9014
1491
800
8079
4903
2533
583
2409
1254
729
193
14897
23412
8677
635
1237
6693
252
564
1230
5939
7795
1877
16689
754
1584
n 70 k 4
817
1181
30002
321
1859
217
426
9945
1165
1175
397
347
888
24222
1095
450
440
2531
306
3546
855
335
24252
22318
1226
17622
19281
4900
6347
16203
23485
5575
350
21127
791
855
16204
665
4477
6320
6185
1539
1295
1645
1619
573
267
1758
1653
6021
295
1384
5421
8112
824
360
30300
585
381
3351
34799
8890
1445
1138
1444
6311
1445
425
4629
44084
64738
12577
1454
879
4616
1356
11182
9429
23096
416
4019
1422
588
4234
735
1224
1092
1256
333
1968
11632
19906
8952
28463
7461
5038
454
8338
978
6773
n 80 k 4
16242
589
13563
1094
1258
32321
21250
807
11243
844
753
556
957
1321
933
382
36994
72805
7369
713
17166
546
1361
1471
11775
19556
1453
580
2012
33598
667
921
6789
22846
22323
20000
630
1993
1437
1169
24384
24881
1471
403
27458
374
1638
9683
2411
407
1532
32047
644
1057
23008
1053
1287
259
68228
913
412
23362
3120
328
4942
730
1679
4589
683
759
24875
4519
1195
7280
1065
9077
27126
8447
38041
987
10653
1382
11874
755
1138
2074
19295
38350
19972
1511
15224
12270
2153
16544
9807
24625
440
1072
797
49092
n 90 k 4
3086
1587
1178
63639
42907
428
393
1767
2231
2378
1850
48567
1280
50285
892
38592
11268
9545
29451
1281
1077
1418
1355
6184
78756
499
1627
40422
29655
26509
812
1438
1631
1392
498
1629
5014
846
44282
78742
28509
2231
60701
2144
1911
942
4194
12289
43272
61752
51883
856
18144
1586
2539
1504
1552
25299
49705
685
1411
15324
82005
33743
1242
517
16427
632
9350
4631
2196
33475
24514
24145
664
1829
3208
1229
171202
132861
108529
53725
53301
693
3764
461
943
21141
1812
46246
49499
4255
45250
1520
13143
4715
44482
1106
410
99366
n 100 k 4
30125
1257
2164
617
1586
2090
65654
2054
48883
1153
122932
2016
3933
1193
1068
2567
25674
7568
1402
809
23795
13083
33718
198021
2966
15543
578
871
2762
83188
459
41177
29372
1231
1987
12624
31967
34802
14055
18977
91285
2880
82956
1322
1952
25733
5775
4408
478
74844
54292
3001
15147
16947
68532
48769
93184
8456
42734
32227
32200
1325
15955
2041
1656
15150
860
83733
74909
215005
1762
32508
1444
1605
5884
1329
11246
4986
22954
23607
560
645
2065
52740
4602
1746
13185
4974
90230
6641
2407
2924
1920
525
3945
1681
1638
7988
997
1091
n 20 k 5
65
88
74
806
85
855
113
26
673
53
60
575
58
55
84
684
314
205
50
903
738
597
696
533
26
78
24
80
38
50
40
588
930
40
23
30
947
40
1301
78
40
489
2835
1523
46
53
104
97
68
1567
109
54
557
43
52
711
95
544
50
41
89
75
817
80
1360
31
874
547
40
12
17
33
43
623
38
64
918
60
32
50
81
191
47
899
527
479
85
54
72
834
674
543
63
66
627
54
670
31
1136
78
n 30 k 5
601
63
172
214
107
610
7318
535
3231
400
7175
97
97
49
3482
1729
242
2951
4547
1336
63
574
71
1078
563
970
74
338
64
3949
557
5173
1232
1700
173
138
6785
1237
76
1308
527
642
1084
127
848
237
1351
772
2743
3483
62
98
256
265
2754
482
2523
377
383
168
230
971
3065
5494
673
5323
1486
618
949
1152
1075
148
96
53
1889
1096
83
2191
152
4398
972
243
768
1535
2787
94
1617
3885
1134
4680
336
511
511
81
600
298
2238
118
116
2219
n 40 k 5
8284
3027
6608
810
515
320
784
143
727
169
7174
926
3064
134
502
116
622
10223
798
1027
725
683
2385
595
9837
11691
4121
11223
137
5389
669
4234
247
10026
121
2839
144
9997
11090
8700
1996
174
23632
88
13581
108
9689
144
83
3156
1966
733
3593
2430
3027
3613
733
106
713
504
1417
122
13732
4505
292
626
1548
3782
535
1873
178
456
244
3239
1459
2605
4730
3221
271
647
714
818
175
657
170
19418
1240
5091
9636
14406
9028
246
392
288
338
565
535
10571
3064
218
n 50 k 5
7378
27914
9894
6151
298
4338
5535
1676
13285
781
14303
1247
62417
275
458
746
268
10847
31870
474
211
290
608
284
6192
689
12460
1384
6504
25109
25054
7001
3182
10805
308
17594
3912
3737
10618
215
235
22307
29419
89857
1069
335
2066
587
2406
7872
726
1110
722
7686
666
215
16984
400
26895
2516
13748
955
605
38132
21420
4470
14967
1106
345
13330
14392
3560
32705
213
6606
868
759
836
7169
148
953
31053
450
6108
1340
251
1010
133
1232
16031
9283
2407
2796
725
937
219
10315
641
606
3252
n 60 k 5
473
29609
56603
33368
400
2574
924
7124
40819
762
21160
14683
6188
792
15688
33848
58730
894
563
63487
37356
320
47262
37089
18078
5659
71817
6909
19944
42219
783
306
12453
880
365
38731
1359
13849
788
18956
1049
854
19908
612
423
8761
428
619
778
40704
1007
179910
767
9015
55400
13390
894
770
314
285
1582
15226
139
249
54138
893
549
789
3045
245
23231
198
682
3979
49291
380
273
2247
1748
23750
745
1013
6255
16070
584
909
33680
1082
13052
330
83244
30640
887
9451
58857
12078
457
4127
1030
1112
n 70 k 5
705
794
11798
42845
537
62519
983
87137
1450
387
742
1789
1290
1401
1260
28977
102198
108450
12129
908
2347
2553
38444
31448
1175
179
76025
965
1343
699
85234
7350
50654
34250
292
577
59427
38459
8683
443
11760
3097
9081
1377
109639
519
1336
36402
35337
262
1239
1493
2012
663
659
461
43349
2863
902
110871
16130
9227
58176
223744
214712
1777
5225
17615
260659
62854
1254
38771
1537
1987
89171
1069
16219
282
5183
497
1203
44536
1303
50295
291
2508
2637
482
2297
1049
468
1808
133106
40245
1448
26501
553
346
85625
3640
n 80 k 5
1036
2048
126230
321096
46121
649
1143
1605
338435
31468
21895
457
265879
1331
752
1012
3699
677
277
55974
2101
663
47885
772
4110
94914
2130
1745
234007
10255
1800
788
40913
243871
45122
2198
1187
102172
205670
4053
381058
38364
579
820
57819
1793
2387
32406
1914
1389
5790
1128
12458
107229
318
1225
1324
975
493
982
1676
26054
63230
1277
2257
222
426
1632
10572
1566
28670
214758
238
1526
7581
107892
616
58557
112613
274129
24711
356
1980
334
10210
234608
3647
212509
38882
2367
748
1292
120919
123990
1226
36330
201041
41360
67638
85387
n 90 k 5
3757
771
457374
2717
90083
1500
459
236151
84602
21455
2381
3580
3267
1218
130759
2708
2673
194692
5001
474
220228
236396
47852
247230
986
1859
1005
1026
84603
2649
1991
2368
75671
111441
18916
36969
1390
1171
735965
901
1334
81632
1541
1311
77917
3508
1874
56415
1115
29756
2877
129950
3240
86955
1729
1569
227
4905
2434
234318
8512
1023
3804
50574
9431
36698
531
1178
67548
456624
89348
49095
407630
153790
57926
5069
11596
413
3687
3820
12139
110476
118032
246003
105927
3112
3029
18462
983
2518
463097
207299
4541
179533
862
537451
230326
1803
3791
1394
n 100 k 5
76407
1058
1162
700
1627
243745
231725
226841
1745
65756
225483
161700
169614
833
453
394
267734
4342
1683
5868
2543
1270551
20994
766
488
229838
226778
251001
106190
1875
387674
23926
3855
304996
1094
359514
246410
3739
4239
208475
1071
987617
1663
248986
459388
212427
769338
850166
51902
526601
99032
62325
232329
2191
515727
604989
91651
913
1000
128631
6641
231329
142970
4312
3198
1421
1080809
435
1124
5933
2742
1971
2644
867
279014
368947
25805
280037
117023
102306
1583
97416
1584
742971
7161
1783
1851
290791
1077798
2311
391
69824
732
824
173479
421620
1615
1662
364723
42032
n 20 k 6
1443
110
848
189
67
922
687
858
507
36
629
1798
47
30
285
45
69
43
69
51
95
90
36
49
529
41
1035
1365
998
34
29
1591
54
783
1115
53
819
815
173
26
48
670
1035
563
28
74
71
48
505
596
280
69
51
653
93
145
748
1153
72
1896
107
18
1007
61
596
37
49
976
91
751
76
85
169
23
38
184
62
683
138
1096
42
74
46
62
41
1154
1245
94
28
549
50
545
703
63
20
664
39
66
51
703
n 30 k 6
80
7122
3686
236
269
2759
1937
221
165
55
88
2787
85
556
5707
2719
421
107
77
2971
1858
8855
192
6312
56
971
211
10208
1505
237
85
82
2529
1214
2848
2123
3245
362
71
167
134
240
4751
2529
131
340
125
1429
3649
1242
141
13374
775
137
4982
4155
1699
75
67
3078
291
1590
184
58
62
73
2734
150
418
72
108
4879
5962
52
1000
158
811
97
1653
325
72
166
784
87
2601
11352
9810
54
3669
1090
111
97
540
110
2864
1182
12739
4202
1949
1281
n 40 k 6
2303
16934
13240
17358
1072
8710
527
3818
18151
162
57
2806
3662
3055
4654
295
734
177
115
20816
141
11679
7445
730
5946
13332
324
175
4085
238
2108
12702
10577
268
2761
335
25488
321
25838
669
14694
729
132
785
11574
540
198
192
597
724
11942
9685
42108
185
207
210
618
457
126
7715
27637
6463
3655
813
275
255
587
51431
424
1211
685
6926
190
33976
26382
165
1203
31838
3860
989
6486
301
80
17840
36413
22785
884
84
753
2383
192
112
8705
317
1747
128
13082
16207
10886
221
n 50 k 6
184
51066
362
124
161
255
83810
63651
216
1199
178
18532
746
226
29905
794
701
154
309
62897
57098
7973
713
18464
30225
140
786
31375
69935
33587
708
750
43563
91079
1008
431
43412
773
90625
24364
39466
22545
15781
313
27122
1395
1188
799
9961
354
300
925
414
352
15161
134929
31387
6222
45802
632
242
67466
1023
3888
40528
59135
15710
816
1021
6396
42490
58617
30720
967
666
42789
28805
19579
628
675
1218
10851
9639
4556
148263
50799
19365
12887
566
610
18994
5159
84436
1265
898
14296
25073
45093
482
123246
n 60 k 6
113729
910
384
288
1416
47174
736
43946
64190
124589
286
236277
23989
1061
921
1982
808
115464
1371
703
86942
232424
1004
633
605
134898
1467
939
166887
298
919
890
185812
128206
2091
624
22448
625
85677
6651
778
665
847
644
808
77395
749
12273
916
145530
181
667
119795
113416
34023
585
720
53678
1142
266
265
1384
659
191
83041
1290
655
747
105844
54599
8069
6801
58128
434
229
38412
234712
305
627
91640
969
253
186122
335
713
44770
26217
33482
35810
103074
50759
311336
520023
725
99054
78319
674
2414
47433
281093
n 70 k 6
570293
176436
14410
551435
639
175323
2297
657
1433
53820
283855
720
206450
238513
167796
28977
63669
296
168741
49811
1509
463485
221
767
328592
723
1537
30746
194207
342888
251913
812
1764
351
103716
101471
2053
281
323312
1208
365
334864
1950
1648
764
170381
197
1617
622230
74194
312
135987
2051
911
54257
2238
8342
1295
299621
6290
51920
168661
115746
99924
191
1224
338
127301
14930
3933
221
80241
121686
2357
72935
22937
1524
2231
95362
110280
15741
1897
82713
1011
1435
145883
722
489519
346602
42139
716115
155
508518
383
85382
201593
951
1367
2308
208337
n 80 k 6
1088
79785
192415
62004
6409
197049
167302
339
372290
761
38975
996134
365417
1520
1508
1224
145602
1631
370836
901
279851
3490
672886
195977
934
829836
2503
2567
390110
269
56575
11855
1507
274393
72184
90956
452
416
481260
965
1223
575084
267441
871
2738
1739
259642
20140
935
1546
2706
232266
336926
1519
294085
762004
416831
1575
440
95947
2598
120262
315
530555
4558
791333
87527
831292
281159
1746
1978
628823
2519
77558
1320
1609
972970
698
188929
2034
391582
87994
1831
2510
1493
3502
1248
1160292
247414
3131
473175
308
1116
1111
1013215
1421
462582
2020056
2078
2504
n 90 k 6
2845
1692
1180
2591
1593
1057377
888399
410061
736
3221
949
282660
284599
833154
1695116
1609
801533
3843
322
261977
1990
2878
433241
2323260
786
1147828
1021410
2946
261689
450749
253983
1410
1120773
2494574
1176
326771
1839222
1195
3269491
401037
194828
1140315
642226
4196
1054374
2183
1521
1119
826031
490
501613
399206
3508
3144
2373
1475
456
2008
1401
1269789
3444
2310
1906625
1250198
1162
321500
1732555
401415
30209
18736
1188990
266
7660
1247962
208161
2217
5171
523640
3001336
1633
567658
1999
236924
526317
1193
589
910
2757
1341731
1033
3538
4530
890
2674997
2203
1488656
322375
1323
630
166778
n 100 k 6
1591
1354
6795
3443
791179
2363
785311
717
1148
229689
5696691
1657915
2294
684
1468847
1274792
1270888
140584
969518
610633
5395
2631
2419
449913
614
51701
346882
2369
2584
1346179
495
1618
4040120
2026175
6236
1381
49211
99391
1529
9384
792103
532617
1427
1208
2297221
3962
1053
3300
1233536
3550
1116
1528910
2780757
1912
891
2454
107286
1784624
1289537
5294
1367
2933376
1809
3874
1864521
38560
1305
811
5126057
1682
1318
2749219
523279
922433
1380994
790702
1150593
3705149
2662415
1914
2493
7462
9169
88348
2652
622833
3792
2404971
1302
1647167
1823493
50478
1409
705671
2274
510811
5471
4429878
859057
6540
