n 20 k 2
39
57
48
86
34
113
47
36
55
59
143
168
41
78
62
38
45
57
69
57
70
116
145
105
101
62
49
51
156
41
50
59
92
63
34
31
61
78
202
72
32
110
73
60
67
64
40
37
165
26
83
96
101
96
42
33
41
206
60
61
39
173
213
94
84
152
78
50
84
44
117
105
63
36
104
48
47
134
43
41
47
32
40
27
48
155
53
85
43
76
67
78
128
72
47
69
29
106
127
32
n 30 k 2
81
64
63
202
196
115
163
56
114
267
94
108
122
474
364
636
155
172
102
67
106
246
152
182
123
248
106
110
59
124
80
73
164
372
118
68
66
348
314
76
55
78
147
193
251
96
118
92
199
205
170
127
116
180
141
49
81
90
89
139
86
162
112
102
113
367
292
132
140
199
162
47
138
71
62
279
150
95
85
74
46
271
98
94
147
125
93
92
47
402
288
89
87
189
119
50
423
138
118
168
n 40 k 2
200
389
328
571
200
116
117
168
572
396
99
91
84
350
139
1434
464
138
184
104
222
174
266
89
173
269
611
600
498
375
112
328
159
635
143
215
418
126
697
220
248
195
245
255
170
163
176
122
293
104
250
63
132
254
161
125
93
83
80
145
813
103
247
190
120
469
115
285
118
115
220
335
154
191
739
133
116
653
230
197
152
648
342
129
428
144
328
335
172
639
160
76
494
193
137
165
162
139
669
160
n 50 k 2
298
214
172
243
178
404
147
238
185
207
193
173
278
194
151
871
232
559
194
146
169
191
447
475
327
120
1164
258
554
675
707
186
312
222
247
368
428
855
465
303
249
1087
248
655
457
483
847
483
127
131
812
140
200
236
321
767
175
194
109
148
97
149
968
242
237
200
678
131
128
385
256
559
186
456
925
290
199
131
336
175
173
307
186
205
797
155
186
256
617
224
217
486
296
260
274
203
221
263
940
198
n 60 k 2
728
206
565
663
699
225
330
540
1004
658
232
179
259
276
173
221
288
1405
248
829
276
1097
325
941
193
279
157
387
514
969
192
385
225
892
219
315
246
394
881
302
239
379
441
478
127
241
386
677
117
1342
421
231
1109
356
897
239
259
268
320
520
667
1317
548
477
311
465
319
204
592
948
187
217
266
463
774
295
571
333
217
213
237
358
188
470
496
734
272
183
476
439
320
306
995
847
790
254
319
223
270
247
n 70 k 2
514
1345
415
757
622
511
289
559
1569
556
499
653
1071
475
1720
230
405
580
294
260
359
162
472
372
814
378
382
162
442
230
332
310
825
276
217
214
1002
307
639
274
622
991
1350
292
370
614
277
346
377
1585
362
396
240
223
577
1236
632
716
329
1079
200
275
1765
719
267
391
665
332
1130
965
173
1185
314
1664
367
1372
358
588
1183
204
658
393
276
935
375
251
272
725
979
296
233
805
365
347
445
344
757
611
1008
244
n 80 k 2
310
496
314
522
340
1857
1845
400
419
277
246
327
422
945
357
383
704
920
775
397
350
281
794
249
401
1090
1127
415
260
896
658
795
1082
239
344
577
459
1102
428
702
2272
967
440
424
558
414
319
866
253
1692
223
242
503
1070
943
461
1717
916
1587
344
1178
532
626
1503
328
538
260
512
557
252
1054
387
1046
435
781
894
545
765
287
758
778
391
286
900
319
574
539
888
366
274
187
729
447
441
961
1008
520
374
282
614
n 90 k 2
496
326
372
315
480
590
467
457
436
3187
2532
994
454
1015
843
406
1041
831
555
666
420
864
467
1089
399
374
1072
458
382
491
723
603
1692
507
788
757
1368
1557
989
1840
1247
387
517
465
370
476
461
630
328
610
1162
1660
221
335
466
482
583
691
1151
1960
1259
392
837
1187
314
1581
311
1623
396
970
883
1487
1066
368
373
311
940
1448
717
305
484
627
399
324
1828
2728
781
759
275
537
417
473
1247
380
572
660
903
574
582
455
n 100 k 2
1286
1571
562
374
633
730
444
1254
1172
473
394
647
1261
931
1243
565
480
799
505
1678
746
526
1305
392
574
591
2125
586
645
1539
1403
476
2214
1686
775
536
1251
655
440
778
1175
607
1276
799
1162
1500
578
879
1435
1079
1352
643
728
1006
596
677
2846
455
580
393
685
1888
1727
348
1348
794
475
583
1015
1304
1265
842
1734
578
2367
827
2991
450
2237
1525
472
397
2674
1040
526
1276
685
763
568
664
326
1360
682
809
1485
892
3866
890
596
483
n 20 k 3
265
136
52
284
219
191
87
59
64
55
210
518
114
48
74
559
50
582
58
35
56
42
57
44
571
51
589
55
561
33
51
128
48
64
497
266
173
238
78
49
333
76
65
85
420
160
39
54
53
755
210
124
63
127
66
54
48
124
49
254
51
73
97
589
538
228
164
26
52
37
41
139
38
63
654
49
327
137
63
74
38
42
79
232
131
16
513
42
59
109
645
174
160
79
202
115
126
527
75
82
n 30 k 3
68
183
54
214
200
56
553
79
144
1535
802
510
115
69
85
876
320
134
329
56
895
87
183
796
1058
877
104
385
1244
444
115
62
930
219
458
761
267
88
565
81
201
119
524
203
319
150
140
415
156
75
87
180
541
110
1154
932
90
172
78
62
155
139
105
170
629
941
290
122
111
856
607
106
152
721
225
823
150
383
151
154
544
160
809
270
89
137
130
120
324
102
238
133
574
560
750
281
950
147
464
171
n 40 k 3
811
1452
1248
188
164
280
2068
1202
142
717
296
508
171
1580
278
857
1306
101
962
520
180
737
595
683
395
179
305
148
262
304
600
121
119
190
954
95
146
109
189
1016
1714
160
134
130
991
143
546
1010
231
803
223
953
534
1198
631
144
186
577
690
925
323
123
755
190
1537
232
618
731
766
163
1205
1630
226
753
682
463
242
1180
1126
136
154
1483
136
144
1641
617
240
211
183
637
1776
624
309
1594
975
1550
601
119
115
831
n 50 k 3
962
2303
203
1343
787
591
174
634
195
151
666
900
469
441
406
278
1901
864
999
1359
1727
355
1107
489
394
2102
3779
186
2102
741
658
1349
722
242
1289
465
522
3726
3498
722
364
1199
105
397
610
564
1382
343
1463
867
1594
1857
336
1529
1398
1220
876
293
2786
222
332
134
1402
161
985
374
322
200
1393
692
280
1642
140
246
3191
346
1121
3866
1947
452
1435
2145
601
601
1873
1098
186
1227
1558
7191
433
1177
1445
1716
253
405
184
2157
190
260
n 60 k 3
2840
824
895
950
3086
1720
438
235
730
603
625
1104
745
638
3156
226
327
5704
193
2719
2326
222
1206
1195
2380
252
255
358
215
2163
403
295
324
680
335
611
315
2594
235
321
676
1878
2183
1068
289
486
347
537
264
2755
2069
3211
5128
251
253
280
1624
256
643
1602
5103
345
246
499
730
1080
1152
348
817
2121
453
1496
680
449
438
452
1111
901
332
1568
324
201
1386
3506
1279
615
434
267
972
398
246
2129
1027
306
544
3218
901
220
1880
987
n 70 k 3
1226
1008
5902
401
986
1542
3101
3210
344
2746
2413
1014
250
757
3962
5096
3273
230
562
267
398
795
2318
561
5134
311
1028
6408
511
600
931
5053
688
252
835
2350
1450
5956
304
827
489
2441
567
3293
955
586
9405
524
5032
1365
9812
229
366
3632
984
391
1387
1585
627
2060
2891
457
1114
2728
1331
3738
590
3473
4214
5253
353
429
416
2924
1063
657
403
6619
1364
1159
1006
2653
732
4483
998
820
6830
1054
461
4046
2603
4300
2339
363
4709
743
1851
6157
221
1422
n 80 k 3
1106
446
1081
1073
4765
7349
2313
462
505
3565
9583
3802
372
8220
561
2971
2523
2416
5204
9022
793
917
1614
2861
1178
1269
8715
1888
923
712
8823
2039
2486
457
395
1012
3821
464
290
311
4418
8156
2500
5065
2117
9248
7667
4442
781
783
2569
1829
315
709
3852
1927
349
764
938
1151
329
3051
3279
6315
402
20263
4015
2981
8632
1526
1154
1385
587
982
488
478
409
5906
7033
6564
689
619
541
599
1530
1300
780
1549
953
327
4817
410
3386
1466
463
2265
347
3652
625
518
n 90 k 3
498
459
1245
1202
903
1043
3586
2186
4030
7779
3562
4349
1496
3620
1913
394
921
873
492
1608
555
1730
959
899
3930
8776
1321
3480
1312
512
3992
8149
5165
1114
663
598
923
973
513
572
1741
2432
1163
1590
524
683
2573
3260
1781
15455
12313
863
499
2180
434
6891
604
1744
1862
1304
3030
14665
514
980
4446
3580
1204
5214
2375
554
665
989
1610
810
872
979
1065
412
5668
482
415
1217
1128
1253
523
336
11091
9423
537
4001
1106
4068
4013
9920
9306
755
3189
2729
1790
2399
n 100 k 3
692
1868
495
16732
547
495
538
1716
5627
824
3560
504
712
12385
3663
428
1171
5143
1838
3125
23584
1485
1183
2671
7709
960
1148
1871
7683
2036
6209
797
1195
12632
22541
5247
5951
688
537
2185
3085
919
12653
882
1178
12546
1435
754
21154
14569
4193
561
1319
8487
1158
936
2641
7959
832
4470
9353
363
1143
3442
538
5520
1649
7131
5358
984
2067
5466
1359
1386
1294
6790
1579
579
1173
837
8578
2141
385
444
1133
1104
3223
366
15746
20497
11901
2735
886
4622
5983
5281
2055
1408
496
1157
n 20 k 4
710
39
137
830
66
778
66
73
705
634
510
47
57
212
222
58
65
57
66
627
39
68
729
588
77
121
525
24
72
52
110
130
31
47
518
79
532
61
43
389
357
72
585
41
351
124
54
38
120
770
87
57
542
259
63
542
1054
126
819
62
84
29
511
790
50
504
34
115
570
224
83
798
47
71
656
31
137
75
91
809
544
1216
1209
35
607
592
268
41
95
497
368
60
86
51
26
121
107
759
43
1185
n 30 k 4
208
1149
960
515
174
171
1275
163
636
2354
200
822
102
115
615
366
767
527
2473
352
2081
113
103
112
115
452
160
610
161
164
163
721
248
341
166
605
867
1033
755
401
563
1959
585
947
159
905
90
574
1726
65
742
168
2180
402
40
75
940
221
922
720
156
813
118
74
426
1271
182
114
189
422
50
353
155
291
82
273
110
1506
141
112
114
131
361
2384
1498
188
149
308
1069
345
1021
101
387
1006
179
1081
146
70
1574
95
n 40 k 4
1747
671
484
971
1771
275
766
1284
620
325
89
3128
808
1275
2357
1993
1899
582
311
151
1680
1189
127
3905
3297
625
91
539
799
1149
3328
96
712
3174
88
459
3181
5594
1425
167
1532
2613
1799
226
115
212
1471
286
94
97
183
2097
766
1224
2108
3551
4008
1992
586
5284
118
315
624
2507
131
587
197
851
4752
383
458
4935
682
128
359
387
1974
765
2693
445
301
442
1989
3707
3416
4604
1182
5924
173
166
161
174
2339
3549
2091
2960
507
2198
433
231
n 50 k 4
3074
1574
4619
827
661
154
2401
656
10398
1909
789
4050
5545
4886
2419
240
3014
239
6322
352
652
2670
760
374
168
4345
2037
2633
2079
309
1156
145
19530
637
562
182
6049
144
759
858
445
527
768
11684
6321
12061
305
211
8642
173
549
1213
715
648
1212
1432
2341
7519
493
387
835
274
275
155
212
196
1821
391
882
3352
622
12188
211
168
502
154
4672
4286
292
1162
2157
359
146
6102
6094
199
231
629
6019
211
712
172
14502
5386
765
5925
708
839
4256
906
n 60 k 4
11386
4232
3314
2837
360
5319
440
886
432
1508
1582
626
4892
1081
18663
19404
7349
11431
1338
11820
15772
612
15935
6752
785
1642
652
4317
3661
10204
8674
256
1120
9593
3005
190
601
4867
1756
1099
7021
271
27825
10441
600
735
2119
1814
7110
2302
6867
808
640
26628
3473
4850
180
607
6132
760
224
6965
12422
6617
1318
1247
2093
9435
533
5661
15092
4395
419
16296
7703
3996
1020
345
933
27026
1032
1843
646
893
2760
445
8109
745
807
323
873
17207
8011
15962
501
1136
1202
405
523
789
n 70 k 4
48927
307
1752
426
330
839
3924
1722
17135
464
1147
22470
6680
441
387
19846
928
11546
1464
1694
2397
2096
14502
1153
707
1416
926
3755
15757
19197
360
663
17463
361
21944
18615
12681
5435
19111
1131
409
609
1029
3682
829
4771
1866
374
1936
17090
16181
1014
583
22685
519
498
4628
518
1301
25914
449
942
1548
33515
789
3116
20643
901
2705
2173
4225
761
1066
7551
3097
1055
11261
14841
30333
379
288
1416
2036
27935
599
3145
3283
13641
956
783
17600
9072
835
809
469
7594
22003
1963
65999
1113
n 80 k 4
1071
1012
102882
805
25138
7025
2769
66395
433
927
1489
17998
2330
11267
1515
979
1362
1978
793
1036
33178
37896
853
12983
16314
26902
25916
11832
3396
8440
372
1613
716
650
55764
530
704
1625
10544
1871
7014
502
701
688
888
1066
13063
14383
1679
7141
7969
1377
31307
808
27060
5637
28146
1808
1288
1774
1181
28495
679
480
44340
998
1854
22303
1890
18314
19223
8220
1888
527
1743
1800
111419
365
908
2521
30578
2041
437
2231
55878
1037
25149
975
45046
287
1141
14673
2797
1325
25240
1616
39888
1054
1913
1067
n 90 k 4
1505
2112
3121
1625
1500
2817
553
915
1623
909
5881
1468
60259
51802
24439
49019
1865
28034
25612
608
703
9815
6635
11089
34797
1682
47264
63501
1517
1123
71268
1638
500
36925
369
1146
15538
1908
749
12285
63425
1957
97091
864
8419
67660
43009
980
1625
2482
20327
971
1531
966
15870
724
14778
1965
4636
18000
2557
69443
27009
21091
2076
44893
58544
21019
1738
1854
27016
14498
4629
23942
52313
1073
2952
46919
961
10823
1118
1439
3828
11891
17838
3494
1424
1406
5245
4037
33149
80272
8071
665
5451
478
1560
1238
23543
1447
n 100 k 4
15211
4494
107105
1429
30705
36189
3072
35668
1432
1086
2166
1823
29102
2335
2717
1736
24574
16328
9826
1369
135898
99335
2098
2603
2650
1201
1516
2270
39886
1228
3351
2376
66615
102120
14514
1135
4893
125138
3670
11322
1100
1286
1337
23780
2746
89651
90423
81491
2753
36909
3047
24004
4229
504
390
43566
240176
1543
20992
6247
1319
2155
3706
15681
55316
64463
1057
107940
1244
164400
435
2746
12919
14165
36093
77818
1512
659
127378
39286
134204
20391
2957
24712
1886
1532
2369
27095
1582
4759
11331
1942
3415
2331
7454
2885
27343
34632
1936
772
n 20 k 5
522
46
683
951
32
192
90
71
830
39
42
42
820
57
50
41
693
714
891
90
781
64
1371
612
871
683
155
528
1042
55
1428
49
26
1618
523
571
22
55
25
53
560
802
67
71
63
106
1565
559
73
610
59
84
41
1188
40
41
1484
654
523
116
1037
184
751
105
100
725
599
624
927
1545
198
108
64
48
34
1923
51
36
631
65
765
111
196
562
44
488
581
100
527
52
814
32
1774
80
74
623
49
59
651
962
n 30 k 5
4707
459
349
818
1273
1033
603
163
138
129
1040
90
113
159
269
65
287
308
152
1971
143
1098
6430
3835
4325
69
87
1966
1137
2941
98
4999
598
580
196
618
446
2089
981
1133
1126
592
2876
2244
4175
772
80
2121
127
641
52
2603
2354
319
129
56
528
1778
8435
1714
315
742
1446
1066
113
113
1620
1750
568
147
73
310
2772
7268
90
1207
2355
106
79
4401
79
123
1895
1231
6711
1985
1096
1141
1387
3070
148
1396
671
1521
149
68
280
279
915
952
n 40 k 5
7953
220
4473
470
3403
8059
743
2015
804
12378
10689
316
819
3009
348
105
317
663
619
757
3544
497
20132
356
4832
719
1349
2629
4385
441
427
217
6458
96
3058
6248
17158
5074
247
2998
688
1470
3510
583
857
790
85
3631
1131
5499
28613
130
5030
7429
1235
546
223
2037
697
118
4614
12358
106
2545
7347
6976
3274
1238
2398
4484
552
15354
3185
168
6962
141
4486
2594
2268
172
11020
14480
625
9379
297
819
7261
3450
1743
190
641
577
571
2107
13552
172
106
5052
721
115
n 50 k 5
152
32654
17004
523
4840
310
110
17195
8062
33105
1747
317
150
711
273
245
3682
4894
41251
202
39585
646
8353
114
7099
288
442
275
163
9865
758
585
1054
233
138
223
788
803
745
773
34931
21032
14922
9960
184
3161
227
1504
24366
276
15438
24362
916
196
335
765
23585
320
9822
5651
2757
5155
320
799
1000
768
1250
241
32483
8817
563
646
23596
407
12184
271
17357
10456
5129
15687
3685
207
1248
1227
716
3820
7937
30759
6783
754
342
798
846
4571
28562
132
1044
170
529
583
n 60 k 5
51426
1577
46840
381
25311
947
16471
30574
453
80615
24696
50661
61059
22097
1230
497
1326
296
12948
271
189
28150
34954
845
8515
26389
1088
48326
8417
321
2888
415
19154
19831
12753
29716
724
1406
625
24450
8968
52306
67210
7317
9003
998
58730
22241
6159
730
1278
2341
1161
401
18728
60376
1254
25323
276
460
5927
19011
1427
932
337
18159
28749
7830
499
1158
1097
29382
1292
34570
856
51379
386
4590
136
268
2132
3792
710
1712
1219
415
625
741
23190
10326
31672
435
28109
215
18847
515
11515
66297
1384
688
n 70 k 5
15385
81812
6374
85191
187579
1433
1077
691
1558
32595
15921
111121
508
417
524
2420
508
171146
1750
5766
7206
701
1756
90997
40886
2036
74249
45674
1359
805
1079
163216
1131
36030
70356
874
1536
34720
1964
21447
3792
41429
1333
93997
5350
1352
723
73826
1052
40714
32340
356
464
94580
49202
576
636
105171
81252
362
1077
86065
587
101949
475
464
9596
1653
544
387
732
1548
3111
10979
27290
12432
32205
10150
132818
6147
35110
959
1738
101459
32789
1246
582
132707
466
272
29987
355
1212
1544
77937
21532
168158
11553
1090
43092
n 80 k 5
944
267415
29171
439769
676
666
953
931
618
9111
60312
199248
1354
98610
45432
106758
281454
356
42702
819
1563
227444
47537
44644
10411
60096
95389
92902
7705
842
58260
1189
2890
144914
2539
741
32678
1237
30790
8098
11847
88646
1662
26654
64471
730
710
2473
839
451
184068
259187
1011
367
102385
27080
5453
226570
1223
425
405
1424
163
66661
1142
2128
108189
64901
23679
81982
1103
322
168127
881
793
136325
803
10477
525
2554
2031
852
14082
346
1198
104892
447
37167
198818
178139
1178
1196
396
1932
168235
151232
97638
2271
148121
593
n 90 k 5
196034
1072
2122
126851
943
1268
2693
708
653
159752
186556
16702
3702
2509
85746
272965
282710
852
3664
130339
1166
111537
3256
207902
76044
2131
148370
168758
33137
167863
1018
626
184763
566
1309
486973
2062
369334
7681
1613
793
2523
788162
2834
31423
35006
3779
2987
25218
823
1458
370643
30284
2006
1357
1754
2000
154434
4218
104185
33827
371824
2277
2985
498071
882571
186617
443539
330663
2555
277907
6172
257995
1485
793
1588
22399
56030
94089
37111
3738
862
5160
254572
2349
475
319190
1195
100037
11166
185145
2021
1127
3545
301063
1770
2709
4418
1897
1656
n 100 k 5
696466
156784
865679
74557
740756
658
1332
331008
843
204744
5085
2650
209649
5456
79093
57151
943632
19035
1559
4573
504
73493
91492
50502
59753
894
1763
1002
173508
405121
875
172520
2232
4367
3336
5655
98402
2129
471211
404607
25332
1824
5358
3487
1770
631184
768953
744
66279
1719
716522
41829
636746
1437
552
1589
1884
16851
816
81194
42083
66543
1131
1923
246143
95829
1062
1073
515935
2720
133372
130673
3083
377689
32692
1585
123144
1844
125800
4807
31830
1566
1318
2109
980
933
13516
3746
71149
3251
98401
1749
1602
256564
3210
69621
57972
1894
1202
2813
n 20 k 6
91
1047
87
26
96
56
555
132
93
65
213
25
67
32
44
774
583
848
31
680
3048
42
32
76
558
130
1739
650
1481
72
123
688
703
169
78
37
74
1889
734
33
56
1909
70
43
88
96
55
40
61
523
67
635
582
75
42
158
1509
67
557
352
1099
646
45
1272
72
524
572
47
256
46
1026
86
72
686
113
46
440
740
1279
65
685
811
30
92
112
78
557
49
576
78
37
2939
630
33
706
66
78
18
684
88
n 30 k 6
110
551
1412
10636
10843
52
2409
319
1637
452
3224
272
87
2958
87
4843
3600
10032
1632
69
169
852
258
6933
105
3485
3840
1520
415
1871
874
15638
518
1172
2900
525
167
73
248
101
12712
135
560
394
4866
116
4225
9929
2915
222
105
6243
118
1322
9024
1130
907
16257
7813
13134
222
303
180
362
1741
2628
204
884
857
2221
4724
4259
9294
794
1264
2677
1546
112
18082
1649
133
250
11282
10682
501
75
5807
6269
1833
8147
13378
4991
86
75
1808
92
129
78
3024
1838
n 40 k 6
630
658
834
19501
125
348
21586
566
6024
1914
550
4822
174
98
112
7904
317
6828
667
46898
3645
44265
20889
10662
214
25021
660
4232
17128
793
638
4652
10122
9212
28389
358
12077
2454
3288
515
20711
93
488
261
586
206
696
788
189
614
34829
435
8546
25303
2427
15776
16417
149
4859
4973
2259
690
4912
5507
9878
9268
11286
613
17379
5046
723
8704
468
95
368
179
4236
127
3638
13690
12167
354
175
166
20272
145
251
5426
13740
133
125
8251
19303
140
13010
9766
5957
14790
602
1275
n 50 k 6
553
44413
6933
65478
383
30731
238
21967
826
288
70470
42451
347
410
58772
777
8764
79513
76853
615
143641
57016
279
113139
389
19852
239
1167
689
883
857
15253
843
628
3826
604
662
1140
2717
592
5951
18402
1049
196
35535
186
120
13847
13037
81289
61498
53264
31668
16258
3093
93073
302
97215
1008
243
6666
11540
765
41784
1322
7830
300
21403
382
162
156
8779
24662
89869
10993
252
712
52450
16536
33845
229
587
1053
66273
285
718
415
1241
1000
171
237
630
586
714
17042
521
1088
7342
1009
81759
n 60 k 6
37898
874
166259
1540
60219
15252
24968
404284
24448
183554
21103
151
550
301516
598
58085
774
79189
399977
168431
163271
53430
292184
1068
26269
449
378
249
51769
324
35593
180988
177
742
103176
39526
32509
188717
26391
751
829
96745
521
1018
33977
19053
367
226
24893
901
476744
93249
1328
45678
212
2218
469
123407
35830
1068
169
186553
4771
9111
192244
676
8924
2299
151102
1072
1296
1106
108354
533
160916
79220
595
200743
98335
437
2070
2157
60089
895
134011
20412
741
49201
11215
6141
89033
187503
1895
234053
5768
442
22073
732
184
456
n 70 k 6
846
330
88872
24847
220
294385
446060
2614
2208
1681
754
102757
151505
796
4095
148850
112199
187
2041
3239
234
211873
192144
448230
785
221717
1441
1132
638
1117079
692
856
851
206926
64678
244
836
410513
216
95221
840336
28766
1541
250
179
2691
172908
2252
80652
305097
1784
306812
1095
1094
77887
1537
29621
1667
296670
254
1164
805
2850
951
197339
118903
54714
819
445
23282
381849
2019
484
31121
233
571
152057
2508
85891
190076
908
139684
535375
141258
13308
16136
1027
165728
810
107629
675
239224
953835
16707
1375
2189
250
61117
39278
425345
n 80 k 6
4859
1282
2343
228314
1434581
3686
454973
2766
68757
120708
41771
563396
637
874
155091
328
558450
291247
2088
238518
506357
1927
1963
1104687
313627
1598194
312514
387647
1995
501549
224141
366602
1345
283198
349072
317048
1211
925838
154865
293
2550
798361
1943
115267
926727
222
803
85933
707
1001
648565
1286
2292462
124641
796747
80472
1092024
467778
367160
567095
515956
652215
597726
481424
4398
1622685
349083
201908
312583
162546
1421
116438
148706
336
475377
195078
126012
57745
234
184824
228
587275
102525
916147
489246
295107
1054025
383972
189281
821309
171383
1008
605
289497
2759
1358
2674
700382
4711
746
n 90 k 6
56422
1119774
1720
1019135
812836
383487
7311
941
2599
1279
890
399379
1080
1475
147764
395965
3995
868097
923
159151
4171
649850
1631
711768
174370
1685278
700096
2118
515
1392
1081
670044
904797
230613
2435
148957
3071
2537
324020
1231680
67644
1555
172793
388756
139694
544775
6176
87839
14204
3225
589223
3631
1461
1349
2988
11776
4699796
2707
363180
646646
1486151
1756
1192
1883
1315112
1837
590252
1564424
1529822
1575494
348153
2430
2326
139858
1780
5080933
28037
195991
745390
2217
1227
281456
1463091
1895
3235
4114647
2114
1333452
322
169393
1559017
272178
4215976
2122658
614422
597
6050
431
512
491
n 100 k 6
829787
1269
1906
4347
1518
1824906
1839
2316
1549
3488
619434
1607
2395696
2826771
1027500
1531
2689
437036
1248931
1737983
6915
4425125
803
3456
5690
6386
988
62237
649791
1744
1188070
343312
834
3527106
2804529
959
2463855
2257
1732897
4166
1715539
14858
1119
182318
4006179
96922
338959
1000
3055
912
2256271
1202331
2044
556923
713
1719
1516133
709912
4193328
9335
670558
506
2808146
3932426
598
665108
275488
5914
639682
8617
4476
635364
1228
318217
368868
807468
813
2255
3799
1692
1732115
1791375
1750423
4780
2555979
264453
1931
1579228
2640
500644
3993
10472
1895130
2788
5890
1994841
1479
3483
280268
218652
