n 10000 l 4999 r 1
r 2 i 506423 s 5000 f 1 wf
r 2 i 505587 s 5000 f 1 wf
s 103171 

n 10000 l 4999 r 2
r 2 i 505715 s 5000 f 2
r 2 i 506104 s 5000 f 2
r 2 i 506000 s 5000 f 1 wf
s 111111 

n 10000 l 4999 r 3
s 107433 

n 10000 l 4999 r 4
s 116642 

n 10000 l 4999 r 5
r 2 i 506149 s 5000 f 1 wf
s 91913 

n 10000 l 4999 r 6
s 103876 

n 10000 l 4999 r 7
s 101211 

n 10000 l 4999 r 8
s 105976 

n 10000 l 4999 r 9
s 121114 

n 10000 l 4999 r 10
r 2 i 506051 s 5000 f 1 wf
r 2 i 506035 s 5000 f 1 wf
r 2 i 506166 s 5000 f 2
r 2 i 505547 s 5000 f 1 wf
r 2 i 505905 s 5000 f 1 wf
s 114740 

n 10000 l 4999 r 11
s 99414 

n 10000 l 4999 r 12
r 2 i 506070 s 5000 f 1 wf
r 2 i 508479 s 5000 f 1 wf
r 2 i 505956 s 5000 f 1 wf
r 2 i 505463 s 5000 f 2
s 106878 

n 10000 l 4999 r 13
s 138846 

n 10000 l 4999 r 14
r 2 i 506100 s 5000 f 2
s 111887 

n 10000 l 4999 r 15
r 2 i 506051 s 5000 f 2
r 2 i 506180 s 5000 f 1 wf
r 2 i 506251 s 5000 f 1 wf
s 112567 

n 10000 l 4999 r 16
s 102940 

n 10000 l 4999 r 17
r 2 i 506140 s 5000 f 1 wf
s 93075 

n 10000 l 4999 r 18
r 2 i 505977 s 5000 f 1 wf
r 2 i 505775 s 5000 f 2
s 98706 

n 10000 l 4999 r 19
s 100748 

n 10000 l 4999 r 20
r 2 i 505990 s 5000 f 1 wf
r 2 i 505774 s 5000 f 1 wf
s 132015 

n 10000 l 4999 r 21
s 90044 

n 10000 l 4999 r 22
r 2 i 510110 s 5000 f 2
s 108231 

n 10000 l 4999 r 23
s 91080 

n 10000 l 4999 r 24
r 2 i 505794 s 5000 f 1 wf
s 132106 

n 10000 l 4999 r 25
r 2 i 505887 s 5000 f 1 wf
s 85617 

n 10000 l 4999 r 26
r 2 i 505631 s 5000 f 1 wf
r 2 i 506169 s 5000 f 1 wf
s 103170 

n 10000 l 4999 r 27
s 135152 

n 10000 l 4999 r 28
s 102909 

n 10000 l 4999 r 29
r 2 i 506666 s 5000 f 1 wf
r 2 i 505862 s 5000 f 1 wf
r 2 i 506403 s 5000 f 1 wf
r 2 i 506098 s 5000 f 2
r 2 i 505892 s 5000 f 1 wf
r 2 i 506096 s 5000 f 1 wf
s 99383 

n 10000 l 4999 r 30
r 2 i 505775 s 5000 f 1 wf
r 2 i 505655 s 5000 f 1 wf
s 135036 

n 10000 l 4999 r 31
s 82071 

n 10000 l 4999 r 32
r 2 i 506147 s 5000 f 1 wf
r 2 i 506579 s 5000 f 1 wf
r 2 i 506008 s 5000 f 1 wf
s 105809 

n 10000 l 4999 r 33
s 96647 

n 10000 l 4999 r 34
r 2 i 505693 s 5000 f 1 wf
r 2 i 505745 s 5000 f 1 wf
r 2 i 505731 s 5000 f 1 wf
s 102953 

n 10000 l 4999 r 35
r 2 i 505931 s 5000 f 1 wf
r 2 i 506010 s 5000 f 1 wf
r 2 i 506040 s 5000 f 1 wf
r 2 i 506166 s 5000 f 2
s 86174 

n 10000 l 4999 r 36
s 108596 

n 10000 l 4999 r 37
s 108855 

n 10000 l 4999 r 38
r 2 i 506237 s 5000 f 1 wf
r 2 i 505512 s 5000 f 2
r 2 i 505893 s 5000 f 2
s 88275 

n 10000 l 4999 r 39
s 129576 

n 10000 l 4999 r 40
r 2 i 505618 s 5000 f 1 wf
s 90854 

n 10000 l 4999 r 41
r 2 i 506353 s 5000 f 1 wf
s 79169 

n 10000 l 4999 r 42
r 2 i 506226 s 5000 f 1 wf
r 2 i 507379 s 5000 f 2
s 92185 

n 10000 l 4999 r 43
r 2 i 506192 s 5000 f 1 wf
r 2 i 505899 s 5000 f 1 wf
s 100899 

n 10000 l 4999 r 44
s 83722 

n 10000 l 4999 r 45
r 2 i 506213 s 5000 f 1 wf
s 113523 

n 10000 l 4999 r 46
s 99262 

n 10000 l 4999 r 47
r 2 i 506525 s 5000 f 1 wf
s 96657 

n 10000 l 4999 r 48
r 2 i 506598 s 5000 f 1 wf
s 93268 

n 10000 l 4999 r 49
r 2 i 505743 s 5000 f 1 wf
r 2 i 506137 s 5000 f 1 wf
r 2 i 505825 s 5000 f 1 wf
s 86757 

n 10000 l 4999 r 50
r 2 i 505774 s 5000 f 1 wf
r 2 i 505859 s 5000 f 1 wf
r 2 i 506198 s 5000 f 1 wf
s 105036 

n 10000 l 4999 r 51
r 2 i 506184 s 5000 f 1 wf
s 103208 

n 10000 l 4999 r 52
r 2 i 506791 s 5000 f 1 wf
s 98216 

n 10000 l 4999 r 53
r 2 i 506130 s 5000 f 1 wf
r 2 i 506357 s 5000 f 1 wf
r 2 i 506035 s 5000 f 2
r 2 i 505812 s 5000 f 1 wf
s 97856 

n 10000 l 4999 r 54
r 2 i 505932 s 5000 f 1 wf
s 116834 

n 10000 l 4999 r 55
s 108646 

n 10000 l 4999 r 56
r 2 i 506024 s 5000 f 1 wf
r 2 i 506265 s 5000 f 1 wf
r 2 i 506123 s 5000 f 1 wf
r 2 i 506003 s 5000 f 2
r 2 i 505737 s 5000 f 1 wf
r 2 i 506320 s 5000 f 2
r 2 i 505520 s 5000 f 1 wf
r 2 i 506398 s 5000 f 1 wf
r 2 i 506058 s 5000 f 1 wf
r 2 i 505855 s 5000 f 2
r 2 i 506220 s 5000 f 1 wf
s 129023 

n 10000 l 4999 r 57
s 80057 

n 10000 l 4999 r 58
r 2 i 505804 s 5000 f 1 wf
r 2 i 506107 s 5000 f 1 wf
r 2 i 505906 s 5000 f 1 wf
r 2 i 505998 s 5000 f 1 wf
s 89692 

n 10000 l 4999 r 59
r 2 i 505641 s 5000 f 1 wf
s 92078 

n 10000 l 4999 r 60
r 2 i 506252 s 5000 f 2
s 99297 

n 10000 l 4999 r 61
r 2 i 505728 s 5000 f 1 wf
r 2 i 506356 s 5000 f 1 wf
r 2 i 506393 s 5000 f 2
r 2 i 505903 s 5000 f 1 wf
r 2 i 506142 s 5000 f 2
r 2 i 506747 s 5000 f 1 wf
r 2 i 505579 s 5000 f 1 wf
r 2 i 505991 s 5000 f 1 wf
r 2 i 505955 s 5000 f 1 wf
r 2 i 506538 s 5000 f 1 wf
r 2 i 505732 s 5000 f 1 wf
r 2 i 505937 s 5000 f 1 wf
s 97773 

n 10000 l 4999 r 62
r 2 i 505923 s 5000 f 1 wf
r 2 i 506127 s 5000 f 1 wf
r 2 i 505663 s 5000 f 1 wf
r 2 i 505874 s 5000 f 2
r 2 i 505627 s 5000 f 1 wf
r 2 i 505746 s 5000 f 2
r 2 i 505552 s 5000 f 1 wf
r 2 i 506447 s 5000 f 1 wf
r 2 i 506092 s 5000 f 1 wf
r 2 i 506635 s 5000 f 1 wf
r 2 i 506202 s 5000 f 1 wf
r 2 i 506028 s 5000 f 1 wf
r 2 i 505929 s 5000 f 1 wf
r 2 i 506477 s 5000 f 2
r 2 i 505708 s 5000 f 1 wf
s 110267 

n 10000 l 4999 r 63
r 2 i 506150 s 5000 f 2
r 2 i 506014 s 5000 f 1 wf
r 2 i 506460 s 5000 f 1 wf
r 2 i 505798 s 5000 f 1 wf
r 2 i 505624 s 5000 f 1 wf
r 2 i 506513 s 5000 f 1 wf
r 2 i 506022 s 5000 f 1 wf
r 2 i 505885 s 5000 f 1 wf
r 2 i 505777 s 5000 f 2
r 2 i 505709 s 5000 f 2
s 102291 

n 10000 l 4999 r 64
r 2 i 505887 s 5000 f 1 wf
r 2 i 505927 s 5000 f 1 wf
r 2 i 505800 s 5000 f 1 wf
r 2 i 506373 s 5000 f 1 wf
s 105485 

n 10000 l 4999 r 65
r 2 i 506536 s 5000 f 1 wf
r 2 i 506049 s 5000 f 2
r 2 i 506270 s 5000 f 1 wf
s 100017 

n 10000 l 4999 r 66
s 96737 

n 10000 l 4999 r 67
r 2 i 505562 s 5000 f 1 wf
r 2 i 505935 s 5000 f 1 wf
r 2 i 505575 s 5000 f 2
r 2 i 505549 s 5000 f 1 wf
r 2 i 505852 s 5000 f 2
r 2 i 505662 s 5000 f 1 wf
r 2 i 505843 s 5000 f 1 wf
s 89634 

n 10000 l 4999 r 68
r 2 i 506557 s 5000 f 1 wf
s 124560 

n 10000 l 4999 r 69
s 89635 

n 10000 l 4999 r 70
r 2 i 506020 s 5000 f 2
s 89753 

n 10000 l 4999 r 71
r 2 i 506710 s 5000 f 1 wf
r 2 i 506798 s 5000 f 1 wf
r 2 i 506064 s 5000 f 1 wf
r 2 i 507966 s 5000 f 1 wf
s 93413 

n 10000 l 4999 r 72
s 91402 

n 10000 l 4999 r 73
s 104172 

n 10000 l 4999 r 74
s 87156 

n 10000 l 4999 r 75
s 117496 

n 10000 l 4999 r 76
s 76072 

n 10000 l 4999 r 77
s 96517 

n 10000 l 4999 r 78
r 2 i 505567 s 5000 f 1 wf
r 2 i 506082 s 5000 f 1 wf
s 105509 

n 10000 l 4999 r 79
r 2 i 506082 s 5000 f 1 wf
s 83226 

n 10000 l 4999 r 80
r 2 i 505759 s 5000 f 1 wf
s 124343 

n 10000 l 4999 r 81
r 2 i 505705 s 5000 f 1 wf
r 2 i 505669 s 5000 f 1 wf
s 102429 

n 10000 l 4999 r 82
r 2 i 506475 s 5000 f 2
r 2 i 505886 s 5000 f 1 wf
r 2 i 506092 s 5000 f 2
s 112729 

n 10000 l 4999 r 83
s 102760 

n 10000 l 4999 r 84
r 2 i 506209 s 5000 f 1 wf
r 2 i 506314 s 5000 f 1 wf
r 2 i 506526 s 5000 f 1 wf
s 96191 

n 10000 l 4999 r 85
s 105505 

n 10000 l 4999 r 86
r 2 i 505732 s 5000 f 1 wf
s 102524 

n 10000 l 4999 r 87
r 2 i 506288 s 5000 f 1 wf
s 94414 

n 10000 l 4999 r 88
r 2 i 505934 s 5000 f 1 wf
s 89349 

n 10000 l 4999 r 89
s 88167 

n 10000 l 4999 r 90
r 2 i 505858 s 5000 f 1 wf
r 2 i 505694 s 5000 f 1 wf
r 2 i 506202 s 5000 f 1 wf
s 109316 

n 10000 l 4999 r 91
r 2 i 505857 s 5000 f 1 wf
r 2 i 506093 s 5000 f 1 wf
r 2 i 505985 s 5000 f 1 wf
s 95241 

n 10000 l 4999 r 92
s 91552 

n 10000 l 4999 r 93
s 90392 

n 10000 l 4999 r 94
r 2 i 506453 s 5000 f 1 wf
s 99391 

n 10000 l 4999 r 95
r 2 i 505950 s 5000 f 1 wf
r 2 i 505840 s 5000 f 2
r 2 i 506035 s 5000 f 1 wf
s 126688 

n 10000 l 4999 r 96
s 110515 

n 10000 l 4999 r 97
s 96188 

n 10000 l 4999 r 98
r 2 i 506672 s 5000 f 1 wf
r 2 i 507120 s 5000 f 1 wf
s 82515 

n 10000 l 4999 r 99
s 95786 

n 10000 l 4999 r 100
r 2 i 506332 s 5000 f 1 wf
r 2 i 506308 s 5000 f 1 wf
r 2 i 505920 s 5000 f 1 wf
r 2 i 506154 s 5000 f 1 wf
r 2 i 505716 s 5000 f 1 wf
r 2 i 505891 s 5000 f 1 wf
r 2 i 505588 s 5000 f 1 wf
s 98606 

n 10000 l 4999 r 101
r 2 i 505929 s 5000 f 1 wf
r 2 i 506236 s 5000 f 1 wf
r 2 i 506429 s 5000 f 1 wf
r 2 i 506105 s 5000 f 2
r 2 i 506462 s 5000 f 1 wf
r 2 i 506034 s 5000 f 2
r 2 i 507027 s 5000 f 1 wf
r 2 i 505734 s 5000 f 2
r 2 i 506210 s 5000 f 1 wf
r 2 i 506483 s 5000 f 1 wf
s 101801 

n 10000 l 4999 r 102
s 112315 

n 10000 l 4999 r 103
r 2 i 505924 s 5000 f 1 wf
r 2 i 505910 s 5000 f 1 wf
r 2 i 505971 s 5000 f 1 wf
r 2 i 506250 s 5000 f 2
r 2 i 506018 s 5000 f 1 wf
r 2 i 506312 s 5000 f 1 wf
r 2 i 506264 s 5000 f 1 wf
r 2 i 506252 s 5000 f 2
s 115695 

n 10000 l 4999 r 104
r 2 i 505669 s 5000 f 1 wf
s 95096 

n 10000 l 4999 r 105
r 2 i 506305 s 5000 f 1 wf
s 91241 

n 10000 l 4999 r 106
r 2 i 507786 s 5000 f 2
r 2 i 505313 s 5000 f 1 wf
s 94242 

n 10000 l 4999 r 107
s 93867 

n 10000 l 4999 r 108
s 103982 

n 10000 l 4999 r 109
s 93481 

n 10000 l 4999 r 110
s 92125 

n 10000 l 4999 r 111
s 98142 

n 10000 l 4999 r 112
r 2 i 505693 s 5000 f 2
s 87600 

n 10000 l 4999 r 113
s 116085 

n 10000 l 4999 r 114
r 2 i 507079 s 5000 f 1 wf
r 2 i 529597 s 5000 f 1 wf
r 2 i 506085 s 5000 f 1 wf
r 2 i 505969 s 5000 f 1 wf
r 2 i 513144 s 5000 f 1 wf
r 2 i 505989 s 5000 f 1 wf
s 138516 

n 10000 l 4999 r 115
s 84824 

n 10000 l 4999 r 116
r 2 i 505685 s 5000 f 1 wf
r 2 i 505814 s 5000 f 2
r 2 i 505821 s 5000 f 1 wf
s 86092 

n 10000 l 4999 r 117
s 96446 

n 10000 l 4999 r 118
s 95014 

n 10000 l 4999 r 119
r 2 i 506030 s 5000 f 1 wf
s 114475 

n 10000 l 4999 r 120
s 95603 

n 10000 l 4999 r 121
s 91390 

n 10000 l 4999 r 122
r 2 i 505716 s 5000 f 2
r 2 i 506250 s 5000 f 1 wf
r 2 i 505947 s 5000 f 1 wf
s 81845 

n 10000 l 4999 r 123
r 2 i 506195 s 5000 f 1 wf
s 95740 

n 10000 l 4999 r 124
s 114795 

n 10000 l 4999 r 125
r 2 i 505175 s 5000 f 1 wf
r 2 i 505908 s 5000 f 1 wf
r 2 i 506308 s 5000 f 1 wf
r 2 i 506307 s 5000 f 2
s 120839 

n 10000 l 4999 r 126
r 2 i 505760 s 5000 f 1 wf
s 112973 

n 10000 l 4999 r 127
s 92410 

n 10000 l 4999 r 128
r 2 i 506305 s 5000 f 1 wf
r 2 i 510973 s 5000 f 1 wf
r 2 i 505568 s 5000 f 2
s 99968 

n 10000 l 4999 r 129
s 91718 

n 10000 l 4999 r 130
s 108583 

n 10000 l 4999 r 131
s 93774 

n 10000 l 4999 r 132
s 119120 

n 10000 l 4999 r 133
r 2 i 506183 s 5000 f 1 wf
r 2 i 506288 s 5000 f 1 wf
r 2 i 505806 s 5000 f 1 wf
s 96724 

n 10000 l 4999 r 134
r 2 i 505680 s 5000 f 1 wf
r 2 i 506363 s 5000 f 1 wf
s 98500 

n 10000 l 4999 r 135
r 2 i 505757 s 5000 f 1 wf
r 2 i 506139 s 5000 f 2
r 2 i 506268 s 5000 f 1 wf
r 2 i 506416 s 5000 f 2
s 105995 

n 10000 l 4999 r 136
r 2 i 506514 s 5000 f 1 wf
s 116998 

n 10000 l 4999 r 137
s 84889 

n 10000 l 4999 r 138
s 95262 

n 10000 l 4999 r 139
r 2 i 506246 s 5000 f 1 wf
s 92399 

n 10000 l 4999 r 140
r 2 i 511382 s 5000 f 1 wf
s 103232 

n 10000 l 4999 r 141
r 2 i 505879 s 5000 f 1 wf
r 2 i 506265 s 5000 f 1 wf
s 83269 

n 10000 l 4999 r 142
s 98436 

n 10000 l 4999 r 143
r 2 i 506014 s 5000 f 2
s 103671 

n 10000 l 4999 r 144
s 91366 

n 10000 l 4999 r 145
s 91566 

n 10000 l 4999 r 146
s 79977 

n 10000 l 4999 r 147
s 114712 

n 10000 l 4999 r 148
s 117344 

n 10000 l 4999 r 149
r 2 i 506164 s 5000 f 1 wf
s 90389 

n 10000 l 4999 r 150
r 2 i 506261 s 5000 f 1 wf
r 2 i 505964 s 5000 f 1 wf
s 100596 

n 10000 l 4999 r 151
s 87458 

n 10000 l 4999 r 152
s 89786 

n 10000 l 4999 r 153
s 106016 

n 10000 l 4999 r 154
r 2 i 506056 s 5000 f 1 wf
s 94087 

n 10000 l 4999 r 155
s 95262 

n 10000 l 4999 r 156
s 85313 

n 10000 l 4999 r 157
r 2 i 505475 s 5000 f 1 wf
s 131167 

n 10000 l 4999 r 158
r 2 i 506205 s 5000 f 1 wf
r 2 i 505520 s 5000 f 2
r 2 i 506233 s 5000 f 1 wf
s 93558 

n 10000 l 4999 r 159
r 2 i 506154 s 5000 f 1 wf
r 2 i 507133 s 5000 f 1 wf
r 2 i 506112 s 5000 f 1 wf
s 101046 

n 10000 l 4999 r 160
s 101109 

n 10000 l 4999 r 161
s 103577 

n 10000 l 4999 r 162
s 97723 

n 10000 l 4999 r 163
s 96720 

n 10000 l 4999 r 164
r 2 i 505847 s 5000 f 1 wf
r 2 i 505899 s 5000 f 1 wf
r 2 i 506152 s 5000 f 1 wf
r 2 i 505766 s 5000 f 1 wf
s 115726 

n 10000 l 4999 r 165
s 89163 

n 10000 l 4999 r 166
s 76979 

n 10000 l 4999 r 167
s 92277 

n 10000 l 4999 r 168
r 2 i 507381 s 5000 f 1 wf
s 108278 

n 10000 l 4999 r 169
s 84357 

n 10000 l 4999 r 170
s 100320 

n 10000 l 4999 r 171
s 91852 

n 10000 l 4999 r 172
s 96920 

n 10000 l 4999 r 173
r 2 i 506728 s 5000 f 1 wf
s 93728 

n 10000 l 4999 r 174
r 2 i 506239 s 5000 f 1 wf
r 2 i 505876 s 5000 f 2
s 96181 

n 10000 l 4999 r 175
s 131995 

n 10000 l 4999 r 176
r 2 i 505537 s 5000 f 1 wf
r 2 i 506502 s 5000 f 1 wf
r 2 i 505944 s 5000 f 1 wf
r 2 i 506019 s 5000 f 2
s 97848 

n 10000 l 4999 r 177
r 2 i 505747 s 5000 f 1 wf
r 2 i 505978 s 5000 f 1 wf
r 2 i 506328 s 5000 f 1 wf
s 116307 

n 10000 l 4999 r 178
s 95316 

n 10000 l 4999 r 179
s 95897 

n 10000 l 4999 r 180
s 116439 

n 10000 l 4999 r 181
r 2 i 505639 s 5000 f 1 wf
r 2 i 505804 s 5000 f 1 wf
r 2 i 505741 s 5000 f 1 wf
r 2 i 505456 s 5000 f 1 wf
s 106980 

n 10000 l 4999 r 182
r 2 i 506055 s 5000 f 1 wf
r 2 i 505577 s 5000 f 1 wf
r 2 i 506262 s 5000 f 2
s 100602 

n 10000 l 4999 r 183
s 102503 

n 10000 l 4999 r 184
r 2 i 505965 s 5000 f 1 wf
s 100678 

n 10000 l 4999 r 185
r 2 i 506094 s 5000 f 2
r 2 i 506426 s 5000 f 1 wf
r 2 i 506133 s 5000 f 2
r 2 i 505936 s 5000 f 1 wf
r 2 i 506010 s 5000 f 2
r 2 i 505938 s 5000 f 1 wf
r 2 i 506321 s 5000 f 1 wf
r 2 i 505702 s 5000 f 1 wf
s 112560 

n 10000 l 4999 r 186
r 2 i 505970 s 5000 f 1 wf
r 2 i 506189 s 5000 f 1 wf
r 2 i 506138 s 5000 f 2
s 91269 

n 10000 l 4999 r 187
r 2 i 505917 s 5000 f 1 wf
s 98388 

n 10000 l 4999 r 188
r 2 i 505982 s 5000 f 1 wf
r 2 i 506126 s 5000 f 1 wf
s 97109 

n 10000 l 4999 r 189
s 87855 

n 10000 l 4999 r 190
s 115520 

n 10000 l 4999 r 191
s 104443 

n 10000 l 4999 r 192
r 2 i 505907 s 5000 f 2
s 101573 

n 10000 l 4999 r 193
s 108609 

n 10000 l 4999 r 194
r 2 i 505997 s 5000 f 1 wf
s 88691 

n 10000 l 4999 r 195
r 2 i 506775 s 5000 f 1 wf
r 2 i 505927 s 5000 f 1 wf
s 100629 

n 10000 l 4999 r 196
r 2 i 507508 s 5000 f 1 wf
s 113546 

n 10000 l 4999 r 197
r 2 i 508980 s 5000 f 1 wf
r 2 i 506287 s 5000 f 1 wf
r 2 i 505945 s 5000 f 1 wf
r 2 i 506613 s 5000 f 1 wf
r 2 i 506058 s 5000 f 1 wf
s 109012 

n 10000 l 4999 r 198
s 85014 

n 10000 l 4999 r 199
s 102388 

n 10000 l 4999 r 200
r 2 i 505896 s 5000 f 2
r 2 i 505907 s 5000 f 1 wf
r 2 i 506480 s 5000 f 1 wf
s 112679 

n 10000 l 4999 r 201
r 2 i 505690 s 5000 f 1 wf
r 2 i 505931 s 5000 f 1 wf
r 2 i 506095 s 5000 f 2
r 2 i 507360 s 5000 f 1 wf
r 2 i 506086 s 5000 f 1 wf
s 95194 

n 10000 l 4999 r 202
s 99121 

n 10000 l 4999 r 203
r 2 i 506017 s 5000 f 1 wf
r 2 i 505627 s 5000 f 2
r 2 i 505879 s 5000 f 1 wf
r 2 i 506396 s 5000 f 2
s 104530 

n 10000 l 4999 r 204
r 2 i 505947 s 5000 f 2
s 87149 

n 10000 l 4999 r 205
r 2 i 505666 s 5000 f 1 wf
r 2 i 506768 s 5000 f 1 wf
s 98673 

n 10000 l 4999 r 206
s 97803 

n 10000 l 4999 r 207
r 2 i 505589 s 5000 f 1 wf
r 2 i 505545 s 5000 f 1 wf
s 109340 

n 10000 l 4999 r 208
r 2 i 505699 s 5000 f 1 wf
r 2 i 506000 s 5000 f 1 wf
s 87798 

n 10000 l 4999 r 209
s 78379 

n 10000 l 4999 r 210
s 129025 

n 10000 l 4999 r 211
s 89116 

n 10000 l 4999 r 212
r 2 i 505173 s 5000 f 1 wf
r 2 i 505437 s 5000 f 1 wf
r 2 i 506253 s 5000 f 1 wf
r 2 i 506611 s 5000 f 2
r 2 i 506214 s 5000 f 1 wf
r 2 i 505706 s 5000 f 1 wf
r 2 i 506192 s 5000 f 2
r 2 i 506335 s 5000 f 1 wf
r 2 i 505987 s 5000 f 1 wf
r 2 i 505770 s 5000 f 1 wf
s 103692 

n 10000 l 4999 r 213
r 2 i 506326 s 5000 f 2
s 107164 

n 10000 l 4999 r 214
r 2 i 506137 s 5000 f 1 wf
s 94029 

n 10000 l 4999 r 215
r 2 i 505600 s 5000 f 1 wf
s 101513 

n 10000 l 4999 r 216
s 89997 

n 10000 l 4999 r 217
s 91564 

n 10000 l 4999 r 218
r 2 i 505862 s 5000 f 1 wf
r 2 i 505830 s 5000 f 2
s 103052 

n 10000 l 4999 r 219
r 2 i 505969 s 5000 f 2
r 2 i 505698 s 5000 f 1 wf
r 2 i 506271 s 5000 f 2
r 2 i 505516 s 5000 f 1 wf
r 2 i 505847 s 5000 f 2
r 2 i 505878 s 5000 f 1 wf
r 2 i 506539 s 5000 f 1 wf
s 106108 

n 10000 l 4999 r 220
r 2 i 505832 s 5000 f 1 wf
s 97078 

n 10000 l 4999 r 221
s 92717 

n 10000 l 4999 r 222
s 88118 

n 10000 l 4999 r 223
r 2 i 506515 s 5000 f 1 wf
s 139388 

n 10000 l 4999 r 224
s 99324 

n 10000 l 4999 r 225
s 88328 

n 10000 l 4999 r 226
r 2 i 506008 s 5000 f 1 wf
s 122634 

n 10000 l 4999 r 227
r 2 i 505947 s 5000 f 1 wf
r 2 i 506304 s 5000 f 1 wf
r 2 i 505781 s 5000 f 1 wf
r 2 i 506653 s 5000 f 2
s 90700 

n 10000 l 4999 r 228
r 2 i 506304 s 5000 f 1 wf
r 2 i 506693 s 5000 f 1 wf
r 2 i 506304 s 5000 f 1 wf
s 95288 

n 10000 l 4999 r 229
r 2 i 505947 s 5000 f 2
s 95087 

n 10000 l 4999 r 230
r 2 i 506198 s 5000 f 2
s 103478 

n 10000 l 4999 r 231
s 100130 

n 10000 l 4999 r 232
r 2 i 505948 s 5000 f 2
r 2 i 505765 s 5000 f 1 wf
r 2 i 505708 s 5000 f 2
r 2 i 505731 s 5000 f 2
s 87293 

n 10000 l 4999 r 233
r 2 i 506156 s 5000 f 1 wf
s 108452 

n 10000 l 4999 r 234
s 118183 

n 10000 l 4999 r 235
r 2 i 505956 s 5000 f 1 wf
r 2 i 508216 s 5000 f 1 wf
r 2 i 505642 s 5000 f 2
r 2 i 505886 s 5000 f 1 wf
r 2 i 505717 s 5000 f 1 wf
r 2 i 506361 s 5000 f 2
r 2 i 505558 s 5000 f 2
r 2 i 505927 s 5000 f 1 wf
r 2 i 505772 s 5000 f 1 wf
r 2 i 505641 s 5000 f 1 wf
r 2 i 505942 s 5000 f 2
s 82565 

n 10000 l 4999 r 236
s 104980 

n 10000 l 4999 r 237
s 117770 

n 10000 l 4999 r 238
s 82470 

n 10000 l 4999 r 239
r 2 i 506069 s 5000 f 1 wf
s 116148 

n 10000 l 4999 r 240
r 2 i 506773 s 5000 f 1 wf
s 92095 

n 10000 l 4999 r 241
s 101159 

n 10000 l 4999 r 242
s 100798 

n 10000 l 4999 r 243
s 117067 

n 10000 l 4999 r 244
s 107694 

n 10000 l 4999 r 245
s 93748 

n 10000 l 4999 r 246
r 2 i 505748 s 5000 f 2
s 93929 

n 10000 l 4999 r 247
s 133141 

n 10000 l 4999 r 248
r 2 i 505567 s 5000 f 1 wf
s 86064 

n 10000 l 4999 r 249
s 117196 

n 10000 l 4999 r 250
r 2 i 505989 s 5000 f 1 wf
r 2 i 506237 s 5000 f 1 wf
r 2 i 505973 s 5000 f 1 wf
r 2 i 506361 s 5000 f 1 wf
r 2 i 505890 s 5000 f 1 wf
r 2 i 505735 s 5000 f 1 wf
s 109945 

n 10000 l 4999 r 251
r 2 i 505992 s 5000 f 1 wf
s 96876 

n 10000 l 4999 r 252
r 2 i 506172 s 5000 f 1 wf
r 2 i 505944 s 5000 f 2
r 2 i 516158 s 5000 f 1 wf
r 2 i 505936 s 5000 f 1 wf
r 2 i 506416 s 5000 f 2
r 2 i 506239 s 5000 f 1 wf
r 2 i 506162 s 5000 f 1 wf
s 111134 

n 10000 l 4999 r 253
r 2 i 506034 s 5000 f 1 wf
s 112043 

n 10000 l 4999 r 254
r 2 i 505727 s 5000 f 2
s 97229 

n 10000 l 4999 r 255
r 2 i 506756 s 5000 f 2
r 2 i 505962 s 5000 f 1 wf
s 87089 

n 10000 l 4999 r 256
r 2 i 505996 s 5000 f 1 wf
s 109157 

n 10000 l 4999 r 257
s 90433 

n 10000 l 4999 r 258
r 2 i 505675 s 5000 f 1 wf
r 2 i 506326 s 5000 f 1 wf
s 79235 

n 10000 l 4999 r 259
r 2 i 506197 s 5000 f 2
r 2 i 505352 s 5000 f 1 wf
s 92091 

n 10000 l 4999 r 260
s 81245 

n 10000 l 4999 r 261
s 119612 

n 10000 l 4999 r 262
s 97563 

n 10000 l 4999 r 263
r 2 i 506629 s 5000 f 1 wf
s 115972 

n 10000 l 4999 r 264
s 99442 

n 10000 l 4999 r 265
s 91825 

n 10000 l 4999 r 266
s 91793 

n 10000 l 4999 r 267
s 95862 

n 10000 l 4999 r 268
s 123509 

n 10000 l 4999 r 269
s 94753 

n 10000 l 4999 r 270
s 121120 

n 10000 l 4999 r 271
r 2 i 505817 s 5000 f 1 wf
s 85715 

n 10000 l 4999 r 272
r 2 i 505927 s 5000 f 1 wf
r 2 i 505806 s 5000 f 2
s 122600 

n 10000 l 4999 r 273
s 103204 

n 10000 l 4999 r 274
s 99827 

n 10000 l 4999 r 275
s 98652 

n 10000 l 4999 r 276
r 2 i 505851 s 5000 f 1 wf
r 2 i 506081 s 5000 f 1 wf
r 2 i 505701 s 5000 f 1 wf
s 95976 

n 10000 l 4999 r 277
r 2 i 505527 s 5000 f 1 wf
s 86038 

n 10000 l 4999 r 278
s 102438 

n 10000 l 4999 r 279
r 2 i 506345 s 5000 f 1 wf
r 2 i 506070 s 5000 f 1 wf
r 2 i 505868 s 5000 f 1 wf
r 2 i 506143 s 5000 f 1 wf
s 116593 

n 10000 l 4999 r 280
r 2 i 510709 s 5000 f 1 wf
r 2 i 508455 s 5000 f 2
s 120628 

n 10000 l 4999 r 281
s 114372 

n 10000 l 4999 r 282
s 106009 

n 10000 l 4999 r 283
r 2 i 506012 s 5000 f 1 wf
r 2 i 505581 s 5000 f 1 wf
r 2 i 506119 s 5000 f 2
r 2 i 506252 s 5000 f 1 wf
r 2 i 506096 s 5000 f 2
r 2 i 506214 s 5000 f 1 wf
r 2 i 505677 s 5000 f 1 wf
r 2 i 505988 s 5000 f 1 wf
s 96837 

n 10000 l 4999 r 284
s 97052 

n 10000 l 4999 r 285
r 2 i 506018 s 5000 f 1 wf
s 87312 

n 10000 l 4999 r 286
s 78528 

n 10000 l 4999 r 287
r 2 i 506065 s 5000 f 2
s 88818 

n 10000 l 4999 r 288
r 2 i 506463 s 5000 f 1 wf
r 2 i 506307 s 5000 f 1 wf
r 2 i 506426 s 5000 f 1 wf
r 2 i 505997 s 5000 f 1 wf
r 2 i 506785 s 5000 f 1 wf
s 101484 

n 10000 l 4999 r 289
s 113864 

n 10000 l 4999 r 290
r 2 i 506450 s 5000 f 1 wf
s 123163 

n 10000 l 4999 r 291
r 2 i 505983 s 5000 f 1 wf
r 2 i 506206 s 5000 f 1 wf
s 96322 

n 10000 l 4999 r 292
s 101916 

n 10000 l 4999 r 293
r 2 i 506108 s 5000 f 1 wf
r 2 i 506871 s 5000 f 1 wf
s 90792 

n 10000 l 4999 r 294
r 2 i 506214 s 5000 f 1 wf
s 104631 

n 10000 l 4999 r 295
r 2 i 506337 s 5000 f 1 wf
r 2 i 506070 s 5000 f 1 wf
r 2 i 506415 s 5000 f 1 wf
r 2 i 506376 s 5000 f 1 wf
s 124882 

n 10000 l 4999 r 296
r 2 i 505795 s 5000 f 1 wf
r 2 i 506199 s 5000 f 1 wf
r 2 i 505740 s 5000 f 1 wf
r 2 i 505789 s 5000 f 1 wf
r 2 i 505998 s 5000 f 1 wf
r 2 i 505943 s 5000 f 1 wf
r 2 i 505749 s 5000 f 1 wf
s 97989 

n 10000 l 4999 r 297
r 2 i 505876 s 5000 f 1 wf
s 85442 

n 10000 l 4999 r 298
s 105721 

n 10000 l 4999 r 299
s 106296 

n 10000 l 4999 r 300
s 101118 

n 10000 l 4999 r 301
r 2 i 505821 s 5000 f 2
s 106067 

n 10000 l 4999 r 302
r 2 i 505922 s 5000 f 2
s 116380 

n 10000 l 4999 r 303
r 2 i 506285 s 5000 f 2
r 2 i 505831 s 5000 f 1 wf
s 84823 

n 10000 l 4999 r 304
s 109073 

n 10000 l 4999 r 305
s 100950 

n 10000 l 4999 r 306
s 98805 

n 10000 l 4999 r 307
s 104255 

n 10000 l 4999 r 308
r 2 i 506582 s 5000 f 1 wf
s 132844 

n 10000 l 4999 r 309
r 2 i 505790 s 5000 f 2
r 2 i 506363 s 5000 f 1 wf
s 127557 

n 10000 l 4999 r 310
s 86934 

n 10000 l 4999 r 311
r 2 i 505574 s 5000 f 1 wf
r 2 i 506176 s 5000 f 1 wf
r 2 i 505937 s 5000 f 1 wf
r 2 i 506422 s 5000 f 1 wf
s 95197 

n 10000 l 4999 r 312
r 2 i 505813 s 5000 f 1 wf
s 117837 

n 10000 l 4999 r 313
s 103847 

n 10000 l 4999 r 314
r 2 i 505906 s 5000 f 1 wf
s 115778 

n 10000 l 4999 r 315
s 97382 

n 10000 l 4999 r 316
r 2 i 505750 s 5000 f 1 wf
s 90564 

n 10000 l 4999 r 317
r 2 i 505960 s 5000 f 1 wf
r 2 i 506423 s 5000 f 1 wf
r 2 i 506780 s 5000 f 1 wf
r 2 i 505987 s 5000 f 1 wf
r 2 i 506185 s 5000 f 1 wf
s 103078 

n 10000 l 4999 r 318
s 96206 

n 10000 l 4999 r 319
r 2 i 506394 s 5000 f 1 wf
r 2 i 505847 s 5000 f 1 wf
r 2 i 506420 s 5000 f 2
s 97733 

n 10000 l 4999 r 320
s 115538 

n 10000 l 4999 r 321
r 2 i 506222 s 5000 f 1 wf
s 89602 

n 10000 l 4999 r 322
r 2 i 506671 s 5000 f 1 wf
r 2 i 505789 s 5000 f 1 wf
s 104415 

n 10000 l 4999 r 323
s 98476 

n 10000 l 4999 r 324
s 103577 

n 10000 l 4999 r 325
r 2 i 505719 s 5000 f 1 wf
r 2 i 506208 s 5000 f 1 wf
r 2 i 506430 s 5000 f 2
s 100693 

n 10000 l 4999 r 326
s 100760 

n 10000 l 4999 r 327
r 2 i 506372 s 5000 f 1 wf
s 89793 

n 10000 l 4999 r 328
s 104242 

n 10000 l 4999 r 329
r 2 i 506126 s 5000 f 2
r 2 i 505982 s 5000 f 1 wf
r 2 i 505734 s 5000 f 1 wf
s 93204 

n 10000 l 4999 r 330
r 2 i 506426 s 5000 f 1 wf
r 2 i 505197 s 5000 f 1 wf
r 2 i 505925 s 5000 f 1 wf
s 112167 

n 10000 l 4999 r 331
r 2 i 506349 s 5000 f 1 wf
s 103662 

n 10000 l 4999 r 332
r 2 i 505819 s 5000 f 1 wf
s 87391 

n 10000 l 4999 r 333
r 2 i 506022 s 5000 f 1 wf
r 2 i 506058 s 5000 f 2
r 2 i 505786 s 5000 f 1 wf
r 2 i 505731 s 5000 f 1 wf
r 2 i 505788 s 5000 f 2
r 2 i 508542 s 5000 f 1 wf
s 159481 

n 10000 l 4999 r 334
s 106074 

n 10000 l 4999 r 335
r 2 i 506626 s 5000 f 1 wf
s 89804 

n 10000 l 4999 r 336
r 2 i 506301 s 5000 f 1 wf
r 2 i 510118 s 5000 f 1 wf
r 2 i 505816 s 5000 f 1 wf
r 2 i 509123 s 5000 f 2
r 2 i 505940 s 5000 f 1 wf
r 2 i 507735 s 5000 f 2
s 135102 

n 10000 l 4999 r 337
r 2 i 506512 s 5000 f 2
r 2 i 506213 s 5000 f 1 wf
r 2 i 512570 s 5000 f 2
s 98066 

n 10000 l 4999 r 338
s 92279 

n 10000 l 4999 r 339
r 2 i 505887 s 5000 f 2
r 2 i 506276 s 5000 f 1 wf
r 2 i 506585 s 5000 f 1 wf
r 2 i 506131 s 5000 f 1 wf
r 2 i 506386 s 5000 f 1 wf
s 100509 

n 10000 l 4999 r 340
s 106748 

n 10000 l 4999 r 341
r 2 i 506084 s 5000 f 1 wf
r 2 i 505572 s 5000 f 1 wf
s 105187 

n 10000 l 4999 r 342
r 2 i 506291 s 5000 f 2
r 2 i 506047 s 5000 f 1 wf
s 101806 

n 10000 l 4999 r 343
r 2 i 505889 s 5000 f 1 wf
s 150525 

n 10000 l 4999 r 344
s 108668 

n 10000 l 4999 r 345
r 2 i 506220 s 5000 f 1 wf
r 2 i 505664 s 5000 f 1 wf
r 2 i 505930 s 5000 f 1 wf
s 114430 

n 10000 l 4999 r 346
r 2 i 505998 s 5000 f 1 wf
r 2 i 505381 s 5000 f 1 wf
r 2 i 506184 s 5000 f 1 wf
r 2 i 506618 s 5000 f 2
s 100348 

n 10000 l 4999 r 347
r 2 i 506319 s 5000 f 1 wf
r 2 i 506256 s 5000 f 1 wf
s 109092 

n 10000 l 4999 r 348
r 2 i 506242 s 5000 f 1 wf
r 2 i 505810 s 5000 f 2
s 90446 

n 10000 l 4999 r 349
r 2 i 505643 s 5000 f 1 wf
s 92734 

n 10000 l 4999 r 350
s 102650 

n 10000 l 4999 r 351
r 2 i 506167 s 5000 f 1 wf
r 2 i 505852 s 5000 f 1 wf
r 2 i 505793 s 5000 f 1 wf
r 2 i 505559 s 5000 f 2
s 110660 

n 10000 l 4999 r 352
r 2 i 505505 s 5000 f 1 wf
r 2 i 506073 s 5000 f 1 wf
r 2 i 506034 s 5000 f 1 wf
r 2 i 505608 s 5000 f 1 wf
r 2 i 506084 s 5000 f 2
r 2 i 506071 s 5000 f 1 wf
r 2 i 506334 s 5000 f 1 wf
r 2 i 505943 s 5000 f 1 wf
r 2 i 505786 s 5000 f 1 wf
s 84387 

n 10000 l 4999 r 353
s 85696 

n 10000 l 4999 r 354
r 2 i 506286 s 5000 f 1 wf
r 2 i 506163 s 5000 f 1 wf
s 93333 

n 10000 l 4999 r 355
r 2 i 506907 s 5000 f 1 wf
s 118825 

n 10000 l 4999 r 356
r 2 i 505635 s 5000 f 1 wf
r 2 i 506863 s 5000 f 1 wf
r 2 i 506049 s 5000 f 2
s 129958 

n 10000 l 4999 r 357
r 2 i 506153 s 5000 f 1 wf
r 2 i 505981 s 5000 f 2
s 96654 

n 10000 l 4999 r 358
r 2 i 505946 s 5000 f 2
s 98651 

n 10000 l 4999 r 359
s 88156 

n 10000 l 4999 r 360
r 2 i 505598 s 5000 f 1 wf
s 86702 

n 10000 l 4999 r 361
r 2 i 505514 s 5000 f 2
r 2 i 506108 s 5000 f 1 wf
s 104572 

n 10000 l 4999 r 362
r 2 i 505864 s 5000 f 1 wf
s 113468 

n 10000 l 4999 r 363
r 2 i 505767 s 5000 f 1 wf
r 2 i 506844 s 5000 f 1 wf
r 2 i 505727 s 5000 f 1 wf
r 2 i 506337 s 5000 f 1 wf
r 2 i 506228 s 5000 f 1 wf
r 2 i 505887 s 5000 f 1 wf
s 84212 

n 10000 l 4999 r 364
r 2 i 505788 s 5000 f 1 wf
r 2 i 505629 s 5000 f 1 wf
r 2 i 506253 s 5000 f 1 wf
r 2 i 507641 s 5000 f 1 wf
r 2 i 505840 s 5000 f 1 wf
r 2 i 520319 s 5000 f 1 wf
r 2 i 506277 s 5000 f 2
r 2 i 505376 s 5000 f 1 wf
r 2 i 506028 s 5000 f 1 wf
s 100094 

n 10000 l 4999 r 365
r 2 i 506229 s 5000 f 1 wf
s 93240 

n 10000 l 4999 r 366
s 103817 

n 10000 l 4999 r 367
s 89406 

n 10000 l 4999 r 368
s 91685 

n 10000 l 4999 r 369
r 2 i 506140 s 5000 f 1 wf
r 2 i 506146 s 5000 f 1 wf
r 2 i 506418 s 5000 f 2
r 2 i 506385 s 5000 f 1 wf
r 2 i 505816 s 5000 f 1 wf
r 2 i 506107 s 5000 f 1 wf
r 2 i 506473 s 5000 f 1 wf
s 101869 

n 10000 l 4999 r 370
s 97605 

n 10000 l 4999 r 371
r 2 i 506081 s 5000 f 1 wf
r 2 i 505889 s 5000 f 1 wf
s 98269 

n 10000 l 4999 r 372
r 2 i 506567 s 5000 f 1 wf
r 2 i 505981 s 5000 f 2
s 108590 

n 10000 l 4999 r 373
s 115183 

n 10000 l 4999 r 374
r 2 i 506126 s 5000 f 1 wf
r 2 i 505820 s 5000 f 2
s 99389 

n 10000 l 4999 r 375
r 2 i 506409 s 5000 f 1 wf
r 2 i 506249 s 5000 f 1 wf
r 2 i 505865 s 5000 f 1 wf
s 130939 

n 10000 l 4999 r 376
r 2 i 505735 s 5000 f 1 wf
s 116474 

n 10000 l 4999 r 377
r 2 i 505803 s 5000 f 1 wf
r 2 i 505976 s 5000 f 1 wf
r 2 i 506175 s 5000 f 1 wf
r 2 i 505938 s 5000 f 2
s 105687 

n 10000 l 4999 r 378
r 2 i 505475 s 5000 f 1 wf
r 2 i 506082 s 5000 f 1 wf
r 2 i 506214 s 5000 f 2
r 2 i 505926 s 5000 f 1 wf
r 2 i 505909 s 5000 f 1 wf
r 2 i 505851 s 5000 f 1 wf
s 134945 

n 10000 l 4999 r 379
r 2 i 505604 s 5000 f 1 wf
s 101157 

n 10000 l 4999 r 380
s 101546 

n 10000 l 4999 r 381
r 2 i 506227 s 5000 f 1 wf
r 2 i 505794 s 5000 f 1 wf
s 105170 

n 10000 l 4999 r 382
s 101721 

n 10000 l 4999 r 383
r 2 i 505574 s 5000 f 1 wf
r 2 i 505773 s 5000 f 1 wf
r 2 i 505915 s 5000 f 2
r 2 i 506117 s 5000 f 1 wf
r 2 i 506009 s 5000 f 1 wf
r 2 i 505656 s 5000 f 1 wf
s 109564 

n 10000 l 4999 r 384
r 2 i 506320 s 5000 f 1 wf
r 2 i 506068 s 5000 f 1 wf
r 2 i 505920 s 5000 f 1 wf
r 2 i 505960 s 5000 f 2
r 2 i 505685 s 5000 f 1 wf
s 93603 

n 10000 l 4999 r 385
s 108337 

n 10000 l 4999 r 386
s 77406 

n 10000 l 4999 r 387
r 2 i 506189 s 5000 f 2
s 104316 

n 10000 l 4999 r 388
r 2 i 505808 s 5000 f 1 wf
s 98799 

n 10000 l 4999 r 389
s 104513 

n 10000 l 4999 r 390
r 2 i 505782 s 5000 f 2
s 87612 

n 10000 l 4999 r 391
r 2 i 505445 s 5000 f 1 wf
s 142914 

n 10000 l 4999 r 392
r 2 i 505848 s 5000 f 1 wf
r 2 i 506476 s 5000 f 2
s 85299 

n 10000 l 4999 r 393
r 2 i 505550 s 5000 f 1 wf
r 2 i 505967 s 5000 f 2
s 86501 

n 10000 l 4999 r 394
r 2 i 505911 s 5000 f 1 wf
r 2 i 506396 s 5000 f 1 wf
r 2 i 505888 s 5000 f 1 wf
s 84561 

n 10000 l 4999 r 395
s 96326 

n 10000 l 4999 r 396
r 2 i 505709 s 5000 f 1 wf
r 2 i 505816 s 5000 f 1 wf
r 2 i 505966 s 5000 f 1 wf
s 102886 

n 10000 l 4999 r 397
r 2 i 510762 s 5000 f 1 wf
r 2 i 505623 s 5000 f 1 wf
s 94417 

n 10000 l 4999 r 398
s 102523 

n 10000 l 4999 r 399
r 2 i 505691 s 5000 f 1 wf
s 110415 

n 10000 l 4999 r 400
s 106974 

n 10000 l 4999 r 401
s 94069 

n 10000 l 4999 r 402
s 87426 

n 10000 l 4999 r 403
r 2 i 506347 s 5000 f 1 wf
r 2 i 506442 s 5000 f 1 wf
r 2 i 506051 s 5000 f 1 wf
r 2 i 506516 s 5000 f 1 wf
r 2 i 505988 s 5000 f 1 wf
r 2 i 506037 s 5000 f 2
r 2 i 507175 s 5000 f 1 wf
r 2 i 505696 s 5000 f 1 wf
r 2 i 505897 s 5000 f 1 wf
r 2 i 506282 s 5000 f 1 wf
s 86094 

n 10000 l 4999 r 404
r 2 i 506186 s 5000 f 2
r 2 i 505555 s 5000 f 1 wf
r 2 i 506478 s 5000 f 1 wf
s 131181 

n 10000 l 4999 r 405
r 2 i 505685 s 5000 f 1 wf
s 93592 

n 10000 l 4999 r 406
r 2 i 506034 s 5000 f 1 wf
r 2 i 506257 s 5000 f 1 wf
s 106280 

n 10000 l 4999 r 407
r 2 i 505898 s 5000 f 1 wf
s 101576 

n 10000 l 4999 r 408
s 91716 

n 10000 l 4999 r 409
r 2 i 506026 s 5000 f 1 wf
r 2 i 505755 s 5000 f 2
r 2 i 505492 s 5000 f 1 wf
r 2 i 505953 s 5000 f 1 wf
r 2 i 505779 s 5000 f 1 wf
s 83513 

n 10000 l 4999 r 410
r 2 i 506005 s 5000 f 1 wf
s 104875 

n 10000 l 4999 r 411
s 93697 

n 10000 l 4999 r 412
r 2 i 506081 s 5000 f 1 wf
r 2 i 505397 s 5000 f 1 wf
r 2 i 506689 s 5000 f 1 wf
r 2 i 506003 s 5000 f 1 wf
s 95236 

n 10000 l 4999 r 413
r 2 i 506153 s 5000 f 1 wf
r 2 i 506685 s 5000 f 1 wf
s 112136 

n 10000 l 4999 r 414
s 98064 

n 10000 l 4999 r 415
r 2 i 505632 s 5000 f 2
s 99610 

n 10000 l 4999 r 416
r 2 i 506302 s 5000 f 1 wf
s 122140 

n 10000 l 4999 r 417
r 2 i 505598 s 5000 f 2
r 2 i 505587 s 5000 f 1 wf
s 82335 

n 10000 l 4999 r 418
r 2 i 506258 s 5000 f 1 wf
r 2 i 505488 s 5000 f 1 wf
r 2 i 506043 s 5000 f 1 wf
s 110632 

n 10000 l 4999 r 419
s 101085 

n 10000 l 4999 r 420
s 96842 

n 10000 l 4999 r 421
r 2 i 507019 s 5000 f 2
r 2 i 505865 s 5000 f 2
s 100459 

n 10000 l 4999 r 422
r 2 i 507040 s 5000 f 1 wf
s 101679 

n 10000 l 4999 r 423
r 2 i 505827 s 5000 f 1 wf
r 2 i 506097 s 5000 f 1 wf
s 106783 

n 10000 l 4999 r 424
r 2 i 505875 s 5000 f 1 wf
r 2 i 505721 s 5000 f 1 wf
r 2 i 506151 s 5000 f 2
s 95130 

n 10000 l 4999 r 425
r 2 i 506428 s 5000 f 1 wf
s 92332 

n 10000 l 4999 r 426
r 2 i 506013 s 5000 f 1 wf
s 95914 

n 10000 l 4999 r 427
r 2 i 506145 s 5000 f 2
r 2 i 506488 s 5000 f 2
s 113945 

n 10000 l 4999 r 428
s 105022 

n 10000 l 4999 r 429
s 122307 

n 10000 l 4999 r 430
s 102929 

n 10000 l 4999 r 431
s 92437 

n 10000 l 4999 r 432
s 113272 

n 10000 l 4999 r 433
r 2 i 506862 s 5000 f 2
r 2 i 505600 s 5000 f 2
r 2 i 505777 s 5000 f 1 wf
s 101495 

n 10000 l 4999 r 434
s 92063 

n 10000 l 4999 r 435
s 89612 

n 10000 l 4999 r 436
r 2 i 506254 s 5000 f 1 wf
s 112942 

n 10000 l 4999 r 437
r 2 i 505671 s 5000 f 2
s 121285 

n 10000 l 4999 r 438
s 95708 

n 10000 l 4999 r 439
s 89332 

n 10000 l 4999 r 440
s 106421 

n 10000 l 4999 r 441
s 84666 

n 10000 l 4999 r 442
r 2 i 506129 s 5000 f 1 wf
r 2 i 505943 s 5000 f 1 wf
r 2 i 505934 s 5000 f 1 wf
r 2 i 505568 s 5000 f 1 wf
r 2 i 508587 s 5000 f 2
r 2 i 506216 s 5000 f 1 wf
r 2 i 505648 s 5000 f 1 wf
r 2 i 505886 s 5000 f 1 wf
r 2 i 506342 s 5000 f 2
r 2 i 507044 s 5000 f 2
r 2 i 505464 s 5000 f 1 wf
r 2 i 505654 s 5000 f 1 wf
s 98910 

n 10000 l 4999 r 443
s 108448 

n 10000 l 4999 r 444
s 99020 

n 10000 l 4999 r 445
r 2 i 506454 s 5000 f 1 wf
r 2 i 506138 s 5000 f 1 wf
s 89156 

n 10000 l 4999 r 446
r 2 i 505738 s 5000 f 1 wf
r 2 i 505892 s 5000 f 1 wf
r 2 i 506220 s 5000 f 1 wf
r 2 i 506127 s 5000 f 1 wf
s 108534 

n 10000 l 4999 r 447
r 2 i 505699 s 5000 f 1 wf
r 2 i 506152 s 5000 f 1 wf
r 2 i 506473 s 5000 f 2
r 2 i 505928 s 5000 f 1 wf
r 2 i 505990 s 5000 f 1 wf
r 2 i 505736 s 5000 f 1 wf
r 2 i 506012 s 5000 f 2
r 2 i 506455 s 5000 f 1 wf
r 2 i 506363 s 5000 f 1 wf
r 2 i 506756 s 5000 f 1 wf
s 115895 

n 10000 l 4999 r 448
r 2 i 505818 s 5000 f 1 wf
r 2 i 506307 s 5000 f 1 wf
s 97513 

n 10000 l 4999 r 449
r 2 i 506016 s 5000 f 1 wf
r 2 i 505461 s 5000 f 1 wf
r 2 i 506165 s 5000 f 1 wf
s 123138 

n 10000 l 4999 r 450
r 2 i 505696 s 5000 f 1 wf
s 100392 

n 10000 l 4999 r 451
s 92524 

n 10000 l 4999 r 452
r 2 i 506205 s 5000 f 1 wf
r 2 i 505997 s 5000 f 1 wf
r 2 i 505726 s 5000 f 1 wf
s 100911 

n 10000 l 4999 r 453
r 2 i 505851 s 5000 f 1 wf
s 109389 

n 10000 l 4999 r 454
r 2 i 505707 s 5000 f 1 wf
s 96731 

n 10000 l 4999 r 455
r 2 i 506100 s 5000 f 1 wf
r 2 i 506095 s 5000 f 1 wf
r 2 i 505892 s 5000 f 1 wf
r 2 i 505714 s 5000 f 1 wf
s 93845 

n 10000 l 4999 r 456
r 2 i 505924 s 5000 f 1 wf
r 2 i 506281 s 5000 f 2
r 2 i 505891 s 5000 f 2
r 2 i 506263 s 5000 f 1 wf
r 2 i 506527 s 5000 f 1 wf
r 2 i 506159 s 5000 f 1 wf
r 2 i 505887 s 5000 f 1 wf
r 2 i 506279 s 5000 f 1 wf
r 2 i 505806 s 5000 f 2
s 88763 

n 10000 l 4999 r 457
r 2 i 506048 s 5000 f 1 wf
r 2 i 506054 s 5000 f 1 wf
s 88179 

n 10000 l 4999 r 458
r 2 i 506187 s 5000 f 2
s 99925 

n 10000 l 4999 r 459
r 2 i 506787 s 5000 f 1 wf
r 2 i 506116 s 5000 f 1 wf
r 2 i 506638 s 5000 f 1 wf
r 2 i 506632 s 5000 f 1 wf
r 2 i 505858 s 5000 f 2
s 97297 

n 10000 l 4999 r 460
s 115738 

n 10000 l 4999 r 461
s 118822 

n 10000 l 4999 r 462
r 2 i 505854 s 5000 f 1 wf
r 2 i 506005 s 5000 f 1 wf
s 94950 

n 10000 l 4999 r 463
s 133695 

n 10000 l 4999 r 464
s 100790 

n 10000 l 4999 r 465
s 102341 

n 10000 l 4999 r 466
s 98949 

n 10000 l 4999 r 467
r 2 i 506239 s 5000 f 1 wf
r 2 i 505582 s 5000 f 1 wf
s 84994 

n 10000 l 4999 r 468
r 2 i 505414 s 5000 f 1 wf
r 2 i 506094 s 5000 f 1 wf
r 2 i 506098 s 5000 f 2
r 2 i 505870 s 5000 f 1 wf
r 2 i 506518 s 5000 f 1 wf
s 105691 

n 10000 l 4999 r 469
r 2 i 506219 s 5000 f 1 wf
r 2 i 505530 s 5000 f 2
r 2 i 505746 s 5000 f 1 wf
r 2 i 505944 s 5000 f 1 wf
s 105230 

n 10000 l 4999 r 470
r 2 i 506487 s 5000 f 1 wf
r 2 i 506085 s 5000 f 2
s 118932 

n 10000 l 4999 r 471
s 133935 

n 10000 l 4999 r 472
r 2 i 505779 s 5000 f 1 wf
s 100446 

n 10000 l 4999 r 473
s 92215 

n 10000 l 4999 r 474
s 123777 

n 10000 l 4999 r 475
r 2 i 505898 s 5000 f 1 wf
s 86809 

n 10000 l 4999 r 476
s 94721 

n 10000 l 4999 r 477
s 94736 

n 10000 l 4999 r 478
s 98321 

n 10000 l 4999 r 479
s 90716 

n 10000 l 4999 r 480
s 96282 

n 10000 l 4999 r 481
r 2 i 506317 s 5000 f 2
r 2 i 505998 s 5000 f 1 wf
r 2 i 506707 s 5000 f 1 wf
r 2 i 506428 s 5000 f 1 wf
r 2 i 505541 s 5000 f 1 wf
s 99552 

n 10000 l 4999 r 482
r 2 i 506668 s 5000 f 2
r 2 i 505846 s 5000 f 1 wf
s 90337 

n 10000 l 4999 r 483
r 2 i 505749 s 5000 f 1 wf
r 2 i 505638 s 5000 f 2
r 2 i 506291 s 5000 f 2
r 2 i 506084 s 5000 f 2
s 169698 

n 10000 l 4999 r 484
s 96068 

n 10000 l 4999 r 485
r 2 i 505783 s 5000 f 1 wf
s 85697 

n 10000 l 4999 r 486
r 2 i 505773 s 5000 f 1 wf
r 2 i 505969 s 5000 f 2
r 2 i 505628 s 5000 f 1 wf
r 2 i 506400 s 5000 f 1 wf
s 105583 

n 10000 l 4999 r 487
s 122614 

n 10000 l 4999 r 488
s 93113 

n 10000 l 4999 r 489
r 2 i 506075 s 5000 f 1 wf
s 97445 

n 10000 l 4999 r 490
s 90809 

n 10000 l 4999 r 491
r 2 i 506230 s 5000 f 1 wf
r 2 i 505822 s 5000 f 1 wf
r 2 i 506042 s 5000 f 2
r 2 i 505548 s 5000 f 1 wf
r 2 i 505840 s 5000 f 1 wf
r 2 i 506079 s 5000 f 1 wf
s 115842 

n 10000 l 4999 r 492
r 2 i 505249 s 5000 f 1 wf
r 2 i 506019 s 5000 f 1 wf
r 2 i 507651 s 5000 f 1 wf
r 2 i 506252 s 5000 f 1 wf
r 2 i 506098 s 5000 f 1 wf
r 2 i 506374 s 5000 f 2
r 2 i 506025 s 5000 f 1 wf
r 2 i 505817 s 5000 f 1 wf
r 2 i 506382 s 5000 f 1 wf
r 2 i 505716 s 5000 f 1 wf
s 93896 

n 10000 l 4999 r 493
r 2 i 506640 s 5000 f 1 wf
r 2 i 505980 s 5000 f 2
r 2 i 505693 s 5000 f 1 wf
s 101476 

n 10000 l 4999 r 494
r 2 i 506195 s 5000 f 1 wf
r 2 i 506158 s 5000 f 1 wf
s 111587 

n 10000 l 4999 r 495
s 79869 

n 10000 l 4999 r 496
s 88822 

n 10000 l 4999 r 497
r 2 i 505992 s 5000 f 1 wf
r 2 i 506133 s 5000 f 1 wf
s 94440 

n 10000 l 4999 r 498
r 2 i 505994 s 5000 f 2
s 140808 

n 10000 l 4999 r 499
r 2 i 505791 s 5000 f 1 wf
s 108578 

n 10000 l 4999 r 500
s 106784 

n 10000 l 4999 r 501
s 109945 

n 10000 l 4999 r 502
r 2 i 505757 s 5000 f 1 wf
s 96992 

n 10000 l 4999 r 503
r 2 i 505497 s 5000 f 1 wf
r 2 i 506398 s 5000 f 1 wf
r 2 i 505739 s 5000 f 1 wf
s 96615 

n 10000 l 4999 r 504
r 2 i 506795 s 5000 f 1 wf
r 2 i 506029 s 5000 f 1 wf
s 134684 

n 10000 l 4999 r 505
r 2 i 505962 s 5000 f 1 wf
r 2 i 505571 s 5000 f 1 wf
r 2 i 505857 s 5000 f 1 wf
r 2 i 506217 s 5000 f 1 wf
s 115558 

n 10000 l 4999 r 506
s 116211 

n 10000 l 4999 r 507
r 2 i 505777 s 5000 f 2
r 2 i 505932 s 5000 f 1 wf
s 103607 

n 10000 l 4999 r 508
s 94801 

n 10000 l 4999 r 509
r 2 i 506318 s 5000 f 1 wf
r 2 i 505465 s 5000 f 1 wf
r 2 i 506735 s 5000 f 1 wf
r 2 i 506085 s 5000 f 1 wf
r 2 i 508834 s 5000 f 1 wf
s 102866 

n 10000 l 4999 r 510
r 2 i 505774 s 5000 f 1 wf
r 2 i 506132 s 5000 f 1 wf
s 121971 

n 10000 l 4999 r 511
r 2 i 505456 s 5000 f 2
r 2 i 506138 s 5000 f 2
r 2 i 506244 s 5000 f 1 wf
s 115042 

n 10000 l 4999 r 512
s 81608 

n 10000 l 4999 r 513
s 89620 

n 10000 l 4999 r 514
r 2 i 505639 s 5000 f 2
r 2 i 506659 s 5000 f 1 wf
r 2 i 505975 s 5000 f 2
r 2 i 506236 s 5000 f 1 wf
r 2 i 505344 s 5000 f 1 wf
r 2 i 506004 s 5000 f 2
r 2 i 506017 s 5000 f 1 wf
s 103891 

n 10000 l 4999 r 515
r 2 i 505596 s 5000 f 1 wf
r 2 i 505847 s 5000 f 1 wf
r 2 i 505964 s 5000 f 1 wf
r 2 i 505969 s 5000 f 1 wf
s 106814 

n 10000 l 4999 r 516
s 104330 

n 10000 l 4999 r 517
s 90232 

n 10000 l 4999 r 518
r 2 i 505763 s 5000 f 1 wf
s 99720 

n 10000 l 4999 r 519
s 87856 

n 10000 l 4999 r 520
r 2 i 505976 s 5000 f 1 wf
s 88849 

n 10000 l 4999 r 521
r 2 i 505916 s 5000 f 1 wf
r 2 i 505788 s 5000 f 1 wf
r 2 i 506257 s 5000 f 1 wf
s 85452 

n 10000 l 4999 r 522
s 133145 

n 10000 l 4999 r 523
r 2 i 505882 s 5000 f 1 wf
s 86623 

n 10000 l 4999 r 524
r 2 i 505871 s 5000 f 1 wf
r 2 i 506111 s 5000 f 1 wf
s 104570 

n 10000 l 4999 r 525
s 103818 

n 10000 l 4999 r 526
s 116319 

n 10000 l 4999 r 527
r 2 i 505795 s 5000 f 2
s 110606 

n 10000 l 4999 r 528
r 2 i 506478 s 5000 f 1 wf
r 2 i 506206 s 5000 f 1 wf
r 2 i 506141 s 5000 f 1 wf
r 2 i 506149 s 5000 f 2
s 145534 

n 10000 l 4999 r 529
r 2 i 505798 s 5000 f 1 wf
s 106463 

n 10000 l 4999 r 530
s 110986 

n 10000 l 4999 r 531
s 119861 

n 10000 l 4999 r 532
r 2 i 507816 s 5000 f 1 wf
r 2 i 505976 s 5000 f 1 wf
r 2 i 508696 s 5000 f 2
r 2 i 506095 s 5000 f 1 wf
r 2 i 505395 s 5000 f 1 wf
r 2 i 505951 s 5000 f 1 wf
s 82793 

n 10000 l 4999 r 533
s 91686 

n 10000 l 4999 r 534
r 2 i 506275 s 5000 f 1 wf
s 107389 

n 10000 l 4999 r 535
r 2 i 506573 s 5000 f 1 wf
r 2 i 506031 s 5000 f 1 wf
r 2 i 505933 s 5000 f 1 wf
r 2 i 505980 s 5000 f 1 wf
r 2 i 505720 s 5000 f 1 wf
r 2 i 505684 s 5000 f 1 wf
s 120672 

n 10000 l 4999 r 536
s 99781 

n 10000 l 4999 r 537
r 2 i 506241 s 5000 f 1 wf
r 2 i 505945 s 5000 f 1 wf
s 98728 

n 10000 l 4999 r 538
r 2 i 506016 s 5000 f 1 wf
s 83142 

n 10000 l 4999 r 539
s 89743 

n 10000 l 4999 r 540
r 2 i 506033 s 5000 f 1 wf
s 90617 

n 10000 l 4999 r 541
s 106009 

n 10000 l 4999 r 542
r 2 i 506014 s 5000 f 2
s 102216 

n 10000 l 4999 r 543
r 2 i 508614 s 5000 f 1 wf
s 89532 

n 10000 l 4999 r 544
s 99111 

n 10000 l 4999 r 545
r 2 i 505668 s 5000 f 2
s 80455 

n 10000 l 4999 r 546
r 2 i 506019 s 5000 f 2
r 2 i 506420 s 5000 f 2
s 91487 

n 10000 l 4999 r 547
r 2 i 505927 s 5000 f 1 wf
r 2 i 505989 s 5000 f 1 wf
r 2 i 505999 s 5000 f 2
r 2 i 506249 s 5000 f 1 wf
s 91309 

n 10000 l 4999 r 548
s 96649 

n 10000 l 4999 r 549
r 2 i 505965 s 5000 f 1 wf
r 2 i 506020 s 5000 f 2
r 2 i 506063 s 5000 f 2
s 118060 

n 10000 l 4999 r 550
s 108278 

n 10000 l 4999 r 551
r 2 i 506163 s 5000 f 1 wf
r 2 i 505624 s 5000 f 1 wf
r 2 i 506174 s 5000 f 1 wf
s 109596 

n 10000 l 4999 r 552
r 2 i 507557 s 5000 f 1 wf
r 2 i 505455 s 5000 f 1 wf
r 2 i 506418 s 5000 f 1 wf
r 2 i 505721 s 5000 f 1 wf
r 2 i 505637 s 5000 f 2
s 91595 

n 10000 l 4999 r 553
s 86713 

n 10000 l 4999 r 554
r 2 i 505878 s 5000 f 1 wf
s 100485 

n 10000 l 4999 r 555
s 96448 

n 10000 l 4999 r 556
s 121388 

n 10000 l 4999 r 557
r 2 i 515550 s 5000 f 1 wf
r 2 i 506035 s 5000 f 1 wf
r 2 i 505979 s 5000 f 1 wf
r 2 i 505955 s 5000 f 1 wf
s 80669 

n 10000 l 4999 r 558
r 2 i 505612 s 5000 f 1 wf
r 2 i 505961 s 5000 f 1 wf
s 107388 

n 10000 l 4999 r 559
s 99892 

n 10000 l 4999 r 560
r 2 i 506316 s 5000 f 1 wf
r 2 i 505976 s 5000 f 1 wf
r 2 i 507274 s 5000 f 1 wf
r 2 i 505848 s 5000 f 1 wf
r 2 i 505629 s 5000 f 1 wf
r 2 i 506417 s 5000 f 1 wf
r 2 i 506004 s 5000 f 1 wf
s 120336 

n 10000 l 4999 r 561
s 88255 

n 10000 l 4999 r 562
r 2 i 505473 s 5000 f 2
r 2 i 505959 s 5000 f 2
r 2 i 506100 s 5000 f 1 wf
r 2 i 505761 s 5000 f 1 wf
r 2 i 505880 s 5000 f 2
s 105222 

n 10000 l 4999 r 563
s 90630 

n 10000 l 4999 r 564
r 2 i 506490 s 5000 f 1 wf
s 112523 

n 10000 l 4999 r 565
r 2 i 505983 s 5000 f 2
r 2 i 506073 s 5000 f 1 wf
s 128356 

n 10000 l 4999 r 566
s 90323 

n 10000 l 4999 r 567
r 2 i 506022 s 5000 f 1 wf
s 105283 

n 10000 l 4999 r 568
s 97246 

n 10000 l 4999 r 569
s 93999 

n 10000 l 4999 r 570
s 103017 

n 10000 l 4999 r 571
s 117401 

n 10000 l 4999 r 572
r 2 i 505768 s 5000 f 2
s 95414 

n 10000 l 4999 r 573
r 2 i 505925 s 5000 f 1 wf
r 2 i 506129 s 5000 f 1 wf
r 2 i 506499 s 5000 f 1 wf
r 2 i 505966 s 5000 f 2
r 2 i 506128 s 5000 f 1 wf
s 93975 

n 10000 l 4999 r 574
s 92320 

n 10000 l 4999 r 575
r 2 i 505801 s 5000 f 1 wf
s 102549 

n 10000 l 4999 r 576
r 2 i 505438 s 5000 f 1 wf
s 130246 

n 10000 l 4999 r 577
r 2 i 505469 s 5000 f 2
r 2 i 506126 s 5000 f 2
s 120402 

n 10000 l 4999 r 578
r 2 i 505890 s 5000 f 1 wf
r 2 i 505551 s 5000 f 1 wf
r 2 i 506124 s 5000 f 2
r 2 i 506183 s 5000 f 2
s 98070 

n 10000 l 4999 r 579
r 2 i 505811 s 5000 f 1 wf
r 2 i 506189 s 5000 f 1 wf
s 110122 

n 10000 l 4999 r 580
r 2 i 505900 s 5000 f 1 wf
r 2 i 506194 s 5000 f 2
s 85471 

n 10000 l 4999 r 581
s 100738 

n 10000 l 4999 r 582
s 92993 

n 10000 l 4999 r 583
r 2 i 505799 s 5000 f 1 wf
r 2 i 506283 s 5000 f 1 wf
r 2 i 505980 s 5000 f 1 wf
r 2 i 506113 s 5000 f 1 wf
s 110473 

n 10000 l 4999 r 584
r 2 i 505791 s 5000 f 1 wf
s 108917 

n 10000 l 4999 r 585
s 106984 

n 10000 l 4999 r 586
r 2 i 505916 s 5000 f 1 wf
r 2 i 506104 s 5000 f 1 wf
s 92566 

n 10000 l 4999 r 587
s 111969 

n 10000 l 4999 r 588
s 112443 

n 10000 l 4999 r 589
r 2 i 506259 s 5000 f 1 wf
r 2 i 505494 s 5000 f 1 wf
r 2 i 506407 s 5000 f 1 wf
r 2 i 506239 s 5000 f 2
r 2 i 505832 s 5000 f 1 wf
s 93688 

n 10000 l 4999 r 590
s 106180 

n 10000 l 4999 r 591
r 2 i 506175 s 5000 f 2
r 2 i 506042 s 5000 f 1 wf
s 86129 

n 10000 l 4999 r 592
r 2 i 505961 s 5000 f 1 wf
r 2 i 505919 s 5000 f 1 wf
s 127077 

n 10000 l 4999 r 593
s 136878 

n 10000 l 4999 r 594
r 2 i 505880 s 5000 f 1 wf
s 93040 

n 10000 l 4999 r 595
s 102273 

n 10000 l 4999 r 596
r 2 i 506238 s 5000 f 1 wf
s 88127 

n 10000 l 4999 r 597
s 126776 

n 10000 l 4999 r 598
r 2 i 505865 s 5000 f 1 wf
s 90213 

n 10000 l 4999 r 599
r 2 i 506060 s 5000 f 1 wf
s 88582 

n 10000 l 4999 r 600
s 140547 

n 10000 l 4999 r 601
r 2 i 506241 s 5000 f 1 wf
r 2 i 506080 s 5000 f 2
r 2 i 505622 s 5000 f 1 wf
r 2 i 507469 s 5000 f 1 wf
r 2 i 505872 s 5000 f 1 wf
r 2 i 506020 s 5000 f 2
s 104701 

n 10000 l 4999 r 602
r 2 i 506488 s 5000 f 1 wf
r 2 i 506646 s 5000 f 1 wf
r 2 i 506451 s 5000 f 1 wf
s 105206 

n 10000 l 4999 r 603
r 2 i 506339 s 5000 f 1 wf
s 87054 

n 10000 l 4999 r 604
s 101659 

n 10000 l 4999 r 605
r 2 i 505646 s 5000 f 1 wf
s 99261 

n 10000 l 4999 r 606
s 120392 

n 10000 l 4999 r 607
s 104179 

n 10000 l 4999 r 608
s 96952 

n 10000 l 4999 r 609
r 2 i 506068 s 5000 f 1 wf
r 2 i 506179 s 5000 f 1 wf
s 104412 

n 10000 l 4999 r 610
r 2 i 505823 s 5000 f 2
r 2 i 506184 s 5000 f 1 wf
s 100348 

n 10000 l 4999 r 611
r 2 i 506582 s 5000 f 1 wf
r 2 i 506195 s 5000 f 1 wf
s 107689 

n 10000 l 4999 r 612
s 108734 

n 10000 l 4999 r 613
s 107072 

n 10000 l 4999 r 614
s 99019 

n 10000 l 4999 r 615
s 91035 

n 10000 l 4999 r 616
r 2 i 505838 s 5000 f 1 wf
s 127571 

n 10000 l 4999 r 617
s 102872 

n 10000 l 4999 r 618
r 2 i 505913 s 5000 f 2
r 2 i 505773 s 5000 f 1 wf
r 2 i 506009 s 5000 f 1 wf
r 2 i 506240 s 5000 f 1 wf
r 2 i 505839 s 5000 f 1 wf
s 91699 

n 10000 l 4999 r 619
r 2 i 505994 s 5000 f 1 wf
r 2 i 506161 s 5000 f 2
s 111644 

n 10000 l 4999 r 620
r 2 i 506138 s 5000 f 2
r 2 i 506085 s 5000 f 1 wf
r 2 i 505682 s 5000 f 1 wf
r 2 i 505476 s 5000 f 1 wf
r 2 i 505949 s 5000 f 2
r 2 i 506199 s 5000 f 1 wf
s 106150 

n 10000 l 4999 r 621
s 110429 

n 10000 l 4999 r 622
r 2 i 506215 s 5000 f 1 wf
r 2 i 506057 s 5000 f 2
s 83794 

n 10000 l 4999 r 623
r 2 i 506276 s 5000 f 2
s 93462 

n 10000 l 4999 r 624
s 130544 

n 10000 l 4999 r 625
r 2 i 505832 s 5000 f 1 wf
r 2 i 505703 s 5000 f 2
s 103480 

n 10000 l 4999 r 626
r 2 i 505840 s 5000 f 1 wf
r 2 i 505717 s 5000 f 1 wf
s 114223 

n 10000 l 4999 r 627
r 2 i 505512 s 5000 f 2
s 96899 

n 10000 l 4999 r 628
s 102981 

n 10000 l 4999 r 629
r 2 i 505780 s 5000 f 2
s 93750 

n 10000 l 4999 r 630
r 2 i 506202 s 5000 f 1 wf
s 98762 

n 10000 l 4999 r 631
r 2 i 505890 s 5000 f 1 wf
s 88314 

n 10000 l 4999 r 632
r 2 i 506114 s 5000 f 2
r 2 i 506286 s 5000 f 1 wf
r 2 i 506054 s 5000 f 2
r 2 i 505979 s 5000 f 1 wf
s 96936 

n 10000 l 4999 r 633
s 94654 

n 10000 l 4999 r 634
r 2 i 505734 s 5000 f 1 wf
s 94751 

n 10000 l 4999 r 635
s 87701 

n 10000 l 4999 r 636
s 100051 

n 10000 l 4999 r 637
s 100435 

n 10000 l 4999 r 638
r 2 i 505986 s 5000 f 2
r 2 i 505518 s 5000 f 1 wf
r 2 i 514605 s 5000 f 1 wf
r 2 i 507738 s 5000 f 2
s 90728 

n 10000 l 4999 r 639
r 2 i 505626 s 5000 f 1 wf
r 2 i 505738 s 5000 f 1 wf
r 2 i 506022 s 5000 f 1 wf
r 2 i 506014 s 5000 f 1 wf
s 114039 

n 10000 l 4999 r 640
r 2 i 506185 s 5000 f 2
s 82373 

n 10000 l 4999 r 641
r 2 i 506282 s 5000 f 1 wf
r 2 i 505739 s 5000 f 1 wf
r 2 i 506087 s 5000 f 1 wf
r 2 i 505771 s 5000 f 2
r 2 i 505990 s 5000 f 1 wf
s 90058 

n 10000 l 4999 r 642
r 2 i 506177 s 5000 f 1 wf
s 102614 

n 10000 l 4999 r 643
r 2 i 505737 s 5000 f 1 wf
s 137407 

n 10000 l 4999 r 644
r 2 i 506053 s 5000 f 1 wf
s 115299 

n 10000 l 4999 r 645
r 2 i 506125 s 5000 f 1 wf
s 98134 

n 10000 l 4999 r 646
r 2 i 506088 s 5000 f 1 wf
r 2 i 505653 s 5000 f 1 wf
s 97651 

n 10000 l 4999 r 647
s 94309 

n 10000 l 4999 r 648
s 108888 

n 10000 l 4999 r 649
r 2 i 507859 s 5000 f 1 wf
r 2 i 506450 s 5000 f 1 wf
r 2 i 507582 s 5000 f 2
r 2 i 506045 s 5000 f 2
s 108371 

n 10000 l 4999 r 650
s 99085 

n 10000 l 4999 r 651
r 2 i 506142 s 5000 f 1 wf
s 98832 

n 10000 l 4999 r 652
s 103765 

n 10000 l 4999 r 653
r 2 i 505882 s 5000 f 1 wf
r 2 i 505923 s 5000 f 2
s 105256 

n 10000 l 4999 r 654
r 2 i 505769 s 5000 f 1 wf
s 96394 

n 10000 l 4999 r 655
r 2 i 505520 s 5000 f 2
r 2 i 506259 s 5000 f 2
r 2 i 506182 s 5000 f 1 wf
r 2 i 506149 s 5000 f 1 wf
r 2 i 506195 s 5000 f 1 wf
s 111813 

n 10000 l 4999 r 656
r 2 i 505897 s 5000 f 1 wf
r 2 i 505507 s 5000 f 1 wf
r 2 i 505868 s 5000 f 1 wf
s 148477 

n 10000 l 4999 r 657
s 105243 

n 10000 l 4999 r 658
s 99977 

n 10000 l 4999 r 659
r 2 i 506176 s 5000 f 1 wf
r 2 i 506019 s 5000 f 1 wf
r 2 i 505868 s 5000 f 1 wf
s 97449 

n 10000 l 4999 r 660
r 2 i 506177 s 5000 f 1 wf
s 85910 

n 10000 l 4999 r 661
r 2 i 505907 s 5000 f 1 wf
s 105632 

n 10000 l 4999 r 662
s 108190 

n 10000 l 4999 r 663
r 2 i 505945 s 5000 f 1 wf
r 2 i 505766 s 5000 f 1 wf
r 2 i 506131 s 5000 f 1 wf
r 2 i 505765 s 5000 f 1 wf
r 2 i 506175 s 5000 f 1 wf
s 108647 

n 10000 l 4999 r 664
r 2 i 506052 s 5000 f 1 wf
s 90527 

n 10000 l 4999 r 665
r 2 i 508833 s 5000 f 1 wf
r 2 i 505695 s 5000 f 2
r 2 i 505712 s 5000 f 1 wf
s 111564 

n 10000 l 4999 r 666
s 102849 

n 10000 l 4999 r 667
r 2 i 506002 s 5000 f 1 wf
r 2 i 505803 s 5000 f 1 wf
s 90109 

n 10000 l 4999 r 668
r 2 i 506160 s 5000 f 1 wf
r 2 i 506010 s 5000 f 2
s 86848 

n 10000 l 4999 r 669
r 2 i 506173 s 5000 f 1 wf
r 2 i 505769 s 5000 f 1 wf
r 2 i 506261 s 5000 f 1 wf
r 2 i 506083 s 5000 f 1 wf
r 2 i 505609 s 5000 f 1 wf
s 91366 

n 10000 l 4999 r 670
s 86617 

n 10000 l 4999 r 671
r 2 i 506466 s 5000 f 1 wf
r 2 i 506448 s 5000 f 1 wf
r 2 i 506224 s 5000 f 1 wf
r 2 i 506138 s 5000 f 2
s 108858 

n 10000 l 4999 r 672
r 2 i 506505 s 5000 f 1 wf
r 2 i 505840 s 5000 f 1 wf
s 93985 

n 10000 l 4999 r 673
r 2 i 505829 s 5000 f 1 wf
r 2 i 505980 s 5000 f 1 wf
r 2 i 506067 s 5000 f 1 wf
s 108749 

n 10000 l 4999 r 674
r 2 i 506195 s 5000 f 1 wf
s 108016 

n 10000 l 4999 r 675
s 122532 

n 10000 l 4999 r 676
s 91872 

n 10000 l 4999 r 677
r 2 i 506117 s 5000 f 1 wf
r 2 i 505648 s 5000 f 1 wf
s 109984 

n 10000 l 4999 r 678
r 2 i 506495 s 5000 f 2
r 2 i 506101 s 5000 f 1 wf
r 2 i 506014 s 5000 f 1 wf
s 92665 

n 10000 l 4999 r 679
s 94864 

n 10000 l 4999 r 680
s 100769 

n 10000 l 4999 r 681
r 2 i 506503 s 5000 f 2
r 2 i 505954 s 5000 f 1 wf
r 2 i 505631 s 5000 f 1 wf
r 2 i 505948 s 5000 f 1 wf
r 2 i 506631 s 5000 f 1 wf
r 2 i 505891 s 5000 f 1 wf
s 121472 

n 10000 l 4999 r 682
r 2 i 505973 s 5000 f 1 wf
s 125254 

n 10000 l 4999 r 683
r 2 i 506052 s 5000 f 1 wf
r 2 i 505770 s 5000 f 2
r 2 i 505983 s 5000 f 1 wf
r 2 i 506100 s 5000 f 1 wf
r 2 i 509104 s 5000 f 1 wf
r 2 i 505792 s 5000 f 1 wf
r 2 i 506157 s 5000 f 1 wf
s 100049 

n 10000 l 4999 r 684
r 2 i 505886 s 5000 f 1 wf
r 2 i 505813 s 5000 f 1 wf
s 101756 

n 10000 l 4999 r 685
r 2 i 506077 s 5000 f 2
r 2 i 506194 s 5000 f 1 wf
r 2 i 506004 s 5000 f 2
r 2 i 505891 s 5000 f 1 wf
s 121272 

n 10000 l 4999 r 686
s 116671 

n 10000 l 4999 r 687
r 2 i 506895 s 5000 f 1 wf
r 2 i 505084 s 5000 f 1 wf
r 2 i 506038 s 5000 f 1 wf
r 2 i 505999 s 5000 f 1 wf
s 93176 

n 10000 l 4999 r 688
r 2 i 505839 s 5000 f 2
r 2 i 506033 s 5000 f 1 wf
r 2 i 505576 s 5000 f 1 wf
r 2 i 506127 s 5000 f 1 wf
r 2 i 505927 s 5000 f 1 wf
r 2 i 506069 s 5000 f 1 wf
s 89086 

n 10000 l 4999 r 689
r 2 i 506530 s 5000 f 1 wf
s 95561 

n 10000 l 4999 r 690
r 2 i 505822 s 5000 f 1 wf
s 112212 

n 10000 l 4999 r 691
r 2 i 506262 s 5000 f 1 wf
r 2 i 505707 s 5000 f 1 wf
r 2 i 506447 s 5000 f 1 wf
s 81641 

n 10000 l 4999 r 692
r 2 i 505827 s 5000 f 1 wf
r 2 i 505884 s 5000 f 1 wf
r 2 i 505903 s 5000 f 1 wf
r 2 i 506005 s 5000 f 1 wf
r 2 i 506068 s 5000 f 2
r 2 i 506027 s 5000 f 1 wf
s 99068 

n 10000 l 4999 r 693
s 96917 

n 10000 l 4999 r 694
r 2 i 506027 s 5000 f 1 wf
r 2 i 506004 s 5000 f 2
r 2 i 505623 s 5000 f 2
r 2 i 505588 s 5000 f 1 wf
s 117437 

n 10000 l 4999 r 695
s 99836 

n 10000 l 4999 r 696
s 115395 

n 10000 l 4999 r 697
s 103149 

n 10000 l 4999 r 698
r 2 i 506132 s 5000 f 1 wf
r 2 i 506743 s 5000 f 1 wf
r 2 i 505429 s 5000 f 2
r 2 i 505997 s 5000 f 2
r 2 i 505929 s 5000 f 1 wf
r 2 i 505731 s 5000 f 2
r 2 i 505807 s 5000 f 2
r 2 i 505817 s 5000 f 2
s 89752 

n 10000 l 4999 r 699
r 2 i 506523 s 5000 f 1 wf
s 108086 

n 10000 l 4999 r 700
r 2 i 505993 s 5000 f 1 wf
r 2 i 505823 s 5000 f 1 wf
r 2 i 506162 s 5000 f 1 wf
r 2 i 506101 s 5000 f 1 wf
s 90898 

n 10000 l 4999 r 701
r 2 i 505680 s 5000 f 1 wf
s 104084 

n 10000 l 4999 r 702
r 2 i 506365 s 5000 f 1 wf
r 2 i 505982 s 5000 f 1 wf
r 2 i 505780 s 5000 f 1 wf
s 95433 

n 10000 l 4999 r 703
s 105193 

n 10000 l 4999 r 704
r 2 i 505570 s 5000 f 1 wf
r 2 i 505768 s 5000 f 1 wf
r 2 i 506367 s 5000 f 1 wf
s 99438 

n 10000 l 4999 r 705
s 91076 

n 10000 l 4999 r 706
r 2 i 505645 s 5000 f 1 wf
s 95058 

n 10000 l 4999 r 707
s 103821 

n 10000 l 4999 r 708
r 2 i 505440 s 5000 f 1 wf
r 2 i 506128 s 5000 f 1 wf
s 89693 

n 10000 l 4999 r 709
s 89028 

n 10000 l 4999 r 710
r 2 i 505717 s 5000 f 1 wf
r 2 i 506085 s 5000 f 1 wf
r 2 i 506592 s 5000 f 1 wf
r 2 i 505975 s 5000 f 1 wf
r 2 i 506090 s 5000 f 1 wf
r 2 i 506741 s 5000 f 1 wf
r 2 i 505523 s 5000 f 1 wf
r 2 i 506503 s 5000 f 1 wf
s 95915 

n 10000 l 4999 r 711
r 2 i 506224 s 5000 f 1 wf
r 2 i 509313 s 5000 f 2
r 2 i 506248 s 5000 f 1 wf
r 2 i 506163 s 5000 f 1 wf
r 2 i 506109 s 5000 f 1 wf
r 2 i 506093 s 5000 f 2
r 2 i 505834 s 5000 f 1 wf
s 97311 

n 10000 l 4999 r 712
s 81746 

n 10000 l 4999 r 713
r 2 i 506140 s 5000 f 1 wf
s 91453 

n 10000 l 4999 r 714
s 90576 

n 10000 l 4999 r 715
r 2 i 505758 s 5000 f 1 wf
r 2 i 505658 s 5000 f 2
r 2 i 505387 s 5000 f 1 wf
s 90595 

n 10000 l 4999 r 716
r 2 i 506051 s 5000 f 1 wf
r 2 i 506125 s 5000 f 1 wf
s 119471 

n 10000 l 4999 r 717
r 2 i 505679 s 5000 f 1 wf
s 95646 

n 10000 l 4999 r 718
s 94131 

n 10000 l 4999 r 719
r 2 i 509295 s 5000 f 1 wf
s 97743 

n 10000 l 4999 r 720
s 108185 

n 10000 l 4999 r 721
r 2 i 505661 s 5000 f 2
r 2 i 505940 s 5000 f 2
r 2 i 506648 s 5000 f 1 wf
r 2 i 505703 s 5000 f 1 wf
s 90114 

n 10000 l 4999 r 722
s 110116 

n 10000 l 4999 r 723
s 96018 

n 10000 l 4999 r 724
r 2 i 505769 s 5000 f 1 wf
r 2 i 505411 s 5000 f 1 wf
s 120322 

n 10000 l 4999 r 725
s 89598 

n 10000 l 4999 r 726
s 98288 

n 10000 l 4999 r 727
s 139462 

n 10000 l 4999 r 728
r 2 i 506602 s 5000 f 1 wf
s 110725 

n 10000 l 4999 r 729
s 105887 

n 10000 l 4999 r 730
s 146162 

n 10000 l 4999 r 731
r 2 i 506300 s 5000 f 1 wf
s 131134 

n 10000 l 4999 r 732
r 2 i 506237 s 5000 f 1 wf
s 94186 

n 10000 l 4999 r 733
s 92761 

n 10000 l 4999 r 734
r 2 i 505641 s 5000 f 1 wf
s 104406 

n 10000 l 4999 r 735
r 2 i 506361 s 5000 f 2
r 2 i 506462 s 5000 f 2
r 2 i 505734 s 5000 f 1 wf
r 2 i 505988 s 5000 f 1 wf
s 116198 

n 10000 l 4999 r 736
r 2 i 509915 s 5000 f 1 wf
r 2 i 505873 s 5000 f 1 wf
s 96405 

n 10000 l 4999 r 737
r 2 i 505531 s 5000 f 2
r 2 i 506062 s 5000 f 1 wf
s 117262 

n 10000 l 4999 r 738
s 89623 

n 10000 l 4999 r 739
r 2 i 505831 s 5000 f 2
r 2 i 505868 s 5000 f 1 wf
r 2 i 506117 s 5000 f 2
s 109022 

n 10000 l 4999 r 740
s 97208 

n 10000 l 4999 r 741
s 98724 

n 10000 l 4999 r 742
s 95362 

n 10000 l 4999 r 743
r 2 i 505922 s 5000 f 2
s 96013 

n 10000 l 4999 r 744
r 2 i 505864 s 5000 f 2
s 102608 

n 10000 l 4999 r 745
s 82291 

n 10000 l 4999 r 746
r 2 i 505632 s 5000 f 1 wf
s 88363 

n 10000 l 4999 r 747
r 2 i 506005 s 5000 f 2
s 100213 

n 10000 l 4999 r 748
r 2 i 505585 s 5000 f 1 wf
r 2 i 505976 s 5000 f 1 wf
r 2 i 506919 s 5000 f 1 wf
r 2 i 506186 s 5000 f 1 wf
r 2 i 506139 s 5000 f 2
s 102110 

n 10000 l 4999 r 749
r 2 i 505740 s 5000 f 1 wf
s 90796 

n 10000 l 4999 r 750
r 2 i 506145 s 5000 f 1 wf
s 87595 

n 10000 l 4999 r 751
r 2 i 505674 s 5000 f 1 wf
s 89698 

n 10000 l 4999 r 752
s 93381 

n 10000 l 4999 r 753
r 2 i 505990 s 5000 f 1 wf
r 2 i 505851 s 5000 f 1 wf
r 2 i 505428 s 5000 f 1 wf
r 2 i 506318 s 5000 f 1 wf
s 104947 

n 10000 l 4999 r 754
r 2 i 505593 s 5000 f 2
r 2 i 505341 s 5000 f 2
r 2 i 505568 s 5000 f 1 wf
s 86406 

n 10000 l 4999 r 755
r 2 i 506253 s 5000 f 2
r 2 i 505735 s 5000 f 1 wf
s 88313 

n 10000 l 4999 r 756
r 2 i 506270 s 5000 f 1 wf
r 2 i 505900 s 5000 f 1 wf
s 144777 

n 10000 l 4999 r 757
s 92964 

n 10000 l 4999 r 758
s 103347 

n 10000 l 4999 r 759
r 2 i 505827 s 5000 f 1 wf
r 2 i 506000 s 5000 f 1 wf
r 2 i 506081 s 5000 f 2
r 2 i 505812 s 5000 f 2
r 2 i 506163 s 5000 f 1 wf
r 2 i 506008 s 5000 f 1 wf
r 2 i 505739 s 5000 f 1 wf
r 2 i 506102 s 5000 f 1 wf
s 93920 

n 10000 l 4999 r 760
s 82457 

n 10000 l 4999 r 761
r 2 i 505809 s 5000 f 1 wf
s 93515 

n 10000 l 4999 r 762
r 2 i 505947 s 5000 f 1 wf
r 2 i 506405 s 5000 f 1 wf
r 2 i 505553 s 5000 f 2
s 93590 

n 10000 l 4999 r 763
r 2 i 505750 s 5000 f 1 wf
r 2 i 505887 s 5000 f 1 wf
r 2 i 505741 s 5000 f 1 wf
r 2 i 506028 s 5000 f 1 wf
s 105288 

n 10000 l 4999 r 764
s 96930 

n 10000 l 4999 r 765
r 2 i 505946 s 5000 f 1 wf
r 2 i 506183 s 5000 f 1 wf
s 124062 

n 10000 l 4999 r 766
r 2 i 506069 s 5000 f 1 wf
r 2 i 505639 s 5000 f 1 wf
s 101390 

n 10000 l 4999 r 767
s 106823 

n 10000 l 4999 r 768
r 2 i 506282 s 5000 f 1 wf
s 86614 

n 10000 l 4999 r 769
s 133937 

n 10000 l 4999 r 770
r 2 i 509636 s 5000 f 1 wf
s 100287 

n 10000 l 4999 r 771
s 98842 

n 10000 l 4999 r 772
s 93204 

n 10000 l 4999 r 773
r 2 i 506231 s 5000 f 1 wf
s 85998 

n 10000 l 4999 r 774
r 2 i 506323 s 5000 f 1 wf
s 118191 

n 10000 l 4999 r 775
r 2 i 505960 s 5000 f 2
s 115407 

n 10000 l 4999 r 776
r 2 i 506236 s 5000 f 1 wf
r 2 i 505831 s 5000 f 1 wf
s 99141 

n 10000 l 4999 r 777
s 92578 

n 10000 l 4999 r 778
r 2 i 506097 s 5000 f 1 wf
s 93668 

n 10000 l 4999 r 779
s 103530 

n 10000 l 4999 r 780
r 2 i 506153 s 5000 f 1 wf
r 2 i 505938 s 5000 f 1 wf
s 102656 

n 10000 l 4999 r 781
s 102263 

n 10000 l 4999 r 782
r 2 i 505797 s 5000 f 1 wf
s 91294 

n 10000 l 4999 r 783
r 2 i 506262 s 5000 f 1 wf
r 2 i 506163 s 5000 f 1 wf
r 2 i 505746 s 5000 f 1 wf
r 2 i 506111 s 5000 f 1 wf
s 107529 

n 10000 l 4999 r 784
s 92349 

n 10000 l 4999 r 785
s 99760 

n 10000 l 4999 r 786
r 2 i 505309 s 5000 f 1 wf
r 2 i 505919 s 5000 f 1 wf
r 2 i 506193 s 5000 f 1 wf
r 2 i 505862 s 5000 f 1 wf
r 2 i 506208 s 5000 f 1 wf
r 2 i 506765 s 5000 f 1 wf
s 102634 

n 10000 l 4999 r 787
s 115979 

n 10000 l 4999 r 788
r 2 i 505702 s 5000 f 1 wf
r 2 i 505990 s 5000 f 1 wf
s 102195 

n 10000 l 4999 r 789
s 91903 

n 10000 l 4999 r 790
r 2 i 505717 s 5000 f 2
r 2 i 506125 s 5000 f 2
s 100072 

n 10000 l 4999 r 791
r 2 i 506771 s 5000 f 1 wf
r 2 i 506115 s 5000 f 1 wf
s 103999 

n 10000 l 4999 r 792
s 96163 

n 10000 l 4999 r 793
r 2 i 506104 s 5000 f 1 wf
r 2 i 505884 s 5000 f 1 wf
s 102786 

n 10000 l 4999 r 794
s 102514 

n 10000 l 4999 r 795
r 2 i 505613 s 5000 f 2
s 103244 

n 10000 l 4999 r 796
r 2 i 506158 s 5000 f 1 wf
s 101212 

n 10000 l 4999 r 797
s 117721 

n 10000 l 4999 r 798
s 103222 

n 10000 l 4999 r 799
r 2 i 505582 s 5000 f 1 wf
r 2 i 506097 s 5000 f 1 wf
s 110287 

n 10000 l 4999 r 800
r 2 i 506190 s 5000 f 1 wf
s 119995 

n 10000 l 4999 r 801
r 2 i 505860 s 5000 f 1 wf
r 2 i 505901 s 5000 f 1 wf
r 2 i 505796 s 5000 f 2
r 2 i 506536 s 5000 f 1 wf
r 2 i 506091 s 5000 f 2
r 2 i 505991 s 5000 f 1 wf
r 2 i 505653 s 5000 f 1 wf
r 2 i 505703 s 5000 f 1 wf
r 2 i 505770 s 5000 f 1 wf
r 2 i 505961 s 5000 f 2
r 2 i 512328 s 5000 f 1 wf
s 86020 

n 10000 l 4999 r 802
s 108819 

n 10000 l 4999 r 803
r 2 i 505731 s 5000 f 1 wf
s 97287 

n 10000 l 4999 r 804
r 2 i 505963 s 5000 f 2
s 99727 

n 10000 l 4999 r 805
r 2 i 506390 s 5000 f 1 wf
s 106715 

n 10000 l 4999 r 806
s 101298 

n 10000 l 4999 r 807
r 2 i 506058 s 5000 f 1 wf
r 2 i 505727 s 5000 f 1 wf
s 103066 

n 10000 l 4999 r 808
r 2 i 506196 s 5000 f 1 wf
r 2 i 506153 s 5000 f 2
s 95844 

n 10000 l 4999 r 809
r 2 i 506038 s 5000 f 1 wf
s 96309 

n 10000 l 4999 r 810
r 2 i 505883 s 5000 f 1 wf
s 96876 

n 10000 l 4999 r 811
r 2 i 506176 s 5000 f 1 wf
r 2 i 522065 s 5000 f 1 wf
s 94191 

n 10000 l 4999 r 812
s 92470 

n 10000 l 4999 r 813
s 84157 

n 10000 l 4999 r 814
r 2 i 505997 s 5000 f 1 wf
s 105461 

n 10000 l 4999 r 815
r 2 i 505665 s 5000 f 1 wf
s 89915 

n 10000 l 4999 r 816
r 2 i 505923 s 5000 f 1 wf
r 2 i 505728 s 5000 f 1 wf
s 105962 

n 10000 l 4999 r 817
r 2 i 505811 s 5000 f 1 wf
r 2 i 505929 s 5000 f 1 wf
s 106709 

n 10000 l 4999 r 818
s 113085 

n 10000 l 4999 r 819
r 2 i 506393 s 5000 f 1 wf
r 2 i 505967 s 5000 f 1 wf
r 2 i 505307 s 5000 f 1 wf
r 2 i 506096 s 5000 f 1 wf
r 2 i 505847 s 5000 f 1 wf
s 89876 

n 10000 l 4999 r 820
r 2 i 505996 s 5000 f 1 wf
r 2 i 506930 s 5000 f 1 wf
r 2 i 507080 s 5000 f 1 wf
s 102600 

n 10000 l 4999 r 821
r 2 i 505902 s 5000 f 1 wf
r 2 i 506134 s 5000 f 1 wf
r 2 i 506371 s 5000 f 1 wf
r 2 i 506242 s 5000 f 1 wf
r 2 i 506790 s 5000 f 1 wf
r 2 i 506124 s 5000 f 2
r 2 i 506022 s 5000 f 1 wf
r 2 i 506122 s 5000 f 1 wf
s 188681 

n 10000 l 4999 r 822
s 110251 

n 10000 l 4999 r 823
s 98985 

n 10000 l 4999 r 824
r 2 i 505911 s 5000 f 1 wf
r 2 i 506868 s 5000 f 2
s 92362 

n 10000 l 4999 r 825
r 2 i 506086 s 5000 f 1 wf
r 2 i 505692 s 5000 f 1 wf
r 2 i 506162 s 5000 f 1 wf
r 2 i 506033 s 5000 f 1 wf
r 2 i 506207 s 5000 f 1 wf
r 2 i 505956 s 5000 f 1 wf
r 2 i 506447 s 5000 f 2
s 101194 

n 10000 l 4999 r 826
s 104333 

n 10000 l 4999 r 827
r 2 i 506291 s 5000 f 1 wf
r 2 i 505819 s 5000 f 2
s 100276 

n 10000 l 4999 r 828
s 94162 

n 10000 l 4999 r 829
s 88137 

n 10000 l 4999 r 830
s 91203 

n 10000 l 4999 r 831
s 112234 

n 10000 l 4999 r 832
r 2 i 505778 s 5000 f 1 wf
r 2 i 505819 s 5000 f 1 wf
s 88398 

n 10000 l 4999 r 833
r 2 i 505727 s 5000 f 1 wf
r 2 i 505797 s 5000 f 1 wf
r 2 i 505891 s 5000 f 1 wf
r 2 i 506478 s 5000 f 1 wf
s 98753 

n 10000 l 4999 r 834
s 99453 

n 10000 l 4999 r 835
s 99247 

n 10000 l 4999 r 836
r 2 i 506122 s 5000 f 1 wf
s 109314 

n 10000 l 4999 r 837
r 2 i 505911 s 5000 f 1 wf
s 90547 

n 10000 l 4999 r 838
r 2 i 505383 s 5000 f 1 wf
s 98077 

n 10000 l 4999 r 839
s 98688 

n 10000 l 4999 r 840
r 2 i 506639 s 5000 f 1 wf
r 2 i 506125 s 5000 f 1 wf
r 2 i 506157 s 5000 f 1 wf
r 2 i 505557 s 5000 f 1 wf
s 92116 

n 10000 l 4999 r 841
r 2 i 505955 s 5000 f 1 wf
r 2 i 506474 s 5000 f 1 wf
r 2 i 506081 s 5000 f 1 wf
r 2 i 506097 s 5000 f 1 wf
r 2 i 506195 s 5000 f 1 wf
r 2 i 506588 s 5000 f 1 wf
r 2 i 505762 s 5000 f 1 wf
s 88915 

n 10000 l 4999 r 842
r 2 i 506274 s 5000 f 1 wf
r 2 i 505775 s 5000 f 1 wf
s 97486 

n 10000 l 4999 r 843
r 2 i 505955 s 5000 f 1 wf
r 2 i 505888 s 5000 f 2
s 92180 

n 10000 l 4999 r 844
r 2 i 506405 s 5000 f 1 wf
r 2 i 505938 s 5000 f 1 wf
s 116830 

n 10000 l 4999 r 845
r 2 i 505844 s 5000 f 1 wf
r 2 i 506091 s 5000 f 1 wf
s 97205 

n 10000 l 4999 r 846
s 106676 

n 10000 l 4999 r 847
s 134909 

n 10000 l 4999 r 848
s 112381 

n 10000 l 4999 r 849
r 2 i 505846 s 5000 f 1 wf
r 2 i 505697 s 5000 f 1 wf
r 2 i 506260 s 5000 f 1 wf
s 103325 

n 10000 l 4999 r 850
r 2 i 506011 s 5000 f 1 wf
s 85720 

n 10000 l 4999 r 851
r 2 i 505854 s 5000 f 1 wf
r 2 i 505923 s 5000 f 1 wf
r 2 i 506303 s 5000 f 1 wf
r 2 i 506630 s 5000 f 2
r 2 i 505642 s 5000 f 1 wf
r 2 i 505882 s 5000 f 1 wf
s 90818 

n 10000 l 4999 r 852
s 103406 

n 10000 l 4999 r 853
s 86794 

n 10000 l 4999 r 854
r 2 i 506258 s 5000 f 1 wf
r 2 i 505960 s 5000 f 1 wf
s 105173 

n 10000 l 4999 r 855
r 2 i 505646 s 5000 f 1 wf
r 2 i 505977 s 5000 f 1 wf
r 2 i 505980 s 5000 f 1 wf
r 2 i 506010 s 5000 f 1 wf
s 99239 

n 10000 l 4999 r 856
s 112999 

n 10000 l 4999 r 857
s 101715 

n 10000 l 4999 r 858
s 102170 

n 10000 l 4999 r 859
r 2 i 506342 s 5000 f 1 wf
s 118381 

n 10000 l 4999 r 860
r 2 i 506172 s 5000 f 1 wf
r 2 i 506492 s 5000 f 1 wf
r 2 i 506330 s 5000 f 1 wf
r 2 i 505788 s 5000 f 1 wf
s 106703 

n 10000 l 4999 r 861
s 96456 

n 10000 l 4999 r 862
r 2 i 505866 s 5000 f 1 wf
r 2 i 505720 s 5000 f 1 wf
r 2 i 505862 s 5000 f 1 wf
s 94735 

n 10000 l 4999 r 863
r 2 i 505887 s 5000 f 2
r 2 i 506047 s 5000 f 1 wf
r 2 i 505739 s 5000 f 1 wf
s 94923 

n 10000 l 4999 r 864
s 106049 

n 10000 l 4999 r 865
r 2 i 505960 s 5000 f 2
r 2 i 505686 s 5000 f 1 wf
r 2 i 505870 s 5000 f 1 wf
s 126421 

n 10000 l 4999 r 866
r 2 i 506599 s 5000 f 2
s 89180 

n 10000 l 4999 r 867
r 2 i 506012 s 5000 f 1 wf
s 85264 

n 10000 l 4999 r 868
s 113834 

n 10000 l 4999 r 869
s 90633 

n 10000 l 4999 r 870
r 2 i 505657 s 5000 f 2
s 101792 

n 10000 l 4999 r 871
r 2 i 505860 s 5000 f 1 wf
s 89748 

n 10000 l 4999 r 872
r 2 i 505909 s 5000 f 1 wf
r 2 i 506437 s 5000 f 1 wf
s 96671 

n 10000 l 4999 r 873
s 90384 

n 10000 l 4999 r 874
s 117549 

n 10000 l 4999 r 875
r 2 i 506476 s 5000 f 1 wf
r 2 i 505841 s 5000 f 2
r 2 i 505655 s 5000 f 1 wf
r 2 i 505845 s 5000 f 1 wf
s 88755 

n 10000 l 4999 r 876
r 2 i 505982 s 5000 f 1 wf
r 2 i 506130 s 5000 f 1 wf
r 2 i 507103 s 5000 f 1 wf
s 94427 

n 10000 l 4999 r 877
r 2 i 505986 s 5000 f 1 wf
r 2 i 505558 s 5000 f 2
s 87384 

n 10000 l 4999 r 878
r 2 i 506181 s 5000 f 1 wf
r 2 i 506942 s 5000 f 1 wf
r 2 i 505623 s 5000 f 1 wf
s 100221 

n 10000 l 4999 r 879
r 2 i 505748 s 5000 f 1 wf
r 2 i 505473 s 5000 f 1 wf
s 92665 

n 10000 l 4999 r 880
r 2 i 505945 s 5000 f 1 wf
r 2 i 506455 s 5000 f 1 wf
s 89910 

n 10000 l 4999 r 881
r 2 i 510019 s 5000 f 1 wf
s 111890 

n 10000 l 4999 r 882
r 2 i 506561 s 5000 f 1 wf
r 2 i 505933 s 5000 f 1 wf
r 2 i 505788 s 5000 f 1 wf
r 2 i 505501 s 5000 f 1 wf
r 2 i 506236 s 5000 f 1 wf
r 2 i 505813 s 5000 f 1 wf
r 2 i 505837 s 5000 f 1 wf
r 2 i 505638 s 5000 f 2
r 2 i 506026 s 5000 f 1 wf
r 2 i 505752 s 5000 f 1 wf
r 2 i 506230 s 5000 f 1 wf
r 2 i 505901 s 5000 f 1 wf
s 90521 

n 10000 l 4999 r 883
r 2 i 505543 s 5000 f 1 wf
r 2 i 505917 s 5000 f 2
s 99203 

n 10000 l 4999 r 884
r 2 i 506142 s 5000 f 1 wf
r 2 i 506388 s 5000 f 1 wf
r 2 i 506390 s 5000 f 1 wf
s 93085 

n 10000 l 4999 r 885
r 2 i 505887 s 5000 f 1 wf
s 100289 

n 10000 l 4999 r 886
s 85528 

n 10000 l 4999 r 887
r 2 i 506149 s 5000 f 1 wf
s 101673 

n 10000 l 4999 r 888
r 2 i 505937 s 5000 f 1 wf
s 109783 

n 10000 l 4999 r 889
r 2 i 506240 s 5000 f 1 wf
r 2 i 505768 s 5000 f 1 wf
r 2 i 506195 s 5000 f 1 wf
s 101620 

n 10000 l 4999 r 890
r 2 i 505657 s 5000 f 1 wf
s 79616 

n 10000 l 4999 r 891
r 2 i 505731 s 5000 f 1 wf
r 2 i 506016 s 5000 f 1 wf
r 2 i 505754 s 5000 f 2
r 2 i 505889 s 5000 f 2
s 98173 

n 10000 l 4999 r 892
r 2 i 505526 s 5000 f 1 wf
s 90909 

n 10000 l 4999 r 893
s 113228 

n 10000 l 4999 r 894
r 2 i 506084 s 5000 f 1 wf
r 2 i 505914 s 5000 f 1 wf
r 2 i 505905 s 5000 f 1 wf
r 2 i 506350 s 5000 f 1 wf
r 2 i 505902 s 5000 f 2
s 90833 

n 10000 l 4999 r 895
r 2 i 505863 s 5000 f 1 wf
r 2 i 505852 s 5000 f 1 wf
r 2 i 505888 s 5000 f 1 wf
r 2 i 505937 s 5000 f 1 wf
r 2 i 506088 s 5000 f 1 wf
r 2 i 505783 s 5000 f 1 wf
s 97190 

n 10000 l 4999 r 896
r 2 i 506023 s 5000 f 2
r 2 i 505698 s 5000 f 1 wf
r 2 i 505700 s 5000 f 1 wf
r 2 i 505616 s 5000 f 2
s 102747 

n 10000 l 4999 r 897
r 2 i 506033 s 5000 f 1 wf
r 2 i 505607 s 5000 f 2
r 2 i 505680 s 5000 f 1 wf
r 2 i 505904 s 5000 f 1 wf
r 2 i 505473 s 5000 f 2
r 2 i 506234 s 5000 f 2
s 99657 

n 10000 l 4999 r 898
r 2 i 506005 s 5000 f 1 wf
r 2 i 505597 s 5000 f 1 wf
r 2 i 506580 s 5000 f 1 wf
r 2 i 506298 s 5000 f 1 wf
s 111456 

n 10000 l 4999 r 899
r 2 i 506085 s 5000 f 1 wf
s 120730 

n 10000 l 4999 r 900
s 106900 

n 10000 l 4999 r 901
r 2 i 505627 s 5000 f 2
r 2 i 505891 s 5000 f 1 wf
r 2 i 505922 s 5000 f 1 wf
s 111213 

n 10000 l 4999 r 902
r 2 i 506008 s 5000 f 2
r 2 i 506245 s 5000 f 1 wf
r 2 i 505975 s 5000 f 1 wf
r 2 i 505740 s 5000 f 1 wf
r 2 i 505877 s 5000 f 1 wf
r 2 i 505430 s 5000 f 1 wf
r 2 i 505675 s 5000 f 1 wf
r 2 i 505955 s 5000 f 1 wf
s 102117 

n 10000 l 4999 r 903
s 103962 

n 10000 l 4999 r 904
s 102881 

n 10000 l 4999 r 905
r 2 i 505671 s 5000 f 2
s 102393 

n 10000 l 4999 r 906
s 97778 

n 10000 l 4999 r 907
r 2 i 506255 s 5000 f 1 wf
s 89172 

n 10000 l 4999 r 908
r 2 i 505515 s 5000 f 1 wf
r 2 i 506022 s 5000 f 1 wf
s 108953 

n 10000 l 4999 r 909
r 2 i 506007 s 5000 f 1 wf
r 2 i 505860 s 5000 f 1 wf
s 97136 

n 10000 l 4999 r 910
s 99308 

n 10000 l 4999 r 911
r 2 i 505763 s 5000 f 2
r 2 i 506165 s 5000 f 1 wf
s 96197 

n 10000 l 4999 r 912
s 85044 

n 10000 l 4999 r 913
r 2 i 506187 s 5000 f 1 wf
r 2 i 505934 s 5000 f 1 wf
r 2 i 506014 s 5000 f 1 wf
s 106053 

n 10000 l 4999 r 914
s 141793 

n 10000 l 4999 r 915
s 107829 

n 10000 l 4999 r 916
r 2 i 506106 s 5000 f 1 wf
s 100129 

n 10000 l 4999 r 917
r 2 i 505984 s 5000 f 1 wf
r 2 i 505647 s 5000 f 1 wf
s 98995 

n 10000 l 4999 r 918
s 93407 

n 10000 l 4999 r 919
s 122637 

n 10000 l 4999 r 920
s 90814 

n 10000 l 4999 r 921
s 102653 

n 10000 l 4999 r 922
s 95672 

n 10000 l 4999 r 923
s 80881 

n 10000 l 4999 r 924
r 2 i 505810 s 5000 f 2
r 2 i 505823 s 5000 f 1 wf
r 2 i 506233 s 5000 f 1 wf
s 115830 

n 10000 l 4999 r 925
r 2 i 506044 s 5000 f 1 wf
s 105887 

n 10000 l 4999 r 926
r 2 i 506048 s 5000 f 1 wf
r 2 i 506137 s 5000 f 1 wf
r 2 i 505672 s 5000 f 1 wf
r 2 i 505828 s 5000 f 1 wf
s 93806 

n 10000 l 4999 r 927
s 93345 

n 10000 l 4999 r 928
r 2 i 505524 s 5000 f 1 wf
s 108553 

n 10000 l 4999 r 929
s 134671 

n 10000 l 4999 r 930
r 2 i 505811 s 5000 f 1 wf
r 2 i 506585 s 5000 f 2
r 2 i 506081 s 5000 f 1 wf
r 2 i 514891 s 5000 f 1 wf
s 94606 

n 10000 l 4999 r 931
r 2 i 505997 s 5000 f 2
r 2 i 506143 s 5000 f 1 wf
r 2 i 506342 s 5000 f 1 wf
s 91395 

n 10000 l 4999 r 932
r 2 i 505881 s 5000 f 1 wf
r 2 i 506980 s 5000 f 1 wf
r 2 i 505921 s 5000 f 1 wf
s 93736 

n 10000 l 4999 r 933
r 2 i 516095 s 5000 f 1 wf
r 2 i 505734 s 5000 f 1 wf
s 88855 

n 10000 l 4999 r 934
r 2 i 505921 s 5000 f 1 wf
r 2 i 506973 s 5000 f 1 wf
s 93145 

n 10000 l 4999 r 935
s 108862 

n 10000 l 4999 r 936
r 2 i 506016 s 5000 f 1 wf
r 2 i 505851 s 5000 f 1 wf
r 2 i 505554 s 5000 f 1 wf
r 2 i 505695 s 5000 f 1 wf
r 2 i 505814 s 5000 f 1 wf
s 107162 

n 10000 l 4999 r 937
r 2 i 505969 s 5000 f 1 wf
s 98350 

n 10000 l 4999 r 938
r 2 i 505487 s 5000 f 1 wf
r 2 i 506502 s 5000 f 1 wf
r 2 i 505961 s 5000 f 1 wf
r 2 i 506144 s 5000 f 1 wf
r 2 i 506396 s 5000 f 1 wf
s 116981 

n 10000 l 4999 r 939
r 2 i 506302 s 5000 f 2
r 2 i 506646 s 5000 f 1 wf
s 93257 

n 10000 l 4999 r 940
r 2 i 506047 s 5000 f 2
s 91484 

n 10000 l 4999 r 941
r 2 i 505949 s 5000 f 1 wf
r 2 i 505977 s 5000 f 1 wf
s 82300 

n 10000 l 4999 r 942
r 2 i 505542 s 5000 f 1 wf
s 110738 

n 10000 l 4999 r 943
r 2 i 505545 s 5000 f 2
s 121729 

n 10000 l 4999 r 944
s 93199 

n 10000 l 4999 r 945
r 2 i 505734 s 5000 f 1 wf
s 106567 

n 10000 l 4999 r 946
s 114854 

n 10000 l 4999 r 947
r 2 i 506249 s 5000 f 1 wf
r 2 i 505638 s 5000 f 1 wf
r 2 i 505869 s 5000 f 1 wf
r 2 i 505771 s 5000 f 1 wf
s 115255 

n 10000 l 4999 r 948
s 122213 

n 10000 l 4999 r 949
s 88112 

n 10000 l 4999 r 950
r 2 i 505938 s 5000 f 1 wf
r 2 i 506019 s 5000 f 1 wf
r 2 i 506551 s 5000 f 1 wf
s 121643 

n 10000 l 4999 r 951
s 99386 

n 10000 l 4999 r 952
r 2 i 505736 s 5000 f 2
r 2 i 506095 s 5000 f 1 wf
r 2 i 505858 s 5000 f 1 wf
s 92844 

n 10000 l 4999 r 953
r 2 i 506310 s 5000 f 1 wf
s 101336 

n 10000 l 4999 r 954
r 2 i 505559 s 5000 f 1 wf
r 2 i 506193 s 5000 f 1 wf
s 89393 

n 10000 l 4999 r 955
r 2 i 505781 s 5000 f 1 wf
r 2 i 505863 s 5000 f 1 wf
r 2 i 505559 s 5000 f 2
r 2 i 505918 s 5000 f 1 wf
r 2 i 505848 s 5000 f 1 wf
r 2 i 505867 s 5000 f 1 wf
s 100878 

n 10000 l 4999 r 956
r 2 i 506190 s 5000 f 1 wf
s 102614 

n 10000 l 4999 r 957
r 2 i 506021 s 5000 f 1 wf
r 2 i 505553 s 5000 f 1 wf
r 2 i 506358 s 5000 f 1 wf
s 103032 

n 10000 l 4999 r 958
r 2 i 505640 s 5000 f 1 wf
r 2 i 505692 s 5000 f 1 wf
s 101857 

n 10000 l 4999 r 959
r 2 i 506057 s 5000 f 1 wf
s 100874 

n 10000 l 4999 r 960
r 2 i 506431 s 5000 f 1 wf
r 2 i 506298 s 5000 f 1 wf
r 2 i 506257 s 5000 f 1 wf
r 2 i 506222 s 5000 f 1 wf
s 94635 

n 10000 l 4999 r 961
s 108484 

n 10000 l 4999 r 962
r 2 i 505998 s 5000 f 1 wf
r 2 i 506345 s 5000 f 1 wf
s 104045 

n 10000 l 4999 r 963
r 2 i 506357 s 5000 f 1 wf
s 93344 

n 10000 l 4999 r 964
s 134766 

n 10000 l 4999 r 965
r 2 i 505746 s 5000 f 1 wf
r 2 i 506122 s 5000 f 1 wf
s 111494 

n 10000 l 4999 r 966
s 100451 

n 10000 l 4999 r 967
r 2 i 505782 s 5000 f 1 wf
s 87334 

n 10000 l 4999 r 968
s 95068 

n 10000 l 4999 r 969
s 100809 

n 10000 l 4999 r 970
s 100878 

n 10000 l 4999 r 971
r 2 i 505858 s 5000 f 1 wf
s 111752 

n 10000 l 4999 r 972
r 2 i 506006 s 5000 f 2
r 2 i 506325 s 5000 f 2
r 2 i 505663 s 5000 f 1 wf
s 97143 

n 10000 l 4999 r 973
r 2 i 505888 s 5000 f 1 wf
r 2 i 506111 s 5000 f 2
s 102486 

n 10000 l 4999 r 974
r 2 i 505708 s 5000 f 1 wf
r 2 i 507901 s 5000 f 1 wf
r 2 i 506483 s 5000 f 1 wf
r 2 i 506168 s 5000 f 1 wf
s 114010 

n 10000 l 4999 r 975
r 2 i 505972 s 5000 f 1 wf
s 98616 

n 10000 l 4999 r 976
r 2 i 505989 s 5000 f 1 wf
r 2 i 506064 s 5000 f 1 wf
r 2 i 505813 s 5000 f 2
s 83815 

n 10000 l 4999 r 977
s 106724 

n 10000 l 4999 r 978
s 107194 

n 10000 l 4999 r 979
r 2 i 505616 s 5000 f 1 wf
r 2 i 507242 s 5000 f 1 wf
r 2 i 505622 s 5000 f 1 wf
r 2 i 505341 s 5000 f 1 wf
r 2 i 506752 s 5000 f 1 wf
r 2 i 506594 s 5000 f 2
r 2 i 505987 s 5000 f 1 wf
r 2 i 507867 s 5000 f 1 wf
r 2 i 506057 s 5000 f 1 wf
r 2 i 508857 s 5000 f 1 wf
r 2 i 506306 s 5000 f 1 wf
r 2 i 505789 s 5000 f 1 wf
r 2 i 506215 s 5000 f 1 wf
r 2 i 506133 s 5000 f 1 wf
s 107987 

n 10000 l 4999 r 980
r 2 i 506365 s 5000 f 2
r 2 i 505859 s 5000 f 2
s 107434 

n 10000 l 4999 r 981
r 2 i 505924 s 5000 f 2
s 102019 

n 10000 l 4999 r 982
r 2 i 506100 s 5000 f 1 wf
s 100829 

n 10000 l 4999 r 983
s 134333 

n 10000 l 4999 r 984
r 2 i 506226 s 5000 f 1 wf
s 84637 

n 10000 l 4999 r 985
s 105824 

n 10000 l 4999 r 986
r 2 i 505788 s 5000 f 1 wf
r 2 i 506231 s 5000 f 1 wf
r 2 i 505986 s 5000 f 1 wf
r 2 i 506097 s 5000 f 1 wf
r 2 i 506156 s 5000 f 2
s 82052 

n 10000 l 4999 r 987
r 2 i 505433 s 5000 f 1 wf
r 2 i 506256 s 5000 f 1 wf
s 93406 

n 10000 l 4999 r 988
s 90057 

n 10000 l 4999 r 989
r 2 i 505849 s 5000 f 1 wf
r 2 i 505601 s 5000 f 1 wf
s 115018 

n 10000 l 4999 r 990
s 101357 

n 10000 l 4999 r 991
r 2 i 505840 s 5000 f 1 wf
s 89250 

n 10000 l 4999 r 992
s 91453 

n 10000 l 4999 r 993
r 2 i 506265 s 5000 f 1 wf
s 100601 

n 10000 l 4999 r 994
r 2 i 506272 s 5000 f 1 wf
r 2 i 505678 s 5000 f 1 wf
r 2 i 505812 s 5000 f 1 wf
r 2 i 506534 s 5000 f 1 wf
s 102998 

n 10000 l 4999 r 995
s 111456 

n 10000 l 4999 r 996
r 2 i 506011 s 5000 f 1 wf
r 2 i 506147 s 5000 f 1 wf
r 2 i 506541 s 5000 f 1 wf
r 2 i 507329 s 5000 f 1 wf
r 2 i 506477 s 5000 f 1 wf
r 2 i 506081 s 5000 f 1 wf
s 94687 

n 10000 l 4999 r 997
s 100439 

n 10000 l 4999 r 998
r 2 i 506011 s 5000 f 1 wf
s 99438 

n 10000 l 4999 r 999
s 121082 

n 10000 l 4999 r 1000
r 2 i 505966 s 5000 f 1 wf
r 2 i 505708 s 5000 f 1 wf
s 107516 

