n 10000 l 4999 r 1
r 2 i 505963 s 5000 f 1 wf
r 2 i 505807 s 5000 f 1 wf
s 127152 

n 10000 l 4999 r 2
s 124753 

n 10000 l 4999 r 3
r 2 i 505795 s 5000 f 1 wf
r 2 i 505986 s 5000 f 1 wf
s 96339 

n 10000 l 4999 r 4
r 2 i 505978 s 5000 f 2
r 2 i 505906 s 5000 f 1 wf
r 2 i 506026 s 5000 f 1 wf
r 2 i 506276 s 5000 f 1 wf
r 2 i 505945 s 5000 f 1 wf
r 2 i 506247 s 5000 f 1 wf
s 90537 

n 10000 l 4999 r 5
r 2 i 505608 s 5000 f 1 wf
r 2 i 506514 s 5000 f 2
r 2 i 505769 s 5000 f 1 wf
r 2 i 505977 s 5000 f 2
r 2 i 507750 s 5000 f 1 wf
r 2 i 505369 s 5000 f 1 wf
s 100793 

n 10000 l 4999 r 6
r 2 i 506073 s 5000 f 1 wf
r 2 i 505994 s 5000 f 2
r 2 i 505676 s 5000 f 2
r 2 i 505741 s 5000 f 1 wf
s 81295 

n 10000 l 4999 r 7
r 2 i 506239 s 5000 f 1 wf
r 2 i 505911 s 5000 f 1 wf
s 89426 

n 10000 l 4999 r 8
r 2 i 506190 s 5000 f 1 wf
r 2 i 506541 s 5000 f 1 wf
r 2 i 506086 s 5000 f 1 wf
s 103298 

n 10000 l 4999 r 9
r 2 i 505873 s 5000 f 1 wf
r 2 i 506392 s 5000 f 1 wf
s 94166 

n 10000 l 4999 r 10
r 2 i 505703 s 5000 f 1 wf
r 2 i 505560 s 5000 f 1 wf
r 2 i 506127 s 5000 f 1 wf
s 91757 

n 10000 l 4999 r 11
r 2 i 506569 s 5000 f 2
r 2 i 505919 s 5000 f 1 wf
s 85227 

n 10000 l 4999 r 12
s 97927 

n 10000 l 4999 r 13
s 102339 

n 10000 l 4999 r 14
r 2 i 506602 s 5000 f 1 wf
r 2 i 506169 s 5000 f 1 wf
r 2 i 505898 s 5000 f 1 wf
r 2 i 506253 s 5000 f 1 wf
r 2 i 506365 s 5000 f 1 wf
r 2 i 505798 s 5000 f 1 wf
r 2 i 506093 s 5000 f 1 wf
s 94321 

n 10000 l 4999 r 15
r 2 i 505698 s 5000 f 1 wf
r 2 i 507180 s 5000 f 2
r 2 i 506206 s 5000 f 2
s 110036 

n 10000 l 4999 r 16
s 101727 

n 10000 l 4999 r 17
r 2 i 506212 s 5000 f 1 wf
s 97951 

n 10000 l 4999 r 18
r 2 i 506033 s 5000 f 1 wf
r 2 i 505667 s 5000 f 2
r 2 i 505939 s 5000 f 2
s 102442 

n 10000 l 4999 r 19
s 100899 

n 10000 l 4999 r 20
r 2 i 505685 s 5000 f 2
r 2 i 506113 s 5000 f 2
s 102421 

n 10000 l 4999 r 21
r 2 i 505967 s 5000 f 1 wf
r 2 i 506337 s 5000 f 1 wf
s 96940 

n 10000 l 4999 r 22
r 2 i 505708 s 5000 f 1 wf
s 114734 

n 10000 l 4999 r 23
r 2 i 506114 s 5000 f 1 wf
r 2 i 505825 s 5000 f 1 wf
s 86162 

n 10000 l 4999 r 24
s 103766 

n 10000 l 4999 r 25
r 2 i 506324 s 5000 f 2
s 82702 

n 10000 l 4999 r 26
s 115315 

n 10000 l 4999 r 27
r 2 i 505899 s 5000 f 1 wf
r 2 i 505556 s 5000 f 1 wf
s 83139 

n 10000 l 4999 r 28
r 2 i 506229 s 5000 f 1 wf
r 2 i 505706 s 5000 f 1 wf
r 2 i 505777 s 5000 f 1 wf
s 111627 

n 10000 l 4999 r 29
s 98669 

n 10000 l 4999 r 30
r 2 i 505781 s 5000 f 1 wf
r 2 i 505658 s 5000 f 1 wf
r 2 i 505846 s 5000 f 1 wf
r 2 i 506512 s 5000 f 1 wf
r 2 i 506211 s 5000 f 1 wf
s 117112 

n 10000 l 4999 r 31
s 103498 

n 10000 l 4999 r 32
r 2 i 505736 s 5000 f 1 wf
s 82335 

n 10000 l 4999 r 33
s 107645 

n 10000 l 4999 r 34
r 2 i 505972 s 5000 f 2
s 109368 

n 10000 l 4999 r 35
r 2 i 506422 s 5000 f 1 wf
s 95030 

n 10000 l 4999 r 36
s 104459 

n 10000 l 4999 r 37
r 2 i 505969 s 5000 f 1 wf
r 2 i 505668 s 5000 f 1 wf
s 121866 

n 10000 l 4999 r 38
r 2 i 505992 s 5000 f 2
r 2 i 506491 s 5000 f 1 wf
s 93354 

n 10000 l 4999 r 39
r 2 i 505816 s 5000 f 1 wf
r 2 i 506347 s 5000 f 1 wf
r 2 i 505870 s 5000 f 2
r 2 i 505948 s 5000 f 1 wf
r 2 i 506022 s 5000 f 1 wf
r 2 i 505810 s 5000 f 2
r 2 i 505966 s 5000 f 1 wf
r 2 i 505873 s 5000 f 1 wf
r 2 i 506131 s 5000 f 1 wf
s 105409 

n 10000 l 4999 r 40
s 109734 

n 10000 l 4999 r 41
r 2 i 505791 s 5000 f 1 wf
s 100272 

n 10000 l 4999 r 42
r 2 i 505753 s 5000 f 1 wf
s 122142 

n 10000 l 4999 r 43
s 106158 

n 10000 l 4999 r 44
s 125110 

n 10000 l 4999 r 45
r 2 i 505912 s 5000 f 1 wf
s 112476 

n 10000 l 4999 r 46
r 2 i 506673 s 5000 f 2
r 2 i 506618 s 5000 f 1 wf
s 96626 

n 10000 l 4999 r 47
s 115143 

n 10000 l 4999 r 48
s 96390 

n 10000 l 4999 r 49
r 2 i 505716 s 5000 f 1 wf
r 2 i 505907 s 5000 f 1 wf
s 100874 

n 10000 l 4999 r 50
r 2 i 506288 s 5000 f 2
s 106244 

n 10000 l 4999 r 51
r 2 i 506123 s 5000 f 1 wf
r 2 i 505601 s 5000 f 1 wf
r 2 i 506251 s 5000 f 1 wf
r 2 i 510595 s 5000 f 1 wf
r 2 i 505943 s 5000 f 1 wf
r 2 i 506114 s 5000 f 1 wf
r 2 i 506341 s 5000 f 1 wf
r 2 i 505742 s 5000 f 2
s 92673 

n 10000 l 4999 r 52
r 2 i 505836 s 5000 f 1 wf
r 2 i 505868 s 5000 f 1 wf
s 110754 

n 10000 l 4999 r 53
r 2 i 506086 s 5000 f 1 wf
r 2 i 505989 s 5000 f 1 wf
r 2 i 506079 s 5000 f 2
s 93747 

n 10000 l 4999 r 54
r 2 i 506594 s 5000 f 1 wf
s 91384 

n 10000 l 4999 r 55
r 2 i 505779 s 5000 f 1 wf
s 109307 

n 10000 l 4999 r 56
r 2 i 505678 s 5000 f 1 wf
r 2 i 505680 s 5000 f 1 wf
s 117838 

n 10000 l 4999 r 57
s 99151 

n 10000 l 4999 r 58
r 2 i 505940 s 5000 f 1 wf
r 2 i 505711 s 5000 f 1 wf
r 2 i 506261 s 5000 f 1 wf
s 121124 

n 10000 l 4999 r 59
s 108174 

n 10000 l 4999 r 60
r 2 i 506053 s 5000 f 1 wf
r 2 i 505932 s 5000 f 1 wf
r 2 i 506307 s 5000 f 1 wf
s 109406 

n 10000 l 4999 r 61
r 2 i 507889 s 5000 f 1 wf
s 112722 

n 10000 l 4999 r 62
r 2 i 506042 s 5000 f 1 wf
s 92917 

n 10000 l 4999 r 63
s 104927 

n 10000 l 4999 r 64
r 2 i 505730 s 5000 f 1 wf
r 2 i 507131 s 5000 f 1 wf
s 110674 

n 10000 l 4999 r 65
r 2 i 505713 s 5000 f 2
s 112414 

n 10000 l 4999 r 66
r 2 i 505758 s 5000 f 1 wf
r 2 i 505983 s 5000 f 2
s 110343 

n 10000 l 4999 r 67
s 96188 

n 10000 l 4999 r 68
r 2 i 506036 s 5000 f 1 wf
s 91093 

n 10000 l 4999 r 69
s 98964 

n 10000 l 4999 r 70
s 131140 

n 10000 l 4999 r 71
r 2 i 505764 s 5000 f 1 wf
r 2 i 506201 s 5000 f 1 wf
r 2 i 506319 s 5000 f 1 wf
r 2 i 505919 s 5000 f 1 wf
s 92252 

n 10000 l 4999 r 72
r 2 i 505791 s 5000 f 1 wf
s 101631 

n 10000 l 4999 r 73
r 2 i 505943 s 5000 f 1 wf
r 2 i 516691 s 5000 f 2
r 2 i 505957 s 5000 f 1 wf
s 107998 

n 10000 l 4999 r 74
s 92219 

n 10000 l 4999 r 75
r 2 i 505755 s 5000 f 1 wf
s 87745 

n 10000 l 4999 r 76
r 2 i 505750 s 5000 f 1 wf
r 2 i 506116 s 5000 f 1 wf
r 2 i 505637 s 5000 f 1 wf
s 97517 

n 10000 l 4999 r 77
s 97902 

n 10000 l 4999 r 78
r 2 i 505895 s 5000 f 1 wf
r 2 i 506132 s 5000 f 1 wf
r 2 i 506081 s 5000 f 1 wf
r 2 i 506269 s 5000 f 2
r 2 i 506237 s 5000 f 1 wf
r 2 i 505853 s 5000 f 1 wf
r 2 i 506290 s 5000 f 1 wf
r 2 i 505694 s 5000 f 1 wf
r 2 i 505612 s 5000 f 1 wf
r 2 i 505912 s 5000 f 1 wf
s 101421 

n 10000 l 4999 r 79
s 129775 

n 10000 l 4999 r 80
r 2 i 505894 s 5000 f 1 wf
r 2 i 505771 s 5000 f 1 wf
r 2 i 505658 s 5000 f 1 wf
s 89604 

n 10000 l 4999 r 81
r 2 i 506028 s 5000 f 1 wf
r 2 i 506846 s 5000 f 1 wf
r 2 i 505645 s 5000 f 1 wf
r 2 i 509332 s 5000 f 1 wf
s 105885 

n 10000 l 4999 r 82
s 99013 

n 10000 l 4999 r 83
s 86981 

n 10000 l 4999 r 84
r 2 i 505928 s 5000 f 1 wf
s 93253 

n 10000 l 4999 r 85
r 2 i 506302 s 5000 f 1 wf
r 2 i 505602 s 5000 f 1 wf
r 2 i 505823 s 5000 f 1 wf
r 2 i 506739 s 5000 f 1 wf
r 2 i 506890 s 5000 f 1 wf
r 2 i 506177 s 5000 f 1 wf
s 126282 

n 10000 l 4999 r 86
r 2 i 505811 s 5000 f 1 wf
r 2 i 506135 s 5000 f 1 wf
r 2 i 505960 s 5000 f 1 wf
s 88623 

n 10000 l 4999 r 87
r 2 i 506230 s 5000 f 1 wf
r 2 i 506169 s 5000 f 1 wf
r 2 i 506035 s 5000 f 1 wf
r 2 i 505848 s 5000 f 1 wf
r 2 i 505326 s 5000 f 2
r 2 i 506224 s 5000 f 1 wf
s 86831 

n 10000 l 4999 r 88
r 2 i 506226 s 5000 f 2
r 2 i 506206 s 5000 f 1 wf
r 2 i 506214 s 5000 f 1 wf
r 2 i 505938 s 5000 f 1 wf
s 115141 

n 10000 l 4999 r 89
r 2 i 505749 s 5000 f 1 wf
r 2 i 506498 s 5000 f 1 wf
r 2 i 506147 s 5000 f 1 wf
r 2 i 505837 s 5000 f 1 wf
r 2 i 505668 s 5000 f 2
r 2 i 506218 s 5000 f 1 wf
r 2 i 505980 s 5000 f 1 wf
s 115031 

n 10000 l 4999 r 90
r 2 i 505860 s 5000 f 1 wf
r 2 i 507366 s 5000 f 1 wf
r 2 i 506117 s 5000 f 2
r 2 i 505968 s 5000 f 1 wf
s 110045 

n 10000 l 4999 r 91
r 2 i 506045 s 5000 f 2
s 97850 

n 10000 l 4999 r 92
r 2 i 506035 s 5000 f 2
s 103064 

n 10000 l 4999 r 93
s 89375 

n 10000 l 4999 r 94
s 88563 

n 10000 l 4999 r 95
r 2 i 505879 s 5000 f 1 wf
r 2 i 505410 s 5000 f 1 wf
s 105371 

n 10000 l 4999 r 96
r 2 i 505925 s 5000 f 1 wf
s 89030 

n 10000 l 4999 r 97
r 2 i 505969 s 5000 f 2
r 2 i 506165 s 5000 f 1 wf
r 2 i 505552 s 5000 f 1 wf
r 2 i 506182 s 5000 f 1 wf
s 139818 

n 10000 l 4999 r 98
r 2 i 505691 s 5000 f 1 wf
s 118018 

n 10000 l 4999 r 99
s 109283 

n 10000 l 4999 r 100
r 2 i 506731 s 5000 f 1 wf
r 2 i 506447 s 5000 f 1 wf
s 109854 

n 10000 l 4999 r 101
r 2 i 505669 s 5000 f 1 wf
r 2 i 505718 s 5000 f 1 wf
r 2 i 505958 s 5000 f 1 wf
s 101623 

n 10000 l 4999 r 102
r 2 i 506230 s 5000 f 1 wf
s 115646 

n 10000 l 4999 r 103
r 2 i 505929 s 5000 f 1 wf
r 2 i 506107 s 5000 f 1 wf
r 2 i 506040 s 5000 f 2
r 2 i 506150 s 5000 f 2
s 109389 

n 10000 l 4999 r 104
r 2 i 505649 s 5000 f 1 wf
r 2 i 506071 s 5000 f 1 wf
r 2 i 506005 s 5000 f 1 wf
r 2 i 506128 s 5000 f 1 wf
r 2 i 506201 s 5000 f 2
s 91332 

n 10000 l 4999 r 105
r 2 i 505931 s 5000 f 1 wf
r 2 i 506132 s 5000 f 1 wf
r 2 i 506322 s 5000 f 1 wf
s 94685 

n 10000 l 4999 r 106
r 2 i 505719 s 5000 f 1 wf
r 2 i 506195 s 5000 f 1 wf
r 2 i 506188 s 5000 f 1 wf
s 109355 

n 10000 l 4999 r 107
r 2 i 506405 s 5000 f 2
r 2 i 531899 s 5000 f 1 wf
r 2 i 506015 s 5000 f 1 wf
r 2 i 506007 s 5000 f 1 wf
r 2 i 506025 s 5000 f 1 wf
s 87634 

n 10000 l 4999 r 108
r 2 i 506071 s 5000 f 1 wf
r 2 i 506232 s 5000 f 1 wf
r 2 i 505950 s 5000 f 2
s 97994 

n 10000 l 4999 r 109
s 92610 

n 10000 l 4999 r 110
r 2 i 506233 s 5000 f 2
s 108053 

n 10000 l 4999 r 111
s 89448 

n 10000 l 4999 r 112
r 2 i 506117 s 5000 f 1 wf
s 119948 

n 10000 l 4999 r 113
r 2 i 506732 s 5000 f 1 wf
r 2 i 505716 s 5000 f 1 wf
s 96260 

n 10000 l 4999 r 114
r 2 i 505715 s 5000 f 1 wf
s 92884 

n 10000 l 4999 r 115
r 2 i 506051 s 5000 f 1 wf
r 2 i 505751 s 5000 f 1 wf
r 2 i 508777 s 5000 f 2
r 2 i 505761 s 5000 f 1 wf
r 2 i 505837 s 5000 f 1 wf
r 2 i 506257 s 5000 f 2
r 2 i 505602 s 5000 f 1 wf
r 2 i 506142 s 5000 f 1 wf
r 2 i 505643 s 5000 f 2
r 2 i 506168 s 5000 f 1 wf
r 2 i 505765 s 5000 f 1 wf
r 2 i 505829 s 5000 f 1 wf
r 2 i 505985 s 5000 f 1 wf
s 116796 

n 10000 l 4999 r 116
s 87321 

n 10000 l 4999 r 117
r 2 i 505922 s 5000 f 1 wf
r 2 i 505767 s 5000 f 2
s 134772 

n 10000 l 4999 r 118
r 2 i 506079 s 5000 f 1 wf
r 2 i 505919 s 5000 f 1 wf
s 98254 

n 10000 l 4999 r 119
r 2 i 506247 s 5000 f 1 wf
r 2 i 508865 s 5000 f 1 wf
r 2 i 505492 s 5000 f 1 wf
r 2 i 505664 s 5000 f 1 wf
r 2 i 506157 s 5000 f 1 wf
r 2 i 506137 s 5000 f 1 wf
s 95153 

n 10000 l 4999 r 120
r 2 i 506453 s 5000 f 1 wf
r 2 i 506102 s 5000 f 2
r 2 i 505932 s 5000 f 1 wf
r 2 i 506614 s 5000 f 1 wf
s 110670 

n 10000 l 4999 r 121
r 2 i 505861 s 5000 f 2
r 2 i 505823 s 5000 f 2
r 2 i 505943 s 5000 f 1 wf
r 2 i 506451 s 5000 f 1 wf
r 2 i 506148 s 5000 f 1 wf
r 2 i 506542 s 5000 f 1 wf
r 2 i 505774 s 5000 f 1 wf
r 2 i 506035 s 5000 f 1 wf
s 132428 

n 10000 l 4999 r 122
r 2 i 506062 s 5000 f 1 wf
s 99285 

n 10000 l 4999 r 123
r 2 i 506102 s 5000 f 1 wf
r 2 i 505770 s 5000 f 1 wf
r 2 i 506255 s 5000 f 1 wf
r 2 i 506318 s 5000 f 1 wf
s 86308 

n 10000 l 4999 r 124
r 2 i 505580 s 5000 f 1 wf
r 2 i 506363 s 5000 f 1 wf
s 106257 

n 10000 l 4999 r 125
r 2 i 505540 s 5000 f 1 wf
r 2 i 505475 s 5000 f 1 wf
r 2 i 506522 s 5000 f 1 wf
r 2 i 505934 s 5000 f 1 wf
s 98611 

n 10000 l 4999 r 126
s 94584 

n 10000 l 4999 r 127
r 2 i 506411 s 5000 f 1 wf
r 2 i 505597 s 5000 f 1 wf
r 2 i 506288 s 5000 f 2
s 90955 

n 10000 l 4999 r 128
s 101574 

n 10000 l 4999 r 129
s 85165 

n 10000 l 4999 r 130
r 2 i 505829 s 5000 f 1 wf
s 96423 

n 10000 l 4999 r 131
s 112078 

n 10000 l 4999 r 132
r 2 i 519541 s 5000 f 2
r 2 i 506363 s 5000 f 1 wf
r 2 i 506085 s 5000 f 1 wf
r 2 i 505894 s 5000 f 1 wf
r 2 i 506000 s 5000 f 1 wf
s 103725 

n 10000 l 4999 r 133
r 2 i 505666 s 5000 f 1 wf
r 2 i 506084 s 5000 f 1 wf
r 2 i 505760 s 5000 f 1 wf
r 2 i 505525 s 5000 f 1 wf
r 2 i 506239 s 5000 f 2
r 2 i 506238 s 5000 f 1 wf
r 2 i 506007 s 5000 f 1 wf
r 2 i 505760 s 5000 f 1 wf
r 2 i 506243 s 5000 f 2
s 91217 

n 10000 l 4999 r 134
r 2 i 506156 s 5000 f 1 wf
s 89427 

n 10000 l 4999 r 135
r 2 i 506074 s 5000 f 1 wf
s 94646 

n 10000 l 4999 r 136
r 2 i 505950 s 5000 f 2
s 105437 

n 10000 l 4999 r 137
s 110727 

n 10000 l 4999 r 138
r 2 i 515190 s 5000 f 2
r 2 i 510980 s 5000 f 1 wf
r 2 i 505417 s 5000 f 2
r 2 i 506069 s 5000 f 1 wf
r 2 i 505901 s 5000 f 1 wf
r 2 i 505746 s 5000 f 1 wf
r 2 i 505657 s 5000 f 1 wf
s 120386 

n 10000 l 4999 r 139
s 106705 

n 10000 l 4999 r 140
r 2 i 506352 s 5000 f 1 wf
r 2 i 506196 s 5000 f 1 wf
r 2 i 506342 s 5000 f 1 wf
r 2 i 506112 s 5000 f 1 wf
s 94249 

n 10000 l 4999 r 141
r 2 i 505560 s 5000 f 1 wf
s 85776 

n 10000 l 4999 r 142
r 2 i 505866 s 5000 f 1 wf
s 105291 

n 10000 l 4999 r 143
r 2 i 505907 s 5000 f 1 wf
s 88129 

n 10000 l 4999 r 144
r 2 i 506293 s 5000 f 1 wf
s 93305 

n 10000 l 4999 r 145
r 2 i 505619 s 5000 f 2
s 111901 

n 10000 l 4999 r 146
s 91192 

n 10000 l 4999 r 147
s 92303 

n 10000 l 4999 r 148
r 2 i 506564 s 5000 f 2
s 119974 

n 10000 l 4999 r 149
s 89334 

n 10000 l 4999 r 150
s 96078 

n 10000 l 4999 r 151
s 108297 

n 10000 l 4999 r 152
r 2 i 506022 s 5000 f 1 wf
r 2 i 505864 s 5000 f 1 wf
s 113065 

n 10000 l 4999 r 153
r 2 i 506326 s 5000 f 1 wf
s 106477 

n 10000 l 4999 r 154
s 101364 

n 10000 l 4999 r 155
r 2 i 506043 s 5000 f 2
r 2 i 505776 s 5000 f 2
r 2 i 505708 s 5000 f 1 wf
r 2 i 505641 s 5000 f 1 wf
r 2 i 505479 s 5000 f 2
s 116404 

n 10000 l 4999 r 156
s 92819 

n 10000 l 4999 r 157
r 2 i 505844 s 5000 f 1 wf
r 2 i 505532 s 5000 f 1 wf
s 93152 

n 10000 l 4999 r 158
s 103500 

n 10000 l 4999 r 159
s 95527 

n 10000 l 4999 r 160
r 2 i 505526 s 5000 f 2
r 2 i 506214 s 5000 f 1 wf
r 2 i 507285 s 5000 f 1 wf
r 2 i 505876 s 5000 f 1 wf
r 2 i 506248 s 5000 f 2
s 82894 

n 10000 l 4999 r 161
s 102061 

n 10000 l 4999 r 162
r 2 i 508638 s 5000 f 2
r 2 i 505764 s 5000 f 1 wf
r 2 i 506001 s 5000 f 1 wf
r 2 i 506488 s 5000 f 1 wf
s 80951 

n 10000 l 4999 r 163
s 92677 

n 10000 l 4999 r 164
r 2 i 506014 s 5000 f 1 wf
s 98120 

n 10000 l 4999 r 165
s 103781 

n 10000 l 4999 r 166
r 2 i 505812 s 5000 f 1 wf
s 98883 

n 10000 l 4999 r 167
r 2 i 506631 s 5000 f 2
s 90660 

n 10000 l 4999 r 168
r 2 i 507912 s 5000 f 2
r 2 i 506277 s 5000 f 2
r 2 i 505879 s 5000 f 2
r 2 i 505846 s 5000 f 1 wf
r 2 i 505680 s 5000 f 1 wf
r 2 i 506443 s 5000 f 1 wf
s 87461 

n 10000 l 4999 r 169
r 2 i 505646 s 5000 f 2
s 113515 

n 10000 l 4999 r 170
s 88821 

n 10000 l 4999 r 171
s 94795 

n 10000 l 4999 r 172
r 2 i 505667 s 5000 f 1 wf
s 125835 

n 10000 l 4999 r 173
r 2 i 505937 s 5000 f 1 wf
s 108947 

n 10000 l 4999 r 174
r 2 i 506693 s 5000 f 1 wf
r 2 i 505696 s 5000 f 2
r 2 i 505792 s 5000 f 1 wf
r 2 i 505882 s 5000 f 1 wf
r 2 i 505672 s 5000 f 1 wf
r 2 i 505913 s 5000 f 1 wf
r 2 i 506360 s 5000 f 1 wf
r 2 i 505917 s 5000 f 1 wf
s 112840 

n 10000 l 4999 r 175
s 115024 

n 10000 l 4999 r 176
r 2 i 505678 s 5000 f 1 wf
r 2 i 505828 s 5000 f 1 wf
s 94613 

n 10000 l 4999 r 177
r 2 i 505824 s 5000 f 1 wf
r 2 i 506161 s 5000 f 2
s 104796 

n 10000 l 4999 r 178
s 97374 

n 10000 l 4999 r 179
s 82391 

n 10000 l 4999 r 180
r 2 i 505947 s 5000 f 1 wf
r 2 i 505517 s 5000 f 1 wf
r 2 i 506018 s 5000 f 1 wf
r 2 i 506173 s 5000 f 1 wf
s 99123 

n 10000 l 4999 r 181
r 2 i 505967 s 5000 f 2
r 2 i 506080 s 5000 f 1 wf
s 85315 

n 10000 l 4999 r 182
r 2 i 506406 s 5000 f 1 wf
r 2 i 505590 s 5000 f 1 wf
s 95978 

n 10000 l 4999 r 183
r 2 i 506029 s 5000 f 1 wf
s 96497 

n 10000 l 4999 r 184
r 2 i 505565 s 5000 f 1 wf
r 2 i 505939 s 5000 f 1 wf
r 2 i 506134 s 5000 f 1 wf
s 101277 

n 10000 l 4999 r 185
r 2 i 505816 s 5000 f 1 wf
r 2 i 505982 s 5000 f 2
r 2 i 505485 s 5000 f 1 wf
r 2 i 506320 s 5000 f 2
r 2 i 506098 s 5000 f 1 wf
r 2 i 507011 s 5000 f 1 wf
r 2 i 505733 s 5000 f 2
s 91932 

n 10000 l 4999 r 186
r 2 i 506124 s 5000 f 1 wf
s 111928 

n 10000 l 4999 r 187
r 2 i 506132 s 5000 f 1 wf
r 2 i 506136 s 5000 f 2
s 110490 

n 10000 l 4999 r 188
r 2 i 505920 s 5000 f 1 wf
r 2 i 506538 s 5000 f 1 wf
s 105620 

n 10000 l 4999 r 189
r 2 i 505759 s 5000 f 1 wf
r 2 i 505806 s 5000 f 1 wf
r 2 i 505561 s 5000 f 1 wf
r 2 i 505969 s 5000 f 1 wf
r 2 i 506424 s 5000 f 2
s 81156 

n 10000 l 4999 r 190
r 2 i 506477 s 5000 f 1 wf
r 2 i 505669 s 5000 f 1 wf
r 2 i 506057 s 5000 f 1 wf
s 119030 

n 10000 l 4999 r 191
r 2 i 505770 s 5000 f 1 wf
r 2 i 505773 s 5000 f 1 wf
r 2 i 506600 s 5000 f 1 wf
r 2 i 505730 s 5000 f 1 wf
r 2 i 505996 s 5000 f 1 wf
s 95428 

n 10000 l 4999 r 192
s 85261 

n 10000 l 4999 r 193
s 96518 

n 10000 l 4999 r 194
s 135737 

n 10000 l 4999 r 195
s 90979 

n 10000 l 4999 r 196
r 2 i 505327 s 5000 f 1 wf
r 2 i 505935 s 5000 f 1 wf
s 97587 

n 10000 l 4999 r 197
s 83243 

n 10000 l 4999 r 198
r 2 i 506091 s 5000 f 2
s 114724 

n 10000 l 4999 r 199
s 101012 

n 10000 l 4999 r 200
r 2 i 505830 s 5000 f 1 wf
s 102875 

n 10000 l 4999 r 201
r 2 i 505740 s 5000 f 1 wf
s 94926 

n 10000 l 4999 r 202
r 2 i 505730 s 5000 f 2
s 90674 

n 10000 l 4999 r 203
r 2 i 507662 s 5000 f 1 wf
r 2 i 506747 s 5000 f 2
s 110717 

n 10000 l 4999 r 204
s 109468 

n 10000 l 4999 r 205
s 97743 

n 10000 l 4999 r 206
r 2 i 505905 s 5000 f 1 wf
s 114215 

n 10000 l 4999 r 207
s 124560 

n 10000 l 4999 r 208
s 86591 

n 10000 l 4999 r 209
r 2 i 506223 s 5000 f 1 wf
s 91432 

n 10000 l 4999 r 210
r 2 i 506171 s 5000 f 1 wf
r 2 i 506350 s 5000 f 1 wf
r 2 i 506171 s 5000 f 1 wf
r 2 i 505238 s 5000 f 2
r 2 i 506031 s 5000 f 1 wf
r 2 i 505762 s 5000 f 1 wf
r 2 i 505849 s 5000 f 1 wf
s 95072 

n 10000 l 4999 r 211
r 2 i 506135 s 5000 f 2
s 115834 

n 10000 l 4999 r 212
r 2 i 506304 s 5000 f 1 wf
r 2 i 505993 s 5000 f 2
s 117780 

n 10000 l 4999 r 213
r 2 i 506298 s 5000 f 1 wf
r 2 i 506002 s 5000 f 1 wf
s 106271 

n 10000 l 4999 r 214
r 2 i 506633 s 5000 f 1 wf
r 2 i 505680 s 5000 f 1 wf
r 2 i 506000 s 5000 f 1 wf
r 2 i 505917 s 5000 f 1 wf
r 2 i 505774 s 5000 f 1 wf
s 101766 

n 10000 l 4999 r 215
s 98537 

n 10000 l 4999 r 216
s 105511 

n 10000 l 4999 r 217
r 2 i 511913 s 5000 f 1 wf
r 2 i 505675 s 5000 f 1 wf
s 98431 

n 10000 l 4999 r 218
s 104265 

n 10000 l 4999 r 219
s 110070 

n 10000 l 4999 r 220
r 2 i 505683 s 5000 f 1 wf
s 85917 

n 10000 l 4999 r 221
s 101523 

n 10000 l 4999 r 222
r 2 i 505425 s 5000 f 1 wf
s 108110 

n 10000 l 4999 r 223
r 2 i 506016 s 5000 f 1 wf
r 2 i 505926 s 5000 f 1 wf
r 2 i 505936 s 5000 f 1 wf
s 109586 

n 10000 l 4999 r 224
s 121348 

n 10000 l 4999 r 225
s 96800 

n 10000 l 4999 r 226
r 2 i 506600 s 5000 f 1 wf
r 2 i 506476 s 5000 f 1 wf
s 136603 

n 10000 l 4999 r 227
r 2 i 505907 s 5000 f 1 wf
r 2 i 505923 s 5000 f 1 wf
s 94251 

n 10000 l 4999 r 228
s 86893 

n 10000 l 4999 r 229
s 110311 

n 10000 l 4999 r 230
r 2 i 507944 s 5000 f 1 wf
s 101051 

n 10000 l 4999 r 231
s 117530 

n 10000 l 4999 r 232
s 89146 

n 10000 l 4999 r 233
s 89672 

n 10000 l 4999 r 234
r 2 i 505830 s 5000 f 1 wf
s 106754 

n 10000 l 4999 r 235
s 113936 

n 10000 l 4999 r 236
r 2 i 506442 s 5000 f 1 wf
s 110692 

n 10000 l 4999 r 237
s 122211 

n 10000 l 4999 r 238
s 106496 

n 10000 l 4999 r 239
r 2 i 505650 s 5000 f 2
r 2 i 505566 s 5000 f 1 wf
r 2 i 506249 s 5000 f 1 wf
r 2 i 506541 s 5000 f 1 wf
r 2 i 505827 s 5000 f 1 wf
s 108849 

n 10000 l 4999 r 240
s 90999 

n 10000 l 4999 r 241
s 95900 

n 10000 l 4999 r 242
r 2 i 505940 s 5000 f 1 wf
s 108754 

n 10000 l 4999 r 243
s 111058 

n 10000 l 4999 r 244
s 97974 

n 10000 l 4999 r 245
r 2 i 506024 s 5000 f 1 wf
r 2 i 505569 s 5000 f 1 wf
s 81597 

n 10000 l 4999 r 246
s 107339 

n 10000 l 4999 r 247
s 119781 

n 10000 l 4999 r 248
r 2 i 508084 s 5000 f 2
r 2 i 505722 s 5000 f 2
r 2 i 505972 s 5000 f 2
r 2 i 506001 s 5000 f 1 wf
r 2 i 505626 s 5000 f 2
r 2 i 505976 s 5000 f 1 wf
r 2 i 505590 s 5000 f 1 wf
r 2 i 505541 s 5000 f 1 wf
r 2 i 506103 s 5000 f 1 wf
r 2 i 506300 s 5000 f 2
r 2 i 506273 s 5000 f 1 wf
r 2 i 505887 s 5000 f 1 wf
r 2 i 505661 s 5000 f 1 wf
r 2 i 505888 s 5000 f 1 wf
s 107125 

n 10000 l 4999 r 249
r 2 i 507842 s 5000 f 1 wf
s 97867 

n 10000 l 4999 r 250
r 2 i 506530 s 5000 f 1 wf
s 112979 

n 10000 l 4999 r 251
r 2 i 505707 s 5000 f 1 wf
r 2 i 506084 s 5000 f 1 wf
s 102935 

n 10000 l 4999 r 252
r 2 i 505720 s 5000 f 1 wf
s 93423 

n 10000 l 4999 r 253
r 2 i 506364 s 5000 f 1 wf
r 2 i 505944 s 5000 f 2
r 2 i 506176 s 5000 f 1 wf
s 82892 

n 10000 l 4999 r 254
r 2 i 505894 s 5000 f 1 wf
s 93795 

n 10000 l 4999 r 255
s 91662 

n 10000 l 4999 r 256
s 153907 

n 10000 l 4999 r 257
s 102689 

n 10000 l 4999 r 258
r 2 i 505581 s 5000 f 2
r 2 i 506068 s 5000 f 1 wf
s 88690 

n 10000 l 4999 r 259
s 115188 

n 10000 l 4999 r 260
s 91201 

n 10000 l 4999 r 261
s 91941 

n 10000 l 4999 r 262
r 2 i 505777 s 5000 f 1 wf
s 116604 

n 10000 l 4999 r 263
r 2 i 505879 s 5000 f 1 wf
r 2 i 505897 s 5000 f 1 wf
r 2 i 505673 s 5000 f 1 wf
r 2 i 506244 s 5000 f 1 wf
r 2 i 509458 s 5000 f 1 wf
r 2 i 505758 s 5000 f 2
r 2 i 506240 s 5000 f 1 wf
r 2 i 506018 s 5000 f 1 wf
s 119836 

n 10000 l 4999 r 264
s 99485 

n 10000 l 4999 r 265
r 2 i 505759 s 5000 f 1 wf
r 2 i 505939 s 5000 f 1 wf
r 2 i 506393 s 5000 f 2
s 91975 

n 10000 l 4999 r 266
r 2 i 505910 s 5000 f 1 wf
r 2 i 506011 s 5000 f 1 wf
s 93734 

n 10000 l 4999 r 267
s 100919 

n 10000 l 4999 r 268
r 2 i 505505 s 5000 f 1 wf
s 87309 

n 10000 l 4999 r 269
r 2 i 505751 s 5000 f 1 wf
r 2 i 506188 s 5000 f 1 wf
s 100674 

n 10000 l 4999 r 270
s 95040 

n 10000 l 4999 r 271
s 104248 

n 10000 l 4999 r 272
r 2 i 505755 s 5000 f 1 wf
s 95228 

n 10000 l 4999 r 273
r 2 i 506076 s 5000 f 2
r 2 i 506364 s 5000 f 2
r 2 i 505992 s 5000 f 1 wf
s 84944 

n 10000 l 4999 r 274
s 97913 

n 10000 l 4999 r 275
r 2 i 505974 s 5000 f 2
r 2 i 506013 s 5000 f 2
s 89659 

n 10000 l 4999 r 276
s 99099 

n 10000 l 4999 r 277
r 2 i 506209 s 5000 f 1 wf
r 2 i 505844 s 5000 f 2
s 116545 

n 10000 l 4999 r 278
r 2 i 505477 s 5000 f 1 wf
s 113844 

n 10000 l 4999 r 279
r 2 i 506517 s 5000 f 2
s 102027 

n 10000 l 4999 r 280
r 2 i 506434 s 5000 f 1 wf
r 2 i 506098 s 5000 f 1 wf
s 101084 

n 10000 l 4999 r 281
r 2 i 505970 s 5000 f 1 wf
r 2 i 505683 s 5000 f 1 wf
r 2 i 506532 s 5000 f 1 wf
r 2 i 505705 s 5000 f 1 wf
s 93417 

n 10000 l 4999 r 282
s 116613 

n 10000 l 4999 r 283
s 106022 

n 10000 l 4999 r 284
r 2 i 505974 s 5000 f 2
r 2 i 506195 s 5000 f 1 wf
s 106145 

n 10000 l 4999 r 285
s 94283 

n 10000 l 4999 r 286
r 2 i 505812 s 5000 f 2
s 127410 

n 10000 l 4999 r 287
r 2 i 505804 s 5000 f 1 wf
s 85904 

n 10000 l 4999 r 288
r 2 i 506137 s 5000 f 1 wf
r 2 i 506441 s 5000 f 2
r 2 i 505605 s 5000 f 1 wf
r 2 i 506086 s 5000 f 1 wf
r 2 i 506166 s 5000 f 1 wf
r 2 i 506057 s 5000 f 1 wf
s 102710 

n 10000 l 4999 r 289
r 2 i 505864 s 5000 f 1 wf
s 138149 

n 10000 l 4999 r 290
r 2 i 519695 s 5000 f 1 wf
s 98710 

n 10000 l 4999 r 291
r 2 i 508814 s 5000 f 1 wf
r 2 i 505805 s 5000 f 1 wf
r 2 i 505977 s 5000 f 1 wf
r 2 i 505948 s 5000 f 1 wf
s 105805 

n 10000 l 4999 r 292
r 2 i 506063 s 5000 f 2
s 93140 

n 10000 l 4999 r 293
s 92440 

n 10000 l 4999 r 294
r 2 i 506779 s 5000 f 1 wf
s 91690 

n 10000 l 4999 r 295
s 84080 

n 10000 l 4999 r 296
s 125907 

n 10000 l 4999 r 297
s 94644 

n 10000 l 4999 r 298
r 2 i 505748 s 5000 f 1 wf
r 2 i 506836 s 5000 f 1 wf
s 85224 

n 10000 l 4999 r 299
s 93572 

n 10000 l 4999 r 300
s 127970 

n 10000 l 4999 r 301
s 124826 

n 10000 l 4999 r 302
s 90821 

n 10000 l 4999 r 303
r 2 i 506306 s 5000 f 1 wf
r 2 i 506079 s 5000 f 1 wf
r 2 i 505960 s 5000 f 1 wf
s 101012 

n 10000 l 4999 r 304
s 90878 

n 10000 l 4999 r 305
r 2 i 506889 s 5000 f 1 wf
r 2 i 505879 s 5000 f 2
r 2 i 505716 s 5000 f 2
r 2 i 506301 s 5000 f 1 wf
r 2 i 506354 s 5000 f 1 wf
r 2 i 505594 s 5000 f 1 wf
s 89153 

n 10000 l 4999 r 306
r 2 i 505867 s 5000 f 1 wf
s 93687 

n 10000 l 4999 r 307
s 114079 

n 10000 l 4999 r 308
r 2 i 505962 s 5000 f 1 wf
s 99543 

n 10000 l 4999 r 309
s 106206 

n 10000 l 4999 r 310
r 2 i 505695 s 5000 f 1 wf
s 104155 

n 10000 l 4999 r 311
r 2 i 506194 s 5000 f 1 wf
r 2 i 505925 s 5000 f 1 wf
s 104764 

n 10000 l 4999 r 312
r 2 i 505741 s 5000 f 1 wf
r 2 i 506330 s 5000 f 2
s 102498 

n 10000 l 4999 r 313
r 2 i 506491 s 5000 f 1 wf
r 2 i 506047 s 5000 f 2
r 2 i 506171 s 5000 f 1 wf
s 107169 

n 10000 l 4999 r 314
r 2 i 505873 s 5000 f 1 wf
r 2 i 505885 s 5000 f 1 wf
s 104980 

n 10000 l 4999 r 315
r 2 i 505710 s 5000 f 1 wf
r 2 i 508785 s 5000 f 2
s 95998 

n 10000 l 4999 r 316
r 2 i 506074 s 5000 f 1 wf
s 134331 

n 10000 l 4999 r 317
r 2 i 505916 s 5000 f 1 wf
r 2 i 506461 s 5000 f 1 wf
s 109339 

n 10000 l 4999 r 318
r 2 i 506009 s 5000 f 1 wf
r 2 i 505659 s 5000 f 2
r 2 i 505725 s 5000 f 1 wf
s 103915 

n 10000 l 4999 r 319
r 2 i 505966 s 5000 f 1 wf
r 2 i 506206 s 5000 f 1 wf
s 89226 

n 10000 l 4999 r 320
r 2 i 505682 s 5000 f 1 wf
r 2 i 505479 s 5000 f 1 wf
s 90524 

n 10000 l 4999 r 321
r 2 i 506222 s 5000 f 2
r 2 i 506882 s 5000 f 2
s 92614 

n 10000 l 4999 r 322
r 2 i 506347 s 5000 f 1 wf
s 86697 

n 10000 l 4999 r 323
r 2 i 505939 s 5000 f 1 wf
r 2 i 506569 s 5000 f 1 wf
r 2 i 505873 s 5000 f 1 wf
s 89966 

n 10000 l 4999 r 324
s 111792 

n 10000 l 4999 r 325
r 2 i 506151 s 5000 f 1 wf
r 2 i 505898 s 5000 f 1 wf
r 2 i 506515 s 5000 f 1 wf
r 2 i 506490 s 5000 f 2
r 2 i 505728 s 5000 f 1 wf
s 123085 

n 10000 l 4999 r 326
s 87780 

n 10000 l 4999 r 327
r 2 i 505567 s 5000 f 2
r 2 i 505732 s 5000 f 2
r 2 i 506089 s 5000 f 1 wf
s 91093 

n 10000 l 4999 r 328
r 2 i 505403 s 5000 f 1 wf
r 2 i 506225 s 5000 f 1 wf
s 95599 

n 10000 l 4999 r 329
r 2 i 506029 s 5000 f 1 wf
r 2 i 506277 s 5000 f 1 wf
r 2 i 505936 s 5000 f 1 wf
s 97242 

n 10000 l 4999 r 330
s 95902 

n 10000 l 4999 r 331
r 2 i 506160 s 5000 f 1 wf
s 89403 

n 10000 l 4999 r 332
s 116719 

n 10000 l 4999 r 333
s 103482 

n 10000 l 4999 r 334
r 2 i 505807 s 5000 f 2
s 108802 

n 10000 l 4999 r 335
r 2 i 506097 s 5000 f 1 wf
s 98364 

n 10000 l 4999 r 336
r 2 i 506291 s 5000 f 2
r 2 i 506261 s 5000 f 1 wf
r 2 i 506052 s 5000 f 1 wf
r 2 i 504970 s 5000 f 1 wf
r 2 i 506087 s 5000 f 1 wf
s 97252 

n 10000 l 4999 r 337
r 2 i 506161 s 5000 f 1 wf
r 2 i 506020 s 5000 f 1 wf
r 2 i 506171 s 5000 f 1 wf
s 110864 

n 10000 l 4999 r 338
s 93709 

n 10000 l 4999 r 339
r 2 i 505944 s 5000 f 1 wf
r 2 i 506485 s 5000 f 1 wf
r 2 i 506023 s 5000 f 1 wf
r 2 i 506332 s 5000 f 2
r 2 i 506177 s 5000 f 1 wf
s 118026 

n 10000 l 4999 r 340
r 2 i 505416 s 5000 f 1 wf
s 97802 

n 10000 l 4999 r 341
r 2 i 505627 s 5000 f 1 wf
s 84349 

n 10000 l 4999 r 342
r 2 i 505891 s 5000 f 1 wf
r 2 i 506155 s 5000 f 1 wf
r 2 i 505590 s 5000 f 1 wf
r 2 i 505522 s 5000 f 2
r 2 i 506001 s 5000 f 1 wf
r 2 i 505699 s 5000 f 1 wf
s 92833 

n 10000 l 4999 r 343
r 2 i 506425 s 5000 f 1 wf
r 2 i 506341 s 5000 f 1 wf
s 110532 

n 10000 l 4999 r 344
s 89403 

n 10000 l 4999 r 345
r 2 i 506250 s 5000 f 1 wf
r 2 i 505623 s 5000 f 1 wf
r 2 i 506104 s 5000 f 1 wf
r 2 i 510293 s 5000 f 2
r 2 i 505901 s 5000 f 1 wf
r 2 i 505619 s 5000 f 1 wf
r 2 i 506066 s 5000 f 1 wf
r 2 i 505736 s 5000 f 2
s 88877 

n 10000 l 4999 r 346
s 88222 

n 10000 l 4999 r 347
r 2 i 505965 s 5000 f 2
s 101846 

n 10000 l 4999 r 348
r 2 i 505843 s 5000 f 1 wf
r 2 i 506411 s 5000 f 1 wf
r 2 i 506199 s 5000 f 1 wf
r 2 i 505970 s 5000 f 1 wf
r 2 i 505585 s 5000 f 1 wf
s 93567 

n 10000 l 4999 r 349
s 93736 

n 10000 l 4999 r 350
s 101817 

n 10000 l 4999 r 351
r 2 i 506050 s 5000 f 2
s 119553 

n 10000 l 4999 r 352
s 105352 

n 10000 l 4999 r 353
r 2 i 505740 s 5000 f 2
s 98361 

n 10000 l 4999 r 354
r 2 i 506697 s 5000 f 2
r 2 i 505849 s 5000 f 1 wf
r 2 i 506384 s 5000 f 1 wf
s 87340 

n 10000 l 4999 r 355
r 2 i 507028 s 5000 f 1 wf
r 2 i 506851 s 5000 f 1 wf
s 86845 

n 10000 l 4999 r 356
r 2 i 505886 s 5000 f 1 wf
r 2 i 505720 s 5000 f 1 wf
r 2 i 506583 s 5000 f 1 wf
r 2 i 505231 s 5000 f 1 wf
r 2 i 505717 s 5000 f 1 wf
s 122489 

n 10000 l 4999 r 357
r 2 i 506158 s 5000 f 1 wf
s 98615 

n 10000 l 4999 r 358
s 98509 

n 10000 l 4999 r 359
r 2 i 506251 s 5000 f 1 wf
s 84257 

n 10000 l 4999 r 360
s 122526 

n 10000 l 4999 r 361
s 113983 

n 10000 l 4999 r 362
s 114445 

n 10000 l 4999 r 363
r 2 i 506057 s 5000 f 1 wf
s 98122 

n 10000 l 4999 r 364
s 100246 

n 10000 l 4999 r 365
s 97134 

n 10000 l 4999 r 366
r 2 i 506151 s 5000 f 1 wf
r 2 i 508424 s 5000 f 1 wf
r 2 i 506380 s 5000 f 1 wf
r 2 i 505687 s 5000 f 1 wf
r 2 i 505410 s 5000 f 1 wf
r 2 i 505958 s 5000 f 1 wf
s 88211 

n 10000 l 4999 r 367
r 2 i 505788 s 5000 f 2
r 2 i 506065 s 5000 f 1 wf
r 2 i 505989 s 5000 f 1 wf
s 95768 

n 10000 l 4999 r 368
s 97210 

n 10000 l 4999 r 369
r 2 i 505521 s 5000 f 1 wf
r 2 i 505950 s 5000 f 1 wf
r 2 i 505859 s 5000 f 2
r 2 i 505974 s 5000 f 1 wf
s 119871 

n 10000 l 4999 r 370
r 2 i 505904 s 5000 f 2
r 2 i 505844 s 5000 f 1 wf
r 2 i 505669 s 5000 f 1 wf
s 96570 

n 10000 l 4999 r 371
r 2 i 506655 s 5000 f 1 wf
r 2 i 505956 s 5000 f 1 wf
r 2 i 506030 s 5000 f 1 wf
s 107025 

n 10000 l 4999 r 372
s 101722 

n 10000 l 4999 r 373
r 2 i 506095 s 5000 f 1 wf
r 2 i 512539 s 5000 f 1 wf
r 2 i 506374 s 5000 f 1 wf
s 112270 

n 10000 l 4999 r 374
r 2 i 506205 s 5000 f 1 wf
r 2 i 506002 s 5000 f 1 wf
r 2 i 505836 s 5000 f 1 wf
r 2 i 506221 s 5000 f 1 wf
r 2 i 506180 s 5000 f 1 wf
r 2 i 505729 s 5000 f 1 wf
r 2 i 506305 s 5000 f 1 wf
s 103138 

n 10000 l 4999 r 375
r 2 i 506675 s 5000 f 1 wf
r 2 i 505786 s 5000 f 1 wf
r 2 i 505834 s 5000 f 1 wf
r 2 i 505877 s 5000 f 1 wf
r 2 i 505665 s 5000 f 1 wf
s 89852 

n 10000 l 4999 r 376
s 100079 

n 10000 l 4999 r 377
r 2 i 506360 s 5000 f 1 wf
r 2 i 506226 s 5000 f 1 wf
r 2 i 505946 s 5000 f 1 wf
r 2 i 506468 s 5000 f 2
s 122509 

n 10000 l 4999 r 378
r 2 i 506245 s 5000 f 1 wf
r 2 i 506206 s 5000 f 2
r 2 i 506179 s 5000 f 1 wf
s 104217 

n 10000 l 4999 r 379
r 2 i 506268 s 5000 f 1 wf
r 2 i 506053 s 5000 f 2
s 106014 

n 10000 l 4999 r 380
r 2 i 505977 s 5000 f 1 wf
s 107142 

n 10000 l 4999 r 381
r 2 i 505841 s 5000 f 1 wf
r 2 i 505958 s 5000 f 1 wf
r 2 i 505560 s 5000 f 2
r 2 i 505870 s 5000 f 1 wf
r 2 i 505865 s 5000 f 1 wf
r 2 i 506460 s 5000 f 1 wf
s 99925 

n 10000 l 4999 r 382
r 2 i 506048 s 5000 f 2
r 2 i 506192 s 5000 f 1 wf
r 2 i 506307 s 5000 f 1 wf
r 2 i 506059 s 5000 f 1 wf
r 2 i 506230 s 5000 f 2
r 2 i 505947 s 5000 f 1 wf
r 2 i 505322 s 5000 f 1 wf
r 2 i 506004 s 5000 f 2
s 98355 

n 10000 l 4999 r 383
s 82393 

n 10000 l 4999 r 384
s 83710 

n 10000 l 4999 r 385
s 121805 

n 10000 l 4999 r 386
r 2 i 505444 s 5000 f 1 wf
r 2 i 513992 s 5000 f 1 wf
r 2 i 505937 s 5000 f 1 wf
s 90618 

n 10000 l 4999 r 387
s 103134 

n 10000 l 4999 r 388
r 2 i 505829 s 5000 f 1 wf
s 109292 

n 10000 l 4999 r 389
s 90814 

n 10000 l 4999 r 390
r 2 i 505477 s 5000 f 1 wf
r 2 i 505849 s 5000 f 1 wf
s 90609 

n 10000 l 4999 r 391
r 2 i 511095 s 5000 f 1 wf
r 2 i 505860 s 5000 f 2
s 93073 

n 10000 l 4999 r 392
s 104445 

n 10000 l 4999 r 393
r 2 i 506226 s 5000 f 1 wf
r 2 i 507163 s 5000 f 1 wf
r 2 i 506002 s 5000 f 1 wf
r 2 i 505891 s 5000 f 1 wf
s 101029 

n 10000 l 4999 r 394
s 95124 

n 10000 l 4999 r 395
s 91088 

n 10000 l 4999 r 396
r 2 i 506144 s 5000 f 1 wf
r 2 i 505947 s 5000 f 2
s 101946 

n 10000 l 4999 r 397
s 100410 

n 10000 l 4999 r 398
r 2 i 506035 s 5000 f 1 wf
s 96991 

n 10000 l 4999 r 399
s 107454 

n 10000 l 4999 r 400
s 107612 

n 10000 l 4999 r 401
s 95658 

n 10000 l 4999 r 402
r 2 i 506522 s 5000 f 1 wf
r 2 i 506221 s 5000 f 1 wf
s 91041 

n 10000 l 4999 r 403
r 2 i 505884 s 5000 f 1 wf
r 2 i 506693 s 5000 f 1 wf
r 2 i 505990 s 5000 f 1 wf
s 106197 

n 10000 l 4999 r 404
s 95292 

n 10000 l 4999 r 405
r 2 i 505628 s 5000 f 1 wf
r 2 i 506238 s 5000 f 1 wf
r 2 i 511101 s 5000 f 1 wf
r 2 i 505609 s 5000 f 1 wf
r 2 i 506068 s 5000 f 2
r 2 i 505993 s 5000 f 1 wf
r 2 i 506111 s 5000 f 1 wf
r 2 i 505619 s 5000 f 1 wf
r 2 i 505774 s 5000 f 1 wf
r 2 i 506041 s 5000 f 1 wf
r 2 i 511799 s 5000 f 2
r 2 i 506259 s 5000 f 1 wf
s 93530 

n 10000 l 4999 r 406
r 2 i 505767 s 5000 f 2
r 2 i 506259 s 5000 f 1 wf
s 95280 

n 10000 l 4999 r 407
r 2 i 505885 s 5000 f 2
r 2 i 506297 s 5000 f 1 wf
r 2 i 509967 s 5000 f 1 wf
r 2 i 506633 s 5000 f 1 wf
r 2 i 506189 s 5000 f 1 wf
r 2 i 505602 s 5000 f 1 wf
r 2 i 506072 s 5000 f 1 wf
r 2 i 506144 s 5000 f 2
s 115486 

n 10000 l 4999 r 408
s 118252 

n 10000 l 4999 r 409
s 117220 

n 10000 l 4999 r 410
r 2 i 506291 s 5000 f 1 wf
s 97096 

n 10000 l 4999 r 411
s 89424 

n 10000 l 4999 r 412
r 2 i 505939 s 5000 f 1 wf
r 2 i 505522 s 5000 f 1 wf
r 2 i 506853 s 5000 f 1 wf
s 90492 

n 10000 l 4999 r 413
r 2 i 506059 s 5000 f 1 wf
r 2 i 505884 s 5000 f 1 wf
r 2 i 505844 s 5000 f 1 wf
s 94853 

n 10000 l 4999 r 414
s 130500 

n 10000 l 4999 r 415
r 2 i 506062 s 5000 f 1 wf
s 123651 

n 10000 l 4999 r 416
s 118429 

n 10000 l 4999 r 417
r 2 i 506619 s 5000 f 1 wf
s 120083 

n 10000 l 4999 r 418
r 2 i 506368 s 5000 f 1 wf
r 2 i 505762 s 5000 f 2
s 83983 

n 10000 l 4999 r 419
s 107449 

n 10000 l 4999 r 420
r 2 i 506208 s 5000 f 2
r 2 i 505866 s 5000 f 1 wf
r 2 i 506158 s 5000 f 1 wf
s 90097 

n 10000 l 4999 r 421
r 2 i 506255 s 5000 f 1 wf
r 2 i 506381 s 5000 f 1 wf
r 2 i 505795 s 5000 f 1 wf
s 93625 

n 10000 l 4999 r 422
r 2 i 506220 s 5000 f 1 wf
r 2 i 505773 s 5000 f 1 wf
s 99750 

n 10000 l 4999 r 423
r 2 i 506100 s 5000 f 1 wf
r 2 i 506316 s 5000 f 2
s 86651 

n 10000 l 4999 r 424
r 2 i 505895 s 5000 f 1 wf
r 2 i 505665 s 5000 f 1 wf
r 2 i 506390 s 5000 f 1 wf
s 90519 

n 10000 l 4999 r 425
s 92305 

n 10000 l 4999 r 426
r 2 i 505688 s 5000 f 2
s 111584 

n 10000 l 4999 r 427
r 2 i 506174 s 5000 f 1 wf
r 2 i 506175 s 5000 f 1 wf
r 2 i 506876 s 5000 f 2
s 101903 

n 10000 l 4999 r 428
r 2 i 505915 s 5000 f 1 wf
r 2 i 506262 s 5000 f 1 wf
s 91752 

n 10000 l 4999 r 429
r 2 i 505977 s 5000 f 1 wf
s 99216 

n 10000 l 4999 r 430
r 2 i 505990 s 5000 f 1 wf
r 2 i 505972 s 5000 f 1 wf
s 112353 

n 10000 l 4999 r 431
r 2 i 505923 s 5000 f 1 wf
s 89932 

n 10000 l 4999 r 432
r 2 i 505671 s 5000 f 1 wf
s 110424 

n 10000 l 4999 r 433
s 82643 

n 10000 l 4999 r 434
s 102851 

n 10000 l 4999 r 435
r 2 i 505658 s 5000 f 1 wf
r 2 i 505899 s 5000 f 1 wf
r 2 i 505994 s 5000 f 1 wf
s 132810 

n 10000 l 4999 r 436
s 110200 

n 10000 l 4999 r 437
s 101372 

n 10000 l 4999 r 438
r 2 i 505855 s 5000 f 1 wf
s 103435 

n 10000 l 4999 r 439
s 98420 

n 10000 l 4999 r 440
r 2 i 505628 s 5000 f 1 wf
s 89957 

n 10000 l 4999 r 441
r 2 i 506425 s 5000 f 1 wf
s 100346 

n 10000 l 4999 r 442
r 2 i 505615 s 5000 f 1 wf
r 2 i 506007 s 5000 f 1 wf
r 2 i 505855 s 5000 f 1 wf
r 2 i 505991 s 5000 f 1 wf
s 104005 

n 10000 l 4999 r 443
r 2 i 506131 s 5000 f 1 wf
s 103832 

n 10000 l 4999 r 444
s 100524 

n 10000 l 4999 r 445
r 2 i 505699 s 5000 f 1 wf
r 2 i 506107 s 5000 f 1 wf
r 2 i 506328 s 5000 f 2
r 2 i 506701 s 5000 f 1 wf
r 2 i 506189 s 5000 f 2
r 2 i 505536 s 5000 f 1 wf
r 2 i 506075 s 5000 f 2
r 2 i 506179 s 5000 f 1 wf
s 94743 

n 10000 l 4999 r 446
r 2 i 505712 s 5000 f 1 wf
s 105514 

n 10000 l 4999 r 447
s 104093 

n 10000 l 4999 r 448
r 2 i 505846 s 5000 f 1 wf
r 2 i 506546 s 5000 f 1 wf
s 88962 

n 10000 l 4999 r 449
r 2 i 505517 s 5000 f 1 wf
r 2 i 505301 s 5000 f 1 wf
s 111815 

n 10000 l 4999 r 450
s 106623 

n 10000 l 4999 r 451
r 2 i 506510 s 5000 f 1 wf
s 126976 

n 10000 l 4999 r 452
s 98851 

n 10000 l 4999 r 453
s 87983 

n 10000 l 4999 r 454
r 2 i 508432 s 5000 f 1 wf
r 2 i 506447 s 5000 f 1 wf
r 2 i 505979 s 5000 f 1 wf
r 2 i 506581 s 5000 f 1 wf
s 111272 

n 10000 l 4999 r 455
r 2 i 506283 s 5000 f 1 wf
r 2 i 507727 s 5000 f 1 wf
r 2 i 505653 s 5000 f 1 wf
r 2 i 506173 s 5000 f 2
r 2 i 506352 s 5000 f 1 wf
r 2 i 505861 s 5000 f 1 wf
r 2 i 505891 s 5000 f 2
s 99352 

n 10000 l 4999 r 456
r 2 i 505290 s 5000 f 2
s 87061 

n 10000 l 4999 r 457
r 2 i 506133 s 5000 f 1 wf
s 98194 

n 10000 l 4999 r 458
r 2 i 505701 s 5000 f 1 wf
r 2 i 506430 s 5000 f 1 wf
s 91676 

n 10000 l 4999 r 459
s 93029 

n 10000 l 4999 r 460
r 2 i 505823 s 5000 f 1 wf
r 2 i 506040 s 5000 f 2
r 2 i 506536 s 5000 f 1 wf
r 2 i 505899 s 5000 f 1 wf
r 2 i 505593 s 5000 f 1 wf
s 121165 

n 10000 l 4999 r 461
r 2 i 506522 s 5000 f 1 wf
r 2 i 505519 s 5000 f 1 wf
r 2 i 506028 s 5000 f 1 wf
r 2 i 505961 s 5000 f 1 wf
s 91823 

n 10000 l 4999 r 462
r 2 i 505605 s 5000 f 1 wf
r 2 i 505646 s 5000 f 1 wf
r 2 i 505105 s 5000 f 1 wf
s 118808 

n 10000 l 4999 r 463
r 2 i 506323 s 5000 f 1 wf
r 2 i 506410 s 5000 f 1 wf
r 2 i 506145 s 5000 f 1 wf
r 2 i 505872 s 5000 f 2
r 2 i 505814 s 5000 f 1 wf
r 2 i 506087 s 5000 f 1 wf
r 2 i 506017 s 5000 f 1 wf
r 2 i 505941 s 5000 f 1 wf
r 2 i 505692 s 5000 f 2
r 2 i 505884 s 5000 f 2
r 2 i 506097 s 5000 f 1 wf
s 99801 

n 10000 l 4999 r 464
s 100421 

n 10000 l 4999 r 465
r 2 i 505814 s 5000 f 1 wf
r 2 i 506056 s 5000 f 1 wf
r 2 i 506198 s 5000 f 2
r 2 i 505801 s 5000 f 1 wf
r 2 i 505516 s 5000 f 1 wf
r 2 i 505247 s 5000 f 1 wf
s 91192 

n 10000 l 4999 r 466
r 2 i 505963 s 5000 f 2
s 89854 

n 10000 l 4999 r 467
r 2 i 505656 s 5000 f 2
r 2 i 506022 s 5000 f 1 wf
r 2 i 506036 s 5000 f 1 wf
r 2 i 506015 s 5000 f 1 wf
r 2 i 505759 s 5000 f 1 wf
r 2 i 506201 s 5000 f 2
r 2 i 505782 s 5000 f 1 wf
r 2 i 505713 s 5000 f 1 wf
s 97711 

n 10000 l 4999 r 468
s 108791 

n 10000 l 4999 r 469
s 96093 

n 10000 l 4999 r 470
r 2 i 508456 s 5000 f 1 wf
r 2 i 505916 s 5000 f 1 wf
r 2 i 506383 s 5000 f 1 wf
s 103594 

n 10000 l 4999 r 471
r 2 i 505987 s 5000 f 1 wf
s 107132 

n 10000 l 4999 r 472
s 88482 

n 10000 l 4999 r 473
r 2 i 506744 s 5000 f 1 wf
r 2 i 506680 s 5000 f 1 wf
r 2 i 506112 s 5000 f 1 wf
r 2 i 506108 s 5000 f 1 wf
s 101143 

n 10000 l 4999 r 474
s 122293 

n 10000 l 4999 r 475
r 2 i 506398 s 5000 f 2
r 2 i 505796 s 5000 f 2
r 2 i 506689 s 5000 f 1 wf
r 2 i 506253 s 5000 f 1 wf
r 2 i 506385 s 5000 f 1 wf
r 2 i 506468 s 5000 f 1 wf
r 2 i 506114 s 5000 f 1 wf
r 2 i 506030 s 5000 f 1 wf
r 2 i 505918 s 5000 f 1 wf
s 83959 

n 10000 l 4999 r 476
r 2 i 505828 s 5000 f 1 wf
r 2 i 505893 s 5000 f 1 wf
r 2 i 506112 s 5000 f 1 wf
r 2 i 505957 s 5000 f 1 wf
r 2 i 505895 s 5000 f 1 wf
s 107789 

n 10000 l 4999 r 477
s 119101 

n 10000 l 4999 r 478
r 2 i 506469 s 5000 f 1 wf
r 2 i 505866 s 5000 f 1 wf
r 2 i 505766 s 5000 f 2
s 83968 

n 10000 l 4999 r 479
r 2 i 505889 s 5000 f 2
r 2 i 505886 s 5000 f 1 wf
s 102998 

n 10000 l 4999 r 480
s 120613 

n 10000 l 4999 r 481
r 2 i 505875 s 5000 f 1 wf
s 99275 

n 10000 l 4999 r 482
r 2 i 506101 s 5000 f 1 wf
s 109197 

n 10000 l 4999 r 483
r 2 i 506040 s 5000 f 1 wf
r 2 i 516032 s 5000 f 1 wf
s 95547 

n 10000 l 4999 r 484
r 2 i 505796 s 5000 f 2
r 2 i 505883 s 5000 f 1 wf
r 2 i 506381 s 5000 f 1 wf
r 2 i 505552 s 5000 f 1 wf
r 2 i 505441 s 5000 f 2
s 88579 

n 10000 l 4999 r 485
s 111004 

n 10000 l 4999 r 486
r 2 i 506437 s 5000 f 1 wf
s 102468 

n 10000 l 4999 r 487
r 2 i 506081 s 5000 f 2
r 2 i 505968 s 5000 f 1 wf
r 2 i 505852 s 5000 f 2
r 2 i 506399 s 5000 f 1 wf
s 107438 

n 10000 l 4999 r 488
r 2 i 505970 s 5000 f 2
r 2 i 506140 s 5000 f 1 wf
r 2 i 505624 s 5000 f 1 wf
r 2 i 505793 s 5000 f 1 wf
s 88433 

n 10000 l 4999 r 489
s 103895 

n 10000 l 4999 r 490
s 90662 

n 10000 l 4999 r 491
r 2 i 505970 s 5000 f 1 wf
r 2 i 505944 s 5000 f 2
s 101148 

n 10000 l 4999 r 492
s 104787 

n 10000 l 4999 r 493
s 104807 

n 10000 l 4999 r 494
r 2 i 505923 s 5000 f 2
r 2 i 506258 s 5000 f 2
r 2 i 505792 s 5000 f 1 wf
r 2 i 506715 s 5000 f 1 wf
s 96585 

n 10000 l 4999 r 495
r 2 i 505906 s 5000 f 1 wf
r 2 i 506163 s 5000 f 1 wf
r 2 i 505596 s 5000 f 1 wf
r 2 i 505994 s 5000 f 1 wf
r 2 i 505787 s 5000 f 1 wf
s 93959 

n 10000 l 4999 r 496
r 2 i 506154 s 5000 f 1 wf
r 2 i 505621 s 5000 f 1 wf
r 2 i 506266 s 5000 f 1 wf
r 2 i 505885 s 5000 f 2
r 2 i 505860 s 5000 f 1 wf
r 2 i 505613 s 5000 f 1 wf
s 96772 

n 10000 l 4999 r 497
r 2 i 505496 s 5000 f 1 wf
r 2 i 505888 s 5000 f 1 wf
s 101471 

n 10000 l 4999 r 498
s 81383 

n 10000 l 4999 r 499
r 2 i 505831 s 5000 f 1 wf
r 2 i 506076 s 5000 f 1 wf
r 2 i 505677 s 5000 f 1 wf
s 106245 

n 10000 l 4999 r 500
r 2 i 506012 s 5000 f 2
r 2 i 505674 s 5000 f 1 wf
s 129566 

n 10000 l 4999 r 501
s 90326 

n 10000 l 4999 r 502
s 96168 

n 10000 l 4999 r 503
s 99182 

n 10000 l 4999 r 504
r 2 i 505980 s 5000 f 1 wf
r 2 i 505898 s 5000 f 1 wf
s 115227 

n 10000 l 4999 r 505
r 2 i 505775 s 5000 f 2
r 2 i 506067 s 5000 f 1 wf
r 2 i 505882 s 5000 f 1 wf
r 2 i 506280 s 5000 f 1 wf
r 2 i 505352 s 5000 f 1 wf
s 87549 

n 10000 l 4999 r 506
r 2 i 506116 s 5000 f 1 wf
r 2 i 505625 s 5000 f 1 wf
s 100437 

n 10000 l 4999 r 507
s 100630 

n 10000 l 4999 r 508
s 95002 

n 10000 l 4999 r 509
s 87346 

n 10000 l 4999 r 510
r 2 i 506299 s 5000 f 1 wf
r 2 i 505670 s 5000 f 1 wf
s 89770 

n 10000 l 4999 r 511
s 96500 

n 10000 l 4999 r 512
r 2 i 506066 s 5000 f 1 wf
s 98299 

n 10000 l 4999 r 513
r 2 i 505935 s 5000 f 1 wf
s 131705 

n 10000 l 4999 r 514
s 139140 

n 10000 l 4999 r 515
s 89049 

n 10000 l 4999 r 516
s 94871 

n 10000 l 4999 r 517
r 2 i 505817 s 5000 f 1 wf
r 2 i 506287 s 5000 f 1 wf
r 2 i 512547 s 5000 f 2
r 2 i 506685 s 5000 f 1 wf
s 109360 

n 10000 l 4999 r 518
r 2 i 505872 s 5000 f 1 wf
s 105736 

n 10000 l 4999 r 519
r 2 i 505712 s 5000 f 1 wf
r 2 i 506660 s 5000 f 1 wf
r 2 i 506106 s 5000 f 1 wf
s 91072 

n 10000 l 4999 r 520
r 2 i 505788 s 5000 f 2
r 2 i 505479 s 5000 f 2
r 2 i 506138 s 5000 f 2
s 95342 

n 10000 l 4999 r 521
r 2 i 506333 s 5000 f 1 wf
s 97823 

n 10000 l 4999 r 522
s 100506 

n 10000 l 4999 r 523
s 92986 

n 10000 l 4999 r 524
r 2 i 505962 s 5000 f 1 wf
r 2 i 505991 s 5000 f 1 wf
r 2 i 506058 s 5000 f 2
s 113431 

n 10000 l 4999 r 525
r 2 i 505839 s 5000 f 2
s 104635 

n 10000 l 4999 r 526
s 88450 

n 10000 l 4999 r 527
s 98906 

n 10000 l 4999 r 528
r 2 i 506164 s 5000 f 1 wf
r 2 i 505849 s 5000 f 1 wf
r 2 i 506712 s 5000 f 1 wf
r 2 i 506430 s 5000 f 1 wf
s 116098 

n 10000 l 4999 r 529
s 114280 

n 10000 l 4999 r 530
r 2 i 505564 s 5000 f 1 wf
r 2 i 506232 s 5000 f 2
r 2 i 505636 s 5000 f 1 wf
r 2 i 506343 s 5000 f 1 wf
r 2 i 505901 s 5000 f 1 wf
s 95545 

n 10000 l 4999 r 531
s 92928 

n 10000 l 4999 r 532
r 2 i 506159 s 5000 f 2
r 2 i 506221 s 5000 f 1 wf
s 106439 

n 10000 l 4999 r 533
r 2 i 505825 s 5000 f 1 wf
r 2 i 505769 s 5000 f 1 wf
s 97191 

n 10000 l 4999 r 534
r 2 i 505783 s 5000 f 2
s 103066 

n 10000 l 4999 r 535
r 2 i 505378 s 5000 f 1 wf
s 98062 

n 10000 l 4999 r 536
r 2 i 506009 s 5000 f 1 wf
s 105787 

n 10000 l 4999 r 537
r 2 i 505661 s 5000 f 1 wf
s 108151 

n 10000 l 4999 r 538
r 2 i 505600 s 5000 f 2
s 103246 

n 10000 l 4999 r 539
r 2 i 505714 s 5000 f 1 wf
s 99090 

n 10000 l 4999 r 540
r 2 i 506154 s 5000 f 1 wf
s 121731 

n 10000 l 4999 r 541
s 104124 

n 10000 l 4999 r 542
r 2 i 506229 s 5000 f 2
r 2 i 507378 s 5000 f 2
r 2 i 506202 s 5000 f 1 wf
s 100917 

n 10000 l 4999 r 543
r 2 i 505379 s 5000 f 2
s 103766 

n 10000 l 4999 r 544
r 2 i 506013 s 5000 f 1 wf
r 2 i 506665 s 5000 f 2
r 2 i 505823 s 5000 f 1 wf
s 103606 

n 10000 l 4999 r 545
s 101051 

n 10000 l 4999 r 546
s 104120 

n 10000 l 4999 r 547
s 94249 

n 10000 l 4999 r 548
s 114082 

n 10000 l 4999 r 549
s 99346 

n 10000 l 4999 r 550
r 2 i 506161 s 5000 f 2
r 2 i 506222 s 5000 f 1 wf
r 2 i 506146 s 5000 f 1 wf
s 113345 

n 10000 l 4999 r 551
r 2 i 506400 s 5000 f 1 wf
r 2 i 505501 s 5000 f 2
r 2 i 505688 s 5000 f 1 wf
r 2 i 505633 s 5000 f 1 wf
r 2 i 506182 s 5000 f 2
r 2 i 505826 s 5000 f 1 wf
s 81169 

n 10000 l 4999 r 552
s 114202 

n 10000 l 4999 r 553
s 108859 

n 10000 l 4999 r 554
s 92788 

n 10000 l 4999 r 555
s 108763 

n 10000 l 4999 r 556
s 93185 

n 10000 l 4999 r 557
s 98797 

n 10000 l 4999 r 558
s 108252 

n 10000 l 4999 r 559
s 102304 

n 10000 l 4999 r 560
s 85081 

n 10000 l 4999 r 561
r 2 i 506105 s 5000 f 1 wf
r 2 i 506960 s 5000 f 1 wf
s 99518 

n 10000 l 4999 r 562
r 2 i 506485 s 5000 f 1 wf
s 93552 

n 10000 l 4999 r 563
r 2 i 505764 s 5000 f 2
r 2 i 505508 s 5000 f 1 wf
s 98992 

n 10000 l 4999 r 564
r 2 i 506106 s 5000 f 1 wf
s 109041 

n 10000 l 4999 r 565
r 2 i 505543 s 5000 f 1 wf
r 2 i 506413 s 5000 f 1 wf
s 91160 

n 10000 l 4999 r 566
s 92616 

n 10000 l 4999 r 567
s 89135 

n 10000 l 4999 r 568
s 100650 

n 10000 l 4999 r 569
r 2 i 505769 s 5000 f 2
r 2 i 505649 s 5000 f 2
r 2 i 505974 s 5000 f 1 wf
r 2 i 506400 s 5000 f 1 wf
r 2 i 506132 s 5000 f 1 wf
r 2 i 505663 s 5000 f 2
s 99263 

n 10000 l 4999 r 570
s 109928 

n 10000 l 4999 r 571
s 114222 

n 10000 l 4999 r 572
s 107020 

n 10000 l 4999 r 573
s 95689 

n 10000 l 4999 r 574
r 2 i 507091 s 5000 f 1 wf
s 92464 

n 10000 l 4999 r 575
r 2 i 506633 s 5000 f 1 wf
r 2 i 506232 s 5000 f 1 wf
r 2 i 505835 s 5000 f 1 wf
s 115092 

n 10000 l 4999 r 576
s 83705 

n 10000 l 4999 r 577
r 2 i 506362 s 5000 f 2
r 2 i 505609 s 5000 f 1 wf
s 113407 

n 10000 l 4999 r 578
r 2 i 505916 s 5000 f 2
r 2 i 505904 s 5000 f 2
r 2 i 505521 s 5000 f 1 wf
r 2 i 509963 s 5000 f 1 wf
s 136576 

n 10000 l 4999 r 579
r 2 i 505576 s 5000 f 1 wf
r 2 i 507089 s 5000 f 1 wf
r 2 i 506301 s 5000 f 1 wf
s 123654 

n 10000 l 4999 r 580
r 2 i 505378 s 5000 f 2
r 2 i 505752 s 5000 f 1 wf
r 2 i 506210 s 5000 f 1 wf
r 2 i 506377 s 5000 f 2
s 97961 

n 10000 l 4999 r 581
s 91452 

n 10000 l 4999 r 582
r 2 i 505688 s 5000 f 1 wf
r 2 i 505900 s 5000 f 1 wf
s 104651 

n 10000 l 4999 r 583
r 2 i 505667 s 5000 f 2
s 87636 

n 10000 l 4999 r 584
s 92891 

n 10000 l 4999 r 585
r 2 i 506826 s 5000 f 1 wf
r 2 i 505839 s 5000 f 1 wf
r 2 i 505886 s 5000 f 1 wf
r 2 i 508436 s 5000 f 1 wf
r 2 i 506321 s 5000 f 2
s 101804 

n 10000 l 4999 r 586
r 2 i 506238 s 5000 f 1 wf
r 2 i 505848 s 5000 f 1 wf
r 2 i 505787 s 5000 f 2
s 98433 

n 10000 l 4999 r 587
r 2 i 506264 s 5000 f 1 wf
r 2 i 505574 s 5000 f 1 wf
s 94634 

n 10000 l 4999 r 588
r 2 i 506240 s 5000 f 1 wf
r 2 i 506296 s 5000 f 1 wf
r 2 i 505952 s 5000 f 1 wf
r 2 i 506121 s 5000 f 1 wf
r 2 i 506000 s 5000 f 1 wf
r 2 i 505673 s 5000 f 1 wf
s 86377 

n 10000 l 4999 r 589
s 109168 

n 10000 l 4999 r 590
r 2 i 505859 s 5000 f 1 wf
r 2 i 505976 s 5000 f 1 wf
r 2 i 505695 s 5000 f 1 wf
s 102734 

n 10000 l 4999 r 591
s 87784 

n 10000 l 4999 r 592
r 2 i 506047 s 5000 f 1 wf
r 2 i 505247 s 5000 f 1 wf
r 2 i 506235 s 5000 f 2
r 2 i 506114 s 5000 f 2
r 2 i 506145 s 5000 f 2
r 2 i 506126 s 5000 f 1 wf
r 2 i 506941 s 5000 f 1 wf
r 2 i 506083 s 5000 f 1 wf
s 96336 

n 10000 l 4999 r 593
s 86485 

n 10000 l 4999 r 594
r 2 i 505847 s 5000 f 1 wf
s 90679 

n 10000 l 4999 r 595
s 133085 

n 10000 l 4999 r 596
r 2 i 506085 s 5000 f 1 wf
r 2 i 506057 s 5000 f 1 wf
r 2 i 506467 s 5000 f 1 wf
s 78552 

n 10000 l 4999 r 597
r 2 i 506630 s 5000 f 1 wf
s 95238 

n 10000 l 4999 r 598
r 2 i 506212 s 5000 f 1 wf
s 83112 

n 10000 l 4999 r 599
r 2 i 505953 s 5000 f 1 wf
s 90437 

n 10000 l 4999 r 600
r 2 i 506270 s 5000 f 1 wf
s 97982 

n 10000 l 4999 r 601
r 2 i 505798 s 5000 f 1 wf
s 100763 

n 10000 l 4999 r 602
s 87416 

n 10000 l 4999 r 603
s 97229 

n 10000 l 4999 r 604
r 2 i 506072 s 5000 f 2
s 133786 

n 10000 l 4999 r 605
r 2 i 506105 s 5000 f 1 wf
r 2 i 506489 s 5000 f 1 wf
r 2 i 506183 s 5000 f 1 wf
r 2 i 505969 s 5000 f 1 wf
s 99050 

n 10000 l 4999 r 606
r 2 i 505736 s 5000 f 2
s 115256 

n 10000 l 4999 r 607
r 2 i 506446 s 5000 f 2
r 2 i 506094 s 5000 f 1 wf
r 2 i 505467 s 5000 f 2
s 86168 

n 10000 l 4999 r 608
r 2 i 506053 s 5000 f 1 wf
s 104067 

n 10000 l 4999 r 609
s 112208 

n 10000 l 4999 r 610
s 90606 

n 10000 l 4999 r 611
r 2 i 505701 s 5000 f 1 wf
r 2 i 506196 s 5000 f 1 wf
r 2 i 506080 s 5000 f 1 wf
r 2 i 506218 s 5000 f 1 wf
r 2 i 505961 s 5000 f 1 wf
s 101474 

n 10000 l 4999 r 612
s 108296 

n 10000 l 4999 r 613
r 2 i 505570 s 5000 f 1 wf
r 2 i 506260 s 5000 f 1 wf
s 99698 

n 10000 l 4999 r 614
s 112231 

n 10000 l 4999 r 615
r 2 i 505652 s 5000 f 1 wf
r 2 i 506157 s 5000 f 1 wf
r 2 i 505875 s 5000 f 2
r 2 i 505944 s 5000 f 1 wf
s 96530 

n 10000 l 4999 r 616
r 2 i 506393 s 5000 f 1 wf
s 107685 

n 10000 l 4999 r 617
r 2 i 505934 s 5000 f 1 wf
r 2 i 506036 s 5000 f 1 wf
s 92867 

n 10000 l 4999 r 618
r 2 i 506064 s 5000 f 1 wf
s 121784 

n 10000 l 4999 r 619
r 2 i 506158 s 5000 f 2
s 93642 

n 10000 l 4999 r 620
r 2 i 505937 s 5000 f 1 wf
r 2 i 505627 s 5000 f 1 wf
s 92839 

n 10000 l 4999 r 621
r 2 i 505856 s 5000 f 1 wf
s 110831 

n 10000 l 4999 r 622
r 2 i 506649 s 5000 f 1 wf
r 2 i 506040 s 5000 f 1 wf
r 2 i 506233 s 5000 f 2
r 2 i 505537 s 5000 f 1 wf
s 110330 

n 10000 l 4999 r 623
s 83688 

n 10000 l 4999 r 624
s 90893 

n 10000 l 4999 r 625
r 2 i 505568 s 5000 f 1 wf
s 103973 

n 10000 l 4999 r 626
s 109903 

n 10000 l 4999 r 627
r 2 i 506128 s 5000 f 2
r 2 i 505563 s 5000 f 2
r 2 i 506159 s 5000 f 1 wf
s 94676 

n 10000 l 4999 r 628
r 2 i 506270 s 5000 f 2
s 103822 

n 10000 l 4999 r 629
r 2 i 506716 s 5000 f 1 wf
r 2 i 506604 s 5000 f 1 wf
r 2 i 505624 s 5000 f 2
r 2 i 506018 s 5000 f 2
r 2 i 507177 s 5000 f 1 wf
r 2 i 505844 s 5000 f 1 wf
r 2 i 506251 s 5000 f 1 wf
r 2 i 505980 s 5000 f 1 wf
r 2 i 508631 s 5000 f 1 wf
s 83993 

n 10000 l 4999 r 630
s 89299 

n 10000 l 4999 r 631
r 2 i 505457 s 5000 f 1 wf
r 2 i 505967 s 5000 f 1 wf
r 2 i 505976 s 5000 f 1 wf
r 2 i 505707 s 5000 f 1 wf
r 2 i 506128 s 5000 f 1 wf
s 133056 

n 10000 l 4999 r 632
r 2 i 506004 s 5000 f 1 wf
r 2 i 506249 s 5000 f 1 wf
s 85506 

n 10000 l 4999 r 633
s 95075 

n 10000 l 4999 r 634
s 106008 

n 10000 l 4999 r 635
s 86469 

n 10000 l 4999 r 636
r 2 i 506267 s 5000 f 1 wf
r 2 i 505524 s 5000 f 1 wf
s 127089 

n 10000 l 4999 r 637
r 2 i 505828 s 5000 f 1 wf
s 120052 

n 10000 l 4999 r 638
s 118264 

n 10000 l 4999 r 639
r 2 i 506055 s 5000 f 1 wf
r 2 i 506119 s 5000 f 1 wf
s 107791 

n 10000 l 4999 r 640
s 116000 

n 10000 l 4999 r 641
s 120337 

n 10000 l 4999 r 642
s 98500 

n 10000 l 4999 r 643
s 140972 

n 10000 l 4999 r 644
s 88827 

n 10000 l 4999 r 645
s 87002 

n 10000 l 4999 r 646
r 2 i 506442 s 5000 f 1 wf
r 2 i 506343 s 5000 f 1 wf
r 2 i 505927 s 5000 f 1 wf
s 111649 

n 10000 l 4999 r 647
s 93884 

n 10000 l 4999 r 648
s 109419 

n 10000 l 4999 r 649
r 2 i 506396 s 5000 f 2
s 105287 

n 10000 l 4999 r 650
s 97804 

n 10000 l 4999 r 651
r 2 i 506248 s 5000 f 1 wf
r 2 i 505803 s 5000 f 2
s 92515 

n 10000 l 4999 r 652
r 2 i 505908 s 5000 f 1 wf
s 99390 

n 10000 l 4999 r 653
r 2 i 506468 s 5000 f 1 wf
s 105467 

n 10000 l 4999 r 654
r 2 i 506101 s 5000 f 2
r 2 i 506187 s 5000 f 1 wf
r 2 i 505774 s 5000 f 1 wf
s 86561 

n 10000 l 4999 r 655
s 101233 

n 10000 l 4999 r 656
r 2 i 506308 s 5000 f 1 wf
s 90486 

n 10000 l 4999 r 657
r 2 i 506315 s 5000 f 1 wf
r 2 i 505723 s 5000 f 1 wf
s 96795 

n 10000 l 4999 r 658
r 2 i 505822 s 5000 f 1 wf
r 2 i 505654 s 5000 f 1 wf
r 2 i 506191 s 5000 f 1 wf
r 2 i 506105 s 5000 f 2
r 2 i 508509 s 5000 f 2
s 102474 

n 10000 l 4999 r 659
s 99178 

n 10000 l 4999 r 660
s 92696 

n 10000 l 4999 r 661
s 107703 

n 10000 l 4999 r 662
s 101087 

n 10000 l 4999 r 663
r 2 i 506104 s 5000 f 1 wf
r 2 i 505878 s 5000 f 2
r 2 i 509855 s 5000 f 1 wf
s 95603 

n 10000 l 4999 r 664
r 2 i 505755 s 5000 f 1 wf
r 2 i 506016 s 5000 f 2
s 83013 

n 10000 l 4999 r 665
s 103126 

n 10000 l 4999 r 666
s 90712 

n 10000 l 4999 r 667
r 2 i 505736 s 5000 f 1 wf
s 100532 

n 10000 l 4999 r 668
r 2 i 506087 s 5000 f 1 wf
r 2 i 506531 s 5000 f 1 wf
s 108725 

n 10000 l 4999 r 669
s 113403 

n 10000 l 4999 r 670
r 2 i 505404 s 5000 f 1 wf
r 2 i 506227 s 5000 f 2
s 97585 

n 10000 l 4999 r 671
r 2 i 507068 s 5000 f 1 wf
r 2 i 506450 s 5000 f 1 wf
s 91425 

n 10000 l 4999 r 672
r 2 i 506338 s 5000 f 1 wf
r 2 i 506517 s 5000 f 1 wf
r 2 i 507150 s 5000 f 2
s 99590 

n 10000 l 4999 r 673
r 2 i 505811 s 5000 f 1 wf
r 2 i 505999 s 5000 f 2
r 2 i 505666 s 5000 f 1 wf
r 2 i 506126 s 5000 f 1 wf
r 2 i 505875 s 5000 f 1 wf
r 2 i 505804 s 5000 f 2
s 107252 

n 10000 l 4999 r 674
s 94612 

n 10000 l 4999 r 675
s 106245 

n 10000 l 4999 r 676
r 2 i 505949 s 5000 f 1 wf
s 97671 

n 10000 l 4999 r 677
r 2 i 506088 s 5000 f 1 wf
r 2 i 506127 s 5000 f 1 wf
s 126857 

n 10000 l 4999 r 678
r 2 i 505987 s 5000 f 2
s 103593 

n 10000 l 4999 r 679
r 2 i 505423 s 5000 f 2
s 118305 

n 10000 l 4999 r 680
r 2 i 506372 s 5000 f 1 wf
r 2 i 505511 s 5000 f 1 wf
r 2 i 506195 s 5000 f 1 wf
s 123230 

n 10000 l 4999 r 681
r 2 i 506098 s 5000 f 1 wf
r 2 i 508436 s 5000 f 1 wf
r 2 i 505424 s 5000 f 2
s 95720 

n 10000 l 4999 r 682
r 2 i 505758 s 5000 f 1 wf
r 2 i 505960 s 5000 f 1 wf
r 2 i 506088 s 5000 f 2
s 98830 

n 10000 l 4999 r 683
s 97084 

n 10000 l 4999 r 684
r 2 i 505600 s 5000 f 1 wf
r 2 i 506378 s 5000 f 1 wf
r 2 i 506106 s 5000 f 1 wf
s 94179 

n 10000 l 4999 r 685
s 105772 

n 10000 l 4999 r 686
s 94870 

n 10000 l 4999 r 687
r 2 i 505699 s 5000 f 1 wf
s 109382 

n 10000 l 4999 r 688
r 2 i 506243 s 5000 f 2
r 2 i 506361 s 5000 f 1 wf
r 2 i 512402 s 5000 f 1 wf
r 2 i 505982 s 5000 f 1 wf
s 93857 

n 10000 l 4999 r 689
s 90477 

n 10000 l 4999 r 690
r 2 i 505699 s 5000 f 2
r 2 i 505835 s 5000 f 2
r 2 i 505527 s 5000 f 1 wf
r 2 i 505587 s 5000 f 1 wf
r 2 i 505739 s 5000 f 1 wf
r 2 i 505928 s 5000 f 1 wf
r 2 i 506326 s 5000 f 1 wf
s 102730 

n 10000 l 4999 r 691
s 121829 

n 10000 l 4999 r 692
r 2 i 505946 s 5000 f 1 wf
r 2 i 505880 s 5000 f 1 wf
s 120124 

n 10000 l 4999 r 693
r 2 i 505933 s 5000 f 1 wf
r 2 i 511522 s 5000 f 2
s 124228 

n 10000 l 4999 r 694
s 106710 

n 10000 l 4999 r 695
s 105064 

n 10000 l 4999 r 696
r 2 i 506057 s 5000 f 1 wf
s 98029 

n 10000 l 4999 r 697
s 96200 

n 10000 l 4999 r 698
s 103751 

n 10000 l 4999 r 699
s 83363 

n 10000 l 4999 r 700
s 98081 

n 10000 l 4999 r 701
r 2 i 506098 s 5000 f 1 wf
s 98518 

n 10000 l 4999 r 702
r 2 i 505872 s 5000 f 1 wf
r 2 i 505606 s 5000 f 1 wf
r 2 i 505915 s 5000 f 1 wf
r 2 i 505694 s 5000 f 1 wf
r 2 i 505792 s 5000 f 2
r 2 i 505867 s 5000 f 2
r 2 i 506395 s 5000 f 1 wf
r 2 i 505901 s 5000 f 1 wf
r 2 i 505991 s 5000 f 1 wf
r 2 i 506051 s 5000 f 1 wf
r 2 i 506004 s 5000 f 1 wf
r 2 i 505898 s 5000 f 1 wf
r 2 i 505718 s 5000 f 1 wf
s 81147 

n 10000 l 4999 r 703
r 2 i 505745 s 5000 f 2
s 108267 

n 10000 l 4999 r 704
r 2 i 505976 s 5000 f 1 wf
s 99385 

n 10000 l 4999 r 705
s 92531 

n 10000 l 4999 r 706
r 2 i 506592 s 5000 f 2
s 112401 

n 10000 l 4999 r 707
r 2 i 506141 s 5000 f 1 wf
r 2 i 506229 s 5000 f 2
s 85742 

n 10000 l 4999 r 708
r 2 i 505924 s 5000 f 1 wf
r 2 i 506279 s 5000 f 1 wf
s 95907 

n 10000 l 4999 r 709
s 115552 

n 10000 l 4999 r 710
r 2 i 506045 s 5000 f 1 wf
s 113478 

n 10000 l 4999 r 711
r 2 i 505977 s 5000 f 1 wf
r 2 i 505906 s 5000 f 1 wf
s 107977 

n 10000 l 4999 r 712
r 2 i 506003 s 5000 f 1 wf
r 2 i 506589 s 5000 f 1 wf
r 2 i 505897 s 5000 f 1 wf
s 103277 

n 10000 l 4999 r 713
r 2 i 505960 s 5000 f 1 wf
r 2 i 509805 s 5000 f 1 wf
s 104369 

n 10000 l 4999 r 714
s 105730 

n 10000 l 4999 r 715
s 101294 

n 10000 l 4999 r 716
s 126566 

n 10000 l 4999 r 717
r 2 i 506318 s 5000 f 1 wf
s 96161 

n 10000 l 4999 r 718
s 91970 

n 10000 l 4999 r 719
s 117309 

n 10000 l 4999 r 720
s 120646 

n 10000 l 4999 r 721
r 2 i 505396 s 5000 f 1 wf
r 2 i 506320 s 5000 f 1 wf
r 2 i 506226 s 5000 f 1 wf
s 88374 

n 10000 l 4999 r 722
s 88489 

n 10000 l 4999 r 723
r 2 i 506327 s 5000 f 1 wf
r 2 i 507165 s 5000 f 1 wf
r 2 i 506110 s 5000 f 1 wf
r 2 i 508581 s 5000 f 1 wf
s 150666 

n 10000 l 4999 r 724
s 96207 

n 10000 l 4999 r 725
r 2 i 506194 s 5000 f 1 wf
s 109539 

n 10000 l 4999 r 726
s 101100 

n 10000 l 4999 r 727
r 2 i 505963 s 5000 f 2
s 100618 

n 10000 l 4999 r 728
r 2 i 506077 s 5000 f 2
r 2 i 507046 s 5000 f 1 wf
s 95192 

n 10000 l 4999 r 729
r 2 i 505583 s 5000 f 1 wf
r 2 i 510549 s 5000 f 1 wf
s 84307 

n 10000 l 4999 r 730
s 86764 

n 10000 l 4999 r 731
r 2 i 505664 s 5000 f 1 wf
r 2 i 506211 s 5000 f 1 wf
r 2 i 505967 s 5000 f 1 wf
r 2 i 506226 s 5000 f 1 wf
r 2 i 505972 s 5000 f 2
r 2 i 512679 s 5000 f 1 wf
r 2 i 509339 s 5000 f 1 wf
r 2 i 506110 s 5000 f 2
s 129302 

n 10000 l 4999 r 732
r 2 i 506096 s 5000 f 1 wf
s 83657 

n 10000 l 4999 r 733
r 2 i 505923 s 5000 f 1 wf
s 127328 

n 10000 l 4999 r 734
s 101756 

n 10000 l 4999 r 735
s 109344 

n 10000 l 4999 r 736
s 127989 

n 10000 l 4999 r 737
s 100942 

n 10000 l 4999 r 738
s 102346 

n 10000 l 4999 r 739
r 2 i 505588 s 5000 f 1 wf
s 110338 

n 10000 l 4999 r 740
s 111229 

n 10000 l 4999 r 741
s 92106 

n 10000 l 4999 r 742
s 101830 

n 10000 l 4999 r 743
r 2 i 506069 s 5000 f 1 wf
s 79014 

n 10000 l 4999 r 744
r 2 i 506131 s 5000 f 1 wf
s 141609 

n 10000 l 4999 r 745
r 2 i 506857 s 5000 f 1 wf
r 2 i 506103 s 5000 f 2
r 2 i 506313 s 5000 f 1 wf
s 114368 

n 10000 l 4999 r 746
r 2 i 506099 s 5000 f 1 wf
s 92909 

n 10000 l 4999 r 747
r 2 i 505787 s 5000 f 1 wf
s 94745 

n 10000 l 4999 r 748
s 103446 

n 10000 l 4999 r 749
r 2 i 505860 s 5000 f 1 wf
r 2 i 506000 s 5000 f 2
r 2 i 505354 s 5000 f 1 wf
s 108766 

n 10000 l 4999 r 750
r 2 i 505779 s 5000 f 1 wf
s 99130 

n 10000 l 4999 r 751
r 2 i 506217 s 5000 f 2
s 112890 

n 10000 l 4999 r 752
s 107129 

n 10000 l 4999 r 753
s 80975 

n 10000 l 4999 r 754
r 2 i 506223 s 5000 f 1 wf
r 2 i 506127 s 5000 f 2
s 107170 

n 10000 l 4999 r 755
s 102120 

n 10000 l 4999 r 756
r 2 i 505492 s 5000 f 1 wf
r 2 i 505827 s 5000 f 1 wf
r 2 i 507645 s 5000 f 1 wf
s 91051 

n 10000 l 4999 r 757
s 125087 

n 10000 l 4999 r 758
r 2 i 506112 s 5000 f 1 wf
s 92188 

n 10000 l 4999 r 759
r 2 i 505744 s 5000 f 2
r 2 i 506227 s 5000 f 1 wf
s 87644 

n 10000 l 4999 r 760
r 2 i 506013 s 5000 f 1 wf
s 113915 

n 10000 l 4999 r 761
r 2 i 506580 s 5000 f 1 wf
r 2 i 506062 s 5000 f 1 wf
s 79985 

n 10000 l 4999 r 762
r 2 i 505690 s 5000 f 2
s 100901 

n 10000 l 4999 r 763
s 110716 

n 10000 l 4999 r 764
s 84647 

n 10000 l 4999 r 765
s 89723 

n 10000 l 4999 r 766
r 2 i 506018 s 5000 f 2
r 2 i 506031 s 5000 f 1 wf
r 2 i 506037 s 5000 f 2
r 2 i 506375 s 5000 f 1 wf
s 114352 

n 10000 l 4999 r 767
s 93981 

n 10000 l 4999 r 768
s 94684 

n 10000 l 4999 r 769
r 2 i 506664 s 5000 f 1 wf
r 2 i 505347 s 5000 f 1 wf
r 2 i 506233 s 5000 f 2
r 2 i 506412 s 5000 f 1 wf
r 2 i 505977 s 5000 f 1 wf
s 99610 

n 10000 l 4999 r 770
r 2 i 506341 s 5000 f 1 wf
r 2 i 506416 s 5000 f 1 wf
r 2 i 505973 s 5000 f 1 wf
r 2 i 505880 s 5000 f 1 wf
r 2 i 505895 s 5000 f 1 wf
r 2 i 505878 s 5000 f 1 wf
r 2 i 505647 s 5000 f 2
r 2 i 506460 s 5000 f 1 wf
r 2 i 505997 s 5000 f 1 wf
r 2 i 506218 s 5000 f 2
r 2 i 505914 s 5000 f 1 wf
r 2 i 506527 s 5000 f 2
r 2 i 506135 s 5000 f 1 wf
r 2 i 506118 s 5000 f 1 wf
s 92107 

n 10000 l 4999 r 771
s 118452 

n 10000 l 4999 r 772
r 2 i 505790 s 5000 f 2
r 2 i 505970 s 5000 f 1 wf
r 2 i 506186 s 5000 f 1 wf
s 91066 

n 10000 l 4999 r 773
s 101484 

n 10000 l 4999 r 774
r 2 i 505761 s 5000 f 1 wf
r 2 i 505835 s 5000 f 1 wf
r 2 i 505976 s 5000 f 2
s 90364 

n 10000 l 4999 r 775
r 2 i 505917 s 5000 f 1 wf
s 113705 

n 10000 l 4999 r 776
r 2 i 506345 s 5000 f 1 wf
r 2 i 506040 s 5000 f 1 wf
s 104675 

n 10000 l 4999 r 777
s 106217 

n 10000 l 4999 r 778
r 2 i 505940 s 5000 f 1 wf
s 103188 

n 10000 l 4999 r 779
r 2 i 505761 s 5000 f 1 wf
r 2 i 505704 s 5000 f 1 wf
s 83738 

n 10000 l 4999 r 780
r 2 i 505889 s 5000 f 1 wf
r 2 i 506165 s 5000 f 1 wf
r 2 i 506822 s 5000 f 1 wf
r 2 i 506537 s 5000 f 2
r 2 i 506117 s 5000 f 2
r 2 i 506200 s 5000 f 2
s 101617 

n 10000 l 4999 r 781
r 2 i 505902 s 5000 f 2
r 2 i 506066 s 5000 f 2
s 98360 

n 10000 l 4999 r 782
r 2 i 506283 s 5000 f 1 wf
r 2 i 506014 s 5000 f 1 wf
r 2 i 505823 s 5000 f 1 wf
s 116922 

n 10000 l 4999 r 783
r 2 i 506606 s 5000 f 1 wf
s 89891 

n 10000 l 4999 r 784
r 2 i 506056 s 5000 f 2
s 94427 

n 10000 l 4999 r 785
s 94685 

n 10000 l 4999 r 786
r 2 i 506397 s 5000 f 1 wf
s 110599 

n 10000 l 4999 r 787
r 2 i 505286 s 5000 f 1 wf
r 2 i 506043 s 5000 f 1 wf
r 2 i 506758 s 5000 f 1 wf
r 2 i 506575 s 5000 f 1 wf
r 2 i 506132 s 5000 f 1 wf
s 98512 

n 10000 l 4999 r 788
s 110613 

n 10000 l 4999 r 789
r 2 i 506089 s 5000 f 1 wf
s 95777 

n 10000 l 4999 r 790
r 2 i 505898 s 5000 f 1 wf
s 96865 

n 10000 l 4999 r 791
r 2 i 506039 s 5000 f 1 wf
r 2 i 505525 s 5000 f 2
r 2 i 505651 s 5000 f 1 wf
r 2 i 505614 s 5000 f 2
s 89755 

n 10000 l 4999 r 792
r 2 i 505959 s 5000 f 1 wf
s 78881 

n 10000 l 4999 r 793
s 95277 

n 10000 l 4999 r 794
s 80332 

n 10000 l 4999 r 795
r 2 i 505933 s 5000 f 1 wf
r 2 i 506296 s 5000 f 1 wf
r 2 i 505849 s 5000 f 1 wf
r 2 i 505644 s 5000 f 1 wf
r 2 i 506071 s 5000 f 2
r 2 i 506233 s 5000 f 1 wf
r 2 i 506873 s 5000 f 1 wf
s 101613 

n 10000 l 4999 r 796
r 2 i 506030 s 5000 f 1 wf
r 2 i 506645 s 5000 f 1 wf
r 2 i 506451 s 5000 f 1 wf
s 91761 

n 10000 l 4999 r 797
r 2 i 505786 s 5000 f 2
s 96520 

n 10000 l 4999 r 798
r 2 i 506178 s 5000 f 1 wf
r 2 i 506212 s 5000 f 1 wf
r 2 i 505915 s 5000 f 1 wf
r 2 i 505733 s 5000 f 2
r 2 i 511969 s 5000 f 2
r 2 i 505835 s 5000 f 1 wf
r 2 i 505899 s 5000 f 1 wf
r 2 i 505912 s 5000 f 1 wf
s 92129 

n 10000 l 4999 r 799
r 2 i 506182 s 5000 f 1 wf
s 146140 

n 10000 l 4999 r 800
r 2 i 506241 s 5000 f 2
r 2 i 506636 s 5000 f 1 wf
r 2 i 507783 s 5000 f 1 wf
r 2 i 506114 s 5000 f 2
s 119442 

n 10000 l 4999 r 801
r 2 i 505555 s 5000 f 1 wf
s 93290 

n 10000 l 4999 r 802
r 2 i 507912 s 5000 f 1 wf
r 2 i 505883 s 5000 f 2
r 2 i 506041 s 5000 f 2
r 2 i 506078 s 5000 f 1 wf
r 2 i 505605 s 5000 f 1 wf
r 2 i 506043 s 5000 f 1 wf
s 121907 

n 10000 l 4999 r 803
s 88029 

n 10000 l 4999 r 804
r 2 i 505731 s 5000 f 1 wf
s 99960 

n 10000 l 4999 r 805
s 103729 

n 10000 l 4999 r 806
s 95504 

n 10000 l 4999 r 807
r 2 i 506022 s 5000 f 1 wf
r 2 i 506008 s 5000 f 2
s 116065 

n 10000 l 4999 r 808
r 2 i 505944 s 5000 f 2
r 2 i 505981 s 5000 f 1 wf
r 2 i 505701 s 5000 f 2
r 2 i 506106 s 5000 f 1 wf
r 2 i 505976 s 5000 f 1 wf
r 2 i 505885 s 5000 f 1 wf
r 2 i 505750 s 5000 f 1 wf
s 112374 

n 10000 l 4999 r 809
r 2 i 505552 s 5000 f 1 wf
s 108862 

n 10000 l 4999 r 810
r 2 i 506575 s 5000 f 1 wf
r 2 i 505800 s 5000 f 2
r 2 i 506011 s 5000 f 1 wf
r 2 i 505884 s 5000 f 1 wf
r 2 i 505416 s 5000 f 2
r 2 i 506319 s 5000 f 1 wf
r 2 i 506636 s 5000 f 1 wf
r 2 i 505583 s 5000 f 1 wf
s 101942 

n 10000 l 4999 r 811
r 2 i 506050 s 5000 f 1 wf
r 2 i 506674 s 5000 f 1 wf
r 2 i 506166 s 5000 f 1 wf
r 2 i 505838 s 5000 f 1 wf
s 89177 

n 10000 l 4999 r 812
r 2 i 506321 s 5000 f 2
r 2 i 505727 s 5000 f 1 wf
s 89909 

n 10000 l 4999 r 813
r 2 i 505701 s 5000 f 1 wf
r 2 i 505756 s 5000 f 1 wf
s 99580 

n 10000 l 4999 r 814
r 2 i 505858 s 5000 f 1 wf
r 2 i 506372 s 5000 f 1 wf
s 101924 

n 10000 l 4999 r 815
r 2 i 506218 s 5000 f 1 wf
s 117014 

n 10000 l 4999 r 816
s 91408 

n 10000 l 4999 r 817
r 2 i 505904 s 5000 f 2
r 2 i 506208 s 5000 f 1 wf
r 2 i 506158 s 5000 f 2
r 2 i 505609 s 5000 f 1 wf
s 94793 

n 10000 l 4999 r 818
r 2 i 506150 s 5000 f 1 wf
r 2 i 506385 s 5000 f 1 wf
r 2 i 506183 s 5000 f 2
r 2 i 505570 s 5000 f 1 wf
r 2 i 505909 s 5000 f 1 wf
s 89726 

n 10000 l 4999 r 819
r 2 i 505369 s 5000 f 1 wf
s 97208 

n 10000 l 4999 r 820
r 2 i 505750 s 5000 f 2
s 116637 

n 10000 l 4999 r 821
r 2 i 505690 s 5000 f 1 wf
r 2 i 505928 s 5000 f 1 wf
r 2 i 506016 s 5000 f 2
r 2 i 506551 s 5000 f 1 wf
s 124289 

n 10000 l 4999 r 822
s 104593 

n 10000 l 4999 r 823
s 92121 

n 10000 l 4999 r 824
s 87475 

n 10000 l 4999 r 825
r 2 i 505888 s 5000 f 1 wf
s 98560 

n 10000 l 4999 r 826
r 2 i 508640 s 5000 f 1 wf
r 2 i 505765 s 5000 f 2
r 2 i 506149 s 5000 f 1 wf
r 2 i 506025 s 5000 f 1 wf
r 2 i 506084 s 5000 f 1 wf
s 94345 

n 10000 l 4999 r 827
r 2 i 506075 s 5000 f 1 wf
s 108658 

n 10000 l 4999 r 828
s 125825 

n 10000 l 4999 r 829
r 2 i 506380 s 5000 f 1 wf
r 2 i 506343 s 5000 f 1 wf
s 79994 

n 10000 l 4999 r 830
s 103411 

n 10000 l 4999 r 831
r 2 i 506026 s 5000 f 1 wf
r 2 i 505672 s 5000 f 2
r 2 i 509831 s 5000 f 1 wf
s 90383 

n 10000 l 4999 r 832
r 2 i 506345 s 5000 f 1 wf
r 2 i 506066 s 5000 f 1 wf
s 85992 

n 10000 l 4999 r 833
r 2 i 506189 s 5000 f 1 wf
r 2 i 505969 s 5000 f 1 wf
r 2 i 505675 s 5000 f 1 wf
s 88975 

n 10000 l 4999 r 834
r 2 i 505959 s 5000 f 2
r 2 i 506167 s 5000 f 1 wf
s 110965 

n 10000 l 4999 r 835
r 2 i 505621 s 5000 f 1 wf
r 2 i 506438 s 5000 f 1 wf
r 2 i 506064 s 5000 f 1 wf
r 2 i 505853 s 5000 f 1 wf
s 98073 

n 10000 l 4999 r 836
s 90639 

n 10000 l 4999 r 837
r 2 i 505421 s 5000 f 1 wf
s 109441 

n 10000 l 4999 r 838
r 2 i 506034 s 5000 f 1 wf
s 90384 

n 10000 l 4999 r 839
r 2 i 506039 s 5000 f 1 wf
r 2 i 505790 s 5000 f 2
r 2 i 506988 s 5000 f 1 wf
r 2 i 506092 s 5000 f 1 wf
r 2 i 505454 s 5000 f 1 wf
s 82614 

n 10000 l 4999 r 840
s 98732 

n 10000 l 4999 r 841
r 2 i 509531 s 5000 f 1 wf
r 2 i 505651 s 5000 f 1 wf
r 2 i 506303 s 5000 f 1 wf
s 99830 

n 10000 l 4999 r 842
s 130908 

n 10000 l 4999 r 843
s 84747 

n 10000 l 4999 r 844
r 2 i 505894 s 5000 f 1 wf
r 2 i 506272 s 5000 f 2
s 79533 

n 10000 l 4999 r 845
r 2 i 506034 s 5000 f 1 wf
r 2 i 506072 s 5000 f 1 wf
s 112843 

n 10000 l 4999 r 846
s 125124 

n 10000 l 4999 r 847
s 102857 

n 10000 l 4999 r 848
r 2 i 505509 s 5000 f 1 wf
r 2 i 506178 s 5000 f 1 wf
r 2 i 505555 s 5000 f 1 wf
r 2 i 506033 s 5000 f 2
s 86006 

n 10000 l 4999 r 849
r 2 i 506017 s 5000 f 1 wf
s 90114 

n 10000 l 4999 r 850
s 81152 

n 10000 l 4999 r 851
s 89917 

n 10000 l 4999 r 852
r 2 i 506101 s 5000 f 1 wf
s 96676 

n 10000 l 4999 r 853
r 2 i 506070 s 5000 f 2
r 2 i 505658 s 5000 f 1 wf
s 105993 

n 10000 l 4999 r 854
s 94510 

n 10000 l 4999 r 855
r 2 i 506022 s 5000 f 1 wf
s 87367 

n 10000 l 4999 r 856
r 2 i 505510 s 5000 f 1 wf
r 2 i 505577 s 5000 f 2
r 2 i 506052 s 5000 f 1 wf
r 2 i 506018 s 5000 f 1 wf
r 2 i 505813 s 5000 f 2
s 109001 

n 10000 l 4999 r 857
r 2 i 506241 s 5000 f 1 wf
s 96607 

n 10000 l 4999 r 858
r 2 i 505989 s 5000 f 1 wf
r 2 i 508001 s 5000 f 1 wf
r 2 i 505693 s 5000 f 1 wf
r 2 i 506276 s 5000 f 1 wf
s 80759 

n 10000 l 4999 r 859
r 2 i 506206 s 5000 f 2
s 101026 

n 10000 l 4999 r 860
s 96475 

n 10000 l 4999 r 861
r 2 i 509690 s 5000 f 1 wf
s 81243 

n 10000 l 4999 r 862
r 2 i 505697 s 5000 f 1 wf
r 2 i 506407 s 5000 f 1 wf
r 2 i 505890 s 5000 f 2
r 2 i 505943 s 5000 f 1 wf
r 2 i 506243 s 5000 f 1 wf
r 2 i 505835 s 5000 f 1 wf
s 90762 

n 10000 l 4999 r 863
s 88237 

n 10000 l 4999 r 864
s 113059 

n 10000 l 4999 r 865
r 2 i 505817 s 5000 f 2
r 2 i 505768 s 5000 f 1 wf
s 131477 

n 10000 l 4999 r 866
s 80818 

n 10000 l 4999 r 867
r 2 i 505823 s 5000 f 1 wf
r 2 i 511312 s 5000 f 1 wf
r 2 i 506127 s 5000 f 2
s 93755 

n 10000 l 4999 r 868
s 93244 

n 10000 l 4999 r 869
r 2 i 505561 s 5000 f 1 wf
r 2 i 506026 s 5000 f 1 wf
s 87015 

n 10000 l 4999 r 870
r 2 i 506046 s 5000 f 1 wf
r 2 i 508373 s 5000 f 1 wf
s 86954 

n 10000 l 4999 r 871
r 2 i 505925 s 5000 f 1 wf
s 92923 

n 10000 l 4999 r 872
s 105162 

n 10000 l 4999 r 873
s 90198 

n 10000 l 4999 r 874
s 95045 

n 10000 l 4999 r 875
r 2 i 505881 s 5000 f 2
s 95459 

n 10000 l 4999 r 876
s 103028 

n 10000 l 4999 r 877
r 2 i 508140 s 5000 f 2
r 2 i 506276 s 5000 f 2
r 2 i 505916 s 5000 f 1 wf
s 116938 

n 10000 l 4999 r 878
r 2 i 505306 s 5000 f 1 wf
s 87673 

n 10000 l 4999 r 879
s 88086 

n 10000 l 4999 r 880
r 2 i 505928 s 5000 f 1 wf
r 2 i 505787 s 5000 f 2
s 98508 

n 10000 l 4999 r 881
s 85836 

n 10000 l 4999 r 882
r 2 i 506494 s 5000 f 1 wf
s 94000 

n 10000 l 4999 r 883
r 2 i 506015 s 5000 f 1 wf
s 93938 

n 10000 l 4999 r 884
r 2 i 505649 s 5000 f 1 wf
r 2 i 505929 s 5000 f 1 wf
s 116675 

n 10000 l 4999 r 885
r 2 i 505676 s 5000 f 1 wf
r 2 i 505385 s 5000 f 2
s 85394 

n 10000 l 4999 r 886
s 128283 

n 10000 l 4999 r 887
r 2 i 505990 s 5000 f 1 wf
s 93934 

n 10000 l 4999 r 888
r 2 i 505515 s 5000 f 1 wf
r 2 i 505904 s 5000 f 1 wf
s 118849 

n 10000 l 4999 r 889
r 2 i 506179 s 5000 f 1 wf
s 111256 

n 10000 l 4999 r 890
r 2 i 506340 s 5000 f 2
r 2 i 506246 s 5000 f 1 wf
s 98980 

n 10000 l 4999 r 891
s 98344 

n 10000 l 4999 r 892
r 2 i 506433 s 5000 f 1 wf
s 95918 

n 10000 l 4999 r 893
s 116697 

n 10000 l 4999 r 894
r 2 i 505755 s 5000 f 1 wf
r 2 i 505992 s 5000 f 2
s 107198 

n 10000 l 4999 r 895
s 100800 

n 10000 l 4999 r 896
r 2 i 506268 s 5000 f 2
s 97272 

n 10000 l 4999 r 897
s 136085 

n 10000 l 4999 r 898
s 124663 

n 10000 l 4999 r 899
r 2 i 505673 s 5000 f 1 wf
r 2 i 506293 s 5000 f 2
s 109559 

n 10000 l 4999 r 900
s 83416 

n 10000 l 4999 r 901
r 2 i 505922 s 5000 f 1 wf
s 89293 

n 10000 l 4999 r 902
s 81150 

n 10000 l 4999 r 903
r 2 i 505646 s 5000 f 1 wf
s 108095 

n 10000 l 4999 r 904
r 2 i 505838 s 5000 f 2
s 81587 

n 10000 l 4999 r 905
s 89089 

n 10000 l 4999 r 906
r 2 i 506397 s 5000 f 1 wf
r 2 i 506368 s 5000 f 1 wf
r 2 i 505433 s 5000 f 1 wf
r 2 i 505681 s 5000 f 1 wf
s 95745 

n 10000 l 4999 r 907
r 2 i 505875 s 5000 f 1 wf
r 2 i 516256 s 5000 f 1 wf
r 2 i 505758 s 5000 f 1 wf
r 2 i 506247 s 5000 f 1 wf
r 2 i 506199 s 5000 f 1 wf
r 2 i 506030 s 5000 f 1 wf
r 2 i 506042 s 5000 f 1 wf
s 93361 

n 10000 l 4999 r 908
s 102510 

n 10000 l 4999 r 909
s 99040 

n 10000 l 4999 r 910
r 2 i 506821 s 5000 f 1 wf
r 2 i 506032 s 5000 f 1 wf
r 2 i 505768 s 5000 f 1 wf
r 2 i 506132 s 5000 f 2
s 102958 

n 10000 l 4999 r 911
s 96675 

n 10000 l 4999 r 912
r 2 i 506154 s 5000 f 1 wf
r 2 i 506623 s 5000 f 1 wf
s 84792 

n 10000 l 4999 r 913
r 2 i 506065 s 5000 f 1 wf
s 98620 

n 10000 l 4999 r 914
r 2 i 505373 s 5000 f 1 wf
r 2 i 505929 s 5000 f 1 wf
r 2 i 505901 s 5000 f 1 wf
r 2 i 505992 s 5000 f 1 wf
s 87042 

n 10000 l 4999 r 915
r 2 i 506177 s 5000 f 1 wf
s 80778 

n 10000 l 4999 r 916
r 2 i 509075 s 5000 f 1 wf
r 2 i 506267 s 5000 f 1 wf
r 2 i 506079 s 5000 f 2
r 2 i 505596 s 5000 f 1 wf
s 92977 

n 10000 l 4999 r 917
s 93100 

n 10000 l 4999 r 918
r 2 i 506339 s 5000 f 2
s 80539 

n 10000 l 4999 r 919
s 99388 

n 10000 l 4999 r 920
r 2 i 505498 s 5000 f 1 wf
r 2 i 506386 s 5000 f 1 wf
r 2 i 505641 s 5000 f 1 wf
s 89924 

n 10000 l 4999 r 921
s 94776 

n 10000 l 4999 r 922
r 2 i 505708 s 5000 f 1 wf
r 2 i 505853 s 5000 f 1 wf
r 2 i 506148 s 5000 f 1 wf
s 109876 

n 10000 l 4999 r 923
s 87336 

n 10000 l 4999 r 924
r 2 i 505785 s 5000 f 1 wf
s 123641 

n 10000 l 4999 r 925
s 117536 

n 10000 l 4999 r 926
r 2 i 507395 s 5000 f 2
r 2 i 506129 s 5000 f 2
s 85094 

n 10000 l 4999 r 927
s 97197 

n 10000 l 4999 r 928
r 2 i 505698 s 5000 f 1 wf
r 2 i 505796 s 5000 f 1 wf
r 2 i 507642 s 5000 f 1 wf
r 2 i 505690 s 5000 f 1 wf
s 104632 

n 10000 l 4999 r 929
s 82866 

n 10000 l 4999 r 930
s 124344 

n 10000 l 4999 r 931
s 104885 

n 10000 l 4999 r 932
r 2 i 505937 s 5000 f 2
r 2 i 506325 s 5000 f 1 wf
s 108368 

n 10000 l 4999 r 933
s 83508 

n 10000 l 4999 r 934
r 2 i 505861 s 5000 f 1 wf
r 2 i 505740 s 5000 f 1 wf
r 2 i 505934 s 5000 f 1 wf
s 102691 

n 10000 l 4999 r 935
s 139767 

n 10000 l 4999 r 936
r 2 i 506113 s 5000 f 1 wf
r 2 i 506369 s 5000 f 1 wf
s 95971 

n 10000 l 4999 r 937
s 103596 

n 10000 l 4999 r 938
r 2 i 505607 s 5000 f 1 wf
r 2 i 505982 s 5000 f 1 wf
s 102943 

n 10000 l 4999 r 939
r 2 i 506428 s 5000 f 1 wf
s 95251 

n 10000 l 4999 r 940
r 2 i 505763 s 5000 f 1 wf
r 2 i 506229 s 5000 f 1 wf
r 2 i 506255 s 5000 f 1 wf
s 114411 

n 10000 l 4999 r 941
r 2 i 505729 s 5000 f 1 wf
r 2 i 505855 s 5000 f 1 wf
r 2 i 505908 s 5000 f 1 wf
r 2 i 506849 s 5000 f 1 wf
r 2 i 505758 s 5000 f 1 wf
r 2 i 505563 s 5000 f 1 wf
s 132479 

n 10000 l 4999 r 942
r 2 i 505735 s 5000 f 1 wf
r 2 i 508926 s 5000 f 1 wf
r 2 i 506199 s 5000 f 1 wf
s 105337 

n 10000 l 4999 r 943
s 123193 

n 10000 l 4999 r 944
s 101057 

n 10000 l 4999 r 945
s 103639 

n 10000 l 4999 r 946
s 89922 

n 10000 l 4999 r 947
r 2 i 506475 s 5000 f 2
s 86357 

n 10000 l 4999 r 948
s 131262 

n 10000 l 4999 r 949
r 2 i 506165 s 5000 f 1 wf
r 2 i 505630 s 5000 f 2
r 2 i 505829 s 5000 f 1 wf
s 96782 

n 10000 l 4999 r 950
r 2 i 505833 s 5000 f 2
s 91878 

n 10000 l 4999 r 951
r 2 i 506344 s 5000 f 2
r 2 i 506002 s 5000 f 2
s 112531 

n 10000 l 4999 r 952
r 2 i 506053 s 5000 f 2
s 85103 

n 10000 l 4999 r 953
r 2 i 505952 s 5000 f 1 wf
s 111049 

n 10000 l 4999 r 954
s 100969 

n 10000 l 4999 r 955
s 87351 

n 10000 l 4999 r 956
s 105886 

n 10000 l 4999 r 957
r 2 i 505847 s 5000 f 1 wf
r 2 i 505718 s 5000 f 1 wf
r 2 i 506064 s 5000 f 1 wf
s 88468 

n 10000 l 4999 r 958
r 2 i 505529 s 5000 f 2
r 2 i 506276 s 5000 f 1 wf
r 2 i 505844 s 5000 f 1 wf
r 2 i 514573 s 5000 f 2
s 89362 

n 10000 l 4999 r 959
s 112636 

n 10000 l 4999 r 960
r 2 i 506315 s 5000 f 1 wf
r 2 i 505969 s 5000 f 1 wf
r 2 i 505958 s 5000 f 1 wf
r 2 i 505909 s 5000 f 1 wf
s 101228 

n 10000 l 4999 r 961
r 2 i 505798 s 5000 f 1 wf
s 93942 

n 10000 l 4999 r 962
s 95088 

n 10000 l 4999 r 963
s 88534 

n 10000 l 4999 r 964
s 108616 

n 10000 l 4999 r 965
r 2 i 505960 s 5000 f 2
r 2 i 505981 s 5000 f 1 wf
s 94811 

n 10000 l 4999 r 966
s 92551 

n 10000 l 4999 r 967
r 2 i 506164 s 5000 f 1 wf
r 2 i 505690 s 5000 f 1 wf
r 2 i 505911 s 5000 f 1 wf
r 2 i 506251 s 5000 f 1 wf
r 2 i 505577 s 5000 f 1 wf
r 2 i 505999 s 5000 f 1 wf
r 2 i 505717 s 5000 f 1 wf
r 2 i 505750 s 5000 f 1 wf
s 96653 

n 10000 l 4999 r 968
s 87932 

n 10000 l 4999 r 969
r 2 i 506318 s 5000 f 1 wf
r 2 i 506050 s 5000 f 2
s 92854 

n 10000 l 4999 r 970
s 86055 

n 10000 l 4999 r 971
r 2 i 506196 s 5000 f 2
r 2 i 506025 s 5000 f 1 wf
r 2 i 505508 s 5000 f 1 wf
r 2 i 505917 s 5000 f 1 wf
r 2 i 506090 s 5000 f 1 wf
s 85300 

n 10000 l 4999 r 972
s 98704 

n 10000 l 4999 r 973
s 104488 

n 10000 l 4999 r 974
s 98494 

n 10000 l 4999 r 975
r 2 i 506808 s 5000 f 1 wf
r 2 i 506238 s 5000 f 1 wf
r 2 i 506375 s 5000 f 1 wf
s 93866 

n 10000 l 4999 r 976
r 2 i 505974 s 5000 f 1 wf
r 2 i 506002 s 5000 f 1 wf
r 2 i 505621 s 5000 f 2
r 2 i 506221 s 5000 f 2
s 99243 

n 10000 l 4999 r 977
r 2 i 505681 s 5000 f 1 wf
r 2 i 505957 s 5000 f 1 wf
r 2 i 505722 s 5000 f 1 wf
r 2 i 506126 s 5000 f 2
r 2 i 506425 s 5000 f 1 wf
s 93043 

n 10000 l 4999 r 978
r 2 i 505709 s 5000 f 1 wf
r 2 i 505779 s 5000 f 1 wf
s 117413 

n 10000 l 4999 r 979
r 2 i 505941 s 5000 f 1 wf
r 2 i 506067 s 5000 f 1 wf
s 90586 

n 10000 l 4999 r 980
r 2 i 505825 s 5000 f 1 wf
s 89547 

n 10000 l 4999 r 981
s 111051 

n 10000 l 4999 r 982
s 93772 

n 10000 l 4999 r 983
s 113638 

n 10000 l 4999 r 984
s 103518 

n 10000 l 4999 r 985
r 2 i 505997 s 5000 f 1 wf
s 142457 

n 10000 l 4999 r 986
s 107949 

n 10000 l 4999 r 987
r 2 i 505561 s 5000 f 2
r 2 i 506522 s 5000 f 1 wf
s 90749 

n 10000 l 4999 r 988
r 2 i 505441 s 5000 f 1 wf
r 2 i 505773 s 5000 f 1 wf
s 97429 

n 10000 l 4999 r 989
r 2 i 506161 s 5000 f 1 wf
r 2 i 506818 s 5000 f 1 wf
s 103221 

n 10000 l 4999 r 990
s 91780 

n 10000 l 4999 r 991
s 133587 

n 10000 l 4999 r 992
s 86485 

n 10000 l 4999 r 993
s 85618 

n 10000 l 4999 r 994
r 2 i 505823 s 5000 f 1 wf
s 97954 

n 10000 l 4999 r 995
r 2 i 505763 s 5000 f 2
r 2 i 505146 s 5000 f 1 wf
r 2 i 506781 s 5000 f 1 wf
s 99775 

n 10000 l 4999 r 996
s 109130 

n 10000 l 4999 r 997
r 2 i 505790 s 5000 f 1 wf
r 2 i 506133 s 5000 f 1 wf
s 104854 

n 10000 l 4999 r 998
s 82772 

n 10000 l 4999 r 999
r 2 i 505994 s 5000 f 1 wf
s 133491 

n 10000 l 4999 r 1000
s 114895 

