n 10000 l 4999 r 1
r 2 i 505898 s 5000 f 1 wf
s 92464 

n 10000 l 4999 r 2
s 109333 

n 10000 l 4999 r 3
s 101925 

n 10000 l 4999 r 4
s 118081 

n 10000 l 4999 r 5
r 2 i 505850 s 5000 f 1 wf
r 2 i 505761 s 5000 f 1 wf
s 97084 

n 10000 l 4999 r 6
r 2 i 506021 s 5000 f 1 wf
r 2 i 507368 s 5000 f 1 wf
s 112319 

n 10000 l 4999 r 7
r 2 i 505873 s 5000 f 1 wf
s 95209 

n 10000 l 4999 r 8
r 2 i 506343 s 5000 f 1 wf
r 2 i 507398 s 5000 f 1 wf
s 83770 

n 10000 l 4999 r 9
r 2 i 506200 s 5000 f 1 wf
s 94746 

n 10000 l 4999 r 10
r 2 i 505932 s 5000 f 1 wf
r 2 i 505777 s 5000 f 1 wf
r 2 i 505963 s 5000 f 2
s 93195 

n 10000 l 4999 r 11
s 123752 

n 10000 l 4999 r 12
s 92233 

n 10000 l 4999 r 13
r 2 i 505839 s 5000 f 1 wf
r 2 i 506017 s 5000 f 2
r 2 i 505691 s 5000 f 1 wf
s 80871 

n 10000 l 4999 r 14
r 2 i 506138 s 5000 f 1 wf
s 110601 

n 10000 l 4999 r 15
s 87798 

n 10000 l 4999 r 16
r 2 i 506038 s 5000 f 1 wf
s 95521 

n 10000 l 4999 r 17
s 102334 

n 10000 l 4999 r 18
s 89739 

n 10000 l 4999 r 19
s 89048 

n 10000 l 4999 r 20
r 2 i 505804 s 5000 f 1 wf
r 2 i 506057 s 5000 f 1 wf
r 2 i 505871 s 5000 f 2
r 2 i 506496 s 5000 f 2
s 105997 

n 10000 l 4999 r 21
r 2 i 506092 s 5000 f 1 wf
s 86433 

n 10000 l 4999 r 22
r 2 i 506404 s 5000 f 2
r 2 i 506191 s 5000 f 1 wf
r 2 i 505650 s 5000 f 1 wf
r 2 i 506413 s 5000 f 2
r 2 i 505508 s 5000 f 1 wf
r 2 i 505834 s 5000 f 1 wf
s 109000 

n 10000 l 4999 r 23
s 95726 

n 10000 l 4999 r 24
r 2 i 506041 s 5000 f 1 wf
r 2 i 505688 s 5000 f 1 wf
s 95768 

n 10000 l 4999 r 25
r 2 i 506142 s 5000 f 1 wf
r 2 i 505982 s 5000 f 2
s 99862 

n 10000 l 4999 r 26
s 87238 

n 10000 l 4999 r 27
s 89461 

n 10000 l 4999 r 28
r 2 i 506445 s 5000 f 1 wf
r 2 i 506255 s 5000 f 1 wf
r 2 i 505761 s 5000 f 1 wf
s 113164 

n 10000 l 4999 r 29
s 95738 

n 10000 l 4999 r 30
s 105144 

n 10000 l 4999 r 31
s 112263 

n 10000 l 4999 r 32
r 2 i 506001 s 5000 f 1 wf
s 87245 

n 10000 l 4999 r 33
s 106091 

n 10000 l 4999 r 34
s 109482 

n 10000 l 4999 r 35
s 97631 

n 10000 l 4999 r 36
s 88040 

n 10000 l 4999 r 37
s 95583 

n 10000 l 4999 r 38
s 104936 

n 10000 l 4999 r 39
s 91176 

n 10000 l 4999 r 40
s 114606 

n 10000 l 4999 r 41
r 2 i 506692 s 5000 f 1 wf
s 110020 

n 10000 l 4999 r 42
r 2 i 506304 s 5000 f 1 wf
r 2 i 505850 s 5000 f 1 wf
r 2 i 520408 s 5000 f 1 wf
r 2 i 506420 s 5000 f 1 wf
s 93342 

n 10000 l 4999 r 43
r 2 i 505820 s 5000 f 2
r 2 i 506763 s 5000 f 1 wf
r 2 i 506005 s 5000 f 1 wf
r 2 i 505972 s 5000 f 2
r 2 i 505877 s 5000 f 2
r 2 i 506195 s 5000 f 1 wf
r 2 i 506152 s 5000 f 2
r 2 i 505972 s 5000 f 1 wf
r 2 i 506085 s 5000 f 1 wf
s 92036 

n 10000 l 4999 r 44
r 2 i 506053 s 5000 f 1 wf
s 98606 

n 10000 l 4999 r 45
r 2 i 506378 s 5000 f 1 wf
s 106183 

n 10000 l 4999 r 46
s 93787 

n 10000 l 4999 r 47
s 81857 

n 10000 l 4999 r 48
s 118045 

n 10000 l 4999 r 49
s 100033 

n 10000 l 4999 r 50
r 2 i 505462 s 5000 f 1 wf
s 113366 

n 10000 l 4999 r 51
r 2 i 505905 s 5000 f 1 wf
r 2 i 506041 s 5000 f 1 wf
r 2 i 505263 s 5000 f 1 wf
r 2 i 505901 s 5000 f 2
s 97458 

n 10000 l 4999 r 52
s 113481 

n 10000 l 4999 r 53
r 2 i 506410 s 5000 f 1 wf
s 124138 

n 10000 l 4999 r 54
r 2 i 506002 s 5000 f 1 wf
s 114569 

n 10000 l 4999 r 55
r 2 i 506121 s 5000 f 1 wf
r 2 i 506017 s 5000 f 2
r 2 i 506385 s 5000 f 1 wf
s 105114 

n 10000 l 4999 r 56
s 91922 

n 10000 l 4999 r 57
r 2 i 505534 s 5000 f 1 wf
s 108318 

n 10000 l 4999 r 58
r 2 i 505893 s 5000 f 1 wf
r 2 i 506148 s 5000 f 2
r 2 i 506244 s 5000 f 1 wf
r 2 i 505953 s 5000 f 1 wf
r 2 i 506124 s 5000 f 1 wf
r 2 i 506500 s 5000 f 1 wf
r 2 i 505839 s 5000 f 2
s 100010 

n 10000 l 4999 r 59
s 88190 

n 10000 l 4999 r 60
r 2 i 505381 s 5000 f 1 wf
r 2 i 505688 s 5000 f 1 wf
s 107614 

n 10000 l 4999 r 61
r 2 i 505520 s 5000 f 1 wf
s 96628 

n 10000 l 4999 r 62
s 101027 

n 10000 l 4999 r 63
r 2 i 505572 s 5000 f 1 wf
r 2 i 508360 s 5000 f 2
s 93154 

n 10000 l 4999 r 64
r 2 i 505911 s 5000 f 1 wf
r 2 i 505924 s 5000 f 1 wf
r 2 i 506309 s 5000 f 2
r 2 i 505971 s 5000 f 2
r 2 i 505923 s 5000 f 1 wf
s 109677 

n 10000 l 4999 r 65
r 2 i 505887 s 5000 f 1 wf
s 106139 

n 10000 l 4999 r 66
r 2 i 506108 s 5000 f 1 wf
r 2 i 506079 s 5000 f 1 wf
r 2 i 505755 s 5000 f 1 wf
r 2 i 506488 s 5000 f 1 wf
r 2 i 505704 s 5000 f 1 wf
s 98943 

n 10000 l 4999 r 67
r 2 i 505318 s 5000 f 1 wf
r 2 i 506164 s 5000 f 1 wf
s 102152 

n 10000 l 4999 r 68
r 2 i 506277 s 5000 f 2
r 2 i 506109 s 5000 f 1 wf
s 99918 

n 10000 l 4999 r 69
r 2 i 505819 s 5000 f 1 wf
s 113284 

n 10000 l 4999 r 70
r 2 i 505983 s 5000 f 2
s 81467 

n 10000 l 4999 r 71
s 130767 

n 10000 l 4999 r 72
r 2 i 505948 s 5000 f 1 wf
r 2 i 505871 s 5000 f 1 wf
s 103911 

n 10000 l 4999 r 73
s 113687 

n 10000 l 4999 r 74
s 114118 

n 10000 l 4999 r 75
s 92578 

n 10000 l 4999 r 76
r 2 i 506537 s 5000 f 1 wf
r 2 i 505800 s 5000 f 1 wf
r 2 i 506104 s 5000 f 1 wf
s 105156 

n 10000 l 4999 r 77
s 110404 

n 10000 l 4999 r 78
r 2 i 506093 s 5000 f 1 wf
s 92205 

n 10000 l 4999 r 79
r 2 i 505696 s 5000 f 1 wf
r 2 i 507578 s 5000 f 1 wf
s 95791 

n 10000 l 4999 r 80
r 2 i 506242 s 5000 f 1 wf
r 2 i 505968 s 5000 f 1 wf
s 91594 

n 10000 l 4999 r 81
r 2 i 505926 s 5000 f 1 wf
r 2 i 505742 s 5000 f 1 wf
r 2 i 506019 s 5000 f 1 wf
r 2 i 505476 s 5000 f 1 wf
r 2 i 506180 s 5000 f 1 wf
r 2 i 505837 s 5000 f 1 wf
s 109454 

n 10000 l 4999 r 82
r 2 i 506152 s 5000 f 1 wf
s 98852 

n 10000 l 4999 r 83
s 116206 

n 10000 l 4999 r 84
r 2 i 505633 s 5000 f 1 wf
s 99583 

n 10000 l 4999 r 85
s 113599 

n 10000 l 4999 r 86
r 2 i 505960 s 5000 f 1 wf
r 2 i 505911 s 5000 f 2
s 101231 

n 10000 l 4999 r 87
s 85296 

n 10000 l 4999 r 88
r 2 i 506012 s 5000 f 2
s 86391 

n 10000 l 4999 r 89
r 2 i 506142 s 5000 f 1 wf
s 123892 

n 10000 l 4999 r 90
r 2 i 505895 s 5000 f 1 wf
s 102469 

n 10000 l 4999 r 91
r 2 i 506405 s 5000 f 1 wf
r 2 i 506387 s 5000 f 1 wf
r 2 i 506649 s 5000 f 1 wf
r 2 i 505988 s 5000 f 1 wf
s 116439 

n 10000 l 4999 r 92
r 2 i 506589 s 5000 f 1 wf
r 2 i 505640 s 5000 f 1 wf
r 2 i 505722 s 5000 f 1 wf
r 2 i 505835 s 5000 f 1 wf
r 2 i 506315 s 5000 f 1 wf
r 2 i 505983 s 5000 f 1 wf
r 2 i 505798 s 5000 f 1 wf
r 2 i 505884 s 5000 f 1 wf
r 2 i 506231 s 5000 f 1 wf
r 2 i 506801 s 5000 f 1 wf
s 89799 

n 10000 l 4999 r 93
r 2 i 506055 s 5000 f 1 wf
r 2 i 505806 s 5000 f 1 wf
s 146998 

n 10000 l 4999 r 94
s 103420 

n 10000 l 4999 r 95
r 2 i 506115 s 5000 f 2
r 2 i 506038 s 5000 f 1 wf
s 121934 

n 10000 l 4999 r 96
r 2 i 506174 s 5000 f 1 wf
s 129890 

n 10000 l 4999 r 97
r 2 i 505730 s 5000 f 1 wf
r 2 i 505962 s 5000 f 2
s 114745 

n 10000 l 4999 r 98
r 2 i 506543 s 5000 f 2
r 2 i 505678 s 5000 f 2
s 102044 

n 10000 l 4999 r 99
s 79813 

n 10000 l 4999 r 100
r 2 i 505805 s 5000 f 1 wf
r 2 i 509851 s 5000 f 1 wf
r 2 i 506037 s 5000 f 2
r 2 i 506344 s 5000 f 2
s 100513 

n 10000 l 4999 r 101
s 103454 

n 10000 l 4999 r 102
r 2 i 506326 s 5000 f 1 wf
s 108868 

n 10000 l 4999 r 103
s 106250 

n 10000 l 4999 r 104
r 2 i 505768 s 5000 f 1 wf
r 2 i 506346 s 5000 f 1 wf
s 100989 

n 10000 l 4999 r 105
r 2 i 505852 s 5000 f 1 wf
s 87739 

n 10000 l 4999 r 106
s 100048 

n 10000 l 4999 r 107
r 2 i 505437 s 5000 f 1 wf
r 2 i 505899 s 5000 f 1 wf
s 105528 

n 10000 l 4999 r 108
r 2 i 506341 s 5000 f 1 wf
r 2 i 505889 s 5000 f 1 wf
r 2 i 506272 s 5000 f 1 wf
r 2 i 506026 s 5000 f 1 wf
s 116339 

n 10000 l 4999 r 109
s 88821 

n 10000 l 4999 r 110
s 100550 

n 10000 l 4999 r 111
r 2 i 506299 s 5000 f 1 wf
r 2 i 507177 s 5000 f 1 wf
r 2 i 506541 s 5000 f 1 wf
s 104353 

n 10000 l 4999 r 112
r 2 i 505880 s 5000 f 1 wf
s 103093 

n 10000 l 4999 r 113
s 84931 

n 10000 l 4999 r 114
r 2 i 505683 s 5000 f 1 wf
s 84871 

n 10000 l 4999 r 115
s 92018 

n 10000 l 4999 r 116
r 2 i 505972 s 5000 f 1 wf
r 2 i 506121 s 5000 f 1 wf
r 2 i 505751 s 5000 f 1 wf
s 93361 

n 10000 l 4999 r 117
r 2 i 506299 s 5000 f 1 wf
s 104285 

n 10000 l 4999 r 118
s 110624 

n 10000 l 4999 r 119
s 86294 

n 10000 l 4999 r 120
r 2 i 506308 s 5000 f 2
s 102996 

n 10000 l 4999 r 121
s 86282 

n 10000 l 4999 r 122
s 113259 

n 10000 l 4999 r 123
r 2 i 505897 s 5000 f 1 wf
s 104505 

n 10000 l 4999 r 124
r 2 i 505824 s 5000 f 1 wf
r 2 i 505974 s 5000 f 1 wf
s 105789 

n 10000 l 4999 r 125
s 113940 

n 10000 l 4999 r 126
r 2 i 506274 s 5000 f 1 wf
s 107149 

n 10000 l 4999 r 127
r 2 i 506509 s 5000 f 2
r 2 i 505867 s 5000 f 1 wf
r 2 i 506347 s 5000 f 2
s 102386 

n 10000 l 4999 r 128
r 2 i 506131 s 5000 f 1 wf
r 2 i 505900 s 5000 f 1 wf
r 2 i 505898 s 5000 f 1 wf
s 85591 

n 10000 l 4999 r 129
r 2 i 505840 s 5000 f 1 wf
r 2 i 506121 s 5000 f 2
s 127258 

n 10000 l 4999 r 130
s 105718 

n 10000 l 4999 r 131
r 2 i 505821 s 5000 f 1 wf
r 2 i 505974 s 5000 f 2
r 2 i 506268 s 5000 f 2
s 98947 

n 10000 l 4999 r 132
s 103807 

n 10000 l 4999 r 133
s 85799 

n 10000 l 4999 r 134
s 96804 

n 10000 l 4999 r 135
r 2 i 505548 s 5000 f 1 wf
s 120012 

n 10000 l 4999 r 136
r 2 i 506191 s 5000 f 2
r 2 i 506027 s 5000 f 1 wf
r 2 i 505768 s 5000 f 1 wf
r 2 i 506372 s 5000 f 2
s 100574 

n 10000 l 4999 r 137
s 107348 

n 10000 l 4999 r 138
r 2 i 506083 s 5000 f 1 wf
s 94226 

n 10000 l 4999 r 139
r 2 i 506283 s 5000 f 1 wf
s 100227 

n 10000 l 4999 r 140
s 126510 

n 10000 l 4999 r 141
s 92053 

n 10000 l 4999 r 142
r 2 i 506203 s 5000 f 1 wf
r 2 i 506476 s 5000 f 1 wf
r 2 i 506018 s 5000 f 1 wf
r 2 i 506004 s 5000 f 1 wf
r 2 i 514004 s 5000 f 1 wf
r 2 i 506494 s 5000 f 2
r 2 i 505831 s 5000 f 1 wf
r 2 i 505497 s 5000 f 2
s 87778 

n 10000 l 4999 r 143
s 83897 

n 10000 l 4999 r 144
s 101700 

n 10000 l 4999 r 145
r 2 i 505404 s 5000 f 2
r 2 i 505815 s 5000 f 2
r 2 i 506203 s 5000 f 2
r 2 i 506060 s 5000 f 2
r 2 i 505986 s 5000 f 2
s 89773 

n 10000 l 4999 r 146
r 2 i 505954 s 5000 f 1 wf
r 2 i 506489 s 5000 f 1 wf
r 2 i 505663 s 5000 f 1 wf
s 92771 

n 10000 l 4999 r 147
r 2 i 506002 s 5000 f 1 wf
r 2 i 505730 s 5000 f 2
r 2 i 505843 s 5000 f 1 wf
r 2 i 505755 s 5000 f 1 wf
r 2 i 505658 s 5000 f 1 wf
r 2 i 505756 s 5000 f 2
s 115319 

n 10000 l 4999 r 148
r 2 i 505824 s 5000 f 1 wf
s 88792 

n 10000 l 4999 r 149
r 2 i 505905 s 5000 f 2
s 89042 

n 10000 l 4999 r 150
s 93040 

n 10000 l 4999 r 151
r 2 i 506143 s 5000 f 1 wf
r 2 i 506121 s 5000 f 1 wf
s 102693 

n 10000 l 4999 r 152
r 2 i 505645 s 5000 f 1 wf
r 2 i 505887 s 5000 f 1 wf
r 2 i 505854 s 5000 f 1 wf
r 2 i 505469 s 5000 f 1 wf
r 2 i 506138 s 5000 f 2
r 2 i 505987 s 5000 f 1 wf
s 104272 

n 10000 l 4999 r 153
s 110198 

n 10000 l 4999 r 154
r 2 i 505815 s 5000 f 1 wf
r 2 i 506387 s 5000 f 1 wf
r 2 i 506454 s 5000 f 1 wf
s 94100 

n 10000 l 4999 r 155
r 2 i 505620 s 5000 f 1 wf
s 116208 

n 10000 l 4999 r 156
s 94636 

n 10000 l 4999 r 157
r 2 i 505973 s 5000 f 1 wf
r 2 i 506254 s 5000 f 1 wf
r 2 i 506127 s 5000 f 1 wf
r 2 i 505751 s 5000 f 1 wf
r 2 i 505836 s 5000 f 1 wf
r 2 i 506432 s 5000 f 1 wf
r 2 i 505841 s 5000 f 2
r 2 i 505640 s 5000 f 1 wf
r 2 i 506388 s 5000 f 2
r 2 i 506567 s 5000 f 2
s 94203 

n 10000 l 4999 r 158
r 2 i 505642 s 5000 f 1 wf
s 96656 

n 10000 l 4999 r 159
r 2 i 505888 s 5000 f 1 wf
r 2 i 505728 s 5000 f 1 wf
s 109182 

n 10000 l 4999 r 160
r 2 i 507490 s 5000 f 1 wf
r 2 i 505544 s 5000 f 1 wf
r 2 i 505860 s 5000 f 1 wf
s 118858 

n 10000 l 4999 r 161
r 2 i 506020 s 5000 f 1 wf
r 2 i 510102 s 5000 f 1 wf
s 100495 

n 10000 l 4999 r 162
r 2 i 506301 s 5000 f 1 wf
r 2 i 505497 s 5000 f 1 wf
r 2 i 505656 s 5000 f 1 wf
s 94432 

n 10000 l 4999 r 163
r 2 i 505801 s 5000 f 1 wf
r 2 i 505908 s 5000 f 1 wf
r 2 i 505946 s 5000 f 1 wf
r 2 i 505797 s 5000 f 2
s 90246 

n 10000 l 4999 r 164
r 2 i 506715 s 5000 f 1 wf
s 117524 

n 10000 l 4999 r 165
r 2 i 506343 s 5000 f 1 wf
r 2 i 505453 s 5000 f 1 wf
r 2 i 505789 s 5000 f 1 wf
r 2 i 505738 s 5000 f 1 wf
r 2 i 506012 s 5000 f 1 wf
s 102032 

n 10000 l 4999 r 166
r 2 i 506188 s 5000 f 1 wf
s 91377 

n 10000 l 4999 r 167
r 2 i 506190 s 5000 f 1 wf
r 2 i 506137 s 5000 f 1 wf
r 2 i 505715 s 5000 f 1 wf
r 2 i 506068 s 5000 f 2
s 97893 

n 10000 l 4999 r 168
r 2 i 506352 s 5000 f 1 wf
r 2 i 506289 s 5000 f 1 wf
r 2 i 505808 s 5000 f 1 wf
s 106149 

n 10000 l 4999 r 169
s 113577 

n 10000 l 4999 r 170
r 2 i 506341 s 5000 f 1 wf
r 2 i 505939 s 5000 f 1 wf
r 2 i 506575 s 5000 f 1 wf
s 101991 

n 10000 l 4999 r 171
r 2 i 506035 s 5000 f 2
r 2 i 505950 s 5000 f 1 wf
r 2 i 505838 s 5000 f 2
r 2 i 505608 s 5000 f 1 wf
r 2 i 505933 s 5000 f 1 wf
r 2 i 506070 s 5000 f 1 wf
r 2 i 505915 s 5000 f 2
r 2 i 505724 s 5000 f 1 wf
s 107130 

n 10000 l 4999 r 172
s 81709 

n 10000 l 4999 r 173
r 2 i 506196 s 5000 f 2
s 112445 

n 10000 l 4999 r 174
r 2 i 511631 s 5000 f 1 wf
r 2 i 506584 s 5000 f 1 wf
s 114833 

n 10000 l 4999 r 175
r 2 i 507128 s 5000 f 1 wf
s 101716 

n 10000 l 4999 r 176
s 90024 

n 10000 l 4999 r 177
s 110868 

n 10000 l 4999 r 178
r 2 i 505808 s 5000 f 2
r 2 i 506202 s 5000 f 1 wf
r 2 i 506056 s 5000 f 1 wf
r 2 i 506080 s 5000 f 2
r 2 i 505903 s 5000 f 1 wf
r 2 i 506686 s 5000 f 1 wf
r 2 i 505866 s 5000 f 1 wf
r 2 i 506042 s 5000 f 1 wf
r 2 i 506236 s 5000 f 1 wf
r 2 i 505601 s 5000 f 1 wf
s 107891 

n 10000 l 4999 r 179
r 2 i 506194 s 5000 f 2
s 125834 

n 10000 l 4999 r 180
r 2 i 505542 s 5000 f 1 wf
s 95516 

n 10000 l 4999 r 181
s 102073 

n 10000 l 4999 r 182
r 2 i 505846 s 5000 f 1 wf
r 2 i 506267 s 5000 f 1 wf
r 2 i 506019 s 5000 f 1 wf
r 2 i 506534 s 5000 f 1 wf
r 2 i 506313 s 5000 f 1 wf
r 2 i 506119 s 5000 f 1 wf
r 2 i 505898 s 5000 f 1 wf
r 2 i 514542 s 5000 f 1 wf
r 2 i 505822 s 5000 f 1 wf
r 2 i 505929 s 5000 f 1 wf
r 2 i 506293 s 5000 f 1 wf
s 101260 

n 10000 l 4999 r 183
s 116620 

n 10000 l 4999 r 184
r 2 i 505940 s 5000 f 1 wf
r 2 i 506266 s 5000 f 2
s 101856 

n 10000 l 4999 r 185
r 2 i 506964 s 5000 f 1 wf
s 106544 

n 10000 l 4999 r 186
r 2 i 505693 s 5000 f 1 wf
s 111654 

n 10000 l 4999 r 187
s 106716 

n 10000 l 4999 r 188
s 85730 

n 10000 l 4999 r 189
s 96979 

n 10000 l 4999 r 190
r 2 i 507057 s 5000 f 1 wf
r 2 i 505870 s 5000 f 1 wf
r 2 i 505515 s 5000 f 2
r 2 i 505788 s 5000 f 1 wf
s 108262 

n 10000 l 4999 r 191
s 93591 

n 10000 l 4999 r 192
r 2 i 505919 s 5000 f 1 wf
r 2 i 506051 s 5000 f 1 wf
s 97861 

n 10000 l 4999 r 193
r 2 i 505627 s 5000 f 1 wf
s 105441 

n 10000 l 4999 r 194
s 108020 

n 10000 l 4999 r 195
s 110878 

n 10000 l 4999 r 196
r 2 i 506984 s 5000 f 1 wf
s 85958 

n 10000 l 4999 r 197
s 109013 

n 10000 l 4999 r 198
s 95369 

n 10000 l 4999 r 199
s 99966 

n 10000 l 4999 r 200
r 2 i 505517 s 5000 f 1 wf
s 87208 

n 10000 l 4999 r 201
r 2 i 505810 s 5000 f 1 wf
s 98435 

n 10000 l 4999 r 202
s 90643 

n 10000 l 4999 r 203
r 2 i 505777 s 5000 f 1 wf
r 2 i 505952 s 5000 f 2
r 2 i 505968 s 5000 f 1 wf
s 93719 

n 10000 l 4999 r 204
r 2 i 506453 s 5000 f 1 wf
r 2 i 505824 s 5000 f 1 wf
r 2 i 505910 s 5000 f 1 wf
r 2 i 506042 s 5000 f 1 wf
s 135292 

n 10000 l 4999 r 205
r 2 i 505542 s 5000 f 1 wf
s 102945 

n 10000 l 4999 r 206
r 2 i 505585 s 5000 f 2
r 2 i 505604 s 5000 f 2
r 2 i 505651 s 5000 f 1 wf
s 97463 

n 10000 l 4999 r 207
s 117296 

n 10000 l 4999 r 208
r 2 i 505660 s 5000 f 1 wf
r 2 i 506314 s 5000 f 1 wf
r 2 i 505487 s 5000 f 1 wf
r 2 i 505844 s 5000 f 1 wf
r 2 i 506177 s 5000 f 1 wf
s 83879 

n 10000 l 4999 r 209
s 94625 

n 10000 l 4999 r 210
r 2 i 505458 s 5000 f 1 wf
r 2 i 506165 s 5000 f 1 wf
r 2 i 506448 s 5000 f 2
s 136099 

n 10000 l 4999 r 211
r 2 i 506247 s 5000 f 1 wf
r 2 i 505962 s 5000 f 2
s 95280 

n 10000 l 4999 r 212
r 2 i 505309 s 5000 f 1 wf
r 2 i 506005 s 5000 f 1 wf
r 2 i 506679 s 5000 f 2
s 110500 

n 10000 l 4999 r 213
s 105452 

n 10000 l 4999 r 214
r 2 i 505706 s 5000 f 1 wf
s 88760 

n 10000 l 4999 r 215
s 114045 

n 10000 l 4999 r 216
r 2 i 506017 s 5000 f 1 wf
r 2 i 506565 s 5000 f 1 wf
s 109111 

n 10000 l 4999 r 217
r 2 i 506287 s 5000 f 1 wf
s 94418 

n 10000 l 4999 r 218
r 2 i 505717 s 5000 f 1 wf
r 2 i 506509 s 5000 f 2
s 81048 

n 10000 l 4999 r 219
s 125279 

n 10000 l 4999 r 220
r 2 i 505475 s 5000 f 2
r 2 i 506228 s 5000 f 1 wf
r 2 i 505820 s 5000 f 1 wf
r 2 i 506231 s 5000 f 2
r 2 i 505624 s 5000 f 1 wf
r 2 i 506100 s 5000 f 1 wf
r 2 i 506095 s 5000 f 1 wf
r 2 i 505710 s 5000 f 1 wf
r 2 i 506103 s 5000 f 1 wf
s 94443 

n 10000 l 4999 r 221
r 2 i 506093 s 5000 f 2
r 2 i 505820 s 5000 f 1 wf
r 2 i 506169 s 5000 f 1 wf
r 2 i 505961 s 5000 f 1 wf
r 2 i 505998 s 5000 f 1 wf
s 83307 

n 10000 l 4999 r 222
r 2 i 506516 s 5000 f 1 wf
s 101875 

n 10000 l 4999 r 223
s 95277 

n 10000 l 4999 r 224
s 104325 

n 10000 l 4999 r 225
s 122464 

n 10000 l 4999 r 226
s 87138 

n 10000 l 4999 r 227
r 2 i 505780 s 5000 f 1 wf
r 2 i 506197 s 5000 f 1 wf
s 87550 

n 10000 l 4999 r 228
s 105987 

n 10000 l 4999 r 229
s 94431 

n 10000 l 4999 r 230
r 2 i 505731 s 5000 f 1 wf
r 2 i 506759 s 5000 f 1 wf
s 96730 

n 10000 l 4999 r 231
s 95256 

n 10000 l 4999 r 232
s 107949 

n 10000 l 4999 r 233
s 93397 

n 10000 l 4999 r 234
s 117834 

n 10000 l 4999 r 235
r 2 i 506003 s 5000 f 2
r 2 i 505651 s 5000 f 2
r 2 i 505694 s 5000 f 1 wf
r 2 i 505739 s 5000 f 1 wf
r 2 i 505889 s 5000 f 1 wf
r 2 i 505888 s 5000 f 2
s 106807 

n 10000 l 4999 r 236
r 2 i 506165 s 5000 f 2
s 96895 

n 10000 l 4999 r 237
r 2 i 505986 s 5000 f 2
s 86753 

n 10000 l 4999 r 238
s 81719 

n 10000 l 4999 r 239
r 2 i 505640 s 5000 f 1 wf
r 2 i 506625 s 5000 f 1 wf
r 2 i 505778 s 5000 f 1 wf
s 96876 

n 10000 l 4999 r 240
r 2 i 505974 s 5000 f 2
s 113962 

n 10000 l 4999 r 241
s 105384 

n 10000 l 4999 r 242
s 92745 

n 10000 l 4999 r 243
r 2 i 505721 s 5000 f 1 wf
s 93385 

n 10000 l 4999 r 244
r 2 i 506326 s 5000 f 1 wf
s 105666 

n 10000 l 4999 r 245
r 2 i 506392 s 5000 f 1 wf
r 2 i 505999 s 5000 f 1 wf
r 2 i 506009 s 5000 f 1 wf
r 2 i 506173 s 5000 f 1 wf
r 2 i 505535 s 5000 f 2
s 94044 

n 10000 l 4999 r 246
r 2 i 505667 s 5000 f 1 wf
s 103250 

n 10000 l 4999 r 247
r 2 i 505789 s 5000 f 1 wf
r 2 i 506519 s 5000 f 2
r 2 i 505798 s 5000 f 1 wf
s 106267 

n 10000 l 4999 r 248
s 90703 

n 10000 l 4999 r 249
r 2 i 505652 s 5000 f 1 wf
s 102137 

n 10000 l 4999 r 250
s 80858 

n 10000 l 4999 r 251
s 105333 

n 10000 l 4999 r 252
r 2 i 506052 s 5000 f 2
s 98375 

n 10000 l 4999 r 253
r 2 i 506099 s 5000 f 1 wf
s 133177 

n 10000 l 4999 r 254
s 79881 

n 10000 l 4999 r 255
s 107168 

n 10000 l 4999 r 256
r 2 i 507350 s 5000 f 1 wf
s 89407 

n 10000 l 4999 r 257
r 2 i 506617 s 5000 f 1 wf
s 87397 

n 10000 l 4999 r 258
r 2 i 505719 s 5000 f 1 wf
r 2 i 506261 s 5000 f 2
r 2 i 505942 s 5000 f 1 wf
s 95900 

n 10000 l 4999 r 259
s 94335 

n 10000 l 4999 r 260
r 2 i 506710 s 5000 f 1 wf
r 2 i 506309 s 5000 f 1 wf
r 2 i 506123 s 5000 f 2
r 2 i 505691 s 5000 f 1 wf
r 2 i 506036 s 5000 f 2
s 107436 

n 10000 l 4999 r 261
s 128865 

n 10000 l 4999 r 262
r 2 i 505728 s 5000 f 1 wf
s 93738 

n 10000 l 4999 r 263
r 2 i 505680 s 5000 f 1 wf
r 2 i 506085 s 5000 f 2
r 2 i 508511 s 5000 f 2
s 83815 

n 10000 l 4999 r 264
r 2 i 506380 s 5000 f 1 wf
s 109470 

n 10000 l 4999 r 265
r 2 i 506089 s 5000 f 1 wf
r 2 i 506443 s 5000 f 1 wf
r 2 i 505869 s 5000 f 1 wf
r 2 i 506096 s 5000 f 1 wf
r 2 i 505629 s 5000 f 2
r 2 i 505669 s 5000 f 1 wf
s 105751 

n 10000 l 4999 r 266
s 120613 

n 10000 l 4999 r 267
r 2 i 506031 s 5000 f 1 wf
r 2 i 506233 s 5000 f 2
s 120284 

n 10000 l 4999 r 268
r 2 i 505613 s 5000 f 2
r 2 i 505621 s 5000 f 1 wf
r 2 i 505740 s 5000 f 1 wf
r 2 i 506236 s 5000 f 2
s 104687 

n 10000 l 4999 r 269
r 2 i 506202 s 5000 f 1 wf
r 2 i 505504 s 5000 f 1 wf
r 2 i 505884 s 5000 f 1 wf
s 92995 

n 10000 l 4999 r 270
r 2 i 506022 s 5000 f 1 wf
r 2 i 505995 s 5000 f 1 wf
r 2 i 506133 s 5000 f 1 wf
s 94627 

n 10000 l 4999 r 271
r 2 i 505608 s 5000 f 1 wf
s 92418 

n 10000 l 4999 r 272
r 2 i 505983 s 5000 f 1 wf
r 2 i 508517 s 5000 f 1 wf
r 2 i 506133 s 5000 f 1 wf
r 2 i 505765 s 5000 f 2
s 83679 

n 10000 l 4999 r 273
s 95951 

n 10000 l 4999 r 274
r 2 i 506474 s 5000 f 1 wf
r 2 i 506100 s 5000 f 1 wf
r 2 i 505754 s 5000 f 2
r 2 i 506184 s 5000 f 1 wf
r 2 i 505852 s 5000 f 2
r 2 i 506132 s 5000 f 2
r 2 i 505897 s 5000 f 2
r 2 i 505951 s 5000 f 1 wf
s 99131 

n 10000 l 4999 r 275
s 88841 

n 10000 l 4999 r 276
s 104030 

n 10000 l 4999 r 277
r 2 i 505748 s 5000 f 1 wf
r 2 i 506322 s 5000 f 1 wf
r 2 i 506406 s 5000 f 1 wf
r 2 i 506137 s 5000 f 1 wf
r 2 i 506252 s 5000 f 1 wf
r 2 i 505905 s 5000 f 1 wf
r 2 i 506262 s 5000 f 1 wf
s 81611 

n 10000 l 4999 r 278
r 2 i 505998 s 5000 f 2
s 107536 

n 10000 l 4999 r 279
r 2 i 506328 s 5000 f 1 wf
r 2 i 505835 s 5000 f 1 wf
r 2 i 505837 s 5000 f 1 wf
s 104158 

n 10000 l 4999 r 280
r 2 i 505930 s 5000 f 1 wf
s 98822 

n 10000 l 4999 r 281
s 84880 

n 10000 l 4999 r 282
r 2 i 506175 s 5000 f 1 wf
r 2 i 506135 s 5000 f 1 wf
r 2 i 505789 s 5000 f 1 wf
r 2 i 506047 s 5000 f 1 wf
r 2 i 505652 s 5000 f 2
r 2 i 506092 s 5000 f 2
s 125186 

n 10000 l 4999 r 283
r 2 i 506368 s 5000 f 1 wf
s 123289 

n 10000 l 4999 r 284
s 106727 

n 10000 l 4999 r 285
r 2 i 506222 s 5000 f 2
s 134284 

n 10000 l 4999 r 286
s 94855 

n 10000 l 4999 r 287
r 2 i 505691 s 5000 f 1 wf
s 100467 

n 10000 l 4999 r 288
s 90191 

n 10000 l 4999 r 289
r 2 i 505846 s 5000 f 1 wf
s 83619 

n 10000 l 4999 r 290
r 2 i 505843 s 5000 f 1 wf
r 2 i 505788 s 5000 f 1 wf
r 2 i 505966 s 5000 f 1 wf
s 87269 

n 10000 l 4999 r 291
r 2 i 506105 s 5000 f 2
s 92506 

n 10000 l 4999 r 292
s 90608 

n 10000 l 4999 r 293
s 103869 

n 10000 l 4999 r 294
s 104671 

n 10000 l 4999 r 295
r 2 i 506084 s 5000 f 2
s 114008 

n 10000 l 4999 r 296
s 99373 

n 10000 l 4999 r 297
s 113501 

n 10000 l 4999 r 298
r 2 i 505914 s 5000 f 1 wf
r 2 i 505688 s 5000 f 1 wf
s 96778 

n 10000 l 4999 r 299
r 2 i 506366 s 5000 f 1 wf
r 2 i 505910 s 5000 f 2
s 112560 

n 10000 l 4999 r 300
r 2 i 506061 s 5000 f 1 wf
r 2 i 506074 s 5000 f 1 wf
r 2 i 506193 s 5000 f 2
s 98887 

n 10000 l 4999 r 301
r 2 i 506349 s 5000 f 1 wf
r 2 i 507151 s 5000 f 1 wf
r 2 i 506245 s 5000 f 1 wf
r 2 i 505986 s 5000 f 1 wf
s 86980 

n 10000 l 4999 r 302
s 106250 

n 10000 l 4999 r 303
r 2 i 506157 s 5000 f 1 wf
s 99243 

n 10000 l 4999 r 304
s 99239 

n 10000 l 4999 r 305
r 2 i 505863 s 5000 f 2
s 100972 

n 10000 l 4999 r 306
s 114442 

n 10000 l 4999 r 307
r 2 i 505478 s 5000 f 2
r 2 i 505708 s 5000 f 1 wf
r 2 i 505568 s 5000 f 2
r 2 i 507153 s 5000 f 1 wf
r 2 i 505761 s 5000 f 1 wf
r 2 i 505811 s 5000 f 1 wf
r 2 i 505781 s 5000 f 1 wf
r 2 i 505792 s 5000 f 1 wf
r 2 i 505671 s 5000 f 1 wf
r 2 i 507689 s 5000 f 1 wf
r 2 i 505569 s 5000 f 1 wf
r 2 i 505837 s 5000 f 1 wf
r 2 i 505768 s 5000 f 1 wf
r 2 i 506359 s 5000 f 2
r 2 i 506064 s 5000 f 1 wf
r 2 i 507044 s 5000 f 1 wf
r 2 i 505982 s 5000 f 2
r 2 i 505621 s 5000 f 1 wf
s 116230 

n 10000 l 4999 r 308
r 2 i 506386 s 5000 f 1 wf
s 88139 

n 10000 l 4999 r 309
s 154878 

n 10000 l 4999 r 310
r 2 i 506214 s 5000 f 2
r 2 i 506135 s 5000 f 1 wf
s 99233 

n 10000 l 4999 r 311
r 2 i 505992 s 5000 f 2
r 2 i 505896 s 5000 f 2
s 112237 

n 10000 l 4999 r 312
s 82230 

n 10000 l 4999 r 313
r 2 i 506122 s 5000 f 1 wf
r 2 i 507267 s 5000 f 1 wf
r 2 i 513121 s 5000 f 1 wf
r 2 i 506088 s 5000 f 1 wf
s 131801 

n 10000 l 4999 r 314
r 2 i 505942 s 5000 f 1 wf
r 2 i 506650 s 5000 f 1 wf
r 2 i 506118 s 5000 f 1 wf
r 2 i 505678 s 5000 f 1 wf
r 2 i 506280 s 5000 f 1 wf
s 106697 

n 10000 l 4999 r 315
r 2 i 505840 s 5000 f 1 wf
r 2 i 505984 s 5000 f 1 wf
r 2 i 505298 s 5000 f 1 wf
s 112972 

n 10000 l 4999 r 316
s 111754 

n 10000 l 4999 r 317
r 2 i 505693 s 5000 f 1 wf
s 126483 

n 10000 l 4999 r 318
s 100287 

n 10000 l 4999 r 319
r 2 i 506039 s 5000 f 2
r 2 i 506085 s 5000 f 1 wf
s 103665 

n 10000 l 4999 r 320
s 112034 

n 10000 l 4999 r 321
r 2 i 505931 s 5000 f 1 wf
r 2 i 506231 s 5000 f 2
r 2 i 506093 s 5000 f 2
s 110018 

n 10000 l 4999 r 322
s 129809 

n 10000 l 4999 r 323
r 2 i 506548 s 5000 f 1 wf
s 100473 

n 10000 l 4999 r 324
r 2 i 506204 s 5000 f 1 wf
s 101089 

n 10000 l 4999 r 325
r 2 i 505801 s 5000 f 1 wf
s 91264 

n 10000 l 4999 r 326
s 101100 

n 10000 l 4999 r 327
s 127947 

n 10000 l 4999 r 328
r 2 i 505594 s 5000 f 1 wf
s 92704 

n 10000 l 4999 r 329
r 2 i 505906 s 5000 f 2
r 2 i 505935 s 5000 f 1 wf
s 115737 

n 10000 l 4999 r 330
s 92231 

n 10000 l 4999 r 331
r 2 i 506053 s 5000 f 1 wf
r 2 i 506173 s 5000 f 1 wf
s 98145 

n 10000 l 4999 r 332
r 2 i 505440 s 5000 f 1 wf
s 96037 

n 10000 l 4999 r 333
r 2 i 506429 s 5000 f 1 wf
r 2 i 505900 s 5000 f 1 wf
s 84690 

n 10000 l 4999 r 334
r 2 i 505899 s 5000 f 1 wf
s 112169 

n 10000 l 4999 r 335
r 2 i 506150 s 5000 f 2
s 100925 

n 10000 l 4999 r 336
r 2 i 507083 s 5000 f 1 wf
r 2 i 506203 s 5000 f 2
r 2 i 505804 s 5000 f 1 wf
s 96840 

n 10000 l 4999 r 337
s 98730 

n 10000 l 4999 r 338
r 2 i 506147 s 5000 f 1 wf
r 2 i 505814 s 5000 f 2
r 2 i 505673 s 5000 f 1 wf
s 95598 

n 10000 l 4999 r 339
r 2 i 510800 s 5000 f 1 wf
r 2 i 505792 s 5000 f 2
r 2 i 505933 s 5000 f 2
r 2 i 505652 s 5000 f 2
r 2 i 505778 s 5000 f 1 wf
r 2 i 506839 s 5000 f 2
s 105244 

n 10000 l 4999 r 340
r 2 i 505922 s 5000 f 1 wf
r 2 i 505734 s 5000 f 1 wf
s 95675 

n 10000 l 4999 r 341
r 2 i 505825 s 5000 f 1 wf
r 2 i 506083 s 5000 f 1 wf
r 2 i 505966 s 5000 f 1 wf
s 88967 

n 10000 l 4999 r 342
r 2 i 505830 s 5000 f 1 wf
r 2 i 506402 s 5000 f 1 wf
r 2 i 505743 s 5000 f 1 wf
r 2 i 506032 s 5000 f 1 wf
r 2 i 506039 s 5000 f 1 wf
r 2 i 505959 s 5000 f 1 wf
r 2 i 506435 s 5000 f 1 wf
r 2 i 506459 s 5000 f 1 wf
r 2 i 506427 s 5000 f 2
s 88619 

n 10000 l 4999 r 343
s 92390 

n 10000 l 4999 r 344
r 2 i 506112 s 5000 f 1 wf
r 2 i 506270 s 5000 f 1 wf
r 2 i 506313 s 5000 f 1 wf
r 2 i 505749 s 5000 f 2
r 2 i 506433 s 5000 f 1 wf
r 2 i 505827 s 5000 f 1 wf
r 2 i 505786 s 5000 f 1 wf
r 2 i 506175 s 5000 f 1 wf
r 2 i 506166 s 5000 f 2
s 97848 

n 10000 l 4999 r 345
r 2 i 505987 s 5000 f 2
r 2 i 506279 s 5000 f 1 wf
r 2 i 505277 s 5000 f 1 wf
r 2 i 505845 s 5000 f 1 wf
r 2 i 506336 s 5000 f 1 wf
r 2 i 505658 s 5000 f 1 wf
r 2 i 506632 s 5000 f 1 wf
s 98534 

n 10000 l 4999 r 346
r 2 i 505952 s 5000 f 1 wf
s 100969 

n 10000 l 4999 r 347
r 2 i 505961 s 5000 f 1 wf
s 101140 

n 10000 l 4999 r 348
s 87727 

n 10000 l 4999 r 349
s 98356 

n 10000 l 4999 r 350
s 85841 

n 10000 l 4999 r 351
r 2 i 505747 s 5000 f 1 wf
s 104558 

n 10000 l 4999 r 352
r 2 i 506545 s 5000 f 1 wf
r 2 i 505742 s 5000 f 2
r 2 i 506112 s 5000 f 1 wf
r 2 i 506473 s 5000 f 2
s 92545 

n 10000 l 4999 r 353
r 2 i 505673 s 5000 f 1 wf
s 105081 

n 10000 l 4999 r 354
r 2 i 505647 s 5000 f 1 wf
r 2 i 506191 s 5000 f 1 wf
s 90501 

n 10000 l 4999 r 355
r 2 i 506229 s 5000 f 1 wf
r 2 i 506013 s 5000 f 2
r 2 i 506027 s 5000 f 1 wf
r 2 i 506350 s 5000 f 2
r 2 i 506194 s 5000 f 1 wf
s 96628 

n 10000 l 4999 r 356
r 2 i 505935 s 5000 f 1 wf
r 2 i 505711 s 5000 f 1 wf
r 2 i 505601 s 5000 f 1 wf
s 131830 

n 10000 l 4999 r 357
r 2 i 505301 s 5000 f 2
r 2 i 506242 s 5000 f 1 wf
r 2 i 505439 s 5000 f 2
r 2 i 506145 s 5000 f 1 wf
r 2 i 505547 s 5000 f 1 wf
r 2 i 506033 s 5000 f 1 wf
r 2 i 505364 s 5000 f 2
r 2 i 514293 s 5000 f 1 wf
r 2 i 506486 s 5000 f 1 wf
s 86630 

n 10000 l 4999 r 358
r 2 i 505160 s 5000 f 1 wf
s 100714 

n 10000 l 4999 r 359
r 2 i 506204 s 5000 f 1 wf
s 100143 

n 10000 l 4999 r 360
s 85695 

n 10000 l 4999 r 361
r 2 i 505809 s 5000 f 1 wf
r 2 i 506154 s 5000 f 2
r 2 i 509297 s 5000 f 2
r 2 i 506756 s 5000 f 2
r 2 i 505413 s 5000 f 1 wf
r 2 i 506240 s 5000 f 1 wf
r 2 i 505865 s 5000 f 2
r 2 i 505872 s 5000 f 1 wf
s 86310 

n 10000 l 4999 r 362
r 2 i 505786 s 5000 f 1 wf
r 2 i 505799 s 5000 f 2
s 113770 

n 10000 l 4999 r 363
r 2 i 505928 s 5000 f 1 wf
s 102630 

n 10000 l 4999 r 364
r 2 i 505846 s 5000 f 1 wf
s 93724 

n 10000 l 4999 r 365
r 2 i 506189 s 5000 f 1 wf
r 2 i 505901 s 5000 f 1 wf
s 102102 

n 10000 l 4999 r 366
s 104300 

n 10000 l 4999 r 367
r 2 i 506056 s 5000 f 2
r 2 i 506464 s 5000 f 1 wf
r 2 i 506269 s 5000 f 2
s 124466 

n 10000 l 4999 r 368
r 2 i 506611 s 5000 f 1 wf
s 115589 

n 10000 l 4999 r 369
r 2 i 505708 s 5000 f 1 wf
r 2 i 506508 s 5000 f 1 wf
s 114846 

n 10000 l 4999 r 370
s 128162 

n 10000 l 4999 r 371
s 101509 

n 10000 l 4999 r 372
r 2 i 506260 s 5000 f 1 wf
s 90985 

n 10000 l 4999 r 373
s 83629 

n 10000 l 4999 r 374
r 2 i 506513 s 5000 f 1 wf
r 2 i 506003 s 5000 f 1 wf
r 2 i 505903 s 5000 f 1 wf
r 2 i 506002 s 5000 f 1 wf
s 118061 

n 10000 l 4999 r 375
r 2 i 506058 s 5000 f 1 wf
r 2 i 506259 s 5000 f 1 wf
r 2 i 505533 s 5000 f 1 wf
s 106922 

n 10000 l 4999 r 376
s 87995 

n 10000 l 4999 r 377
r 2 i 505979 s 5000 f 1 wf
s 93811 

n 10000 l 4999 r 378
r 2 i 506135 s 5000 f 1 wf
s 88906 

n 10000 l 4999 r 379
r 2 i 506082 s 5000 f 2
r 2 i 505975 s 5000 f 2
r 2 i 505918 s 5000 f 1 wf
r 2 i 505665 s 5000 f 1 wf
r 2 i 505655 s 5000 f 1 wf
s 97999 

n 10000 l 4999 r 380
r 2 i 505358 s 5000 f 1 wf
r 2 i 505913 s 5000 f 1 wf
s 111260 

n 10000 l 4999 r 381
s 106583 

n 10000 l 4999 r 382
s 106576 

n 10000 l 4999 r 383
s 111485 

n 10000 l 4999 r 384
r 2 i 506082 s 5000 f 2
r 2 i 505655 s 5000 f 1 wf
r 2 i 505856 s 5000 f 1 wf
r 2 i 505769 s 5000 f 1 wf
r 2 i 505722 s 5000 f 1 wf
s 88675 

n 10000 l 4999 r 385
r 2 i 506112 s 5000 f 2
s 94451 

n 10000 l 4999 r 386
r 2 i 506360 s 5000 f 1 wf
r 2 i 505990 s 5000 f 1 wf
r 2 i 506174 s 5000 f 1 wf
r 2 i 505968 s 5000 f 1 wf
r 2 i 505857 s 5000 f 2
r 2 i 506302 s 5000 f 1 wf
r 2 i 507157 s 5000 f 1 wf
r 2 i 507398 s 5000 f 1 wf
r 2 i 506465 s 5000 f 1 wf
r 2 i 505981 s 5000 f 1 wf
r 2 i 505869 s 5000 f 2
s 110689 

n 10000 l 4999 r 387
s 91556 

n 10000 l 4999 r 388
s 96330 

n 10000 l 4999 r 389
s 115590 

n 10000 l 4999 r 390
r 2 i 506089 s 5000 f 1 wf
r 2 i 506258 s 5000 f 1 wf
r 2 i 506141 s 5000 f 1 wf
r 2 i 508968 s 5000 f 1 wf
r 2 i 506081 s 5000 f 1 wf
r 2 i 506462 s 5000 f 1 wf
s 79488 

n 10000 l 4999 r 391
r 2 i 505978 s 5000 f 1 wf
s 131369 

n 10000 l 4999 r 392
r 2 i 505926 s 5000 f 2
r 2 i 506404 s 5000 f 1 wf
r 2 i 505639 s 5000 f 1 wf
s 99178 

n 10000 l 4999 r 393
s 109768 

n 10000 l 4999 r 394
s 109177 

n 10000 l 4999 r 395
s 108575 

n 10000 l 4999 r 396
r 2 i 505903 s 5000 f 1 wf
s 89841 

n 10000 l 4999 r 397
s 126920 

n 10000 l 4999 r 398
r 2 i 506065 s 5000 f 1 wf
r 2 i 505862 s 5000 f 1 wf
r 2 i 505650 s 5000 f 1 wf
r 2 i 505942 s 5000 f 2
r 2 i 506040 s 5000 f 2
r 2 i 506137 s 5000 f 2
r 2 i 506648 s 5000 f 2
s 87641 

n 10000 l 4999 r 399
r 2 i 505789 s 5000 f 1 wf
r 2 i 505857 s 5000 f 2
r 2 i 506160 s 5000 f 1 wf
r 2 i 506720 s 5000 f 2
r 2 i 506339 s 5000 f 2
r 2 i 505983 s 5000 f 2
r 2 i 505630 s 5000 f 1 wf
s 95810 

n 10000 l 4999 r 400
s 102777 

n 10000 l 4999 r 401
r 2 i 506332 s 5000 f 2
r 2 i 506046 s 5000 f 2
s 103243 

n 10000 l 4999 r 402
r 2 i 506084 s 5000 f 1 wf
r 2 i 506212 s 5000 f 1 wf
r 2 i 506088 s 5000 f 1 wf
r 2 i 506086 s 5000 f 1 wf
s 98833 

n 10000 l 4999 r 403
r 2 i 506156 s 5000 f 2
s 97220 

n 10000 l 4999 r 404
r 2 i 505714 s 5000 f 2
s 85231 

n 10000 l 4999 r 405
r 2 i 505609 s 5000 f 1 wf
r 2 i 505854 s 5000 f 2
r 2 i 506023 s 5000 f 1 wf
s 89823 

n 10000 l 4999 r 406
s 86367 

n 10000 l 4999 r 407
r 2 i 505983 s 5000 f 1 wf
s 101493 

n 10000 l 4999 r 408
r 2 i 505969 s 5000 f 1 wf
s 84814 

n 10000 l 4999 r 409
r 2 i 506032 s 5000 f 1 wf
s 107197 

n 10000 l 4999 r 410
r 2 i 505772 s 5000 f 1 wf
s 129294 

n 10000 l 4999 r 411
s 78126 

n 10000 l 4999 r 412
r 2 i 505956 s 5000 f 1 wf
r 2 i 505939 s 5000 f 1 wf
r 2 i 506265 s 5000 f 1 wf
r 2 i 506349 s 5000 f 1 wf
s 115371 

n 10000 l 4999 r 413
s 99670 

n 10000 l 4999 r 414
r 2 i 506252 s 5000 f 1 wf
s 87319 

n 10000 l 4999 r 415
r 2 i 505955 s 5000 f 1 wf
s 103460 

n 10000 l 4999 r 416
r 2 i 505744 s 5000 f 1 wf
s 111768 

n 10000 l 4999 r 417
r 2 i 506527 s 5000 f 1 wf
r 2 i 506138 s 5000 f 1 wf
r 2 i 505790 s 5000 f 1 wf
r 2 i 505991 s 5000 f 1 wf
r 2 i 506307 s 5000 f 1 wf
r 2 i 505947 s 5000 f 1 wf
s 103950 

n 10000 l 4999 r 418
s 94242 

n 10000 l 4999 r 419
r 2 i 506264 s 5000 f 1 wf
r 2 i 505741 s 5000 f 1 wf
s 89857 

n 10000 l 4999 r 420
s 104005 

n 10000 l 4999 r 421
r 2 i 505756 s 5000 f 2
s 83221 

n 10000 l 4999 r 422
r 2 i 506225 s 5000 f 1 wf
r 2 i 506602 s 5000 f 1 wf
r 2 i 506043 s 5000 f 1 wf
s 99831 

n 10000 l 4999 r 423
r 2 i 506379 s 5000 f 1 wf
s 94085 

n 10000 l 4999 r 424
r 2 i 506136 s 5000 f 1 wf
s 103867 

n 10000 l 4999 r 425
r 2 i 505857 s 5000 f 1 wf
r 2 i 505950 s 5000 f 1 wf
s 101250 

n 10000 l 4999 r 426
r 2 i 505627 s 5000 f 1 wf
r 2 i 505725 s 5000 f 1 wf
r 2 i 506050 s 5000 f 1 wf
r 2 i 505636 s 5000 f 1 wf
r 2 i 506044 s 5000 f 1 wf
r 2 i 505966 s 5000 f 1 wf
r 2 i 506079 s 5000 f 1 wf
r 2 i 506177 s 5000 f 1 wf
r 2 i 505943 s 5000 f 1 wf
s 106615 

n 10000 l 4999 r 427
r 2 i 505908 s 5000 f 2
r 2 i 506513 s 5000 f 1 wf
s 99221 

n 10000 l 4999 r 428
r 2 i 506977 s 5000 f 2
s 94584 

n 10000 l 4999 r 429
r 2 i 505799 s 5000 f 1 wf
r 2 i 505722 s 5000 f 1 wf
r 2 i 505892 s 5000 f 1 wf
r 2 i 506117 s 5000 f 1 wf
s 109416 

n 10000 l 4999 r 430
s 100357 

n 10000 l 4999 r 431
r 2 i 511907 s 5000 f 1 wf
r 2 i 506079 s 5000 f 1 wf
r 2 i 505973 s 5000 f 2
s 90732 

n 10000 l 4999 r 432
r 2 i 506048 s 5000 f 1 wf
r 2 i 506425 s 5000 f 1 wf
r 2 i 505853 s 5000 f 1 wf
r 2 i 505915 s 5000 f 1 wf
s 96267 

n 10000 l 4999 r 433
r 2 i 509891 s 5000 f 1 wf
r 2 i 506687 s 5000 f 2
r 2 i 506590 s 5000 f 2
r 2 i 506090 s 5000 f 1 wf
s 96325 

n 10000 l 4999 r 434
s 97765 

n 10000 l 4999 r 435
r 2 i 505664 s 5000 f 1 wf
s 98683 

n 10000 l 4999 r 436
r 2 i 505924 s 5000 f 2
r 2 i 506464 s 5000 f 1 wf
s 142429 

n 10000 l 4999 r 437
s 87722 

n 10000 l 4999 r 438
s 94152 

n 10000 l 4999 r 439
s 113801 

n 10000 l 4999 r 440
s 130214 

n 10000 l 4999 r 441
s 94891 

n 10000 l 4999 r 442
r 2 i 506336 s 5000 f 1 wf
s 97982 

n 10000 l 4999 r 443
r 2 i 505746 s 5000 f 1 wf
s 95607 

n 10000 l 4999 r 444
r 2 i 506329 s 5000 f 1 wf
s 82095 

n 10000 l 4999 r 445
s 90671 

n 10000 l 4999 r 446
s 94317 

n 10000 l 4999 r 447
r 2 i 505624 s 5000 f 1 wf
r 2 i 505684 s 5000 f 1 wf
r 2 i 506000 s 5000 f 2
r 2 i 506125 s 5000 f 1 wf
r 2 i 505661 s 5000 f 1 wf
r 2 i 507204 s 5000 f 2
s 100728 

n 10000 l 4999 r 448
s 123153 

n 10000 l 4999 r 449
s 131945 

n 10000 l 4999 r 450
s 81550 

n 10000 l 4999 r 451
s 89560 

n 10000 l 4999 r 452
s 91865 

n 10000 l 4999 r 453
r 2 i 506019 s 5000 f 1 wf
r 2 i 505629 s 5000 f 1 wf
r 2 i 506293 s 5000 f 2
s 94302 

n 10000 l 4999 r 454
s 113747 

n 10000 l 4999 r 455
r 2 i 505808 s 5000 f 1 wf
r 2 i 505626 s 5000 f 1 wf
r 2 i 505853 s 5000 f 1 wf
s 96292 

n 10000 l 4999 r 456
r 2 i 505818 s 5000 f 2
r 2 i 505917 s 5000 f 2
r 2 i 511299 s 5000 f 1 wf
s 138755 

n 10000 l 4999 r 457
r 2 i 505934 s 5000 f 1 wf
s 120452 

n 10000 l 4999 r 458
r 2 i 505698 s 5000 f 1 wf
s 87280 

n 10000 l 4999 r 459
r 2 i 505754 s 5000 f 1 wf
r 2 i 506195 s 5000 f 1 wf
r 2 i 505848 s 5000 f 1 wf
r 2 i 506422 s 5000 f 1 wf
r 2 i 506033 s 5000 f 1 wf
r 2 i 506849 s 5000 f 2
r 2 i 505938 s 5000 f 1 wf
s 104521 

n 10000 l 4999 r 460
s 99043 

n 10000 l 4999 r 461
r 2 i 506369 s 5000 f 1 wf
r 2 i 505657 s 5000 f 1 wf
s 100223 

n 10000 l 4999 r 462
s 108502 

n 10000 l 4999 r 463
s 90701 

n 10000 l 4999 r 464
r 2 i 506083 s 5000 f 2
r 2 i 505862 s 5000 f 2
r 2 i 506063 s 5000 f 2
s 113029 

n 10000 l 4999 r 465
s 107491 

n 10000 l 4999 r 466
r 2 i 506437 s 5000 f 1 wf
r 2 i 505718 s 5000 f 2
r 2 i 505943 s 5000 f 1 wf
r 2 i 506140 s 5000 f 1 wf
r 2 i 505806 s 5000 f 1 wf
s 91249 

n 10000 l 4999 r 467
r 2 i 506092 s 5000 f 2
r 2 i 505987 s 5000 f 1 wf
s 100369 

n 10000 l 4999 r 468
s 101244 

n 10000 l 4999 r 469
r 2 i 506020 s 5000 f 1 wf
r 2 i 506087 s 5000 f 1 wf
r 2 i 506519 s 5000 f 1 wf
s 107097 

n 10000 l 4999 r 470
s 84947 

n 10000 l 4999 r 471
s 98421 

n 10000 l 4999 r 472
s 101330 

n 10000 l 4999 r 473
r 2 i 505789 s 5000 f 1 wf
s 106807 

n 10000 l 4999 r 474
r 2 i 506258 s 5000 f 1 wf
s 98181 

n 10000 l 4999 r 475
r 2 i 506163 s 5000 f 1 wf
r 2 i 506053 s 5000 f 1 wf
r 2 i 508965 s 5000 f 1 wf
r 2 i 505660 s 5000 f 1 wf
s 109194 

n 10000 l 4999 r 476
r 2 i 506068 s 5000 f 1 wf
r 2 i 505907 s 5000 f 1 wf
r 2 i 505670 s 5000 f 1 wf
r 2 i 506045 s 5000 f 2
r 2 i 507472 s 5000 f 1 wf
r 2 i 506680 s 5000 f 2
r 2 i 505692 s 5000 f 1 wf
r 2 i 506113 s 5000 f 1 wf
s 104490 

n 10000 l 4999 r 477
s 100194 

n 10000 l 4999 r 478
r 2 i 505495 s 5000 f 1 wf
r 2 i 505676 s 5000 f 1 wf
r 2 i 506544 s 5000 f 1 wf
s 93061 

n 10000 l 4999 r 479
r 2 i 506480 s 5000 f 1 wf
r 2 i 505890 s 5000 f 1 wf
s 90419 

n 10000 l 4999 r 480
s 113010 

n 10000 l 4999 r 481
s 134553 

n 10000 l 4999 r 482
s 133166 

n 10000 l 4999 r 483
s 92129 

n 10000 l 4999 r 484
r 2 i 506067 s 5000 f 1 wf
s 83385 

n 10000 l 4999 r 485
r 2 i 506143 s 5000 f 1 wf
r 2 i 505922 s 5000 f 1 wf
s 84023 

n 10000 l 4999 r 486
s 111392 

n 10000 l 4999 r 487
s 98847 

n 10000 l 4999 r 488
r 2 i 506153 s 5000 f 1 wf
s 97354 

n 10000 l 4999 r 489
r 2 i 539380 s 5000 f 2
r 2 i 506118 s 5000 f 1 wf
r 2 i 505676 s 5000 f 1 wf
r 2 i 507024 s 5000 f 2
s 95216 

n 10000 l 4999 r 490
r 2 i 505899 s 5000 f 1 wf
s 112390 

n 10000 l 4999 r 491
s 100108 

n 10000 l 4999 r 492
s 90326 

n 10000 l 4999 r 493
r 2 i 507206 s 5000 f 1 wf
s 96572 

n 10000 l 4999 r 494
r 2 i 505940 s 5000 f 1 wf
s 92160 

n 10000 l 4999 r 495
s 98561 

n 10000 l 4999 r 496
s 105437 

n 10000 l 4999 r 497
r 2 i 506242 s 5000 f 2
r 2 i 505798 s 5000 f 1 wf
r 2 i 506698 s 5000 f 1 wf
r 2 i 505989 s 5000 f 1 wf
r 2 i 506370 s 5000 f 1 wf
r 2 i 505991 s 5000 f 1 wf
r 2 i 506147 s 5000 f 1 wf
s 95191 

n 10000 l 4999 r 498
s 95995 

n 10000 l 4999 r 499
r 2 i 505551 s 5000 f 2
s 102868 

n 10000 l 4999 r 500
r 2 i 507072 s 5000 f 2
r 2 i 505950 s 5000 f 1 wf
r 2 i 506508 s 5000 f 2
s 95047 

n 10000 l 4999 r 501
r 2 i 506347 s 5000 f 1 wf
s 94146 

n 10000 l 4999 r 502
s 107783 

n 10000 l 4999 r 503
r 2 i 506126 s 5000 f 1 wf
r 2 i 506222 s 5000 f 2
r 2 i 505749 s 5000 f 2
r 2 i 506229 s 5000 f 1 wf
s 136496 

n 10000 l 4999 r 504
r 2 i 506052 s 5000 f 1 wf
s 89117 

n 10000 l 4999 r 505
s 130684 

n 10000 l 4999 r 506
r 2 i 505431 s 5000 f 1 wf
s 94283 

n 10000 l 4999 r 507
r 2 i 505969 s 5000 f 1 wf
r 2 i 505545 s 5000 f 1 wf
s 91217 

n 10000 l 4999 r 508
r 2 i 506312 s 5000 f 1 wf
r 2 i 505620 s 5000 f 1 wf
r 2 i 506167 s 5000 f 1 wf
s 109077 

n 10000 l 4999 r 509
r 2 i 506105 s 5000 f 1 wf
r 2 i 505625 s 5000 f 1 wf
s 93551 

n 10000 l 4999 r 510
r 2 i 506171 s 5000 f 1 wf
r 2 i 505666 s 5000 f 2
r 2 i 506018 s 5000 f 1 wf
s 92295 

n 10000 l 4999 r 511
s 105133 

n 10000 l 4999 r 512
r 2 i 506170 s 5000 f 1 wf
s 100245 

n 10000 l 4999 r 513
s 113997 

n 10000 l 4999 r 514
r 2 i 506151 s 5000 f 1 wf
r 2 i 505268 s 5000 f 1 wf
s 103962 

n 10000 l 4999 r 515
s 96502 

n 10000 l 4999 r 516
s 98208 

n 10000 l 4999 r 517
s 98394 

n 10000 l 4999 r 518
r 2 i 506293 s 5000 f 1 wf
s 93298 

n 10000 l 4999 r 519
r 2 i 505735 s 5000 f 1 wf
r 2 i 505986 s 5000 f 2
s 112513 

n 10000 l 4999 r 520
r 2 i 506106 s 5000 f 1 wf
s 95080 

n 10000 l 4999 r 521
r 2 i 506111 s 5000 f 2
r 2 i 505842 s 5000 f 1 wf
r 2 i 506339 s 5000 f 1 wf
s 100860 

n 10000 l 4999 r 522
r 2 i 506023 s 5000 f 1 wf
r 2 i 506457 s 5000 f 1 wf
s 119051 

n 10000 l 4999 r 523
r 2 i 505877 s 5000 f 1 wf
r 2 i 505975 s 5000 f 1 wf
s 90026 

n 10000 l 4999 r 524
r 2 i 505716 s 5000 f 1 wf
s 93925 

n 10000 l 4999 r 525
s 100699 

n 10000 l 4999 r 526
s 110356 

n 10000 l 4999 r 527
r 2 i 505781 s 5000 f 1 wf
s 119219 

n 10000 l 4999 r 528
s 83353 

n 10000 l 4999 r 529
r 2 i 505694 s 5000 f 1 wf
s 88212 

n 10000 l 4999 r 530
s 99097 

n 10000 l 4999 r 531
r 2 i 506069 s 5000 f 2
r 2 i 505983 s 5000 f 2
r 2 i 506085 s 5000 f 1 wf
r 2 i 506003 s 5000 f 1 wf
r 2 i 505721 s 5000 f 2
s 102654 

n 10000 l 4999 r 532
r 2 i 506137 s 5000 f 1 wf
s 122850 

n 10000 l 4999 r 533
r 2 i 506256 s 5000 f 1 wf
s 98018 

n 10000 l 4999 r 534
r 2 i 505555 s 5000 f 1 wf
r 2 i 505774 s 5000 f 1 wf
r 2 i 505453 s 5000 f 1 wf
s 88352 

n 10000 l 4999 r 535
s 112832 

n 10000 l 4999 r 536
s 102919 

n 10000 l 4999 r 537
r 2 i 505390 s 5000 f 1 wf
r 2 i 506357 s 5000 f 1 wf
r 2 i 505798 s 5000 f 1 wf
r 2 i 505957 s 5000 f 2
r 2 i 505905 s 5000 f 1 wf
s 89240 

n 10000 l 4999 r 538
r 2 i 506306 s 5000 f 1 wf
r 2 i 506318 s 5000 f 1 wf
s 93161 

n 10000 l 4999 r 539
r 2 i 506085 s 5000 f 2
r 2 i 505463 s 5000 f 1 wf
r 2 i 505705 s 5000 f 2
s 82983 

n 10000 l 4999 r 540
s 113021 

n 10000 l 4999 r 541
s 136812 

n 10000 l 4999 r 542
r 2 i 505975 s 5000 f 1 wf
r 2 i 506225 s 5000 f 1 wf
r 2 i 505612 s 5000 f 1 wf
r 2 i 506810 s 5000 f 1 wf
r 2 i 505485 s 5000 f 2
r 2 i 505947 s 5000 f 1 wf
r 2 i 506245 s 5000 f 1 wf
r 2 i 505906 s 5000 f 1 wf
r 2 i 505755 s 5000 f 2
s 100358 

n 10000 l 4999 r 543
s 101219 

n 10000 l 4999 r 544
s 90292 

n 10000 l 4999 r 545
r 2 i 506417 s 5000 f 2
r 2 i 505699 s 5000 f 1 wf
s 97656 

n 10000 l 4999 r 546
r 2 i 506189 s 5000 f 1 wf
r 2 i 506871 s 5000 f 1 wf
r 2 i 506153 s 5000 f 1 wf
s 87683 

n 10000 l 4999 r 547
r 2 i 505780 s 5000 f 2
s 102259 

n 10000 l 4999 r 548
r 2 i 506559 s 5000 f 2
s 87744 

n 10000 l 4999 r 549
r 2 i 505903 s 5000 f 1 wf
s 95399 

n 10000 l 4999 r 550
r 2 i 505950 s 5000 f 2
r 2 i 505904 s 5000 f 1 wf
r 2 i 506058 s 5000 f 2
r 2 i 505369 s 5000 f 1 wf
r 2 i 506526 s 5000 f 1 wf
r 2 i 506400 s 5000 f 1 wf
r 2 i 505867 s 5000 f 1 wf
r 2 i 505896 s 5000 f 1 wf
r 2 i 505760 s 5000 f 2
s 102005 

n 10000 l 4999 r 551
r 2 i 506285 s 5000 f 1 wf
r 2 i 506238 s 5000 f 1 wf
r 2 i 505882 s 5000 f 2
s 89656 

n 10000 l 4999 r 552
s 101431 

n 10000 l 4999 r 553
s 114496 

n 10000 l 4999 r 554
r 2 i 506189 s 5000 f 2
r 2 i 506349 s 5000 f 2
r 2 i 506260 s 5000 f 1 wf
s 85029 

n 10000 l 4999 r 555
s 99984 

n 10000 l 4999 r 556
r 2 i 505929 s 5000 f 1 wf
r 2 i 505617 s 5000 f 2
s 109814 

n 10000 l 4999 r 557
r 2 i 505865 s 5000 f 1 wf
r 2 i 506185 s 5000 f 1 wf
r 2 i 505788 s 5000 f 1 wf
s 102616 

n 10000 l 4999 r 558
s 104468 

n 10000 l 4999 r 559
r 2 i 505597 s 5000 f 1 wf
r 2 i 505856 s 5000 f 1 wf
r 2 i 506088 s 5000 f 1 wf
s 85754 

n 10000 l 4999 r 560
r 2 i 506193 s 5000 f 1 wf
r 2 i 506015 s 5000 f 1 wf
r 2 i 506017 s 5000 f 1 wf
r 2 i 505623 s 5000 f 2
s 115221 

n 10000 l 4999 r 561
r 2 i 506085 s 5000 f 1 wf
r 2 i 506118 s 5000 f 2
s 99263 

n 10000 l 4999 r 562
r 2 i 505757 s 5000 f 1 wf
s 106371 

n 10000 l 4999 r 563
s 91301 

n 10000 l 4999 r 564
r 2 i 506005 s 5000 f 2
s 95433 

n 10000 l 4999 r 565
r 2 i 505728 s 5000 f 1 wf
r 2 i 506216 s 5000 f 1 wf
s 117804 

n 10000 l 4999 r 566
s 101410 

n 10000 l 4999 r 567
s 103863 

n 10000 l 4999 r 568
s 117724 

n 10000 l 4999 r 569
s 99334 

n 10000 l 4999 r 570
r 2 i 506093 s 5000 f 1 wf
r 2 i 506397 s 5000 f 2
s 105057 

n 10000 l 4999 r 571
r 2 i 505640 s 5000 f 1 wf
r 2 i 506002 s 5000 f 1 wf
s 94918 

n 10000 l 4999 r 572
r 2 i 506056 s 5000 f 1 wf
r 2 i 505875 s 5000 f 1 wf
s 92723 

n 10000 l 4999 r 573
r 2 i 505980 s 5000 f 1 wf
s 107827 

n 10000 l 4999 r 574
r 2 i 505607 s 5000 f 2
s 102852 

n 10000 l 4999 r 575
s 92609 

n 10000 l 4999 r 576
r 2 i 505794 s 5000 f 1 wf
s 90556 

n 10000 l 4999 r 577
s 82792 

n 10000 l 4999 r 578
r 2 i 506104 s 5000 f 1 wf
s 86110 

n 10000 l 4999 r 579
s 93257 

n 10000 l 4999 r 580
r 2 i 505176 s 5000 f 1 wf
r 2 i 505994 s 5000 f 2
r 2 i 506343 s 5000 f 2
r 2 i 506244 s 5000 f 1 wf
r 2 i 505574 s 5000 f 1 wf
r 2 i 517201 s 5000 f 1 wf
r 2 i 506392 s 5000 f 1 wf
s 115566 

n 10000 l 4999 r 581
r 2 i 506245 s 5000 f 1 wf
s 87087 

n 10000 l 4999 r 582
r 2 i 506334 s 5000 f 1 wf
r 2 i 505824 s 5000 f 1 wf
r 2 i 505780 s 5000 f 1 wf
s 97071 

n 10000 l 4999 r 583
s 104676 

n 10000 l 4999 r 584
s 102708 

n 10000 l 4999 r 585
r 2 i 505786 s 5000 f 1 wf
s 101591 

n 10000 l 4999 r 586
s 90788 

n 10000 l 4999 r 587
r 2 i 505798 s 5000 f 1 wf
s 108780 

n 10000 l 4999 r 588
s 84935 

n 10000 l 4999 r 589
s 126400 

n 10000 l 4999 r 590
r 2 i 506006 s 5000 f 1 wf
r 2 i 506262 s 5000 f 1 wf
r 2 i 505100 s 5000 f 1 wf
r 2 i 505620 s 5000 f 1 wf
r 2 i 506160 s 5000 f 1 wf
r 2 i 505945 s 5000 f 1 wf
s 115961 

n 10000 l 4999 r 591
r 2 i 505521 s 5000 f 1 wf
r 2 i 506156 s 5000 f 1 wf
r 2 i 506141 s 5000 f 1 wf
s 95994 

n 10000 l 4999 r 592
r 2 i 505953 s 5000 f 1 wf
s 94444 

n 10000 l 4999 r 593
s 100464 

n 10000 l 4999 r 594
r 2 i 505994 s 5000 f 1 wf
r 2 i 505915 s 5000 f 1 wf
s 99330 

n 10000 l 4999 r 595
r 2 i 505822 s 5000 f 1 wf
r 2 i 506392 s 5000 f 1 wf
s 89083 

n 10000 l 4999 r 596
s 119385 

n 10000 l 4999 r 597
r 2 i 505897 s 5000 f 1 wf
r 2 i 505590 s 5000 f 1 wf
r 2 i 505632 s 5000 f 1 wf
s 95151 

n 10000 l 4999 r 598
s 95977 

n 10000 l 4999 r 599
r 2 i 506271 s 5000 f 1 wf
r 2 i 506076 s 5000 f 2
r 2 i 506484 s 5000 f 2
r 2 i 505927 s 5000 f 1 wf
r 2 i 505474 s 5000 f 1 wf
r 2 i 505808 s 5000 f 1 wf
s 95299 

n 10000 l 4999 r 600
r 2 i 506050 s 5000 f 1 wf
s 88212 

n 10000 l 4999 r 601
s 87005 

n 10000 l 4999 r 602
r 2 i 506261 s 5000 f 1 wf
r 2 i 506105 s 5000 f 1 wf
r 2 i 505876 s 5000 f 1 wf
r 2 i 506177 s 5000 f 1 wf
r 2 i 506136 s 5000 f 1 wf
r 2 i 505678 s 5000 f 1 wf
r 2 i 506597 s 5000 f 1 wf
r 2 i 505973 s 5000 f 1 wf
r 2 i 505776 s 5000 f 1 wf
s 105103 

n 10000 l 4999 r 603
r 2 i 510060 s 5000 f 1 wf
s 111372 

n 10000 l 4999 r 604
r 2 i 506968 s 5000 f 1 wf
s 118150 

n 10000 l 4999 r 605
r 2 i 506375 s 5000 f 2
r 2 i 506174 s 5000 f 1 wf
r 2 i 506299 s 5000 f 1 wf
r 2 i 505965 s 5000 f 2
s 88651 

n 10000 l 4999 r 606
s 86596 

n 10000 l 4999 r 607
r 2 i 505522 s 5000 f 2
r 2 i 506070 s 5000 f 1 wf
r 2 i 505897 s 5000 f 1 wf
s 91453 

n 10000 l 4999 r 608
r 2 i 505947 s 5000 f 1 wf
s 93974 

n 10000 l 4999 r 609
s 98215 

n 10000 l 4999 r 610
s 123145 

n 10000 l 4999 r 611
r 2 i 505986 s 5000 f 1 wf
r 2 i 505993 s 5000 f 1 wf
s 103498 

n 10000 l 4999 r 612
r 2 i 506286 s 5000 f 1 wf
r 2 i 505686 s 5000 f 2
r 2 i 505990 s 5000 f 1 wf
r 2 i 506277 s 5000 f 1 wf
r 2 i 505953 s 5000 f 1 wf
s 100594 

n 10000 l 4999 r 613
r 2 i 506696 s 5000 f 1 wf
s 94799 

n 10000 l 4999 r 614
s 112846 

n 10000 l 4999 r 615
r 2 i 506331 s 5000 f 1 wf
r 2 i 505552 s 5000 f 1 wf
r 2 i 509686 s 5000 f 1 wf
s 86227 

n 10000 l 4999 r 616
r 2 i 505973 s 5000 f 2
s 91331 

n 10000 l 4999 r 617
r 2 i 506360 s 5000 f 1 wf
s 95044 

n 10000 l 4999 r 618
r 2 i 506372 s 5000 f 1 wf
s 95452 

n 10000 l 4999 r 619
r 2 i 505721 s 5000 f 2
r 2 i 506472 s 5000 f 2
r 2 i 505989 s 5000 f 2
s 99143 

n 10000 l 4999 r 620
r 2 i 506883 s 5000 f 1 wf
s 90730 

n 10000 l 4999 r 621
r 2 i 506258 s 5000 f 1 wf
r 2 i 505452 s 5000 f 1 wf
r 2 i 505754 s 5000 f 1 wf
r 2 i 505934 s 5000 f 1 wf
s 106855 

n 10000 l 4999 r 622
s 101124 

n 10000 l 4999 r 623
r 2 i 506119 s 5000 f 1 wf
s 88494 

n 10000 l 4999 r 624
r 2 i 505987 s 5000 f 2
r 2 i 506047 s 5000 f 1 wf
s 107632 

n 10000 l 4999 r 625
s 99428 

n 10000 l 4999 r 626
r 2 i 505670 s 5000 f 1 wf
r 2 i 506165 s 5000 f 1 wf
s 116735 

n 10000 l 4999 r 627
r 2 i 506452 s 5000 f 1 wf
s 114481 

n 10000 l 4999 r 628
r 2 i 506059 s 5000 f 1 wf
r 2 i 506066 s 5000 f 2
r 2 i 505892 s 5000 f 1 wf
r 2 i 505663 s 5000 f 1 wf
s 103675 

n 10000 l 4999 r 629
r 2 i 505454 s 5000 f 1 wf
r 2 i 505808 s 5000 f 1 wf
s 105863 

n 10000 l 4999 r 630
s 117336 

n 10000 l 4999 r 631
r 2 i 506066 s 5000 f 1 wf
r 2 i 505879 s 5000 f 1 wf
r 2 i 505952 s 5000 f 1 wf
r 2 i 505708 s 5000 f 1 wf
r 2 i 505698 s 5000 f 1 wf
r 2 i 505964 s 5000 f 1 wf
r 2 i 505990 s 5000 f 1 wf
r 2 i 505586 s 5000 f 1 wf
r 2 i 505761 s 5000 f 1 wf
r 2 i 506145 s 5000 f 1 wf
r 2 i 505767 s 5000 f 1 wf
r 2 i 506048 s 5000 f 1 wf
r 2 i 506266 s 5000 f 1 wf
r 2 i 506112 s 5000 f 1 wf
r 2 i 505702 s 5000 f 1 wf
r 2 i 506041 s 5000 f 1 wf
r 2 i 505975 s 5000 f 1 wf
r 2 i 506124 s 5000 f 1 wf
r 2 i 505597 s 5000 f 1 wf
r 2 i 506297 s 5000 f 1 wf
r 2 i 505745 s 5000 f 1 wf
r 2 i 506131 s 5000 f 1 wf
r 2 i 505834 s 5000 f 1 wf
s 95114 

n 10000 l 4999 r 632
r 2 i 506044 s 5000 f 1 wf
s 98194 

n 10000 l 4999 r 633
s 101110 

n 10000 l 4999 r 634
s 101096 

n 10000 l 4999 r 635
r 2 i 506415 s 5000 f 1 wf
s 99132 

n 10000 l 4999 r 636
r 2 i 505348 s 5000 f 2
r 2 i 506242 s 5000 f 1 wf
s 107115 

n 10000 l 4999 r 637
r 2 i 505697 s 5000 f 1 wf
s 116057 

n 10000 l 4999 r 638
r 2 i 505662 s 5000 f 1 wf
r 2 i 506159 s 5000 f 2
r 2 i 505920 s 5000 f 1 wf
r 2 i 505511 s 5000 f 1 wf
r 2 i 505853 s 5000 f 1 wf
s 87731 

n 10000 l 4999 r 639
r 2 i 505931 s 5000 f 1 wf
s 98284 

n 10000 l 4999 r 640
r 2 i 506151 s 5000 f 1 wf
r 2 i 506214 s 5000 f 1 wf
r 2 i 506305 s 5000 f 1 wf
s 95422 

n 10000 l 4999 r 641
s 92699 

n 10000 l 4999 r 642
r 2 i 505868 s 5000 f 1 wf
r 2 i 506048 s 5000 f 1 wf
s 92445 

n 10000 l 4999 r 643
r 2 i 506641 s 5000 f 1 wf
s 89141 

n 10000 l 4999 r 644
r 2 i 505753 s 5000 f 1 wf
s 103544 

n 10000 l 4999 r 645
r 2 i 505571 s 5000 f 1 wf
r 2 i 506204 s 5000 f 1 wf
s 100127 

n 10000 l 4999 r 646
r 2 i 506065 s 5000 f 1 wf
s 99034 

n 10000 l 4999 r 647
s 115672 

n 10000 l 4999 r 648
s 94672 

n 10000 l 4999 r 649
r 2 i 506293 s 5000 f 1 wf
r 2 i 506308 s 5000 f 1 wf
s 108360 

n 10000 l 4999 r 650
r 2 i 506233 s 5000 f 2
r 2 i 505566 s 5000 f 2
r 2 i 506215 s 5000 f 1 wf
r 2 i 506295 s 5000 f 1 wf
s 115962 

n 10000 l 4999 r 651
r 2 i 505886 s 5000 f 1 wf
r 2 i 506124 s 5000 f 1 wf
r 2 i 505983 s 5000 f 1 wf
r 2 i 505960 s 5000 f 1 wf
s 101349 

n 10000 l 4999 r 652
r 2 i 506122 s 5000 f 1 wf
s 83793 

n 10000 l 4999 r 653
r 2 i 505900 s 5000 f 1 wf
r 2 i 505896 s 5000 f 1 wf
r 2 i 505712 s 5000 f 1 wf
r 2 i 506295 s 5000 f 1 wf
s 113811 

n 10000 l 4999 r 654
s 92709 

n 10000 l 4999 r 655
s 98858 

n 10000 l 4999 r 656
s 88481 

n 10000 l 4999 r 657
r 2 i 506103 s 5000 f 2
s 91934 

n 10000 l 4999 r 658
s 92467 

n 10000 l 4999 r 659
r 2 i 506139 s 5000 f 2
s 97882 

n 10000 l 4999 r 660
r 2 i 506062 s 5000 f 1 wf
s 103845 

n 10000 l 4999 r 661
r 2 i 505507 s 5000 f 1 wf
s 93233 

n 10000 l 4999 r 662
r 2 i 505954 s 5000 f 1 wf
s 104061 

n 10000 l 4999 r 663
r 2 i 505963 s 5000 f 1 wf
r 2 i 505857 s 5000 f 1 wf
r 2 i 505932 s 5000 f 1 wf
r 2 i 505714 s 5000 f 1 wf
s 100023 

n 10000 l 4999 r 664
s 120280 

n 10000 l 4999 r 665
s 103892 

n 10000 l 4999 r 666
r 2 i 506538 s 5000 f 2
r 2 i 505807 s 5000 f 1 wf
s 94592 

n 10000 l 4999 r 667
r 2 i 506124 s 5000 f 1 wf
r 2 i 506437 s 5000 f 2
r 2 i 505956 s 5000 f 1 wf
r 2 i 505917 s 5000 f 2
s 105802 

n 10000 l 4999 r 668
r 2 i 505365 s 5000 f 1 wf
r 2 i 505959 s 5000 f 1 wf
s 103435 

n 10000 l 4999 r 669
r 2 i 506142 s 5000 f 1 wf
r 2 i 505862 s 5000 f 2
s 95249 

n 10000 l 4999 r 670
s 93956 

n 10000 l 4999 r 671
r 2 i 505715 s 5000 f 1 wf
s 129875 

n 10000 l 4999 r 672
r 2 i 506214 s 5000 f 2
r 2 i 506531 s 5000 f 1 wf
s 108535 

n 10000 l 4999 r 673
r 2 i 505785 s 5000 f 1 wf
s 86383 

n 10000 l 4999 r 674
r 2 i 506695 s 5000 f 1 wf
r 2 i 506569 s 5000 f 1 wf
r 2 i 506255 s 5000 f 1 wf
r 2 i 505699 s 5000 f 1 wf
r 2 i 505820 s 5000 f 1 wf
s 103090 

n 10000 l 4999 r 675
s 107329 

n 10000 l 4999 r 676
r 2 i 506389 s 5000 f 1 wf
s 105120 

n 10000 l 4999 r 677
r 2 i 506233 s 5000 f 1 wf
r 2 i 506630 s 5000 f 1 wf
s 90023 

n 10000 l 4999 r 678
s 107225 

n 10000 l 4999 r 679
s 100327 

n 10000 l 4999 r 680
s 88174 

n 10000 l 4999 r 681
s 94131 

n 10000 l 4999 r 682
r 2 i 506149 s 5000 f 1 wf
r 2 i 505977 s 5000 f 1 wf
r 2 i 505872 s 5000 f 1 wf
s 106372 

n 10000 l 4999 r 683
r 2 i 505865 s 5000 f 1 wf
r 2 i 506265 s 5000 f 1 wf
s 115779 

n 10000 l 4999 r 684
s 97491 

n 10000 l 4999 r 685
r 2 i 506329 s 5000 f 2
r 2 i 505868 s 5000 f 2
s 122732 

n 10000 l 4999 r 686
r 2 i 505683 s 5000 f 1 wf
r 2 i 505964 s 5000 f 2
r 2 i 505739 s 5000 f 1 wf
s 111384 

n 10000 l 4999 r 687
r 2 i 506025 s 5000 f 2
r 2 i 506004 s 5000 f 1 wf
s 126066 

n 10000 l 4999 r 688
r 2 i 505996 s 5000 f 1 wf
r 2 i 505926 s 5000 f 1 wf
r 2 i 505769 s 5000 f 1 wf
s 89215 

n 10000 l 4999 r 689
s 105648 

n 10000 l 4999 r 690
r 2 i 506104 s 5000 f 1 wf
s 86554 

n 10000 l 4999 r 691
r 2 i 505649 s 5000 f 1 wf
r 2 i 505747 s 5000 f 1 wf
r 2 i 505880 s 5000 f 1 wf
r 2 i 506278 s 5000 f 1 wf
s 98272 

n 10000 l 4999 r 692
r 2 i 506372 s 5000 f 2
r 2 i 506275 s 5000 f 1 wf
s 109577 

n 10000 l 4999 r 693
r 2 i 505888 s 5000 f 1 wf
r 2 i 505804 s 5000 f 1 wf
r 2 i 505788 s 5000 f 1 wf
r 2 i 506147 s 5000 f 1 wf
r 2 i 506362 s 5000 f 1 wf
r 2 i 508887 s 5000 f 1 wf
r 2 i 506146 s 5000 f 1 wf
r 2 i 506353 s 5000 f 2
r 2 i 506146 s 5000 f 1 wf
s 104669 

n 10000 l 4999 r 694
s 97525 

n 10000 l 4999 r 695
r 2 i 506530 s 5000 f 1 wf
r 2 i 506302 s 5000 f 2
s 104033 

n 10000 l 4999 r 696
r 2 i 505912 s 5000 f 1 wf
r 2 i 506030 s 5000 f 1 wf
r 2 i 506511 s 5000 f 1 wf
r 2 i 505982 s 5000 f 2
s 121904 

n 10000 l 4999 r 697
r 2 i 505466 s 5000 f 2
r 2 i 506545 s 5000 f 1 wf
r 2 i 506280 s 5000 f 1 wf
s 113494 

n 10000 l 4999 r 698
r 2 i 506059 s 5000 f 1 wf
r 2 i 505862 s 5000 f 1 wf
r 2 i 506018 s 5000 f 1 wf
r 2 i 506154 s 5000 f 1 wf
r 2 i 505771 s 5000 f 1 wf
r 2 i 506147 s 5000 f 2
r 2 i 505378 s 5000 f 1 wf
r 2 i 506049 s 5000 f 2
s 95072 

n 10000 l 4999 r 699
r 2 i 505801 s 5000 f 1 wf
s 96404 

n 10000 l 4999 r 700
r 2 i 505866 s 5000 f 1 wf
s 101292 

n 10000 l 4999 r 701
s 94704 

n 10000 l 4999 r 702
s 96317 

n 10000 l 4999 r 703
s 108363 

n 10000 l 4999 r 704
r 2 i 506333 s 5000 f 1 wf
r 2 i 506152 s 5000 f 1 wf
r 2 i 506511 s 5000 f 2
r 2 i 505446 s 5000 f 1 wf
r 2 i 506183 s 5000 f 1 wf
r 2 i 506430 s 5000 f 1 wf
s 101276 

n 10000 l 4999 r 705
s 104730 

n 10000 l 4999 r 706
s 117896 

n 10000 l 4999 r 707
s 103509 

n 10000 l 4999 r 708
s 102577 

n 10000 l 4999 r 709
s 119121 

n 10000 l 4999 r 710
s 101624 

n 10000 l 4999 r 711
r 2 i 506270 s 5000 f 1 wf
r 2 i 505815 s 5000 f 1 wf
r 2 i 510186 s 5000 f 1 wf
r 2 i 506189 s 5000 f 2
r 2 i 506032 s 5000 f 1 wf
r 2 i 505656 s 5000 f 1 wf
s 106311 

n 10000 l 4999 r 712
s 91815 

n 10000 l 4999 r 713
r 2 i 505988 s 5000 f 1 wf
r 2 i 505828 s 5000 f 1 wf
r 2 i 506307 s 5000 f 1 wf
s 95842 

n 10000 l 4999 r 714
r 2 i 506117 s 5000 f 1 wf
s 90751 

n 10000 l 4999 r 715
r 2 i 506038 s 5000 f 1 wf
r 2 i 506445 s 5000 f 1 wf
r 2 i 506184 s 5000 f 1 wf
r 2 i 508825 s 5000 f 2
s 95881 

n 10000 l 4999 r 716
r 2 i 505652 s 5000 f 1 wf
s 99593 

n 10000 l 4999 r 717
s 91471 

n 10000 l 4999 r 718
s 99556 

n 10000 l 4999 r 719
s 103505 

n 10000 l 4999 r 720
s 112250 

n 10000 l 4999 r 721
s 96920 

n 10000 l 4999 r 722
s 90053 

n 10000 l 4999 r 723
s 89906 

n 10000 l 4999 r 724
s 107251 

n 10000 l 4999 r 725
r 2 i 506123 s 5000 f 1 wf
s 103913 

n 10000 l 4999 r 726
r 2 i 506034 s 5000 f 1 wf
r 2 i 506945 s 5000 f 2
r 2 i 505715 s 5000 f 2
r 2 i 506330 s 5000 f 1 wf
s 97736 

n 10000 l 4999 r 727
s 98759 

n 10000 l 4999 r 728
r 2 i 505790 s 5000 f 1 wf
r 2 i 505613 s 5000 f 1 wf
r 2 i 505917 s 5000 f 2
r 2 i 505706 s 5000 f 2
r 2 i 505655 s 5000 f 1 wf
s 97559 

n 10000 l 4999 r 729
s 97637 

n 10000 l 4999 r 730
r 2 i 506221 s 5000 f 2
r 2 i 506807 s 5000 f 1 wf
s 89859 

n 10000 l 4999 r 731
r 2 i 505889 s 5000 f 2
s 97134 

n 10000 l 4999 r 732
r 2 i 506532 s 5000 f 1 wf
s 95441 

n 10000 l 4999 r 733
r 2 i 505876 s 5000 f 1 wf
s 82137 

n 10000 l 4999 r 734
r 2 i 506350 s 5000 f 1 wf
s 113773 

n 10000 l 4999 r 735
s 85134 

n 10000 l 4999 r 736
r 2 i 506231 s 5000 f 1 wf
r 2 i 505663 s 5000 f 1 wf
r 2 i 506494 s 5000 f 1 wf
r 2 i 505744 s 5000 f 1 wf
s 99597 

n 10000 l 4999 r 737
r 2 i 506184 s 5000 f 2
s 99723 

n 10000 l 4999 r 738
s 107400 

n 10000 l 4999 r 739
s 83884 

n 10000 l 4999 r 740
s 99949 

n 10000 l 4999 r 741
r 2 i 506308 s 5000 f 1 wf
r 2 i 506313 s 5000 f 2
r 2 i 505824 s 5000 f 1 wf
s 90773 

n 10000 l 4999 r 742
s 107672 

n 10000 l 4999 r 743
s 91002 

n 10000 l 4999 r 744
s 86680 

n 10000 l 4999 r 745
s 105961 

n 10000 l 4999 r 746
r 2 i 505789 s 5000 f 1 wf
r 2 i 506237 s 5000 f 1 wf
s 115828 

n 10000 l 4999 r 747
r 2 i 506123 s 5000 f 2
r 2 i 505661 s 5000 f 1 wf
s 91637 

n 10000 l 4999 r 748
s 96271 

n 10000 l 4999 r 749
r 2 i 506167 s 5000 f 2
s 104288 

n 10000 l 4999 r 750
r 2 i 506607 s 5000 f 1 wf
r 2 i 509249 s 5000 f 1 wf
r 2 i 505593 s 5000 f 1 wf
r 2 i 506050 s 5000 f 1 wf
r 2 i 505511 s 5000 f 1 wf
r 2 i 506471 s 5000 f 1 wf
s 95071 

n 10000 l 4999 r 751
s 106610 

n 10000 l 4999 r 752
s 101802 

n 10000 l 4999 r 753
r 2 i 506041 s 5000 f 1 wf
s 114049 

n 10000 l 4999 r 754
s 102613 

n 10000 l 4999 r 755
s 105487 

n 10000 l 4999 r 756
r 2 i 505824 s 5000 f 1 wf
r 2 i 505835 s 5000 f 1 wf
r 2 i 506037 s 5000 f 1 wf
r 2 i 505728 s 5000 f 2
s 98594 

n 10000 l 4999 r 757
s 96029 

n 10000 l 4999 r 758
r 2 i 506328 s 5000 f 1 wf
r 2 i 506137 s 5000 f 2
r 2 i 505850 s 5000 f 1 wf
s 93048 

n 10000 l 4999 r 759
r 2 i 505980 s 5000 f 1 wf
r 2 i 506181 s 5000 f 1 wf
s 96215 

n 10000 l 4999 r 760
s 98228 

n 10000 l 4999 r 761
s 108586 

n 10000 l 4999 r 762
r 2 i 505407 s 5000 f 2
r 2 i 505813 s 5000 f 1 wf
r 2 i 505700 s 5000 f 1 wf
r 2 i 506008 s 5000 f 2
r 2 i 505945 s 5000 f 2
r 2 i 505979 s 5000 f 1 wf
r 2 i 505552 s 5000 f 2
s 108387 

n 10000 l 4999 r 763
r 2 i 506198 s 5000 f 1 wf
s 89070 

n 10000 l 4999 r 764
r 2 i 506712 s 5000 f 1 wf
s 94267 

n 10000 l 4999 r 765
r 2 i 505597 s 5000 f 1 wf
s 82765 

n 10000 l 4999 r 766
r 2 i 505673 s 5000 f 1 wf
r 2 i 506539 s 5000 f 1 wf
r 2 i 505927 s 5000 f 1 wf
r 2 i 505927 s 5000 f 1 wf
r 2 i 505890 s 5000 f 1 wf
s 98965 

n 10000 l 4999 r 767
s 103247 

n 10000 l 4999 r 768
s 101152 

n 10000 l 4999 r 769
s 114888 

n 10000 l 4999 r 770
r 2 i 507128 s 5000 f 1 wf
r 2 i 505784 s 5000 f 1 wf
r 2 i 505960 s 5000 f 1 wf
s 83601 

n 10000 l 4999 r 771
s 107609 

n 10000 l 4999 r 772
r 2 i 505277 s 5000 f 2
r 2 i 508532 s 5000 f 2
r 2 i 506111 s 5000 f 1 wf
r 2 i 505964 s 5000 f 2
r 2 i 506233 s 5000 f 2
s 94135 

n 10000 l 4999 r 773
s 89777 

n 10000 l 4999 r 774
s 104748 

n 10000 l 4999 r 775
s 116017 

n 10000 l 4999 r 776
r 2 i 505837 s 5000 f 1 wf
s 103435 

n 10000 l 4999 r 777
r 2 i 506191 s 5000 f 1 wf
r 2 i 506191 s 5000 f 1 wf
r 2 i 506335 s 5000 f 1 wf
s 104023 

n 10000 l 4999 r 778
r 2 i 506402 s 5000 f 1 wf
r 2 i 506011 s 5000 f 1 wf
r 2 i 506180 s 5000 f 1 wf
s 98821 

n 10000 l 4999 r 779
r 2 i 506076 s 5000 f 2
r 2 i 505950 s 5000 f 1 wf
s 112079 

n 10000 l 4999 r 780
s 83740 

n 10000 l 4999 r 781
r 2 i 505983 s 5000 f 1 wf
r 2 i 505751 s 5000 f 1 wf
r 2 i 506249 s 5000 f 1 wf
r 2 i 505840 s 5000 f 1 wf
r 2 i 505746 s 5000 f 1 wf
s 104144 

n 10000 l 4999 r 782
s 86980 

n 10000 l 4999 r 783
r 2 i 505928 s 5000 f 1 wf
r 2 i 505404 s 5000 f 1 wf
r 2 i 506415 s 5000 f 1 wf
s 96340 

n 10000 l 4999 r 784
r 2 i 506026 s 5000 f 2
r 2 i 506120 s 5000 f 1 wf
s 85056 

n 10000 l 4999 r 785
r 2 i 505894 s 5000 f 1 wf
s 103910 

n 10000 l 4999 r 786
r 2 i 505422 s 5000 f 1 wf
r 2 i 505617 s 5000 f 1 wf
s 108592 

n 10000 l 4999 r 787
r 2 i 506043 s 5000 f 1 wf
r 2 i 505771 s 5000 f 2
r 2 i 506333 s 5000 f 1 wf
r 2 i 505884 s 5000 f 1 wf
s 75705 

n 10000 l 4999 r 788
r 2 i 505881 s 5000 f 2
s 122632 

n 10000 l 4999 r 789
r 2 i 505947 s 5000 f 1 wf
r 2 i 506117 s 5000 f 2
r 2 i 506053 s 5000 f 1 wf
s 97680 

n 10000 l 4999 r 790
r 2 i 505742 s 5000 f 1 wf
r 2 i 506429 s 5000 f 1 wf
s 87675 

n 10000 l 4999 r 791
s 92123 

n 10000 l 4999 r 792
r 2 i 505907 s 5000 f 1 wf
r 2 i 506271 s 5000 f 1 wf
r 2 i 506703 s 5000 f 1 wf
r 2 i 505425 s 5000 f 1 wf
s 117689 

n 10000 l 4999 r 793
s 108730 

n 10000 l 4999 r 794
r 2 i 505856 s 5000 f 1 wf
r 2 i 505843 s 5000 f 1 wf
s 101477 

n 10000 l 4999 r 795
r 2 i 506018 s 5000 f 1 wf
r 2 i 506850 s 5000 f 1 wf
r 2 i 505770 s 5000 f 2
r 2 i 505951 s 5000 f 1 wf
r 2 i 505868 s 5000 f 1 wf
r 2 i 505941 s 5000 f 1 wf
s 121077 

n 10000 l 4999 r 796
s 95781 

n 10000 l 4999 r 797
s 94824 

n 10000 l 4999 r 798
s 96712 

n 10000 l 4999 r 799
r 2 i 505858 s 5000 f 1 wf
r 2 i 506182 s 5000 f 1 wf
r 2 i 505889 s 5000 f 1 wf
s 89430 

n 10000 l 4999 r 800
r 2 i 506258 s 5000 f 2
s 106107 

n 10000 l 4999 r 801
s 103423 

n 10000 l 4999 r 802
r 2 i 505926 s 5000 f 2
s 95880 

n 10000 l 4999 r 803
r 2 i 505657 s 5000 f 1 wf
r 2 i 506031 s 5000 f 2
r 2 i 506015 s 5000 f 1 wf
r 2 i 505925 s 5000 f 1 wf
r 2 i 505897 s 5000 f 2
r 2 i 506194 s 5000 f 1 wf
r 2 i 506162 s 5000 f 1 wf
r 2 i 506148 s 5000 f 2
r 2 i 505736 s 5000 f 1 wf
s 85418 

n 10000 l 4999 r 804
s 104014 

n 10000 l 4999 r 805
s 88112 

n 10000 l 4999 r 806
s 119695 

n 10000 l 4999 r 807
r 2 i 505906 s 5000 f 1 wf
r 2 i 505998 s 5000 f 1 wf
r 2 i 505942 s 5000 f 1 wf
r 2 i 505639 s 5000 f 1 wf
r 2 i 506074 s 5000 f 1 wf
r 2 i 506346 s 5000 f 2
r 2 i 505758 s 5000 f 1 wf
r 2 i 506057 s 5000 f 1 wf
r 2 i 505737 s 5000 f 1 wf
s 91573 

n 10000 l 4999 r 808
r 2 i 505720 s 5000 f 1 wf
s 101087 

n 10000 l 4999 r 809
r 2 i 505462 s 5000 f 1 wf
r 2 i 505778 s 5000 f 2
s 96757 

n 10000 l 4999 r 810
s 112565 

n 10000 l 4999 r 811
s 119011 

n 10000 l 4999 r 812
r 2 i 506066 s 5000 f 1 wf
s 105900 

n 10000 l 4999 r 813
r 2 i 505979 s 5000 f 2
r 2 i 505928 s 5000 f 1 wf
r 2 i 505832 s 5000 f 1 wf
r 2 i 506048 s 5000 f 1 wf
r 2 i 505808 s 5000 f 2
s 104566 

n 10000 l 4999 r 814
r 2 i 505646 s 5000 f 1 wf
s 87377 

n 10000 l 4999 r 815
r 2 i 506491 s 5000 f 2
r 2 i 507466 s 5000 f 1 wf
r 2 i 505824 s 5000 f 1 wf
r 2 i 506142 s 5000 f 1 wf
s 93023 

n 10000 l 4999 r 816
r 2 i 505906 s 5000 f 1 wf
s 117992 

n 10000 l 4999 r 817
s 136341 

n 10000 l 4999 r 818
r 2 i 506911 s 5000 f 1 wf
r 2 i 505775 s 5000 f 1 wf
r 2 i 505768 s 5000 f 1 wf
r 2 i 505807 s 5000 f 2
r 2 i 509510 s 5000 f 1 wf
s 110078 

n 10000 l 4999 r 819
s 96098 

n 10000 l 4999 r 820
s 97509 

n 10000 l 4999 r 821
r 2 i 505867 s 5000 f 2
r 2 i 505718 s 5000 f 1 wf
r 2 i 505863 s 5000 f 2
r 2 i 506659 s 5000 f 2
s 98353 

n 10000 l 4999 r 822
s 82537 

n 10000 l 4999 r 823
r 2 i 511420 s 5000 f 1 wf
r 2 i 506535 s 5000 f 2
r 2 i 505744 s 5000 f 1 wf
s 95333 

n 10000 l 4999 r 824
r 2 i 506040 s 5000 f 1 wf
r 2 i 505862 s 5000 f 2
r 2 i 505857 s 5000 f 1 wf
s 96206 

n 10000 l 4999 r 825
r 2 i 505923 s 5000 f 2
s 118864 

n 10000 l 4999 r 826
r 2 i 505817 s 5000 f 1 wf
s 97129 

n 10000 l 4999 r 827
s 126589 

n 10000 l 4999 r 828
r 2 i 505861 s 5000 f 1 wf
s 105666 

n 10000 l 4999 r 829
s 92769 

n 10000 l 4999 r 830
r 2 i 506063 s 5000 f 1 wf
r 2 i 505840 s 5000 f 1 wf
s 117532 

n 10000 l 4999 r 831
r 2 i 505664 s 5000 f 1 wf
s 99774 

n 10000 l 4999 r 832
r 2 i 505715 s 5000 f 1 wf
r 2 i 506218 s 5000 f 1 wf
s 88391 

n 10000 l 4999 r 833
r 2 i 505759 s 5000 f 1 wf
r 2 i 506617 s 5000 f 1 wf
r 2 i 505678 s 5000 f 1 wf
r 2 i 505954 s 5000 f 1 wf
r 2 i 506334 s 5000 f 1 wf
r 2 i 505753 s 5000 f 2
s 106229 

n 10000 l 4999 r 834
r 2 i 506122 s 5000 f 2
r 2 i 505406 s 5000 f 1 wf
r 2 i 508962 s 5000 f 1 wf
s 117402 

n 10000 l 4999 r 835
s 121559 

n 10000 l 4999 r 836
s 95435 

n 10000 l 4999 r 837
r 2 i 505869 s 5000 f 1 wf
r 2 i 505604 s 5000 f 1 wf
s 88851 

n 10000 l 4999 r 838
s 105727 

n 10000 l 4999 r 839
r 2 i 506308 s 5000 f 1 wf
r 2 i 505836 s 5000 f 2
r 2 i 506010 s 5000 f 1 wf
r 2 i 505980 s 5000 f 1 wf
r 2 i 511079 s 5000 f 1 wf
s 88366 

n 10000 l 4999 r 840
s 98889 

n 10000 l 4999 r 841
s 106368 

n 10000 l 4999 r 842
r 2 i 505823 s 5000 f 1 wf
r 2 i 506155 s 5000 f 1 wf
r 2 i 505813 s 5000 f 2
r 2 i 505763 s 5000 f 1 wf
s 102124 

n 10000 l 4999 r 843
r 2 i 507112 s 5000 f 1 wf
r 2 i 505598 s 5000 f 1 wf
s 98118 

n 10000 l 4999 r 844
r 2 i 506179 s 5000 f 1 wf
r 2 i 505638 s 5000 f 1 wf
s 116225 

n 10000 l 4999 r 845
s 116718 

n 10000 l 4999 r 846
r 2 i 505584 s 5000 f 1 wf
r 2 i 506037 s 5000 f 2
s 88351 

n 10000 l 4999 r 847
r 2 i 505657 s 5000 f 1 wf
r 2 i 505687 s 5000 f 1 wf
r 2 i 506157 s 5000 f 1 wf
s 99933 

n 10000 l 4999 r 848
r 2 i 506303 s 5000 f 1 wf
s 103046 

n 10000 l 4999 r 849
r 2 i 505846 s 5000 f 2
s 97582 

n 10000 l 4999 r 850
r 2 i 505791 s 5000 f 1 wf
r 2 i 505758 s 5000 f 1 wf
s 84254 

n 10000 l 4999 r 851
r 2 i 505884 s 5000 f 1 wf
r 2 i 505428 s 5000 f 1 wf
r 2 i 505729 s 5000 f 1 wf
r 2 i 505894 s 5000 f 1 wf
r 2 i 506495 s 5000 f 1 wf
r 2 i 506093 s 5000 f 1 wf
r 2 i 505963 s 5000 f 1 wf
s 97410 

n 10000 l 4999 r 852
r 2 i 505543 s 5000 f 1 wf
s 103241 

n 10000 l 4999 r 853
s 117842 

n 10000 l 4999 r 854
r 2 i 506331 s 5000 f 2
s 104002 

n 10000 l 4999 r 855
r 2 i 506043 s 5000 f 1 wf
r 2 i 506252 s 5000 f 1 wf
s 101224 

n 10000 l 4999 r 856
r 2 i 505974 s 5000 f 1 wf
s 104683 

n 10000 l 4999 r 857
r 2 i 506100 s 5000 f 2
s 87516 

n 10000 l 4999 r 858
r 2 i 505803 s 5000 f 1 wf
s 96127 

n 10000 l 4999 r 859
r 2 i 506679 s 5000 f 2
r 2 i 509172 s 5000 f 2
s 103263 

n 10000 l 4999 r 860
r 2 i 505801 s 5000 f 1 wf
r 2 i 505844 s 5000 f 1 wf
r 2 i 506603 s 5000 f 1 wf
r 2 i 506172 s 5000 f 1 wf
r 2 i 505597 s 5000 f 1 wf
r 2 i 506426 s 5000 f 1 wf
s 92624 

n 10000 l 4999 r 861
r 2 i 506079 s 5000 f 1 wf
s 94384 

n 10000 l 4999 r 862
r 2 i 506102 s 5000 f 1 wf
r 2 i 505650 s 5000 f 1 wf
r 2 i 506591 s 5000 f 1 wf
r 2 i 506281 s 5000 f 1 wf
r 2 i 506014 s 5000 f 1 wf
r 2 i 506016 s 5000 f 1 wf
s 109824 

n 10000 l 4999 r 863
r 2 i 506229 s 5000 f 1 wf
r 2 i 506270 s 5000 f 1 wf
s 114957 

n 10000 l 4999 r 864
s 112117 

n 10000 l 4999 r 865
r 2 i 505878 s 5000 f 1 wf
r 2 i 506216 s 5000 f 1 wf
s 93989 

n 10000 l 4999 r 866
r 2 i 506008 s 5000 f 1 wf
r 2 i 506310 s 5000 f 1 wf
s 120072 

n 10000 l 4999 r 867
s 104310 

n 10000 l 4999 r 868
r 2 i 505965 s 5000 f 1 wf
r 2 i 505662 s 5000 f 1 wf
r 2 i 506111 s 5000 f 1 wf
r 2 i 506746 s 5000 f 1 wf
r 2 i 506230 s 5000 f 2
r 2 i 505469 s 5000 f 1 wf
r 2 i 522890 s 5000 f 1 wf
r 2 i 506330 s 5000 f 1 wf
r 2 i 505359 s 5000 f 1 wf
r 2 i 505790 s 5000 f 1 wf
r 2 i 505740 s 5000 f 1 wf
r 2 i 505561 s 5000 f 1 wf
r 2 i 505892 s 5000 f 1 wf
r 2 i 509451 s 5000 f 1 wf
s 94676 

n 10000 l 4999 r 869
r 2 i 505770 s 5000 f 1 wf
s 126971 

n 10000 l 4999 r 870
r 2 i 505576 s 5000 f 2
r 2 i 506127 s 5000 f 1 wf
s 98470 

n 10000 l 4999 r 871
s 112941 

n 10000 l 4999 r 872
s 105954 

n 10000 l 4999 r 873
r 2 i 505810 s 5000 f 1 wf
r 2 i 506344 s 5000 f 1 wf
s 93440 

n 10000 l 4999 r 874
r 2 i 506057 s 5000 f 1 wf
r 2 i 506263 s 5000 f 1 wf
r 2 i 505877 s 5000 f 1 wf
r 2 i 507285 s 5000 f 1 wf
s 95300 

n 10000 l 4999 r 875
s 145425 

n 10000 l 4999 r 876
r 2 i 506141 s 5000 f 1 wf
s 97133 

n 10000 l 4999 r 877
r 2 i 505749 s 5000 f 1 wf
r 2 i 506366 s 5000 f 2
r 2 i 506435 s 5000 f 2
s 116362 

n 10000 l 4999 r 878
s 98781 

n 10000 l 4999 r 879
s 84829 

n 10000 l 4999 r 880
r 2 i 505629 s 5000 f 1 wf
s 118515 

n 10000 l 4999 r 881
r 2 i 506450 s 5000 f 1 wf
r 2 i 505402 s 5000 f 1 wf
r 2 i 505806 s 5000 f 1 wf
s 97940 

n 10000 l 4999 r 882
s 97083 

n 10000 l 4999 r 883
r 2 i 505991 s 5000 f 1 wf
r 2 i 505815 s 5000 f 1 wf
r 2 i 506397 s 5000 f 1 wf
r 2 i 505863 s 5000 f 1 wf
r 2 i 505772 s 5000 f 2
r 2 i 506221 s 5000 f 1 wf
s 95565 

n 10000 l 4999 r 884
r 2 i 505796 s 5000 f 1 wf
r 2 i 506006 s 5000 f 1 wf
s 98436 

n 10000 l 4999 r 885
r 2 i 506070 s 5000 f 1 wf
r 2 i 506055 s 5000 f 2
s 98598 

n 10000 l 4999 r 886
r 2 i 506189 s 5000 f 1 wf
s 100659 

n 10000 l 4999 r 887
s 89072 

n 10000 l 4999 r 888
r 2 i 506386 s 5000 f 2
r 2 i 505884 s 5000 f 1 wf
r 2 i 506322 s 5000 f 1 wf
s 84810 

n 10000 l 4999 r 889
r 2 i 506208 s 5000 f 1 wf
r 2 i 506323 s 5000 f 2
r 2 i 506033 s 5000 f 1 wf
r 2 i 505896 s 5000 f 2
r 2 i 506070 s 5000 f 1 wf
r 2 i 505831 s 5000 f 1 wf
r 2 i 506012 s 5000 f 2
r 2 i 506241 s 5000 f 2
s 111716 

n 10000 l 4999 r 890
s 100456 

n 10000 l 4999 r 891
s 121770 

n 10000 l 4999 r 892
s 102796 

n 10000 l 4999 r 893
s 87260 

n 10000 l 4999 r 894
r 2 i 506003 s 5000 f 2
r 2 i 506532 s 5000 f 1 wf
r 2 i 505859 s 5000 f 1 wf
r 2 i 505635 s 5000 f 2
r 2 i 505477 s 5000 f 1 wf
r 2 i 505748 s 5000 f 1 wf
r 2 i 505943 s 5000 f 1 wf
r 2 i 505951 s 5000 f 1 wf
r 2 i 505865 s 5000 f 1 wf
s 87983 

n 10000 l 4999 r 895
r 2 i 505687 s 5000 f 1 wf
r 2 i 505522 s 5000 f 1 wf
r 2 i 505944 s 5000 f 1 wf
r 2 i 506115 s 5000 f 1 wf
s 111505 

n 10000 l 4999 r 896
s 106801 

n 10000 l 4999 r 897
s 91379 

n 10000 l 4999 r 898
r 2 i 506085 s 5000 f 2
s 88743 

n 10000 l 4999 r 899
r 2 i 505700 s 5000 f 1 wf
r 2 i 506341 s 5000 f 2
s 89384 

n 10000 l 4999 r 900
s 110300 

n 10000 l 4999 r 901
r 2 i 506003 s 5000 f 1 wf
s 125856 

n 10000 l 4999 r 902
r 2 i 506217 s 5000 f 1 wf
s 97034 

n 10000 l 4999 r 903
r 2 i 505710 s 5000 f 2
r 2 i 506290 s 5000 f 1 wf
r 2 i 506011 s 5000 f 1 wf
r 2 i 506755 s 5000 f 1 wf
s 100400 

n 10000 l 4999 r 904
r 2 i 506171 s 5000 f 1 wf
r 2 i 506183 s 5000 f 2
r 2 i 506207 s 5000 f 1 wf
r 2 i 505554 s 5000 f 1 wf
r 2 i 505752 s 5000 f 1 wf
s 87647 

n 10000 l 4999 r 905
r 2 i 506179 s 5000 f 1 wf
s 92887 

n 10000 l 4999 r 906
r 2 i 506285 s 5000 f 1 wf
r 2 i 505920 s 5000 f 1 wf
r 2 i 505895 s 5000 f 1 wf
r 2 i 505931 s 5000 f 1 wf
s 110045 

n 10000 l 4999 r 907
r 2 i 506025 s 5000 f 1 wf
s 105654 

n 10000 l 4999 r 908
s 91838 

n 10000 l 4999 r 909
r 2 i 505462 s 5000 f 2
r 2 i 506526 s 5000 f 2
s 123109 

n 10000 l 4999 r 910
s 98430 

n 10000 l 4999 r 911
s 114991 

n 10000 l 4999 r 912
r 2 i 505723 s 5000 f 1 wf
r 2 i 505999 s 5000 f 2
r 2 i 505646 s 5000 f 1 wf
r 2 i 506471 s 5000 f 1 wf
r 2 i 506087 s 5000 f 1 wf
r 2 i 506021 s 5000 f 1 wf
r 2 i 506471 s 5000 f 1 wf
r 2 i 506563 s 5000 f 1 wf
r 2 i 506314 s 5000 f 1 wf
s 96932 

n 10000 l 4999 r 913
r 2 i 506118 s 5000 f 1 wf
r 2 i 505968 s 5000 f 1 wf
r 2 i 505934 s 5000 f 2
s 82904 

n 10000 l 4999 r 914
s 103263 

n 10000 l 4999 r 915
r 2 i 506114 s 5000 f 1 wf
r 2 i 505816 s 5000 f 1 wf
r 2 i 505727 s 5000 f 1 wf
s 103873 

n 10000 l 4999 r 916
r 2 i 506419 s 5000 f 1 wf
r 2 i 505877 s 5000 f 1 wf
r 2 i 505824 s 5000 f 1 wf
s 121393 

n 10000 l 4999 r 917
r 2 i 505955 s 5000 f 1 wf
r 2 i 505402 s 5000 f 1 wf
r 2 i 506068 s 5000 f 1 wf
r 2 i 505563 s 5000 f 1 wf
s 102791 

n 10000 l 4999 r 918
r 2 i 506295 s 5000 f 1 wf
r 2 i 506248 s 5000 f 1 wf
s 112399 

n 10000 l 4999 r 919
r 2 i 505986 s 5000 f 1 wf
r 2 i 505763 s 5000 f 2
s 104897 

n 10000 l 4999 r 920
r 2 i 506198 s 5000 f 1 wf
r 2 i 506863 s 5000 f 2
s 94683 

n 10000 l 4999 r 921
r 2 i 516381 s 5000 f 1 wf
r 2 i 506872 s 5000 f 1 wf
s 88778 

n 10000 l 4999 r 922
s 118562 

n 10000 l 4999 r 923
r 2 i 505984 s 5000 f 1 wf
r 2 i 505947 s 5000 f 1 wf
r 2 i 506311 s 5000 f 1 wf
r 2 i 506111 s 5000 f 1 wf
r 2 i 506729 s 5000 f 2
s 107273 

n 10000 l 4999 r 924
s 107569 

n 10000 l 4999 r 925
r 2 i 505652 s 5000 f 2
s 115620 

n 10000 l 4999 r 926
r 2 i 505781 s 5000 f 2
r 2 i 505535 s 5000 f 1 wf
r 2 i 505715 s 5000 f 2
s 89426 

n 10000 l 4999 r 927
r 2 i 505908 s 5000 f 1 wf
r 2 i 505905 s 5000 f 1 wf
r 2 i 506013 s 5000 f 1 wf
s 85286 

n 10000 l 4999 r 928
s 120667 

n 10000 l 4999 r 929
s 99012 

n 10000 l 4999 r 930
r 2 i 505709 s 5000 f 1 wf
s 119836 

n 10000 l 4999 r 931
r 2 i 506340 s 5000 f 1 wf
r 2 i 505822 s 5000 f 1 wf
r 2 i 505460 s 5000 f 1 wf
r 2 i 506215 s 5000 f 1 wf
r 2 i 506357 s 5000 f 2
r 2 i 506248 s 5000 f 1 wf
r 2 i 505923 s 5000 f 1 wf
s 117350 

n 10000 l 4999 r 932
s 94961 

n 10000 l 4999 r 933
r 2 i 505982 s 5000 f 1 wf
s 107177 

n 10000 l 4999 r 934
r 2 i 506284 s 5000 f 1 wf
s 90131 

n 10000 l 4999 r 935
s 88188 

n 10000 l 4999 r 936
s 135164 

n 10000 l 4999 r 937
s 103331 

n 10000 l 4999 r 938
r 2 i 506060 s 5000 f 1 wf
r 2 i 506399 s 5000 f 1 wf
s 119441 

n 10000 l 4999 r 939
r 2 i 505640 s 5000 f 1 wf
r 2 i 505588 s 5000 f 2
s 116246 

n 10000 l 4999 r 940
r 2 i 506724 s 5000 f 1 wf
r 2 i 505672 s 5000 f 1 wf
r 2 i 513951 s 5000 f 1 wf
s 150423 

n 10000 l 4999 r 941
r 2 i 506564 s 5000 f 1 wf
s 85643 

n 10000 l 4999 r 942
s 106719 

n 10000 l 4999 r 943
s 89162 

n 10000 l 4999 r 944
r 2 i 506344 s 5000 f 1 wf
s 99390 

n 10000 l 4999 r 945
s 109892 

n 10000 l 4999 r 946
r 2 i 506067 s 5000 f 1 wf
r 2 i 505797 s 5000 f 2
r 2 i 505869 s 5000 f 1 wf
s 107964 

n 10000 l 4999 r 947
r 2 i 505886 s 5000 f 1 wf
r 2 i 505975 s 5000 f 1 wf
r 2 i 506301 s 5000 f 1 wf
s 97491 

n 10000 l 4999 r 948
s 100016 

n 10000 l 4999 r 949
s 86463 

n 10000 l 4999 r 950
r 2 i 506444 s 5000 f 1 wf
r 2 i 505705 s 5000 f 1 wf
s 104109 

n 10000 l 4999 r 951
s 106534 

n 10000 l 4999 r 952
r 2 i 505453 s 5000 f 1 wf
r 2 i 506513 s 5000 f 1 wf
s 90198 

n 10000 l 4999 r 953
r 2 i 506180 s 5000 f 1 wf
r 2 i 506785 s 5000 f 1 wf
r 2 i 505796 s 5000 f 2
r 2 i 505662 s 5000 f 1 wf
r 2 i 505642 s 5000 f 2
r 2 i 507710 s 5000 f 1 wf
r 2 i 505796 s 5000 f 1 wf
r 2 i 506335 s 5000 f 1 wf
s 122283 

n 10000 l 4999 r 954
s 84755 

n 10000 l 4999 r 955
s 90892 

n 10000 l 4999 r 956
s 121507 

n 10000 l 4999 r 957
s 100164 

n 10000 l 4999 r 958
s 129396 

n 10000 l 4999 r 959
r 2 i 506107 s 5000 f 2
r 2 i 505716 s 5000 f 1 wf
r 2 i 505842 s 5000 f 2
s 114835 

n 10000 l 4999 r 960
s 115341 

n 10000 l 4999 r 961
s 110853 

n 10000 l 4999 r 962
r 2 i 505686 s 5000 f 1 wf
r 2 i 506072 s 5000 f 1 wf
r 2 i 505760 s 5000 f 1 wf
r 2 i 505824 s 5000 f 1 wf
r 2 i 506228 s 5000 f 1 wf
s 99255 

n 10000 l 4999 r 963
r 2 i 506953 s 5000 f 1 wf
r 2 i 506349 s 5000 f 1 wf
s 103677 

n 10000 l 4999 r 964
s 93847 

n 10000 l 4999 r 965
s 101478 

n 10000 l 4999 r 966
s 93120 

n 10000 l 4999 r 967
s 92122 

n 10000 l 4999 r 968
s 109226 

n 10000 l 4999 r 969
s 101861 

n 10000 l 4999 r 970
s 108239 

n 10000 l 4999 r 971
s 101761 

n 10000 l 4999 r 972
r 2 i 506490 s 5000 f 1 wf
r 2 i 505292 s 5000 f 1 wf
r 2 i 506495 s 5000 f 1 wf
s 102905 

n 10000 l 4999 r 973
r 2 i 505828 s 5000 f 1 wf
s 100491 

n 10000 l 4999 r 974
s 97143 

n 10000 l 4999 r 975
s 96542 

n 10000 l 4999 r 976
s 97831 

n 10000 l 4999 r 977
s 124315 

n 10000 l 4999 r 978
r 2 i 506225 s 5000 f 1 wf
r 2 i 506101 s 5000 f 2
r 2 i 511665 s 5000 f 1 wf
r 2 i 506573 s 5000 f 1 wf
r 2 i 506271 s 5000 f 1 wf
r 2 i 505943 s 5000 f 1 wf
r 2 i 506139 s 5000 f 1 wf
s 98140 

n 10000 l 4999 r 979
s 83785 

n 10000 l 4999 r 980
r 2 i 506190 s 5000 f 1 wf
r 2 i 506062 s 5000 f 1 wf
r 2 i 506181 s 5000 f 1 wf
r 2 i 506069 s 5000 f 1 wf
s 94584 

n 10000 l 4999 r 981
s 108160 

n 10000 l 4999 r 982
s 92250 

n 10000 l 4999 r 983
r 2 i 506075 s 5000 f 1 wf
s 135648 

n 10000 l 4999 r 984
r 2 i 505821 s 5000 f 2
r 2 i 505739 s 5000 f 1 wf
r 2 i 505904 s 5000 f 1 wf
s 87798 

n 10000 l 4999 r 985
r 2 i 505426 s 5000 f 1 wf
s 92749 

n 10000 l 4999 r 986
r 2 i 505857 s 5000 f 2
s 99606 

n 10000 l 4999 r 987
r 2 i 505158 s 5000 f 2
s 86572 

n 10000 l 4999 r 988
r 2 i 505718 s 5000 f 1 wf
r 2 i 506063 s 5000 f 1 wf
r 2 i 506417 s 5000 f 1 wf
r 2 i 505881 s 5000 f 2
s 85736 

n 10000 l 4999 r 989
r 2 i 505952 s 5000 f 1 wf
r 2 i 506081 s 5000 f 1 wf
s 124731 

n 10000 l 4999 r 990
r 2 i 507849 s 5000 f 1 wf
r 2 i 506167 s 5000 f 1 wf
r 2 i 506493 s 5000 f 1 wf
s 91634 

n 10000 l 4999 r 991
r 2 i 505396 s 5000 f 1 wf
r 2 i 505962 s 5000 f 1 wf
s 99834 

n 10000 l 4999 r 992
r 2 i 507622 s 5000 f 1 wf
r 2 i 506241 s 5000 f 1 wf
s 91370 

n 10000 l 4999 r 993
s 86101 

n 10000 l 4999 r 994
r 2 i 506369 s 5000 f 1 wf
r 2 i 505874 s 5000 f 2
r 2 i 505607 s 5000 f 1 wf
s 94305 

n 10000 l 4999 r 995
s 102751 

n 10000 l 4999 r 996
s 95827 

n 10000 l 4999 r 997
r 2 i 505536 s 5000 f 1 wf
s 103228 

n 10000 l 4999 r 998
r 2 i 505714 s 5000 f 1 wf
r 2 i 506673 s 5000 f 1 wf
s 94541 

n 10000 l 4999 r 999
r 2 i 505586 s 5000 f 1 wf
r 2 i 506055 s 5000 f 2
r 2 i 505965 s 5000 f 1 wf
s 80291 

n 10000 l 4999 r 1000
s 119811 

