n 10000 l 4999 r 1
r 2 i 505949 s 5000 f 1 wf
s 103679 

n 10000 l 4999 r 2
r 2 i 506030 s 5000 f 1 wf
s 98779 

n 10000 l 4999 r 3
r 2 i 505855 s 5000 f 1 wf
s 100570 

n 10000 l 4999 r 4
r 2 i 505764 s 5000 f 2
s 90964 

n 10000 l 4999 r 5
r 2 i 506471 s 5000 f 2
s 105413 

n 10000 l 4999 r 6
s 108866 

n 10000 l 4999 r 7
r 2 i 505503 s 5000 f 1 wf
r 2 i 505576 s 5000 f 1 wf
s 91448 

n 10000 l 4999 r 8
r 2 i 506202 s 5000 f 1 wf
r 2 i 506128 s 5000 f 2
s 93979 

n 10000 l 4999 r 9
r 2 i 505331 s 5000 f 1 wf
s 125672 

n 10000 l 4999 r 10
r 2 i 505809 s 5000 f 1 wf
s 111031 

n 10000 l 4999 r 11
s 103132 

n 10000 l 4999 r 12
s 104372 

n 10000 l 4999 r 13
r 2 i 508573 s 5000 f 1 wf
r 2 i 505792 s 5000 f 1 wf
r 2 i 506150 s 5000 f 1 wf
r 2 i 505984 s 5000 f 1 wf
r 2 i 506355 s 5000 f 1 wf
r 2 i 506227 s 5000 f 1 wf
s 111279 

n 10000 l 4999 r 14
s 88578 

n 10000 l 4999 r 15
r 2 i 505754 s 5000 f 1 wf
s 97121 

n 10000 l 4999 r 16
s 86778 

n 10000 l 4999 r 17
r 2 i 506074 s 5000 f 2
s 127347 

n 10000 l 4999 r 18
r 2 i 505770 s 5000 f 2
r 2 i 506132 s 5000 f 2
r 2 i 505810 s 5000 f 1 wf
r 2 i 505569 s 5000 f 1 wf
s 86617 

n 10000 l 4999 r 19
s 107721 

n 10000 l 4999 r 20
r 2 i 507473 s 5000 f 1 wf
r 2 i 505727 s 5000 f 1 wf
r 2 i 505987 s 5000 f 1 wf
r 2 i 505900 s 5000 f 2
r 2 i 505933 s 5000 f 1 wf
r 2 i 506025 s 5000 f 1 wf
r 2 i 505703 s 5000 f 1 wf
s 102735 

n 10000 l 4999 r 21
r 2 i 506216 s 5000 f 1 wf
r 2 i 505772 s 5000 f 1 wf
r 2 i 506386 s 5000 f 1 wf
s 139505 

n 10000 l 4999 r 22
s 91534 

n 10000 l 4999 r 23
r 2 i 506303 s 5000 f 1 wf
s 104126 

n 10000 l 4999 r 24
s 86735 

n 10000 l 4999 r 25
s 107168 

n 10000 l 4999 r 26
s 108250 

n 10000 l 4999 r 27
s 105310 

n 10000 l 4999 r 28
s 101438 

n 10000 l 4999 r 29
s 110454 

n 10000 l 4999 r 30
s 92668 

n 10000 l 4999 r 31
r 2 i 505744 s 5000 f 2
r 2 i 506143 s 5000 f 1 wf
s 101653 

n 10000 l 4999 r 32
r 2 i 505805 s 5000 f 1 wf
s 107784 

n 10000 l 4999 r 33
r 2 i 505526 s 5000 f 1 wf
s 115204 

n 10000 l 4999 r 34
r 2 i 506197 s 5000 f 2
r 2 i 506298 s 5000 f 1 wf
s 106643 

n 10000 l 4999 r 35
r 2 i 505732 s 5000 f 1 wf
s 113361 

n 10000 l 4999 r 36
r 2 i 505925 s 5000 f 1 wf
s 112264 

n 10000 l 4999 r 37
r 2 i 505842 s 5000 f 2
s 106998 

n 10000 l 4999 r 38
r 2 i 523611 s 5000 f 1 wf
s 107549 

n 10000 l 4999 r 39
r 2 i 505687 s 5000 f 2
s 91468 

n 10000 l 4999 r 40
r 2 i 505691 s 5000 f 1 wf
r 2 i 505734 s 5000 f 1 wf
r 2 i 505895 s 5000 f 2
s 112527 

n 10000 l 4999 r 41
r 2 i 505918 s 5000 f 2
r 2 i 506273 s 5000 f 1 wf
r 2 i 505661 s 5000 f 1 wf
r 2 i 506038 s 5000 f 1 wf
r 2 i 506175 s 5000 f 1 wf
r 2 i 505956 s 5000 f 1 wf
s 87888 

n 10000 l 4999 r 42
s 88493 

n 10000 l 4999 r 43
s 98350 

n 10000 l 4999 r 44
r 2 i 505630 s 5000 f 1 wf
s 119442 

n 10000 l 4999 r 45
r 2 i 506474 s 5000 f 1 wf
r 2 i 506354 s 5000 f 1 wf
s 93009 

n 10000 l 4999 r 46
r 2 i 506087 s 5000 f 1 wf
r 2 i 506106 s 5000 f 1 wf
s 112795 

n 10000 l 4999 r 47
r 2 i 505600 s 5000 f 1 wf
r 2 i 505341 s 5000 f 2
s 103677 

n 10000 l 4999 r 48
r 2 i 505713 s 5000 f 2
r 2 i 505939 s 5000 f 1 wf
r 2 i 506106 s 5000 f 1 wf
s 114803 

n 10000 l 4999 r 49
r 2 i 505777 s 5000 f 1 wf
s 87895 

n 10000 l 4999 r 50
s 80881 

n 10000 l 4999 r 51
s 105477 

n 10000 l 4999 r 52
r 2 i 505881 s 5000 f 1 wf
r 2 i 505959 s 5000 f 1 wf
r 2 i 506056 s 5000 f 1 wf
r 2 i 505937 s 5000 f 1 wf
r 2 i 506573 s 5000 f 2
r 2 i 506464 s 5000 f 1 wf
s 100186 

n 10000 l 4999 r 53
s 100196 

n 10000 l 4999 r 54
r 2 i 505816 s 5000 f 1 wf
s 103673 

n 10000 l 4999 r 55
r 2 i 506258 s 5000 f 1 wf
r 2 i 505601 s 5000 f 1 wf
r 2 i 505904 s 5000 f 1 wf
r 2 i 505340 s 5000 f 1 wf
s 83557 

n 10000 l 4999 r 56
r 2 i 505650 s 5000 f 2
r 2 i 505971 s 5000 f 1 wf
r 2 i 506100 s 5000 f 1 wf
r 2 i 506413 s 5000 f 1 wf
s 96161 

n 10000 l 4999 r 57
s 89199 

n 10000 l 4999 r 58
r 2 i 506027 s 5000 f 1 wf
s 110064 

n 10000 l 4999 r 59
s 102374 

n 10000 l 4999 r 60
s 95860 

n 10000 l 4999 r 61
s 101371 

n 10000 l 4999 r 62
s 94075 

n 10000 l 4999 r 63
r 2 i 505881 s 5000 f 1 wf
s 95415 

n 10000 l 4999 r 64
s 107271 

n 10000 l 4999 r 65
r 2 i 506116 s 5000 f 1 wf
r 2 i 506220 s 5000 f 2
r 2 i 505703 s 5000 f 1 wf
s 102004 

n 10000 l 4999 r 66
r 2 i 505775 s 5000 f 1 wf
r 2 i 505916 s 5000 f 2
r 2 i 506299 s 5000 f 1 wf
s 95603 

n 10000 l 4999 r 67
s 105689 

n 10000 l 4999 r 68
s 85626 

n 10000 l 4999 r 69
r 2 i 506282 s 5000 f 2
s 106155 

n 10000 l 4999 r 70
s 101361 

n 10000 l 4999 r 71
r 2 i 505833 s 5000 f 2
r 2 i 506205 s 5000 f 1 wf
r 2 i 506162 s 5000 f 1 wf
s 106148 

n 10000 l 4999 r 72
s 91346 

n 10000 l 4999 r 73
s 97890 

n 10000 l 4999 r 74
r 2 i 505900 s 5000 f 1 wf
r 2 i 505877 s 5000 f 1 wf
r 2 i 505749 s 5000 f 1 wf
r 2 i 506497 s 5000 f 1 wf
r 2 i 506125 s 5000 f 1 wf
r 2 i 506033 s 5000 f 1 wf
s 92215 

n 10000 l 4999 r 75
r 2 i 505970 s 5000 f 2
r 2 i 505918 s 5000 f 1 wf
r 2 i 506045 s 5000 f 1 wf
s 98226 

n 10000 l 4999 r 76
r 2 i 506012 s 5000 f 1 wf
s 110642 

n 10000 l 4999 r 77
r 2 i 505753 s 5000 f 1 wf
r 2 i 505965 s 5000 f 1 wf
s 130428 

n 10000 l 4999 r 78
r 2 i 505918 s 5000 f 1 wf
r 2 i 505883 s 5000 f 2
r 2 i 505702 s 5000 f 1 wf
s 93379 

n 10000 l 4999 r 79
s 92280 

n 10000 l 4999 r 80
s 91132 

n 10000 l 4999 r 81
s 124102 

n 10000 l 4999 r 82
r 2 i 509424 s 5000 f 1 wf
s 95666 

n 10000 l 4999 r 83
r 2 i 506019 s 5000 f 2
s 99809 

n 10000 l 4999 r 84
r 2 i 506071 s 5000 f 1 wf
s 103781 

n 10000 l 4999 r 85
r 2 i 509460 s 5000 f 1 wf
r 2 i 506291 s 5000 f 1 wf
r 2 i 506076 s 5000 f 1 wf
r 2 i 506105 s 5000 f 1 wf
r 2 i 506253 s 5000 f 1 wf
r 2 i 505427 s 5000 f 1 wf
s 92961 

n 10000 l 4999 r 86
s 110946 

n 10000 l 4999 r 87
s 101847 

n 10000 l 4999 r 88
r 2 i 506218 s 5000 f 1 wf
s 100054 

n 10000 l 4999 r 89
s 107963 

n 10000 l 4999 r 90
s 111036 

n 10000 l 4999 r 91
r 2 i 506345 s 5000 f 2
r 2 i 505500 s 5000 f 2
r 2 i 506212 s 5000 f 1 wf
r 2 i 505676 s 5000 f 2
r 2 i 506319 s 5000 f 1 wf
s 103677 

n 10000 l 4999 r 92
r 2 i 505867 s 5000 f 1 wf
s 100235 

n 10000 l 4999 r 93
r 2 i 506311 s 5000 f 1 wf
r 2 i 506173 s 5000 f 1 wf
s 99234 

n 10000 l 4999 r 94
r 2 i 506105 s 5000 f 1 wf
s 103423 

n 10000 l 4999 r 95
s 100101 

n 10000 l 4999 r 96
s 112632 

n 10000 l 4999 r 97
r 2 i 505784 s 5000 f 2
r 2 i 509251 s 5000 f 1 wf
r 2 i 506152 s 5000 f 1 wf
r 2 i 505993 s 5000 f 2
s 114413 

n 10000 l 4999 r 98
r 2 i 506109 s 5000 f 1 wf
s 89383 

n 10000 l 4999 r 99
s 81708 

n 10000 l 4999 r 100
r 2 i 506307 s 5000 f 1 wf
r 2 i 505864 s 5000 f 2
s 98375 

n 10000 l 4999 r 101
s 170088 

n 10000 l 4999 r 102
r 2 i 505861 s 5000 f 1 wf
r 2 i 506445 s 5000 f 1 wf
s 110996 

n 10000 l 4999 r 103
r 2 i 505944 s 5000 f 2
r 2 i 510941 s 5000 f 1 wf
r 2 i 505716 s 5000 f 1 wf
s 98060 

n 10000 l 4999 r 104
s 94976 

n 10000 l 4999 r 105
s 95793 

n 10000 l 4999 r 106
r 2 i 505827 s 5000 f 1 wf
s 92070 

n 10000 l 4999 r 107
r 2 i 506097 s 5000 f 1 wf
r 2 i 505440 s 5000 f 1 wf
r 2 i 506689 s 5000 f 1 wf
r 2 i 508754 s 5000 f 1 wf
s 121042 

n 10000 l 4999 r 108
r 2 i 506960 s 5000 f 1 wf
s 103007 

n 10000 l 4999 r 109
r 2 i 505746 s 5000 f 1 wf
r 2 i 505576 s 5000 f 1 wf
s 101116 

n 10000 l 4999 r 110
s 101925 

n 10000 l 4999 r 111
r 2 i 506670 s 5000 f 2
s 98821 

n 10000 l 4999 r 112
r 2 i 506310 s 5000 f 1 wf
s 89856 

n 10000 l 4999 r 113
s 117935 

n 10000 l 4999 r 114
r 2 i 506569 s 5000 f 1 wf
s 123947 

n 10000 l 4999 r 115
r 2 i 506410 s 5000 f 2
s 91930 

n 10000 l 4999 r 116
r 2 i 505844 s 5000 f 2
s 103931 

n 10000 l 4999 r 117
r 2 i 506523 s 5000 f 1 wf
r 2 i 506001 s 5000 f 1 wf
r 2 i 506144 s 5000 f 1 wf
s 100780 

n 10000 l 4999 r 118
r 2 i 506076 s 5000 f 1 wf
r 2 i 505837 s 5000 f 1 wf
r 2 i 506391 s 5000 f 1 wf
r 2 i 505593 s 5000 f 2
r 2 i 506045 s 5000 f 2
r 2 i 506285 s 5000 f 1 wf
r 2 i 506013 s 5000 f 1 wf
s 97727 

n 10000 l 4999 r 119
s 87755 

n 10000 l 4999 r 120
s 91560 

n 10000 l 4999 r 121
r 2 i 506127 s 5000 f 1 wf
r 2 i 506305 s 5000 f 1 wf
r 2 i 505816 s 5000 f 2
s 96641 

n 10000 l 4999 r 122
r 2 i 506212 s 5000 f 1 wf
s 87660 

n 10000 l 4999 r 123
s 96851 

n 10000 l 4999 r 124
r 2 i 505834 s 5000 f 1 wf
r 2 i 505757 s 5000 f 2
s 90448 

n 10000 l 4999 r 125
s 111191 

n 10000 l 4999 r 126
r 2 i 505639 s 5000 f 2
s 103880 

n 10000 l 4999 r 127
r 2 i 505344 s 5000 f 1 wf
r 2 i 505995 s 5000 f 2
s 106415 

n 10000 l 4999 r 128
r 2 i 506075 s 5000 f 2
r 2 i 505606 s 5000 f 1 wf
s 115525 

n 10000 l 4999 r 129
s 118554 

n 10000 l 4999 r 130
r 2 i 506001 s 5000 f 1 wf
s 99185 

n 10000 l 4999 r 131
r 2 i 505807 s 5000 f 1 wf
s 101720 

n 10000 l 4999 r 132
s 102491 

n 10000 l 4999 r 133
s 87728 

n 10000 l 4999 r 134
s 111723 

n 10000 l 4999 r 135
r 2 i 506038 s 5000 f 1 wf
s 95913 

n 10000 l 4999 r 136
s 103315 

n 10000 l 4999 r 137
r 2 i 506079 s 5000 f 1 wf
r 2 i 506318 s 5000 f 1 wf
s 111233 

n 10000 l 4999 r 138
r 2 i 506090 s 5000 f 1 wf
r 2 i 505557 s 5000 f 2
s 81057 

n 10000 l 4999 r 139
r 2 i 506446 s 5000 f 1 wf
s 89927 

n 10000 l 4999 r 140
s 98968 

n 10000 l 4999 r 141
r 2 i 505757 s 5000 f 1 wf
r 2 i 505698 s 5000 f 2
s 123530 

n 10000 l 4999 r 142
r 2 i 506331 s 5000 f 1 wf
r 2 i 505552 s 5000 f 1 wf
r 2 i 505872 s 5000 f 1 wf
s 97064 

n 10000 l 4999 r 143
s 129627 

n 10000 l 4999 r 144
r 2 i 506030 s 5000 f 1 wf
s 100692 

n 10000 l 4999 r 145
r 2 i 505720 s 5000 f 1 wf
s 89814 

n 10000 l 4999 r 146
r 2 i 505902 s 5000 f 1 wf
r 2 i 506067 s 5000 f 1 wf
r 2 i 505858 s 5000 f 2
s 90721 

n 10000 l 4999 r 147
s 92557 

n 10000 l 4999 r 148
r 2 i 505816 s 5000 f 1 wf
r 2 i 505857 s 5000 f 2
r 2 i 505931 s 5000 f 1 wf
r 2 i 506006 s 5000 f 1 wf
s 96457 

n 10000 l 4999 r 149
r 2 i 505663 s 5000 f 2
r 2 i 506459 s 5000 f 1 wf
r 2 i 506205 s 5000 f 1 wf
s 109049 

n 10000 l 4999 r 150
s 91796 

n 10000 l 4999 r 151
s 113106 

n 10000 l 4999 r 152
r 2 i 505450 s 5000 f 2
s 115278 

n 10000 l 4999 r 153
r 2 i 516703 s 5000 f 2
r 2 i 506282 s 5000 f 1 wf
s 87207 

n 10000 l 4999 r 154
s 87862 

n 10000 l 4999 r 155
r 2 i 505869 s 5000 f 1 wf
r 2 i 505816 s 5000 f 1 wf
r 2 i 505956 s 5000 f 1 wf
r 2 i 505796 s 5000 f 1 wf
s 90750 

n 10000 l 4999 r 156
r 2 i 506043 s 5000 f 1 wf
r 2 i 505521 s 5000 f 1 wf
s 92736 

n 10000 l 4999 r 157
s 88436 

n 10000 l 4999 r 158
r 2 i 506414 s 5000 f 1 wf
r 2 i 506328 s 5000 f 1 wf
r 2 i 506182 s 5000 f 1 wf
r 2 i 505192 s 5000 f 1 wf
s 116864 

n 10000 l 4999 r 159
s 105826 

n 10000 l 4999 r 160
r 2 i 505570 s 5000 f 1 wf
s 96674 

n 10000 l 4999 r 161
r 2 i 505853 s 5000 f 1 wf
s 91877 

n 10000 l 4999 r 162
s 98914 

n 10000 l 4999 r 163
r 2 i 506189 s 5000 f 2
r 2 i 506327 s 5000 f 1 wf
r 2 i 506329 s 5000 f 1 wf
r 2 i 505653 s 5000 f 1 wf
r 2 i 506160 s 5000 f 1 wf
r 2 i 505992 s 5000 f 2
r 2 i 505968 s 5000 f 1 wf
s 108441 

n 10000 l 4999 r 164
r 2 i 505975 s 5000 f 1 wf
s 90765 

n 10000 l 4999 r 165
r 2 i 506426 s 5000 f 1 wf
r 2 i 505971 s 5000 f 1 wf
r 2 i 505652 s 5000 f 1 wf
r 2 i 505874 s 5000 f 1 wf
r 2 i 506395 s 5000 f 2
s 90359 

n 10000 l 4999 r 166
r 2 i 511250 s 5000 f 1 wf
s 144860 

n 10000 l 4999 r 167
s 102326 

n 10000 l 4999 r 168
r 2 i 505603 s 5000 f 1 wf
r 2 i 505683 s 5000 f 1 wf
r 2 i 509133 s 5000 f 1 wf
r 2 i 505487 s 5000 f 1 wf
r 2 i 506102 s 5000 f 1 wf
r 2 i 506142 s 5000 f 1 wf
s 86673 

n 10000 l 4999 r 169
r 2 i 505855 s 5000 f 1 wf
r 2 i 505791 s 5000 f 1 wf
r 2 i 505631 s 5000 f 1 wf
r 2 i 505429 s 5000 f 1 wf
r 2 i 505739 s 5000 f 1 wf
r 2 i 505923 s 5000 f 2
r 2 i 505666 s 5000 f 1 wf
r 2 i 506553 s 5000 f 2
s 94379 

n 10000 l 4999 r 170
r 2 i 505736 s 5000 f 1 wf
r 2 i 506000 s 5000 f 1 wf
r 2 i 505824 s 5000 f 2
r 2 i 506276 s 5000 f 1 wf
r 2 i 505294 s 5000 f 1 wf
r 2 i 506079 s 5000 f 1 wf
s 82785 

n 10000 l 4999 r 171
r 2 i 505871 s 5000 f 1 wf
s 83884 

n 10000 l 4999 r 172
r 2 i 506577 s 5000 f 1 wf
s 98647 

n 10000 l 4999 r 173
s 108999 

n 10000 l 4999 r 174
r 2 i 505915 s 5000 f 1 wf
r 2 i 506131 s 5000 f 2
r 2 i 505986 s 5000 f 1 wf
r 2 i 506456 s 5000 f 1 wf
s 96364 

n 10000 l 4999 r 175
s 95572 

n 10000 l 4999 r 176
r 2 i 505969 s 5000 f 1 wf
r 2 i 505905 s 5000 f 2
r 2 i 506137 s 5000 f 1 wf
s 123878 

n 10000 l 4999 r 177
s 88445 

n 10000 l 4999 r 178
s 90649 

n 10000 l 4999 r 179
r 2 i 505652 s 5000 f 1 wf
s 90981 

n 10000 l 4999 r 180
s 101348 

n 10000 l 4999 r 181
r 2 i 505713 s 5000 f 1 wf
r 2 i 506704 s 5000 f 1 wf
r 2 i 505770 s 5000 f 2
r 2 i 505937 s 5000 f 1 wf
r 2 i 505867 s 5000 f 1 wf
r 2 i 505856 s 5000 f 1 wf
r 2 i 506095 s 5000 f 2
r 2 i 505571 s 5000 f 2
r 2 i 505847 s 5000 f 1 wf
r 2 i 506360 s 5000 f 1 wf
s 94015 

n 10000 l 4999 r 182
s 88417 

n 10000 l 4999 r 183
r 2 i 505825 s 5000 f 2
r 2 i 505754 s 5000 f 1 wf
r 2 i 505696 s 5000 f 1 wf
r 2 i 505979 s 5000 f 2
s 94298 

n 10000 l 4999 r 184
r 2 i 505968 s 5000 f 1 wf
s 106537 

n 10000 l 4999 r 185
r 2 i 506057 s 5000 f 1 wf
r 2 i 506333 s 5000 f 1 wf
r 2 i 505807 s 5000 f 1 wf
r 2 i 507165 s 5000 f 1 wf
r 2 i 506373 s 5000 f 1 wf
r 2 i 506382 s 5000 f 1 wf
r 2 i 505960 s 5000 f 1 wf
r 2 i 505736 s 5000 f 1 wf
s 104450 

n 10000 l 4999 r 186
s 93130 

n 10000 l 4999 r 187
s 112814 

n 10000 l 4999 r 188
r 2 i 505681 s 5000 f 1 wf
s 86525 

n 10000 l 4999 r 189
r 2 i 505819 s 5000 f 1 wf
r 2 i 505679 s 5000 f 1 wf
s 90903 

n 10000 l 4999 r 190
r 2 i 507264 s 5000 f 2
s 109570 

n 10000 l 4999 r 191
s 93642 

n 10000 l 4999 r 192
s 81917 

n 10000 l 4999 r 193
s 113185 

n 10000 l 4999 r 194
s 117340 

n 10000 l 4999 r 195
r 2 i 506118 s 5000 f 1 wf
r 2 i 506711 s 5000 f 1 wf
r 2 i 506314 s 5000 f 1 wf
s 112524 

n 10000 l 4999 r 196
r 2 i 505822 s 5000 f 2
s 97330 

n 10000 l 4999 r 197
s 96935 

n 10000 l 4999 r 198
r 2 i 506041 s 5000 f 1 wf
r 2 i 506079 s 5000 f 1 wf
r 2 i 505957 s 5000 f 1 wf
s 94076 

n 10000 l 4999 r 199
r 2 i 505674 s 5000 f 1 wf
r 2 i 506277 s 5000 f 1 wf
s 101183 

n 10000 l 4999 r 200
s 100244 

n 10000 l 4999 r 201
r 2 i 505643 s 5000 f 1 wf
r 2 i 506016 s 5000 f 2
s 118589 

n 10000 l 4999 r 202
r 2 i 506225 s 5000 f 1 wf
r 2 i 506195 s 5000 f 2
s 92883 

n 10000 l 4999 r 203
r 2 i 505949 s 5000 f 1 wf
r 2 i 505872 s 5000 f 1 wf
r 2 i 505908 s 5000 f 1 wf
r 2 i 506218 s 5000 f 1 wf
r 2 i 506161 s 5000 f 1 wf
s 86542 

n 10000 l 4999 r 204
r 2 i 505570 s 5000 f 2
r 2 i 506077 s 5000 f 1 wf
r 2 i 511729 s 5000 f 1 wf
r 2 i 505702 s 5000 f 1 wf
s 128045 

n 10000 l 4999 r 205
s 86545 

n 10000 l 4999 r 206
s 84415 

n 10000 l 4999 r 207
r 2 i 505553 s 5000 f 1 wf
s 97949 

n 10000 l 4999 r 208
r 2 i 506127 s 5000 f 1 wf
r 2 i 505414 s 5000 f 1 wf
r 2 i 506678 s 5000 f 1 wf
r 2 i 515693 s 5000 f 1 wf
r 2 i 505726 s 5000 f 1 wf
s 108569 

n 10000 l 4999 r 209
s 122366 

n 10000 l 4999 r 210
s 89258 

n 10000 l 4999 r 211
r 2 i 506030 s 5000 f 1 wf
s 94179 

n 10000 l 4999 r 212
s 124080 

n 10000 l 4999 r 213
s 94352 

n 10000 l 4999 r 214
s 107820 

n 10000 l 4999 r 215
r 2 i 505991 s 5000 f 1 wf
r 2 i 506038 s 5000 f 1 wf
s 114299 

n 10000 l 4999 r 216
r 2 i 505978 s 5000 f 1 wf
s 103118 

n 10000 l 4999 r 217
r 2 i 505415 s 5000 f 2
s 102991 

n 10000 l 4999 r 218
s 98940 

n 10000 l 4999 r 219
r 2 i 506046 s 5000 f 1 wf
r 2 i 507066 s 5000 f 1 wf
r 2 i 505682 s 5000 f 2
s 117972 

n 10000 l 4999 r 220
r 2 i 505581 s 5000 f 2
r 2 i 505785 s 5000 f 1 wf
s 94417 

n 10000 l 4999 r 221
r 2 i 506630 s 5000 f 1 wf
s 96434 

n 10000 l 4999 r 222
s 102936 

n 10000 l 4999 r 223
r 2 i 509051 s 5000 f 1 wf
r 2 i 505921 s 5000 f 1 wf
r 2 i 506033 s 5000 f 1 wf
r 2 i 506138 s 5000 f 1 wf
r 2 i 505688 s 5000 f 1 wf
r 2 i 505721 s 5000 f 1 wf
s 96189 

n 10000 l 4999 r 224
s 113386 

n 10000 l 4999 r 225
s 88627 

n 10000 l 4999 r 226
s 90862 

n 10000 l 4999 r 227
r 2 i 506097 s 5000 f 1 wf
s 99704 

n 10000 l 4999 r 228
r 2 i 505573 s 5000 f 1 wf
s 92082 

n 10000 l 4999 r 229
r 2 i 506370 s 5000 f 1 wf
r 2 i 506432 s 5000 f 1 wf
r 2 i 506129 s 5000 f 1 wf
r 2 i 506143 s 5000 f 1 wf
r 2 i 506647 s 5000 f 1 wf
s 81599 

n 10000 l 4999 r 230
s 92981 

n 10000 l 4999 r 231
r 2 i 506502 s 5000 f 1 wf
s 115248 

n 10000 l 4999 r 232
r 2 i 505553 s 5000 f 1 wf
s 97705 

n 10000 l 4999 r 233
r 2 i 505645 s 5000 f 1 wf
s 119451 

n 10000 l 4999 r 234
r 2 i 506233 s 5000 f 1 wf
r 2 i 505861 s 5000 f 1 wf
r 2 i 505421 s 5000 f 1 wf
r 2 i 506121 s 5000 f 1 wf
s 82967 

n 10000 l 4999 r 235
s 94215 

n 10000 l 4999 r 236
r 2 i 505967 s 5000 f 1 wf
r 2 i 506323 s 5000 f 2
s 98491 

n 10000 l 4999 r 237
r 2 i 505912 s 5000 f 1 wf
r 2 i 506832 s 5000 f 1 wf
r 2 i 505928 s 5000 f 1 wf
r 2 i 505682 s 5000 f 1 wf
r 2 i 506121 s 5000 f 1 wf
r 2 i 505744 s 5000 f 1 wf
r 2 i 506505 s 5000 f 1 wf
r 2 i 505612 s 5000 f 2
r 2 i 506485 s 5000 f 1 wf
r 2 i 506110 s 5000 f 1 wf
r 2 i 505274 s 5000 f 1 wf
s 99402 

n 10000 l 4999 r 238
r 2 i 505740 s 5000 f 1 wf
r 2 i 505715 s 5000 f 1 wf
s 116530 

n 10000 l 4999 r 239
r 2 i 506006 s 5000 f 1 wf
r 2 i 505744 s 5000 f 2
s 97187 

n 10000 l 4999 r 240
r 2 i 505823 s 5000 f 2
s 117088 

n 10000 l 4999 r 241
s 90773 

n 10000 l 4999 r 242
r 2 i 506246 s 5000 f 1 wf
r 2 i 506033 s 5000 f 1 wf
s 93334 

n 10000 l 4999 r 243
s 101973 

n 10000 l 4999 r 244
r 2 i 505878 s 5000 f 2
s 82434 

n 10000 l 4999 r 245
s 92030 

n 10000 l 4999 r 246
s 103925 

n 10000 l 4999 r 247
s 92957 

n 10000 l 4999 r 248
r 2 i 506346 s 5000 f 1 wf
s 110679 

n 10000 l 4999 r 249
r 2 i 506154 s 5000 f 1 wf
r 2 i 506743 s 5000 f 2
s 110026 

n 10000 l 4999 r 250
s 114295 

n 10000 l 4999 r 251
s 97756 

n 10000 l 4999 r 252
r 2 i 506246 s 5000 f 1 wf
s 79817 

n 10000 l 4999 r 253
r 2 i 506275 s 5000 f 1 wf
r 2 i 505943 s 5000 f 1 wf
r 2 i 506426 s 5000 f 1 wf
r 2 i 506384 s 5000 f 1 wf
r 2 i 506110 s 5000 f 1 wf
s 120576 

n 10000 l 4999 r 254
r 2 i 506073 s 5000 f 2
r 2 i 505664 s 5000 f 1 wf
r 2 i 505807 s 5000 f 2
s 94200 

n 10000 l 4999 r 255
s 82683 

n 10000 l 4999 r 256
r 2 i 506542 s 5000 f 2
s 101940 

n 10000 l 4999 r 257
s 87503 

n 10000 l 4999 r 258
r 2 i 506099 s 5000 f 1 wf
r 2 i 505440 s 5000 f 1 wf
s 97493 

n 10000 l 4999 r 259
s 92321 

n 10000 l 4999 r 260
s 95074 

n 10000 l 4999 r 261
r 2 i 505836 s 5000 f 1 wf
r 2 i 505796 s 5000 f 1 wf
r 2 i 505831 s 5000 f 1 wf
s 122159 

n 10000 l 4999 r 262
s 124673 

n 10000 l 4999 r 263
r 2 i 506031 s 5000 f 1 wf
r 2 i 505793 s 5000 f 2
s 94151 

n 10000 l 4999 r 264
r 2 i 506173 s 5000 f 2
r 2 i 506183 s 5000 f 1 wf
r 2 i 506588 s 5000 f 2
s 103559 

n 10000 l 4999 r 265
s 104302 

n 10000 l 4999 r 266
r 2 i 506336 s 5000 f 2
r 2 i 505912 s 5000 f 1 wf
s 109654 

n 10000 l 4999 r 267
s 104689 

n 10000 l 4999 r 268
r 2 i 506012 s 5000 f 1 wf
r 2 i 506966 s 5000 f 1 wf
r 2 i 506096 s 5000 f 1 wf
r 2 i 506085 s 5000 f 1 wf
r 2 i 505968 s 5000 f 1 wf
s 87798 

n 10000 l 4999 r 269
r 2 i 505907 s 5000 f 1 wf
r 2 i 505870 s 5000 f 1 wf
s 79753 

n 10000 l 4999 r 270
s 160307 

n 10000 l 4999 r 271
r 2 i 505732 s 5000 f 1 wf
r 2 i 505789 s 5000 f 1 wf
r 2 i 505905 s 5000 f 1 wf
s 112407 

n 10000 l 4999 r 272
r 2 i 505831 s 5000 f 1 wf
s 97849 

n 10000 l 4999 r 273
r 2 i 506198 s 5000 f 1 wf
r 2 i 506189 s 5000 f 1 wf
s 86832 

n 10000 l 4999 r 274
s 90884 

n 10000 l 4999 r 275
s 99577 

n 10000 l 4999 r 276
s 94216 

n 10000 l 4999 r 277
s 105242 

n 10000 l 4999 r 278
r 2 i 505819 s 5000 f 2
r 2 i 506367 s 5000 f 1 wf
r 2 i 505974 s 5000 f 2
s 93702 

n 10000 l 4999 r 279
s 124624 

n 10000 l 4999 r 280
s 90099 

n 10000 l 4999 r 281
s 103577 

n 10000 l 4999 r 282
s 111697 

n 10000 l 4999 r 283
r 2 i 506275 s 5000 f 1 wf
s 108770 

n 10000 l 4999 r 284
r 2 i 506783 s 5000 f 2
s 83616 

n 10000 l 4999 r 285
r 2 i 505916 s 5000 f 1 wf
r 2 i 506487 s 5000 f 1 wf
r 2 i 506010 s 5000 f 1 wf
s 101471 

n 10000 l 4999 r 286
r 2 i 505851 s 5000 f 1 wf
r 2 i 505759 s 5000 f 1 wf
s 96916 

n 10000 l 4999 r 287
r 2 i 506372 s 5000 f 1 wf
s 106313 

n 10000 l 4999 r 288
s 126780 

n 10000 l 4999 r 289
s 99269 

n 10000 l 4999 r 290
r 2 i 505675 s 5000 f 1 wf
r 2 i 506145 s 5000 f 1 wf
r 2 i 506088 s 5000 f 2
r 2 i 505971 s 5000 f 1 wf
r 2 i 506036 s 5000 f 1 wf
s 79293 

n 10000 l 4999 r 291
s 118457 

n 10000 l 4999 r 292
r 2 i 505499 s 5000 f 1 wf
r 2 i 505598 s 5000 f 1 wf
r 2 i 506260 s 5000 f 1 wf
s 87600 

n 10000 l 4999 r 293
s 96881 

n 10000 l 4999 r 294
s 100765 

n 10000 l 4999 r 295
r 2 i 506334 s 5000 f 1 wf
s 104260 

n 10000 l 4999 r 296
r 2 i 505796 s 5000 f 1 wf
r 2 i 506487 s 5000 f 1 wf
r 2 i 506382 s 5000 f 1 wf
s 100495 

n 10000 l 4999 r 297
r 2 i 506435 s 5000 f 1 wf
r 2 i 506544 s 5000 f 1 wf
r 2 i 505978 s 5000 f 1 wf
r 2 i 505831 s 5000 f 1 wf
r 2 i 505951 s 5000 f 1 wf
s 91884 

n 10000 l 4999 r 298
s 90586 

n 10000 l 4999 r 299
s 101356 

n 10000 l 4999 r 300
r 2 i 505749 s 5000 f 1 wf
s 94048 

n 10000 l 4999 r 301
r 2 i 506418 s 5000 f 1 wf
s 123631 

n 10000 l 4999 r 302
s 98357 

n 10000 l 4999 r 303
r 2 i 506300 s 5000 f 2
r 2 i 505840 s 5000 f 1 wf
r 2 i 505951 s 5000 f 1 wf
r 2 i 505991 s 5000 f 1 wf
r 2 i 506369 s 5000 f 1 wf
r 2 i 505962 s 5000 f 2
s 102546 

n 10000 l 4999 r 304
r 2 i 505987 s 5000 f 1 wf
r 2 i 505899 s 5000 f 1 wf
r 2 i 506368 s 5000 f 1 wf
s 99847 

n 10000 l 4999 r 305
s 109063 

n 10000 l 4999 r 306
r 2 i 505221 s 5000 f 1 wf
r 2 i 505494 s 5000 f 2
s 90344 

n 10000 l 4999 r 307
r 2 i 506646 s 5000 f 1 wf
s 102526 

n 10000 l 4999 r 308
s 118160 

n 10000 l 4999 r 309
r 2 i 505912 s 5000 f 1 wf
r 2 i 505892 s 5000 f 1 wf
r 2 i 505623 s 5000 f 1 wf
r 2 i 506061 s 5000 f 1 wf
r 2 i 506420 s 5000 f 1 wf
s 86480 

n 10000 l 4999 r 310
s 105010 

n 10000 l 4999 r 311
r 2 i 505761 s 5000 f 1 wf
s 109305 

n 10000 l 4999 r 312
s 117560 

n 10000 l 4999 r 313
r 2 i 505573 s 5000 f 1 wf
r 2 i 506257 s 5000 f 2
s 118114 

n 10000 l 4999 r 314
r 2 i 506018 s 5000 f 1 wf
r 2 i 505947 s 5000 f 2
r 2 i 506159 s 5000 f 1 wf
s 132849 

n 10000 l 4999 r 315
r 2 i 505788 s 5000 f 1 wf
r 2 i 505491 s 5000 f 1 wf
r 2 i 505996 s 5000 f 2
r 2 i 505922 s 5000 f 1 wf
r 2 i 505474 s 5000 f 1 wf
r 2 i 505726 s 5000 f 1 wf
s 95351 

n 10000 l 4999 r 316
r 2 i 505854 s 5000 f 1 wf
r 2 i 505939 s 5000 f 1 wf
r 2 i 506183 s 5000 f 1 wf
r 2 i 505683 s 5000 f 2
r 2 i 505979 s 5000 f 2
r 2 i 505880 s 5000 f 1 wf
s 105343 

n 10000 l 4999 r 317
s 99241 

n 10000 l 4999 r 318
s 117965 

n 10000 l 4999 r 319
r 2 i 506457 s 5000 f 1 wf
s 109747 

n 10000 l 4999 r 320
r 2 i 507158 s 5000 f 1 wf
s 95390 

n 10000 l 4999 r 321
s 94245 

n 10000 l 4999 r 322
s 113243 

n 10000 l 4999 r 323
s 98158 

n 10000 l 4999 r 324
r 2 i 506387 s 5000 f 1 wf
r 2 i 506081 s 5000 f 1 wf
s 105781 

n 10000 l 4999 r 325
r 2 i 506145 s 5000 f 1 wf
r 2 i 506128 s 5000 f 2
r 2 i 505762 s 5000 f 1 wf
r 2 i 506161 s 5000 f 1 wf
r 2 i 505411 s 5000 f 1 wf
s 146555 

n 10000 l 4999 r 326
r 2 i 506315 s 5000 f 1 wf
r 2 i 506138 s 5000 f 1 wf
r 2 i 505865 s 5000 f 1 wf
r 2 i 505923 s 5000 f 1 wf
s 108566 

n 10000 l 4999 r 327
s 83475 

n 10000 l 4999 r 328
r 2 i 506011 s 5000 f 1 wf
s 118580 

n 10000 l 4999 r 329
s 91412 

n 10000 l 4999 r 330
r 2 i 506204 s 5000 f 1 wf
r 2 i 505911 s 5000 f 2
s 87593 

n 10000 l 4999 r 331
s 102974 

n 10000 l 4999 r 332
r 2 i 505882 s 5000 f 1 wf
r 2 i 506535 s 5000 f 1 wf
s 91504 

n 10000 l 4999 r 333
r 2 i 506548 s 5000 f 1 wf
r 2 i 505671 s 5000 f 2
r 2 i 505897 s 5000 f 2
s 84341 

n 10000 l 4999 r 334
r 2 i 505920 s 5000 f 1 wf
s 110213 

n 10000 l 4999 r 335
r 2 i 505749 s 5000 f 2
r 2 i 505975 s 5000 f 1 wf
r 2 i 505646 s 5000 f 1 wf
r 2 i 505944 s 5000 f 1 wf
r 2 i 505936 s 5000 f 1 wf
s 92375 

n 10000 l 4999 r 336
r 2 i 506395 s 5000 f 2
s 97526 

n 10000 l 4999 r 337
s 91541 

n 10000 l 4999 r 338
s 103503 

n 10000 l 4999 r 339
r 2 i 506289 s 5000 f 1 wf
r 2 i 506120 s 5000 f 2
r 2 i 506047 s 5000 f 2
s 90475 

n 10000 l 4999 r 340
r 2 i 506267 s 5000 f 1 wf
s 87167 

n 10000 l 4999 r 341
r 2 i 506014 s 5000 f 1 wf
s 106477 

n 10000 l 4999 r 342
r 2 i 505909 s 5000 f 1 wf
s 110112 

n 10000 l 4999 r 343
s 103953 

n 10000 l 4999 r 344
r 2 i 506167 s 5000 f 1 wf
r 2 i 505627 s 5000 f 1 wf
r 2 i 518886 s 5000 f 1 wf
r 2 i 506554 s 5000 f 1 wf
r 2 i 506447 s 5000 f 1 wf
r 2 i 506251 s 5000 f 1 wf
s 93446 

n 10000 l 4999 r 345
s 84718 

n 10000 l 4999 r 346
r 2 i 505915 s 5000 f 1 wf
s 106695 

n 10000 l 4999 r 347
r 2 i 506541 s 5000 f 1 wf
r 2 i 506001 s 5000 f 1 wf
r 2 i 506312 s 5000 f 1 wf
r 2 i 506008 s 5000 f 1 wf
s 96524 

n 10000 l 4999 r 348
r 2 i 506398 s 5000 f 2
s 101892 

n 10000 l 4999 r 349
r 2 i 505579 s 5000 f 1 wf
r 2 i 505848 s 5000 f 1 wf
r 2 i 505681 s 5000 f 1 wf
r 2 i 506262 s 5000 f 1 wf
r 2 i 505922 s 5000 f 1 wf
r 2 i 508301 s 5000 f 2
s 102708 

n 10000 l 4999 r 350
s 113405 

n 10000 l 4999 r 351
r 2 i 506677 s 5000 f 1 wf
r 2 i 506096 s 5000 f 2
r 2 i 509688 s 5000 f 1 wf
s 94420 

n 10000 l 4999 r 352
r 2 i 506021 s 5000 f 2
s 98796 

n 10000 l 4999 r 353
s 86660 

n 10000 l 4999 r 354
s 84914 

n 10000 l 4999 r 355
r 2 i 505517 s 5000 f 1 wf
s 120598 

n 10000 l 4999 r 356
s 113668 

n 10000 l 4999 r 357
s 88584 

n 10000 l 4999 r 358
s 101830 

n 10000 l 4999 r 359
r 2 i 506535 s 5000 f 1 wf
s 105865 

n 10000 l 4999 r 360
r 2 i 505943 s 5000 f 2
s 100227 

n 10000 l 4999 r 361
r 2 i 506526 s 5000 f 1 wf
s 95360 

n 10000 l 4999 r 362
r 2 i 506141 s 5000 f 1 wf
r 2 i 505882 s 5000 f 1 wf
s 99412 

n 10000 l 4999 r 363
s 106860 

n 10000 l 4999 r 364
s 118220 

n 10000 l 4999 r 365
s 96688 

n 10000 l 4999 r 366
r 2 i 505778 s 5000 f 1 wf
s 130905 

n 10000 l 4999 r 367
s 98419 

n 10000 l 4999 r 368
r 2 i 505797 s 5000 f 1 wf
r 2 i 506465 s 5000 f 2
s 92770 

n 10000 l 4999 r 369
r 2 i 505555 s 5000 f 1 wf
r 2 i 506575 s 5000 f 1 wf
r 2 i 506165 s 5000 f 1 wf
r 2 i 506101 s 5000 f 1 wf
r 2 i 505600 s 5000 f 1 wf
r 2 i 506627 s 5000 f 1 wf
r 2 i 505525 s 5000 f 1 wf
s 100187 

n 10000 l 4999 r 370
s 94764 

n 10000 l 4999 r 371
s 91699 

n 10000 l 4999 r 372
r 2 i 506348 s 5000 f 1 wf
s 100680 

n 10000 l 4999 r 373
r 2 i 506279 s 5000 f 1 wf
r 2 i 506029 s 5000 f 1 wf
s 92882 

n 10000 l 4999 r 374
r 2 i 506199 s 5000 f 1 wf
r 2 i 505938 s 5000 f 1 wf
s 97475 

n 10000 l 4999 r 375
r 2 i 505966 s 5000 f 2
r 2 i 505879 s 5000 f 1 wf
r 2 i 506336 s 5000 f 2
r 2 i 505528 s 5000 f 2
r 2 i 505936 s 5000 f 1 wf
r 2 i 505948 s 5000 f 1 wf
r 2 i 505803 s 5000 f 1 wf
s 97922 

n 10000 l 4999 r 376
r 2 i 505861 s 5000 f 1 wf
r 2 i 505448 s 5000 f 2
s 121908 

n 10000 l 4999 r 377
r 2 i 506280 s 5000 f 1 wf
s 145212 

n 10000 l 4999 r 378
r 2 i 506037 s 5000 f 1 wf
s 106414 

n 10000 l 4999 r 379
r 2 i 505713 s 5000 f 1 wf
s 86023 

n 10000 l 4999 r 380
r 2 i 505958 s 5000 f 1 wf
r 2 i 506442 s 5000 f 1 wf
s 93437 

n 10000 l 4999 r 381
r 2 i 506370 s 5000 f 1 wf
r 2 i 506406 s 5000 f 2
r 2 i 506071 s 5000 f 1 wf
r 2 i 505558 s 5000 f 1 wf
s 101386 

n 10000 l 4999 r 382
s 129345 

n 10000 l 4999 r 383
s 123717 

n 10000 l 4999 r 384
r 2 i 505431 s 5000 f 2
r 2 i 505911 s 5000 f 1 wf
s 121758 

n 10000 l 4999 r 385
r 2 i 505876 s 5000 f 1 wf
r 2 i 505892 s 5000 f 1 wf
r 2 i 506150 s 5000 f 1 wf
r 2 i 505678 s 5000 f 2
s 103563 

n 10000 l 4999 r 386
s 117015 

n 10000 l 4999 r 387
r 2 i 505908 s 5000 f 1 wf
r 2 i 505708 s 5000 f 1 wf
r 2 i 505912 s 5000 f 1 wf
s 117187 

n 10000 l 4999 r 388
s 84488 

n 10000 l 4999 r 389
s 117532 

n 10000 l 4999 r 390
r 2 i 506170 s 5000 f 1 wf
s 92860 

n 10000 l 4999 r 391
r 2 i 506464 s 5000 f 1 wf
r 2 i 505666 s 5000 f 1 wf
s 103913 

n 10000 l 4999 r 392
r 2 i 505979 s 5000 f 1 wf
s 110793 

n 10000 l 4999 r 393
s 108652 

n 10000 l 4999 r 394
s 94791 

n 10000 l 4999 r 395
r 2 i 505866 s 5000 f 1 wf
r 2 i 505759 s 5000 f 1 wf
s 96605 

n 10000 l 4999 r 396
s 100540 

n 10000 l 4999 r 397
r 2 i 506005 s 5000 f 1 wf
s 105145 

n 10000 l 4999 r 398
r 2 i 506119 s 5000 f 1 wf
s 146896 

n 10000 l 4999 r 399
r 2 i 505569 s 5000 f 1 wf
s 90206 

n 10000 l 4999 r 400
s 126492 

n 10000 l 4999 r 401
r 2 i 506217 s 5000 f 2
r 2 i 505928 s 5000 f 1 wf
s 110299 

n 10000 l 4999 r 402
s 94017 

n 10000 l 4999 r 403
r 2 i 505831 s 5000 f 1 wf
s 107395 

n 10000 l 4999 r 404
s 83874 

n 10000 l 4999 r 405
r 2 i 506242 s 5000 f 1 wf
r 2 i 505689 s 5000 f 1 wf
r 2 i 506067 s 5000 f 1 wf
r 2 i 505818 s 5000 f 2
r 2 i 505854 s 5000 f 1 wf
s 88154 

n 10000 l 4999 r 406
r 2 i 505934 s 5000 f 1 wf
r 2 i 505702 s 5000 f 1 wf
r 2 i 506037 s 5000 f 2
r 2 i 506271 s 5000 f 1 wf
s 99427 

n 10000 l 4999 r 407
r 2 i 505626 s 5000 f 1 wf
r 2 i 505864 s 5000 f 1 wf
r 2 i 505923 s 5000 f 1 wf
r 2 i 505925 s 5000 f 1 wf
r 2 i 505496 s 5000 f 1 wf
s 112471 

n 10000 l 4999 r 408
r 2 i 506361 s 5000 f 1 wf
r 2 i 505535 s 5000 f 1 wf
r 2 i 505253 s 5000 f 1 wf
r 2 i 506314 s 5000 f 1 wf
r 2 i 505587 s 5000 f 1 wf
s 132029 

n 10000 l 4999 r 409
s 95230 

n 10000 l 4999 r 410
r 2 i 506475 s 5000 f 1 wf
r 2 i 506584 s 5000 f 1 wf
s 97516 

n 10000 l 4999 r 411
r 2 i 505947 s 5000 f 1 wf
r 2 i 506091 s 5000 f 2
s 101469 

n 10000 l 4999 r 412
s 92057 

n 10000 l 4999 r 413
r 2 i 505932 s 5000 f 1 wf
s 101727 

n 10000 l 4999 r 414
r 2 i 506044 s 5000 f 1 wf
r 2 i 505980 s 5000 f 1 wf
s 102110 

n 10000 l 4999 r 415
r 2 i 505412 s 5000 f 1 wf
r 2 i 505725 s 5000 f 1 wf
s 107683 

n 10000 l 4999 r 416
r 2 i 506012 s 5000 f 1 wf
r 2 i 506117 s 5000 f 2
s 108885 

n 10000 l 4999 r 417
r 2 i 517291 s 5000 f 2
r 2 i 505852 s 5000 f 1 wf
r 2 i 505607 s 5000 f 1 wf
r 2 i 505972 s 5000 f 1 wf
r 2 i 505798 s 5000 f 1 wf
s 92822 

n 10000 l 4999 r 418
r 2 i 506068 s 5000 f 1 wf
r 2 i 505316 s 5000 f 1 wf
s 110883 

n 10000 l 4999 r 419
s 86694 

n 10000 l 4999 r 420
r 2 i 505967 s 5000 f 2
r 2 i 506254 s 5000 f 1 wf
r 2 i 506121 s 5000 f 1 wf
r 2 i 506468 s 5000 f 1 wf
r 2 i 505884 s 5000 f 1 wf
r 2 i 506314 s 5000 f 1 wf
s 118533 

n 10000 l 4999 r 421
r 2 i 506012 s 5000 f 1 wf
s 107435 

n 10000 l 4999 r 422
s 87917 

n 10000 l 4999 r 423
r 2 i 508880 s 5000 f 2
s 90719 

n 10000 l 4999 r 424
r 2 i 506059 s 5000 f 1 wf
s 111264 

n 10000 l 4999 r 425
s 89349 

n 10000 l 4999 r 426
s 86331 

n 10000 l 4999 r 427
s 98946 

n 10000 l 4999 r 428
r 2 i 505871 s 5000 f 2
r 2 i 505978 s 5000 f 1 wf
r 2 i 505884 s 5000 f 2
r 2 i 506179 s 5000 f 2
r 2 i 505395 s 5000 f 2
r 2 i 509265 s 5000 f 1 wf
r 2 i 506134 s 5000 f 1 wf
r 2 i 511872 s 5000 f 1 wf
s 91133 

n 10000 l 4999 r 429
r 2 i 506311 s 5000 f 2
r 2 i 505840 s 5000 f 1 wf
s 114673 

n 10000 l 4999 r 430
r 2 i 506366 s 5000 f 1 wf
r 2 i 506229 s 5000 f 1 wf
r 2 i 506366 s 5000 f 1 wf
r 2 i 505566 s 5000 f 1 wf
s 86567 

n 10000 l 4999 r 431
r 2 i 506251 s 5000 f 1 wf
r 2 i 506559 s 5000 f 1 wf
r 2 i 506082 s 5000 f 1 wf
r 2 i 505606 s 5000 f 2
s 123834 

n 10000 l 4999 r 432
r 2 i 507428 s 5000 f 2
r 2 i 505838 s 5000 f 1 wf
r 2 i 505666 s 5000 f 2
s 98795 

n 10000 l 4999 r 433
r 2 i 506875 s 5000 f 1 wf
r 2 i 506017 s 5000 f 1 wf
r 2 i 506027 s 5000 f 2
r 2 i 506224 s 5000 f 1 wf
r 2 i 505931 s 5000 f 1 wf
s 109143 

n 10000 l 4999 r 434
r 2 i 505871 s 5000 f 1 wf
s 112238 

n 10000 l 4999 r 435
s 90867 

n 10000 l 4999 r 436
s 78205 

n 10000 l 4999 r 437
s 102669 

n 10000 l 4999 r 438
s 85008 

n 10000 l 4999 r 439
r 2 i 505848 s 5000 f 1 wf
r 2 i 505820 s 5000 f 1 wf
r 2 i 506372 s 5000 f 1 wf
r 2 i 505310 s 5000 f 1 wf
r 2 i 506858 s 5000 f 2
s 118872 

n 10000 l 4999 r 440
s 100232 

n 10000 l 4999 r 441
r 2 i 505430 s 5000 f 2
r 2 i 505951 s 5000 f 1 wf
r 2 i 505987 s 5000 f 2
s 102222 

n 10000 l 4999 r 442
s 97709 

n 10000 l 4999 r 443
s 93485 

n 10000 l 4999 r 444
s 104799 

n 10000 l 4999 r 445
r 2 i 506394 s 5000 f 1 wf
s 116644 

n 10000 l 4999 r 446
r 2 i 506575 s 5000 f 1 wf
s 99151 

n 10000 l 4999 r 447
r 2 i 505694 s 5000 f 1 wf
r 2 i 505819 s 5000 f 1 wf
r 2 i 505876 s 5000 f 1 wf
s 119001 

n 10000 l 4999 r 448
r 2 i 505989 s 5000 f 1 wf
r 2 i 505241 s 5000 f 1 wf
s 89219 

n 10000 l 4999 r 449
r 2 i 506004 s 5000 f 1 wf
r 2 i 505987 s 5000 f 1 wf
r 2 i 506156 s 5000 f 1 wf
r 2 i 506419 s 5000 f 1 wf
r 2 i 505815 s 5000 f 1 wf
r 2 i 505906 s 5000 f 2
r 2 i 509749 s 5000 f 1 wf
r 2 i 506412 s 5000 f 2
r 2 i 505804 s 5000 f 1 wf
r 2 i 505548 s 5000 f 1 wf
s 105119 

n 10000 l 4999 r 450
s 128325 

n 10000 l 4999 r 451
r 2 i 506993 s 5000 f 1 wf
r 2 i 505993 s 5000 f 1 wf
r 2 i 505743 s 5000 f 1 wf
s 133313 

n 10000 l 4999 r 452
r 2 i 506005 s 5000 f 1 wf
s 130979 

n 10000 l 4999 r 453
r 2 i 509834 s 5000 f 1 wf
r 2 i 506465 s 5000 f 1 wf
s 105914 

n 10000 l 4999 r 454
s 94664 

n 10000 l 4999 r 455
r 2 i 505940 s 5000 f 1 wf
r 2 i 508575 s 5000 f 1 wf
r 2 i 505932 s 5000 f 1 wf
r 2 i 506078 s 5000 f 1 wf
s 146309 

n 10000 l 4999 r 456
r 2 i 506396 s 5000 f 1 wf
s 93815 

n 10000 l 4999 r 457
s 92241 

n 10000 l 4999 r 458
s 104266 

n 10000 l 4999 r 459
s 92382 

n 10000 l 4999 r 460
r 2 i 507964 s 5000 f 1 wf
s 94189 

n 10000 l 4999 r 461
s 91171 

n 10000 l 4999 r 462
s 133199 

n 10000 l 4999 r 463
s 98194 

n 10000 l 4999 r 464
r 2 i 505600 s 5000 f 1 wf
r 2 i 505937 s 5000 f 2
s 117531 

n 10000 l 4999 r 465
s 91100 

n 10000 l 4999 r 466
s 98090 

n 10000 l 4999 r 467
r 2 i 505668 s 5000 f 1 wf
r 2 i 506502 s 5000 f 2
r 2 i 506111 s 5000 f 2
r 2 i 506106 s 5000 f 1 wf
r 2 i 506457 s 5000 f 1 wf
s 95183 

n 10000 l 4999 r 468
r 2 i 506123 s 5000 f 1 wf
r 2 i 506022 s 5000 f 1 wf
r 2 i 505791 s 5000 f 2
s 96783 

n 10000 l 4999 r 469
r 2 i 505880 s 5000 f 1 wf
s 120076 

n 10000 l 4999 r 470
s 88673 

n 10000 l 4999 r 471
r 2 i 506099 s 5000 f 1 wf
r 2 i 505577 s 5000 f 1 wf
r 2 i 505603 s 5000 f 1 wf
s 88982 

n 10000 l 4999 r 472
s 85642 

n 10000 l 4999 r 473
s 112659 

n 10000 l 4999 r 474
r 2 i 506033 s 5000 f 1 wf
r 2 i 505873 s 5000 f 2
r 2 i 506153 s 5000 f 1 wf
r 2 i 505730 s 5000 f 1 wf
s 88631 

n 10000 l 4999 r 475
r 2 i 505879 s 5000 f 1 wf
s 95387 

n 10000 l 4999 r 476
r 2 i 505750 s 5000 f 1 wf
s 112505 

n 10000 l 4999 r 477
r 2 i 505937 s 5000 f 2
r 2 i 505770 s 5000 f 1 wf
r 2 i 506492 s 5000 f 1 wf
r 2 i 506006 s 5000 f 1 wf
r 2 i 505485 s 5000 f 1 wf
r 2 i 505738 s 5000 f 1 wf
r 2 i 505955 s 5000 f 1 wf
s 101746 

n 10000 l 4999 r 478
s 100650 

n 10000 l 4999 r 479
r 2 i 505508 s 5000 f 1 wf
r 2 i 505996 s 5000 f 1 wf
r 2 i 506928 s 5000 f 1 wf
r 2 i 505608 s 5000 f 1 wf
r 2 i 506101 s 5000 f 2
s 106685 

n 10000 l 4999 r 480
r 2 i 506330 s 5000 f 1 wf
s 121198 

n 10000 l 4999 r 481
r 2 i 505609 s 5000 f 1 wf
r 2 i 505998 s 5000 f 1 wf
r 2 i 506072 s 5000 f 2
r 2 i 506143 s 5000 f 1 wf
r 2 i 505814 s 5000 f 1 wf
r 2 i 506314 s 5000 f 1 wf
r 2 i 506075 s 5000 f 1 wf
r 2 i 505556 s 5000 f 2
s 88782 

n 10000 l 4999 r 482
r 2 i 505816 s 5000 f 1 wf
r 2 i 505901 s 5000 f 1 wf
s 105093 

n 10000 l 4999 r 483
s 106413 

n 10000 l 4999 r 484
r 2 i 505972 s 5000 f 1 wf
s 95700 

n 10000 l 4999 r 485
s 108583 

n 10000 l 4999 r 486
r 2 i 508679 s 5000 f 1 wf
s 100089 

n 10000 l 4999 r 487
r 2 i 505968 s 5000 f 1 wf
r 2 i 506118 s 5000 f 2
r 2 i 505942 s 5000 f 1 wf
r 2 i 505983 s 5000 f 1 wf
r 2 i 506029 s 5000 f 1 wf
r 2 i 505970 s 5000 f 1 wf
s 95330 

n 10000 l 4999 r 488
s 101436 

n 10000 l 4999 r 489
r 2 i 506440 s 5000 f 1 wf
r 2 i 506281 s 5000 f 1 wf
s 91293 

n 10000 l 4999 r 490
r 2 i 505528 s 5000 f 1 wf
r 2 i 506033 s 5000 f 1 wf
r 2 i 506155 s 5000 f 1 wf
s 105100 

n 10000 l 4999 r 491
s 112536 

n 10000 l 4999 r 492
r 2 i 506428 s 5000 f 1 wf
r 2 i 505482 s 5000 f 2
r 2 i 505978 s 5000 f 1 wf
r 2 i 505898 s 5000 f 2
s 102657 

n 10000 l 4999 r 493
s 123106 

n 10000 l 4999 r 494
s 109566 

n 10000 l 4999 r 495
s 92633 

n 10000 l 4999 r 496
s 110923 

n 10000 l 4999 r 497
r 2 i 506057 s 5000 f 2
s 91521 

n 10000 l 4999 r 498
s 110322 

n 10000 l 4999 r 499
r 2 i 506016 s 5000 f 1 wf
r 2 i 505988 s 5000 f 1 wf
r 2 i 506742 s 5000 f 2
r 2 i 505836 s 5000 f 1 wf
r 2 i 505886 s 5000 f 1 wf
s 85444 

n 10000 l 4999 r 500
r 2 i 505693 s 5000 f 1 wf
r 2 i 505978 s 5000 f 1 wf
r 2 i 505655 s 5000 f 1 wf
s 98826 

n 10000 l 4999 r 501
s 85314 

n 10000 l 4999 r 502
r 2 i 505728 s 5000 f 1 wf
r 2 i 505933 s 5000 f 1 wf
s 113186 

n 10000 l 4999 r 503
r 2 i 506206 s 5000 f 2
r 2 i 506166 s 5000 f 1 wf
r 2 i 506143 s 5000 f 1 wf
r 2 i 505775 s 5000 f 1 wf
r 2 i 505915 s 5000 f 1 wf
r 2 i 506352 s 5000 f 1 wf
s 89774 

n 10000 l 4999 r 504
r 2 i 505882 s 5000 f 1 wf
r 2 i 505814 s 5000 f 2
r 2 i 506099 s 5000 f 1 wf
r 2 i 506330 s 5000 f 1 wf
r 2 i 512125 s 5000 f 1 wf
r 2 i 505789 s 5000 f 1 wf
r 2 i 505709 s 5000 f 1 wf
r 2 i 505888 s 5000 f 1 wf
r 2 i 505996 s 5000 f 1 wf
r 2 i 505879 s 5000 f 1 wf
s 84888 

n 10000 l 4999 r 505
r 2 i 505913 s 5000 f 1 wf
r 2 i 506132 s 5000 f 1 wf
s 101741 

n 10000 l 4999 r 506
s 90510 

n 10000 l 4999 r 507
r 2 i 506302 s 5000 f 1 wf
r 2 i 505982 s 5000 f 1 wf
s 94290 

n 10000 l 4999 r 508
s 148576 

n 10000 l 4999 r 509
s 90044 

n 10000 l 4999 r 510
r 2 i 506111 s 5000 f 2
r 2 i 515583 s 5000 f 2
r 2 i 506791 s 5000 f 2
s 92646 

n 10000 l 4999 r 511
r 2 i 505641 s 5000 f 1 wf
r 2 i 506400 s 5000 f 1 wf
r 2 i 506121 s 5000 f 1 wf
s 87247 

n 10000 l 4999 r 512
s 104221 

n 10000 l 4999 r 513
r 2 i 505458 s 5000 f 1 wf
r 2 i 506402 s 5000 f 1 wf
r 2 i 505784 s 5000 f 2
r 2 i 506163 s 5000 f 1 wf
r 2 i 506137 s 5000 f 1 wf
s 94463 

n 10000 l 4999 r 514
s 120750 

n 10000 l 4999 r 515
r 2 i 505737 s 5000 f 1 wf
r 2 i 506366 s 5000 f 1 wf
r 2 i 506091 s 5000 f 1 wf
r 2 i 506126 s 5000 f 1 wf
r 2 i 505553 s 5000 f 1 wf
r 2 i 505876 s 5000 f 1 wf
r 2 i 506155 s 5000 f 1 wf
s 96823 

n 10000 l 4999 r 516
s 94054 

n 10000 l 4999 r 517
r 2 i 505780 s 5000 f 1 wf
r 2 i 505134 s 5000 f 1 wf
r 2 i 505942 s 5000 f 1 wf
r 2 i 506269 s 5000 f 1 wf
r 2 i 507674 s 5000 f 2
r 2 i 506386 s 5000 f 2
r 2 i 505762 s 5000 f 2
s 93817 

n 10000 l 4999 r 518
s 97141 

n 10000 l 4999 r 519
r 2 i 505961 s 5000 f 1 wf
s 111314 

n 10000 l 4999 r 520
r 2 i 505630 s 5000 f 1 wf
s 108853 

n 10000 l 4999 r 521
s 93058 

n 10000 l 4999 r 522
s 95292 

n 10000 l 4999 r 523
s 96584 

n 10000 l 4999 r 524
r 2 i 507284 s 5000 f 1 wf
r 2 i 505781 s 5000 f 1 wf
s 121406 

n 10000 l 4999 r 525
r 2 i 505771 s 5000 f 1 wf
s 99227 

n 10000 l 4999 r 526
r 2 i 505857 s 5000 f 2
r 2 i 506227 s 5000 f 1 wf
s 118003 

n 10000 l 4999 r 527
r 2 i 506633 s 5000 f 1 wf
r 2 i 506279 s 5000 f 1 wf
r 2 i 505758 s 5000 f 1 wf
s 104431 

n 10000 l 4999 r 528
r 2 i 505894 s 5000 f 1 wf
r 2 i 506076 s 5000 f 1 wf
s 107951 

n 10000 l 4999 r 529
s 99451 

n 10000 l 4999 r 530
s 102918 

n 10000 l 4999 r 531
s 103576 

n 10000 l 4999 r 532
r 2 i 513503 s 5000 f 1 wf
r 2 i 505915 s 5000 f 1 wf
s 92048 

n 10000 l 4999 r 533
r 2 i 505458 s 5000 f 1 wf
r 2 i 506052 s 5000 f 1 wf
r 2 i 505629 s 5000 f 1 wf
s 84096 

n 10000 l 4999 r 534
s 99897 

n 10000 l 4999 r 535
s 111753 

n 10000 l 4999 r 536
s 97773 

n 10000 l 4999 r 537
s 100352 

n 10000 l 4999 r 538
r 2 i 505646 s 5000 f 1 wf
r 2 i 506067 s 5000 f 1 wf
r 2 i 505753 s 5000 f 1 wf
s 106286 

n 10000 l 4999 r 539
s 114250 

n 10000 l 4999 r 540
s 91434 

n 10000 l 4999 r 541
r 2 i 505903 s 5000 f 1 wf
r 2 i 505820 s 5000 f 1 wf
r 2 i 505441 s 5000 f 1 wf
r 2 i 509487 s 5000 f 1 wf
r 2 i 506342 s 5000 f 1 wf
r 2 i 506125 s 5000 f 1 wf
s 107834 

n 10000 l 4999 r 542
s 104225 

n 10000 l 4999 r 543
s 101801 

n 10000 l 4999 r 544
r 2 i 505674 s 5000 f 1 wf
r 2 i 506109 s 5000 f 2
r 2 i 506406 s 5000 f 1 wf
r 2 i 506057 s 5000 f 2
s 96634 

n 10000 l 4999 r 545
r 2 i 506102 s 5000 f 2
s 91190 

n 10000 l 4999 r 546
s 108858 

n 10000 l 4999 r 547
r 2 i 506085 s 5000 f 1 wf
r 2 i 505892 s 5000 f 1 wf
s 100209 

n 10000 l 4999 r 548
r 2 i 506152 s 5000 f 1 wf
r 2 i 506119 s 5000 f 1 wf
s 88451 

n 10000 l 4999 r 549
r 2 i 505577 s 5000 f 2
r 2 i 506445 s 5000 f 1 wf
s 90160 

n 10000 l 4999 r 550
r 2 i 505881 s 5000 f 1 wf
r 2 i 505851 s 5000 f 1 wf
r 2 i 506058 s 5000 f 1 wf
s 88000 

n 10000 l 4999 r 551
r 2 i 506058 s 5000 f 1 wf
s 85382 

n 10000 l 4999 r 552
s 98061 

n 10000 l 4999 r 553
r 2 i 505969 s 5000 f 1 wf
s 96493 

n 10000 l 4999 r 554
s 85041 

n 10000 l 4999 r 555
s 104956 

n 10000 l 4999 r 556
r 2 i 505958 s 5000 f 1 wf
r 2 i 506137 s 5000 f 2
r 2 i 506395 s 5000 f 1 wf
r 2 i 506019 s 5000 f 1 wf
s 84027 

n 10000 l 4999 r 557
r 2 i 505903 s 5000 f 1 wf
r 2 i 505714 s 5000 f 1 wf
s 94302 

n 10000 l 4999 r 558
r 2 i 505978 s 5000 f 1 wf
s 100588 

n 10000 l 4999 r 559
r 2 i 505777 s 5000 f 1 wf
r 2 i 506117 s 5000 f 1 wf
r 2 i 506501 s 5000 f 1 wf
r 2 i 506251 s 5000 f 1 wf
r 2 i 506230 s 5000 f 1 wf
r 2 i 506164 s 5000 f 1 wf
s 98339 

n 10000 l 4999 r 560
s 94112 

n 10000 l 4999 r 561
r 2 i 506023 s 5000 f 2
s 100466 

n 10000 l 4999 r 562
r 2 i 506062 s 5000 f 1 wf
s 93777 

n 10000 l 4999 r 563
r 2 i 505574 s 5000 f 1 wf
s 117846 

n 10000 l 4999 r 564
s 106637 

n 10000 l 4999 r 565
r 2 i 505858 s 5000 f 2
s 99074 

n 10000 l 4999 r 566
s 93760 

n 10000 l 4999 r 567
s 113568 

n 10000 l 4999 r 568
s 94771 

n 10000 l 4999 r 569
s 89699 

n 10000 l 4999 r 570
r 2 i 506154 s 5000 f 1 wf
s 96932 

n 10000 l 4999 r 571
r 2 i 506232 s 5000 f 1 wf
s 95563 

n 10000 l 4999 r 572
r 2 i 507234 s 5000 f 1 wf
r 2 i 506171 s 5000 f 1 wf
r 2 i 505704 s 5000 f 2
r 2 i 506022 s 5000 f 1 wf
r 2 i 505668 s 5000 f 1 wf
s 99667 

n 10000 l 4999 r 573
s 108877 

n 10000 l 4999 r 574
r 2 i 506403 s 5000 f 1 wf
s 105564 

n 10000 l 4999 r 575
s 107259 

n 10000 l 4999 r 576
s 110831 

n 10000 l 4999 r 577
r 2 i 505585 s 5000 f 1 wf
r 2 i 505865 s 5000 f 1 wf
r 2 i 505840 s 5000 f 1 wf
r 2 i 505739 s 5000 f 1 wf
r 2 i 505878 s 5000 f 1 wf
s 105775 

n 10000 l 4999 r 578
r 2 i 506125 s 5000 f 1 wf
s 120301 

n 10000 l 4999 r 579
r 2 i 507853 s 5000 f 1 wf
r 2 i 505563 s 5000 f 1 wf
r 2 i 506219 s 5000 f 1 wf
r 2 i 506503 s 5000 f 1 wf
s 101484 

n 10000 l 4999 r 580
r 2 i 506808 s 5000 f 1 wf
s 109085 

n 10000 l 4999 r 581
s 90679 

n 10000 l 4999 r 582
r 2 i 506409 s 5000 f 1 wf
s 102403 

n 10000 l 4999 r 583
s 92375 

n 10000 l 4999 r 584
r 2 i 505548 s 5000 f 1 wf
s 175062 

n 10000 l 4999 r 585
r 2 i 505868 s 5000 f 1 wf
s 87467 

n 10000 l 4999 r 586
s 110281 

n 10000 l 4999 r 587
r 2 i 505852 s 5000 f 1 wf
s 102154 

n 10000 l 4999 r 588
r 2 i 508301 s 5000 f 2
s 80961 

n 10000 l 4999 r 589
r 2 i 506537 s 5000 f 1 wf
s 98897 

n 10000 l 4999 r 590
s 88886 

n 10000 l 4999 r 591
s 83272 

n 10000 l 4999 r 592
s 108154 

n 10000 l 4999 r 593
s 104450 

n 10000 l 4999 r 594
s 105180 

n 10000 l 4999 r 595
r 2 i 506214 s 5000 f 1 wf
r 2 i 505782 s 5000 f 2
s 115800 

n 10000 l 4999 r 596
s 89052 

n 10000 l 4999 r 597
s 87387 

n 10000 l 4999 r 598
s 113982 

n 10000 l 4999 r 599
r 2 i 505607 s 5000 f 2
s 99699 

n 10000 l 4999 r 600
s 89998 

n 10000 l 4999 r 601
r 2 i 505515 s 5000 f 1 wf
r 2 i 505812 s 5000 f 1 wf
s 119108 

n 10000 l 4999 r 602
r 2 i 505854 s 5000 f 1 wf
s 81151 

n 10000 l 4999 r 603
r 2 i 505890 s 5000 f 2
r 2 i 506173 s 5000 f 1 wf
r 2 i 506370 s 5000 f 1 wf
s 85847 

n 10000 l 4999 r 604
s 102991 

n 10000 l 4999 r 605
r 2 i 505821 s 5000 f 1 wf
r 2 i 505755 s 5000 f 1 wf
r 2 i 508182 s 5000 f 1 wf
r 2 i 506076 s 5000 f 1 wf
r 2 i 505898 s 5000 f 1 wf
s 108233 

n 10000 l 4999 r 606
r 2 i 506291 s 5000 f 2
r 2 i 506595 s 5000 f 2
r 2 i 506720 s 5000 f 1 wf
r 2 i 505996 s 5000 f 1 wf
r 2 i 506356 s 5000 f 2
s 116151 

n 10000 l 4999 r 607
s 139991 

n 10000 l 4999 r 608
s 107102 

n 10000 l 4999 r 609
r 2 i 505837 s 5000 f 1 wf
s 92507 

n 10000 l 4999 r 610
s 120517 

n 10000 l 4999 r 611
r 2 i 505834 s 5000 f 1 wf
r 2 i 505596 s 5000 f 2
r 2 i 505803 s 5000 f 1 wf
r 2 i 508248 s 5000 f 2
r 2 i 506200 s 5000 f 1 wf
r 2 i 505736 s 5000 f 2
s 118643 

n 10000 l 4999 r 612
s 104234 

n 10000 l 4999 r 613
r 2 i 505235 s 5000 f 1 wf
s 102895 

n 10000 l 4999 r 614
s 91175 

n 10000 l 4999 r 615
s 138521 

n 10000 l 4999 r 616
r 2 i 506049 s 5000 f 1 wf
r 2 i 506104 s 5000 f 1 wf
r 2 i 505934 s 5000 f 1 wf
s 97234 

n 10000 l 4999 r 617
r 2 i 506372 s 5000 f 1 wf
r 2 i 506522 s 5000 f 1 wf
r 2 i 505712 s 5000 f 1 wf
r 2 i 505791 s 5000 f 1 wf
s 96179 

n 10000 l 4999 r 618
s 106662 

n 10000 l 4999 r 619
s 91509 

n 10000 l 4999 r 620
s 90222 

n 10000 l 4999 r 621
s 93700 

n 10000 l 4999 r 622
r 2 i 506045 s 5000 f 1 wf
r 2 i 506028 s 5000 f 1 wf
s 118714 

n 10000 l 4999 r 623
s 97524 

n 10000 l 4999 r 624
s 108648 

n 10000 l 4999 r 625
r 2 i 505853 s 5000 f 1 wf
r 2 i 505698 s 5000 f 1 wf
r 2 i 507457 s 5000 f 1 wf
r 2 i 506101 s 5000 f 1 wf
s 99951 

n 10000 l 4999 r 626
r 2 i 505604 s 5000 f 1 wf
r 2 i 505757 s 5000 f 1 wf
r 2 i 506698 s 5000 f 1 wf
r 2 i 505959 s 5000 f 1 wf
r 2 i 506078 s 5000 f 2
s 119381 

n 10000 l 4999 r 627
r 2 i 507314 s 5000 f 1 wf
r 2 i 505843 s 5000 f 2
s 88717 

n 10000 l 4999 r 628
r 2 i 505829 s 5000 f 1 wf
r 2 i 506122 s 5000 f 1 wf
r 2 i 505959 s 5000 f 1 wf
r 2 i 506218 s 5000 f 1 wf
r 2 i 506872 s 5000 f 1 wf
s 93809 

n 10000 l 4999 r 629
r 2 i 506594 s 5000 f 1 wf
s 99228 

n 10000 l 4999 r 630
r 2 i 505984 s 5000 f 1 wf
r 2 i 506053 s 5000 f 1 wf
s 84174 

n 10000 l 4999 r 631
s 121605 

n 10000 l 4999 r 632
r 2 i 506276 s 5000 f 2
r 2 i 506078 s 5000 f 1 wf
r 2 i 506168 s 5000 f 1 wf
s 91017 

n 10000 l 4999 r 633
r 2 i 505776 s 5000 f 1 wf
r 2 i 506223 s 5000 f 1 wf
s 102113 

n 10000 l 4999 r 634
s 88458 

n 10000 l 4999 r 635
r 2 i 505614 s 5000 f 2
r 2 i 506557 s 5000 f 1 wf
r 2 i 506126 s 5000 f 2
r 2 i 505983 s 5000 f 1 wf
s 91059 

n 10000 l 4999 r 636
s 92711 

n 10000 l 4999 r 637
s 105307 

n 10000 l 4999 r 638
s 91039 

n 10000 l 4999 r 639
r 2 i 505886 s 5000 f 1 wf
r 2 i 506208 s 5000 f 2
r 2 i 505568 s 5000 f 1 wf
s 112944 

n 10000 l 4999 r 640
s 112864 

n 10000 l 4999 r 641
s 101675 

n 10000 l 4999 r 642
r 2 i 506338 s 5000 f 2
s 93703 

n 10000 l 4999 r 643
r 2 i 506018 s 5000 f 1 wf
r 2 i 506705 s 5000 f 1 wf
r 2 i 505531 s 5000 f 1 wf
r 2 i 506039 s 5000 f 1 wf
r 2 i 506151 s 5000 f 2
r 2 i 505812 s 5000 f 1 wf
r 2 i 506186 s 5000 f 1 wf
r 2 i 506382 s 5000 f 1 wf
s 105013 

n 10000 l 4999 r 644
s 121779 

n 10000 l 4999 r 645
s 134575 

n 10000 l 4999 r 646
s 103444 

n 10000 l 4999 r 647
s 97595 

n 10000 l 4999 r 648
r 2 i 505919 s 5000 f 2
r 2 i 506025 s 5000 f 1 wf
s 92912 

n 10000 l 4999 r 649
s 83427 

n 10000 l 4999 r 650
r 2 i 507315 s 5000 f 2
r 2 i 506034 s 5000 f 1 wf
r 2 i 506340 s 5000 f 1 wf
r 2 i 505726 s 5000 f 1 wf
s 100220 

n 10000 l 4999 r 651
s 108567 

n 10000 l 4999 r 652
s 98311 

n 10000 l 4999 r 653
r 2 i 505903 s 5000 f 2
r 2 i 506486 s 5000 f 1 wf
r 2 i 505916 s 5000 f 1 wf
r 2 i 505737 s 5000 f 2
s 98809 

n 10000 l 4999 r 654
r 2 i 505669 s 5000 f 1 wf
s 100907 

n 10000 l 4999 r 655
s 96443 

n 10000 l 4999 r 656
r 2 i 505520 s 5000 f 2
s 90434 

n 10000 l 4999 r 657
s 85410 

n 10000 l 4999 r 658
s 85314 

n 10000 l 4999 r 659
r 2 i 506284 s 5000 f 1 wf
s 102942 

n 10000 l 4999 r 660
s 97929 

n 10000 l 4999 r 661
r 2 i 505887 s 5000 f 1 wf
r 2 i 507297 s 5000 f 1 wf
r 2 i 505988 s 5000 f 1 wf
r 2 i 505832 s 5000 f 2
r 2 i 505807 s 5000 f 1 wf
r 2 i 506284 s 5000 f 2
r 2 i 505688 s 5000 f 1 wf
r 2 i 505870 s 5000 f 1 wf
r 2 i 505923 s 5000 f 1 wf
r 2 i 506586 s 5000 f 2
r 2 i 506453 s 5000 f 1 wf
r 2 i 508487 s 5000 f 1 wf
s 100726 

n 10000 l 4999 r 662
s 115737 

n 10000 l 4999 r 663
s 95427 

n 10000 l 4999 r 664
s 106763 

n 10000 l 4999 r 665
s 121143 

n 10000 l 4999 r 666
s 105226 

n 10000 l 4999 r 667
s 100192 

n 10000 l 4999 r 668
r 2 i 505748 s 5000 f 2
r 2 i 505706 s 5000 f 2
r 2 i 505854 s 5000 f 2
r 2 i 506611 s 5000 f 1 wf
s 111932 

n 10000 l 4999 r 669
r 2 i 505877 s 5000 f 2
r 2 i 506492 s 5000 f 1 wf
s 124437 

n 10000 l 4999 r 670
r 2 i 506666 s 5000 f 1 wf
s 91981 

n 10000 l 4999 r 671
r 2 i 506019 s 5000 f 2
r 2 i 505886 s 5000 f 1 wf
r 2 i 505612 s 5000 f 1 wf
r 2 i 505543 s 5000 f 2
r 2 i 506026 s 5000 f 1 wf
r 2 i 506075 s 5000 f 1 wf
r 2 i 505778 s 5000 f 1 wf
r 2 i 506054 s 5000 f 1 wf
r 2 i 505574 s 5000 f 1 wf
r 2 i 505809 s 5000 f 1 wf
r 2 i 505647 s 5000 f 1 wf
r 2 i 507084 s 5000 f 1 wf
r 2 i 505833 s 5000 f 1 wf
r 2 i 506865 s 5000 f 1 wf
r 2 i 506000 s 5000 f 1 wf
r 2 i 505742 s 5000 f 1 wf
r 2 i 505676 s 5000 f 1 wf
r 2 i 505932 s 5000 f 1 wf
s 91621 

n 10000 l 4999 r 672
r 2 i 505862 s 5000 f 1 wf
s 98894 

n 10000 l 4999 r 673
r 2 i 506118 s 5000 f 1 wf
r 2 i 506215 s 5000 f 1 wf
r 2 i 506309 s 5000 f 1 wf
r 2 i 506102 s 5000 f 1 wf
s 97578 

n 10000 l 4999 r 674
s 89717 

n 10000 l 4999 r 675
r 2 i 506169 s 5000 f 1 wf
s 108566 

n 10000 l 4999 r 676
r 2 i 505788 s 5000 f 1 wf
r 2 i 512367 s 5000 f 1 wf
s 127863 

n 10000 l 4999 r 677
s 110483 

n 10000 l 4999 r 678
r 2 i 506933 s 5000 f 1 wf
s 97430 

n 10000 l 4999 r 679
r 2 i 505721 s 5000 f 1 wf
r 2 i 506170 s 5000 f 1 wf
s 84369 

n 10000 l 4999 r 680
r 2 i 523455 s 5000 f 1 wf
s 100700 

n 10000 l 4999 r 681
r 2 i 506336 s 5000 f 2
r 2 i 505669 s 5000 f 1 wf
s 91477 

n 10000 l 4999 r 682
s 103752 

n 10000 l 4999 r 683
s 121316 

n 10000 l 4999 r 684
s 93451 

n 10000 l 4999 r 685
s 102081 

n 10000 l 4999 r 686
s 90273 

n 10000 l 4999 r 687
s 89659 

n 10000 l 4999 r 688
r 2 i 506084 s 5000 f 1 wf
s 124570 

n 10000 l 4999 r 689
r 2 i 506192 s 5000 f 1 wf
s 102488 

n 10000 l 4999 r 690
s 105322 

n 10000 l 4999 r 691
r 2 i 505663 s 5000 f 1 wf
r 2 i 505772 s 5000 f 1 wf
r 2 i 506062 s 5000 f 2
s 84523 

n 10000 l 4999 r 692
r 2 i 505860 s 5000 f 1 wf
r 2 i 505553 s 5000 f 1 wf
r 2 i 506111 s 5000 f 1 wf
r 2 i 506104 s 5000 f 2
r 2 i 509525 s 5000 f 1 wf
r 2 i 506262 s 5000 f 1 wf
r 2 i 505797 s 5000 f 1 wf
r 2 i 507058 s 5000 f 1 wf
s 101604 

n 10000 l 4999 r 693
s 88027 

n 10000 l 4999 r 694
s 92642 

n 10000 l 4999 r 695
r 2 i 506686 s 5000 f 1 wf
r 2 i 505618 s 5000 f 1 wf
s 104658 

n 10000 l 4999 r 696
r 2 i 506324 s 5000 f 2
s 94422 

n 10000 l 4999 r 697
r 2 i 506278 s 5000 f 2
s 83659 

n 10000 l 4999 r 698
s 118921 

n 10000 l 4999 r 699
r 2 i 505755 s 5000 f 2
r 2 i 505573 s 5000 f 1 wf
s 100821 

n 10000 l 4999 r 700
r 2 i 505908 s 5000 f 2
s 95108 

n 10000 l 4999 r 701
r 2 i 506344 s 5000 f 2
r 2 i 505978 s 5000 f 1 wf
r 2 i 506014 s 5000 f 2
s 93490 

n 10000 l 4999 r 702
r 2 i 505856 s 5000 f 1 wf
s 114232 

n 10000 l 4999 r 703
r 2 i 506043 s 5000 f 1 wf
s 128931 

n 10000 l 4999 r 704
r 2 i 506142 s 5000 f 1 wf
r 2 i 505945 s 5000 f 1 wf
r 2 i 506130 s 5000 f 1 wf
r 2 i 505840 s 5000 f 1 wf
s 96073 

n 10000 l 4999 r 705
r 2 i 505822 s 5000 f 1 wf
s 119793 

n 10000 l 4999 r 706
r 2 i 506161 s 5000 f 1 wf
r 2 i 505839 s 5000 f 2
r 2 i 506135 s 5000 f 1 wf
r 2 i 507309 s 5000 f 1 wf
r 2 i 505862 s 5000 f 1 wf
s 102787 

n 10000 l 4999 r 707
r 2 i 505787 s 5000 f 2
r 2 i 509223 s 5000 f 1 wf
s 95918 

n 10000 l 4999 r 708
s 103361 

n 10000 l 4999 r 709
r 2 i 506186 s 5000 f 1 wf
s 93576 

n 10000 l 4999 r 710
s 105000 

n 10000 l 4999 r 711
s 91133 

n 10000 l 4999 r 712
r 2 i 505730 s 5000 f 1 wf
r 2 i 505940 s 5000 f 1 wf
r 2 i 506360 s 5000 f 1 wf
s 86490 

n 10000 l 4999 r 713
r 2 i 506187 s 5000 f 2
s 102275 

n 10000 l 4999 r 714
s 116663 

n 10000 l 4999 r 715
s 115113 

n 10000 l 4999 r 716
s 80646 

n 10000 l 4999 r 717
r 2 i 505599 s 5000 f 2
r 2 i 506215 s 5000 f 1 wf
r 2 i 505562 s 5000 f 1 wf
r 2 i 506078 s 5000 f 1 wf
r 2 i 505652 s 5000 f 1 wf
r 2 i 505963 s 5000 f 1 wf
r 2 i 505981 s 5000 f 1 wf
r 2 i 505990 s 5000 f 2
r 2 i 505860 s 5000 f 1 wf
r 2 i 506069 s 5000 f 1 wf
r 2 i 506230 s 5000 f 1 wf
s 117604 

n 10000 l 4999 r 718
s 86188 

n 10000 l 4999 r 719
r 2 i 506230 s 5000 f 1 wf
r 2 i 510382 s 5000 f 1 wf
r 2 i 505827 s 5000 f 1 wf
s 122002 

n 10000 l 4999 r 720
r 2 i 512661 s 5000 f 1 wf
r 2 i 506304 s 5000 f 1 wf
r 2 i 506180 s 5000 f 1 wf
s 93359 

n 10000 l 4999 r 721
r 2 i 505799 s 5000 f 2
r 2 i 506500 s 5000 f 1 wf
r 2 i 506086 s 5000 f 2
r 2 i 505761 s 5000 f 1 wf
s 92622 

n 10000 l 4999 r 722
s 95524 

n 10000 l 4999 r 723
r 2 i 505902 s 5000 f 1 wf
s 115628 

n 10000 l 4999 r 724
s 105206 

n 10000 l 4999 r 725
s 104854 

n 10000 l 4999 r 726
r 2 i 505893 s 5000 f 1 wf
s 87820 

n 10000 l 4999 r 727
r 2 i 506017 s 5000 f 1 wf
s 87368 

n 10000 l 4999 r 728
s 91710 

n 10000 l 4999 r 729
r 2 i 506111 s 5000 f 1 wf
r 2 i 506157 s 5000 f 1 wf
r 2 i 506285 s 5000 f 1 wf
s 97512 

n 10000 l 4999 r 730
r 2 i 506127 s 5000 f 1 wf
r 2 i 505856 s 5000 f 1 wf
s 97908 

n 10000 l 4999 r 731
r 2 i 506241 s 5000 f 1 wf
r 2 i 505847 s 5000 f 1 wf
s 81888 

n 10000 l 4999 r 732
r 2 i 505838 s 5000 f 2
s 92343 

n 10000 l 4999 r 733
r 2 i 505893 s 5000 f 1 wf
r 2 i 506019 s 5000 f 1 wf
r 2 i 505910 s 5000 f 1 wf
r 2 i 506741 s 5000 f 1 wf
r 2 i 505555 s 5000 f 2
r 2 i 505437 s 5000 f 1 wf
s 111714 

n 10000 l 4999 r 734
s 95920 

n 10000 l 4999 r 735
r 2 i 505644 s 5000 f 1 wf
r 2 i 505907 s 5000 f 1 wf
s 90143 

n 10000 l 4999 r 736
r 2 i 505463 s 5000 f 1 wf
s 95452 

n 10000 l 4999 r 737
r 2 i 505563 s 5000 f 1 wf
r 2 i 506033 s 5000 f 1 wf
r 2 i 506261 s 5000 f 1 wf
s 88709 

n 10000 l 4999 r 738
r 2 i 507311 s 5000 f 1 wf
s 112494 

n 10000 l 4999 r 739
s 101928 

n 10000 l 4999 r 740
r 2 i 506193 s 5000 f 2
s 99777 

n 10000 l 4999 r 741
r 2 i 505403 s 5000 f 2
r 2 i 506221 s 5000 f 1 wf
r 2 i 506010 s 5000 f 1 wf
s 101028 

n 10000 l 4999 r 742
r 2 i 506044 s 5000 f 1 wf
s 92641 

n 10000 l 4999 r 743
r 2 i 506468 s 5000 f 1 wf
r 2 i 506267 s 5000 f 1 wf
r 2 i 505903 s 5000 f 1 wf
s 89782 

n 10000 l 4999 r 744
s 97178 

n 10000 l 4999 r 745
s 87283 

n 10000 l 4999 r 746
s 85515 

n 10000 l 4999 r 747
r 2 i 505861 s 5000 f 2
r 2 i 506224 s 5000 f 1 wf
r 2 i 505763 s 5000 f 1 wf
s 87216 

n 10000 l 4999 r 748
s 92964 

n 10000 l 4999 r 749
r 2 i 506139 s 5000 f 1 wf
r 2 i 505492 s 5000 f 1 wf
s 97604 

n 10000 l 4999 r 750
r 2 i 506401 s 5000 f 2
s 95658 

n 10000 l 4999 r 751
r 2 i 506050 s 5000 f 1 wf
s 93330 

n 10000 l 4999 r 752
r 2 i 506220 s 5000 f 1 wf
s 90614 

n 10000 l 4999 r 753
r 2 i 505724 s 5000 f 1 wf
r 2 i 506062 s 5000 f 1 wf
s 113422 

n 10000 l 4999 r 754
s 130483 

n 10000 l 4999 r 755
r 2 i 506524 s 5000 f 1 wf
r 2 i 529838 s 5000 f 1 wf
r 2 i 505981 s 5000 f 1 wf
s 101269 

n 10000 l 4999 r 756
r 2 i 505611 s 5000 f 1 wf
r 2 i 506088 s 5000 f 2
r 2 i 506466 s 5000 f 1 wf
r 2 i 505872 s 5000 f 1 wf
r 2 i 506081 s 5000 f 2
r 2 i 506208 s 5000 f 1 wf
r 2 i 505939 s 5000 f 1 wf
r 2 i 506046 s 5000 f 1 wf
s 88854 

n 10000 l 4999 r 757
r 2 i 505852 s 5000 f 2
r 2 i 506269 s 5000 f 1 wf
r 2 i 506074 s 5000 f 1 wf
s 89065 

n 10000 l 4999 r 758
r 2 i 506062 s 5000 f 2
s 100458 

n 10000 l 4999 r 759
r 2 i 506383 s 5000 f 1 wf
s 99521 

n 10000 l 4999 r 760
s 104555 

n 10000 l 4999 r 761
r 2 i 506203 s 5000 f 1 wf
r 2 i 505743 s 5000 f 2
s 116738 

n 10000 l 4999 r 762
r 2 i 505610 s 5000 f 1 wf
s 117450 

n 10000 l 4999 r 763
r 2 i 505941 s 5000 f 1 wf
r 2 i 506092 s 5000 f 1 wf
r 2 i 506118 s 5000 f 1 wf
s 84078 

n 10000 l 4999 r 764
r 2 i 505875 s 5000 f 1 wf
s 104391 

n 10000 l 4999 r 765
r 2 i 505698 s 5000 f 1 wf
r 2 i 506028 s 5000 f 2
s 83673 

n 10000 l 4999 r 766
r 2 i 505644 s 5000 f 2
s 121781 

n 10000 l 4999 r 767
r 2 i 505984 s 5000 f 1 wf
s 93553 

n 10000 l 4999 r 768
s 97813 

n 10000 l 4999 r 769
r 2 i 505959 s 5000 f 2
r 2 i 506449 s 5000 f 1 wf
s 96367 

n 10000 l 4999 r 770
s 97798 

n 10000 l 4999 r 771
s 106376 

n 10000 l 4999 r 772
r 2 i 505709 s 5000 f 1 wf
s 82736 

n 10000 l 4999 r 773
s 153850 

n 10000 l 4999 r 774
s 106561 

n 10000 l 4999 r 775
s 100966 

n 10000 l 4999 r 776
s 116070 

n 10000 l 4999 r 777
r 2 i 505784 s 5000 f 1 wf
s 98028 

n 10000 l 4999 r 778
r 2 i 505867 s 5000 f 1 wf
r 2 i 506058 s 5000 f 1 wf
r 2 i 506320 s 5000 f 2
r 2 i 508435 s 5000 f 1 wf
r 2 i 506156 s 5000 f 1 wf
r 2 i 505853 s 5000 f 1 wf
r 2 i 506961 s 5000 f 2
r 2 i 505697 s 5000 f 1 wf
r 2 i 505568 s 5000 f 1 wf
r 2 i 506224 s 5000 f 1 wf
r 2 i 506218 s 5000 f 1 wf
r 2 i 506296 s 5000 f 1 wf
s 89976 

n 10000 l 4999 r 779
r 2 i 505935 s 5000 f 1 wf
r 2 i 508290 s 5000 f 1 wf
r 2 i 506085 s 5000 f 1 wf
r 2 i 505686 s 5000 f 1 wf
r 2 i 506321 s 5000 f 1 wf
r 2 i 505662 s 5000 f 1 wf
r 2 i 505809 s 5000 f 1 wf
r 2 i 505798 s 5000 f 1 wf
r 2 i 505816 s 5000 f 1 wf
r 2 i 506081 s 5000 f 2
s 95547 

n 10000 l 4999 r 780
r 2 i 506576 s 5000 f 1 wf
r 2 i 505963 s 5000 f 1 wf
s 102495 

n 10000 l 4999 r 781
s 104395 

n 10000 l 4999 r 782
r 2 i 505762 s 5000 f 1 wf
s 99856 

n 10000 l 4999 r 783
s 92576 

n 10000 l 4999 r 784
s 96154 

n 10000 l 4999 r 785
s 105855 

n 10000 l 4999 r 786
r 2 i 505730 s 5000 f 1 wf
r 2 i 505922 s 5000 f 1 wf
s 106229 

n 10000 l 4999 r 787
r 2 i 505325 s 5000 f 2
r 2 i 505981 s 5000 f 1 wf
s 107160 

n 10000 l 4999 r 788
s 84515 

n 10000 l 4999 r 789
s 106329 

n 10000 l 4999 r 790
r 2 i 506055 s 5000 f 1 wf
r 2 i 506091 s 5000 f 1 wf
r 2 i 505461 s 5000 f 1 wf
s 85400 

n 10000 l 4999 r 791
r 2 i 505755 s 5000 f 1 wf
r 2 i 505944 s 5000 f 1 wf
r 2 i 505573 s 5000 f 1 wf
r 2 i 505571 s 5000 f 1 wf
r 2 i 506567 s 5000 f 2
s 92757 

n 10000 l 4999 r 792
s 95816 

n 10000 l 4999 r 793
r 2 i 505814 s 5000 f 2
s 99146 

n 10000 l 4999 r 794
r 2 i 505909 s 5000 f 1 wf
s 103188 

n 10000 l 4999 r 795
s 93578 

n 10000 l 4999 r 796
r 2 i 506010 s 5000 f 1 wf
r 2 i 506264 s 5000 f 1 wf
s 115973 

n 10000 l 4999 r 797
r 2 i 505784 s 5000 f 1 wf
s 103999 

n 10000 l 4999 r 798
s 81360 

n 10000 l 4999 r 799
r 2 i 505893 s 5000 f 1 wf
s 89193 

n 10000 l 4999 r 800
r 2 i 506092 s 5000 f 1 wf
r 2 i 505387 s 5000 f 1 wf
s 101443 

n 10000 l 4999 r 801
s 105074 

n 10000 l 4999 r 802
s 164706 

n 10000 l 4999 r 803
r 2 i 505395 s 5000 f 1 wf
r 2 i 506001 s 5000 f 2
s 90813 

n 10000 l 4999 r 804
r 2 i 505851 s 5000 f 1 wf
s 107564 

n 10000 l 4999 r 805
r 2 i 506579 s 5000 f 1 wf
s 99973 

n 10000 l 4999 r 806
r 2 i 506148 s 5000 f 1 wf
s 107693 

n 10000 l 4999 r 807
r 2 i 505969 s 5000 f 1 wf
s 88979 

n 10000 l 4999 r 808
s 110275 

n 10000 l 4999 r 809
r 2 i 505628 s 5000 f 1 wf
s 94176 

n 10000 l 4999 r 810
r 2 i 507610 s 5000 f 1 wf
s 105308 

n 10000 l 4999 r 811
s 111401 

n 10000 l 4999 r 812
s 107530 

n 10000 l 4999 r 813
r 2 i 505888 s 5000 f 1 wf
r 2 i 506071 s 5000 f 1 wf
s 107457 

n 10000 l 4999 r 814
s 97522 

n 10000 l 4999 r 815
r 2 i 506079 s 5000 f 1 wf
r 2 i 506042 s 5000 f 1 wf
s 107288 

n 10000 l 4999 r 816
r 2 i 505549 s 5000 f 1 wf
s 97899 

n 10000 l 4999 r 817
r 2 i 505847 s 5000 f 1 wf
r 2 i 505879 s 5000 f 1 wf
r 2 i 506091 s 5000 f 1 wf
r 2 i 506068 s 5000 f 1 wf
s 105513 

n 10000 l 4999 r 818
s 94522 

n 10000 l 4999 r 819
s 109757 

n 10000 l 4999 r 820
r 2 i 507994 s 5000 f 2
r 2 i 505796 s 5000 f 2
r 2 i 506738 s 5000 f 1 wf
s 113842 

n 10000 l 4999 r 821
r 2 i 505529 s 5000 f 1 wf
r 2 i 506121 s 5000 f 1 wf
s 93239 

n 10000 l 4999 r 822
r 2 i 506144 s 5000 f 1 wf
r 2 i 505850 s 5000 f 1 wf
r 2 i 506731 s 5000 f 2
r 2 i 506394 s 5000 f 2
s 97628 

n 10000 l 4999 r 823
s 102378 

n 10000 l 4999 r 824
s 103607 

n 10000 l 4999 r 825
r 2 i 505791 s 5000 f 1 wf
r 2 i 506767 s 5000 f 1 wf
r 2 i 506851 s 5000 f 1 wf
r 2 i 506095 s 5000 f 1 wf
r 2 i 506399 s 5000 f 2
s 99215 

n 10000 l 4999 r 826
r 2 i 505908 s 5000 f 1 wf
r 2 i 505853 s 5000 f 1 wf
s 108325 

n 10000 l 4999 r 827
r 2 i 506158 s 5000 f 2
r 2 i 506648 s 5000 f 1 wf
r 2 i 509823 s 5000 f 1 wf
s 92705 

n 10000 l 4999 r 828
r 2 i 505760 s 5000 f 1 wf
s 96549 

n 10000 l 4999 r 829
s 100007 

n 10000 l 4999 r 830
s 83125 

n 10000 l 4999 r 831
r 2 i 506278 s 5000 f 1 wf
r 2 i 506520 s 5000 f 1 wf
r 2 i 505929 s 5000 f 1 wf
r 2 i 505708 s 5000 f 1 wf
r 2 i 511771 s 5000 f 1 wf
r 2 i 506235 s 5000 f 1 wf
s 93496 

n 10000 l 4999 r 832
s 101740 

n 10000 l 4999 r 833
r 2 i 512653 s 5000 f 1 wf
r 2 i 505665 s 5000 f 2
r 2 i 506133 s 5000 f 1 wf
r 2 i 505978 s 5000 f 1 wf
r 2 i 506115 s 5000 f 1 wf
s 106510 

n 10000 l 4999 r 834
r 2 i 505900 s 5000 f 1 wf
s 91513 

n 10000 l 4999 r 835
r 2 i 506100 s 5000 f 1 wf
s 100097 

n 10000 l 4999 r 836
s 93416 

n 10000 l 4999 r 837
s 108554 

n 10000 l 4999 r 838
r 2 i 505857 s 5000 f 1 wf
r 2 i 506356 s 5000 f 2
s 107374 

n 10000 l 4999 r 839
s 95400 

n 10000 l 4999 r 840
s 91838 

n 10000 l 4999 r 841
s 96961 

n 10000 l 4999 r 842
s 101275 

n 10000 l 4999 r 843
r 2 i 505444 s 5000 f 1 wf
r 2 i 505657 s 5000 f 1 wf
r 2 i 505782 s 5000 f 1 wf
r 2 i 507726 s 5000 f 1 wf
r 2 i 506330 s 5000 f 2
r 2 i 505886 s 5000 f 1 wf
s 106408 

n 10000 l 4999 r 844
s 103583 

n 10000 l 4999 r 845
r 2 i 506514 s 5000 f 1 wf
s 90728 

n 10000 l 4999 r 846
s 83146 

n 10000 l 4999 r 847
r 2 i 505523 s 5000 f 1 wf
s 96691 

n 10000 l 4999 r 848
s 134674 

n 10000 l 4999 r 849
r 2 i 505684 s 5000 f 1 wf
r 2 i 505608 s 5000 f 1 wf
r 2 i 505855 s 5000 f 1 wf
r 2 i 506098 s 5000 f 2
s 110632 

n 10000 l 4999 r 850
r 2 i 506466 s 5000 f 1 wf
r 2 i 506051 s 5000 f 1 wf
r 2 i 505703 s 5000 f 2
r 2 i 506291 s 5000 f 2
r 2 i 506252 s 5000 f 1 wf
s 122857 

n 10000 l 4999 r 851
s 89291 

n 10000 l 4999 r 852
r 2 i 506283 s 5000 f 2
r 2 i 505354 s 5000 f 1 wf
r 2 i 505974 s 5000 f 1 wf
r 2 i 505814 s 5000 f 1 wf
r 2 i 506077 s 5000 f 1 wf
r 2 i 506146 s 5000 f 1 wf
r 2 i 506222 s 5000 f 1 wf
s 84143 

n 10000 l 4999 r 853
r 2 i 505738 s 5000 f 1 wf
r 2 i 505930 s 5000 f 1 wf
s 108856 

n 10000 l 4999 r 854
s 110709 

n 10000 l 4999 r 855
s 90651 

n 10000 l 4999 r 856
r 2 i 505507 s 5000 f 2
r 2 i 505634 s 5000 f 1 wf
r 2 i 505726 s 5000 f 1 wf
s 97370 

n 10000 l 4999 r 857
r 2 i 505866 s 5000 f 2
s 105143 

n 10000 l 4999 r 858
r 2 i 505351 s 5000 f 2
r 2 i 505850 s 5000 f 1 wf
r 2 i 505669 s 5000 f 1 wf
r 2 i 506255 s 5000 f 1 wf
r 2 i 505527 s 5000 f 1 wf
s 105917 

n 10000 l 4999 r 859
r 2 i 505751 s 5000 f 1 wf
s 89094 

n 10000 l 4999 r 860
r 2 i 506049 s 5000 f 2
s 97598 

n 10000 l 4999 r 861
s 117050 

n 10000 l 4999 r 862
s 101108 

n 10000 l 4999 r 863
s 108860 

n 10000 l 4999 r 864
r 2 i 505792 s 5000 f 1 wf
r 2 i 506036 s 5000 f 2
r 2 i 505962 s 5000 f 1 wf
r 2 i 505986 s 5000 f 1 wf
s 110338 

n 10000 l 4999 r 865
s 118540 

n 10000 l 4999 r 866
s 85459 

n 10000 l 4999 r 867
r 2 i 506194 s 5000 f 2
s 90780 

n 10000 l 4999 r 868
r 2 i 506311 s 5000 f 2
r 2 i 505867 s 5000 f 1 wf
r 2 i 505636 s 5000 f 1 wf
s 155087 

n 10000 l 4999 r 869
r 2 i 506196 s 5000 f 1 wf
r 2 i 505707 s 5000 f 1 wf
r 2 i 506430 s 5000 f 1 wf
r 2 i 506095 s 5000 f 1 wf
s 87708 

n 10000 l 4999 r 870
s 141320 

n 10000 l 4999 r 871
r 2 i 506212 s 5000 f 2
s 78563 

n 10000 l 4999 r 872
r 2 i 505818 s 5000 f 2
r 2 i 506113 s 5000 f 2
r 2 i 505945 s 5000 f 1 wf
r 2 i 506064 s 5000 f 1 wf
r 2 i 506007 s 5000 f 2
r 2 i 505990 s 5000 f 1 wf
r 2 i 506496 s 5000 f 1 wf
r 2 i 506176 s 5000 f 1 wf
r 2 i 506477 s 5000 f 2
s 101071 

n 10000 l 4999 r 873
s 98944 

n 10000 l 4999 r 874
r 2 i 506103 s 5000 f 1 wf
r 2 i 506319 s 5000 f 1 wf
r 2 i 506068 s 5000 f 1 wf
s 88304 

n 10000 l 4999 r 875
r 2 i 505971 s 5000 f 1 wf
r 2 i 505835 s 5000 f 1 wf
r 2 i 505893 s 5000 f 1 wf
s 106074 

n 10000 l 4999 r 876
s 108413 

n 10000 l 4999 r 877
s 113905 

n 10000 l 4999 r 878
s 89416 

n 10000 l 4999 r 879
s 99241 

n 10000 l 4999 r 880
r 2 i 506046 s 5000 f 1 wf
s 113726 

n 10000 l 4999 r 881
r 2 i 506721 s 5000 f 1 wf
r 2 i 506158 s 5000 f 2
s 88243 

n 10000 l 4999 r 882
r 2 i 505866 s 5000 f 2
s 99392 

n 10000 l 4999 r 883
r 2 i 508766 s 5000 f 1 wf
s 91711 

n 10000 l 4999 r 884
r 2 i 505636 s 5000 f 1 wf
r 2 i 505601 s 5000 f 1 wf
s 95421 

n 10000 l 4999 r 885
r 2 i 506323 s 5000 f 2
r 2 i 505870 s 5000 f 1 wf
r 2 i 505942 s 5000 f 1 wf
r 2 i 506218 s 5000 f 1 wf
r 2 i 506504 s 5000 f 2
s 96914 

n 10000 l 4999 r 886
s 92361 

n 10000 l 4999 r 887
s 112394 

n 10000 l 4999 r 888
r 2 i 505915 s 5000 f 1 wf
r 2 i 505777 s 5000 f 2
s 92370 

n 10000 l 4999 r 889
r 2 i 505988 s 5000 f 2
s 111648 

n 10000 l 4999 r 890
r 2 i 505303 s 5000 f 2
r 2 i 506270 s 5000 f 1 wf
s 131381 

n 10000 l 4999 r 891
r 2 i 506140 s 5000 f 1 wf
r 2 i 506034 s 5000 f 1 wf
r 2 i 505846 s 5000 f 1 wf
r 2 i 507038 s 5000 f 1 wf
s 99980 

n 10000 l 4999 r 892
r 2 i 509374 s 5000 f 1 wf
r 2 i 506177 s 5000 f 1 wf
s 107458 

n 10000 l 4999 r 893
r 2 i 506300 s 5000 f 1 wf
s 119562 

n 10000 l 4999 r 894
s 115107 

n 10000 l 4999 r 895
r 2 i 506569 s 5000 f 1 wf
s 99467 

n 10000 l 4999 r 896
r 2 i 506037 s 5000 f 1 wf
r 2 i 505867 s 5000 f 1 wf
r 2 i 506222 s 5000 f 1 wf
s 104126 

n 10000 l 4999 r 897
s 95394 

n 10000 l 4999 r 898
r 2 i 505849 s 5000 f 1 wf
r 2 i 506135 s 5000 f 1 wf
s 102532 

n 10000 l 4999 r 899
r 2 i 506330 s 5000 f 1 wf
r 2 i 506207 s 5000 f 2
r 2 i 511446 s 5000 f 1 wf
r 2 i 505699 s 5000 f 1 wf
s 118067 

n 10000 l 4999 r 900
r 2 i 505266 s 5000 f 1 wf
r 2 i 506795 s 5000 f 1 wf
r 2 i 505921 s 5000 f 1 wf
s 109034 

n 10000 l 4999 r 901
r 2 i 506038 s 5000 f 1 wf
r 2 i 506108 s 5000 f 1 wf
s 111679 

n 10000 l 4999 r 902
s 91884 

n 10000 l 4999 r 903
r 2 i 506670 s 5000 f 1 wf
r 2 i 506034 s 5000 f 1 wf
s 95402 

n 10000 l 4999 r 904
r 2 i 506004 s 5000 f 1 wf
r 2 i 505736 s 5000 f 1 wf
s 105942 

n 10000 l 4999 r 905
s 80269 

n 10000 l 4999 r 906
s 100725 

n 10000 l 4999 r 907
r 2 i 506003 s 5000 f 1 wf
r 2 i 505728 s 5000 f 1 wf
r 2 i 505668 s 5000 f 1 wf
r 2 i 506166 s 5000 f 1 wf
r 2 i 506083 s 5000 f 1 wf
s 111878 

n 10000 l 4999 r 908
r 2 i 505961 s 5000 f 1 wf
s 101144 

n 10000 l 4999 r 909
r 2 i 506067 s 5000 f 1 wf
s 93420 

n 10000 l 4999 r 910
s 105639 

n 10000 l 4999 r 911
r 2 i 505932 s 5000 f 1 wf
r 2 i 506304 s 5000 f 1 wf
r 2 i 506143 s 5000 f 2
r 2 i 506014 s 5000 f 1 wf
s 104630 

n 10000 l 4999 r 912
s 118580 

n 10000 l 4999 r 913
s 102006 

n 10000 l 4999 r 914
r 2 i 506068 s 5000 f 1 wf
r 2 i 506084 s 5000 f 1 wf
r 2 i 505634 s 5000 f 1 wf
r 2 i 506363 s 5000 f 1 wf
r 2 i 505778 s 5000 f 2
s 90173 

n 10000 l 4999 r 915
s 122799 

n 10000 l 4999 r 916
r 2 i 506003 s 5000 f 1 wf
r 2 i 506806 s 5000 f 1 wf
r 2 i 505704 s 5000 f 1 wf
s 86266 

n 10000 l 4999 r 917
s 97619 

n 10000 l 4999 r 918
r 2 i 505644 s 5000 f 1 wf
r 2 i 505775 s 5000 f 1 wf
s 98336 

n 10000 l 4999 r 919
r 2 i 505990 s 5000 f 1 wf
r 2 i 505977 s 5000 f 1 wf
r 2 i 505867 s 5000 f 1 wf
r 2 i 505994 s 5000 f 1 wf
s 87799 

n 10000 l 4999 r 920
r 2 i 506181 s 5000 f 1 wf
r 2 i 505866 s 5000 f 1 wf
r 2 i 506187 s 5000 f 1 wf
r 2 i 506406 s 5000 f 2
r 2 i 506167 s 5000 f 1 wf
s 113426 

n 10000 l 4999 r 921
r 2 i 505912 s 5000 f 1 wf
r 2 i 506140 s 5000 f 1 wf
r 2 i 505750 s 5000 f 1 wf
r 2 i 506511 s 5000 f 1 wf
r 2 i 506993 s 5000 f 1 wf
r 2 i 506260 s 5000 f 1 wf
s 110122 

n 10000 l 4999 r 922
r 2 i 505706 s 5000 f 1 wf
r 2 i 512287 s 5000 f 1 wf
r 2 i 506161 s 5000 f 1 wf
s 125615 

n 10000 l 4999 r 923
s 79876 

n 10000 l 4999 r 924
r 2 i 505797 s 5000 f 2
r 2 i 506037 s 5000 f 1 wf
s 103806 

n 10000 l 4999 r 925
r 2 i 505616 s 5000 f 1 wf
r 2 i 505967 s 5000 f 1 wf
s 108313 

n 10000 l 4999 r 926
r 2 i 505827 s 5000 f 2
r 2 i 506306 s 5000 f 1 wf
r 2 i 505655 s 5000 f 1 wf
r 2 i 506199 s 5000 f 1 wf
r 2 i 505586 s 5000 f 1 wf
r 2 i 507146 s 5000 f 1 wf
s 100499 

n 10000 l 4999 r 927
r 2 i 505998 s 5000 f 1 wf
s 87728 

n 10000 l 4999 r 928
r 2 i 506022 s 5000 f 1 wf
r 2 i 505825 s 5000 f 2
s 123285 

n 10000 l 4999 r 929
r 2 i 505669 s 5000 f 1 wf
s 116686 

n 10000 l 4999 r 930
s 95153 

n 10000 l 4999 r 931
s 100951 

n 10000 l 4999 r 932
r 2 i 505930 s 5000 f 1 wf
s 90854 

n 10000 l 4999 r 933
r 2 i 506325 s 5000 f 1 wf
r 2 i 506077 s 5000 f 1 wf
s 107499 

n 10000 l 4999 r 934
r 2 i 505913 s 5000 f 1 wf
r 2 i 506274 s 5000 f 2
r 2 i 505680 s 5000 f 2
r 2 i 506103 s 5000 f 1 wf
r 2 i 505960 s 5000 f 1 wf
r 2 i 505794 s 5000 f 1 wf
r 2 i 505861 s 5000 f 1 wf
s 103255 

n 10000 l 4999 r 935
s 85475 

n 10000 l 4999 r 936
s 122711 

n 10000 l 4999 r 937
s 105618 

n 10000 l 4999 r 938
r 2 i 505978 s 5000 f 1 wf
r 2 i 506014 s 5000 f 1 wf
s 111391 

n 10000 l 4999 r 939
s 80177 

n 10000 l 4999 r 940
s 98721 

n 10000 l 4999 r 941
r 2 i 506138 s 5000 f 2
r 2 i 506046 s 5000 f 1 wf
r 2 i 505785 s 5000 f 1 wf
r 2 i 505720 s 5000 f 2
r 2 i 506127 s 5000 f 2
r 2 i 506805 s 5000 f 1 wf
s 95419 

n 10000 l 4999 r 942
s 90411 

n 10000 l 4999 r 943
s 93893 

n 10000 l 4999 r 944
r 2 i 506034 s 5000 f 1 wf
r 2 i 506076 s 5000 f 1 wf
s 98869 

n 10000 l 4999 r 945
r 2 i 514155 s 5000 f 2
r 2 i 506695 s 5000 f 1 wf
r 2 i 506270 s 5000 f 1 wf
s 91906 

n 10000 l 4999 r 946
r 2 i 506040 s 5000 f 2
r 2 i 505926 s 5000 f 1 wf
r 2 i 506471 s 5000 f 1 wf
s 102713 

n 10000 l 4999 r 947
r 2 i 506077 s 5000 f 1 wf
r 2 i 506884 s 5000 f 1 wf
s 102092 

n 10000 l 4999 r 948
s 93243 

n 10000 l 4999 r 949
r 2 i 506228 s 5000 f 1 wf
r 2 i 505760 s 5000 f 1 wf
s 90425 

n 10000 l 4999 r 950
s 117659 

n 10000 l 4999 r 951
r 2 i 506190 s 5000 f 1 wf
r 2 i 505987 s 5000 f 1 wf
r 2 i 505941 s 5000 f 1 wf
r 2 i 506382 s 5000 f 1 wf
r 2 i 515107 s 5000 f 1 wf
s 107423 

n 10000 l 4999 r 952
s 85113 

n 10000 l 4999 r 953
s 96199 

n 10000 l 4999 r 954
r 2 i 505854 s 5000 f 1 wf
s 109572 

n 10000 l 4999 r 955
s 91570 

n 10000 l 4999 r 956
r 2 i 506428 s 5000 f 1 wf
s 116627 

n 10000 l 4999 r 957
r 2 i 506238 s 5000 f 1 wf
s 81795 

n 10000 l 4999 r 958
r 2 i 506830 s 5000 f 1 wf
s 117526 

n 10000 l 4999 r 959
s 93410 

n 10000 l 4999 r 960
s 110963 

n 10000 l 4999 r 961
r 2 i 505293 s 5000 f 1 wf
s 89610 

n 10000 l 4999 r 962
r 2 i 506235 s 5000 f 2
s 112830 

n 10000 l 4999 r 963
r 2 i 506285 s 5000 f 2
r 2 i 505820 s 5000 f 1 wf
r 2 i 505748 s 5000 f 1 wf
r 2 i 506735 s 5000 f 1 wf
r 2 i 505841 s 5000 f 1 wf
r 2 i 505524 s 5000 f 1 wf
r 2 i 506049 s 5000 f 1 wf
r 2 i 506242 s 5000 f 1 wf
r 2 i 506060 s 5000 f 1 wf
r 2 i 506270 s 5000 f 1 wf
r 2 i 506170 s 5000 f 1 wf
r 2 i 506231 s 5000 f 1 wf
r 2 i 505637 s 5000 f 1 wf
r 2 i 506036 s 5000 f 1 wf
r 2 i 506031 s 5000 f 1 wf
r 2 i 505973 s 5000 f 2
r 2 i 505871 s 5000 f 2
s 86144 

n 10000 l 4999 r 964
s 99435 

n 10000 l 4999 r 965
r 2 i 506208 s 5000 f 1 wf
s 118906 

n 10000 l 4999 r 966
s 102661 

n 10000 l 4999 r 967
r 2 i 505981 s 5000 f 1 wf
r 2 i 505767 s 5000 f 1 wf
r 2 i 505875 s 5000 f 1 wf
s 115017 

n 10000 l 4999 r 968
s 104824 

n 10000 l 4999 r 969
r 2 i 506084 s 5000 f 1 wf
s 124161 

n 10000 l 4999 r 970
r 2 i 506265 s 5000 f 1 wf
r 2 i 506759 s 5000 f 1 wf
r 2 i 506202 s 5000 f 1 wf
s 93817 

n 10000 l 4999 r 971
r 2 i 505761 s 5000 f 1 wf
s 91294 

n 10000 l 4999 r 972
s 87782 

n 10000 l 4999 r 973
r 2 i 505859 s 5000 f 1 wf
r 2 i 505709 s 5000 f 1 wf
s 92186 

n 10000 l 4999 r 974
r 2 i 505508 s 5000 f 1 wf
r 2 i 506546 s 5000 f 2
r 2 i 506300 s 5000 f 1 wf
r 2 i 506089 s 5000 f 1 wf
r 2 i 505833 s 5000 f 1 wf
s 93503 

n 10000 l 4999 r 975
s 95248 

n 10000 l 4999 r 976
r 2 i 505657 s 5000 f 1 wf
r 2 i 506868 s 5000 f 1 wf
r 2 i 506173 s 5000 f 1 wf
s 92258 

n 10000 l 4999 r 977
s 102335 

n 10000 l 4999 r 978
r 2 i 506056 s 5000 f 1 wf
s 104683 

n 10000 l 4999 r 979
r 2 i 506129 s 5000 f 1 wf
r 2 i 505765 s 5000 f 2
r 2 i 505891 s 5000 f 1 wf
s 104244 

n 10000 l 4999 r 980
r 2 i 506043 s 5000 f 1 wf
r 2 i 505532 s 5000 f 1 wf
r 2 i 506353 s 5000 f 2
r 2 i 506598 s 5000 f 1 wf
s 95856 

n 10000 l 4999 r 981
r 2 i 506041 s 5000 f 1 wf
r 2 i 506337 s 5000 f 1 wf
r 2 i 506193 s 5000 f 2
r 2 i 505565 s 5000 f 1 wf
r 2 i 506265 s 5000 f 1 wf
s 107780 

n 10000 l 4999 r 982
r 2 i 506164 s 5000 f 1 wf
s 87962 

n 10000 l 4999 r 983
r 2 i 506189 s 5000 f 1 wf
s 105078 

n 10000 l 4999 r 984
r 2 i 505888 s 5000 f 2
r 2 i 505977 s 5000 f 2
s 115259 

n 10000 l 4999 r 985
s 96592 

n 10000 l 4999 r 986
r 2 i 506339 s 5000 f 2
r 2 i 505799 s 5000 f 1 wf
r 2 i 505976 s 5000 f 1 wf
s 114483 

n 10000 l 4999 r 987
s 118790 

n 10000 l 4999 r 988
s 124461 

n 10000 l 4999 r 989
r 2 i 506966 s 5000 f 1 wf
s 101860 

n 10000 l 4999 r 990
r 2 i 505789 s 5000 f 1 wf
s 85843 

n 10000 l 4999 r 991
r 2 i 505933 s 5000 f 1 wf
r 2 i 505780 s 5000 f 2
r 2 i 505744 s 5000 f 1 wf
r 2 i 506791 s 5000 f 1 wf
s 96528 

n 10000 l 4999 r 992
s 101148 

n 10000 l 4999 r 993
r 2 i 506058 s 5000 f 1 wf
r 2 i 505581 s 5000 f 1 wf
r 2 i 506398 s 5000 f 1 wf
r 2 i 505855 s 5000 f 1 wf
s 103557 

n 10000 l 4999 r 994
r 2 i 505702 s 5000 f 2
r 2 i 505611 s 5000 f 1 wf
r 2 i 506375 s 5000 f 1 wf
s 86898 

n 10000 l 4999 r 995
r 2 i 506446 s 5000 f 1 wf
r 2 i 506305 s 5000 f 1 wf
s 121189 

n 10000 l 4999 r 996
r 2 i 506030 s 5000 f 1 wf
s 99251 

n 10000 l 4999 r 997
r 2 i 505725 s 5000 f 1 wf
s 102367 

n 10000 l 4999 r 998
r 2 i 506061 s 5000 f 2
s 105487 

n 10000 l 4999 r 999
r 2 i 505956 s 5000 f 1 wf
r 2 i 506483 s 5000 f 1 wf
s 88554 

n 10000 l 4999 r 1000
r 2 i 506064 s 5000 f 1 wf
r 2 i 505883 s 5000 f 1 wf
r 2 i 505681 s 5000 f 1 wf
r 2 i 506050 s 5000 f 1 wf
s 128253 

