n 10000 l 4999 r 1
r 2 i 505565 s 5000 f 1 wf
r 2 i 505790 s 5000 f 2
r 2 i 506045 s 5000 f 2
r 2 i 505965 s 5000 f 1 wf
r 2 i 505904 s 5000 f 1 wf
r 2 i 505799 s 5000 f 1 wf
r 2 i 505837 s 5000 f 1 wf
r 2 i 506280 s 5000 f 1 wf
r 2 i 506411 s 5000 f 1 wf
r 2 i 506349 s 5000 f 1 wf
r 2 i 506333 s 5000 f 1 wf
r 2 i 506134 s 5000 f 1 wf
r 2 i 505935 s 5000 f 2
s 101238 

n 10000 l 4999 r 2
s 87800 

n 10000 l 4999 r 3
s 90876 

n 10000 l 4999 r 4
r 2 i 506242 s 5000 f 1 wf
r 2 i 506115 s 5000 f 1 wf
r 2 i 505364 s 5000 f 1 wf
r 2 i 506081 s 5000 f 2
s 94236 

n 10000 l 4999 r 5
s 97769 

n 10000 l 4999 r 6
r 2 i 505802 s 5000 f 2
s 90308 

n 10000 l 4999 r 7
r 2 i 505739 s 5000 f 1 wf
s 87381 

n 10000 l 4999 r 8
r 2 i 506467 s 5000 f 1 wf
s 130863 

n 10000 l 4999 r 9
r 2 i 505534 s 5000 f 1 wf
s 100504 

n 10000 l 4999 r 10
s 88185 

n 10000 l 4999 r 11
s 87934 

n 10000 l 4999 r 12
r 2 i 505644 s 5000 f 1 wf
r 2 i 505662 s 5000 f 1 wf
s 108927 

n 10000 l 4999 r 13
s 97196 

n 10000 l 4999 r 14
s 96199 

n 10000 l 4999 r 15
r 2 i 506200 s 5000 f 2
r 2 i 506054 s 5000 f 1 wf
s 100840 

n 10000 l 4999 r 16
r 2 i 505848 s 5000 f 1 wf
r 2 i 505882 s 5000 f 1 wf
r 2 i 506275 s 5000 f 1 wf
s 85498 

n 10000 l 4999 r 17
r 2 i 506185 s 5000 f 1 wf
s 90600 

n 10000 l 4999 r 18
r 2 i 505535 s 5000 f 2
r 2 i 506335 s 5000 f 1 wf
s 104793 

n 10000 l 4999 r 19
r 2 i 505922 s 5000 f 2
r 2 i 505843 s 5000 f 1 wf
s 114339 

n 10000 l 4999 r 20
s 93466 

n 10000 l 4999 r 21
r 2 i 506321 s 5000 f 1 wf
r 2 i 505889 s 5000 f 1 wf
s 106719 

n 10000 l 4999 r 22
r 2 i 506394 s 5000 f 1 wf
s 90788 

n 10000 l 4999 r 23
s 86501 

n 10000 l 4999 r 24
r 2 i 505921 s 5000 f 2
r 2 i 506272 s 5000 f 1 wf
s 99172 

n 10000 l 4999 r 25
s 119092 

n 10000 l 4999 r 26
r 2 i 506068 s 5000 f 1 wf
r 2 i 506656 s 5000 f 1 wf
s 118728 

n 10000 l 4999 r 27
s 89972 

n 10000 l 4999 r 28
r 2 i 505657 s 5000 f 1 wf
r 2 i 506228 s 5000 f 1 wf
r 2 i 505955 s 5000 f 2
s 92832 

n 10000 l 4999 r 29
r 2 i 506113 s 5000 f 2
r 2 i 506152 s 5000 f 1 wf
r 2 i 508411 s 5000 f 1 wf
s 99515 

n 10000 l 4999 r 30
s 89865 

n 10000 l 4999 r 31
r 2 i 505773 s 5000 f 1 wf
s 110234 

n 10000 l 4999 r 32
r 2 i 505977 s 5000 f 1 wf
r 2 i 505890 s 5000 f 1 wf
s 92891 

n 10000 l 4999 r 33
r 2 i 506062 s 5000 f 1 wf
s 98529 

n 10000 l 4999 r 34
r 2 i 506353 s 5000 f 1 wf
s 104986 

n 10000 l 4999 r 35
r 2 i 505773 s 5000 f 1 wf
s 96158 

n 10000 l 4999 r 36
r 2 i 505985 s 5000 f 2
r 2 i 505859 s 5000 f 2
r 2 i 506251 s 5000 f 1 wf
r 2 i 506757 s 5000 f 1 wf
r 2 i 505455 s 5000 f 1 wf
r 2 i 505948 s 5000 f 1 wf
s 112333 

n 10000 l 4999 r 37
r 2 i 505799 s 5000 f 1 wf
s 90367 

n 10000 l 4999 r 38
r 2 i 512407 s 5000 f 1 wf
r 2 i 505622 s 5000 f 1 wf
r 2 i 505954 s 5000 f 2
r 2 i 506356 s 5000 f 1 wf
r 2 i 506307 s 5000 f 2
s 115687 

n 10000 l 4999 r 39
s 86903 

n 10000 l 4999 r 40
s 98635 

n 10000 l 4999 r 41
r 2 i 506356 s 5000 f 1 wf
r 2 i 505332 s 5000 f 1 wf
s 101330 

n 10000 l 4999 r 42
s 119001 

n 10000 l 4999 r 43
s 95292 

n 10000 l 4999 r 44
r 2 i 506045 s 5000 f 1 wf
r 2 i 505364 s 5000 f 1 wf
r 2 i 505962 s 5000 f 1 wf
r 2 i 505906 s 5000 f 1 wf
r 2 i 505926 s 5000 f 1 wf
r 2 i 506639 s 5000 f 1 wf
r 2 i 505816 s 5000 f 1 wf
r 2 i 505647 s 5000 f 2
r 2 i 506027 s 5000 f 1 wf
s 92036 

n 10000 l 4999 r 45
s 110692 

n 10000 l 4999 r 46
r 2 i 505549 s 5000 f 1 wf
s 120976 

n 10000 l 4999 r 47
r 2 i 506081 s 5000 f 1 wf
s 99763 

n 10000 l 4999 r 48
r 2 i 506472 s 5000 f 1 wf
r 2 i 506150 s 5000 f 1 wf
r 2 i 506053 s 5000 f 2
s 88260 

n 10000 l 4999 r 49
r 2 i 505890 s 5000 f 1 wf
r 2 i 507128 s 5000 f 2
s 86669 

n 10000 l 4999 r 50
r 2 i 505972 s 5000 f 1 wf
r 2 i 505989 s 5000 f 1 wf
r 2 i 506054 s 5000 f 1 wf
r 2 i 506055 s 5000 f 1 wf
r 2 i 506098 s 5000 f 1 wf
s 96529 

n 10000 l 4999 r 51
r 2 i 505861 s 5000 f 1 wf
r 2 i 506550 s 5000 f 1 wf
r 2 i 506250 s 5000 f 1 wf
s 99880 

n 10000 l 4999 r 52
r 2 i 506329 s 5000 f 1 wf
r 2 i 505848 s 5000 f 1 wf
s 100945 

n 10000 l 4999 r 53
r 2 i 506024 s 5000 f 2
s 94625 

n 10000 l 4999 r 54
r 2 i 506122 s 5000 f 2
r 2 i 505836 s 5000 f 1 wf
r 2 i 511863 s 5000 f 1 wf
r 2 i 506432 s 5000 f 1 wf
r 2 i 506082 s 5000 f 1 wf
r 2 i 505869 s 5000 f 1 wf
r 2 i 506416 s 5000 f 1 wf
r 2 i 505950 s 5000 f 1 wf
s 107001 

n 10000 l 4999 r 55
s 86083 

n 10000 l 4999 r 56
s 127018 

n 10000 l 4999 r 57
s 89567 

n 10000 l 4999 r 58
r 2 i 505539 s 5000 f 1 wf
r 2 i 506175 s 5000 f 2
r 2 i 506444 s 5000 f 1 wf
r 2 i 506539 s 5000 f 1 wf
r 2 i 506260 s 5000 f 1 wf
s 125210 

n 10000 l 4999 r 59
s 96999 

n 10000 l 4999 r 60
r 2 i 506049 s 5000 f 1 wf
r 2 i 505612 s 5000 f 1 wf
r 2 i 505850 s 5000 f 1 wf
r 2 i 506027 s 5000 f 1 wf
s 85668 

n 10000 l 4999 r 61
r 2 i 506043 s 5000 f 1 wf
s 103289 

n 10000 l 4999 r 62
s 84663 

n 10000 l 4999 r 63
r 2 i 505857 s 5000 f 1 wf
r 2 i 505873 s 5000 f 1 wf
r 2 i 505975 s 5000 f 1 wf
r 2 i 505754 s 5000 f 1 wf
r 2 i 505838 s 5000 f 1 wf
r 2 i 505265 s 5000 f 2
r 2 i 506369 s 5000 f 2
r 2 i 506155 s 5000 f 1 wf
r 2 i 505968 s 5000 f 1 wf
r 2 i 506066 s 5000 f 2
r 2 i 507656 s 5000 f 1 wf
s 118285 

n 10000 l 4999 r 64
s 82224 

n 10000 l 4999 r 65
r 2 i 506674 s 5000 f 1 wf
s 98843 

n 10000 l 4999 r 66
r 2 i 506227 s 5000 f 1 wf
r 2 i 505951 s 5000 f 1 wf
s 95460 

n 10000 l 4999 r 67
s 100498 

n 10000 l 4999 r 68
r 2 i 506534 s 5000 f 1 wf
s 118047 

n 10000 l 4999 r 69
r 2 i 505903 s 5000 f 1 wf
r 2 i 505575 s 5000 f 1 wf
r 2 i 506011 s 5000 f 2
r 2 i 506273 s 5000 f 1 wf
r 2 i 506035 s 5000 f 1 wf
r 2 i 506215 s 5000 f 1 wf
r 2 i 506033 s 5000 f 1 wf
r 2 i 506221 s 5000 f 1 wf
r 2 i 506090 s 5000 f 1 wf
r 2 i 506220 s 5000 f 1 wf
r 2 i 506003 s 5000 f 1 wf
r 2 i 506105 s 5000 f 1 wf
r 2 i 505842 s 5000 f 2
r 2 i 506482 s 5000 f 1 wf
r 2 i 505959 s 5000 f 1 wf
r 2 i 505766 s 5000 f 1 wf
r 2 i 506608 s 5000 f 2
r 2 i 505752 s 5000 f 1 wf
r 2 i 505728 s 5000 f 1 wf
r 2 i 506115 s 5000 f 1 wf
s 121632 

n 10000 l 4999 r 70
r 2 i 505460 s 5000 f 1 wf
r 2 i 506335 s 5000 f 1 wf
s 111852 

n 10000 l 4999 r 71
r 2 i 506019 s 5000 f 2
s 114295 

n 10000 l 4999 r 72
s 109983 

n 10000 l 4999 r 73
s 93278 

n 10000 l 4999 r 74
r 2 i 506087 s 5000 f 1 wf
r 2 i 506051 s 5000 f 1 wf
r 2 i 505906 s 5000 f 1 wf
r 2 i 505886 s 5000 f 1 wf
r 2 i 506371 s 5000 f 1 wf
r 2 i 506187 s 5000 f 1 wf
r 2 i 505806 s 5000 f 1 wf
r 2 i 506404 s 5000 f 2
r 2 i 505876 s 5000 f 1 wf
r 2 i 506293 s 5000 f 2
r 2 i 506090 s 5000 f 1 wf
r 2 i 506220 s 5000 f 1 wf
r 2 i 506023 s 5000 f 1 wf
r 2 i 506012 s 5000 f 2
r 2 i 505472 s 5000 f 1 wf
s 93675 

n 10000 l 4999 r 75
r 2 i 505989 s 5000 f 1 wf
r 2 i 507872 s 5000 f 1 wf
s 83152 

n 10000 l 4999 r 76
r 2 i 506207 s 5000 f 1 wf
s 91207 

n 10000 l 4999 r 77
r 2 i 505344 s 5000 f 2
r 2 i 506587 s 5000 f 1 wf
s 100618 

n 10000 l 4999 r 78
s 89595 

n 10000 l 4999 r 79
r 2 i 506055 s 5000 f 1 wf
s 100141 

n 10000 l 4999 r 80
s 87256 

n 10000 l 4999 r 81
r 2 i 505885 s 5000 f 2
r 2 i 505426 s 5000 f 1 wf
r 2 i 505792 s 5000 f 1 wf
r 2 i 505902 s 5000 f 1 wf
s 101129 

n 10000 l 4999 r 82
r 2 i 506249 s 5000 f 1 wf
s 102135 

n 10000 l 4999 r 83
r 2 i 505859 s 5000 f 1 wf
s 97609 

n 10000 l 4999 r 84
r 2 i 506183 s 5000 f 1 wf
r 2 i 505976 s 5000 f 1 wf
s 98627 

n 10000 l 4999 r 85
s 84724 

n 10000 l 4999 r 86
r 2 i 506080 s 5000 f 1 wf
r 2 i 505844 s 5000 f 2
s 107524 

n 10000 l 4999 r 87
s 86566 

n 10000 l 4999 r 88
r 2 i 505932 s 5000 f 1 wf
r 2 i 506088 s 5000 f 1 wf
r 2 i 505996 s 5000 f 1 wf
s 108678 

n 10000 l 4999 r 89
r 2 i 507052 s 5000 f 1 wf
s 84714 

n 10000 l 4999 r 90
s 97471 

n 10000 l 4999 r 91
r 2 i 506126 s 5000 f 1 wf
s 96893 

n 10000 l 4999 r 92
s 143873 

n 10000 l 4999 r 93
r 2 i 505618 s 5000 f 1 wf
r 2 i 506181 s 5000 f 2
r 2 i 506009 s 5000 f 2
r 2 i 505887 s 5000 f 1 wf
r 2 i 506125 s 5000 f 1 wf
r 2 i 505656 s 5000 f 1 wf
s 134273 

n 10000 l 4999 r 94
r 2 i 506091 s 5000 f 1 wf
s 97898 

n 10000 l 4999 r 95
s 95972 

n 10000 l 4999 r 96
s 106069 

n 10000 l 4999 r 97
s 128195 

n 10000 l 4999 r 98
r 2 i 505551 s 5000 f 1 wf
s 93820 

n 10000 l 4999 r 99
s 110912 

n 10000 l 4999 r 100
r 2 i 505572 s 5000 f 1 wf
s 100907 

n 10000 l 4999 r 101
s 104234 

n 10000 l 4999 r 102
s 98842 

n 10000 l 4999 r 103
r 2 i 506206 s 5000 f 1 wf
r 2 i 505631 s 5000 f 1 wf
s 116919 

n 10000 l 4999 r 104
r 2 i 505267 s 5000 f 1 wf
s 99695 

n 10000 l 4999 r 105
r 2 i 505874 s 5000 f 2
r 2 i 505808 s 5000 f 1 wf
s 90743 

n 10000 l 4999 r 106
s 92437 

n 10000 l 4999 r 107
s 93273 

n 10000 l 4999 r 108
r 2 i 505664 s 5000 f 1 wf
s 114038 

n 10000 l 4999 r 109
r 2 i 508114 s 5000 f 1 wf
r 2 i 506144 s 5000 f 1 wf
s 101146 

n 10000 l 4999 r 110
s 99866 

n 10000 l 4999 r 111
r 2 i 505974 s 5000 f 1 wf
r 2 i 512339 s 5000 f 2
s 84844 

n 10000 l 4999 r 112
r 2 i 506176 s 5000 f 1 wf
r 2 i 506503 s 5000 f 1 wf
s 99019 

n 10000 l 4999 r 113
s 108277 

n 10000 l 4999 r 114
r 2 i 505739 s 5000 f 2
r 2 i 505872 s 5000 f 1 wf
r 2 i 506084 s 5000 f 1 wf
r 2 i 506769 s 5000 f 1 wf
r 2 i 508815 s 5000 f 2
s 112988 

n 10000 l 4999 r 115
s 91427 

n 10000 l 4999 r 116
s 110908 

n 10000 l 4999 r 117
s 84451 

n 10000 l 4999 r 118
r 2 i 505619 s 5000 f 1 wf
r 2 i 506312 s 5000 f 1 wf
r 2 i 506664 s 5000 f 1 wf
r 2 i 505477 s 5000 f 1 wf
s 96718 

n 10000 l 4999 r 119
r 2 i 505806 s 5000 f 1 wf
r 2 i 505924 s 5000 f 1 wf
s 124666 

n 10000 l 4999 r 120
r 2 i 505712 s 5000 f 1 wf
s 98059 

n 10000 l 4999 r 121
r 2 i 505963 s 5000 f 1 wf
r 2 i 506409 s 5000 f 1 wf
s 105073 

n 10000 l 4999 r 122
s 105286 

n 10000 l 4999 r 123
r 2 i 506369 s 5000 f 1 wf
r 2 i 506275 s 5000 f 1 wf
r 2 i 505692 s 5000 f 1 wf
s 114346 

n 10000 l 4999 r 124
r 2 i 506092 s 5000 f 1 wf
r 2 i 505560 s 5000 f 1 wf
r 2 i 505897 s 5000 f 1 wf
r 2 i 506119 s 5000 f 2
r 2 i 506006 s 5000 f 1 wf
r 2 i 505810 s 5000 f 1 wf
r 2 i 506405 s 5000 f 1 wf
r 2 i 505680 s 5000 f 2
r 2 i 505988 s 5000 f 1 wf
s 90888 

n 10000 l 4999 r 125
s 122064 

n 10000 l 4999 r 126
r 2 i 505916 s 5000 f 1 wf
s 97492 

n 10000 l 4999 r 127
s 92349 

n 10000 l 4999 r 128
r 2 i 505232 s 5000 f 1 wf
s 92457 

n 10000 l 4999 r 129
s 104486 

n 10000 l 4999 r 130
r 2 i 505826 s 5000 f 1 wf
r 2 i 505464 s 5000 f 1 wf
r 2 i 506568 s 5000 f 2
s 93016 

n 10000 l 4999 r 131
s 94223 

n 10000 l 4999 r 132
s 92034 

n 10000 l 4999 r 133
r 2 i 505566 s 5000 f 2
s 90312 

n 10000 l 4999 r 134
r 2 i 506034 s 5000 f 2
s 91742 

n 10000 l 4999 r 135
r 2 i 505624 s 5000 f 1 wf
r 2 i 506373 s 5000 f 2
r 2 i 506004 s 5000 f 1 wf
r 2 i 505635 s 5000 f 1 wf
r 2 i 505838 s 5000 f 1 wf
r 2 i 506335 s 5000 f 1 wf
s 97006 

n 10000 l 4999 r 136
r 2 i 505800 s 5000 f 2
s 103594 

n 10000 l 4999 r 137
r 2 i 506037 s 5000 f 1 wf
r 2 i 506456 s 5000 f 1 wf
r 2 i 505886 s 5000 f 1 wf
r 2 i 505553 s 5000 f 1 wf
r 2 i 505972 s 5000 f 2
r 2 i 505927 s 5000 f 1 wf
r 2 i 506274 s 5000 f 1 wf
r 2 i 505507 s 5000 f 1 wf
r 2 i 506411 s 5000 f 1 wf
s 88122 

n 10000 l 4999 r 138
r 2 i 505493 s 5000 f 2
r 2 i 506697 s 5000 f 1 wf
s 87961 

n 10000 l 4999 r 139
r 2 i 506318 s 5000 f 1 wf
s 113397 

n 10000 l 4999 r 140
s 107355 

n 10000 l 4999 r 141
s 94919 

n 10000 l 4999 r 142
r 2 i 506187 s 5000 f 1 wf
s 123157 

n 10000 l 4999 r 143
r 2 i 506659 s 5000 f 1 wf
s 104368 

n 10000 l 4999 r 144
r 2 i 506093 s 5000 f 1 wf
r 2 i 506023 s 5000 f 1 wf
r 2 i 505903 s 5000 f 1 wf
s 87762 

n 10000 l 4999 r 145
s 109350 

n 10000 l 4999 r 146
s 106534 

n 10000 l 4999 r 147
r 2 i 514885 s 5000 f 1 wf
s 87620 

n 10000 l 4999 r 148
s 103584 

n 10000 l 4999 r 149
s 92037 

n 10000 l 4999 r 150
r 2 i 506387 s 5000 f 1 wf
s 102708 

n 10000 l 4999 r 151
r 2 i 506008 s 5000 f 1 wf
s 118047 

n 10000 l 4999 r 152
r 2 i 510411 s 5000 f 2
r 2 i 505521 s 5000 f 1 wf
r 2 i 509100 s 5000 f 1 wf
r 2 i 505669 s 5000 f 1 wf
r 2 i 505522 s 5000 f 2
s 91952 

n 10000 l 4999 r 153
r 2 i 506122 s 5000 f 1 wf
r 2 i 506126 s 5000 f 1 wf
r 2 i 506200 s 5000 f 1 wf
r 2 i 505706 s 5000 f 1 wf
s 123802 

n 10000 l 4999 r 154
s 102086 

n 10000 l 4999 r 155
r 2 i 505930 s 5000 f 1 wf
r 2 i 506807 s 5000 f 1 wf
s 99795 

n 10000 l 4999 r 156
r 2 i 505953 s 5000 f 2
s 86360 

n 10000 l 4999 r 157
s 96569 

n 10000 l 4999 r 158
r 2 i 508322 s 5000 f 2
r 2 i 506106 s 5000 f 2
s 92642 

n 10000 l 4999 r 159
r 2 i 506014 s 5000 f 2
r 2 i 505629 s 5000 f 1 wf
s 124598 

n 10000 l 4999 r 160
r 2 i 505680 s 5000 f 1 wf
s 101234 

n 10000 l 4999 r 161
r 2 i 506184 s 5000 f 1 wf
s 96613 

n 10000 l 4999 r 162
r 2 i 505565 s 5000 f 1 wf
r 2 i 505721 s 5000 f 2
r 2 i 505623 s 5000 f 1 wf
r 2 i 506355 s 5000 f 2
s 84795 

n 10000 l 4999 r 163
r 2 i 506054 s 5000 f 1 wf
s 105651 

n 10000 l 4999 r 164
r 2 i 505745 s 5000 f 1 wf
s 97243 

n 10000 l 4999 r 165
s 105078 

n 10000 l 4999 r 166
r 2 i 506941 s 5000 f 1 wf
s 103649 

n 10000 l 4999 r 167
s 95335 

n 10000 l 4999 r 168
s 104097 

n 10000 l 4999 r 169
r 2 i 506788 s 5000 f 1 wf
r 2 i 505815 s 5000 f 1 wf
s 92052 

n 10000 l 4999 r 170
s 93468 

n 10000 l 4999 r 171
s 103647 

n 10000 l 4999 r 172
r 2 i 506585 s 5000 f 1 wf
s 92644 

n 10000 l 4999 r 173
r 2 i 505935 s 5000 f 1 wf
r 2 i 505499 s 5000 f 1 wf
r 2 i 506124 s 5000 f 1 wf
r 2 i 506188 s 5000 f 1 wf
r 2 i 505903 s 5000 f 1 wf
r 2 i 506464 s 5000 f 1 wf
s 89229 

n 10000 l 4999 r 174
r 2 i 505436 s 5000 f 1 wf
r 2 i 506019 s 5000 f 2
s 108015 

n 10000 l 4999 r 175
s 97012 

n 10000 l 4999 r 176
s 99579 

n 10000 l 4999 r 177
r 2 i 505613 s 5000 f 1 wf
r 2 i 506058 s 5000 f 1 wf
s 112855 

n 10000 l 4999 r 178
r 2 i 506280 s 5000 f 1 wf
r 2 i 505627 s 5000 f 1 wf
s 109323 

n 10000 l 4999 r 179
r 2 i 505993 s 5000 f 1 wf
r 2 i 506476 s 5000 f 1 wf
s 112779 

n 10000 l 4999 r 180
s 99233 

n 10000 l 4999 r 181
s 111611 

n 10000 l 4999 r 182
r 2 i 505700 s 5000 f 1 wf
r 2 i 505873 s 5000 f 1 wf
s 95017 

n 10000 l 4999 r 183
r 2 i 506738 s 5000 f 1 wf
s 136466 

n 10000 l 4999 r 184
r 2 i 506198 s 5000 f 1 wf
r 2 i 505611 s 5000 f 1 wf
s 93149 

n 10000 l 4999 r 185
r 2 i 505559 s 5000 f 1 wf
s 94086 

n 10000 l 4999 r 186
r 2 i 507484 s 5000 f 1 wf
s 98609 

n 10000 l 4999 r 187
r 2 i 506359 s 5000 f 1 wf
r 2 i 506537 s 5000 f 1 wf
r 2 i 506066 s 5000 f 1 wf
r 2 i 506167 s 5000 f 2
s 102901 

n 10000 l 4999 r 188
r 2 i 506317 s 5000 f 1 wf
s 117501 

n 10000 l 4999 r 189
s 94963 

n 10000 l 4999 r 190
s 110925 

n 10000 l 4999 r 191
r 2 i 505949 s 5000 f 2
r 2 i 506103 s 5000 f 2
s 90640 

n 10000 l 4999 r 192
s 96087 

n 10000 l 4999 r 193
r 2 i 507020 s 5000 f 2
s 97118 

n 10000 l 4999 r 194
s 98210 

n 10000 l 4999 r 195
s 87613 

n 10000 l 4999 r 196
s 91207 

n 10000 l 4999 r 197
s 117496 

n 10000 l 4999 r 198
r 2 i 506607 s 5000 f 1 wf
s 94383 

n 10000 l 4999 r 199
r 2 i 506031 s 5000 f 1 wf
s 88025 

n 10000 l 4999 r 200
r 2 i 506078 s 5000 f 1 wf
s 90146 

n 10000 l 4999 r 201
r 2 i 506000 s 5000 f 1 wf
r 2 i 505857 s 5000 f 1 wf
r 2 i 505707 s 5000 f 1 wf
r 2 i 505584 s 5000 f 2
r 2 i 505683 s 5000 f 1 wf
r 2 i 506231 s 5000 f 1 wf
s 136509 

n 10000 l 4999 r 202
r 2 i 505978 s 5000 f 1 wf
r 2 i 505691 s 5000 f 1 wf
s 105994 

n 10000 l 4999 r 203
r 2 i 506030 s 5000 f 1 wf
s 126559 

n 10000 l 4999 r 204
s 86310 

n 10000 l 4999 r 205
s 106013 

n 10000 l 4999 r 206
s 97758 

n 10000 l 4999 r 207
r 2 i 505998 s 5000 f 1 wf
s 93639 

n 10000 l 4999 r 208
r 2 i 505422 s 5000 f 1 wf
r 2 i 506210 s 5000 f 1 wf
r 2 i 506238 s 5000 f 1 wf
r 2 i 505803 s 5000 f 1 wf
s 93621 

n 10000 l 4999 r 209
s 119000 

n 10000 l 4999 r 210
s 114767 

n 10000 l 4999 r 211
r 2 i 506225 s 5000 f 1 wf
s 99181 

n 10000 l 4999 r 212
r 2 i 506190 s 5000 f 1 wf
r 2 i 516161 s 5000 f 1 wf
s 117281 

n 10000 l 4999 r 213
s 93842 

n 10000 l 4999 r 214
s 93443 

n 10000 l 4999 r 215
r 2 i 505897 s 5000 f 2
r 2 i 506665 s 5000 f 1 wf
r 2 i 506076 s 5000 f 1 wf
r 2 i 506269 s 5000 f 1 wf
s 95847 

n 10000 l 4999 r 216
s 88919 

n 10000 l 4999 r 217
s 102811 

n 10000 l 4999 r 218
s 88723 

n 10000 l 4999 r 219
s 91460 

n 10000 l 4999 r 220
s 93986 

n 10000 l 4999 r 221
s 149142 

n 10000 l 4999 r 222
r 2 i 505656 s 5000 f 1 wf
r 2 i 505819 s 5000 f 2
s 107748 

n 10000 l 4999 r 223
r 2 i 506378 s 5000 f 2
s 77224 

n 10000 l 4999 r 224
s 86708 

n 10000 l 4999 r 225
s 106704 

n 10000 l 4999 r 226
s 115818 

n 10000 l 4999 r 227
r 2 i 506048 s 5000 f 1 wf
r 2 i 506155 s 5000 f 1 wf
r 2 i 505551 s 5000 f 1 wf
r 2 i 506420 s 5000 f 2
r 2 i 506235 s 5000 f 1 wf
r 2 i 505882 s 5000 f 1 wf
s 121707 

n 10000 l 4999 r 228
s 96178 

n 10000 l 4999 r 229
r 2 i 505902 s 5000 f 1 wf
s 180415 

n 10000 l 4999 r 230
s 98659 

n 10000 l 4999 r 231
r 2 i 506046 s 5000 f 2
r 2 i 506305 s 5000 f 1 wf
s 110728 

n 10000 l 4999 r 232
s 94336 

n 10000 l 4999 r 233
r 2 i 506257 s 5000 f 1 wf
r 2 i 506128 s 5000 f 1 wf
s 104579 

n 10000 l 4999 r 234
r 2 i 505645 s 5000 f 1 wf
r 2 i 505708 s 5000 f 1 wf
r 2 i 506003 s 5000 f 1 wf
r 2 i 505696 s 5000 f 2
r 2 i 508316 s 5000 f 1 wf
s 106111 

n 10000 l 4999 r 235
s 99167 

n 10000 l 4999 r 236
r 2 i 506112 s 5000 f 1 wf
r 2 i 505824 s 5000 f 1 wf
r 2 i 506122 s 5000 f 1 wf
r 2 i 505799 s 5000 f 1 wf
r 2 i 505974 s 5000 f 2
r 2 i 506268 s 5000 f 2
r 2 i 505804 s 5000 f 1 wf
r 2 i 506685 s 5000 f 1 wf
r 2 i 505675 s 5000 f 1 wf
s 101295 

n 10000 l 4999 r 237
s 91990 

n 10000 l 4999 r 238
s 97860 

n 10000 l 4999 r 239
s 99517 

n 10000 l 4999 r 240
r 2 i 505963 s 5000 f 2
r 2 i 506257 s 5000 f 2
r 2 i 505729 s 5000 f 2
r 2 i 506242 s 5000 f 1 wf
r 2 i 505994 s 5000 f 1 wf
s 96231 

n 10000 l 4999 r 241
r 2 i 506565 s 5000 f 2
r 2 i 506207 s 5000 f 1 wf
r 2 i 506122 s 5000 f 1 wf
s 102564 

n 10000 l 4999 r 242
r 2 i 505471 s 5000 f 1 wf
r 2 i 506475 s 5000 f 1 wf
r 2 i 505893 s 5000 f 1 wf
r 2 i 505636 s 5000 f 1 wf
r 2 i 505872 s 5000 f 1 wf
r 2 i 505795 s 5000 f 1 wf
r 2 i 506022 s 5000 f 2
r 2 i 506329 s 5000 f 1 wf
r 2 i 505837 s 5000 f 1 wf
s 102281 

n 10000 l 4999 r 243
r 2 i 506298 s 5000 f 1 wf
r 2 i 506257 s 5000 f 1 wf
r 2 i 505467 s 5000 f 1 wf
r 2 i 505979 s 5000 f 1 wf
s 88977 

n 10000 l 4999 r 244
s 120798 

n 10000 l 4999 r 245
r 2 i 505957 s 5000 f 1 wf
r 2 i 505728 s 5000 f 1 wf
r 2 i 505692 s 5000 f 1 wf
s 120997 

n 10000 l 4999 r 246
s 85504 

n 10000 l 4999 r 247
r 2 i 506197 s 5000 f 1 wf
s 92913 

n 10000 l 4999 r 248
r 2 i 506367 s 5000 f 1 wf
r 2 i 506122 s 5000 f 1 wf
s 88679 

n 10000 l 4999 r 249
r 2 i 505542 s 5000 f 1 wf
r 2 i 506124 s 5000 f 2
r 2 i 506394 s 5000 f 2
r 2 i 505679 s 5000 f 1 wf
r 2 i 505819 s 5000 f 1 wf
s 98548 

n 10000 l 4999 r 250
r 2 i 505510 s 5000 f 1 wf
r 2 i 505903 s 5000 f 2
s 98663 

n 10000 l 4999 r 251
r 2 i 505873 s 5000 f 1 wf
r 2 i 505934 s 5000 f 1 wf
s 90511 

n 10000 l 4999 r 252
s 104643 

n 10000 l 4999 r 253
s 111131 

n 10000 l 4999 r 254
s 103960 

n 10000 l 4999 r 255
s 93227 

n 10000 l 4999 r 256
s 109101 

n 10000 l 4999 r 257
s 112596 

n 10000 l 4999 r 258
r 2 i 506559 s 5000 f 1 wf
s 124670 

n 10000 l 4999 r 259
s 96116 

n 10000 l 4999 r 260
r 2 i 506363 s 5000 f 1 wf
s 100095 

n 10000 l 4999 r 261
s 102944 

n 10000 l 4999 r 262
r 2 i 506036 s 5000 f 1 wf
r 2 i 505777 s 5000 f 1 wf
r 2 i 505446 s 5000 f 1 wf
r 2 i 506220 s 5000 f 1 wf
r 2 i 505721 s 5000 f 2
r 2 i 507260 s 5000 f 2
s 106661 

n 10000 l 4999 r 263
s 106997 

n 10000 l 4999 r 264
s 91916 

n 10000 l 4999 r 265
r 2 i 505643 s 5000 f 2
s 110349 

n 10000 l 4999 r 266
r 2 i 506201 s 5000 f 1 wf
r 2 i 512373 s 5000 f 1 wf
r 2 i 506237 s 5000 f 1 wf
r 2 i 506452 s 5000 f 1 wf
s 104935 

n 10000 l 4999 r 267
r 2 i 506744 s 5000 f 1 wf
s 84133 

n 10000 l 4999 r 268
s 119540 

n 10000 l 4999 r 269
r 2 i 506748 s 5000 f 1 wf
s 97082 

n 10000 l 4999 r 270
r 2 i 506119 s 5000 f 2
s 110379 

n 10000 l 4999 r 271
s 92899 

n 10000 l 4999 r 272
r 2 i 505798 s 5000 f 1 wf
r 2 i 506764 s 5000 f 1 wf
r 2 i 506972 s 5000 f 1 wf
r 2 i 506093 s 5000 f 1 wf
s 85356 

n 10000 l 4999 r 273
r 2 i 506031 s 5000 f 2
r 2 i 506169 s 5000 f 2
r 2 i 505964 s 5000 f 1 wf
s 153266 

n 10000 l 4999 r 274
r 2 i 506108 s 5000 f 1 wf
s 105780 

n 10000 l 4999 r 275
s 97136 

n 10000 l 4999 r 276
r 2 i 506140 s 5000 f 2
r 2 i 506239 s 5000 f 1 wf
s 86965 

n 10000 l 4999 r 277
r 2 i 505664 s 5000 f 2
s 108146 

n 10000 l 4999 r 278
r 2 i 506208 s 5000 f 1 wf
r 2 i 505867 s 5000 f 1 wf
r 2 i 505883 s 5000 f 1 wf
s 79292 

n 10000 l 4999 r 279
s 96331 

n 10000 l 4999 r 280
r 2 i 508872 s 5000 f 1 wf
r 2 i 505958 s 5000 f 1 wf
s 111388 

n 10000 l 4999 r 281
r 2 i 506319 s 5000 f 1 wf
s 85417 

n 10000 l 4999 r 282
s 96398 

n 10000 l 4999 r 283
s 97799 

n 10000 l 4999 r 284
r 2 i 506152 s 5000 f 2
s 85129 

n 10000 l 4999 r 285
s 98223 

n 10000 l 4999 r 286
r 2 i 505552 s 5000 f 1 wf
r 2 i 505535 s 5000 f 2
s 85805 

n 10000 l 4999 r 287
r 2 i 505723 s 5000 f 1 wf
s 94024 

n 10000 l 4999 r 288
r 2 i 512312 s 5000 f 1 wf
s 101121 

n 10000 l 4999 r 289
s 119945 

n 10000 l 4999 r 290
r 2 i 505543 s 5000 f 1 wf
r 2 i 505830 s 5000 f 1 wf
s 94413 

n 10000 l 4999 r 291
s 97443 

n 10000 l 4999 r 292
r 2 i 505766 s 5000 f 1 wf
r 2 i 505893 s 5000 f 1 wf
s 100721 

n 10000 l 4999 r 293
r 2 i 506208 s 5000 f 1 wf
r 2 i 505830 s 5000 f 1 wf
r 2 i 505759 s 5000 f 1 wf
r 2 i 505905 s 5000 f 1 wf
s 94548 

n 10000 l 4999 r 294
s 106913 

n 10000 l 4999 r 295
r 2 i 505737 s 5000 f 1 wf
r 2 i 506071 s 5000 f 1 wf
r 2 i 506552 s 5000 f 1 wf
s 94937 

n 10000 l 4999 r 296
s 112242 

n 10000 l 4999 r 297
r 2 i 506476 s 5000 f 1 wf
s 109308 

n 10000 l 4999 r 298
s 91989 

n 10000 l 4999 r 299
r 2 i 506990 s 5000 f 1 wf
s 101298 

n 10000 l 4999 r 300
s 119170 

n 10000 l 4999 r 301
s 133667 

n 10000 l 4999 r 302
s 106907 

n 10000 l 4999 r 303
s 123744 

n 10000 l 4999 r 304
s 102445 

n 10000 l 4999 r 305
r 2 i 506145 s 5000 f 1 wf
s 99940 

n 10000 l 4999 r 306
r 2 i 505935 s 5000 f 1 wf
r 2 i 505675 s 5000 f 2
s 101876 

n 10000 l 4999 r 307
r 2 i 506516 s 5000 f 1 wf
r 2 i 506227 s 5000 f 1 wf
r 2 i 505961 s 5000 f 1 wf
r 2 i 505733 s 5000 f 2
s 100380 

n 10000 l 4999 r 308
r 2 i 506447 s 5000 f 1 wf
r 2 i 506003 s 5000 f 1 wf
s 133079 

n 10000 l 4999 r 309
r 2 i 506521 s 5000 f 1 wf
r 2 i 505982 s 5000 f 1 wf
r 2 i 506212 s 5000 f 1 wf
s 103578 

n 10000 l 4999 r 310
r 2 i 505928 s 5000 f 1 wf
r 2 i 506173 s 5000 f 1 wf
r 2 i 505935 s 5000 f 1 wf
r 2 i 506269 s 5000 f 1 wf
r 2 i 506153 s 5000 f 1 wf
r 2 i 506053 s 5000 f 1 wf
r 2 i 505905 s 5000 f 2
r 2 i 506198 s 5000 f 1 wf
r 2 i 506340 s 5000 f 2
r 2 i 507890 s 5000 f 1 wf
r 2 i 506829 s 5000 f 1 wf
s 88773 

n 10000 l 4999 r 311
r 2 i 506200 s 5000 f 2
s 105113 

n 10000 l 4999 r 312
r 2 i 505922 s 5000 f 2
s 95601 

n 10000 l 4999 r 313
s 90866 

n 10000 l 4999 r 314
s 89550 

n 10000 l 4999 r 315
r 2 i 506238 s 5000 f 1 wf
r 2 i 505706 s 5000 f 1 wf
s 108122 

n 10000 l 4999 r 316
s 99689 

n 10000 l 4999 r 317
r 2 i 506559 s 5000 f 1 wf
r 2 i 511893 s 5000 f 2
r 2 i 506048 s 5000 f 1 wf
s 107261 

n 10000 l 4999 r 318
r 2 i 506425 s 5000 f 1 wf
s 101817 

n 10000 l 4999 r 319
s 95199 

n 10000 l 4999 r 320
r 2 i 506053 s 5000 f 1 wf
r 2 i 506224 s 5000 f 1 wf
s 89176 

n 10000 l 4999 r 321
r 2 i 506068 s 5000 f 2
r 2 i 506013 s 5000 f 1 wf
s 100287 

n 10000 l 4999 r 322
s 97075 

n 10000 l 4999 r 323
r 2 i 506060 s 5000 f 1 wf
r 2 i 505377 s 5000 f 2
r 2 i 505814 s 5000 f 1 wf
r 2 i 506049 s 5000 f 1 wf
r 2 i 505691 s 5000 f 1 wf
r 2 i 506155 s 5000 f 1 wf
s 87339 

n 10000 l 4999 r 324
r 2 i 505867 s 5000 f 1 wf
s 108669 

n 10000 l 4999 r 325
s 103677 

n 10000 l 4999 r 326
s 115857 

n 10000 l 4999 r 327
s 94775 

n 10000 l 4999 r 328
s 97692 

n 10000 l 4999 r 329
s 108839 

n 10000 l 4999 r 330
r 2 i 505580 s 5000 f 1 wf
r 2 i 506377 s 5000 f 1 wf
r 2 i 505322 s 5000 f 1 wf
s 103526 

n 10000 l 4999 r 331
r 2 i 506560 s 5000 f 1 wf
r 2 i 506525 s 5000 f 1 wf
r 2 i 505820 s 5000 f 1 wf
r 2 i 505706 s 5000 f 2
r 2 i 506298 s 5000 f 2
r 2 i 511828 s 5000 f 1 wf
r 2 i 505740 s 5000 f 2
r 2 i 505859 s 5000 f 1 wf
s 100272 

n 10000 l 4999 r 332
r 2 i 505832 s 5000 f 2
r 2 i 505938 s 5000 f 2
r 2 i 505810 s 5000 f 1 wf
r 2 i 505878 s 5000 f 2
r 2 i 505762 s 5000 f 1 wf
r 2 i 506313 s 5000 f 1 wf
r 2 i 506406 s 5000 f 1 wf
s 87695 

n 10000 l 4999 r 333
s 86925 

n 10000 l 4999 r 334
s 124058 

n 10000 l 4999 r 335
r 2 i 505816 s 5000 f 1 wf
r 2 i 506018 s 5000 f 1 wf
r 2 i 505865 s 5000 f 1 wf
r 2 i 506521 s 5000 f 2
r 2 i 506309 s 5000 f 1 wf
r 2 i 505372 s 5000 f 1 wf
s 82633 

n 10000 l 4999 r 336
r 2 i 506105 s 5000 f 1 wf
r 2 i 505435 s 5000 f 1 wf
r 2 i 505926 s 5000 f 1 wf
s 92447 

n 10000 l 4999 r 337
r 2 i 505941 s 5000 f 1 wf
r 2 i 505827 s 5000 f 2
r 2 i 505599 s 5000 f 1 wf
r 2 i 505812 s 5000 f 1 wf
r 2 i 506013 s 5000 f 1 wf
r 2 i 505553 s 5000 f 2
r 2 i 505620 s 5000 f 1 wf
r 2 i 505653 s 5000 f 1 wf
r 2 i 506256 s 5000 f 2
s 103738 

n 10000 l 4999 r 338
r 2 i 505780 s 5000 f 1 wf
r 2 i 506334 s 5000 f 1 wf
s 102562 

n 10000 l 4999 r 339
s 98875 

n 10000 l 4999 r 340
r 2 i 506473 s 5000 f 1 wf
s 88021 

n 10000 l 4999 r 341
r 2 i 508740 s 5000 f 2
r 2 i 509467 s 5000 f 1 wf
s 88634 

n 10000 l 4999 r 342
r 2 i 506118 s 5000 f 2
r 2 i 506140 s 5000 f 1 wf
r 2 i 505949 s 5000 f 2
r 2 i 505531 s 5000 f 1 wf
r 2 i 505514 s 5000 f 1 wf
r 2 i 506142 s 5000 f 1 wf
r 2 i 505562 s 5000 f 1 wf
r 2 i 505832 s 5000 f 1 wf
s 118767 

n 10000 l 4999 r 343
r 2 i 506337 s 5000 f 1 wf
s 84580 

n 10000 l 4999 r 344
r 2 i 505705 s 5000 f 1 wf
s 104220 

n 10000 l 4999 r 345
s 115704 

n 10000 l 4999 r 346
r 2 i 506219 s 5000 f 1 wf
s 96423 

n 10000 l 4999 r 347
r 2 i 506295 s 5000 f 1 wf
s 92947 

n 10000 l 4999 r 348
s 124869 

n 10000 l 4999 r 349
s 96835 

n 10000 l 4999 r 350
r 2 i 506323 s 5000 f 1 wf
s 107125 

n 10000 l 4999 r 351
r 2 i 505670 s 5000 f 2
s 103135 

n 10000 l 4999 r 352
s 111507 

n 10000 l 4999 r 353
s 87861 

n 10000 l 4999 r 354
r 2 i 505790 s 5000 f 1 wf
r 2 i 505469 s 5000 f 2
s 99392 

n 10000 l 4999 r 355
s 94238 

n 10000 l 4999 r 356
s 93465 

n 10000 l 4999 r 357
s 103686 

n 10000 l 4999 r 358
r 2 i 506099 s 5000 f 1 wf
s 98527 

n 10000 l 4999 r 359
r 2 i 505944 s 5000 f 1 wf
s 96865 

n 10000 l 4999 r 360
r 2 i 506060 s 5000 f 1 wf
s 90894 

n 10000 l 4999 r 361
r 2 i 506049 s 5000 f 1 wf
r 2 i 508036 s 5000 f 2
r 2 i 506154 s 5000 f 2
s 106250 

n 10000 l 4999 r 362
r 2 i 505751 s 5000 f 1 wf
s 89051 

n 10000 l 4999 r 363
s 111198 

n 10000 l 4999 r 364
s 102766 

n 10000 l 4999 r 365
s 101700 

n 10000 l 4999 r 366
r 2 i 505790 s 5000 f 2
r 2 i 506002 s 5000 f 1 wf
r 2 i 506153 s 5000 f 2
r 2 i 505971 s 5000 f 1 wf
r 2 i 506342 s 5000 f 1 wf
r 2 i 506126 s 5000 f 1 wf
s 107575 

n 10000 l 4999 r 367
r 2 i 505789 s 5000 f 1 wf
r 2 i 505879 s 5000 f 2
s 80907 

n 10000 l 4999 r 368
r 2 i 506122 s 5000 f 1 wf
s 95858 

n 10000 l 4999 r 369
s 89049 

n 10000 l 4999 r 370
s 115186 

n 10000 l 4999 r 371
s 104667 

n 10000 l 4999 r 372
r 2 i 506074 s 5000 f 1 wf
s 91563 

n 10000 l 4999 r 373
s 105554 

n 10000 l 4999 r 374
r 2 i 505804 s 5000 f 2
r 2 i 505907 s 5000 f 1 wf
r 2 i 505882 s 5000 f 1 wf
s 92887 

n 10000 l 4999 r 375
r 2 i 505749 s 5000 f 2
s 104231 

n 10000 l 4999 r 376
s 95165 

n 10000 l 4999 r 377
s 100568 

n 10000 l 4999 r 378
r 2 i 505928 s 5000 f 1 wf
r 2 i 506071 s 5000 f 2
s 112753 

n 10000 l 4999 r 379
s 128901 

n 10000 l 4999 r 380
s 86679 

n 10000 l 4999 r 381
r 2 i 506513 s 5000 f 2
r 2 i 505914 s 5000 f 1 wf
s 88321 

n 10000 l 4999 r 382
s 114455 

n 10000 l 4999 r 383
r 2 i 506738 s 5000 f 1 wf
r 2 i 505915 s 5000 f 1 wf
r 2 i 506186 s 5000 f 2
r 2 i 506093 s 5000 f 1 wf
r 2 i 506398 s 5000 f 1 wf
s 94861 

n 10000 l 4999 r 384
r 2 i 505909 s 5000 f 1 wf
r 2 i 506951 s 5000 f 1 wf
s 95610 

n 10000 l 4999 r 385
s 104489 

n 10000 l 4999 r 386
s 103306 

n 10000 l 4999 r 387
r 2 i 505722 s 5000 f 1 wf
r 2 i 506218 s 5000 f 1 wf
r 2 i 505988 s 5000 f 2
r 2 i 505964 s 5000 f 1 wf
r 2 i 506124 s 5000 f 2
r 2 i 505473 s 5000 f 1 wf
s 94308 

n 10000 l 4999 r 388
r 2 i 505470 s 5000 f 1 wf
s 117852 

n 10000 l 4999 r 389
r 2 i 505961 s 5000 f 2
s 92701 

n 10000 l 4999 r 390
r 2 i 506318 s 5000 f 1 wf
r 2 i 513751 s 5000 f 1 wf
s 141297 

n 10000 l 4999 r 391
r 2 i 512576 s 5000 f 1 wf
r 2 i 505958 s 5000 f 2
s 90258 

n 10000 l 4999 r 392
s 94279 

n 10000 l 4999 r 393
r 2 i 506566 s 5000 f 1 wf
r 2 i 506638 s 5000 f 1 wf
r 2 i 506115 s 5000 f 1 wf
s 126402 

n 10000 l 4999 r 394
r 2 i 506069 s 5000 f 1 wf
r 2 i 506424 s 5000 f 2
r 2 i 506665 s 5000 f 1 wf
r 2 i 506245 s 5000 f 1 wf
r 2 i 505944 s 5000 f 1 wf
s 112464 

n 10000 l 4999 r 395
r 2 i 507185 s 5000 f 2
r 2 i 505527 s 5000 f 1 wf
s 107321 

n 10000 l 4999 r 396
r 2 i 505959 s 5000 f 1 wf
s 100125 

n 10000 l 4999 r 397
r 2 i 506517 s 5000 f 1 wf
s 105196 

n 10000 l 4999 r 398
r 2 i 506257 s 5000 f 1 wf
s 106237 

n 10000 l 4999 r 399
r 2 i 505374 s 5000 f 1 wf
r 2 i 505535 s 5000 f 1 wf
r 2 i 506355 s 5000 f 1 wf
s 97008 

n 10000 l 4999 r 400
r 2 i 505689 s 5000 f 1 wf
r 2 i 505997 s 5000 f 1 wf
s 103944 

n 10000 l 4999 r 401
s 84542 

n 10000 l 4999 r 402
r 2 i 505526 s 5000 f 1 wf
r 2 i 505906 s 5000 f 1 wf
s 94490 

n 10000 l 4999 r 403
s 88021 

n 10000 l 4999 r 404
s 90766 

n 10000 l 4999 r 405
r 2 i 506465 s 5000 f 1 wf
s 119268 

n 10000 l 4999 r 406
s 90385 

n 10000 l 4999 r 407
s 85001 

n 10000 l 4999 r 408
r 2 i 506648 s 5000 f 2
s 96243 

n 10000 l 4999 r 409
r 2 i 505954 s 5000 f 1 wf
s 98091 

n 10000 l 4999 r 410
s 94219 

n 10000 l 4999 r 411
r 2 i 505922 s 5000 f 1 wf
r 2 i 505582 s 5000 f 1 wf
r 2 i 506260 s 5000 f 2
r 2 i 528591 s 5000 f 1 wf
r 2 i 505691 s 5000 f 1 wf
s 113258 

n 10000 l 4999 r 412
r 2 i 506386 s 5000 f 1 wf
s 111454 

n 10000 l 4999 r 413
s 93719 

n 10000 l 4999 r 414
r 2 i 505545 s 5000 f 1 wf
s 111615 

n 10000 l 4999 r 415
r 2 i 505832 s 5000 f 1 wf
r 2 i 506577 s 5000 f 1 wf
s 88563 

n 10000 l 4999 r 416
r 2 i 505952 s 5000 f 1 wf
r 2 i 506068 s 5000 f 1 wf
s 101114 

n 10000 l 4999 r 417
s 96424 

n 10000 l 4999 r 418
s 94489 

n 10000 l 4999 r 419
s 91339 

n 10000 l 4999 r 420
r 2 i 505406 s 5000 f 1 wf
s 87655 

n 10000 l 4999 r 421
r 2 i 506126 s 5000 f 2
r 2 i 505739 s 5000 f 1 wf
r 2 i 505790 s 5000 f 1 wf
s 99193 

n 10000 l 4999 r 422
r 2 i 505658 s 5000 f 2
r 2 i 506120 s 5000 f 1 wf
r 2 i 506420 s 5000 f 2
r 2 i 505714 s 5000 f 1 wf
s 91152 

n 10000 l 4999 r 423
s 109013 

n 10000 l 4999 r 424
r 2 i 506036 s 5000 f 1 wf
r 2 i 506047 s 5000 f 1 wf
s 94855 

n 10000 l 4999 r 425
r 2 i 505836 s 5000 f 1 wf
r 2 i 505764 s 5000 f 1 wf
s 95064 

n 10000 l 4999 r 426
r 2 i 506269 s 5000 f 1 wf
s 91280 

n 10000 l 4999 r 427
s 106358 

n 10000 l 4999 r 428
r 2 i 507701 s 5000 f 1 wf
r 2 i 506040 s 5000 f 1 wf
r 2 i 505790 s 5000 f 1 wf
r 2 i 505826 s 5000 f 1 wf
r 2 i 506434 s 5000 f 1 wf
r 2 i 505596 s 5000 f 2
s 92577 

n 10000 l 4999 r 429
r 2 i 506253 s 5000 f 1 wf
r 2 i 506157 s 5000 f 2
r 2 i 505669 s 5000 f 1 wf
r 2 i 506155 s 5000 f 1 wf
r 2 i 506167 s 5000 f 2
s 94120 

n 10000 l 4999 r 430
r 2 i 506075 s 5000 f 1 wf
r 2 i 506892 s 5000 f 1 wf
s 103830 

n 10000 l 4999 r 431
s 100988 

n 10000 l 4999 r 432
r 2 i 506290 s 5000 f 1 wf
r 2 i 506824 s 5000 f 2
r 2 i 506234 s 5000 f 1 wf
s 106017 

n 10000 l 4999 r 433
s 99098 

n 10000 l 4999 r 434
r 2 i 506019 s 5000 f 1 wf
r 2 i 505967 s 5000 f 1 wf
r 2 i 505770 s 5000 f 1 wf
s 140166 

n 10000 l 4999 r 435
r 2 i 505552 s 5000 f 2
r 2 i 505760 s 5000 f 1 wf
r 2 i 505906 s 5000 f 2
s 96124 

n 10000 l 4999 r 436
r 2 i 505437 s 5000 f 2
r 2 i 506126 s 5000 f 1 wf
s 102903 

n 10000 l 4999 r 437
s 82574 

n 10000 l 4999 r 438
r 2 i 506151 s 5000 f 1 wf
r 2 i 506255 s 5000 f 2
r 2 i 506153 s 5000 f 1 wf
r 2 i 505958 s 5000 f 1 wf
r 2 i 506315 s 5000 f 2
r 2 i 505655 s 5000 f 1 wf
r 2 i 505749 s 5000 f 1 wf
r 2 i 506376 s 5000 f 1 wf
r 2 i 505728 s 5000 f 1 wf
r 2 i 505992 s 5000 f 2
r 2 i 505571 s 5000 f 1 wf
s 92760 

n 10000 l 4999 r 439
r 2 i 505341 s 5000 f 1 wf
r 2 i 506050 s 5000 f 1 wf
r 2 i 505948 s 5000 f 1 wf
s 113306 

n 10000 l 4999 r 440
r 2 i 506062 s 5000 f 1 wf
r 2 i 506260 s 5000 f 1 wf
r 2 i 505560 s 5000 f 1 wf
r 2 i 505816 s 5000 f 1 wf
s 84583 

n 10000 l 4999 r 441
r 2 i 505599 s 5000 f 1 wf
r 2 i 505880 s 5000 f 2
s 92242 

n 10000 l 4999 r 442
r 2 i 506601 s 5000 f 1 wf
r 2 i 505981 s 5000 f 1 wf
r 2 i 506198 s 5000 f 1 wf
r 2 i 505808 s 5000 f 1 wf
r 2 i 505837 s 5000 f 2
r 2 i 506368 s 5000 f 2
r 2 i 506222 s 5000 f 1 wf
r 2 i 506286 s 5000 f 1 wf
s 93255 

n 10000 l 4999 r 443
r 2 i 506380 s 5000 f 1 wf
s 120419 

n 10000 l 4999 r 444
s 119817 

n 10000 l 4999 r 445
r 2 i 506102 s 5000 f 1 wf
r 2 i 505877 s 5000 f 1 wf
s 93048 

n 10000 l 4999 r 446
r 2 i 506835 s 5000 f 1 wf
r 2 i 505903 s 5000 f 1 wf
r 2 i 505975 s 5000 f 1 wf
s 100451 

n 10000 l 4999 r 447
r 2 i 506190 s 5000 f 1 wf
s 132574 

n 10000 l 4999 r 448
s 122399 

n 10000 l 4999 r 449
r 2 i 505757 s 5000 f 1 wf
s 81573 

n 10000 l 4999 r 450
s 95148 

n 10000 l 4999 r 451
s 90481 

n 10000 l 4999 r 452
s 98291 

n 10000 l 4999 r 453
s 134788 

n 10000 l 4999 r 454
r 2 i 505763 s 5000 f 1 wf
r 2 i 506282 s 5000 f 1 wf
r 2 i 508503 s 5000 f 1 wf
r 2 i 505904 s 5000 f 2
r 2 i 505972 s 5000 f 1 wf
s 125786 

n 10000 l 4999 r 455
r 2 i 505632 s 5000 f 1 wf
s 139871 

n 10000 l 4999 r 456
r 2 i 505809 s 5000 f 1 wf
r 2 i 506112 s 5000 f 2
s 97035 

n 10000 l 4999 r 457
r 2 i 505527 s 5000 f 1 wf
s 82390 

n 10000 l 4999 r 458
s 123350 

n 10000 l 4999 r 459
s 91192 

n 10000 l 4999 r 460
r 2 i 505922 s 5000 f 1 wf
s 97349 

n 10000 l 4999 r 461
s 120166 

n 10000 l 4999 r 462
s 91366 

n 10000 l 4999 r 463
r 2 i 505895 s 5000 f 2
r 2 i 505985 s 5000 f 1 wf
s 107525 

n 10000 l 4999 r 464
r 2 i 505594 s 5000 f 1 wf
r 2 i 505800 s 5000 f 1 wf
s 104929 

n 10000 l 4999 r 465
s 88136 

n 10000 l 4999 r 466
s 99121 

n 10000 l 4999 r 467
r 2 i 506183 s 5000 f 1 wf
r 2 i 507150 s 5000 f 1 wf
r 2 i 505802 s 5000 f 1 wf
s 101888 

n 10000 l 4999 r 468
s 90531 

n 10000 l 4999 r 469
r 2 i 505885 s 5000 f 1 wf
s 95031 

n 10000 l 4999 r 470
r 2 i 505345 s 5000 f 1 wf
s 103625 

n 10000 l 4999 r 471
r 2 i 505961 s 5000 f 1 wf
s 101266 

n 10000 l 4999 r 472
r 2 i 506015 s 5000 f 1 wf
r 2 i 505449 s 5000 f 1 wf
r 2 i 505726 s 5000 f 1 wf
r 2 i 506043 s 5000 f 1 wf
r 2 i 506041 s 5000 f 1 wf
r 2 i 505914 s 5000 f 1 wf
r 2 i 506130 s 5000 f 1 wf
r 2 i 505817 s 5000 f 1 wf
s 88217 

n 10000 l 4999 r 473
r 2 i 506132 s 5000 f 1 wf
r 2 i 506373 s 5000 f 1 wf
r 2 i 505845 s 5000 f 2
s 102813 

n 10000 l 4999 r 474
r 2 i 506598 s 5000 f 1 wf
s 85558 

n 10000 l 4999 r 475
s 103822 

n 10000 l 4999 r 476
r 2 i 505756 s 5000 f 1 wf
r 2 i 505780 s 5000 f 1 wf
s 93899 

n 10000 l 4999 r 477
r 2 i 506004 s 5000 f 1 wf
s 86526 

n 10000 l 4999 r 478
r 2 i 506042 s 5000 f 1 wf
r 2 i 505937 s 5000 f 1 wf
s 90661 

n 10000 l 4999 r 479
r 2 i 505976 s 5000 f 1 wf
r 2 i 506106 s 5000 f 1 wf
r 2 i 505854 s 5000 f 1 wf
r 2 i 505430 s 5000 f 1 wf
r 2 i 506454 s 5000 f 1 wf
r 2 i 506276 s 5000 f 1 wf
s 77678 

n 10000 l 4999 r 480
r 2 i 505978 s 5000 f 1 wf
r 2 i 505923 s 5000 f 1 wf
r 2 i 506229 s 5000 f 1 wf
s 87228 

n 10000 l 4999 r 481
r 2 i 506224 s 5000 f 1 wf
r 2 i 505690 s 5000 f 1 wf
s 89226 

n 10000 l 4999 r 482
r 2 i 505875 s 5000 f 1 wf
s 102353 

n 10000 l 4999 r 483
r 2 i 506353 s 5000 f 2
s 86262 

n 10000 l 4999 r 484
r 2 i 506336 s 5000 f 2
r 2 i 505996 s 5000 f 1 wf
r 2 i 505547 s 5000 f 1 wf
r 2 i 505697 s 5000 f 1 wf
r 2 i 506006 s 5000 f 1 wf
r 2 i 505945 s 5000 f 1 wf
r 2 i 506155 s 5000 f 2
s 139506 

n 10000 l 4999 r 485
r 2 i 505885 s 5000 f 1 wf
r 2 i 506416 s 5000 f 1 wf
s 79112 

n 10000 l 4999 r 486
r 2 i 506075 s 5000 f 1 wf
r 2 i 505594 s 5000 f 1 wf
r 2 i 506268 s 5000 f 1 wf
s 97369 

n 10000 l 4999 r 487
s 101632 

n 10000 l 4999 r 488
r 2 i 505505 s 5000 f 1 wf
s 103639 

n 10000 l 4999 r 489
r 2 i 506223 s 5000 f 2
r 2 i 506154 s 5000 f 2
r 2 i 505901 s 5000 f 1 wf
r 2 i 505955 s 5000 f 1 wf
s 95995 

n 10000 l 4999 r 490
s 108539 

n 10000 l 4999 r 491
r 2 i 505554 s 5000 f 2
s 146138 

n 10000 l 4999 r 492
s 124177 

n 10000 l 4999 r 493
s 125347 

n 10000 l 4999 r 494
s 87403 

n 10000 l 4999 r 495
r 2 i 505889 s 5000 f 2
r 2 i 505954 s 5000 f 2
s 104093 

n 10000 l 4999 r 496
r 2 i 505748 s 5000 f 1 wf
r 2 i 505750 s 5000 f 1 wf
s 102867 

n 10000 l 4999 r 497
r 2 i 505719 s 5000 f 2
r 2 i 506317 s 5000 f 1 wf
s 101756 

n 10000 l 4999 r 498
s 104199 

n 10000 l 4999 r 499
r 2 i 505979 s 5000 f 1 wf
r 2 i 505755 s 5000 f 2
r 2 i 506318 s 5000 f 1 wf
r 2 i 505844 s 5000 f 2
s 116317 

n 10000 l 4999 r 500
s 114510 

n 10000 l 4999 r 501
r 2 i 505669 s 5000 f 1 wf
r 2 i 505740 s 5000 f 2
s 100057 

n 10000 l 4999 r 502
s 139973 

n 10000 l 4999 r 503
r 2 i 505918 s 5000 f 1 wf
r 2 i 505891 s 5000 f 1 wf
s 82406 

n 10000 l 4999 r 504
r 2 i 506189 s 5000 f 2
s 163297 

n 10000 l 4999 r 505
r 2 i 506180 s 5000 f 1 wf
r 2 i 505756 s 5000 f 1 wf
s 96980 

n 10000 l 4999 r 506
s 91941 

n 10000 l 4999 r 507
r 2 i 505949 s 5000 f 1 wf
r 2 i 506052 s 5000 f 1 wf
r 2 i 505966 s 5000 f 1 wf
s 89964 

n 10000 l 4999 r 508
s 127148 

n 10000 l 4999 r 509
r 2 i 506028 s 5000 f 1 wf
s 80495 

n 10000 l 4999 r 510
r 2 i 505530 s 5000 f 1 wf
r 2 i 506025 s 5000 f 1 wf
s 121168 

n 10000 l 4999 r 511
r 2 i 505649 s 5000 f 1 wf
r 2 i 506021 s 5000 f 1 wf
r 2 i 505815 s 5000 f 1 wf
s 126247 

n 10000 l 4999 r 512
r 2 i 505573 s 5000 f 2
r 2 i 505668 s 5000 f 1 wf
r 2 i 506138 s 5000 f 2
s 92335 

n 10000 l 4999 r 513
s 111382 

n 10000 l 4999 r 514
r 2 i 505777 s 5000 f 1 wf
s 128539 

n 10000 l 4999 r 515
r 2 i 506132 s 5000 f 1 wf
r 2 i 505834 s 5000 f 1 wf
r 2 i 505642 s 5000 f 1 wf
r 2 i 506047 s 5000 f 1 wf
s 99640 

n 10000 l 4999 r 516
s 93067 

n 10000 l 4999 r 517
s 107128 

n 10000 l 4999 r 518
r 2 i 506043 s 5000 f 1 wf
r 2 i 505737 s 5000 f 1 wf
r 2 i 505929 s 5000 f 1 wf
r 2 i 512585 s 5000 f 1 wf
r 2 i 505634 s 5000 f 1 wf
r 2 i 505976 s 5000 f 1 wf
r 2 i 505917 s 5000 f 1 wf
r 2 i 505975 s 5000 f 2
r 2 i 505752 s 5000 f 1 wf
s 130155 

n 10000 l 4999 r 519
s 87383 

n 10000 l 4999 r 520
r 2 i 506437 s 5000 f 2
r 2 i 506272 s 5000 f 1 wf
s 96725 

n 10000 l 4999 r 521
r 2 i 505605 s 5000 f 1 wf
r 2 i 506315 s 5000 f 1 wf
r 2 i 505771 s 5000 f 1 wf
r 2 i 505731 s 5000 f 1 wf
r 2 i 507351 s 5000 f 2
s 97495 

n 10000 l 4999 r 522
r 2 i 505960 s 5000 f 1 wf
r 2 i 506149 s 5000 f 1 wf
s 87466 

n 10000 l 4999 r 523
r 2 i 505754 s 5000 f 1 wf
r 2 i 506247 s 5000 f 2
r 2 i 506449 s 5000 f 1 wf
s 110492 

n 10000 l 4999 r 524
s 98565 

n 10000 l 4999 r 525
s 114846 

n 10000 l 4999 r 526
r 2 i 505954 s 5000 f 1 wf
s 106759 

n 10000 l 4999 r 527
s 105553 

n 10000 l 4999 r 528
s 111061 

n 10000 l 4999 r 529
r 2 i 505604 s 5000 f 2
r 2 i 506146 s 5000 f 1 wf
r 2 i 506030 s 5000 f 1 wf
r 2 i 505791 s 5000 f 1 wf
r 2 i 505880 s 5000 f 1 wf
r 2 i 506502 s 5000 f 2
r 2 i 505859 s 5000 f 1 wf
s 90256 

n 10000 l 4999 r 530
s 103961 

n 10000 l 4999 r 531
r 2 i 505970 s 5000 f 1 wf
r 2 i 506105 s 5000 f 1 wf
r 2 i 506270 s 5000 f 1 wf
r 2 i 505944 s 5000 f 1 wf
r 2 i 506162 s 5000 f 1 wf
r 2 i 506130 s 5000 f 1 wf
r 2 i 506132 s 5000 f 2
r 2 i 506049 s 5000 f 2
s 115339 

n 10000 l 4999 r 532
r 2 i 505725 s 5000 f 1 wf
s 93764 

n 10000 l 4999 r 533
r 2 i 506080 s 5000 f 2
s 80033 

n 10000 l 4999 r 534
r 2 i 506257 s 5000 f 1 wf
r 2 i 505863 s 5000 f 1 wf
r 2 i 505942 s 5000 f 1 wf
s 124111 

n 10000 l 4999 r 535
r 2 i 505809 s 5000 f 1 wf
r 2 i 505749 s 5000 f 1 wf
r 2 i 506270 s 5000 f 1 wf
r 2 i 506007 s 5000 f 2
r 2 i 505619 s 5000 f 1 wf
r 2 i 506339 s 5000 f 1 wf
r 2 i 505912 s 5000 f 2
r 2 i 505582 s 5000 f 1 wf
s 93701 

n 10000 l 4999 r 536
s 112416 

n 10000 l 4999 r 537
r 2 i 506240 s 5000 f 1 wf
s 91180 

n 10000 l 4999 r 538
r 2 i 505913 s 5000 f 2
s 87972 

n 10000 l 4999 r 539
r 2 i 505633 s 5000 f 1 wf
s 107215 

n 10000 l 4999 r 540
s 124101 

n 10000 l 4999 r 541
r 2 i 506308 s 5000 f 1 wf
s 91815 

n 10000 l 4999 r 542
r 2 i 505571 s 5000 f 1 wf
s 114347 

n 10000 l 4999 r 543
r 2 i 505605 s 5000 f 2
s 92294 

n 10000 l 4999 r 544
s 98721 

n 10000 l 4999 r 545
r 2 i 505935 s 5000 f 1 wf
r 2 i 505641 s 5000 f 1 wf
s 102270 

n 10000 l 4999 r 546
s 98689 

n 10000 l 4999 r 547
s 99756 

n 10000 l 4999 r 548
r 2 i 506025 s 5000 f 1 wf
s 97777 

n 10000 l 4999 r 549
r 2 i 505915 s 5000 f 1 wf
r 2 i 506151 s 5000 f 1 wf
r 2 i 505821 s 5000 f 1 wf
s 107604 

n 10000 l 4999 r 550
s 114264 

n 10000 l 4999 r 551
r 2 i 505912 s 5000 f 1 wf
s 93648 

n 10000 l 4999 r 552
r 2 i 505950 s 5000 f 1 wf
r 2 i 506051 s 5000 f 1 wf
r 2 i 505397 s 5000 f 1 wf
s 93729 

n 10000 l 4999 r 553
s 96617 

n 10000 l 4999 r 554
r 2 i 505424 s 5000 f 2
r 2 i 507100 s 5000 f 1 wf
r 2 i 505708 s 5000 f 2
s 129105 

n 10000 l 4999 r 555
r 2 i 505834 s 5000 f 1 wf
s 97322 

n 10000 l 4999 r 556
s 119215 

n 10000 l 4999 r 557
s 83639 

n 10000 l 4999 r 558
s 89765 

n 10000 l 4999 r 559
s 88479 

n 10000 l 4999 r 560
r 2 i 505853 s 5000 f 1 wf
s 90538 

n 10000 l 4999 r 561
s 92993 

n 10000 l 4999 r 562
r 2 i 506442 s 5000 f 1 wf
r 2 i 506182 s 5000 f 2
r 2 i 507684 s 5000 f 2
r 2 i 506089 s 5000 f 1 wf
r 2 i 509195 s 5000 f 1 wf
r 2 i 505398 s 5000 f 1 wf
r 2 i 506045 s 5000 f 1 wf
s 104853 

n 10000 l 4999 r 563
r 2 i 505838 s 5000 f 1 wf
r 2 i 505928 s 5000 f 1 wf
r 2 i 506059 s 5000 f 2
s 106881 

n 10000 l 4999 r 564
s 106330 

n 10000 l 4999 r 565
r 2 i 506368 s 5000 f 1 wf
s 106199 

n 10000 l 4999 r 566
r 2 i 508055 s 5000 f 1 wf
r 2 i 506074 s 5000 f 2
s 100567 

n 10000 l 4999 r 567
r 2 i 507645 s 5000 f 1 wf
s 100808 

n 10000 l 4999 r 568
r 2 i 506222 s 5000 f 1 wf
r 2 i 505755 s 5000 f 1 wf
r 2 i 505965 s 5000 f 1 wf
r 2 i 506323 s 5000 f 1 wf
r 2 i 506093 s 5000 f 1 wf
s 114954 

n 10000 l 4999 r 569
s 89866 

n 10000 l 4999 r 570
r 2 i 505500 s 5000 f 1 wf
s 86039 

n 10000 l 4999 r 571
s 130148 

n 10000 l 4999 r 572
r 2 i 506311 s 5000 f 1 wf
s 99521 

n 10000 l 4999 r 573
r 2 i 506336 s 5000 f 1 wf
r 2 i 506368 s 5000 f 1 wf
r 2 i 506057 s 5000 f 1 wf
r 2 i 506031 s 5000 f 1 wf
r 2 i 505888 s 5000 f 1 wf
s 108223 

n 10000 l 4999 r 574
s 100638 

n 10000 l 4999 r 575
r 2 i 505522 s 5000 f 1 wf
s 106080 

n 10000 l 4999 r 576
r 2 i 507079 s 5000 f 1 wf
r 2 i 507466 s 5000 f 1 wf
s 106949 

n 10000 l 4999 r 577
s 86938 

n 10000 l 4999 r 578
r 2 i 505501 s 5000 f 1 wf
r 2 i 505889 s 5000 f 1 wf
s 95673 

n 10000 l 4999 r 579
r 2 i 505871 s 5000 f 1 wf
r 2 i 505836 s 5000 f 2
r 2 i 506540 s 5000 f 1 wf
r 2 i 506145 s 5000 f 1 wf
r 2 i 505976 s 5000 f 1 wf
r 2 i 506305 s 5000 f 2
s 162780 

n 10000 l 4999 r 580
r 2 i 505515 s 5000 f 1 wf
s 86262 

n 10000 l 4999 r 581
r 2 i 505693 s 5000 f 2
r 2 i 506278 s 5000 f 1 wf
r 2 i 505776 s 5000 f 1 wf
r 2 i 506300 s 5000 f 1 wf
r 2 i 505829 s 5000 f 2
r 2 i 506658 s 5000 f 2
s 91945 

n 10000 l 4999 r 582
r 2 i 505967 s 5000 f 2
s 95300 

n 10000 l 4999 r 583
s 130807 

n 10000 l 4999 r 584
r 2 i 507310 s 5000 f 2
s 106319 

n 10000 l 4999 r 585
r 2 i 506057 s 5000 f 1 wf
s 85531 

n 10000 l 4999 r 586
r 2 i 506135 s 5000 f 2
r 2 i 505814 s 5000 f 2
s 99019 

n 10000 l 4999 r 587
r 2 i 505992 s 5000 f 1 wf
r 2 i 506392 s 5000 f 1 wf
s 101375 

n 10000 l 4999 r 588
s 102809 

n 10000 l 4999 r 589
r 2 i 505293 s 5000 f 1 wf
r 2 i 506208 s 5000 f 1 wf
s 107750 

n 10000 l 4999 r 590
s 94433 

n 10000 l 4999 r 591
r 2 i 506185 s 5000 f 1 wf
r 2 i 505849 s 5000 f 1 wf
s 123372 

n 10000 l 4999 r 592
s 89994 

n 10000 l 4999 r 593
r 2 i 505882 s 5000 f 1 wf
s 95601 

n 10000 l 4999 r 594
r 2 i 506698 s 5000 f 1 wf
r 2 i 505668 s 5000 f 2
r 2 i 507638 s 5000 f 1 wf
s 124483 

n 10000 l 4999 r 595
s 108889 

n 10000 l 4999 r 596
s 94380 

n 10000 l 4999 r 597
r 2 i 505942 s 5000 f 1 wf
s 110247 

n 10000 l 4999 r 598
r 2 i 505860 s 5000 f 1 wf
s 83609 

n 10000 l 4999 r 599
r 2 i 506181 s 5000 f 1 wf
r 2 i 505681 s 5000 f 2
r 2 i 506197 s 5000 f 1 wf
r 2 i 505579 s 5000 f 1 wf
r 2 i 506068 s 5000 f 2
r 2 i 505716 s 5000 f 2
r 2 i 505950 s 5000 f 1 wf
r 2 i 506186 s 5000 f 2
r 2 i 505683 s 5000 f 1 wf
s 91715 

n 10000 l 4999 r 600
s 101644 

n 10000 l 4999 r 601
r 2 i 506289 s 5000 f 1 wf
r 2 i 506400 s 5000 f 2
r 2 i 506811 s 5000 f 1 wf
s 99821 

n 10000 l 4999 r 602
s 90803 

n 10000 l 4999 r 603
r 2 i 505666 s 5000 f 1 wf
r 2 i 514952 s 5000 f 2
s 91746 

n 10000 l 4999 r 604
r 2 i 509925 s 5000 f 2
s 113216 

n 10000 l 4999 r 605
r 2 i 506456 s 5000 f 1 wf
s 80669 

n 10000 l 4999 r 606
r 2 i 505794 s 5000 f 1 wf
s 98677 

n 10000 l 4999 r 607
s 99456 

n 10000 l 4999 r 608
s 88546 

n 10000 l 4999 r 609
r 2 i 505991 s 5000 f 1 wf
r 2 i 505405 s 5000 f 1 wf
r 2 i 506893 s 5000 f 1 wf
r 2 i 506687 s 5000 f 1 wf
r 2 i 505476 s 5000 f 1 wf
s 101609 

n 10000 l 4999 r 610
r 2 i 505598 s 5000 f 1 wf
s 93505 

n 10000 l 4999 r 611
r 2 i 506103 s 5000 f 1 wf
s 181031 

n 10000 l 4999 r 612
r 2 i 505932 s 5000 f 2
s 78821 

n 10000 l 4999 r 613
r 2 i 505708 s 5000 f 1 wf
s 132430 

n 10000 l 4999 r 614
s 94509 

n 10000 l 4999 r 615
r 2 i 506130 s 5000 f 2
r 2 i 505772 s 5000 f 1 wf
r 2 i 506001 s 5000 f 1 wf
s 122634 

n 10000 l 4999 r 616
r 2 i 505765 s 5000 f 1 wf
s 93698 

n 10000 l 4999 r 617
s 108932 

n 10000 l 4999 r 618
s 99438 

n 10000 l 4999 r 619
r 2 i 505963 s 5000 f 1 wf
s 99699 

n 10000 l 4999 r 620
r 2 i 505533 s 5000 f 1 wf
r 2 i 506970 s 5000 f 1 wf
s 109287 

n 10000 l 4999 r 621
s 85067 

n 10000 l 4999 r 622
s 102940 

n 10000 l 4999 r 623
r 2 i 507609 s 5000 f 2
r 2 i 506047 s 5000 f 2
r 2 i 505214 s 5000 f 2
r 2 i 505657 s 5000 f 1 wf
s 104249 

n 10000 l 4999 r 624
s 125453 

n 10000 l 4999 r 625
r 2 i 506324 s 5000 f 1 wf
r 2 i 506009 s 5000 f 2
r 2 i 506141 s 5000 f 1 wf
s 120288 

n 10000 l 4999 r 626
s 90213 

n 10000 l 4999 r 627
r 2 i 505911 s 5000 f 1 wf
s 89828 

n 10000 l 4999 r 628
r 2 i 505684 s 5000 f 1 wf
s 90798 

n 10000 l 4999 r 629
r 2 i 505549 s 5000 f 1 wf
s 97745 

n 10000 l 4999 r 630
r 2 i 506528 s 5000 f 1 wf
r 2 i 505580 s 5000 f 1 wf
r 2 i 506090 s 5000 f 1 wf
s 95733 

n 10000 l 4999 r 631
r 2 i 505456 s 5000 f 1 wf
s 90319 

n 10000 l 4999 r 632
s 96334 

n 10000 l 4999 r 633
r 2 i 505893 s 5000 f 2
r 2 i 505597 s 5000 f 2
r 2 i 505806 s 5000 f 2
s 105311 

n 10000 l 4999 r 634
r 2 i 505560 s 5000 f 1 wf
r 2 i 505485 s 5000 f 2
r 2 i 506478 s 5000 f 1 wf
s 104530 

n 10000 l 4999 r 635
r 2 i 505462 s 5000 f 1 wf
r 2 i 505833 s 5000 f 1 wf
s 89720 

n 10000 l 4999 r 636
r 2 i 507594 s 5000 f 1 wf
s 98933 

n 10000 l 4999 r 637
s 113790 

n 10000 l 4999 r 638
r 2 i 506183 s 5000 f 1 wf
r 2 i 505970 s 5000 f 1 wf
r 2 i 505792 s 5000 f 1 wf
r 2 i 505980 s 5000 f 1 wf
s 128264 

n 10000 l 4999 r 639
s 100005 

n 10000 l 4999 r 640
r 2 i 506315 s 5000 f 2
s 89363 

n 10000 l 4999 r 641
s 90157 

n 10000 l 4999 r 642
s 92438 

n 10000 l 4999 r 643
r 2 i 505705 s 5000 f 2
r 2 i 505225 s 5000 f 1 wf
r 2 i 505769 s 5000 f 1 wf
r 2 i 505910 s 5000 f 1 wf
r 2 i 505870 s 5000 f 1 wf
s 99228 

n 10000 l 4999 r 644
r 2 i 506000 s 5000 f 2
r 2 i 506053 s 5000 f 2
s 117313 

n 10000 l 4999 r 645
r 2 i 506043 s 5000 f 1 wf
r 2 i 506579 s 5000 f 1 wf
r 2 i 505787 s 5000 f 1 wf
s 104221 

n 10000 l 4999 r 646
s 97913 

n 10000 l 4999 r 647
r 2 i 506496 s 5000 f 1 wf
s 90461 

n 10000 l 4999 r 648
r 2 i 505759 s 5000 f 1 wf
r 2 i 505888 s 5000 f 1 wf
s 94488 

n 10000 l 4999 r 649
s 84161 

n 10000 l 4999 r 650
r 2 i 505532 s 5000 f 2
s 94983 

n 10000 l 4999 r 651
s 122682 

n 10000 l 4999 r 652
s 96681 

n 10000 l 4999 r 653
r 2 i 505892 s 5000 f 1 wf
r 2 i 506367 s 5000 f 1 wf
r 2 i 506218 s 5000 f 2
r 2 i 505988 s 5000 f 1 wf
s 97916 

n 10000 l 4999 r 654
s 85673 

n 10000 l 4999 r 655
r 2 i 506006 s 5000 f 1 wf
s 123748 

n 10000 l 4999 r 656
s 113730 

n 10000 l 4999 r 657
r 2 i 505563 s 5000 f 1 wf
s 110873 

n 10000 l 4999 r 658
s 87297 

n 10000 l 4999 r 659
s 92162 

n 10000 l 4999 r 660
s 110700 

n 10000 l 4999 r 661
s 92556 

n 10000 l 4999 r 662
r 2 i 506152 s 5000 f 1 wf
r 2 i 506119 s 5000 f 1 wf
r 2 i 505775 s 5000 f 1 wf
r 2 i 505745 s 5000 f 1 wf
r 2 i 505933 s 5000 f 1 wf
r 2 i 506144 s 5000 f 1 wf
r 2 i 505852 s 5000 f 1 wf
r 2 i 506269 s 5000 f 1 wf
r 2 i 505570 s 5000 f 1 wf
s 80428 

n 10000 l 4999 r 663
r 2 i 506006 s 5000 f 2
s 99452 

n 10000 l 4999 r 664
r 2 i 506004 s 5000 f 1 wf
s 106200 

n 10000 l 4999 r 665
s 85987 

n 10000 l 4999 r 666
r 2 i 505809 s 5000 f 1 wf
r 2 i 506921 s 5000 f 1 wf
s 106082 

n 10000 l 4999 r 667
r 2 i 505991 s 5000 f 1 wf
r 2 i 505819 s 5000 f 2
r 2 i 505712 s 5000 f 1 wf
s 92703 

n 10000 l 4999 r 668
r 2 i 506029 s 5000 f 1 wf
r 2 i 505886 s 5000 f 1 wf
r 2 i 506105 s 5000 f 2
s 124378 

n 10000 l 4999 r 669
r 2 i 506145 s 5000 f 1 wf
s 87681 

n 10000 l 4999 r 670
s 91275 

n 10000 l 4999 r 671
s 99101 

n 10000 l 4999 r 672
r 2 i 506154 s 5000 f 1 wf
s 98687 

n 10000 l 4999 r 673
r 2 i 506276 s 5000 f 1 wf
s 125436 

n 10000 l 4999 r 674
r 2 i 506286 s 5000 f 1 wf
r 2 i 505866 s 5000 f 2
s 116180 

n 10000 l 4999 r 675
r 2 i 506085 s 5000 f 1 wf
r 2 i 506011 s 5000 f 1 wf
r 2 i 506402 s 5000 f 1 wf
r 2 i 505792 s 5000 f 1 wf
s 99769 

n 10000 l 4999 r 676
r 2 i 506225 s 5000 f 2
r 2 i 506032 s 5000 f 1 wf
r 2 i 506034 s 5000 f 1 wf
r 2 i 505871 s 5000 f 1 wf
s 82718 

n 10000 l 4999 r 677
r 2 i 506128 s 5000 f 2
s 109216 

n 10000 l 4999 r 678
r 2 i 505405 s 5000 f 2
r 2 i 506144 s 5000 f 1 wf
s 88591 

n 10000 l 4999 r 679
r 2 i 506369 s 5000 f 1 wf
s 105009 

n 10000 l 4999 r 680
s 96484 

n 10000 l 4999 r 681
s 89850 

n 10000 l 4999 r 682
r 2 i 506258 s 5000 f 1 wf
r 2 i 505740 s 5000 f 1 wf
s 106062 

n 10000 l 4999 r 683
s 112536 

n 10000 l 4999 r 684
r 2 i 509254 s 5000 f 1 wf
r 2 i 514142 s 5000 f 1 wf
r 2 i 506092 s 5000 f 2
s 106052 

n 10000 l 4999 r 685
r 2 i 506466 s 5000 f 2
r 2 i 506473 s 5000 f 1 wf
r 2 i 506133 s 5000 f 2
r 2 i 505773 s 5000 f 1 wf
s 97072 

n 10000 l 4999 r 686
r 2 i 505920 s 5000 f 1 wf
r 2 i 506178 s 5000 f 1 wf
r 2 i 505895 s 5000 f 1 wf
s 127002 

n 10000 l 4999 r 687
s 102714 

n 10000 l 4999 r 688
r 2 i 505838 s 5000 f 2
s 112800 

n 10000 l 4999 r 689
r 2 i 505884 s 5000 f 1 wf
r 2 i 506476 s 5000 f 1 wf
s 169398 

n 10000 l 4999 r 690
s 103289 

n 10000 l 4999 r 691
r 2 i 506206 s 5000 f 1 wf
r 2 i 506032 s 5000 f 1 wf
s 111699 

n 10000 l 4999 r 692
s 108337 

n 10000 l 4999 r 693
r 2 i 505688 s 5000 f 2
r 2 i 506148 s 5000 f 2
r 2 i 506237 s 5000 f 1 wf
r 2 i 509294 s 5000 f 1 wf
s 120530 

n 10000 l 4999 r 694
r 2 i 506048 s 5000 f 1 wf
s 105509 

n 10000 l 4999 r 695
s 94938 

n 10000 l 4999 r 696
s 91466 

n 10000 l 4999 r 697
r 2 i 505997 s 5000 f 1 wf
r 2 i 505650 s 5000 f 2
s 110019 

n 10000 l 4999 r 698
s 103457 

n 10000 l 4999 r 699
s 114031 

n 10000 l 4999 r 700
r 2 i 505741 s 5000 f 2
r 2 i 506023 s 5000 f 1 wf
r 2 i 505766 s 5000 f 2
s 106887 

n 10000 l 4999 r 701
s 111410 

n 10000 l 4999 r 702
r 2 i 506621 s 5000 f 1 wf
r 2 i 505931 s 5000 f 1 wf
s 120428 

n 10000 l 4999 r 703
s 109110 

n 10000 l 4999 r 704
s 96399 

n 10000 l 4999 r 705
r 2 i 505881 s 5000 f 1 wf
s 99464 

n 10000 l 4999 r 706
r 2 i 506376 s 5000 f 1 wf
r 2 i 505619 s 5000 f 1 wf
r 2 i 506164 s 5000 f 1 wf
r 2 i 505891 s 5000 f 1 wf
r 2 i 505972 s 5000 f 2
r 2 i 506337 s 5000 f 1 wf
r 2 i 505964 s 5000 f 1 wf
r 2 i 505643 s 5000 f 1 wf
r 2 i 505632 s 5000 f 1 wf
r 2 i 505894 s 5000 f 1 wf
r 2 i 505959 s 5000 f 1 wf
r 2 i 505841 s 5000 f 1 wf
r 2 i 505889 s 5000 f 2
r 2 i 505872 s 5000 f 2
r 2 i 506093 s 5000 f 1 wf
r 2 i 506155 s 5000 f 1 wf
s 117621 

n 10000 l 4999 r 707
r 2 i 505802 s 5000 f 1 wf
s 103784 

n 10000 l 4999 r 708
s 96328 

n 10000 l 4999 r 709
s 105100 

n 10000 l 4999 r 710
r 2 i 505757 s 5000 f 2
r 2 i 505783 s 5000 f 1 wf
s 87444 

n 10000 l 4999 r 711
s 116587 

n 10000 l 4999 r 712
s 115376 

n 10000 l 4999 r 713
r 2 i 505654 s 5000 f 1 wf
r 2 i 506060 s 5000 f 1 wf
s 95052 

n 10000 l 4999 r 714
r 2 i 505546 s 5000 f 2
r 2 i 505785 s 5000 f 1 wf
r 2 i 505838 s 5000 f 1 wf
s 91917 

n 10000 l 4999 r 715
r 2 i 505556 s 5000 f 2
s 111580 

n 10000 l 4999 r 716
r 2 i 506025 s 5000 f 1 wf
r 2 i 505813 s 5000 f 1 wf
s 101586 

n 10000 l 4999 r 717
r 2 i 506156 s 5000 f 1 wf
r 2 i 506146 s 5000 f 2
r 2 i 506113 s 5000 f 2
r 2 i 506018 s 5000 f 1 wf
s 97748 

n 10000 l 4999 r 718
s 100999 

n 10000 l 4999 r 719
s 93690 

n 10000 l 4999 r 720
r 2 i 506434 s 5000 f 1 wf
r 2 i 505913 s 5000 f 1 wf
s 96466 

n 10000 l 4999 r 721
r 2 i 505811 s 5000 f 1 wf
s 109867 

n 10000 l 4999 r 722
r 2 i 505649 s 5000 f 2
r 2 i 509538 s 5000 f 1 wf
r 2 i 505575 s 5000 f 1 wf
s 111328 

n 10000 l 4999 r 723
r 2 i 505639 s 5000 f 1 wf
s 76833 

n 10000 l 4999 r 724
r 2 i 506560 s 5000 f 1 wf
r 2 i 506126 s 5000 f 1 wf
s 105812 

n 10000 l 4999 r 725
r 2 i 505934 s 5000 f 2
r 2 i 505436 s 5000 f 1 wf
r 2 i 505800 s 5000 f 1 wf
r 2 i 506042 s 5000 f 1 wf
r 2 i 505875 s 5000 f 1 wf
r 2 i 505941 s 5000 f 1 wf
s 104899 

n 10000 l 4999 r 726
r 2 i 505802 s 5000 f 1 wf
r 2 i 505728 s 5000 f 1 wf
r 2 i 505865 s 5000 f 2
r 2 i 506407 s 5000 f 1 wf
s 99880 

n 10000 l 4999 r 727
r 2 i 506264 s 5000 f 1 wf
s 97121 

n 10000 l 4999 r 728
s 108143 

n 10000 l 4999 r 729
r 2 i 505959 s 5000 f 1 wf
r 2 i 505925 s 5000 f 1 wf
r 2 i 506078 s 5000 f 1 wf
s 83822 

n 10000 l 4999 r 730
r 2 i 506010 s 5000 f 1 wf
r 2 i 505686 s 5000 f 2
s 134998 

n 10000 l 4999 r 731
s 110203 

n 10000 l 4999 r 732
r 2 i 505681 s 5000 f 2
r 2 i 506174 s 5000 f 1 wf
r 2 i 505533 s 5000 f 1 wf
s 86386 

n 10000 l 4999 r 733
r 2 i 506057 s 5000 f 1 wf
r 2 i 509019 s 5000 f 1 wf
r 2 i 505952 s 5000 f 1 wf
r 2 i 505826 s 5000 f 1 wf
r 2 i 505993 s 5000 f 1 wf
s 109471 

n 10000 l 4999 r 734
s 94698 

n 10000 l 4999 r 735
r 2 i 506111 s 5000 f 1 wf
r 2 i 506193 s 5000 f 1 wf
r 2 i 505815 s 5000 f 2
r 2 i 508174 s 5000 f 1 wf
s 115389 

n 10000 l 4999 r 736
r 2 i 505815 s 5000 f 1 wf
r 2 i 505978 s 5000 f 1 wf
s 105594 

n 10000 l 4999 r 737
r 2 i 505532 s 5000 f 1 wf
r 2 i 505994 s 5000 f 1 wf
r 2 i 506440 s 5000 f 2
s 112490 

n 10000 l 4999 r 738
r 2 i 505698 s 5000 f 1 wf
r 2 i 505943 s 5000 f 1 wf
s 113293 

n 10000 l 4999 r 739
r 2 i 506086 s 5000 f 1 wf
s 108011 

n 10000 l 4999 r 740
r 2 i 505939 s 5000 f 1 wf
s 134282 

n 10000 l 4999 r 741
s 88149 

n 10000 l 4999 r 742
s 93594 

n 10000 l 4999 r 743
s 93383 

n 10000 l 4999 r 744
s 92040 

n 10000 l 4999 r 745
r 2 i 505731 s 5000 f 1 wf
s 99462 

n 10000 l 4999 r 746
s 103254 

n 10000 l 4999 r 747
r 2 i 505624 s 5000 f 1 wf
r 2 i 505998 s 5000 f 1 wf
r 2 i 505741 s 5000 f 1 wf
r 2 i 506324 s 5000 f 1 wf
r 2 i 506036 s 5000 f 1 wf
r 2 i 505868 s 5000 f 1 wf
r 2 i 505739 s 5000 f 1 wf
s 110439 

n 10000 l 4999 r 748
s 90838 

n 10000 l 4999 r 749
s 92394 

n 10000 l 4999 r 750
s 119194 

n 10000 l 4999 r 751
r 2 i 505622 s 5000 f 1 wf
s 134890 

n 10000 l 4999 r 752
r 2 i 505836 s 5000 f 1 wf
s 105836 

n 10000 l 4999 r 753
r 2 i 505932 s 5000 f 1 wf
r 2 i 506237 s 5000 f 1 wf
r 2 i 506024 s 5000 f 1 wf
s 101547 

n 10000 l 4999 r 754
s 104518 

n 10000 l 4999 r 755
r 2 i 505952 s 5000 f 1 wf
r 2 i 506063 s 5000 f 1 wf
r 2 i 506481 s 5000 f 1 wf
r 2 i 506103 s 5000 f 1 wf
s 113035 

n 10000 l 4999 r 756
r 2 i 506556 s 5000 f 1 wf
r 2 i 506263 s 5000 f 1 wf
s 94603 

n 10000 l 4999 r 757
s 107249 

n 10000 l 4999 r 758
r 2 i 506826 s 5000 f 1 wf
r 2 i 506124 s 5000 f 1 wf
r 2 i 506173 s 5000 f 1 wf
r 2 i 505760 s 5000 f 1 wf
r 2 i 505869 s 5000 f 1 wf
r 2 i 505926 s 5000 f 1 wf
r 2 i 505748 s 5000 f 2
r 2 i 505934 s 5000 f 1 wf
s 93059 

n 10000 l 4999 r 759
r 2 i 506122 s 5000 f 1 wf
s 96922 

n 10000 l 4999 r 760
r 2 i 506286 s 5000 f 1 wf
s 166146 

n 10000 l 4999 r 761
s 90612 

n 10000 l 4999 r 762
s 105298 

n 10000 l 4999 r 763
s 97516 

n 10000 l 4999 r 764
r 2 i 505571 s 5000 f 1 wf
r 2 i 506164 s 5000 f 1 wf
s 97421 

n 10000 l 4999 r 765
r 2 i 505812 s 5000 f 1 wf
r 2 i 505736 s 5000 f 1 wf
s 93308 

n 10000 l 4999 r 766
r 2 i 505458 s 5000 f 1 wf
s 110099 

n 10000 l 4999 r 767
s 116741 

n 10000 l 4999 r 768
s 92852 

n 10000 l 4999 r 769
s 95772 

n 10000 l 4999 r 770
r 2 i 505862 s 5000 f 1 wf
r 2 i 506326 s 5000 f 1 wf
s 107108 

n 10000 l 4999 r 771
r 2 i 506782 s 5000 f 1 wf
s 93817 

n 10000 l 4999 r 772
r 2 i 517920 s 5000 f 1 wf
s 115768 

n 10000 l 4999 r 773
r 2 i 506336 s 5000 f 2
r 2 i 506034 s 5000 f 1 wf
r 2 i 506000 s 5000 f 1 wf
r 2 i 505967 s 5000 f 1 wf
r 2 i 506060 s 5000 f 1 wf
s 91204 

n 10000 l 4999 r 774
s 121954 

n 10000 l 4999 r 775
s 93247 

n 10000 l 4999 r 776
s 89338 

n 10000 l 4999 r 777
r 2 i 505868 s 5000 f 1 wf
s 95409 

n 10000 l 4999 r 778
s 117951 

n 10000 l 4999 r 779
s 116904 

n 10000 l 4999 r 780
s 91231 

n 10000 l 4999 r 781
s 97543 

n 10000 l 4999 r 782
r 2 i 506020 s 5000 f 2
r 2 i 506062 s 5000 f 2
s 90188 

n 10000 l 4999 r 783
r 2 i 505774 s 5000 f 1 wf
s 102350 

n 10000 l 4999 r 784
s 105438 

n 10000 l 4999 r 785
r 2 i 505927 s 5000 f 1 wf
r 2 i 506193 s 5000 f 1 wf
r 2 i 505795 s 5000 f 2
s 123009 

n 10000 l 4999 r 786
s 91585 

n 10000 l 4999 r 787
s 114141 

n 10000 l 4999 r 788
r 2 i 506067 s 5000 f 1 wf
r 2 i 506460 s 5000 f 1 wf
s 115163 

n 10000 l 4999 r 789
s 88717 

n 10000 l 4999 r 790
r 2 i 506211 s 5000 f 1 wf
r 2 i 505761 s 5000 f 1 wf
r 2 i 506261 s 5000 f 1 wf
r 2 i 505715 s 5000 f 1 wf
r 2 i 506388 s 5000 f 2
r 2 i 514151 s 5000 f 1 wf
s 114499 

n 10000 l 4999 r 791
r 2 i 506006 s 5000 f 2
s 88667 

n 10000 l 4999 r 792
s 88903 

n 10000 l 4999 r 793
s 89020 

n 10000 l 4999 r 794
r 2 i 514405 s 5000 f 1 wf
s 137422 

n 10000 l 4999 r 795
r 2 i 505991 s 5000 f 1 wf
s 99567 

n 10000 l 4999 r 796
s 121233 

n 10000 l 4999 r 797
s 93534 

n 10000 l 4999 r 798
r 2 i 505963 s 5000 f 1 wf
s 86135 

n 10000 l 4999 r 799
r 2 i 506233 s 5000 f 1 wf
s 76834 

n 10000 l 4999 r 800
s 94680 

n 10000 l 4999 r 801
r 2 i 505870 s 5000 f 1 wf
r 2 i 505609 s 5000 f 1 wf
s 83103 

n 10000 l 4999 r 802
r 2 i 506234 s 5000 f 2
s 113288 

n 10000 l 4999 r 803
r 2 i 506177 s 5000 f 1 wf
s 113845 

n 10000 l 4999 r 804
r 2 i 506026 s 5000 f 1 wf
r 2 i 505979 s 5000 f 2
r 2 i 505951 s 5000 f 1 wf
r 2 i 506372 s 5000 f 2
r 2 i 507342 s 5000 f 1 wf
r 2 i 505760 s 5000 f 1 wf
s 99045 

n 10000 l 4999 r 805
s 102837 

n 10000 l 4999 r 806
r 2 i 505903 s 5000 f 1 wf
r 2 i 506256 s 5000 f 2
r 2 i 506353 s 5000 f 2
r 2 i 505988 s 5000 f 1 wf
s 80858 

n 10000 l 4999 r 807
s 100413 

n 10000 l 4999 r 808
s 108922 

n 10000 l 4999 r 809
r 2 i 505951 s 5000 f 1 wf
r 2 i 506138 s 5000 f 1 wf
r 2 i 506102 s 5000 f 1 wf
s 95656 

n 10000 l 4999 r 810
r 2 i 505265 s 5000 f 1 wf
s 105516 

n 10000 l 4999 r 811
r 2 i 505304 s 5000 f 1 wf
s 90959 

n 10000 l 4999 r 812
s 103095 

n 10000 l 4999 r 813
r 2 i 505748 s 5000 f 2
r 2 i 505798 s 5000 f 1 wf
r 2 i 506024 s 5000 f 1 wf
r 2 i 506324 s 5000 f 1 wf
s 91159 

n 10000 l 4999 r 814
r 2 i 505666 s 5000 f 1 wf
s 118623 

n 10000 l 4999 r 815
r 2 i 506371 s 5000 f 1 wf
s 91889 

n 10000 l 4999 r 816
r 2 i 505760 s 5000 f 1 wf
s 93111 

n 10000 l 4999 r 817
r 2 i 505980 s 5000 f 1 wf
r 2 i 506771 s 5000 f 1 wf
s 105012 

n 10000 l 4999 r 818
r 2 i 506856 s 5000 f 2
s 88586 

n 10000 l 4999 r 819
s 83886 

n 10000 l 4999 r 820
r 2 i 506944 s 5000 f 2
s 86886 

n 10000 l 4999 r 821
r 2 i 505489 s 5000 f 1 wf
r 2 i 505669 s 5000 f 1 wf
r 2 i 506409 s 5000 f 1 wf
s 103847 

n 10000 l 4999 r 822
r 2 i 506021 s 5000 f 2
r 2 i 505513 s 5000 f 1 wf
s 106237 

n 10000 l 4999 r 823
r 2 i 506173 s 5000 f 1 wf
r 2 i 506220 s 5000 f 1 wf
s 106315 

n 10000 l 4999 r 824
s 90550 

n 10000 l 4999 r 825
s 112016 

n 10000 l 4999 r 826
r 2 i 505916 s 5000 f 1 wf
r 2 i 506064 s 5000 f 2
r 2 i 505833 s 5000 f 1 wf
r 2 i 506698 s 5000 f 2
r 2 i 505793 s 5000 f 2
r 2 i 506556 s 5000 f 2
r 2 i 505361 s 5000 f 1 wf
s 100103 

n 10000 l 4999 r 827
s 87286 

n 10000 l 4999 r 828
r 2 i 505522 s 5000 f 1 wf
r 2 i 506810 s 5000 f 1 wf
s 100262 

n 10000 l 4999 r 829
s 103737 

n 10000 l 4999 r 830
s 120403 

n 10000 l 4999 r 831
s 92895 

n 10000 l 4999 r 832
r 2 i 506054 s 5000 f 2
s 122310 

n 10000 l 4999 r 833
r 2 i 505691 s 5000 f 1 wf
r 2 i 505714 s 5000 f 1 wf
s 109325 

n 10000 l 4999 r 834
r 2 i 505707 s 5000 f 1 wf
r 2 i 505772 s 5000 f 1 wf
r 2 i 505846 s 5000 f 1 wf
r 2 i 506055 s 5000 f 1 wf
s 108422 

n 10000 l 4999 r 835
s 98534 

n 10000 l 4999 r 836
s 112755 

n 10000 l 4999 r 837
r 2 i 505906 s 5000 f 1 wf
r 2 i 506067 s 5000 f 1 wf
r 2 i 505942 s 5000 f 1 wf
r 2 i 506109 s 5000 f 1 wf
r 2 i 506189 s 5000 f 2
s 115160 

n 10000 l 4999 r 838
s 97942 

n 10000 l 4999 r 839
r 2 i 505772 s 5000 f 1 wf
s 91074 

n 10000 l 4999 r 840
s 85549 

n 10000 l 4999 r 841
r 2 i 505900 s 5000 f 1 wf
r 2 i 506369 s 5000 f 1 wf
s 115686 

n 10000 l 4999 r 842
r 2 i 505653 s 5000 f 2
s 103347 

n 10000 l 4999 r 843
r 2 i 505723 s 5000 f 1 wf
s 95430 

n 10000 l 4999 r 844
s 127463 

n 10000 l 4999 r 845
r 2 i 505639 s 5000 f 1 wf
r 2 i 505886 s 5000 f 1 wf
r 2 i 505453 s 5000 f 1 wf
r 2 i 505716 s 5000 f 1 wf
r 2 i 505576 s 5000 f 1 wf
r 2 i 506404 s 5000 f 1 wf
s 91914 

n 10000 l 4999 r 846
s 94882 

n 10000 l 4999 r 847
r 2 i 506143 s 5000 f 1 wf
s 101343 

n 10000 l 4999 r 848
r 2 i 506343 s 5000 f 1 wf
s 107562 

n 10000 l 4999 r 849
r 2 i 506034 s 5000 f 1 wf
s 111774 

n 10000 l 4999 r 850
r 2 i 506257 s 5000 f 2
s 89201 

n 10000 l 4999 r 851
s 122291 

n 10000 l 4999 r 852
r 2 i 506319 s 5000 f 2
r 2 i 505662 s 5000 f 1 wf
s 105685 

n 10000 l 4999 r 853
s 111193 

n 10000 l 4999 r 854
r 2 i 506090 s 5000 f 1 wf
r 2 i 506880 s 5000 f 1 wf
s 135042 

n 10000 l 4999 r 855
s 105755 

n 10000 l 4999 r 856
r 2 i 505885 s 5000 f 2
s 84065 

n 10000 l 4999 r 857
s 118780 

n 10000 l 4999 r 858
s 102831 

n 10000 l 4999 r 859
s 99553 

n 10000 l 4999 r 860
r 2 i 506403 s 5000 f 2
r 2 i 506457 s 5000 f 2
r 2 i 505971 s 5000 f 1 wf
s 89967 

n 10000 l 4999 r 861
r 2 i 505589 s 5000 f 1 wf
r 2 i 507313 s 5000 f 1 wf
s 108120 

n 10000 l 4999 r 862
r 2 i 506458 s 5000 f 1 wf
r 2 i 505692 s 5000 f 1 wf
s 113006 

n 10000 l 4999 r 863
r 2 i 506140 s 5000 f 1 wf
s 103671 

n 10000 l 4999 r 864
s 88368 

n 10000 l 4999 r 865
s 122806 

n 10000 l 4999 r 866
r 2 i 505979 s 5000 f 1 wf
r 2 i 506225 s 5000 f 1 wf
r 2 i 506331 s 5000 f 2
r 2 i 505994 s 5000 f 1 wf
r 2 i 506043 s 5000 f 1 wf
s 118753 

n 10000 l 4999 r 867
r 2 i 506075 s 5000 f 1 wf
r 2 i 506226 s 5000 f 1 wf
r 2 i 506953 s 5000 f 1 wf
s 103007 

n 10000 l 4999 r 868
s 102263 

n 10000 l 4999 r 869
s 106062 

n 10000 l 4999 r 870
r 2 i 505679 s 5000 f 1 wf
r 2 i 506416 s 5000 f 1 wf
r 2 i 506020 s 5000 f 1 wf
r 2 i 505688 s 5000 f 1 wf
r 2 i 505973 s 5000 f 1 wf
r 2 i 505939 s 5000 f 1 wf
r 2 i 505847 s 5000 f 1 wf
r 2 i 505885 s 5000 f 1 wf
r 2 i 505893 s 5000 f 1 wf
r 2 i 506231 s 5000 f 1 wf
r 2 i 506132 s 5000 f 1 wf
r 2 i 506204 s 5000 f 1 wf
r 2 i 505979 s 5000 f 1 wf
s 105317 

n 10000 l 4999 r 871
r 2 i 506158 s 5000 f 1 wf
r 2 i 506044 s 5000 f 1 wf
r 2 i 505788 s 5000 f 1 wf
s 108019 

n 10000 l 4999 r 872
r 2 i 505961 s 5000 f 1 wf
r 2 i 505901 s 5000 f 1 wf
r 2 i 505723 s 5000 f 1 wf
s 122159 

n 10000 l 4999 r 873
r 2 i 506026 s 5000 f 2
r 2 i 506021 s 5000 f 1 wf
r 2 i 506019 s 5000 f 2
r 2 i 505722 s 5000 f 2
s 123870 

n 10000 l 4999 r 874
r 2 i 506317 s 5000 f 1 wf
s 87601 

n 10000 l 4999 r 875
r 2 i 506218 s 5000 f 2
s 97663 

n 10000 l 4999 r 876
r 2 i 506283 s 5000 f 1 wf
r 2 i 506288 s 5000 f 1 wf
r 2 i 505905 s 5000 f 1 wf
s 92149 

n 10000 l 4999 r 877
r 2 i 505230 s 5000 f 1 wf
s 82426 

n 10000 l 4999 r 878
r 2 i 505503 s 5000 f 1 wf
s 117684 

n 10000 l 4999 r 879
s 88984 

n 10000 l 4999 r 880
s 88492 

n 10000 l 4999 r 881
r 2 i 505727 s 5000 f 2
s 116772 

n 10000 l 4999 r 882
r 2 i 505744 s 5000 f 1 wf
r 2 i 506160 s 5000 f 1 wf
r 2 i 505623 s 5000 f 1 wf
s 134085 

n 10000 l 4999 r 883
r 2 i 505506 s 5000 f 1 wf
s 138553 

n 10000 l 4999 r 884
r 2 i 505873 s 5000 f 1 wf
r 2 i 506050 s 5000 f 1 wf
r 2 i 505916 s 5000 f 2
s 85455 

n 10000 l 4999 r 885
s 94805 

n 10000 l 4999 r 886
r 2 i 505978 s 5000 f 1 wf
r 2 i 506172 s 5000 f 1 wf
s 96683 

n 10000 l 4999 r 887
r 2 i 505997 s 5000 f 1 wf
s 97678 

n 10000 l 4999 r 888
r 2 i 505856 s 5000 f 1 wf
r 2 i 506154 s 5000 f 1 wf
s 126355 

n 10000 l 4999 r 889
s 93705 

n 10000 l 4999 r 890
r 2 i 506153 s 5000 f 1 wf
s 101744 

n 10000 l 4999 r 891
r 2 i 505916 s 5000 f 1 wf
s 122530 

n 10000 l 4999 r 892
s 101846 

n 10000 l 4999 r 893
r 2 i 506329 s 5000 f 1 wf
r 2 i 506327 s 5000 f 1 wf
r 2 i 506075 s 5000 f 2
r 2 i 506128 s 5000 f 1 wf
s 106289 

n 10000 l 4999 r 894
r 2 i 506595 s 5000 f 2
r 2 i 505601 s 5000 f 1 wf
r 2 i 505994 s 5000 f 1 wf
r 2 i 506016 s 5000 f 1 wf
s 98704 

n 10000 l 4999 r 895
r 2 i 506566 s 5000 f 1 wf
r 2 i 506188 s 5000 f 1 wf
r 2 i 505567 s 5000 f 1 wf
r 2 i 505821 s 5000 f 1 wf
r 2 i 505863 s 5000 f 1 wf
r 2 i 505802 s 5000 f 1 wf
r 2 i 506018 s 5000 f 2
r 2 i 506221 s 5000 f 1 wf
r 2 i 505643 s 5000 f 1 wf
r 2 i 506125 s 5000 f 1 wf
s 86960 

n 10000 l 4999 r 896
r 2 i 505807 s 5000 f 1 wf
r 2 i 506399 s 5000 f 1 wf
r 2 i 510869 s 5000 f 1 wf
s 103525 

n 10000 l 4999 r 897
r 2 i 506098 s 5000 f 1 wf
r 2 i 506180 s 5000 f 2
r 2 i 505888 s 5000 f 1 wf
r 2 i 506391 s 5000 f 1 wf
s 97323 

n 10000 l 4999 r 898
s 109612 

n 10000 l 4999 r 899
s 89544 

n 10000 l 4999 r 900
r 2 i 506806 s 5000 f 1 wf
r 2 i 506172 s 5000 f 1 wf
s 110841 

n 10000 l 4999 r 901
s 100755 

n 10000 l 4999 r 902
r 2 i 506071 s 5000 f 1 wf
s 116614 

n 10000 l 4999 r 903
r 2 i 506299 s 5000 f 1 wf
r 2 i 505702 s 5000 f 2
s 118033 

n 10000 l 4999 r 904
r 2 i 506366 s 5000 f 1 wf
r 2 i 505899 s 5000 f 1 wf
r 2 i 506061 s 5000 f 1 wf
s 92326 

n 10000 l 4999 r 905
r 2 i 505779 s 5000 f 2
r 2 i 506100 s 5000 f 1 wf
r 2 i 506730 s 5000 f 1 wf
s 124914 

n 10000 l 4999 r 906
r 2 i 505525 s 5000 f 1 wf
r 2 i 506006 s 5000 f 1 wf
r 2 i 506301 s 5000 f 1 wf
r 2 i 505937 s 5000 f 2
s 89175 

n 10000 l 4999 r 907
r 2 i 505732 s 5000 f 1 wf
r 2 i 506086 s 5000 f 1 wf
r 2 i 506378 s 5000 f 1 wf
r 2 i 506191 s 5000 f 1 wf
r 2 i 506101 s 5000 f 1 wf
s 101464 

n 10000 l 4999 r 908
s 106381 

n 10000 l 4999 r 909
r 2 i 505892 s 5000 f 1 wf
s 102937 

n 10000 l 4999 r 910
r 2 i 505554 s 5000 f 1 wf
s 98504 

n 10000 l 4999 r 911
r 2 i 506775 s 5000 f 2
r 2 i 509080 s 5000 f 1 wf
r 2 i 505831 s 5000 f 2
r 2 i 506268 s 5000 f 1 wf
s 85563 

n 10000 l 4999 r 912
s 95323 

n 10000 l 4999 r 913
r 2 i 506126 s 5000 f 2
r 2 i 505970 s 5000 f 1 wf
s 100040 

n 10000 l 4999 r 914
r 2 i 505722 s 5000 f 1 wf
r 2 i 506088 s 5000 f 1 wf
r 2 i 506621 s 5000 f 1 wf
s 106128 

n 10000 l 4999 r 915
r 2 i 505596 s 5000 f 1 wf
s 92722 

n 10000 l 4999 r 916
s 99337 

n 10000 l 4999 r 917
r 2 i 505493 s 5000 f 1 wf
r 2 i 506114 s 5000 f 1 wf
r 2 i 505976 s 5000 f 1 wf
s 89666 

n 10000 l 4999 r 918
r 2 i 506198 s 5000 f 1 wf
r 2 i 507214 s 5000 f 2
s 91881 

n 10000 l 4999 r 919
s 98180 

n 10000 l 4999 r 920
s 105281 

n 10000 l 4999 r 921
s 113670 

n 10000 l 4999 r 922
r 2 i 506377 s 5000 f 1 wf
r 2 i 505414 s 5000 f 1 wf
s 97923 

n 10000 l 4999 r 923
r 2 i 505961 s 5000 f 1 wf
r 2 i 505985 s 5000 f 1 wf
r 2 i 506233 s 5000 f 2
r 2 i 505899 s 5000 f 1 wf
r 2 i 506185 s 5000 f 1 wf
r 2 i 506027 s 5000 f 1 wf
r 2 i 506032 s 5000 f 1 wf
r 2 i 506085 s 5000 f 1 wf
r 2 i 506244 s 5000 f 1 wf
s 90926 

n 10000 l 4999 r 924
r 2 i 505632 s 5000 f 1 wf
r 2 i 505928 s 5000 f 2
s 117495 

n 10000 l 4999 r 925
r 2 i 506333 s 5000 f 1 wf
r 2 i 506280 s 5000 f 1 wf
s 90725 

n 10000 l 4999 r 926
s 87494 

n 10000 l 4999 r 927
r 2 i 505880 s 5000 f 1 wf
r 2 i 506093 s 5000 f 2
r 2 i 506374 s 5000 f 1 wf
r 2 i 506132 s 5000 f 1 wf
s 99896 

n 10000 l 4999 r 928
s 100332 

n 10000 l 4999 r 929
s 104884 

n 10000 l 4999 r 930
r 2 i 505912 s 5000 f 2
r 2 i 506225 s 5000 f 2
r 2 i 506287 s 5000 f 2
s 101639 

n 10000 l 4999 r 931
s 95344 

n 10000 l 4999 r 932
s 104128 

n 10000 l 4999 r 933
s 99057 

n 10000 l 4999 r 934
s 106602 

n 10000 l 4999 r 935
r 2 i 506037 s 5000 f 1 wf
s 91227 

n 10000 l 4999 r 936
s 95491 

n 10000 l 4999 r 937
s 117971 

n 10000 l 4999 r 938
r 2 i 506333 s 5000 f 1 wf
r 2 i 506370 s 5000 f 1 wf
s 93465 

n 10000 l 4999 r 939
r 2 i 506317 s 5000 f 2
r 2 i 506421 s 5000 f 1 wf
s 86211 

n 10000 l 4999 r 940
r 2 i 505385 s 5000 f 1 wf
s 88659 

n 10000 l 4999 r 941
r 2 i 505723 s 5000 f 1 wf
r 2 i 505922 s 5000 f 1 wf
r 2 i 506271 s 5000 f 1 wf
r 2 i 505911 s 5000 f 2
r 2 i 506448 s 5000 f 1 wf
s 117734 

n 10000 l 4999 r 942
s 97280 

n 10000 l 4999 r 943
s 108534 

n 10000 l 4999 r 944
r 2 i 506283 s 5000 f 1 wf
r 2 i 506504 s 5000 f 1 wf
r 2 i 505994 s 5000 f 1 wf
s 90307 

n 10000 l 4999 r 945
r 2 i 506491 s 5000 f 1 wf
s 104409 

n 10000 l 4999 r 946
s 100899 

n 10000 l 4999 r 947
r 2 i 505763 s 5000 f 2
s 97060 

n 10000 l 4999 r 948
r 2 i 505822 s 5000 f 1 wf
s 98345 

n 10000 l 4999 r 949
r 2 i 506566 s 5000 f 1 wf
s 90945 

n 10000 l 4999 r 950
r 2 i 505373 s 5000 f 1 wf
s 90667 

n 10000 l 4999 r 951
r 2 i 505900 s 5000 f 1 wf
r 2 i 506308 s 5000 f 1 wf
r 2 i 506165 s 5000 f 1 wf
r 2 i 505687 s 5000 f 1 wf
r 2 i 505860 s 5000 f 1 wf
r 2 i 506144 s 5000 f 1 wf
r 2 i 505905 s 5000 f 1 wf
s 100142 

n 10000 l 4999 r 952
s 82138 

n 10000 l 4999 r 953
r 2 i 505424 s 5000 f 1 wf
r 2 i 506388 s 5000 f 2
r 2 i 505959 s 5000 f 1 wf
r 2 i 505827 s 5000 f 2
s 97681 

n 10000 l 4999 r 954
r 2 i 505565 s 5000 f 1 wf
s 100260 

n 10000 l 4999 r 955
r 2 i 506081 s 5000 f 1 wf
r 2 i 506268 s 5000 f 1 wf
r 2 i 506663 s 5000 f 1 wf
s 113975 

n 10000 l 4999 r 956
r 2 i 505583 s 5000 f 2
r 2 i 505853 s 5000 f 1 wf
s 111590 

n 10000 l 4999 r 957
r 2 i 505620 s 5000 f 1 wf
r 2 i 506162 s 5000 f 1 wf
r 2 i 505671 s 5000 f 1 wf
s 94245 

n 10000 l 4999 r 958
r 2 i 506291 s 5000 f 1 wf
s 90367 

n 10000 l 4999 r 959
s 91285 

n 10000 l 4999 r 960
s 144300 

n 10000 l 4999 r 961
r 2 i 505558 s 5000 f 2
r 2 i 505705 s 5000 f 1 wf
r 2 i 506415 s 5000 f 1 wf
s 107214 

n 10000 l 4999 r 962
r 2 i 505900 s 5000 f 1 wf
s 89804 

n 10000 l 4999 r 963
r 2 i 516123 s 5000 f 2
r 2 i 505694 s 5000 f 1 wf
r 2 i 505935 s 5000 f 1 wf
s 88795 

n 10000 l 4999 r 964
s 99986 

n 10000 l 4999 r 965
s 107767 

n 10000 l 4999 r 966
r 2 i 506053 s 5000 f 2
s 122116 

n 10000 l 4999 r 967
r 2 i 505611 s 5000 f 1 wf
s 86707 

n 10000 l 4999 r 968
r 2 i 505629 s 5000 f 2
r 2 i 506154 s 5000 f 1 wf
r 2 i 505730 s 5000 f 1 wf
s 86608 

n 10000 l 4999 r 969
s 93270 

n 10000 l 4999 r 970
r 2 i 505512 s 5000 f 1 wf
s 90155 

n 10000 l 4999 r 971
r 2 i 506038 s 5000 f 1 wf
r 2 i 505692 s 5000 f 1 wf
r 2 i 506185 s 5000 f 1 wf
r 2 i 506017 s 5000 f 1 wf
r 2 i 506117 s 5000 f 2
s 129442 

n 10000 l 4999 r 972
r 2 i 505573 s 5000 f 1 wf
s 92949 

n 10000 l 4999 r 973
s 92324 

n 10000 l 4999 r 974
r 2 i 506493 s 5000 f 2
r 2 i 506292 s 5000 f 2
r 2 i 506306 s 5000 f 1 wf
r 2 i 505947 s 5000 f 1 wf
r 2 i 505835 s 5000 f 1 wf
r 2 i 505972 s 5000 f 2
s 110540 

n 10000 l 4999 r 975
r 2 i 506125 s 5000 f 1 wf
s 91563 

n 10000 l 4999 r 976
r 2 i 506348 s 5000 f 1 wf
r 2 i 505274 s 5000 f 2
r 2 i 506719 s 5000 f 1 wf
r 2 i 506095 s 5000 f 2
s 99444 

n 10000 l 4999 r 977
s 90077 

n 10000 l 4999 r 978
r 2 i 505908 s 5000 f 1 wf
s 94980 

n 10000 l 4999 r 979
s 102313 

n 10000 l 4999 r 980
r 2 i 505901 s 5000 f 1 wf
s 91523 

n 10000 l 4999 r 981
r 2 i 508265 s 5000 f 1 wf
r 2 i 506205 s 5000 f 1 wf
r 2 i 506260 s 5000 f 1 wf
r 2 i 506041 s 5000 f 1 wf
r 2 i 505757 s 5000 f 1 wf
r 2 i 505638 s 5000 f 1 wf
s 125060 

n 10000 l 4999 r 982
s 95780 

n 10000 l 4999 r 983
r 2 i 505997 s 5000 f 1 wf
r 2 i 505955 s 5000 f 1 wf
s 104498 

n 10000 l 4999 r 984
s 108351 

n 10000 l 4999 r 985
r 2 i 506015 s 5000 f 1 wf
s 120223 

n 10000 l 4999 r 986
r 2 i 506284 s 5000 f 1 wf
r 2 i 505784 s 5000 f 1 wf
s 125869 

n 10000 l 4999 r 987
s 95251 

n 10000 l 4999 r 988
s 100707 

n 10000 l 4999 r 989
r 2 i 506414 s 5000 f 1 wf
s 88731 

n 10000 l 4999 r 990
r 2 i 506160 s 5000 f 1 wf
r 2 i 506405 s 5000 f 2
r 2 i 506118 s 5000 f 1 wf
s 96396 

n 10000 l 4999 r 991
r 2 i 506269 s 5000 f 2
r 2 i 506322 s 5000 f 1 wf
r 2 i 506642 s 5000 f 2
r 2 i 506021 s 5000 f 2
s 92762 

n 10000 l 4999 r 992
r 2 i 505592 s 5000 f 1 wf
r 2 i 505889 s 5000 f 1 wf
r 2 i 505913 s 5000 f 2
r 2 i 505879 s 5000 f 1 wf
s 114734 

n 10000 l 4999 r 993
s 94096 

n 10000 l 4999 r 994
r 2 i 505807 s 5000 f 1 wf
r 2 i 505627 s 5000 f 1 wf
r 2 i 506300 s 5000 f 1 wf
r 2 i 506473 s 5000 f 1 wf
r 2 i 505392 s 5000 f 1 wf
r 2 i 505758 s 5000 f 1 wf
r 2 i 505984 s 5000 f 1 wf
r 2 i 505807 s 5000 f 2
r 2 i 505961 s 5000 f 1 wf
r 2 i 505773 s 5000 f 1 wf
s 103516 

n 10000 l 4999 r 995
r 2 i 506092 s 5000 f 1 wf
r 2 i 506299 s 5000 f 1 wf
r 2 i 506077 s 5000 f 1 wf
r 2 i 505804 s 5000 f 1 wf
s 94896 

n 10000 l 4999 r 996
s 89877 

n 10000 l 4999 r 997
r 2 i 505966 s 5000 f 1 wf
r 2 i 505858 s 5000 f 2
s 96039 

n 10000 l 4999 r 998
r 2 i 506392 s 5000 f 2
r 2 i 506170 s 5000 f 2
s 111929 

n 10000 l 4999 r 999
r 2 i 506044 s 5000 f 2
r 2 i 506119 s 5000 f 1 wf
r 2 i 505999 s 5000 f 2
r 2 i 505260 s 5000 f 1 wf
r 2 i 506520 s 5000 f 1 wf
r 2 i 506148 s 5000 f 1 wf
r 2 i 505864 s 5000 f 1 wf
r 2 i 506384 s 5000 f 2
s 117193 

n 10000 l 4999 r 1000
s 103511 

