n 20 k 2
9
8
11
12
10
10
9
13
8
8
11
10
8
7
16
9
13
7
9
9
11
9
9
10
13
11
11
10
7
9
11
15
12
11
6
8
10
8
9
11
7
10
10
7
10
9
8
8
11
11
11
6
10
8
10
11
10
11
10
14
12
10
8
10
5
9
10
8
11
7
11
7
6
9
10
10
9
7
10
9
6
11
9
7
10
9
7
9
12
12
8
9
5
17
13
11
7
5
8
8
n 30 k 2
12
16
9
13
13
16
16
13
11
17
16
10
18
17
14
14
15
14
18
16
11
14
10
12
14
11
12
16
18
19
15
16
20
15
12
15
15
16
15
10
14
14
15
16
15
15
15
14
15
14
15
11
13
14
14
14
16
12
13
11
13
15
16
16
12
15
16
14
16
17
14
15
19
12
13
15
8
13
16
11
16
16
12
15
13
12
15
11
14
11
15
12
18
21
14
11
14
11
15
16
n 40 k 2
20
19
20
22
17
17
20
22
18
23
21
22
20
19
24
18
21
22
22
13
20
19
18
23
20
21
19
21
12
20
17
19
18
26
18
17
19
17
16
18
17
21
22
16
26
24
18
19
25
20
19
17
17
24
15
18
15
21
20
14
17
21
18
17
19
17
21
20
15
22
18
18
22
22
21
18
17
17
18
17
18
24
19
34
14
19
18
18
20
23
19
20
21
14
21
19
24
18
18
16
n 50 k 2
26
21
26
26
31
26
21
27
21
24
23
28
25
28
20
23
23
24
22
16
21
19
27
22
25
23
31
17
27
26
26
25
28
20
32
18
16
25
27
18
32
25
20
25
28
18
23
27
20
24
18
25
22
22
24
25
22
20
24
23
25
21
25
25
22
22
23
21
28
26
25
27
27
21
23
23
18
20
22
29
22
30
24
22
27
28
22
27
24
28
22
20
21
24
27
20
30
26
27
23
n 60 k 2
30
24
26
26
26
31
28
27
27
27
27
27
34
28
25
28
34
32
23
29
29
37
31
27
22
26
34
34
27
29
30
24
33
29
32
26
27
18
30
30
28
21
29
29
28
30
32
33
28
25
23
26
28
32
20
32
27
29
32
29
26
32
35
29
36
30
29
29
30
24
25
33
32
31
28
32
27
30
26
26
28
22
24
26
29
30
26
30
30
31
32
26
32
23
28
28
28
31
32
27
n 70 k 2
34
31
34
36
30
32
37
32
33
32
33
33
31
38
34
32
35
31
32
36
38
30
37
31
34
37
31
30
38
27
33
39
31
37
33
34
32
36
40
35
32
36
32
34
32
35
36
38
37
32
32
39
27
27
36
30
36
32
35
30
34
34
37
28
27
35
34
32
40
32
41
40
37
37
33
40
35
33
37
35
33
27
32
35
32
37
34
32
32
32
27
31
35
33
35
37
38
31
32
32
n 80 k 2
38
39
38
39
33
36
37
39
38
30
35
41
43
38
39
35
37
36
35
38
42
31
33
43
37
31
39
44
36
38
34
34
42
41
33
39
41
35
38
45
34
34
31
37
38
40
39
40
41
34
35
43
40
33
36
44
36
39
42
36
38
34
37
31
29
43
33
41
35
36
28
37
38
39
41
43
36
36
43
30
39
37
41
40
42
40
50
40
37
40
42
41
38
39
39
32
34
35
36
33
n 90 k 2
50
45
44
48
45
34
41
46
33
44
42
38
44
45
46
44
36
41
41
40
37
40
41
55
40
40
43
35
44
44
43
41
38
45
44
42
45
36
48
48
37
49
48
39
40
39
41
45
38
50
44
40
38
45
43
47
41
40
36
50
47
40
44
47
42
38
41
47
46
39
43
35
42
45
45
45
49
46
43
39
41
41
49
52
42
39
43
42
46
42
44
41
35
43
43
36
50
44
41
35
n 100 k 2
46
48
50
42
41
53
49
49
44
48
55
50
45
53
49
54
54
47
47
43
48
47
40
49
43
51
50
49
53
57
55
49
46
50
48
45
42
55
44
48
43
46
43
52
55
56
46
47
52
50
48
51
42
51
54
48
51
53
44
48
48
46
49
47
40
52
44
48
41
49
40
51
47
50
49
44
48
48
50
49
47
45
46
41
53
42
49
47
45
41
52
42
47
47
50
55
48
41
56
47
n 20 k 3
12
10
13
13
13
9
12
15
10
13
6
10
10
9
15
11
16
12
14
9
11
17
13
16
17
15
13
8
12
7
19
10
10
25
14
9
8
10
14
15
23
11
30
8
10
13
12
8
13
10
8
15
12
14
10
12
14
13
8
14
6
17
9
22
9
16
20
7
13
10
11
14
16
12
11
7
4
3
8
27
16
21
5
10
14
11
12
14
16
11
11
11
10
13
14
19
14
8
11
10
n 30 k 3
19
23
21
20
22
26
15
25
22
29
22
13
16
14
13
15
12
31
22
29
18
14
19
14
20
27
18
28
16
23
21
21
20
22
26
17
24
12
14
14
24
22
25
21
21
27
12
26
16
22
18
12
19
20
26
25
14
13
21
20
19
12
12
14
25
22
14
15
27
14
20
21
33
19
21
20
20
14
18
17
13
17
16
23
16
32
12
17
21
20
15
73
17
18
14
16
15
18
15
15
n 40 k 3
31
34
28
29
31
19
36
21
22
21
23
25
29
30
23
32
24
26
21
28
33
22
37
30
26
19
23
19
30
17
22
16
40
30
29
23
25
29
23
21
29
16
22
36
26
32
26
20
19
16
22
28
24
25
30
24
20
23
24
37
27
23
29
29
28
21
38
40
33
22
25
35
13
16
24
25
22
16
24
30
29
24
25
25
24
32
20
20
18
28
20
32
33
22
19
28
27
28
19
40
n 50 k 3
28
34
28
26
27
29
24
25
28
40
35
28
25
37
47
31
24
29
22
25
27
26
21
22
22
27
28
24
30
31
36
39
36
26
46
32
29
27
34
27
29
31
35
35
25
33
27
30
35
36
39
27
28
47
31
25
31
43
35
35
38
31
27
34
26
28
40
33
33
31
28
39
32
32
31
24
34
34
30
28
40
27
47
39
18
48
34
35
28
26
48
21
22
26
33
31
36
16
53
36
n 60 k 3
37
48
34
47
39
37
35
40
44
48
38
26
47
135
39
36
42
47
35
27
31
31
28
34
41
40
30
51
39
34
30
41
47
56
41
44
41
33
22
33
39
37
33
31
38
33
32
29
41
51
29
35
41
35
32
33
40
46
32
42
28
37
32
46
28
101
40
41
35
39
40
30
32
38
37
39
28
43
34
30
50
39
46
19
46
26
51
45
35
35
37
43
38
32
34
32
38
30
36
34
n 70 k 3
44
37
38
40
35
37
44
45
45
56
65
52
48
42
55
47
50
44
44
47
40
43
52
41
40
47
73
32
40
48
50
54
51
41
124
40
56
49
35
46
47
37
47
29
41
25
40
30
58
34
42
28
46
49
46
50
39
48
37
47
37
43
53
46
54
53
37
48
41
56
38
42
48
39
39
35
37
40
50
44
42
51
43
31
48
50
32
51
48
43
47
47
57
51
38
47
31
40
53
52
n 80 k 3
46
48
54
50
57
42
73
45
36
49
45
42
37
55
67
48
48
50
64
68
57
51
38
42
59
64
50
42
33
45
54
50
39
81
47
53
47
237
50
50
55
49
53
50
46
48
49
47
43
37
55
59
54
49
51
62
43
45
71
50
52
45
58
63
54
52
43
49
64
49
61
66
62
40
60
46
44
42
44
40
59
58
51
60
58
41
42
42
47
46
72
76
35
48
49
81
47
59
63
40
n 90 k 3
61
64
47
58
54
64
67
51
71
47
49
62
53
59
67
60
49
61
76
54
54
66
43
56
61
70
48
48
48
63
47
44
55
66
44
52
63
70
57
61
65
61
70
60
70
59
66
56
56
62
67
59
95
59
59
59
58
55
54
51
51
54
60
75
56
66
70
59
61
61
70
63
63
69
61
65
58
54
51
72
50
58
60
54
63
50
68
168
63
86
60
76
71
50
54
50
62
49
53
62
n 100 k 3
58
72
61
64
69
75
59
71
61
65
61
54
67
58
74
51
83
68
70
71
76
71
56
56
60
55
96
52
65
52
61
65
70
65
68
50
74
73
65
48
75
48
63
72
60
62
58
73
70
62
52
75
68
57
57
69
64
93
51
68
62
56
77
74
64
60
68
65
40
51
61
61
55
67
58
77
70
57
67
61
55
60
64
62
65
72
72
54
60
62
51
56
59
60
54
62
60
62
66
70
n 20 k 4
19
28
12
6
17
15
17
18
15
21
7
12
6
17
21
23
17
17
35
11
14
11
14
13
11
11
25
9
19
16
7
11
17
11
16
17
13
20
25
27
10
11
24
21
21
10
21
22
25
8
22
7
28
10
8
9
21
19
40
21
16
27
9
21
29
15
20
6
16
17
24
27
15
10
7
9
233
33
18
12
16
19
9
14
27
4
24
15
11
24
12
14
16
11
11
8
17
48
13
12
n 30 k 4
25
11
33
10
29
35
22
24
14
25
20
44
16
29
16
15
36
36
22
12
97
21
21
15
26
40
30
17
20
31
39
19
19
17
18
15
26
18
36
23
33
26
28
21
45
23
20
18
27
25
22
41
12
20
19
30
35
35
19
15
33
13
205
47
33
24
23
20
23
35
35
27
16
12
17
11
17
22
62
27
15
456
22
24
25
17
21
31
34
17
19
42
24
22
27
37
26
37
29
26
n 40 k 4
22
33
34
29
26
38
25
28
25
16
24
25
241
32
23
26
19
29
43
22
21
30
22
25
28
17
25
42
21
27
24
66
34
49
57
27
17
42
30
22
49
32
20
53
24
39
24
46
57
31
25
34
23
26
33
22
33
27
32
33
35
26
29
40
54
19
34
21
37
28
32
30
48
19
39
46
44
24
20
52
50
18
34
28
60
27
21
41
24
30
25
46
18
28
41
25
35
15
16
28
n 50 k 4
32
35
42
49
50
55
45
42
27
59
45
37
23
30
57
29
58
46
46
47
31
45
38
33
32
52
59
46
57
36
37
40
37
31
38
43
33
60
28
35
54
34
34
38
42
30
57
36
64
45
45
60
64
47
37
23
48
37
42
50
54
27
47
36
25
52
27
46
35
34
47
51
20
37
47
31
39
35
46
36
61
29
32
48
61
48
40
41
39
30
33
27
53
55
31
50
41
37
27
28
n 60 k 4
43
52
40
35
52
37
34
59
33
35
45
37
36
39
79
47
79
41
56
42
54
53
66
52
46
40
511
65
49
51
48
44
51
42
46
88
66
45
49
49
45
34
41
65
47
48
49
46
40
58
29
46
46
37
66
43
55
62
49
86
49
50
37
62
38
48
29
64
40
55
73
71
27
494
41
60
53
42
497
59
38
83
51
51
44
52
30
46
38
44
47
58
55
48
51
47
27
44
55
34
n 70 k 4
64
51
50
52
47
39
52
52
54
42
59
52
53
56
45
84
41
42
44
65
46
50
61
47
72
45
56
69
43
79
57
62
75
54
60
47
57
66
46
43
44
67
45
53
53
55
60
75
71
35
42
72
51
64
52
45
53
56
79
47
46
76
78
57
57
69
55
61
68
43
52
64
59
59
49
43
94
41
65
60
37
66
44
51
52
53
77
506
49
34
41
72
53
76
79
53
63
63
43
44
n 80 k 4
35
64
43
72
50
65
62
83
75
71
53
59
53
85
62
65
40
79
58
65
49
428
34
80
79
57
59
41
77
42
64
49
57
61
75
53
52
58
38
59
58
58
88
61
59
87
41
52
64
54
114
58
67
58
68
91
61
50
65
55
51
60
83
69
91
60
50
51
49
44
51
75
61
78
74
82
76
55
87
50
74
44
80
72
61
61
66
51
52
61
52
519
79
54
96
63
50
72
52
56
n 90 k 4
77
92
50
61
61
69
72
81
85
65
70
67
68
82
70
60
73
105
43
71
81
60
116
75
64
73
63
67
67
58
48
58
76
68
50
60
85
91
50
96
80
62
53
57
81
65
57
71
60
69
93
64
71
71
63
76
61
88
80
70
78
49
67
86
61
59
49
62
65
83
65
46
64
70
59
74
67
59
64
57
87
76
77
56
90
64
70
66
84
87
61
80
67
79
52
62
72
80
86
76
n 100 k 4
77
71
82
76
66
522
66
92
62
92
70
94
77
80
75
96
63
86
69
103
76
59
69
66
69
72
124
79
64
75
78
81
75
88
70
66
68
77
89
71
118
69
83
74
65
66
83
80
86
100
68
83
63
75
100
68
136
79
60
92
75
78
74
59
91
68
87
87
89
86
79
75
93
116
67
67
79
83
112
64
205
75
68
87
68
77
100
64
98
81
85
74
75
96
73
121
69
90
94
61
n 20 k 5
14
8
15
26
22
11
17
13
15
21
24
14
15
5
36
9
19
31
6
19
17
20
7
13
11
8
6
59
13
11
25
17
7
14
10
10
29
9
12
16
19
8
14
9
10
15
12
20
30
22
12
24
23
17
5
26
15
25
42
9
14
11
13
15
16
19
11
10
67
10
13
16
7
20
18
5
11
22
14
13
11
34
11
26
14
18
15
5
17
50
24
8
24
70
18
18
4
11
13
46
n 30 k 5
61
15
23
31
140
41
21
31
44
73
26
29
33
32
33
16
32
32
20
19
37
17
44
34
14
17
26
63
42
17
31
66
26
26
40
32
28
44
27
32
11
40
32
34
11
25
21
34
21
30
17
23
20
19
38
13
31
39
30
33
25
29
22
104
27
17
41
24
25
28
21
18
32
19
18
21
54
36
18
16
37
36
26
71
25
31
43
30
18
15
36
47
34
26
34
15
21
23
57
26
n 40 k 5
32
30
51
27
31
59
53
22
37
45
20
34
58
33
21
48
50
36
42
27
37
19
56
44
44
37
55
36
30
40
51
49
43
115
42
25
42
48
60
40
33
34
41
78
62
29
48
37
40
25
33
48
80
27
22
25
21
50
30
37
29
28
50
38
32
40
38
40
20
29
59
29
31
20
34
28
25
36
25
24
68
18
35
52
23
17
61
54
63
31
46
34
27
43
49
63
33
25
69
30
n 50 k 5
36
34
34
107
61
59
34
49
66
55
39
40
61
38
55
49
41
44
27
29
36
30
38
54
27
20
55
33
33
68
56
43
48
29
57
70
32
37
60
42
45
51
72
51
74
36
38
45
35
31
78
66
44
81
43
106
39
32
30
84
42
94
73
101
66
42
94
76
42
27
38
48
41
38
49
80
67
66
26
42
38
65
37
52
78
54
44
45
59
41
50
37
38
35
63
52
86
47
37
92
n 60 k 5
49
56
39
47
54
55
65
43
49
49
122
61
55
99
92
49
38
38
60
47
64
26
72
90
32
65
74
82
50
94
50
60
58
54
43
47
58
103
58
71
54
46
48
57
66
51
82
54
56
62
49
52
62
47
55
100
60
64
52
64
42
35
94
48
55
55
34
67
36
45
99
80
148
34
64
51
88
64
40
47
35
50
64
71
38
86
44
47
57
72
76
66
52
507
49
53
57
60
31
92
n 70 k 5
64
62
57
99
96
62
59
113
93
92
86
58
57
47
95
60
129
52
59
73
63
68
83
69
75
92
86
60
61
66
85
84
73
45
72
58
65
74
52
47
74
60
97
64
59
111
49
51
64
50
56
54
46
79
45
60
47
65
76
152
102
50
66
48
84
73
109
48
82
74
74
48
50
61
74
139
49
71
56
59
56
53
82
115
79
73
76
64
88
59
87
93
59
89
58
74
70
39
97
71
n 80 k 5
81
60
70
121
103
133
79
72
68
65
84
99
62
60
76
72
87
90
59
79
68
67
82
88
82
97
72
75
57
82
75
73
86
82
62
86
89
96
85
75
71
63
117
65
81
74
505
117
58
74
96
70
79
101
117
79
83
56
83
65
74
70
71
63
74
81
67
104
50
80
65
65
67
53
86
99
71
143
536
51
62
62
147
518
103
98
87
102
84
76
89
78
41
74
69
149
122
50
88
99
n 90 k 5
85
55
83
70
79
103
98
108
122
106
62
97
71
89
130
97
81
85
83
115
122
98
97
75
69
63
81
117
79
121
83
119
104
67
75
57
112
105
120
83
108
104
98
76
120
69
93
87
63
101
90
141
89
63
85
86
109
93
101
93
73
89
87
94
96
80
67
96
101
64
95
121
78
110
120
91
101
59
124
51
90
89
123
94
139
89
65
67
83
109
74
82
64
85
70
154
82
118
98
76
n 100 k 5
81
72
147
120
129
95
117
141
99
143
103
107
121
81
96
107
93
88
107
120
92
102
152
67
93
109
71
87
79
85
134
77
108
138
118
71
145
90
75
85
130
116
111
142
88
140
90
82
85
141
104
92
94
126
134
90
96
67
105
97
123
100
95
73
115
70
92
93
62
96
80
100
104
104
98
142
92
54
88
102
103
130
80
114
129
100
106
110
114
128
59
94
112
106
108
112
95
92
84
100
n 20 k 6
36
15
6
5
41
12
39
72
26
24
22
11
13
38
6
8
22
13
18
12
20
15
26
27
23
28
26
42
13
12
497
12
26
6
8
39
6
17
48
17
26
19
32
19
8
13
34
26
22
12
18
11
33
10
31
31
388
12
17
5
10
10
26
22
11
32
18
49
14
18
12
464
20
18
49
27
41
67
23
458
57
42
18
40
27
26
21
15
19
21
27
45
11
20
27
41
31
17
11
460
n 30 k 6
19
25
23
46
87
25
12
60
65
21
44
49
29
22
51
24
22
27
22
35
26
44
21
22
43
197
65
39
23
31
19
22
40
35
22
17
49
10
24
19
67
21
35
39
34
183
117
57
24
20
41
106
234
16
48
33
28
19
23
23
43
22
37
14
16
36
24
16
27
36
27
90
35
24
21
11
65
20
49
34
19
77
30
29
29
17
28
43
58
21
26
28
49
28
25
15
15
45
23
30
n 40 k 6
61
76
27
88
60
128
47
43
30
30
47
23
33
41
32
33
38
30
79
35
72
18
43
84
43
48
68
40
58
22
60
41
26
59
32
70
97
46
40
28
103
49
52
20
59
62
41
69
49
52
30
56
63
49
47
58
22
28
41
62
28
46
85
44
63
53
39
26
50
36
54
93
40
15
48
77
35
59
29
62
51
39
59
49
62
36
57
57
51
56
77
33
35
87
41
25
35
51
30
54
n 50 k 6
48
42
43
51
92
105
35
50
30
64
160
31
46
78
54
44
39
36
55
74
71
22
85
72
57
52
36
44
34
74
49
118
75
38
32
53
82
37
37
60
59
73
85
79
60
44
98
47
68
31
108
113
49
58
33
108
23
42
39
54
99
82
45
46
70
68
45
106
30
105
45
46
90
46
69
34
42
102
49
42
61
32
87
56
65
70
93
41
92
59
59
27
91
58
40
49
92
104
43
63
n 60 k 6
95
58
42
60
54
33
74
70
66
37
60
77
50
193
98
47
46
110
121
83
51
37
92
56
72
54
95
90
79
41
172
97
73
74
36
82
57
73
41
55
54
190
54
147
62
132
76
81
63
49
101
74
85
69
116
116
73
128
92
48
90
54
48
62
36
53
66
74
126
88
55
66
48
94
61
66
103
48
52
65
94
84
68
75
47
62
78
67
64
70
113
87
80
44
105
54
69
67
59
89
n 70 k 6
115
55
46
67
76
67
103
63
76
113
86
59
152
75
61
74
76
107
56
92
68
70
134
59
55
126
74
60
123
161
84
91
67
76
46
105
84
84
146
101
46
77
72
75
96
79
506
65
72
101
66
57
89
75
90
241
90
96
66
79
71
52
90
76
105
96
96
147
103
91
82
47
87
64
58
71
84
61
68
89
81
38
117
58
77
65
67
44
69
121
85
84
71
72
104
68
47
99
91
69
n 80 k 6
137
103
44
101
133
83
101
93
95
112
66
120
82
172
86
60
137
88
113
90
109
93
80
87
88
75
97
98
97
153
62
126
64
103
94
111
125
150
121
76
97
128
87
104
88
69
120
99
88
82
87
129
98
79
64
140
93
161
84
62
99
138
103
56
66
53
141
115
79
99
95
71
99
156
121
91
200
58
128
91
202
86
134
51
101
112
106
101
60
63
83
70
119
74
112
57
47
73
75
79
n 90 k 6
176
145
99
114
65
129
134
91
76
120
116
131
92
113
73
158
139
75
95
115
96
84
102
132
107
107
90
188
94
124
97
127
114
113
93
92
118
149
110
116
74
101
136
71
86
129
101
163
116
81
118
61
77
112
95
146
154
75
75
102
111
110
121
82
75
131
113
77
129
147
127
63
88
139
58
231
106
98
102
106
177
70
102
121
71
84
89
78
107
133
127
96
131
99
94
79
80
188
115
74
n 100 k 6
142
115
189
117
92
124
102
151
74
151
95
136
146
122
120
102
143
95
92
140
126
107
130
142
97
157
94
151
79
85
92
78
83
106
101
144
119
217
89
115
174
95
106
87
157
167
134
80
102
91
91
88
82
183
89
89
92
159
92
87
119
129
131
87
123
129
161
80
105
176
95
127
132
103
142
115
97
109
101
124
88
110
119
107
118
137
113
94
142
154
86
139
136
98
103
100
220
169
134
123
