n 20 k 2
8
5
11
12
9
9
6
4
10
8
11
10
14
11
7
10
9
7
11
8
8
10
7
8
9
9
6
6
6
12
11
8
8
7
8
13
8
8
8
11
9
11
8
11
9
9
8
8
10
10
8
7
7
10
9
8
10
7
7
10
9
9
7
6
10
11
6
11
9
15
11
7
8
9
7
8
10
5
11
7
9
12
9
12
11
8
6
10
14
11
8
10
9
7
12
9
9
11
12
9
n 30 k 2
12
15
12
15
17
13
15
13
15
16
16
14
16
12
14
16
19
13
13
15
15
16
15
16
11
8
14
14
13
12
12
19
12
13
14
21
15
16
14
13
12
12
15
12
10
16
15
15
13
15
16
14
12
13
15
10
12
16
14
22
22
14
12
17
12
14
16
14
17
19
21
19
16
16
12
17
14
12
14
15
20
10
16
14
10
16
16
15
10
10
17
12
16
15
15
10
15
18
17
11
n 40 k 2
22
19
22
24
20
19
20
18
19
19
19
15
20
18
15
17
18
21
19
15
19
24
17
22
19
21
18
18
22
21
22
20
18
22
20
23
23
16
19
17
23
19
23
19
20
18
19
15
23
14
19
22
17
20
21
17
12
14
14
18
19
21
17
17
17
19
16
21
17
23
21
19
20
24
21
24
17
17
22
21
17
20
19
17
15
18
22
18
13
21
16
18
22
16
19
23
18
20
19
21
n 50 k 2
25
22
21
22
22
23
24
28
27
20
28
27
26
25
23
30
26
22
18
26
21
27
26
19
21
21
20
22
21
19
25
17
25
26
30
25
29
26
15
24
21
21
26
20
25
24
23
26
27
30
21
21
25
22
22
24
21
29
30
19
26
26
18
23
19
21
21
22
29
26
21
22
26
22
24
20
25
24
18
27
16
21
21
25
19
17
18
18
28
24
19
22
22
27
34
23
21
23
22
22
n 60 k 2
29
28
40
28
29
29
25
22
27
30
30
29
30
28
27
25
27
26
24
31
26
27
26
29
31
27
32
33
32
30
29
28
27
29
29
29
30
27
29
30
39
30
29
32
29
30
29
28
27
30
26
34
28
30
24
34
27
27
31
26
31
32
30
21
28
26
24
27
26
30
29
25
30
32
31
30
25
28
32
25
28
27
32
30
31
27
22
28
29
26
26
24
26
32
25
27
29
28
26
26
n 70 k 2
29
35
33
39
35
33
32
34
32
33
32
31
32
37
37
30
30
38
39
31
35
38
37
34
27
32
38
35
40
32
36
29
38
35
33
29
36
35
31
36
29
37
34
39
30
33
33
29
35
34
36
31
35
34
31
39
33
38
32
39
27
29
28
31
34
32
31
23
29
32
38
33
34
34
30
36
29
34
37
32
32
35
33
38
26
32
36
25
35
30
35
42
40
28
33
37
36
34
34
36
n 80 k 2
42
39
34
33
39
44
44
39
41
37
38
32
33
32
35
43
44
32
31
35
38
43
37
42
42
45
43
35
39
46
39
39
27
35
37
35
50
41
39
37
38
41
33
40
40
41
36
43
41
38
41
37
37
34
41
40
31
39
42
35
41
43
35
43
35
39
40
44
41
37
42
41
37
43
43
41
42
39
33
47
32
37
42
39
43
31
42
40
36
36
37
35
41
41
39
47
38
33
39
36
n 90 k 2
39
44
41
40
45
47
44
41
38
43
37
48
47
43
42
45
42
40
42
43
41
46
40
34
43
50
42
39
45
44
39
42
40
36
39
46
43
36
45
43
41
39
45
44
43
48
43
43
42
40
45
43
33
43
45
48
50
47
41
42
42
35
40
42
43
40
38
39
52
47
46
40
40
42
52
46
47
45
42
44
51
47
40
44
40
38
36
37
41
47
43
42
42
43
45
49
45
36
40
41
n 100 k 2
44
45
40
42
48
47
37
56
48
47
58
54
52
48
51
53
52
52
44
45
39
37
44
41
50
51
44
46
48
47
52
46
45
44
57
44
46
46
51
43
50
45
44
52
50
42
41
52
44
50
55
44
41
44
49
42
43
54
44
51
50
54
47
47
49
48
50
46
56
49
51
39
44
44
51
41
46
41
43
41
45
44
47
43
50
53
47
44
53
53
50
48
52
49
39
47
49
46
54
49
n 20 k 3
14
10
10
15
23
8
11
1
14
20
6
16
6
8
14
12
10
16
8
14
9
8
7
9
14
6
12
10
13
11
14
18
11
11
9
8
9
13
9
8
15
7
9
12
11
17
10
7
13
8
12
12
12
10
10
8
14
18
15
17
12
24
14
10
8
12
7
9
13
12
18
10
14
11
12
17
20
10
9
11
26
11
11
11
11
15
13
8
12
11
11
16
10
6
10
10
12
16
13
13
n 30 k 3
15
21
15
34
28
24
19
12
23
18
18
28
18
20
18
15
12
23
19
20
23
15
27
31
14
18
22
16
21
19
27
19
14
22
20
37
27
15
12
22
16
19
17
18
17
19
30
17
13
27
15
23
20
17
14
16
11
13
16
21
13
19
19
31
29
13
23
14
16
14
23
18
17
22
11
26
17
24
13
17
17
18
26
21
22
13
10
13
18
10
23
14
20
14
12
21
13
23
21
16
n 40 k 3
30
23
29
19
16
26
21
17
22
26
19
23
48
29
25
25
25
70
23
19
28
27
23
23
22
33
18
34
17
28
45
28
27
21
21
67
19
29
35
21
20
24
31
15
22
19
23
24
42
20
31
24
21
23
15
22
15
23
31
21
35
25
31
22
31
35
21
21
32
25
21
26
25
20
37
28
22
20
22
27
25
22
20
31
30
23
35
25
19
28
29
31
28
19
27
27
24
16
20
25
n 50 k 3
26
28
37
28
66
36
35
59
26
33
43
34
32
31
34
36
37
27
22
34
54
33
26
35
35
25
28
34
27
35
29
28
28
28
33
22
27
33
25
22
30
43
32
28
29
24
29
26
20
34
33
42
19
33
30
25
22
20
40
34
33
34
24
34
24
43
31
42
32
32
37
26
33
38
25
43
48
25
21
28
30
26
30
46
28
26
25
22
39
33
44
33
32
32
33
30
24
26
27
26
n 60 k 3
30
42
35
39
46
41
31
44
42
40
47
42
35
37
35
31
32
30
50
21
40
41
37
36
37
31
33
34
33
37
47
37
38
45
48
28
40
39
31
39
36
25
48
39
35
45
41
36
37
35
47
31
42
52
34
45
35
38
30
43
43
32
48
38
27
34
27
35
42
43
31
47
38
41
38
33
48
31
31
41
39
35
33
30
46
41
42
42
42
49
28
36
34
30
33
33
39
38
31
24
n 70 k 3
59
34
45
43
35
40
37
33
46
39
38
48
45
39
47
56
32
60
43
35
35
33
37
40
40
45
44
39
43
47
37
47
36
36
35
36
34
52
45
42
42
43
45
38
45
61
47
39
41
48
46
43
38
40
35
42
34
48
35
35
47
42
50
45
56
37
44
35
46
46
39
26
44
41
35
38
46
34
50
49
55
36
41
37
45
46
46
54
41
74
41
48
44
177
28
40
50
37
51
39
n 80 k 3
55
46
45
51
41
33
42
50
54
53
46
46
49
46
51
57
80
55
44
39
58
57
36
69
54
38
56
48
48
52
52
61
48
40
62
42
50
44
42
53
60
39
37
46
35
49
56
43
40
44
68
53
53
68
50
51
53
42
51
46
42
50
47
57
61
44
55
53
55
62
45
51
51
55
60
52
79
43
45
50
52
62
54
45
53
58
41
58
53
53
57
47
50
52
50
64
56
62
66
71
n 90 k 3
56
64
58
59
47
45
41
61
76
45
76
57
63
48
59
58
52
48
51
50
50
57
55
48
45
50
58
56
58
52
53
71
50
66
58
65
66
54
65
51
63
63
46
58
48
67
52
54
50
41
56
72
57
53
80
48
50
62
43
60
68
57
61
65
56
49
81
65
51
71
62
66
54
59
48
56
53
64
56
58
49
61
55
50
58
50
53
59
52
64
48
68
47
52
44
53
55
63
52
45
n 100 k 3
66
64
57
60
51
64
67
62
72
61
64
63
58
55
52
62
61
69
52
77
58
49
77
76
57
58
59
42
56
60
72
63
57
55
76
76
62
54
62
73
61
47
73
54
70
68
76
48
74
51
59
60
61
70
60
79
60
75
64
48
62
59
72
66
69
70
61
66
66
63
63
57
50
84
57
75
156
54
53
68
42
71
66
60
56
62
63
55
59
63
68
52
50
60
49
57
72
56
65
43
n 20 k 4
14
14
15
21
20
30
8
34
16
12
19
19
29
18
10
14
8
17
30
16
6
27
13
11
38
18
39
14
23
5
15
14
12
10
14
16
11
8
8
22
15
21
17
23
13
14
22
23
24
20
15
10
7
16
26
22
12
41
18
13
13
9
23
16
25
39
13
17
20
16
16
13
16
28
8
12
22
21
16
14
12
25
10
23
29
11
21
14
13
4
9
12
30
13
16
9
20
12
15
25
n 30 k 4
27
15
20
24
34
16
17
22
26
20
27
28
35
32
22
39
47
18
18
17
30
26
36
19
20
26
24
16
12
19
24
29
16
18
29
24
19
21
13
323
15
26
17
33
24
35
25
21
18
23
18
17
26
29
25
26
28
20
19
22
47
38
23
21
16
21
16
21
41
21
21
17
15
23
20
17
17
25
17
18
22
19
30
16
15
16
15
17
16
38
19
20
16
30
23
12
15
18
77
27
n 40 k 4
24
36
35
30
28
29
46
38
41
26
38
44
39
24
28
20
35
28
20
35
36
30
21
25
476
23
23
118
21
32
24
51
37
29
19
32
29
46
35
43
33
42
51
29
40
25
31
24
20
32
31
18
32
32
21
27
21
15
31
28
39
32
47
25
24
27
29
33
25
26
21
31
48
200
39
25
46
32
48
32
32
27
31
24
22
27
35
45
66
27
38
26
38
53
42
15
25
21
15
40
n 50 k 4
46
34
35
26
68
38
40
63
32
35
49
22
44
42
37
36
35
24
35
60
37
39
30
25
53
28
46
41
61
277
34
40
57
30
39
27
39
29
77
44
24
46
25
57
30
67
35
43
33
70
23
50
28
38
36
35
31
198
40
29
66
31
39
41
35
33
38
32
39
66
30
45
24
49
50
36
42
33
40
42
37
43
47
45
34
48
32
36
55
59
39
30
50
30
23
24
69
43
40
37
n 60 k 4
53
51
36
57
78
36
42
35
497
55
52
47
44
40
40
56
47
61
32
48
46
56
35
48
52
59
36
40
36
53
40
52
46
40
89
43
31
45
43
52
39
34
49
36
44
44
33
42
31
66
34
52
47
44
47
64
84
46
68
40
44
32
81
57
44
68
42
41
37
80
68
72
46
50
34
50
56
51
44
56
34
50
38
51
32
56
61
41
36
44
37
56
28
40
61
57
45
48
34
35
n 70 k 4
52
52
55
48
94
55
48
55
61
41
58
65
36
53
73
43
37
66
56
44
40
55
48
57
42
46
67
75
80
59
66
70
65
48
66
45
45
56
38
44
47
51
63
88
75
48
40
43
33
66
50
85
60
49
71
78
62
52
51
61
45
46
57
39
45
46
74
54
72
43
64
147
50
50
44
51
32
49
68
66
49
61
49
50
42
60
55
63
70
50
76
80
493
48
68
50
42
67
50
61
n 80 k 4
68
65
87
62
73
49
62
56
44
65
63
74
76
61
50
56
75
80
55
86
62
67
111
45
50
70
61
67
88
66
62
67
67
515
50
54
62
55
71
69
56
61
56
58
72
69
78
63
64
72
75
65
45
87
67
59
78
72
53
55
47
64
75
76
90
60
81
84
52
55
59
95
89
64
58
59
45
76
72
51
65
76
84
66
65
65
44
57
62
74
50
44
64
49
93
449
45
65
48
52
n 90 k 4
46
102
60
85
65
84
61
70
68
89
52
83
70
76
84
101
47
61
74
55
76
92
57
87
61
61
58
68
61
63
78
61
101
77
64
89
55
114
82
77
101
72
72
62
60
62
108
52
70
76
79
77
88
76
54
74
83
114
62
59
59
81
75
83
50
53
81
61
515
101
75
86
68
73
509
62
70
54
87
79
76
72
88
88
63
77
65
73
51
86
58
53
79
114
70
73
72
76
76
529
n 100 k 4
93
74
63
103
101
69
64
79
84
65
94
86
69
90
85
97
95
87
71
95
60
95
73
83
79
91
91
79
70
111
76
84
97
69
64
101
101
71
92
62
100
72
67
90
79
86
88
73
93
77
64
78
103
79
118
76
114
88
92
75
103
79
66
110
70
77
78
98
81
64
513
70
69
116
82
88
71
63
85
62
81
90
72
106
83
66
51
82
112
87
80
96
74
75
73
53
87
92
70
65
n 20 k 5
39
22
24
58
23
13
12
52
19
26
12
16
11
5
13
28
11
23
12
14
21
40
9
472
10
11
13
10
22
22
31
36
15
14
22
11
4
13
7
22
19
10
11
20
22
45
12
14
12
23
10
12
17
20
23
26
10
24
11
20
20
11
26
11
26
19
26
312
14
27
16
16
19
10
17
24
45
9
55
27
9
11
5
13
23
44
17
22
6
12
29
6
24
14
8
31
9
23
18
15
n 30 k 5
12
11
12
25
146
30
36
12
15
22
35
20
41
24
22
27
19
24
68
60
17
25
21
16
31
54
23
18
14
25
19
13
14
35
23
16
25
37
45
19
20
22
24
24
23
39
53
28
26
22
24
40
22
36
15
28
36
29
28
68
21
23
28
32
40
40
30
23
36
38
54
21
18
25
47
68
17
34
28
15
77
16
28
28
43
28
30
27
46
31
15
31
36
38
53
29
21
61
16
40
n 40 k 5
28
31
33
30
72
45
43
19
27
53
34
53
59
47
67
28
39
33
45
60
27
82
31
35
56
33
24
30
46
20
39
33
87
27
36
27
61
54
14
29
49
42
44
45
41
24
44
31
29
81
33
25
41
31
25
25
38
56
27
32
36
31
32
42
20
69
32
19
36
29
20
37
34
50
17
57
30
26
26
54
38
27
39
31
30
21
30
71
38
72
24
95
32
29
31
56
29
54
22
29
n 50 k 5
32
76
113
38
38
65
70
45
50
28
28
470
47
80
55
35
53
47
34
37
46
41
69
62
24
56
40
32
37
51
47
64
71
71
46
80
60
45
39
61
40
32
27
57
61
34
45
41
88
57
81
50
50
37
38
64
62
55
27
65
61
90
58
70
57
40
62
60
25
46
44
41
34
67
73
33
53
43
42
42
62
87
63
35
38
65
60
35
62
48
42
35
38
70
39
69
50
46
65
32
n 60 k 5
55
60
45
48
51
75
58
51
59
55
105
57
52
44
50
47
75
54
44
33
50
60
43
72
39
112
59
41
54
76
75
66
42
74
60
41
75
34
61
79
60
107
55
40
44
50
79
64
50
49
53
112
47
71
48
90
66
71
62
60
32
77
92
70
48
37
40
42
80
48
76
30
62
99
76
74
49
76
86
55
82
76
91
38
54
49
75
46
29
43
76
88
45
54
36
67
68
57
49
38
n 70 k 5
75
47
60
67
65
67
71
57
81
54
67
93
71
75
71
54
59
63
50
140
54
50
63
55
83
56
73
47
69
57
81
63
46
54
62
103
56
76
54
71
53
91
97
66
54
75
48
69
63
125
538
57
73
48
58
48
41
55
56
76
58
89
97
43
65
92
56
55
57
64
57
88
68
50
85
52
59
69
66
74
48
64
85
63
95
69
95
72
53
553
57
57
57
56
90
50
45
76
68
58
n 80 k 5
93
78
49
60
83
58
66
91
109
86
86
90
97
102
73
62
119
44
97
90
98
118
88
107
70
74
156
99
63
73
83
54
83
77
68
71
73
64
78
67
74
111
73
90
117
65
93
77
59
51
88
76
47
73
153
112
59
85
73
134
80
63
101
75
48
106
85
95
50
73
60
74
87
82
89
73
89
78
67
116
68
88
60
73
74
51
151
57
66
86
71
72
90
77
94
108
63
62
110
68
n 90 k 5
88
69
106
522
39
95
93
74
103
94
60
90
90
91
100
85
118
97
146
72
68
68
75
72
84
81
94
86
100
109
68
49
103
84
115
92
86
78
124
95
188
88
100
152
86
72
108
56
88
117
78
77
58
80
57
587
83
94
92
59
120
76
71
83
150
62
93
70
87
71
57
84
110
91
194
69
82
89
68
109
90
110
116
95
62
91
84
102
58
117
71
100
121
79
75
93
125
99
109
111
n 100 k 5
72
92
133
99
86
84
116
73
118
70
83
93
99
65
77
103
77
108
95
90
103
72
77
127
73
55
117
107
129
88
564
83
118
90
119
168
85
86
98
84
73
116
152
97
80
81
82
104
89
115
80
97
86
134
100
66
94
77
68
144
97
131
116
89
111
59
117
525
75
103
52
168
70
77
85
103
74
117
127
102
94
86
94
63
85
128
60
79
80
96
87
84
120
89
115
149
101
102
125
146
n 20 k 6
36
22
55
17
459
31
16
96
19
1
24
37
16
15
15
6
14
31
32
24
15
13
23
28
6
12
19
23
24
42
28
22
10
15
47
8
30
11
19
12
23
19
17
18
21
456
39
11
14
463
16
22
23
25
16
24
44
19
20
11
31
31
7
53
43
6
30
11
20
7
44
9
45
7
17
31
24
40
9
18
40
40
27
31
28
51
87
20
14
16
12
18
6
18
46
45
21
18
9
21
n 30 k 6
44
66
32
41
23
35
15
81
24
28
23
49
33
35
109
21
27
21
102
20
56
43
24
34
44
39
26
41
109
33
43
138
66
14
19
18
71
21
40
39
25
49
19
48
47
43
37
22
75
17
47
43
50
16
32
25
23
37
91
51
39
19
54
142
13
21
27
14
30
14
17
38
28
32
40
17
18
48
33
22
37
65
17
17
21
13
17
9
19
38
49
36
19
43
67
44
31
40
66
81
n 40 k 6
31
50
63
46
39
67
36
36
32
43
88
27
66
55
52
39
45
39
25
58
99
37
49
40
48
34
18
48
165
55
38
43
52
22
14
36
67
60
53
31
81
39
49
27
54
51
46
53
72
51
19
127
48
26
44
84
76
40
97
151
40
40
17
40
22
34
511
32
43
32
48
50
45
46
48
61
167
29
106
36
20
29
68
67
58
65
46
67
57
23
26
36
100
27
76
47
29
16
20
38
n 50 k 6
34
73
48
94
25
108
106
39
78
43
20
43
47
76
71
87
44
52
51
39
27
102
55
37
28
132
36
43
39
51
35
51
92
35
64
78
36
61
62
43
51
58
36
27
84
39
65
64
44
32
49
62
72
41
63
29
49
60
48
54
47
63
76
40
67
59
99
101
48
133
76
72
163
37
34
32
62
30
26
49
79
78
41
33
59
29
45
54
42
45
43
71
60
37
31
50
84
155
37
99
n 60 k 6
53
83
30
38
60
108
85
72
65
46
44
115
107
65
64
85
90
60
110
149
80
50
83
36
32
74
587
41
81
75
54
85
153
38
138
135
38
81
117
60
48
70
105
82
80
109
69
65
54
73
51
64
101
72
93
68
71
77
160
43
107
103
119
81
46
116
86
61
85
50
74
35
39
117
79
58
53
146
73
89
89
71
64
59
84
109
159
41
73
57
91
120
66
65
62
90
55
48
67
84
n 70 k 6
35
93
72
63
99
150
84
74
113
99
115
91
65
81
62
65
51
61
57
51
134
100
95
71
88
145
74
64
122
157
99
174
71
93
100
69
125
129
84
54
79
84
109
111
91
58
61
102
73
148
101
85
80
75
66
43
82
61
78
111
71
92
69
97
96
108
86
119
61
64
80
128
43
92
74
184
68
55
51
132
72
106
100
120
48
79
101
60
92
96
71
87
87
54
88
63
110
61
33
98
n 80 k 6
75
94
81
96
62
108
116
80
77
101
70
127
118
113
138
59
72
123
76
89
105
91
106
83
93
66
89
50
46
89
71
62
123
54
98
98
95
47
98
83
87
52
116
66
101
144
86
134
70
83
118
95
77
133
101
151
105
98
109
74
158
70
124
64
77
143
133
147
75
118
126
73
60
64
67
120
48
119
65
121
203
107
97
62
115
119
157
63
161
138
54
84
86
66
60
81
92
97
112
161
n 90 k 6
72
100
175
89
79
183
81
119
111
188
100
71
112
62
80
97
145
109
80
76
147
134
109
116
126
115
167
76
122
77
157
90
135
152
163
62
125
115
126
93
75
107
67
75
80
106
78
116
121
197
159
62
140
99
120
120
72
61
56
93
96
76
118
78
104
77
148
71
56
134
85
102
118
127
89
112
63
119
98
75
82
120
213
106
125
129
76
71
92
106
104
88
78
94
76
123
97
145
90
117
n 100 k 6
94
143
108
137
114
105
113
92
159
90
93
114
93
134
229
122
142
125
105
125
71
103
117
151
87
137
98
150
67
138
114
98
121
132
216
105
88
171
84
103
114
93
89
98
103
112
117
131
135
91
115
116
86
161
114
100
106
102
136
87
133
125
103
95
101
124
82
82
161
149
103
96
304
120
99
88
117
115
137
131
103
169
110
113
64
102
122
101
103
154
122
93
127
104
130
117
171
122
155
116
