n 20 k 2
6
8
7
8
8
10
10
10
11
9
12
8
11
8
6
12
6
10
9
8
7
11
9
10
13
17
11
9
9
9
10
10
11
11
7
9
8
11
9
9
6
8
10
17
12
8
6
5
5
10
8
10
10
8
8
10
11
10
8
9
9
7
8
8
11
12
8
13
10
10
10
12
10
9
7
12
7
11
11
9
10
7
10
11
10
11
9
9
9
10
11
9
10
10
7
8
8
12
14
8
n 30 k 2
12
15
14
16
13
14
11
13
18
21
14
12
11
15
13
14
10
11
9
19
15
10
18
13
13
9
12
13
11
13
9
17
17
15
13
15
15
16
14
10
17
14
13
13
13
16
11
13
17
16
13
15
14
18
18
17
17
18
22
17
17
11
11
11
12
13
13
16
15
12
15
15
15
9
16
7
14
9
17
14
11
15
11
20
15
17
17
13
8
13
17
16
14
18
15
18
15
14
13
13
n 40 k 2
21
21
15
20
20
15
18
15
22
20
18
21
16
20
20
17
22
20
25
18
20
20
15
18
17
19
16
13
21
16
16
19
22
15
20
18
18
17
20
20
20
18
17
20
16
18
17
14
21
20
19
21
19
21
23
17
23
21
19
18
21
21
16
22
19
21
21
19
21
18
16
19
23
17
17
24
19
19
17
19
14
21
23
20
17
16
20
19
19
17
17
16
22
20
22
23
22
23
17
24
n 50 k 2
31
24
27
24
25
25
22
25
24
27
27
23
19
23
25
28
29
28
28
25
20
25
25
23
26
22
28
26
24
20
24
29
24
25
23
24
24
21
26
23
20
15
18
25
27
22
21
22
24
25
24
25
25
25
25
23
19
25
23
23
19
27
22
29
24
25
23
26
27
23
25
26
17
25
21
23
26
25
23
32
21
25
22
20
30
25
21
23
22
27
21
25
22
22
22
27
24
28
18
30
n 60 k 2
30
25
27
31
28
25
28
26
29
32
20
24
27
26
26
33
32
29
29
24
28
31
22
29
25
33
23
25
29
26
30
28
32
35
30
30
33
22
34
28
31
36
28
25
33
30
29
35
26
28
31
25
27
31
25
30
31
25
29
31
27
33
33
30
31
27
24
31
27
37
29
33
29
27
35
28
29
22
27
32
26
33
25
29
27
22
36
28
27
28
31
30
27
35
30
28
35
30
27
26
n 70 k 2
36
32
33
30
32
34
30
35
33
38
29
34
27
34
31
32
37
34
26
35
37
31
34
31
33
33
33
36
39
34
34
38
34
40
31
32
32
38
30
36
32
37
32
28
39
31
33
33
33
33
35
34
29
33
36
30
33
35
33
35
33
30
37
33
34
37
38
37
35
30
27
28
27
36
32
38
32
33
38
31
27
34
27
37
38
34
34
37
33
30
30
34
38
30
31
36
37
39
28
29
n 80 k 2
35
34
40
31
46
36
35
33
43
36
38
34
39
28
38
40
29
34
41
40
40
41
35
42
40
42
38
35
36
38
32
42
37
35
39
37
35
39
42
39
34
41
48
36
35
31
42
46
37
41
34
41
37
41
37
36
35
39
32
37
39
39
38
42
37
35
35
44
35
39
43
37
40
40
36
30
36
43
34
40
39
39
33
33
39
36
37
36
39
36
36
38
41
38
43
39
42
32
31
37
n 90 k 2
42
39
45
49
44
45
47
43
37
39
43
37
41
49
55
51
35
41
46
45
36
47
41
47
48
44
44
31
43
41
50
44
43
47
45
40
43
40
43
38
45
42
47
42
46
41
35
42
49
44
45
49
38
43
43
41
46
52
43
44
42
42
39
42
44
40
45
44
41
47
41
45
47
42
40
42
46
43
44
45
43
43
35
37
42
37
47
43
41
43
42
46
43
47
41
43
42
42
42
40
n 100 k 2
52
46
47
48
49
43
47
45
42
47
52
53
54
54
45
51
45
40
51
47
43
54
48
43
46
53
45
44
61
48
44
48
56
49
47
45
49
39
53
54
55
48
43
49
49
47
61
48
44
47
50
43
52
47
53
49
43
49
43
50
50
49
49
58
53
54
43
40
44
46
50
46
44
52
44
48
53
52
32
44
48
54
50
44
50
42
43
42
49
50
44
50
52
49
51
47
46
49
48
48
n 20 k 3
11
19
17
10
12
9
16
11
8
9
12
11
12
8
18
10
11
7
10
13
8
12
10
12
12
11
14
13
13
15
11
17
15
8
11
9
28
18
15
17
14
14
18
9
9
13
11
12
14
14
17
7
7
15
11
12
11
14
20
10
15
8
19
11
14
15
16
8
12
21
8
20
24
11
10
15
19
8
13
10
32
11
15
9
16
11
18
17
10
14
18
10
8
14
10
14
18
15
13
12
n 30 k 3
13
22
20
18
15
15
19
24
14
17
25
18
18
12
22
22
22
25
12
14
18
19
25
14
24
13
16
15
21
12
16
12
14
23
25
25
17
15
14
20
16
23
29
18
26
15
18
23
27
21
20
17
20
17
15
24
18
29
16
11
18
26
19
21
18
13
12
21
17
20
22
20
13
18
18
23
11
18
11
16
18
18
26
14
13
21
28
17
20
12
14
21
18
19
16
20
16
11
17
24
n 40 k 3
22
24
41
33
24
24
21
23
33
21
17
30
31
28
22
20
27
28
18
31
26
19
38
30
20
25
20
23
20
16
18
16
22
22
28
24
27
23
28
29
29
33
23
18
30
24
24
26
14
26
27
29
35
22
28
25
16
21
24
23
23
21
22
19
24
28
43
19
27
25
25
27
27
19
28
22
47
24
19
44
29
31
26
19
20
26
26
22
24
23
18
28
20
22
20
24
24
19
36
25
n 50 k 3
24
21
31
34
23
24
37
42
30
28
36
31
37
25
40
25
38
34
26
29
49
34
29
42
27
41
36
26
37
27
40
34
26
46
28
28
31
34
27
33
29
44
35
30
40
38
31
32
22
23
33
27
27
43
29
37
36
29
45
23
23
23
35
38
34
38
39
27
27
29
33
39
34
23
33
35
26
33
30
20
27
28
57
23
35
31
30
38
22
27
35
32
37
24
27
35
31
27
34
33
n 60 k 3
40
39
38
24
51
42
35
32
46
41
38
28
32
55
28
33
38
43
39
29
51
57
25
42
42
37
30
38
47
36
35
37
48
34
35
33
38
36
42
31
36
48
37
28
46
32
32
41
42
41
35
37
29
34
54
28
39
34
37
43
34
41
36
31
29
41
42
28
39
40
41
39
39
31
32
38
33
48
39
47
36
40
44
29
73
36
48
29
40
42
38
42
34
56
34
38
37
44
37
119
n 70 k 3
33
49
39
49
44
56
38
40
39
53
40
43
26
29
38
36
39
45
40
45
33
40
38
51
53
42
33
53
44
39
44
41
45
36
51
33
48
36
50
59
39
57
41
59
46
56
41
62
43
28
36
40
32
45
53
39
51
49
41
40
40
51
41
37
36
36
44
54
49
45
40
51
58
45
49
37
53
45
45
37
40
47
45
39
33
39
50
46
37
48
42
40
34
39
43
52
55
51
45
46
n 80 k 3
90
52
46
52
57
49
58
379
57
49
53
58
44
46
45
61
54
64
45
43
57
64
50
44
61
53
48
57
45
38
44
47
54
47
62
45
47
46
68
71
35
35
53
57
56
62
129
56
49
39
51
45
56
54
43
39
61
61
56
42
37
49
53
57
71
49
47
48
50
42
45
71
44
45
38
54
53
51
46
59
41
192
73
48
43
53
54
43
65
54
49
43
35
42
54
50
59
63
63
62
n 90 k 3
53
61
54
45
55
46
57
60
62
57
45
48
67
47
53
52
64
45
59
61
54
42
61
50
48
67
58
45
62
68
61
41
70
53
51
45
43
63
69
56
55
63
81
43
50
53
56
53
63
73
56
77
45
52
52
57
51
62
57
57
51
42
57
54
52
60
63
61
42
45
60
49
52
61
59
60
51
55
42
71
52
60
62
43
54
52
42
54
48
57
49
57
56
57
41
63
70
57
67
55
n 100 k 3
70
68
77
73
52
67
80
70
55
83
55
62
52
60
60
70
48
55
74
68
82
202
60
58
65
63
59
53
50
62
69
69
56
62
61
70
58
67
56
65
56
67
54
58
61
52
60
54
62
52
73
74
70
53
57
69
54
72
61
66
61
62
63
61
84
63
81
44
67
61
52
64
57
74
74
59
70
62
56
64
60
67
130
70
60
53
69
52
78
55
69
52
48
53
67
61
57
58
64
51
n 20 k 4
14
16
15
16
11
10
9
38
15
9
17
19
15
26
13
19
25
14
15
36
15
10
14
11
17
43
19
14
8
13
25
20
16
22
9
21
10
12
11
18
18
9
8
7
21
11
15
25
34
15
20
31
21
11
11
16
20
31
15
21
58
10
16
22
18
21
12
16
16
27
13
12
20
18
27
14
10
17
11
14
9
27
9
24
19
15
16
17
10
19
42
16
8
26
7
10
14
12
35
10
n 30 k 4
12
15
22
16
23
20
24
17
22
33
25
38
22
21
24
19
18
17
29
50
27
17
17
27
21
28
23
40
22
21
16
29
14
22
31
24
53
31
23
18
26
15
23
32
12
21
29
24
17
19
33
30
21
37
28
20
23
16
395
30
28
22
29
16
13
24
25
25
46
20
21
27
17
33
17
21
19
28
22
24
16
18
31
17
22
9
21
22
25
29
37
38
21
25
27
14
31
45
22
12
n 40 k 4
67
29
38
31
21
40
59
23
30
31
27
37
31
36
27
35
27
49
30
42
22
33
72
42
25
16
30
37
37
36
21
26
39
33
38
30
29
15
42
25
40
20
27
29
39
16
46
33
39
45
29
43
25
48
25
33
25
28
29
67
23
37
34
50
40
27
24
22
35
44
34
35
37
36
25
24
24
33
54
37
28
27
38
28
51
21
34
23
21
40
39
24
48
39
32
39
37
22
31
54
n 50 k 4
45
47
54
27
40
53
38
29
54
40
31
34
47
38
31
46
54
30
58
50
41
39
42
25
41
50
49
43
31
53
36
40
45
43
58
52
41
42
27
46
43
53
56
33
24
42
43
32
24
31
40
33
29
55
46
41
38
41
44
39
39
42
38
68
26
49
60
33
28
25
52
32
41
42
41
45
39
48
41
53
29
43
32
37
38
33
40
42
42
24
33
32
35
31
27
32
38
35
39
35
n 60 k 4
54
61
31
51
45
64
51
33
44
55
70
48
44
67
34
58
55
67
100
37
48
32
45
50
34
58
59
42
37
48
58
51
51
44
51
63
85
57
37
53
487
37
32
51
34
52
44
56
45
49
36
55
47
56
48
71
51
478
51
33
43
41
38
46
33
52
38
46
54
42
41
39
43
42
49
34
41
61
37
51
62
53
38
32
48
47
76
37
37
35
33
48
36
31
40
41
60
453
51
46
n 70 k 4
52
49
45
46
67
57
46
63
66
90
59
48
53
53
58
39
48
69
49
50
42
57
77
57
60
54
51
34
59
57
41
488
53
59
46
57
42
55
55
43
56
87
52
56
54
51
47
65
48
68
56
58
51
55
51
54
66
55
75
56
57
55
43
58
42
43
96
60
52
63
50
62
52
45
43
47
45
45
42
64
60
51
46
52
62
49
57
77
57
62
76
89
45
40
62
65
49
89
70
80
n 80 k 4
56
54
63
65
70
106
53
65
77
46
70
53
59
47
60
61
82
48
60
85
66
49
79
67
72
64
81
77
51
59
79
54
47
69
506
75
51
60
69
72
87
50
88
58
87
76
65
58
71
58
72
62
85
54
55
58
50
76
58
52
68
56
51
72
53
69
71
79
72
56
60
46
70
62
78
38
69
76
51
57
53
75
70
62
63
58
63
77
82
60
42
71
58
79
74
49
100
51
75
60
n 90 k 4
76
63
82
66
68
92
80
75
61
100
55
70
65
68
61
73
71
96
62
67
49
62
75
66
78
66
51
60
69
80
61
51
79
75
61
74
63
66
64
71
59
71
77
67
51
83
57
76
51
77
65
80
95
61
71
104
87
87
63
74
49
66
58
69
71
83
91
98
75
82
86
75
68
53
63
104
85
80
90
72
62
57
90
75
69
62
82
88
80
93
78
85
76
64
104
42
72
69
89
65
n 100 k 4
88
66
89
66
138
106
93
94
63
67
63
75
76
105
103
71
75
80
78
56
71
61
101
91
105
90
86
87
77
89
66
92
73
99
59
74
121
80
87
82
69
79
60
103
73
77
67
73
80
97
60
86
535
78
78
94
62
67
77
100
64
81
72
92
65
69
74
90
111
76
80
97
86
96
72
102
86
99
75
100
78
62
79
68
78
69
85
80
81
111
71
89
88
82
89
65
93
51
89
61
n 20 k 5
25
10
16
18
14
17
21
26
26
32
17
13
15
22
10
36
13
28
39
11
14
16
12
31
9
18
384
39
16
17
18
25
46
21
164
19
24
20
28
39
26
26
16
13
11
47
26
12
29
12
28
30
14
22
15
5
20
22
12
7
22
30
39
21
28
5
8
41
23
46
16
12
244
15
10
29
53
16
16
38
12
11
12
65
15
18
12
8
11
201
20
32
17
9
29
53
21
10
23
21
n 30 k 5
33
481
35
26
28
20
25
34
37
61
33
35
39
25
19
52
38
26
29
27
39
21
38
94
61
32
31
40
26
36
27
18
18
57
16
24
27
46
29
479
31
42
22
27
24
41
33
28
49
40
29
43
25
34
238
32
23
41
22
38
22
12
32
22
32
21
28
29
62
31
23
30
41
48
58
33
16
36
43
15
32
18
33
31
40
22
21
35
51
22
30
67
34
51
29
26
167
23
45
31
n 40 k 5
23
53
24
44
61
63
32
54
24
41
37
68
45
86
33
20
46
54
38
36
54
40
33
35
43
31
31
60
20
36
52
37
39
39
26
27
20
35
50
56
45
33
37
43
41
44
60
31
24
40
41
50
33
23
55
32
23
32
58
35
45
33
30
31
45
33
57
54
27
38
32
17
57
51
33
34
42
55
34
22
45
42
39
40
49
18
25
25
43
39
49
38
37
20
23
35
48
24
35
63
n 50 k 5
82
34
46
39
51
47
49
47
42
40
40
41
50
37
88
52
32
41
42
77
55
82
42
69
40
58
93
37
55
51
43
91
48
31
43
32
48
37
63
58
41
37
65
68
34
44
94
70
60
59
69
72
64
310
30
49
29
29
58
41
40
52
89
38
40
28
61
33
33
53
61
31
53
76
77
61
29
44
25
44
42
43
55
51
70
62
63
34
45
43
72
52
66
56
91
51
54
42
41
35
n 60 k 5
65
48
57
83
32
46
53
80
44
98
65
125
72
53
76
50
31
68
99
38
46
42
57
31
87
55
50
63
94
67
44
31
44
48
47
57
47
118
34
49
75
42
72
59
75
85
43
48
79
49
89
55
47
43
62
88
66
66
41
55
78
41
73
47
53
98
72
78
78
48
54
77
86
83
42
65
62
70
70
73
41
90
53
40
38
68
64
53
44
86
45
75
65
35
46
68
116
68
70
70
n 70 k 5
63
64
53
65
90
99
93
51
79
63
102
60
76
79
60
51
83
48
63
86
58
62
70
65
46
71
98
57
74
66
81
64
61
84
57
106
77
37
81
57
69
49
69
63
72
64
50
59
96
50
55
74
61
65
53
132
76
68
58
57
78
63
56
51
58
82
97
106
77
48
61
61
61
43
75
62
74
55
75
45
44
132
64
68
60
90
58
71
39
57
55
65
67
86
49
138
87
48
61
72
n 80 k 5
74
58
71
91
62
98
89
93
89
38
57
79
69
87
59
93
84
57
88
67
89
66
108
91
61
87
87
58
60
78
84
78
83
45
79
58
47
55
123
64
102
90
64
58
63
88
56
83
73
102
60
98
118
66
58
77
101
44
58
92
82
88
80
73
73
79
82
67
60
75
99
92
43
118
74
88
90
103
113
61
50
78
55
101
97
83
75
101
65
127
64
57
65
63
103
70
62
116
70
88
n 90 k 5
132
70
50
108
86
74
74
93
88
88
60
81
74
81
98
67
102
75
82
86
94
84
75
98
88
114
80
78
64
126
105
78
77
73
81
140
85
83
59
94
86
83
96
69
67
74
119
91
67
70
84
106
66
78
119
73
69
104
62
96
72
113
92
77
76
77
110
117
80
84
76
92
68
116
72
80
70
94
104
145
85
91
80
66
87
74
80
80
110
106
78
142
89
103
83
84
75
97
74
99
n 100 k 5
94
137
86
146
92
96
111
72
83
95
67
70
104
127
92
80
71
95
109
162
84
94
124
92
131
111
105
84
87
96
95
85
98
85
96
116
75
105
108
101
128
124
75
110
178
93
70
89
73
91
72
68
97
67
97
96
87
72
73
88
107
146
100
91
90
115
77
83
109
114
115
83
86
67
152
94
101
69
92
97
126
121
98
74
80
85
129
72
111
118
87
98
81
107
69
79
126
102
96
145
n 20 k 6
11
9
11
6
17
13
44
31
15
17
37
19
19
37
13
212
18
10
54
11
16
15
11
24
5
25
10
16
17
20
12
20
11
12
31
20
35
21
19
29
14
25
34
84
25
11
10
12
18
16
34
13
12
12
12
14
28
24
18
28
26
12
5
25
11
6
14
15
41
45
36
32
17
15
28
11
16
41
38
13
18
309
21
31
18
16
17
10
24
14
20
34
10
18
27
54
10
52
23
27
n 30 k 6
17
120
26
30
49
47
45
30
18
15
19
23
15
33
27
23
79
39
38
27
34
39
27
21
10
15
42
16
107
66
30
26
39
23
29
26
11
14
49
25
28
18
74
32
53
13
38
19
22
52
47
53
64
18
35
24
36
52
26
120
63
16
39
28
25
28
26
47
24
24
25
44
36
38
20
83
36
31
297
32
15
29
38
24
28
61
54
68
65
44
73
13
23
29
72
43
31
26
23
21
n 40 k 6
68
38
48
74
62
138
25
44
56
45
89
24
24
88
34
80
40
56
53
62
27
43
126
59
22
26
77
56
466
35
42
16
29
38
93
26
58
32
49
81
48
78
23
63
43
50
76
125
58
47
108
78
32
34
73
66
38
56
40
95
67
50
14
82
48
58
63
80
13
53
41
45
52
23
71
41
28
27
56
60
84
55
44
64
34
37
67
89
30
28
41
36
47
53
47
54
39
44
27
46
n 50 k 6
81
37
61
15
54
79
39
54
59
33
36
34
35
58
102
76
54
49
41
54
79
52
44
71
40
90
42
142
56
49
83
35
39
95
43
55
49
83
32
63
43
98
58
48
29
46
41
44
33
63
31
36
101
56
51
27
38
51
65
49
49
50
81
58
93
75
37
41
46
65
62
86
30
64
71
40
123
39
81
56
73
65
88
64
38
53
116
64
87
71
92
48
42
48
66
40
40
70
84
56
n 60 k 6
74
64
69
43
60
78
51
51
77
62
37
55
41
75
47
76
38
66
72
62
58
136
68
97
97
106
181
90
87
101
53
210
51
107
54
71
42
33
37
94
64
60
67
70
77
177
61
61
93
61
81
54
39
90
96
107
45
38
54
115
54
95
73
45
68
81
82
77
132
59
66
74
39
74
69
121
112
47
63
57
39
49
84
73
55
57
73
136
54
46
66
113
102
79
76
53
88
135
85
57
n 70 k 6
59
61
107
59
130
80
64
69
87
58
77
83
117
75
62
108
49
67
121
89
93
45
61
72
80
105
69
96
46
119
47
90
66
80
107
65
79
63
88
97
147
116
68
84
102
99
49
63
103
96
73
64
86
61
69
111
139
89
38
71
133
92
49
140
63
98
91
63
74
78
65
61
157
152
61
75
83
58
115
119
132
128
80
55
146
103
62
111
96
55
37
74
64
133
106
94
164
56
87
48
n 80 k 6
67
70
95
66
52
96
96
73
59
67
106
73
121
100
121
108
82
116
141
115
90
70
157
80
92
133
76
116
61
76
130
118
76
77
77
178
141
97
78
100
202
72
62
249
77
98
103
119
64
58
93
136
45
94
107
66
64
124
136
71
68
135
111
123
57
109
197
114
97
110
67
66
147
114
134
100
77
164
125
137
61
85
131
127
65
107
90
119
167
83
103
63
98
87
65
87
83
89
67
69
n 90 k 6
198
67
98
125
102
152
76
120
117
152
78
102
103
104
66
53
119
60
120
120
67
121
145
130
96
108
89
148
81
113
114
95
93
85
117
83
121
92
189
84
116
107
131
79
102
63
96
92
101
103
193
90
107
89
101
77
85
105
121
82
74
61
124
83
50
104
110
144
120
84
107
94
78
74
70
155
88
66
76
66
130
81
78
121
180
79
91
107
76
73
92
126
120
220
98
93
87
82
78
68
n 100 k 6
155
101
109
123
85
156
93
98
202
104
77
90
98
97
110
118
59
97
75
185
98
81
129
121
119
163
120
77
110
144
119
102
105
120
109
164
111
153
134
132
93
101
130
188
114
108
99
102
96
124
128
127
122
96
116
96
143
149
60
92
90
163
107
93
115
135
78
118
62
94
96
89
138
94
67
142
110
95
111
109
134
117
160
146
86
119
67
149
158
123
112
133
68
110
212
103
136
158
142
76
