n 20 k 2
11
7
8
10
8
10
10
6
9
8
12
9
8
6
9
7
10
8
11
9
7
11
7
9
9
11
8
5
8
7
12
9
11
11
11
9
9
7
12
10
10
13
7
14
8
13
7
11
9
7
9
10
8
13
11
9
11
7
10
9
11
9
9
13
12
10
10
9
9
8
9
10
10
13
8
10
10
7
7
10
10
7
9
8
8
6
12
7
10
10
8
11
9
10
10
8
9
6
8
12
n 30 k 2
20
15
17
13
16
16
18
13
16
16
17
14
14
13
14
11
12
20
15
16
11
20
17
17
16
12
8
14
19
11
14
19
13
19
15
17
15
13
12
10
14
14
16
12
13
15
14
15
14
13
12
13
11
13
14
14
15
15
14
14
15
15
19
19
12
13
15
13
18
16
14
15
12
14
14
15
13
16
12
14
14
11
14
20
18
14
13
12
14
16
12
13
6
13
12
18
12
16
13
12
n 40 k 2
16
19
20
18
21
16
15
17
22
23
17
17
16
19
24
20
16
19
19
24
16
19
19
18
17
21
17
24
26
18
18
18
15
21
15
23
19
16
17
18
20
26
17
17
21
17
16
19
16
14
24
16
21
19
17
22
17
21
18
23
21
20
22
17
20
23
16
22
16
17
20
20
19
19
19
21
19
18
17
17
17
17
24
20
16
18
22
20
17
23
18
18
23
18
18
21
18
18
16
18
n 50 k 2
21
27
28
24
27
20
25
20
22
21
22
29
21
25
26
21
26
26
23
23
21
20
19
22
25
24
23
27
25
27
26
21
23
23
25
22
25
27
26
23
21
25
28
23
21
30
24
22
27
29
24
25
25
24
27
21
26
32
22
26
28
19
20
26
29
17
24
17
21
23
21
17
23
23
23
24
23
29
24
21
28
24
28
19
28
30
24
28
18
22
27
28
22
23
22
24
31
15
25
24
n 60 k 2
28
27
29
31
28
30
27
29
28
24
28
35
31
24
26
27
28
24
29
29
33
26
27
28
24
28
30
32
27
30
25
28
28
29
30
22
30
27
28
29
26
40
31
36
25
30
26
33
29
26
29
23
29
30
35
33
27
23
26
32
25
27
35
28
27
35
28
26
22
25
23
25
28
31
28
30
24
27
31
34
31
29
31
33
25
25
28
29
27
20
32
32
29
29
27
25
30
28
28
30
n 70 k 2
37
33
37
38
32
37
35
30
33
35
33
26
30
36
36
38
33
34
36
35
35
34
35
34
37
38
33
33
33
36
31
37
31
26
37
30
37
36
33
35
32
40
35
38
35
35
33
37
26
30
36
34
33
32
33
35
34
38
28
33
26
26
36
33
32
36
32
28
33
33
31
35
39
28
36
33
38
34
35
32
27
33
36
38
30
41
30
34
30
32
31
31
40
40
31
32
41
37
35
35
n 80 k 2
29
32
34
40
34
35
40
48
36
35
39
38
34
35
42
40
39
38
42
31
32
47
39
37
33
41
42
44
38
40
35
40
38
36
40
35
31
38
40
39
37
40
36
44
34
40
38
39
32
38
35
40
37
42
44
37
45
40
37
40
44
40
39
44
41
42
40
40
37
35
44
35
37
48
43
37
39
43
34
38
39
34
32
37
31
45
44
34
42
38
42
35
42
39
34
44
40
33
43
36
n 90 k 2
39
40
42
45
50
45
45
43
35
45
46
44
48
43
46
49
37
40
39
40
49
43
41
33
43
40
44
41
48
45
44
39
30
42
42
41
44
45
48
45
46
42
42
43
47
40
48
46
41
38
34
44
34
42
44
43
45
38
48
42
33
40
48
33
45
38
43
38
43
52
41
48
45
46
46
41
37
38
44
46
38
42
40
45
33
42
41
47
42
42
40
41
42
44
41
45
48
40
45
45
n 100 k 2
54
45
45
49
48
45
53
43
42
47
44
53
45
49
49
41
47
41
49
56
52
48
56
54
46
49
48
50
54
51
50
47
50
47
46
51
46
55
46
50
47
49
46
50
58
51
54
57
52
51
46
54
43
45
47
51
43
46
50
51
40
54
46
48
51
39
47
50
47
49
41
48
49
41
48
47
50
49
49
53
45
44
49
45
50
36
48
53
54
45
50
48
51
37
48
48
52
52
54
53
n 20 k 3
10
9
13
24
14
10
8
7
13
12
8
13
13
15
16
12
17
11
12
10
17
10
6
18
10
12
15
6
10
12
13
13
13
14
8
12
7
8
9
14
14
23
12
9
9
23
11
10
13
25
13
12
19
8
5
15
13
11
14
15
11
7
14
13
17
17
16
16
6
12
15
19
19
9
11
15
18
8
15
11
12
16
14
68
10
11
19
22
7
11
10
16
20
6
10
14
8
10
15
10
n 30 k 3
21
18
24
20
18
14
13
27
26
14
23
19
17
16
18
14
11
28
22
16
21
17
21
23
21
19
17
13
25
25
21
18
22
17
21
22
17
25
23
22
11
17
23
16
24
18
16
18
16
22
14
19
15
15
76
19
10
23
15
13
17
12
27
20
24
12
24
19
15
24
21
17
21
18
23
13
12
12
16
13
23
21
23
11
16
18
16
13
20
13
14
24
15
17
17
16
11
13
17
13
n 40 k 3
24
22
20
32
25
30
22
22
22
22
21
24
20
28
23
23
34
28
24
28
26
24
25
15
22
25
29
23
27
35
21
24
26
36
25
30
32
22
28
24
25
28
29
24
21
19
25
28
23
29
27
25
25
39
23
25
19
22
26
25
29
20
35
38
25
30
24
18
20
29
25
23
41
22
31
27
88
14
25
29
23
20
28
23
24
22
21
31
36
26
21
20
15
30
28
19
24
22
31
17
n 50 k 3
27
31
32
68
20
25
31
34
26
34
32
37
103
39
28
31
32
20
27
29
45
31
29
33
30
63
22
25
23
32
35
23
39
37
22
32
30
33
35
33
24
34
34
22
36
33
44
25
36
27
28
42
37
35
26
31
25
30
30
30
26
29
37
29
34
31
41
28
34
39
23
30
42
35
27
28
27
39
93
29
34
32
34
39
27
45
38
30
33
20
30
27
38
38
28
31
29
27
37
29
n 60 k 3
32
44
43
29
38
34
41
37
45
23
41
38
37
34
38
39
34
37
37
43
38
47
48
30
36
32
32
30
39
47
36
39
42
30
49
57
33
43
27
28
33
43
62
36
43
28
37
32
36
45
39
32
43
47
95
35
35
26
26
39
36
29
35
36
51
46
42
36
45
43
22
44
34
38
37
31
45
38
51
33
30
30
29
28
26
46
30
35
41
36
70
35
37
43
49
53
39
38
44
66
n 70 k 3
43
32
46
42
37
38
46
53
40
58
35
39
46
40
40
36
41
49
44
42
49
49
42
38
42
38
65
45
44
51
43
59
41
43
37
47
39
55
58
72
50
36
51
35
47
46
48
43
42
39
40
50
61
35
42
51
39
41
50
58
38
39
55
41
41
40
50
35
44
51
63
96
48
42
50
55
49
59
40
45
43
36
56
39
31
133
80
37
52
32
34
44
46
40
49
28
36
43
49
31
n 80 k 3
69
54
46
42
48
49
43
38
61
247
36
50
42
48
108
44
41
54
47
46
50
51
36
66
56
36
55
57
55
45
63
42
44
54
53
52
49
39
53
45
38
48
67
42
43
50
55
52
55
48
235
57
44
53
40
67
58
58
60
44
68
55
44
54
44
44
45
56
45
50
45
38
42
54
48
55
64
49
36
45
56
41
63
45
53
46
47
49
40
52
53
55
65
64
56
50
42
40
47
47
n 90 k 3
48
65
51
57
76
69
52
61
53
68
59
50
62
70
81
67
46
48
56
68
71
62
48
291
70
64
60
60
63
59
63
51
61
52
58
77
73
45
53
50
62
59
48
63
65
50
42
58
53
54
65
80
65
65
60
67
62
65
53
48
56
76
52
59
67
71
66
54
55
50
45
56
62
51
67
63
60
52
68
62
61
58
276
49
56
58
63
43
60
54
58
56
51
48
53
51
44
60
54
61
n 100 k 3
61
68
49
61
67
75
62
74
57
62
73
80
69
70
50
70
61
47
51
77
74
62
65
64
50
60
49
53
70
75
58
70
69
62
79
79
56
63
50
56
76
54
63
59
67
57
76
61
44
66
66
54
70
55
55
58
49
84
56
45
50
67
66
82
75
66
48
65
63
80
57
61
51
57
78
80
61
66
63
63
59
64
69
66
58
64
55
52
69
61
59
80
77
58
62
57
86
64
62
56
n 20 k 4
10
12
42
11
8
10
10
24
5
25
16
22
10
23
13
22
39
17
18
25
18
9
8
32
13
5
16
19
25
15
17
10
20
22
25
10
20
14
22
8
18
26
18
16
21
16
22
17
21
28
15
27
13
12
9
11
9
21
34
26
14
11
11
12
9
13
11
20
12
27
13
11
10
20
15
9
24
19
41
13
18
31
16
18
18
12
20
14
16
29
23
22
17
10
10
4
11
17
8
12
n 30 k 4
19
18
31
17
23
31
19
19
23
20
29
28
32
30
23
21
12
29
35
21
58
21
16
26
20
27
28
15
34
28
9
19
20
28
22
35
28
24
82
30
13
21
25
17
38
20
18
18
17
16
17
21
28
25
35
28
27
32
26
26
24
26
21
36
20
42
35
14
29
32
18
12
30
16
32
15
20
28
22
25
34
29
11
27
16
23
22
32
20
31
16
35
30
13
10
29
21
29
21
18
n 40 k 4
36
21
35
33
29
30
45
22
37
42
22
35
36
39
22
29
19
36
32
33
26
20
40
23
68
31
37
40
27
35
27
44
34
33
32
43
29
24
22
31
58
37
33
40
22
32
30
28
30
21
32
23
25
24
41
34
40
33
42
29
43
20
22
27
27
39
35
24
22
53
40
35
46
33
24
21
37
43
38
30
18
20
29
36
31
23
40
43
37
36
31
35
45
30
34
46
47
30
14
18
n 50 k 4
28
56
31
36
49
42
49
44
36
38
61
33
40
25
56
42
48
52
37
44
36
28
30
45
23
26
34
44
206
55
50
43
39
26
49
39
18
41
39
54
32
25
38
31
41
46
53
42
54
34
37
38
33
37
36
31
32
39
38
46
50
56
45
36
35
33
43
47
32
32
204
44
39
36
48
38
46
40
29
37
51
26
31
24
46
32
38
52
37
25
69
27
26
33
33
37
24
73
46
41
n 60 k 4
42
58
50
53
41
44
48
37
36
41
48
57
61
31
48
46
38
61
41
57
37
53
56
34
45
44
32
64
48
31
67
47
50
59
32
60
48
44
48
27
38
47
54
29
45
41
39
53
40
38
36
33
39
34
38
55
38
40
51
34
39
36
54
69
42
52
58
51
82
50
36
50
42
43
63
36
44
50
37
50
43
48
54
53
49
45
50
42
67
34
57
73
36
52
55
42
43
32
50
44
n 70 k 4
39
48
63
57
50
52
56
52
57
56
60
63
50
49
56
45
64
54
54
104
66
36
43
68
63
54
74
48
57
39
60
79
57
76
72
56
38
58
56
38
49
57
83
48
51
50
50
41
53
53
57
43
50
70
74
34
59
46
49
65
49
45
66
95
47
59
67
65
37
64
49
54
42
46
74
66
57
45
43
49
34
57
46
72
67
43
52
78
44
51
37
55
49
49
51
53
73
51
39
54
n 80 k 4
63
57
83
70
63
60
69
84
73
49
68
58
53
52
60
65
58
41
43
35
69
89
71
59
99
72
75
59
68
43
55
62
84
64
48
69
91
51
51
51
48
63
56
83
70
81
50
56
47
95
42
66
64
73
51
74
57
47
66
64
58
60
51
47
52
50
47
64
67
62
70
82
87
51
75
47
54
54
73
51
46
67
59
54
57
63
67
64
61
74
70
70
75
64
78
52
66
92
64
56
n 90 k 4
95
85
92
63
53
58
87
63
61
50
68
77
60
75
64
65
64
89
59
49
56
72
84
70
79
108
81
506
75
48
51
80
82
70
63
88
72
46
519
73
118
93
69
79
61
75
69
68
70
77
73
69
78
81
51
73
70
66
84
75
97
59
88
57
67
69
88
66
100
64
62
67
71
57
67
78
77
88
73
62
78
54
80
68
66
67
73
49
73
68
78
73
69
86
62
52
108
48
523
85
n 100 k 4
122
73
66
87
68
86
73
122
71
61
64
51
75
91
78
110
79
71
67
75
66
69
82
77
62
66
83
61
107
67
74
84
92
124
101
88
72
98
86
67
67
517
524
85
60
92
83
69
88
65
65
80
72
63
86
68
76
76
63
59
92
74
79
63
68
92
74
74
68
88
54
72
78
71
521
63
94
114
72
87
92
64
86
88
90
69
90
63
89
76
88
62
91
62
55
79
92
97
94
105
n 20 k 5
33
11
65
20
34
15
17
34
20
5
39
12
17
16
48
469
42
19
150
25
14
16
31
7
26
22
28
17
51
13
21
14
57
32
10
16
15
31
21
30
21
31
17
17
13
34
13
14
33
26
21
26
14
39
60
42
53
22
15
11
23
21
30
14
18
23
11
24
8
38
18
15
16
13
8
17
453
6
19
10
18
37
17
17
48
20
43
15
18
26
11
30
12
10
13
6
32
22
29
13
n 30 k 5
17
29
21
17
23
24
31
31
23
26
21
13
20
30
34
27
19
20
18
64
182
19
17
25
78
28
42
29
62
14
41
38
23
25
14
27
28
22
19
30
39
79
35
43
25
25
22
34
25
21
23
29
40
37
20
30
26
33
18
20
21
24
30
52
32
12
24
40
8
33
43
11
34
41
49
15
27
33
25
30
22
33
27
24
29
28
20
25
19
15
30
17
35
24
16
18
22
24
48
32
n 40 k 5
26
46
50
48
45
37
34
39
58
32
56
22
29
34
59
29
21
24
60
51
33
32
47
38
23
33
31
33
37
60
43
56
45
19
39
34
55
58
30
33
41
31
36
45
52
26
33
61
85
24
52
67
47
26
21
58
58
17
56
28
69
49
56
39
75
28
44
84
66
19
28
27
50
21
73
67
47
30
25
31
25
25
88
21
45
50
29
44
51
30
38
37
43
46
32
43
34
41
37
27
n 50 k 5
53
66
37
29
52
65
27
35
30
40
35
63
64
34
84
40
36
86
42
54
51
52
59
59
29
39
32
36
48
23
485
37
60
33
56
47
42
50
69
50
104
50
90
57
52
38
38
41
64
66
41
78
42
86
32
45
73
59
41
53
49
58
68
37
62
40
41
56
50
50
49
65
37
43
39
86
120
31
54
47
35
41
79
67
40
42
37
47
69
116
38
38
56
99
32
60
96
36
43
48
n 60 k 5
48
79
61
70
82
40
69
89
57
75
48
51
74
90
93
70
32
75
71
65
49
53
88
37
49
64
67
59
95
70
59
85
47
51
70
57
41
50
69
66
39
119
54
100
33
54
68
58
64
60
43
56
36
65
26
58
41
64
62
35
48
109
62
87
36
63
114
46
45
68
37
98
64
43
74
54
61
45
66
55
67
31
58
72
70
67
37
53
44
69
51
51
48
35
47
54
56
99
63
63
n 70 k 5
85
61
70
44
83
34
65
64
80
70
71
106
71
65
77
75
58
61
60
93
92
128
99
88
63
85
90
77
71
61
48
512
54
58
71
84
85
82
67
57
74
53
74
71
83
113
59
65
100
67
62
99
48
57
65
82
61
52
41
89
50
55
76
87
64
43
105
81
110
50
100
72
105
43
137
59
64
60
56
81
61
108
58
118
72
83
104
59
106
65
89
48
86
64
105
70
53
64
46
61
n 80 k 5
81
81
89
75
72
108
42
57
93
78
123
50
68
80
50
51
96
64
78
122
508
131
81
139
93
63
79
70
106
87
74
81
68
58
88
117
114
76
105
97
87
74
145
71
70
70
77
80
68
102
77
74
78
65
115
92
87
105
107
129
92
64
107
77
60
104
72
117
79
73
105
75
94
104
58
83
87
71
58
82
69
104
72
70
92
113
49
102
152
69
71
88
66
69
53
111
51
112
72
62
n 90 k 5
85
108
100
109
81
73
115
110
94
87
71
69
82
81
69
67
109
94
87
82
83
77
73
126
97
81
80
73
87
92
94
113
91
76
102
142
77
539
78
91
97
108
109
123
92
109
72
106
101
73
118
79
79
62
72
77
94
69
85
61
54
120
107
109
72
66
60
91
77
81
120
82
79
82
73
119
517
120
72
76
130
91
89
79
81
99
58
87
92
121
107
97
80
95
136
69
80
120
148
120
n 100 k 5
125
77
96
150
145
146
122
122
126
99
86
127
122
77
75
101
96
90
104
94
71
118
100
143
88
91
118
114
105
143
101
66
91
92
64
69
78
156
100
100
96
89
66
62
134
92
94
91
79
109
106
118
111
82
134
71
124
86
116
104
94
101
108
109
199
94
61
96
174
132
95
85
107
99
106
92
58
110
109
103
96
87
109
105
143
78
80
97
89
64
104
119
67
103
85
135
78
143
95
62
n 20 k 6
466
14
17
21
10
17
14
44
14
14
16
14
7
17
30
26
6
18
7
13
20
13
33
16
30
35
28
36
12
14
51
16
20
18
14
41
12
81
5
18
17
23
16
37
19
14
28
22
22
27
7
16
7
24
27
16
22
31
16
20
12
12
461
38
15
19
14
20
20
20
23
17
8
31
37
21
12
53
249
24
17
20
32
32
38
10
14
17
18
16
50
14
96
36
458
6
39
73
10
8
n 30 k 6
23
12
45
47
171
54
21
24
102
30
149
32
76
14
31
19
16
22
39
40
91
12
19
31
23
45
147
61
15
54
23
80
112
54
157
27
50
12
26
22
66
67
41
54
25
34
32
28
23
34
34
60
14
36
35
56
103
15
114
16
39
18
26
26
33
23
43
23
38
46
31
15
17
26
59
36
44
21
52
20
40
73
62
41
100
69
58
20
19
31
49
26
23
47
69
53
21
81
27
20
n 40 k 6
38
76
90
77
107
20
41
42
62
62
36
44
41
46
43
38
36
98
37
34
25
41
29
31
48
41
24
85
61
63
55
51
52
56
60
43
58
49
54
33
75
63
27
28
50
62
37
49
79
41
67
53
48
28
74
38
36
41
41
24
35
53
48
23
17
31
52
61
35
56
60
53
127
75
39
52
44
42
68
25
61
109
25
54
51
51
29
47
27
54
60
51
33
45
42
39
39
87
13
62
n 50 k 6
27
51
41
43
118
45
57
47
86
82
37
48
37
34
94
57
76
183
46
47
39
22
67
38
43
38
36
39
33
41
41
61
45
93
81
78
39
23
59
64
41
54
52
71
93
35
38
32
75
46
52
38
40
39
41
78
69
107
46
36
46
73
74
65
52
36
37
87
141
57
53
39
143
96
76
42
70
57
93
63
46
65
47
38
38
44
34
60
22
114
50
28
52
42
28
32
55
80
36
151
n 60 k 6
70
51
78
92
65
98
42
74
132
120
82
48
52
61
79
32
103
52
61
72
93
58
43
186
88
79
37
56
50
59
70
63
55
66
211
80
70
61
96
72
32
39
66
60
104
63
95
47
55
80
66
49
132
104
75
42
66
69
44
85
93
71
64
61
55
106
84
88
55
38
53
44
144
67
171
65
31
70
120
51
53
112
58
72
76
63
69
138
68
502
52
40
64
72
59
53
49
61
62
75
n 70 k 6
76
80
67
81
64
107
91
117
78
90
73
78
110
91
67
55
84
83
77
72
96
70
103
41
90
90
111
48
79
50
71
85
71
60
66
54
63
600
101
100
77
60
66
105
77
537
110
52
116
70
111
190
128
111
87
86
79
85
83
91
83
85
209
111
75
72
101
52
90
90
81
57
73
47
96
70
120
114
98
120
101
111
46
122
51
58
72
126
72
110
70
117
154
76
96
51
149
130
133
66
n 80 k 6
100
63
115
123
144
96
89
82
67
109
84
139
52
88
116
123
100
86
88
82
117
121
132
65
94
94
83
91
90
72
74
147
74
63
170
99
107
154
77
69
140
86
107
72
77
68
99
123
96
68
140
124
71
84
63
91
66
94
65
82
63
70
106
125
102
140
121
75
102
102
54
103
59
109
120
101
75
110
59
107
73
123
96
52
140
114
88
116
106
116
118
136
99
93
106
171
77
134
68
74
n 90 k 6
120
109
195
93
90
108
168
122
141
59
106
137
61
119
122
86
78
139
85
111
137
94
139
109
150
99
101
131
82
98
127
88
105
132
101
118
96
170
84
75
120
108
86
94
171
121
90
86
146
137
137
85
95
86
240
93
97
98
94
121
83
99
109
149
97
151
101
178
71
106
242
122
95
75
89
115
112
105
87
147
110
100
121
124
103
88
104
79
124
66
137
127
90
105
107
111
129
134
75
116
n 100 k 6
100
115
102
174
118
116
122
132
151
145
116
111
77
117
145
96
91
79
121
139
80
168
84
86
135
98
117
107
164
160
99
113
117
141
85
102
113
163
87
94
120
97
129
69
107
152
89
112
47
118
199
118
78
90
53
162
147
157
127
104
84
125
129
136
86
95
167
87
129
126
108
133
183
91
132
129
176
118
106
289
179
128
90
132
89
153
92
169
144
80
95
138
93
271
77
124
176
197
138
129
