n 20 k 2
9
10
9
7
5
11
12
10
8
13
9
9
12
9
8
8
8
11
12
9
11
9
12
6
9
9
5
8
11
9
7
9
8
10
8
8
10
13
7
8
8
6
10
12
8
9
8
11
13
9
10
8
12
10
11
10
9
7
12
14
10
8
6
8
9
8
6
6
6
5
10
15
11
12
12
13
9
9
6
7
7
8
11
8
12
10
11
10
12
9
11
13
11
10
9
9
6
8
8
10
n 30 k 2
14
13
15
14
9
13
17
14
15
13
12
10
14
11
7
11
14
15
17
13
13
12
15
11
15
11
13
13
12
9
13
11
14
14
16
15
13
15
11
17
13
16
15
11
19
13
12
14
12
10
13
14
15
16
10
16
12
14
14
14
21
13
11
14
12
17
12
13
13
15
10
15
9
8
16
11
13
11
17
20
13
14
13
13
14
13
12
10
10
18
15
15
11
11
11
16
12
13
20
14
n 40 k 2
19
16
16
14
21
16
20
18
15
22
20
20
18
22
22
21
16
20
20
19
17
18
19
21
19
16
19
13
13
19
19
23
21
16
19
15
18
20
17
17
18
20
21
18
22
17
19
18
18
15
19
16
18
19
21
17
17
22
12
21
23
19
20
15
17
19
19
20
21
16
14
18
13
22
11
18
20
16
16
20
20
15
15
22
23
21
19
22
21
19
22
24
20
29
17
13
18
19
24
20
n 50 k 2
19
20
19
23
18
25
24
23
25
24
20
20
23
26
28
18
22
21
26
25
24
21
27
23
23
24
18
23
25
18
14
25
19
28
24
27
26
24
26
26
19
22
22
19
27
25
26
22
18
24
21
23
25
23
20
21
22
24
22
25
24
25
26
23
26
29
25
27
28
26
16
25
27
28
19
21
25
24
21
28
23
20
19
24
24
26
24
18
27
24
24
20
28
24
26
25
23
26
25
23
n 60 k 2
23
26
28
33
31
29
29
30
31
30
28
28
30
27
23
24
29
31
31
28
32
30
31
28
28
30
30
31
26
28
28
26
32
34
27
28
29
26
31
31
23
35
32
29
25
22
24
35
25
35
37
24
35
34
31
25
22
27
31
30
33
25
25
26
28
22
27
31
31
24
31
28
28
34
26
29
31
28
33
26
27
31
36
30
30
31
21
28
29
32
29
33
32
27
30
23
29
30
21
27
n 70 k 2
37
32
37
34
32
32
33
27
28
39
36
29
28
35
36
30
30
32
34
27
35
37
40
33
35
29
35
30
25
31
28
36
32
38
36
37
27
31
33
29
35
34
32
34
36
31
38
34
32
34
29
30
32
37
34
29
34
30
32
35
34
34
32
33
31
39
33
33
27
39
31
30
29
31
28
35
29
32
31
30
35
37
36
34
34
33
34
37
38
32
38
32
39
34
33
33
37
40
38
29
n 80 k 2
35
42
38
30
33
38
42
37
44
31
46
44
33
34
36
32
39
34
40
34
43
33
36
33
38
33
39
35
40
34
38
41
41
33
36
36
38
37
43
33
43
35
39
43
34
43
38
43
41
32
32
41
41
39
37
37
36
38
42
37
34
33
29
35
41
34
34
35
40
39
35
34
36
37
42
43
41
41
38
34
39
42
38
35
34
39
39
40
35
43
40
46
41
38
36
39
40
36
41
43
n 90 k 2
44
38
40
43
45
45
46
42
39
41
41
47
47
44
48
33
39
44
44
47
44
36
39
42
43
36
44
46
45
39
48
37
39
42
44
43
45
47
38
42
37
39
42
47
49
36
44
42
45
43
42
41
45
44
45
43
45
48
41
39
35
41
43
46
38
44
39
40
41
49
41
39
46
44
47
38
53
36
38
48
40
44
49
45
42
45
46
47
44
48
41
38
39
43
40
48
39
41
50
47
n 100 k 2
50
51
48
51
56
45
47
47
46
53
40
44
50
41
41
56
48
46
44
50
39
40
53
48
53
47
54
57
46
47
43
45
59
46
41
39
54
52
61
39
51
46
46
44
45
54
47
44
49
45
53
44
47
47
47
54
48
58
46
42
46
45
50
40
53
48
52
42
53
53
48
43
48
54
57
52
48
51
45
53
56
45
41
47
50
46
46
50
48
43
57
49
43
50
52
45
48
46
45
51
n 20 k 3
15
10
22
10
13
9
11
20
8
21
9
11
7
10
31
14
14
19
14
19
8
13
7
13
11
10
10
11
18
14
12
13
12
11
12
13
24
16
13
9
15
10
20
13
7
9
17
24
9
7
17
10
9
11
10
16
7
12
15
9
13
19
11
11
14
18
10
19
8
10
10
15
9
11
8
10
12
9
15
11
9
18
27
12
10
14
10
14
9
11
14
24
13
17
13
11
11
18
13
17
n 30 k 3
34
31
19
22
14
19
10
17
17
20
14
23
14
20
19
22
17
12
21
25
20
20
23
20
20
15
30
22
29
39
13
19
30
22
13
24
22
12
10
22
16
19
22
23
16
18
16
16
18
19
18
13
13
25
19
27
21
17
21
21
18
15
15
13
25
16
18
18
17
20
16
15
29
18
26
21
18
17
21
27
16
14
16
17
13
23
24
14
15
34
13
15
21
19
18
15
15
20
18
16
n 40 k 3
32
29
23
24
22
26
22
20
26
28
27
22
21
22
21
21
23
32
44
39
15
22
26
29
50
32
27
29
25
28
20
37
23
16
29
32
24
23
27
23
23
38
24
27
23
39
26
21
32
46
19
28
21
26
18
17
25
17
22
25
21
30
15
28
20
17
33
22
21
17
29
22
36
25
20
26
24
21
23
28
33
25
22
21
24
30
30
25
23
33
25
18
24
28
24
27
22
31
22
25
n 50 k 3
24
30
24
25
31
29
21
32
32
27
25
29
36
37
28
28
34
33
27
18
25
24
32
26
86
32
37
34
33
29
34
21
29
23
33
33
27
31
32
30
32
21
27
33
29
30
75
30
25
41
38
32
29
36
37
28
27
40
32
45
33
27
25
23
30
34
26
23
43
27
29
22
28
53
34
35
37
24
38
30
37
27
18
32
34
30
21
32
30
29
25
24
61
21
30
27
22
21
22
29
n 60 k 3
44
26
32
41
42
45
44
39
32
37
34
51
34
41
25
35
50
34
42
50
108
30
43
33
51
32
38
39
38
36
35
28
44
33
47
29
74
44
41
34
40
32
45
56
30
35
33
34
64
39
43
39
35
37
43
33
35
34
45
35
27
35
89
28
42
47
43
48
32
38
33
28
28
35
29
41
43
40
34
30
42
32
34
34
26
42
24
48
53
39
49
33
35
35
33
36
38
38
38
32
n 70 k 3
43
37
47
48
50
40
55
40
67
47
45
49
49
50
38
50
60
56
42
69
53
42
47
39
59
38
53
50
35
36
41
49
53
42
39
45
45
35
30
43
40
62
40
29
38
33
52
42
50
36
37
35
42
39
56
32
42
41
46
41
38
40
38
52
46
48
43
40
40
45
53
38
39
42
39
39
51
46
38
42
132
43
53
39
47
48
51
43
41
46
36
73
28
36
34
54
40
38
48
45
n 80 k 3
53
66
53
43
41
44
46
52
54
53
41
57
235
61
65
41
57
65
46
58
66
42
50
43
59
46
54
43
79
45
49
82
52
66
57
51
49
40
49
45
44
43
73
55
49
62
44
177
39
61
55
57
42
45
46
61
41
51
53
51
56
58
55
48
45
53
47
55
45
55
49
58
54
64
55
51
45
38
54
55
50
48
50
51
61
40
46
45
45
60
45
47
69
38
45
43
45
54
43
66
n 90 k 3
51
58
71
43
68
71
52
67
71
55
51
47
56
60
59
47
57
48
59
73
56
58
60
55
56
67
65
59
60
51
56
111
62
51
57
56
57
62
49
68
50
60
70
76
57
59
63
60
57
378
65
52
70
59
61
52
57
63
68
68
50
60
54
59
42
59
58
52
50
60
42
57
52
54
76
53
68
54
59
65
57
60
71
46
46
64
58
60
55
55
85
55
59
57
53
51
44
49
53
68
n 100 k 3
42
51
64
64
56
66
64
59
53
79
75
63
53
93
60
58
119
61
76
63
77
66
62
59
56
62
59
52
68
56
59
75
58
73
61
51
58
47
61
87
70
70
64
60
63
74
50
57
60
75
72
61
49
56
63
69
45
60
61
68
63
69
57
382
61
70
68
73
62
69
68
56
60
58
69
68
69
55
63
76
57
54
69
69
57
67
73
55
72
73
61
69
56
58
60
55
56
59
59
72
n 20 k 4
20
19
11
9
22
21
13
32
20
9
41
18
6
13
22
18
8
14
19
9
10
16
15
10
49
12
10
37
12
17
9
17
24
13
15
6
14
13
10
8
20
17
13
9
9
13
62
9
12
21
12
33
19
10
20
21
24
20
16
19
16
23
19
10
16
17
14
20
11
18
107
10
18
15
11
14
25
10
21
9
13
8
18
20
19
9
20
17
28
12
40
19
13
10
37
20
15
16
9
29
n 30 k 4
17
19
25
22
30
33
49
28
20
21
36
18
20
17
12
16
14
17
31
38
16
34
44
31
16
32
15
17
43
27
16
18
20
18
26
16
21
20
110
31
45
49
23
14
10
23
16
48
14
21
16
25
16
20
24
28
16
30
43
37
38
30
23
22
26
15
39
21
20
40
24
27
26
26
46
24
18
31
24
13
23
19
14
19
13
20
17
23
22
23
40
32
23
19
20
22
15
36
27
21
n 40 k 4
47
33
37
39
37
39
29
40
24
30
23
28
19
39
21
34
52
25
53
25
39
15
29
56
20
54
23
30
32
19
45
36
21
25
18
30
42
39
29
63
26
32
44
63
31
43
25
29
33
29
31
25
24
23
34
51
87
32
21
35
31
22
29
28
15
45
32
50
28
26
33
38
25
32
27
31
16
24
17
34
30
39
33
34
27
30
51
461
17
39
32
27
33
19
35
33
49
45
34
27
n 50 k 4
38
38
28
42
30
25
45
50
48
29
40
39
25
47
30
51
41
55
39
330
54
32
53
37
39
31
30
61
43
40
323
35
31
58
31
33
35
30
38
30
339
274
47
56
25
29
29
44
38
47
37
57
40
46
56
39
32
27
27
39
31
41
51
35
36
35
50
51
45
53
32
52
40
31
36
40
30
31
32
37
44
37
49
40
41
31
44
48
45
52
36
39
28
48
44
36
40
31
28
31
n 60 k 4
53
53
70
37
65
33
42
49
34
39
37
43
67
43
49
47
41
29
33
50
47
34
75
36
43
218
73
45
113
41
37
40
32
46
54
52
50
57
58
51
50
50
54
49
54
50
74
29
40
47
56
44
29
46
58
65
53
41
68
39
42
68
51
38
49
41
38
50
33
67
33
163
48
55
52
60
56
56
52
36
35
50
52
85
45
31
71
46
35
45
35
52
50
38
42
50
58
60
23
36
n 70 k 4
46
45
42
80
67
51
72
67
73
68
70
53
51
39
58
49
51
68
70
81
56
58
62
33
53
82
63
52
52
64
47
34
61
72
56
54
63
41
60
45
50
69
53
52
50
61
36
38
63
74
58
59
43
45
39
54
51
54
45
49
67
69
73
33
43
61
75
41
62
73
64
59
52
50
36
43
64
49
53
55
39
80
59
43
71
74
39
33
51
42
43
57
40
70
69
75
40
49
75
59
n 80 k 4
66
67
74
55
60
48
60
58
66
52
64
66
90
62
78
82
66
63
74
64
68
66
51
47
55
48
67
93
59
61
55
58
64
52
69
61
56
72
123
66
54
69
74
73
58
68
54
46
59
70
78
77
48
42
81
48
70
66
53
50
48
40
66
60
51
77
44
41
84
58
64
84
53
54
93
70
62
72
60
77
38
79
85
42
64
54
60
88
70
108
57
58
86
65
63
64
44
54
75
75
n 90 k 4
71
88
77
78
51
49
76
58
53
59
61
75
73
78
89
57
101
66
76
66
65
80
61
63
63
64
70
68
97
76
64
70
88
71
74
55
61
90
69
96
68
66
68
72
67
63
73
70
87
72
66
92
61
64
61
96
83
51
63
74
56
63
79
38
70
64
68
67
76
90
78
50
66
74
96
65
70
59
66
65
62
71
57
59
75
75
97
64
80
88
95
61
61
54
50
59
55
77
73
76
n 100 k 4
87
89
76
68
78
79
57
73
519
76
64
82
63
68
77
86
75
83
70
84
124
93
71
79
108
72
63
73
96
64
104
63
81
85
64
72
102
80
71
57
69
91
88
81
78
82
63
95
99
85
86
97
88
73
79
89
73
100
123
84
521
90
74
62
109
83
65
58
527
60
57
81
63
95
91
90
79
63
76
97
79
63
73
70
66
62
84
65
102
74
50
78
78
97
100
78
120
77
81
96
n 20 k 5
11
19
12
11
36
23
14
15
11
53
19
36
18
8
18
8
20
16
19
12
16
8
16
14
36
12
10
12
13
37
39
15
21
10
14
14
16
13
11
8
4
9
7
21
460
5
12
21
27
32
11
12
27
13
32
17
13
28
9
14
13
16
83
16
28
19
10
27
17
7
22
24
17
17
27
9
42
34
15
30
9
20
8
35
21
11
18
64
21
13
22
12
12
15
24
6
11
58
26
13
n 30 k 5
53
47
24
30
18
36
30
35
62
47
43
22
30
38
69
26
20
81
82
30
64
24
16
31
34
25
14
34
15
30
45
18
80
23
35
28
30
16
56
22
25
18
37
26
17
27
26
20
25
15
52
43
18
35
27
26
21
41
30
32
50
13
44
24
18
20
34
25
42
32
29
38
36
16
24
24
34
46
30
46
33
21
26
32
40
16
56
33
23
39
36
17
18
91
32
18
46
43
51
47
n 40 k 5
37
106
50
25
19
23
46
19
40
28
87
24
19
35
44
25
20
39
32
72
73
58
32
45
30
65
39
39
51
45
39
51
58
27
32
40
66
49
24
32
54
37
83
47
29
10
29
39
40
46
49
45
60
41
57
46
34
35
19
32
70
32
44
40
36
29
38
32
13
30
36
25
51
42
25
29
54
36
41
16
58
31
26
22
56
36
19
30
35
40
52
26
35
37
48
39
51
46
49
51
n 50 k 5
67
80
49
33
35
52
79
50
37
39
28
53
38
40
38
30
52
73
44
29
34
31
33
53
36
34
86
55
54
48
26
92
43
26
43
41
52
46
37
51
54
85
56
51
56
44
44
68
25
27
25
45
52
48
56
45
51
42
46
37
65
42
28
65
32
53
50
31
56
40
37
61
45
29
47
33
34
33
33
37
51
23
50
48
53
37
44
42
99
27
39
47
41
45
49
63
56
85
50
59
n 60 k 5
55
39
33
46
74
94
83
79
78
74
101
65
73
55
61
34
30
47
54
53
77
48
69
38
68
60
71
109
95
50
50
66
61
72
74
40
71
68
45
59
32
64
63
73
67
44
123
40
69
47
68
63
65
46
61
64
73
53
54
40
97
64
55
52
52
58
45
54
49
55
65
49
71
72
104
69
78
68
47
106
75
83
59
100
85
59
57
48
60
55
36
53
65
40
57
51
53
37
30
42
n 70 k 5
70
63
66
50
85
73
76
97
75
70
58
69
72
53
83
90
46
53
66
53
78
503
82
69
63
40
55
90
68
57
75
83
67
93
88
58
45
49
58
67
64
105
97
48
83
66
67
55
74
102
97
67
54
68
56
89
89
59
46
116
92
72
51
86
96
65
40
57
64
32
46
73
103
71
76
64
97
80
54
59
65
98
54
76
55
72
38
79
53
51
66
70
72
93
67
82
53
67
82
45
n 80 k 5
55
102
83
106
104
99
72
76
86
106
68
100
69
101
46
77
114
66
111
47
111
64
55
91
49
84
109
98
82
42
51
73
98
56
51
49
79
71
78
71
85
123
80
83
70
61
43
98
85
66
82
69
117
78
61
67
103
83
92
88
83
70
65
85
98
106
69
63
71
81
84
77
110
79
87
87
69
106
78
101
51
95
75
95
60
73
83
97
84
64
63
68
48
64
75
92
106
75
80
81
n 90 k 5
111
99
134
112
81
69
56
130
76
88
57
128
171
122
89
106
141
163
97
85
162
86
89
80
102
150
94
97
65
93
97
99
111
74
551
72
97
91
72
100
84
97
97
74
81
66
65
62
105
107
67
81
114
93
92
74
111
103
81
86
80
104
78
62
77
111
124
98
98
92
111
88
103
79
112
108
76
49
92
118
108
110
126
61
82
121
84
100
56
94
85
114
68
127
111
79
103
67
119
130
n 100 k 5
108
76
57
157
107
128
103
135
149
86
98
95
97
86
81
152
68
101
81
136
115
135
126
93
107
50
93
158
97
120
122
117
64
99
65
76
85
111
121
77
107
110
95
69
84
104
91
98
120
103
105
115
75
78
119
77
126
114
74
106
96
88
80
82
154
97
80
75
82
91
82
73
105
136
66
100
113
66
135
130
118
100
80
103
110
110
91
133
86
121
92
191
104
95
65
73
93
98
93
97
n 20 k 6
23
30
459
18
24
14
18
44
22
7
43
40
14
17
22
36
30
16
13
16
9
16
22
25
24
14
461
129
18
15
15
16
28
38
7
17
12
8
35
13
18
14
15
20
484
17
51
5
19
20
32
31
20
10
5
25
22
16
6
14
9
9
30
14
27
29
36
12
33
27
37
23
46
19
13
40
17
13
25
16
40
461
17
19
26
13
13
13
27
13
23
22
23
13
18
461
33
15
18
32
n 30 k 6
19
46
22
36
18
56
130
35
43
27
28
147
51
92
34
21
36
36
27
79
35
14
106
43
14
53
51
40
32
20
16
21
19
26
20
78
35
37
24
47
28
24
13
19
21
15
29
25
57
45
26
25
27
33
17
19
94
32
30
73
28
93
31
24
55
21
22
31
21
18
21
34
53
207
40
29
33
31
48
65
19
98
25
20
31
146
32
17
16
62
22
31
78
32
31
63
27
28
11
16
n 40 k 6
30
68
47
42
28
23
27
52
19
29
30
53
62
84
40
24
39
62
39
34
28
50
59
32
80
51
44
70
39
54
69
48
54
19
45
24
53
26
39
115
42
35
25
62
32
25
34
33
61
71
37
25
25
48
39
42
27
27
52
64
31
28
41
76
21
43
75
22
32
31
31
61
44
46
33
34
81
34
42
31
68
94
103
88
53
19
183
29
37
44
28
20
269
38
32
18
70
31
30
69
n 50 k 6
49
55
40
50
43
38
37
159
101
51
53
53
42
84
49
51
133
80
104
77
87
48
99
57
77
47
61
95
47
60
90
29
56
85
56
84
36
64
54
49
73
165
47
78
59
107
62
68
72
40
58
32
57
48
41
105
61
30
36
54
40
59
41
45
39
60
51
84
66
42
63
38
27
62
80
42
42
127
28
50
40
50
33
55
72
56
65
119
41
64
33
50
74
68
79
165
37
76
41
29
n 60 k 6
50
96
123
66
47
83
50
78
77
72
76
70
50
104
81
41
64
46
52
81
64
78
81
79
45
79
42
30
147
55
77
85
70
79
46
99
68
80
84
42
86
52
45
84
67
53
207
40
72
70
50
65
85
61
53
47
68
82
50
81
46
40
48
69
46
31
58
55
58
79
54
80
48
78
172
56
56
50
83
50
40
49
79
73
54
82
38
67
44
75
40
62
60
85
52
83
97
72
92
49
n 70 k 6
105
117
49
128
112
79
98
52
74
104
73
160
119
113
69
84
87
77
74
135
103
132
45
75
110
58
85
44
97
166
71
102
107
111
69
33
79
92
83
100
86
99
64
154
133
69
65
110
48
98
101
77
46
70
57
105
508
68
64
86
67
101
61
49
73
61
105
60
75
168
143
86
73
115
94
111
94
89
61
53
151
79
89
65
97
51
64
81
124
122
77
99
60
147
55
107
119
80
95
111
n 80 k 6
94
117
50
63
78
131
95
71
92
106
75
114
136
106
179
104
70
121
122
93
91
139
72
71
110
110
92
72
169
87
89
132
66
70
60
55
82
77
114
74
74
87
92
138
73
91
51
99
152
131
109
127
117
69
69
88
122
151
153
83
89
88
86
76
98
72
55
127
124
184
88
115
38
115
104
83
86
120
78
72
105
69
62
92
160
65
72
91
141
67
39
83
159
86
124
129
92
170
69
61
n 90 k 6
158
84
131
104
69
77
119
119
125
147
86
96
147
89
96
75
58
117
120
118
77
85
145
137
117
163
106
153
134
166
191
108
118
55
118
86
50
146
136
77
107
75
116
202
134
104
105
155
104
126
84
87
94
130
94
90
102
133
112
120
60
94
60
136
109
81
209
85
103
90
103
105
113
119
142
191
100
83
122
97
125
102
82
88
153
61
127
115
134
115
166
69
113
109
108
156
168
52
110
147
n 100 k 6
174
113
110
124
122
151
62
147
132
94
122
92
144
146
86
133
89
138
92
252
133
120
105
106
132
121
93
130
116
556
81
132
137
92
116
111
118
98
115
98
90
134
106
97
122
110
132
183
154
116
114
150
99
80
75
88
95
85
131
117
90
147
148
96
114
118
558
96
145
94
132
114
86
109
164
97
98
172
98
96
86
103
113
151
103
171
148
98
89
134
116
210
116
118
118
123
74
131
147
151
