n 20 k 2
8
9
9
9
11
12
10
8
9
9
9
10
9
7
14
8
9
11
9
11
18
7
11
7
9
11
12
8
10
10
9
10
5
9
10
13
12
10
9
8
10
8
7
8
6
12
8
9
10
11
9
13
13
7
8
11
10
9
11
11
13
7
7
10
14
15
8
9
11
12
9
9
11
6
9
8
8
7
8
10
8
9
6
10
8
10
7
12
9
10
9
6
11
7
13
9
10
9
11
8
n 30 k 2
15
10
13
14
14
13
11
16
11
16
13
14
10
15
15
13
15
17
14
11
18
14
11
14
11
15
11
17
13
14
12
13
14
16
16
15
12
13
13
13
13
25
13
11
14
19
8
12
12
13
16
16
14
14
16
12
13
19
12
19
12
14
15
10
21
17
15
18
14
13
15
17
16
10
15
12
16
11
16
13
13
12
14
14
15
12
16
15
16
17
16
15
12
17
10
12
13
14
14
14
n 40 k 2
18
18
20
20
14
18
23
19
19
18
16
19
20
24
22
14
18
17
23
17
18
22
22
15
18
17
23
19
24
18
19
20
22
15
22
15
23
18
18
21
18
17
14
17
16
24
16
15
22
23
19
17
18
19
23
21
23
16
20
22
24
18
18
22
18
26
15
19
20
17
23
19
16
18
19
18
19
16
17
20
16
18
16
17
18
14
15
21
18
17
20
20
18
17
16
17
19
23
16
18
n 50 k 2
17
20
26
35
23
21
25
27
25
26
25
22
18
26
23
20
29
18
25
19
18
22
23
26
27
30
24
23
28
22
23
21
24
33
19
25
25
19
25
18
19
23
24
24
25
26
22
23
22
24
24
22
20
25
27
19
31
24
18
28
28
25
22
25
34
19
22
24
26
23
27
25
24
22
28
20
22
31
20
29
26
25
24
21
24
27
26
32
27
26
20
25
25
21
27
27
28
26
22
22
n 60 k 2
24
27
31
33
31
30
34
32
32
31
30
32
29
31
33
31
34
25
26
32
33
25
25
25
30
29
31
33
25
28
34
28
35
32
24
33
29
31
25
29
28
28
25
23
31
24
28
32
32
24
31
38
33
25
32
30
32
32
28
28
26
23
28
26
29
27
29
26
24
29
27
33
22
24
27
26
21
28
25
27
30
30
29
29
24
26
30
24
32
30
27
26
31
26
29
28
27
36
24
30
n 70 k 2
34
40
38
35
31
36
35
28
33
31
36
31
37
35
33
34
41
35
29
34
38
31
37
26
27
31
33
37
37
30
34
32
32
27
31
38
37
36
34
36
33
29
28
29
37
35
33
36
38
33
35
27
34
37
37
26
34
39
30
28
36
39
33
35
34
35
28
30
35
25
34
28
35
38
30
31
32
24
31
31
41
34
37
35
34
32
30
33
30
33
35
36
29
34
27
30
31
32
38
38
n 80 k 2
36
36
41
41
41
37
36
34
36
37
34
48
43
38
39
37
38
40
41
36
46
43
41
41
34
42
39
40
40
35
36
41
39
36
41
37
38
35
37
37
42
40
39
36
41
40
39
43
37
39
43
32
37
50
38
34
37
38
36
30
40
39
41
30
38
37
35
42
30
40
39
43
37
34
38
40
41
40
41
42
45
40
35
35
38
38
40
38
36
39
41
40
41
38
40
39
39
45
42
35
n 90 k 2
40
44
45
35
44
42
36
42
43
38
46
44
38
35
44
47
34
41
45
42
47
41
43
41
44
44
35
36
38
43
39
41
46
45
40
47
41
50
40
44
47
33
43
44
45
38
46
37
44
40
48
42
45
45
42
47
40
42
51
44
39
44
49
49
49
40
51
48
45
43
43
41
44
47
46
50
37
40
40
43
46
46
48
42
50
47
44
42
42
48
48
37
47
47
47
45
42
43
40
48
n 100 k 2
47
49
49
43
44
57
44
46
50
45
50
51
49
52
55
46
51
52
47
52
42
50
46
47
49
46
56
55
52
48
48
49
41
50
50
51
52
52
43
44
53
48
59
47
43
46
47
52
55
46
44
45
51
53
51
44
56
49
47
47
41
48
49
49
46
38
43
46
50
47
50
43
54
39
50
44
42
43
51
47
48
48
52
42
45
46
55
44
39
47
49
46
45
46
49
51
45
48
46
47
n 20 k 3
10
9
13
8
15
20
8
13
11
10
14
9
11
16
9
8
9
10
13
25
13
27
8
8
13
14
16
10
12
13
16
15
11
9
12
8
14
14
17
18
12
9
14
14
17
11
11
11
15
13
10
12
19
12
21
8
18
14
8
20
14
10
12
9
11
10
15
18
12
8
13
12
12
15
13
14
8
7
13
46
11
10
10
14
10
19
15
10
10
15
11
8
11
9
12
19
13
25
15
8
n 30 k 3
13
16
22
17
16
22
10
18
19
17
18
18
20
27
16
16
21
18
20
20
28
19
63
21
17
21
18
21
14
19
12
24
24
28
22
13
18
20
32
84
15
20
24
20
10
23
20
22
15
32
16
16
18
22
17
21
15
17
13
34
18
17
22
20
18
16
25
16
16
15
14
27
25
19
20
19
19
13
21
26
19
21
15
21
19
18
20
17
18
20
16
25
21
21
18
17
34
14
19
21
n 40 k 3
22
25
27
22
15
23
21
22
14
21
28
30
21
23
27
13
26
21
21
26
17
27
21
26
21
22
21
24
20
25
22
23
24
26
29
48
35
33
26
22
17
22
18
20
19
26
22
14
30
33
27
32
30
29
27
32
25
21
25
24
30
23
19
34
33
38
31
30
23
30
30
25
20
22
24
35
18
23
24
17
27
31
28
34
29
25
21
25
18
22
27
25
30
16
22
19
23
18
43
34
n 50 k 3
34
32
43
21
26
22
30
32
30
24
35
39
36
28
23
23
27
42
23
47
22
39
45
46
22
26
38
30
35
21
24
21
22
29
30
69
27
36
25
32
28
42
32
30
31
45
36
28
36
27
38
29
23
35
36
38
31
28
49
33
27
19
32
21
43
33
30
33
25
27
44
160
23
26
43
27
35
19
27
30
34
28
21
30
25
23
160
132
31
36
33
33
32
35
33
24
25
26
34
26
n 60 k 3
28
32
41
36
44
42
44
41
31
39
43
26
30
43
26
39
36
33
46
42
39
38
39
36
41
34
47
35
36
45
85
37
33
43
36
32
32
40
25
32
29
28
37
37
32
32
31
29
50
35
37
44
46
62
58
38
43
33
31
30
33
33
35
41
46
53
51
28
41
43
37
42
38
44
42
37
41
44
39
41
76
36
34
35
26
40
53
51
37
33
39
43
33
41
37
28
39
35
37
41
n 70 k 3
37
38
60
39
61
42
47
36
36
44
33
47
39
57
50
42
47
42
47
46
41
37
50
36
48
47
49
35
43
173
51
36
49
39
55
43
80
48
39
49
57
55
29
38
29
50
50
44
43
50
52
48
45
137
37
43
46
39
40
47
34
40
42
32
42
51
55
40
57
38
44
54
46
58
59
41
55
41
45
45
37
37
57
39
47
44
44
34
51
38
39
39
46
52
38
46
40
136
39
39
n 80 k 3
48
61
47
61
48
44
35
54
55
46
57
64
63
53
58
54
46
59
41
49
38
46
47
49
50
47
75
47
59
67
49
75
43
44
51
51
45
48
65
54
48
54
54
41
55
42
53
41
55
38
51
54
42
49
56
48
44
54
51
61
36
51
58
46
62
40
51
49
47
46
56
43
73
55
39
48
56
53
52
43
47
45
221
35
46
59
38
48
48
65
58
48
50
50
60
46
58
52
51
84
n 90 k 3
48
48
58
55
68
61
65
57
55
60
50
50
46
61
59
58
52
54
78
68
48
54
50
66
47
63
41
56
74
59
55
65
68
78
75
67
69
56
57
54
72
56
64
52
47
70
57
49
52
52
60
51
56
55
60
57
58
77
43
73
62
59
64
56
52
61
49
60
63
63
44
62
51
55
79
59
44
53
69
65
69
46
49
46
54
71
51
76
44
53
53
54
67
47
58
54
48
59
64
72
n 100 k 3
53
63
286
61
51
42
67
48
71
63
72
53
69
61
56
80
67
55
54
64
47
69
79
57
53
68
61
61
58
60
62
55
52
74
57
53
56
51
60
52
60
50
60
73
85
45
60
80
65
52
55
66
55
53
48
62
79
58
51
66
60
67
57
61
101
103
47
58
67
60
76
52
67
65
76
67
44
60
58
161
78
73
77
69
62
62
60
77
63
71
52
67
64
63
67
66
57
59
63
74
n 20 k 4
9
12
16
17
16
7
16
12
9
9
25
28
20
14
13
8
6
13
11
7
8
12
24
11
23
12
16
11
10
21
17
17
18
12
21
13
21
12
13
22
15
37
11
11
28
21
13
19
13
13
9
30
12
35
19
18
24
18
32
15
22
27
13
20
9
10
15
8
8
34
7
16
7
10
29
41
28
11
9
17
14
6
20
28
15
9
17
8
6
12
34
12
16
13
7
18
11
11
14
7
n 30 k 4
25
26
27
24
51
26
36
25
17
19
13
14
44
34
16
42
22
45
39
29
17
29
24
41
18
19
18
45
14
16
20
16
27
22
26
26
27
34
29
19
43
32
25
25
29
33
43
23
85
16
20
24
40
37
20
18
20
46
39
36
24
25
17
27
32
17
31
18
27
30
25
18
21
27
13
30
64
16
36
24
20
30
18
17
51
9
13
22
22
16
21
36
16
21
26
42
24
18
30
23
n 40 k 4
30
47
33
34
35
25
31
21
30
26
54
23
36
52
24
35
27
18
34
38
36
20
16
19
41
34
31
21
51
46
42
32
61
33
42
27
44
37
32
25
46
31
39
19
24
25
23
24
44
21
56
13
40
28
43
19
30
39
35
26
39
39
24
30
34
53
29
35
24
17
21
31
30
29
22
21
18
34
51
29
33
27
32
31
40
308
27
29
30
48
52
42
26
18
29
44
32
30
36
26
n 50 k 4
41
50
54
41
50
30
29
36
34
42
46
30
48
48
39
42
47
47
39
48
66
44
36
40
28
31
39
46
35
28
39
19
61
22
34
35
34
58
41
39
39
46
39
75
44
37
39
40
35
41
44
56
34
32
28
48
68
29
42
35
29
47
53
30
40
42
39
27
48
34
17
34
33
37
43
51
60
34
25
39
31
50
35
43
29
41
52
33
58
37
34
87
30
29
35
30
63
37
38
44
n 60 k 4
54
41
43
37
36
36
43
47
66
50
28
488
58
38
52
52
50
45
39
58
65
37
25
36
43
42
41
81
38
35
68
35
50
50
71
52
51
31
44
45
40
49
35
59
37
32
65
81
56
36
44
52
56
37
33
42
44
39
46
44
48
56
53
83
52
33
40
45
36
50
45
33
53
45
33
92
47
54
62
58
31
39
31
64
49
28
34
50
42
54
46
50
70
41
59
38
43
39
104
53
n 70 k 4
51
79
64
68
66
39
56
56
64
54
48
51
79
75
44
37
59
51
42
47
48
49
49
57
44
47
48
84
52
65
47
61
62
66
50
39
53
70
61
63
47
60
35
49
51
56
47
64
60
42
71
43
59
49
42
36
81
44
46
56
54
43
38
43
59
68
81
74
37
59
38
50
53
50
52
73
45
64
51
41
59
41
74
50
73
59
61
45
31
285
45
35
55
34
56
51
71
46
59
58
n 80 k 4
52
52
52
66
72
62
83
73
89
60
74
61
53
43
72
71
70
53
57
60
60
46
64
65
75
68
87
85
53
88
81
42
77
80
67
65
60
59
72
53
61
56
60
53
75
54
54
59
59
48
45
73
58
94
75
61
55
59
43
57
69
68
57
52
56
74
75
42
43
40
67
54
59
58
86
71
70
49
62
77
57
59
73
71
42
86
60
62
59
68
61
59
53
57
37
84
62
89
67
60
n 90 k 4
66
71
84
67
82
76
73
71
72
76
93
96
73
63
54
123
76
67
81
67
79
70
70
78
70
65
80
89
78
73
80
63
58
70
59
79
72
67
66
83
86
91
57
49
96
54
69
86
66
80
74
69
63
91
60
73
111
62
106
73
66
70
85
59
92
84
80
69
98
77
66
62
66
76
70
55
74
84
75
513
67
74
65
69
65
60
62
55
51
90
51
60
66
62
86
68
67
51
511
88
n 100 k 4
77
92
60
65
91
67
84
91
91
71
98
75
74
78
89
105
57
72
59
82
73
62
84
72
75
75
66
66
90
79
71
85
92
72
66
90
108
101
70
108
63
521
72
90
66
88
86
78
121
73
59
52
96
78
75
62
86
72
46
68
71
103
89
62
66
95
77
67
89
87
95
91
61
81
86
84
83
92
102
83
60
75
74
92
66
51
79
65
81
93
82
70
62
100
53
103
58
99
59
48
n 20 k 5
17
12
19
39
10
47
10
12
25
26
20
20
30
39
22
9
18
67
22
22
18
12
13
26
15
33
49
20
448
7
26
25
31
8
17
46
23
15
12
13
13
35
15
30
15
46
15
41
12
67
10
10
21
7
16
6
11
8
20
14
15
15
463
17
17
31
15
23
17
23
18
14
28
29
17
32
19
24
8
16
13
15
31
11
25
200
465
10
12
6
9
15
16
8
23
11
25
18
24
39
n 30 k 5
16
27
23
30
18
18
57
25
36
27
49
200
25
31
12
18
27
72
28
25
34
25
14
15
21
30
17
25
20
15
36
17
42
57
30
137
36
31
17
27
19
22
32
24
20
30
28
14
18
35
44
32
47
23
44
17
37
46
18
30
43
28
36
21
39
13
28
24
22
36
33
46
24
22
24
62
20
20
40
18
20
57
15
44
19
41
43
43
39
21
46
25
18
10
53
28
26
29
43
51
n 40 k 5
37
28
40
33
40
51
49
48
29
70
42
43
44
50
45
32
28
77
38
27
59
41
27
52
48
39
37
29
46
64
44
77
34
39
47
75
85
38
55
31
76
33
35
44
48
54
23
40
45
34
57
23
50
45
31
25
50
65
21
44
45
43
31
34
52
39
34
24
17
36
29
23
44
31
40
37
155
39
59
26
64
39
29
30
41
32
52
36
25
20
48
42
95
130
43
98
31
46
48
42
n 50 k 5
54
33
56
57
31
44
28
26
52
57
43
44
39
58
78
40
63
30
36
36
45
59
55
63
36
47
92
28
34
41
38
51
71
34
66
47
72
32
55
57
66
33
67
61
80
27
41
49
62
23
32
36
39
45
67
29
40
61
24
65
65
72
64
36
50
50
70
30
76
59
45
42
29
105
37
52
48
51
37
53
40
65
45
30
38
554
94
38
33
33
55
48
41
41
39
45
53
62
38
34
n 60 k 5
48
43
81
54
64
42
41
58
45
54
40
57
46
42
92
71
73
77
46
56
71
81
49
41
34
90
55
53
45
56
96
76
70
70
54
46
45
76
78
36
50
57
49
46
52
79
93
64
49
84
42
26
56
63
56
61
81
87
60
63
51
94
86
67
41
40
39
69
65
54
34
36
61
56
38
60
126
65
70
86
48
76
92
73
44
69
58
90
33
73
45
55
53
55
28
51
45
39
38
37
n 70 k 5
32
52
69
70
103
64
91
69
83
48
66
84
106
89
75
53
74
50
67
50
79
69
88
58
73
63
50
97
60
126
62
40
69
55
66
55
64
44
76
103
59
102
61
69
73
64
92
42
61
67
69
71
90
52
45
68
78
47
52
128
64
104
82
42
56
45
65
63
44
91
82
48
49
101
49
62
70
61
83
64
78
88
83
94
78
82
77
112
99
105
73
54
95
118
94
48
69
67
70
107
n 80 k 5
97
53
88
73
62
73
74
91
49
119
70
70
51
108
80
56
64
83
84
57
76
92
84
86
78
74
78
64
64
91
62
66
82
113
88
68
64
95
64
78
61
75
94
90
61
92
109
62
60
62
135
72
80
96
99
78
45
107
73
123
52
59
71
96
73
66
66
78
101
86
77
103
79
65
72
55
104
124
108
73
76
99
54
153
83
53
67
79
108
105
131
90
50
118
58
52
99
81
69
110
n 90 k 5
131
71
90
58
88
59
70
83
55
175
78
61
83
179
95
77
109
104
82
147
89
116
82
98
203
102
71
103
96
93
98
65
73
64
157
90
69
95
146
126
70
103
88
80
73
83
92
81
69
67
90
85
86
182
77
93
93
87
68
98
93
97
71
82
70
148
69
101
92
94
86
85
126
100
76
75
80
93
78
78
77
76
78
67
137
91
97
82
57
66
97
86
69
103
67
159
79
88
58
98
n 100 k 5
89
108
134
60
123
58
116
84
135
61
87
107
126
94
129
124
64
87
120
122
108
62
112
112
109
119
125
81
100
142
69
103
69
122
116
109
120
105
79
111
77
85
109
88
99
131
70
102
66
86
93
69
104
135
99
104
63
125
98
108
105
93
82
80
121
127
126
75
104
156
60
88
107
97
110
105
104
92
85
73
122
87
101
100
94
123
121
173
130
101
153
108
100
128
91
109
108
85
101
98
n 20 k 6
25
21
18
22
19
15
10
8
26
38
75
5
18
57
12
23
13
43
15
12
407
19
34
16
457
20
456
19
145
23
27
20
32
13
10
45
28
27
11
18
19
45
214
41
7
20
21
11
35
22
21
28
9
14
10
15
14
25
18
11
13
13
18
11
24
24
21
53
16
24
25
49
30
30
120
35
19
22
19
14
16
14
10
15
15
18
18
5
13
14
16
20
47
10
40
46
40
10
48
29
n 30 k 6
15
41
20
71
91
56
36
91
28
270
84
42
32
29
66
15
29
41
57
30
22
18
14
20
17
63
103
17
48
60
17
50
35
34
50
25
57
20
19
13
131
47
24
32
52
25
36
52
37
34
26
51
22
28
54
51
15
30
29
44
10
30
79
15
11
200
42
43
51
36
27
43
29
35
30
30
23
26
77
84
33
30
20
56
25
30
23
31
31
27
120
23
26
41
27
18
55
18
15
26
n 40 k 6
34
35
71
21
58
83
37
59
55
52
33
37
83
25
67
79
33
56
85
49
37
47
45
50
44
35
49
26
43
20
23
20
35
26
32
35
61
62
49
37
49
30
35
40
29
48
30
59
42
52
65
25
48
22
31
41
56
42
31
32
48
33
31
27
68
61
31
34
22
39
34
43
80
43
29
48
30
31
28
45
47
55
53
53
39
42
102
71
40
61
63
54
38
49
35
50
25
58
29
49
n 50 k 6
62
37
98
55
47
50
87
128
45
36
71
40
74
23
43
54
31
37
45
41
30
40
71
77
111
38
63
100
53
68
29
34
53
133
51
67
53
49
45
45
80
50
109
50
30
50
67
73
67
114
52
32
63
72
65
39
53
43
38
38
99
36
61
54
23
42
46
89
31
46
68
48
51
68
66
45
51
68
94
48
26
40
70
41
67
90
49
29
59
49
35
51
48
88
78
53
33
51
124
65
n 60 k 6
92
88
53
73
54
62
47
38
78
69
46
41
87
69
41
43
68
70
88
385
61
52
70
106
93
34
109
90
95
64
151
100
52
67
149
46
89
80
49
68
52
46
65
101
40
44
62
89
117
96
50
94
92
54
117
70
74
57
72
57
95
44
54
73
60
67
85
55
67
78
129
84
103
80
54
70
77
107
66
68
63
83
38
77
125
94
61
57
46
89
73
70
100
46
80
74
51
56
55
50
n 70 k 6
45
91
67
81
90
89
64
101
82
93
123
101
102
102
94
64
43
84
68
66
114
130
77
68
83
59
62
121
90
141
64
107
50
61
90
54
98
64
114
75
91
78
110
48
80
61
59
109
67
134
54
106
69
48
72
114
83
64
149
181
136
49
74
80
110
78
89
63
69
48
146
105
141
156
83
68
110
134
60
516
62
83
84
98
115
52
143
60
101
62
57
82
114
88
87
103
95
76
82
46
n 80 k 6
71
79
168
53
103
67
181
120
80
78
101
78
64
86
132
42
52
99
75
54
117
74
229
79
102
141
161
87
138
123
133
107
97
135
51
66
88
88
73
112
62
207
77
114
120
150
170
124
140
162
88
106
116
99
90
114
124
93
69
68
111
107
58
123
98
202
52
96
74
59
63
103
85
78
144
104
64
67
78
132
93
111
111
104
57
63
73
72
85
84
80
144
55
141
150
72
70
84
47
99
n 90 k 6
105
98
78
97
110
78
89
125
131
79
120
91
106
120
82
153
107
103
121
115
127
82
77
100
91
84
126
158
174
136
89
88
71
80
91
91
79
143
116
75
122
147
82
88
149
134
97
69
87
129
126
123
103
84
90
259
102
73
72
102
91
123
189
198
124
113
91
116
95
126
70
90
115
109
123
149
54
152
115
171
84
129
148
108
96
192
110
89
159
174
109
135
75
72
117
219
83
88
121
110
n 100 k 6
134
133
114
162
133
145
115
139
93
132
129
134
129
77
82
192
142
154
106
113
62
157
86
156
139
116
126
85
111
148
107
121
98
113
125
125
172
88
134
61
108
151
105
152
107
103
124
120
58
156
182
134
119
138
132
113
122
98
143
133
182
124
116
145
141
133
94
110
146
134
92
87
79
84
99
149
146
122
185
101
115
136
164
123
97
92
96
149
182
86
108
188
95
108
157
77
131
125
103
116
