n 20 k 2
9
8
6
10
7
8
15
11
11
7
16
8
9
10
10
8
10
9
10
13
12
9
10
9
8
11
8
10
11
9
9
9
8
11
9
5
14
12
8
12
11
8
9
11
12
11
10
9
7
9
11
10
11
8
10
11
10
10
10
10
8
13
6
10
9
13
8
12
5
10
8
9
10
10
10
7
8
9
9
10
9
8
10
9
17
8
9
10
10
8
10
12
10
9
10
8
7
13
10
9
n 30 k 2
14
12
12
16
13
14
16
17
18
11
14
11
15
10
11
13
17
12
12
14
13
14
16
17
13
15
13
11
13
12
13
11
16
14
14
13
15
12
11
14
12
17
13
13
15
12
17
15
14
12
13
18
18
13
15
12
16
15
17
19
16
15
15
13
15
13
14
17
17
11
14
12
11
11
17
17
15
13
17
8
14
11
13
17
11
11
15
14
14
14
15
15
16
15
14
7
15
15
12
12
n 40 k 2
13
19
19
20
18
20
20
17
22
16
24
19
19
17
17
18
20
21
21
16
26
21
18
19
13
17
19
19
20
23
19
16
19
16
16
18
17
20
17
23
14
26
21
20
24
21
21
20
20
21
15
18
16
16
17
17
23
18
24
14
16
12
23
17
16
21
18
17
17
22
20
21
17
18
17
22
19
16
18
18
16
22
13
18
20
18
19
21
16
21
18
19
21
19
21
21
19
19
21
21
n 50 k 2
30
24
22
25
19
27
24
29
28
19
25
23
29
15
30
31
22
24
25
24
25
23
24
30
24
23
20
25
26
24
27
25
27
25
20
24
24
21
24
26
23
23
25
22
24
28
29
25
23
24
24
27
20
28
23
26
23
27
26
21
24
24
26
25
22
23
26
23
22
20
24
25
18
21
27
24
24
24
26
20
24
18
22
18
27
21
19
24
30
26
20
24
22
24
23
22
23
23
24
21
n 60 k 2
30
26
30
26
25
34
28
27
34
23
31
27
29
25
27
26
29
30
31
25
34
26
31
29
26
28
31
27
28
27
30
25
34
23
28
34
26
30
31
29
27
34
28
33
23
23
25
31
25
31
30
34
30
24
30
31
28
35
25
27
29
29
29
31
29
31
28
29
31
26
36
30
23
21
30
33
25
26
29
27
29
26
28
22
35
27
22
30
29
24
32
25
22
34
27
25
27
25
28
32
n 70 k 2
32
35
28
32
34
42
26
32
34
33
29
30
32
37
32
35
34
29
28
38
35
36
36
37
29
40
33
35
34
34
34
31
27
34
36
30
38
31
37
33
32
39
43
32
32
36
43
35
28
40
32
31
33
38
32
34
29
35
30
35
34
38
39
35
33
34
32
35
37
33
32
40
39
35
40
39
40
29
33
30
37
38
32
36
39
32
35
29
35
35
29
38
29
34
36
30
34
32
28
30
n 80 k 2
32
36
38
46
39
37
37
38
34
29
44
40
41
34
38
42
33
39
29
42
38
38
32
32
43
37
39
33
40
31
39
40
41
36
36
31
45
37
44
30
42
38
39
44
41
32
45
39
40
38
37
38
41
35
42
34
36
35
41
37
42
40
41
34
34
43
36
36
45
39
30
42
42
34
48
40
35
34
38
41
36
34
38
39
33
36
36
33
39
45
39
43
42
30
42
31
42
35
39
42
n 90 k 2
36
47
43
48
43
47
46
44
45
40
35
43
44
46
44
42
39
46
47
48
41
45
49
45
43
46
41
48
39
38
47
43
46
43
41
45
49
46
47
35
45
51
41
42
41
44
43
45
41
39
48
39
46
42
47
53
47
42
39
42
44
38
43
43
48
42
36
46
42
37
45
41
45
45
39
44
48
47
39
40
40
50
35
48
43
47
45
39
36
37
45
37
41
43
46
53
46
42
43
42
n 100 k 2
43
47
44
47
50
45
45
52
49
45
50
52
44
45
44
56
42
47
44
55
53
47
46
43
47
42
53
43
44
55
52
51
55
42
52
44
52
47
56
45
44
48
43
43
49
49
46
51
49
54
48
45
44
57
39
50
57
45
51
52
44
49
45
42
49
50
43
47
48
45
51
51
43
51
43
43
50
43
49
39
55
46
51
47
55
53
54
53
46
43
54
44
46
41
48
51
50
48
46
41
n 20 k 3
10
19
16
11
55
15
13
12
16
6
9
16
13
10
30
15
13
12
12
15
10
13
19
21
18
10
11
15
18
12
18
14
7
10
9
19
24
9
11
10
20
12
21
13
11
9
11
8
17
12
40
9
11
17
16
18
13
13
8
8
13
16
12
11
14
9
18
12
18
11
14
10
10
4
11
14
9
11
17
17
10
11
7
31
10
13
9
9
18
10
18
12
10
10
11
10
16
14
17
17
n 30 k 3
17
29
13
15
16
8
19
19
16
13
20
17
22
20
15
28
20
12
12
23
28
26
18
25
14
18
21
15
18
20
20
19
19
25
23
16
16
17
29
11
23
13
17
21
19
17
26
13
20
13
19
21
16
22
16
45
16
12
12
18
24
19
14
22
19
24
19
18
26
25
17
19
22
16
22
24
17
22
25
11
23
21
17
16
26
20
21
17
19
17
11
15
22
27
13
14
19
16
20
23
n 40 k 3
28
20
19
24
18
43
34
31
24
39
24
20
33
27
28
25
30
27
21
24
21
36
28
29
23
50
25
27
23
29
39
23
29
25
27
17
29
24
26
29
16
50
29
44
27
29
19
44
26
19
15
29
21
21
22
23
31
17
21
30
16
26
23
33
77
30
18
23
22
30
24
34
32
31
24
38
22
37
17
25
22
17
20
17
30
18
22
25
30
25
28
30
17
22
19
24
28
30
23
30
n 50 k 3
26
36
27
23
27
44
37
32
20
35
33
27
25
30
30
29
26
35
26
27
34
24
39
34
34
34
27
31
38
26
28
34
31
21
38
31
37
39
34
30
43
30
26
21
34
26
42
27
47
19
26
38
32
37
25
23
33
31
25
22
25
24
41
38
36
26
29
33
27
34
25
24
34
28
25
34
28
28
27
28
34
32
31
28
22
28
37
38
28
38
42
29
36
38
25
36
37
28
38
33
n 60 k 3
42
40
45
39
35
27
31
42
36
32
35
38
27
32
36
38
33
38
41
65
38
36
38
30
39
43
35
30
34
43
33
40
45
32
33
32
42
38
32
44
37
40
43
41
30
32
29
39
52
32
28
42
33
42
41
37
44
38
43
44
56
38
42
29
42
42
27
34
44
51
28
45
39
38
40
43
37
42
30
38
41
34
29
42
33
32
35
47
50
46
44
32
34
83
46
280
38
36
45
50
n 70 k 3
35
50
55
54
41
45
28
49
50
43
44
43
41
47
52
29
49
44
100
39
51
35
48
51
54
54
44
38
50
52
44
42
54
52
42
41
43
44
39
40
56
49
37
47
61
34
50
40
44
49
58
34
48
34
38
47
50
38
31
57
50
38
39
53
35
40
48
53
44
43
39
64
59
54
46
45
47
46
45
52
44
37
62
54
35
33
44
44
45
36
45
47
43
30
70
50
40
42
44
47
n 80 k 3
49
48
37
65
51
50
48
58
54
42
36
39
43
60
52
56
55
48
54
39
47
53
43
47
44
47
37
51
60
45
45
52
49
53
55
54
47
48
48
50
72
55
49
53
44
41
47
45
40
69
53
51
42
50
54
58
41
50
47
51
50
75
59
61
63
57
39
55
175
67
40
47
63
42
38
47
58
54
43
53
54
67
46
58
52
57
48
63
54
50
52
47
39
100
49
42
60
56
59
41
n 90 k 3
198
49
41
73
128
50
58
51
48
51
53
59
55
55
54
49
49
64
45
50
53
290
59
66
50
51
62
57
45
46
60
60
58
44
54
63
61
73
42
54
53
82
54
52
46
65
58
62
58
61
42
71
57
51
53
51
54
61
50
58
54
60
61
50
60
60
55
41
59
52
55
46
49
46
53
73
57
59
97
40
63
41
49
48
50
47
109
60
52
54
64
59
62
63
70
50
59
53
57
53
n 100 k 3
63
62
69
54
73
63
80
49
59
68
79
66
50
55
50
63
79
81
79
60
60
62
45
58
61
71
58
48
60
60
68
69
49
59
55
56
61
57
78
63
66
61
94
60
60
65
50
50
58
57
63
62
58
70
90
61
63
76
79
63
72
72
68
55
67
61
57
58
53
65
64
59
66
65
62
79
63
70
55
45
60
69
63
74
56
69
58
72
51
77
51
56
75
70
75
94
70
65
94
56
n 20 k 4
20
12
22
11
15
6
26
16
19
13
23
26
12
14
18
12
17
43
7
13
13
14
26
14
14
24
20
13
14
12
35
16
12
16
15
25
9
14
14
23
19
14
15
14
14
22
22
19
14
11
23
18
11
17
15
14
11
19
17
8
9
14
10
10
14
9
14
19
15
12
19
15
27
31
10
30
13
17
16
16
14
15
12
12
13
12
12
21
17
8
8
10
11
13
18
13
18
8
24
14
n 30 k 4
16
22
20
23
23
22
18
22
20
336
24
15
18
33
21
13
30
20
18
23
18
18
225
29
25
31
24
33
25
145
18
29
23
21
16
24
21
17
23
21
18
19
20
34
30
21
18
43
23
30
10
15
20
26
21
17
25
16
49
19
28
23
54
13
15
19
20
31
35
23
37
21
21
21
36
20
23
24
22
25
14
40
20
53
13
23
38
26
34
23
20
14
21
16
21
20
27
24
15
16
n 40 k 4
35
58
36
27
25
26
26
27
36
40
24
43
34
28
27
44
34
34
34
29
38
34
26
42
21
26
45
37
37
23
22
31
48
36
25
22
34
17
32
41
32
28
26
36
23
45
28
28
30
31
24
29
22
27
25
28
42
31
18
42
29
35
17
23
26
22
30
49
50
21
28
32
24
32
61
48
28
48
22
23
29
24
31
23
39
71
38
20
29
44
21
32
29
17
23
38
21
33
25
38
n 50 k 4
29
47
33
34
31
27
40
54
41
41
70
33
52
33
34
39
41
70
40
32
42
27
50
53
45
56
27
38
30
34
40
43
28
30
34
40
46
47
54
36
31
48
35
34
43
38
70
27
24
69
22
34
41
27
32
37
27
23
26
39
38
48
41
31
34
39
57
44
44
59
44
43
43
34
28
34
41
35
47
49
26
33
38
39
46
27
29
32
32
27
44
42
49
29
33
56
40
30
55
24
n 60 k 4
61
76
43
72
48
33
32
33
54
46
57
28
38
50
62
79
29
41
34
32
38
54
45
38
49
56
26
44
56
46
53
34
40
40
47
61
51
49
72
46
54
72
30
45
49
49
30
52
50
51
60
71
60
51
35
60
49
33
32
36
39
39
39
59
39
33
30
37
43
46
71
37
39
40
44
68
54
54
225
67
39
44
37
52
75
46
61
40
56
69
39
51
49
50
41
31
34
52
54
45
n 70 k 4
42
62
74
54
84
87
53
35
67
51
47
51
38
50
41
60
58
85
56
50
40
70
44
47
53
55
54
53
45
61
53
64
61
62
57
53
43
45
59
64
473
49
41
60
46
61
73
38
48
54
70
65
50
73
80
56
70
39
49
36
64
43
56
79
48
81
50
48
50
31
38
41
78
61
48
59
69
74
42
45
59
62
60
48
55
54
44
47
39
86
72
56
64
68
43
40
50
74
56
52
n 80 k 4
58
88
92
45
76
68
69
61
69
72
48
51
69
76
43
45
58
89
51
38
52
75
56
58
61
81
50
70
73
77
58
76
61
63
58
50
61
63
62
83
74
70
65
65
79
58
55
76
75
65
94
70
79
58
52
72
89
54
53
45
46
73
54
58
55
54
63
46
58
60
62
85
74
82
72
62
57
58
60
50
47
58
62
64
63
52
55
512
63
46
62
65
56
60
51
60
80
84
68
53
n 90 k 4
68
62
69
75
63
58
108
78
73
51
72
87
64
90
65
76
85
59
69
64
69
87
75
87
75
54
82
69
73
97
65
97
62
76
79
74
86
55
82
142
56
65
100
85
89
67
94
57
55
86
76
72
80
67
84
52
64
87
68
61
86
78
70
71
69
60
93
60
60
71
77
79
78
58
62
55
531
69
80
92
91
90
64
56
80
98
67
78
76
128
88
60
62
68
53
68
53
84
89
82
n 100 k 4
74
63
77
545
73
82
93
107
110
76
56
87
70
161
69
88
54
80
75
74
83
57
59
85
102
71
86
93
82
81
72
88
44
83
72
73
73
107
68
76
88
78
73
70
96
100
74
87
86
96
67
69
83
120
56
68
84
81
65
68
72
74
88
81
65
73
80
81
76
93
81
63
93
83
76
68
90
66
78
72
84
80
61
78
87
83
91
74
79
65
91
93
81
71
73
71
124
85
75
85
n 20 k 5
39
17
41
11
16
8
19
69
17
218
11
53
20
11
29
11
11
38
9
11
14
22
14
15
24
58
23
33
30
32
8
8
22
30
23
14
14
33
14
17
22
27
10
28
9
15
13
21
14
14
27
33
12
28
22
15
27
31
18
35
7
10
44
20
21
12
13
18
13
23
21
8
26
24
20
20
31
25
15
10
8
17
17
15
45
9
4
24
10
15
17
11
21
15
42
11
13
13
17
21
n 30 k 5
32
68
20
19
47
46
39
63
39
17
16
44
17
12
16
29
15
45
18
19
22
36
24
17
32
61
20
22
22
27
45
34
29
59
34
66
22
31
40
12
22
20
42
24
20
18
10
45
35
21
70
35
33
26
15
34
19
23
23
13
40
33
29
28
8
17
28
21
18
24
15
25
29
80
33
23
42
13
22
18
31
18
24
23
32
30
28
34
43
32
27
40
11
65
37
57
61
12
45
16
n 40 k 5
33
35
55
39
52
37
30
32
20
30
44
54
56
23
32
42
69
42
30
45
76
36
73
35
26
13
49
54
39
26
42
20
26
40
38
25
32
14
28
44
22
17
40
55
64
41
20
36
35
67
22
17
27
56
40
47
44
26
31
20
21
80
56
37
37
50
19
35
27
42
24
36
41
55
40
41
34
37
57
129
47
39
23
30
17
104
34
40
28
36
48
21
25
49
47
44
30
74
25
50
n 50 k 5
45
33
51
42
46
41
56
483
33
49
40
63
50
57
76
30
42
35
44
35
28
30
55
104
94
33
42
71
49
76
67
34
44
104
74
49
65
37
40
23
57
63
36
46
47
68
495
49
48
38
53
33
68
37
46
47
46
42
40
30
64
70
37
40
45
54
80
52
53
30
97
69
85
60
56
59
79
81
24
79
87
40
36
72
52
47
30
34
76
67
113
30
89
69
35
31
42
27
57
39
n 60 k 5
54
52
49
59
69
75
45
99
62
91
43
58
69
45
41
71
32
73
53
70
44
55
99
137
55
48
73
59
43
61
47
58
54
49
52
59
54
68
71
54
53
92
56
37
93
63
45
35
47
85
52
39
71
81
76
64
66
74
85
81
54
51
37
64
68
88
57
85
71
93
42
40
99
75
54
35
81
41
60
73
70
45
82
35
49
45
50
72
46
103
170
52
68
64
46
46
43
40
72
35
n 70 k 5
76
131
78
48
59
51
70
65
50
66
67
58
85
81
74
79
61
71
73
71
87
49
35
57
85
79
60
89
77
48
86
84
75
76
45
119
75
123
44
71
57
100
60
72
53
44
79
81
44
80
59
123
63
54
63
59
69
45
45
77
175
88
73
53
63
70
46
133
52
64
106
61
50
58
57
55
54
92
65
54
83
78
128
53
66
66
47
83
74
92
59
49
59
58
54
70
69
76
55
108
n 80 k 5
91
115
76
93
90
79
87
98
71
84
79
103
100
86
75
66
57
78
84
65
101
59
82
95
59
84
89
91
105
90
93
58
81
66
60
108
78
64
68
70
45
117
89
61
124
108
89
85
75
73
63
90
77
88
67
57
77
74
79
68
81
77
59
54
81
72
72
80
63
78
52
70
95
68
71
96
93
69
69
103
57
114
50
81
113
533
96
131
73
98
100
66
85
77
83
82
62
72
86
79
n 90 k 5
92
122
86
104
85
67
101
97
92
133
71
92
95
98
85
65
67
103
68
74
109
186
69
66
567
97
67
92
84
87
102
73
134
66
59
100
71
87
77
110
90
72
91
81
80
63
56
60
537
78
104
79
93
69
106
87
47
72
83
56
57
85
74
90
114
86
172
85
76
92
102
118
69
123
85
91
93
71
65
88
86
84
75
111
67
143
114
166
92
58
136
92
76
100
64
84
78
70
97
164
n 100 k 5
130
117
68
139
558
97
65
91
108
78
69
79
75
118
101
68
89
116
77
113
97
84
68
78
87
84
74
73
144
138
103
91
132
91
89
76
61
83
162
186
126
118
65
134
89
92
178
91
88
112
100
152
98
80
69
61
541
114
95
102
151
105
81
174
89
71
89
81
80
111
63
103
71
100
85
88
106
100
82
102
88
67
116
112
140
134
90
139
95
86
73
93
93
97
129
129
132
115
133
90
n 20 k 6
29
8
10
21
10
4
12
24
16
34
217
22
19
53
16
21
33
476
16
478
16
34
39
38
73
10
30
11
25
39
6
20
24
74
19
13
15
9
18
20
21
11
22
21
158
11
249
28
33
31
20
7
459
43
271
458
25
18
12
77
27
47
16
472
34
23
41
23
13
31
25
20
37
20
21
304
11
12
12
13
14
25
9
455
19
20
29
237
18
38
46
31
457
7
13
9
17
48
463
25
n 30 k 6
24
36
45
40
43
24
26
6
61
33
14
147
38
56
45
74
34
14
20
82
24
52
19
68
25
88
33
45
17
123
21
25
31
29
27
56
35
31
45
39
35
113
46
39
24
14
65
29
44
50
17
26
21
17
153
33
21
19
28
22
116
66
22
34
17
28
16
52
20
24
56
23
21
44
26
39
48
21
17
14
30
111
32
37
87
23
72
39
25
17
33
27
33
15
19
39
65
31
33
19
n 40 k 6
19
70
41
80
27
85
37
40
34
89
41
41
24
69
49
84
66
78
48
53
48
85
60
55
34
70
39
66
65
73
19
27
33
46
82
101
51
24
37
34
36
25
69
34
25
37
52
31
28
60
39
46
71
24
37
54
69
47
24
43
68
53
66
47
76
55
67
41
38
83
26
44
36
54
43
38
32
56
24
89
233
35
35
64
66
41
37
55
47
159
73
22
41
77
45
32
86
44
52
43
n 50 k 6
36
42
69
80
40
139
72
65
68
58
70
99
35
51
75
34
64
45
48
42
88
38
58
62
31
62
54
35
58
86
96
38
71
73
57
61
69
66
116
49
68
44
53
98
42
46
51
39
62
34
73
60
28
49
62
75
42
73
35
57
57
40
60
78
57
51
65
62
68
54
40
71
50
46
90
54
91
52
82
73
218
49
51
34
45
107
43
84
34
60
111
82
72
48
79
36
30
116
39
60
n 60 k 6
67
93
69
109
45
52
100
73
89
95
85
47
61
54
105
85
59
31
61
105
38
99
76
63
93
52
97
65
69
50
50
74
65
84
61
70
89
65
53
78
99
53
58
82
83
56
80
97
80
76
101
46
67
79
36
158
72
82
104
88
58
68
88
55
55
51
164
43
65
38
37
49
64
43
50
78
37
68
95
125
58
73
75
66
120
106
80
48
51
40
95
89
98
52
33
99
53
82
107
64
n 70 k 6
51
73
97
163
120
65
123
83
107
82
63
53
99
153
42
67
68
79
69
61
77
66
73
85
149
59
106
95
95
120
159
91
164
68
95
81
51
84
73
81
110
102
60
138
51
81
100
105
102
102
83
127
80
60
52
101
93
77
140
159
76
87
71
74
49
75
56
55
63
48
91
36
77
47
73
159
75
153
111
82
71
74
80
61
70
101
60
108
102
86
110
152
106
67
71
50
85
42
82
54
n 80 k 6
104
81
57
88
90
64
77
91
84
90
134
178
69
65
155
62
139
69
100
88
78
94
106
75
100
65
88
70
111
91
89
57
87
82
166
77
62
83
74
69
118
49
165
130
85
75
141
162
57
115
116
231
75
73
91
64
177
219
141
127
103
83
73
72
56
96
66
51
86
93
61
110
91
64
92
117
100
50
75
96
73
193
71
197
176
74
114
66
120
60
92
127
124
91
111
57
58
78
81
86
n 90 k 6
112
89
167
90
118
250
133
92
86
75
49
84
94
49
87
129
96
163
51
116
91
123
87
160
195
96
99
117
94
102
109
72
148
74
168
88
102
212
123
86
164
97
113
120
74
121
96
93
129
105
105
107
135
125
80
93
166
97
97
81
104
97
133
113
71
138
147
158
72
69
121
121
70
294
117
83
85
94
118
136
76
64
163
167
96
97
153
100
57
89
79
96
59
91
80
97
151
112
141
127
n 100 k 6
178
140
125
105
125
130
132
77
130
192
83
72
117
85
89
146
98
108
102
87
68
120
111
76
130
115
151
134
137
121
102
112
96
184
120
117
117
125
137
81
150
143
97
140
129
154
79
130
77
81
122
188
86
109
211
116
83
114
59
85
111
152
164
225
154
163
121
118
176
139
207
100
94
139
116
148
71
116
147
158
102
178
105
85
122
124
137
104
173
55
104
86
121
149
568
101
107
120
86
112
