n 20 k 2
8
10
8
8
13
8
9
9
6
9
13
7
9
9
8
9
11
13
8
7
11
10
10
9
8
8
4
8
10
6
11
14
6
10
10
7
9
10
10
7
10
11
8
13
11
13
8
10
9
13
10
11
7
8
9
12
8
8
11
10
10
7
12
12
9
10
8
11
9
6
13
10
12
14
12
11
9
9
13
11
9
8
11
8
9
9
11
7
11
9
10
8
9
10
7
13
9
11
10
11
n 30 k 2
14
13
14
13
13
16
13
13
15
17
14
12
14
14
17
13
12
16
12
10
15
13
18
13
8
16
14
18
13
11
13
18
16
14
11
10
12
17
10
10
12
14
12
11
12
13
14
11
12
13
15
10
14
14
14
12
12
11
10
11
16
16
13
15
12
15
17
11
15
10
14
11
12
12
11
14
15
10
12
10
18
19
12
17
12
15
14
18
14
16
17
17
14
14
15
19
13
11
14
21
n 40 k 2
19
19
15
16
18
20
20
15
20
15
17
20
20
21
20
14
21
18
17
20
25
18
23
18
26
19
16
19
16
16
23
21
20
17
15
19
17
16
19
21
13
18
19
14
22
21
18
21
19
20
18
18
19
16
18
17
18
21
19
17
18
15
13
12
18
22
20
14
18
21
18
21
24
21
19
20
18
17
20
22
15
16
17
17
18
21
13
21
21
21
22
20
22
17
19
24
18
20
24
19
n 50 k 2
25
24
24
23
27
27
24
27
25
21
25
18
24
25
21
22
20
20
27
18
26
25
22
26
17
21
23
25
19
24
28
26
24
24
26
28
22
28
23
25
27
21
23
26
28
20
25
20
20
18
23
23
21
25
20
24
24
24
21
25
28
23
25
23
19
26
23
28
22
21
26
25
27
27
21
24
20
26
23
22
25
31
26
24
18
18
24
26
25
25
23
25
26
20
25
24
29
24
21
27
n 60 k 2
22
27
31
25
31
29
22
31
29
25
29
28
29
28
28
31
24
31
24
31
22
24
30
22
25
37
28
27
25
30
25
31
23
27
32
31
37
33
24
29
31
29
31
32
27
31
27
31
30
28
28
32
28
30
19
29
27
30
30
23
29
30
30
24
30
32
35
22
29
30
29
26
27
31
32
32
20
27
24
27
30
31
23
30
27
29
25
37
26
30
25
25
31
31
24
29
24
34
31
31
n 70 k 2
37
33
40
31
28
32
34
28
32
33
22
41
32
32
28
34
27
35
31
30
36
27
31
34
35
31
35
35
37
35
31
38
28
35
35
29
37
37
31
26
32
37
33
32
31
33
36
35
33
36
30
37
32
38
32
33
38
35
39
40
37
30
41
32
36
30
33
36
33
35
35
33
28
35
35
37
31
31
30
32
33
34
34
33
30
34
30
34
33
37
31
37
26
33
38
36
33
35
32
33
n 80 k 2
33
38
33
41
40
34
34
32
39
37
37
52
38
35
31
34
33
44
39
42
40
43
34
38
34
38
30
39
37
37
30
36
39
36
37
33
33
42
32
33
36
42
40
33
38
42
33
45
40
33
40
36
41
46
35
39
46
34
34
44
38
34
45
41
29
43
37
38
35
34
33
33
37
34
40
33
36
34
41
38
37
40
35
34
40
40
43
45
35
34
32
47
39
37
41
42
41
32
33
40
n 90 k 2
36
48
45
38
47
44
51
44
44
42
45
42
49
45
49
48
42
46
38
47
49
46
49
44
50
40
46
48
42
52
45
38
39
42
38
42
45
44
43
46
44
46
41
44
44
40
41
44
44
43
40
42
44
38
42
37
44
43
52
42
42
39
38
39
39
46
45
38
45
40
44
36
43
46
39
49
42
43
45
42
40
50
29
41
41
48
40
43
45
46
42
43
48
38
51
38
44
46
48
50
n 100 k 2
46
51
52
49
52
43
46
62
48
49
40
50
45
45
45
50
49
44
47
46
39
46
50
47
44
51
48
46
41
49
45
43
44
45
51
44
45
48
52
44
47
51
42
56
45
47
45
48
50
50
39
52
46
49
44
52
46
48
44
46
47
45
41
48
51
53
44
49
43
44
49
44
44
42
47
50
46
51
48
45
49
48
50
39
42
39
60
54
45
45
49
59
42
47
46
52
48
53
48
45
n 20 k 3
8
11
12
13
16
21
18
20
13
14
9
12
9
8
11
12
16
9
10
9
16
10
11
14
13
8
15
10
18
22
29
10
10
13
12
18
10
19
12
13
7
10
16
9
10
6
13
9
10
25
13
10
14
22
9
12
7
7
11
7
14
12
8
29
18
19
12
8
10
9
15
11
14
10
15
12
10
16
13
18
26
10
10
8
13
14
8
13
12
11
15
5
7
7
9
17
6
14
21
12
n 30 k 3
12
14
20
21
21
19
23
26
14
16
45
13
12
12
18
19
26
15
13
17
19
16
17
26
19
19
11
15
23
16
14
20
17
17
13
11
17
17
38
19
19
21
20
14
16
13
11
23
16
28
22
19
14
23
26
19
20
19
22
17
21
15
20
19
14
14
9
12
24
25
22
19
26
19
19
15
14
16
25
25
22
24
22
20
13
20
18
41
17
24
21
15
19
23
15
23
19
22
16
8
n 40 k 3
16
23
25
18
18
27
19
20
37
21
25
22
20
18
19
19
21
21
26
23
25
17
44
27
32
17
24
17
16
21
33
18
16
24
21
25
28
30
25
26
33
29
24
23
28
20
28
32
33
19
23
25
28
37
36
21
22
24
22
26
15
34
19
18
28
28
21
19
22
25
19
23
24
19
30
21
23
24
23
28
18
19
19
20
20
19
28
27
17
19
26
21
30
26
21
27
26
25
26
30
n 50 k 3
31
36
25
41
33
28
39
23
29
36
34
31
33
21
31
26
25
23
41
29
35
72
30
40
35
36
35
27
30
37
31
27
30
31
27
32
33
25
28
37
25
25
28
26
44
32
25
43
28
37
33
27
35
31
38
26
26
30
33
34
30
22
26
29
24
38
29
122
37
32
35
37
36
24
28
35
44
34
43
38
28
25
34
31
31
27
27
30
34
37
30
35
29
30
28
29
49
37
25
30
n 60 k 3
38
31
27
32
29
46
46
44
32
36
42
27
34
34
33
82
40
33
41
34
42
28
32
43
41
39
38
33
31
30
39
38
36
113
41
36
27
29
39
33
30
34
36
36
30
38
34
31
63
37
44
39
31
41
30
44
41
50
35
36
27
42
28
38
64
35
32
45
45
40
38
79
44
29
35
48
35
43
114
35
34
33
44
55
26
40
42
35
39
35
31
36
42
40
32
36
28
37
32
32
n 70 k 3
46
34
57
68
50
41
50
40
204
39
39
56
44
52
50
44
40
46
47
47
44
43
46
51
35
48
140
46
42
39
55
29
43
40
34
40
38
40
38
46
39
50
33
39
47
37
37
92
45
37
48
37
48
48
37
50
28
39
50
44
59
46
53
42
58
43
41
44
77
41
50
46
50
58
39
50
44
55
53
41
60
45
37
37
45
40
40
45
50
41
37
47
52
50
38
47
115
29
39
37
n 80 k 3
60
43
50
51
57
54
54
41
48
59
180
39
42
46
52
44
43
52
56
64
41
40
64
37
50
50
45
49
52
60
48
55
71
38
38
53
55
46
54
41
51
56
57
44
39
47
48
60
46
65
55
50
48
55
60
43
54
47
45
57
63
56
45
43
43
45
71
61
41
41
45
49
67
48
46
55
55
49
44
41
59
44
41
69
52
40
40
53
62
43
69
65
42
54
54
43
45
46
42
54
n 90 k 3
70
55
55
66
46
64
96
65
53
53
60
65
55
76
39
43
67
68
59
46
50
58
56
59
48
51
53
51
47
49
54
57
47
46
42
60
64
48
58
56
54
65
60
51
44
72
51
70
49
53
56
60
52
46
60
52
67
53
52
58
58
60
63
169
75
53
72
49
58
54
47
70
59
57
71
56
52
46
56
46
47
53
57
60
61
70
62
130
52
64
60
60
54
46
52
61
51
44
52
50
n 100 k 3
56
69
66
73
63
60
77
53
51
74
57
74
57
79
60
65
61
105
52
62
60
50
49
76
45
68
60
57
61
63
55
61
52
58
64
70
125
65
52
86
61
55
190
56
68
67
60
56
72
66
46
71
68
65
64
70
67
70
52
56
57
85
59
68
65
67
62
75
53
75
55
59
70
64
72
55
53
82
55
71
57
64
61
61
61
64
136
72
65
52
71
54
69
61
54
50
56
75
64
62
n 20 k 4
10
20
14
16
10
16
20
15
11
12
16
7
12
10
16
18
31
11
16
8
10
14
16
15
8
16
23
10
21
11
28
15
10
9
23
19
7
15
14
15
10
18
13
8
18
10
16
16
56
7
18
11
4
14
9
17
9
12
6
20
21
17
25
10
10
12
11
17
14
27
13
9
12
17
21
29
15
6
12
21
9
12
12
16
23
18
19
11
23
10
14
20
14
20
14
9
14
18
18
11
n 30 k 4
35
22
12
25
32
17
32
31
21
28
23
24
26
15
34
53
20
25
35
24
21
16
32
36
30
17
16
12
13
16
13
53
27
36
34
36
31
18
21
28
20
30
25
24
23
43
34
16
29
26
20
18
42
24
18
28
16
26
18
34
19
52
20
31
25
17
22
40
12
34
25
23
30
18
32
25
26
31
15
23
40
15
31
19
29
26
16
23
25
22
35
31
18
31
32
23
29
16
14
36
n 40 k 4
47
40
42
32
32
29
28
43
21
44
27
31
17
19
33
25
46
30
34
28
23
27
42
39
24
47
27
38
35
22
28
29
27
20
74
21
35
19
24
25
26
26
39
23
27
30
23
34
25
39
41
39
22
47
41
37
27
30
26
31
33
35
26
21
23
23
23
25
38
42
32
41
34
31
39
27
36
21
25
22
21
24
21
23
48
41
23
24
27
24
25
18
26
38
21
25
29
27
47
27
n 50 k 4
34
60
49
45
35
39
37
54
41
26
28
33
32
48
31
28
31
29
34
39
43
48
36
43
37
55
54
25
29
47
36
36
39
52
49
57
41
36
43
35
30
28
53
30
37
50
32
33
61
42
52
22
34
44
31
30
30
40
31
34
55
41
48
37
43
33
40
47
46
38
49
38
38
38
33
36
40
37
62
41
34
47
33
37
26
37
49
26
49
32
37
42
48
43
23
52
27
39
46
54
n 60 k 4
57
53
38
29
35
37
59
35
53
52
48
34
48
47
53
41
52
47
49
39
43
74
51
72
47
39
40
83
54
63
47
66
62
69
56
46
36
52
45
34
59
52
41
33
47
55
63
40
34
50
37
27
38
46
44
22
42
50
44
43
34
43
68
39
51
56
39
49
40
50
74
39
49
53
70
32
35
49
49
35
38
48
61
46
28
44
48
44
37
48
45
57
65
82
46
67
45
54
58
59
n 70 k 4
51
60
77
41
67
73
65
40
68
40
50
44
58
37
64
34
34
62
55
43
50
54
55
68
47
44
34
35
70
59
48
35
36
51
50
53
33
58
45
51
59
58
45
45
50
53
66
59
52
79
60
45
46
49
45
52
51
69
41
69
46
54
71
58
64
43
77
523
66
44
43
82
54
43
59
63
61
52
41
81
82
65
46
51
62
63
48
43
69
52
58
45
65
57
48
59
55
60
60
58
n 80 k 4
75
79
71
55
65
68
59
73
51
77
54
60
60
61
56
80
58
48
48
66
64
74
58
101
55
63
75
111
56
50
47
54
48
55
58
80
71
53
61
47
93
82
59
46
124
61
51
81
56
45
71
67
61
73
68
44
60
64
57
88
80
53
48
68
55
78
44
100
79
50
58
74
65
65
83
77
43
54
62
66
62
42
47
83
66
46
53
49
49
84
41
77
62
57
58
55
65
57
55
62
n 90 k 4
55
59
74
72
47
85
65
81
71
62
82
58
537
63
61
63
54
82
80
56
89
98
68
73
77
60
55
95
70
65
65
78
71
72
102
89
80
81
67
80
67
52
63
92
75
56
90
79
63
62
62
59
84
210
74
66
60
61
73
84
52
68
99
77
77
73
69
83
65
77
73
76
53
84
98
86
56
51
63
78
63
65
61
50
82
80
71
93
50
145
69
71
57
66
86
59
84
78
59
81
n 100 k 4
71
91
137
98
58
76
76
91
70
59
56
79
74
101
88
86
90
67
61
76
86
73
77
534
61
62
89
108
133
99
52
80
73
72
85
77
59
58
78
94
85
93
77
86
95
72
91
98
80
100
67
92
83
90
102
115
79
79
59
76
67
99
42
60
86
81
82
63
118
71
82
81
82
94
56
89
96
71
75
101
83
70
86
57
82
63
62
90
77
66
66
64
73
114
90
81
85
61
87
76
n 20 k 5
14
457
29
34
16
23
11
12
37
20
16
9
9
12
27
8
24
11
280
31
16
23
10
29
11
9
40
40
27
20
12
7
10
458
12
9
22
14
43
17
10
21
20
17
41
27
15
8
5
13
23
15
12
27
33
19
10
18
24
16
31
5
9
15
5
25
60
17
7
13
6
10
17
31
10
19
19
30
15
28
14
20
38
31
29
31
10
4
19
305
12
29
47
19
22
11
21
59
419
21
n 30 k 5
36
37
38
25
20
23
56
35
65
25
25
28
34
35
45
26
33
29
17
16
10
40
42
16
34
26
34
20
42
16
34
19
27
26
66
47
46
26
29
21
36
45
30
11
51
22
29
23
25
55
47
46
73
15
19
73
21
44
33
70
16
10
33
18
37
22
22
19
23
35
17
59
26
20
24
15
22
26
26
28
48
53
21
28
20
25
42
82
17
38
41
27
55
38
32
22
18
24
33
57
n 40 k 5
37
32
39
24
56
23
35
38
28
26
37
32
37
40
54
43
27
43
32
40
36
34
56
64
33
43
24
45
28
25
44
54
57
45
46
31
60
36
29
31
37
30
39
30
41
25
50
32
36
88
37
28
45
47
40
22
31
54
35
36
491
76
58
22
56
43
29
38
71
25
35
52
32
32
53
85
34
31
62
52
48
44
35
34
16
46
61
28
486
33
32
24
46
35
26
68
36
35
49
36
n 50 k 5
49
35
42
47
44
40
38
41
41
45
34
39
43
27
47
75
60
33
79
53
35
56
52
49
31
43
38
43
48
23
36
43
41
43
31
47
33
42
38
37
80
32
33
41
45
90
65
28
41
75
43
46
48
41
67
36
70
44
38
31
47
41
45
54
54
39
30
37
44
38
62
48
23
57
50
86
36
44
53
38
37
58
43
59
73
31
32
34
45
69
36
42
59
40
37
90
41
23
42
66
n 60 k 5
52
61
54
39
73
52
78
85
36
58
56
37
50
87
75
61
73
76
97
40
74
52
53
58
51
98
73
73
72
104
72
45
41
83
49
92
56
55
81
66
57
60
55
80
82
53
49
65
33
51
61
52
66
47
61
50
48
42
59
80
72
46
56
37
60
46
52
72
69
38
54
80
61
54
36
49
74
84
37
53
49
86
81
38
53
51
53
51
70
60
65
56
66
61
61
54
48
66
70
50
n 70 k 5
58
70
57
94
76
83
52
114
61
100
90
49
70
82
68
77
99
51
81
71
53
57
61
88
111
57
51
48
83
71
58
518
53
82
89
78
90
56
29
68
53
78
72
94
65
51
62
46
70
62
73
93
51
82
60
116
103
57
118
75
81
115
84
49
63
95
94
83
42
64
81
44
43
52
79
43
70
68
50
67
74
87
75
88
57
46
87
55
98
53
58
74
52
50
62
53
61
110
46
85
n 80 k 5
110
57
83
70
173
98
160
86
69
66
75
69
86
63
58
75
101
97
155
71
92
40
61
78
81
63
92
86
87
87
76
80
73
96
46
111
86
102
98
70
73
49
72
59
80
67
64
115
111
94
71
98
97
60
62
71
75
72
94
100
99
72
63
74
39
62
94
115
107
68
138
61
97
147
76
75
63
71
86
67
141
85
83
74
68
80
70
45
78
86
79
63
93
119
81
107
100
91
120
80
n 90 k 5
79
89
64
98
91
112
70
96
71
139
104
42
167
84
134
100
101
101
63
81
95
87
90
162
72
109
74
71
116
57
89
93
97
80
84
112
84
75
80
90
64
68
132
81
86
84
90
86
122
83
102
152
82
69
88
73
70
89
69
79
71
87
71
79
100
72
77
129
87
71
59
104
66
83
68
72
81
91
78
74
65
76
76
125
160
84
90
77
115
122
115
78
51
79
106
103
145
92
48
87
n 100 k 5
105
97
68
112
67
103
68
127
116
115
79
72
117
99
132
112
106
71
84
118
77
92
93
102
77
99
118
123
86
116
108
125
75
70
75
81
117
73
73
78
107
85
75
114
102
137
94
92
528
63
115
80
111
90
68
84
95
83
109
103
101
83
100
79
89
153
67
92
101
100
123
145
99
94
80
117
70
91
90
73
118
95
135
146
77
100
70
113
70
84
101
75
106
73
125
98
95
102
88
118
n 20 k 6
27
53
33
15
29
22
70
23
12
20
51
32
23
37
31
10
69
30
10
27
16
9
17
6
16
35
12
14
28
17
50
19
42
28
11
18
28
34
23
32
13
8
8
17
13
35
23
19
471
31
14
70
12
15
6
33
11
24
15
17
17
13
73
16
12
11
10
12
47
13
20
16
38
53
25
32
12
50
15
461
26
40
17
25
39
20
5
19
36
22
37
54
7
35
12
10
11
23
6
32
n 30 k 6
193
25
45
28
33
8
23
27
46
113
17
13
27
90
59
36
49
32
38
22
25
54
35
30
39
122
144
19
33
29
28
10
66
25
67
10
31
28
38
48
24
45
46
30
18
32
22
45
22
29
21
21
26
43
16
54
46
30
45
37
15
61
25
23
40
167
101
40
54
18
56
31
54
134
24
28
14
37
51
30
64
17
20
49
69
32
30
19
24
13
30
29
22
24
189
53
28
30
22
34
n 40 k 6
25
48
40
23
43
29
19
49
25
29
26
33
23
58
38
57
41
60
42
21
49
69
37
30
26
48
61
28
71
33
31
26
21
76
41
40
49
62
44
74
46
36
90
87
101
23
76
25
31
50
104
34
51
20
30
48
38
36
33
73
106
49
33
43
42
36
42
61
34
51
57
21
208
110
48
54
67
52
53
38
35
34
46
55
85
33
64
50
35
43
57
92
47
217
49
24
22
39
32
47
n 50 k 6
57
91
69
65
43
62
38
38
67
55
71
54
47
93
39
71
86
54
44
39
50
53
42
54
71
85
58
34
81
40
28
43
116
80
40
53
35
35
100
55
35
72
47
42
45
135
78
47
37
65
49
96
38
86
89
53
55
94
44
45
48
55
91
54
19
53
58
40
68
101
59
26
57
99
69
70
32
54
63
89
34
70
44
96
63
101
52
65
47
33
48
30
93
29
130
65
131
65
63
34
n 60 k 6
63
67
46
56
121
63
79
80
59
109
56
48
124
101
106
35
127
48
54
89
38
65
68
57
58
85
71
115
47
142
30
62
50
113
85
52
85
38
90
54
68
85
54
87
62
92
71
50
132
54
146
76
517
78
53
123
68
47
81
59
57
55
68
112
51
41
43
102
61
74
53
40
76
94
74
79
61
71
122
85
55
74
68
58
82
56
92
38
46
122
65
35
73
49
87
157
49
86
33
57
n 70 k 6
105
101
115
72
82
136
56
68
113
109
85
85
40
74
133
117
98
95
70
93
118
50
94
95
50
63
40
54
76
99
73
93
90
74
111
102
75
82
85
71
147
78
46
47
161
38
87
115
93
63
56
141
61
105
45
55
134
37
98
67
81
110
77
114
126
81
66
112
74
119
77
59
49
113
72
71
78
119
54
69
112
123
47
111
106
83
49
54
48
59
96
70
63
123
75
75
124
67
57
59
n 80 k 6
126
82
87
80
77
107
74
71
110
92
92
99
81
61
77
54
148
97
117
86
72
114
96
88
103
90
73
84
121
68
89
138
142
54
100
53
84
104
61
105
114
80
87
58
76
79
141
98
54
82
56
94
152
76
98
105
114
100
120
67
119
166
115
57
80
115
121
82
59
108
85
97
118
141
55
51
92
98
95
55
69
62
142
74
112
188
82
95
76
71
64
119
145
136
60
75
78
106
48
82
n 90 k 6
103
149
113
58
143
105
95
86
182
86
75
138
163
96
137
151
108
123
93
99
86
210
148
71
94
80
71
103
70
121
64
110
157
158
142
105
104
181
145
150
94
126
88
155
115
131
143
57
109
109
89
86
106
79
219
131
71
122
100
135
96
87
81
133
80
88
114
91
116
70
114
141
150
166
67
163
125
83
71
53
169
121
119
115
134
70
73
81
140
77
79
64
175
139
95
104
56
118
104
124
n 100 k 6
160
159
101
133
111
141
101
137
184
159
90
141
88
103
146
111
95
99
88
168
113
116
119
124
104
158
124
72
140
129
143
122
144
111
116
92
125
79
142
122
106
117
74
105
197
76
106
123
155
130
113
127
84
114
101
112
103
109
131
112
163
152
127
174
82
136
152
95
66
112
85
112
72
91
88
92
109
117
82
108
158
77
138
61
125
130
166
96
168
133
132
175
112
181
70
108
106
108
139
174
